[2024-11-18T14:48:16.503+0000] {processor.py:157} INFO - Started process (PID=1578) to work on /opt/airflow/dags/dag.py
[2024-11-18T14:48:16.504+0000] {processor.py:829} INFO - Processing file /opt/airflow/dags/dag.py for tasks to queue
[2024-11-18T14:48:16.507+0000] {logging_mixin.py:151} INFO - [2024-11-18T14:48:16.507+0000] {dagbag.py:536} INFO - Filling up the DagBag from /opt/airflow/dags/dag.py
[2024-11-18T14:48:16.536+0000] {logging_mixin.py:151} INFO - [2024-11-18T14:48:16.531+0000] {dagbag.py:346} ERROR - Failed to import: /opt/airflow/dags/dag.py
Traceback (most recent call last):
  File "/home/airflow/.local/lib/python3.8/site-packages/airflow/models/dagbag.py", line 342, in parse
    loader.exec_module(new_module)
  File "<frozen importlib._bootstrap_external>", line 843, in exec_module
  File "<frozen importlib._bootstrap>", line 219, in _call_with_frames_removed
  File "/opt/airflow/dags/dag.py", line 9, in <module>
    default_args
NameError: name 'default_args' is not defined
[2024-11-18T14:48:16.538+0000] {processor.py:841} WARNING - No viable dags retrieved from /opt/airflow/dags/dag.py
[2024-11-18T14:48:16.567+0000] {processor.py:179} INFO - Processing /opt/airflow/dags/dag.py took 0.069 seconds
[2024-11-18T14:48:47.765+0000] {processor.py:157} INFO - Started process (PID=1625) to work on /opt/airflow/dags/dag.py
[2024-11-18T14:48:47.767+0000] {processor.py:829} INFO - Processing file /opt/airflow/dags/dag.py for tasks to queue
[2024-11-18T14:48:47.772+0000] {logging_mixin.py:151} INFO - [2024-11-18T14:48:47.771+0000] {dagbag.py:536} INFO - Filling up the DagBag from /opt/airflow/dags/dag.py
[2024-11-18T14:48:47.797+0000] {logging_mixin.py:151} INFO - [2024-11-18T14:48:47.791+0000] {dagbag.py:346} ERROR - Failed to import: /opt/airflow/dags/dag.py
Traceback (most recent call last):
  File "/home/airflow/.local/lib/python3.8/site-packages/airflow/models/dagbag.py", line 342, in parse
    loader.exec_module(new_module)
  File "<frozen importlib._bootstrap_external>", line 843, in exec_module
  File "<frozen importlib._bootstrap>", line 219, in _call_with_frames_removed
  File "/opt/airflow/dags/dag.py", line 9, in <module>
    default_args
NameError: name 'default_args' is not defined
[2024-11-18T14:48:47.800+0000] {processor.py:841} WARNING - No viable dags retrieved from /opt/airflow/dags/dag.py
[2024-11-18T14:48:47.841+0000] {processor.py:179} INFO - Processing /opt/airflow/dags/dag.py took 0.082 seconds
[2024-11-18T14:49:18.764+0000] {processor.py:157} INFO - Started process (PID=1676) to work on /opt/airflow/dags/dag.py
[2024-11-18T14:49:18.766+0000] {processor.py:829} INFO - Processing file /opt/airflow/dags/dag.py for tasks to queue
[2024-11-18T14:49:18.769+0000] {logging_mixin.py:151} INFO - [2024-11-18T14:49:18.768+0000] {dagbag.py:536} INFO - Filling up the DagBag from /opt/airflow/dags/dag.py
[2024-11-18T14:49:18.788+0000] {logging_mixin.py:151} INFO - [2024-11-18T14:49:18.784+0000] {dagbag.py:346} ERROR - Failed to import: /opt/airflow/dags/dag.py
Traceback (most recent call last):
  File "/home/airflow/.local/lib/python3.8/site-packages/airflow/models/dagbag.py", line 342, in parse
    loader.exec_module(new_module)
  File "<frozen importlib._bootstrap_external>", line 843, in exec_module
  File "<frozen importlib._bootstrap>", line 219, in _call_with_frames_removed
  File "/opt/airflow/dags/dag.py", line 9, in <module>
    default_args
NameError: name 'default_args' is not defined
[2024-11-18T14:49:18.790+0000] {processor.py:841} WARNING - No viable dags retrieved from /opt/airflow/dags/dag.py
[2024-11-18T14:49:18.817+0000] {processor.py:179} INFO - Processing /opt/airflow/dags/dag.py took 0.057 seconds
[2024-11-18T14:49:39.259+0000] {processor.py:157} INFO - Started process (PID=1696) to work on /opt/airflow/dags/dag.py
[2024-11-18T14:49:39.261+0000] {processor.py:829} INFO - Processing file /opt/airflow/dags/dag.py for tasks to queue
[2024-11-18T14:49:39.264+0000] {logging_mixin.py:151} INFO - [2024-11-18T14:49:39.263+0000] {dagbag.py:536} INFO - Filling up the DagBag from /opt/airflow/dags/dag.py
[2024-11-18T14:49:39.293+0000] {processor.py:841} WARNING - No viable dags retrieved from /opt/airflow/dags/dag.py
[2024-11-18T14:49:39.313+0000] {processor.py:179} INFO - Processing /opt/airflow/dags/dag.py took 0.059 seconds
[2024-11-18T14:49:42.310+0000] {processor.py:157} INFO - Started process (PID=1697) to work on /opt/airflow/dags/dag.py
[2024-11-18T14:49:42.311+0000] {processor.py:829} INFO - Processing file /opt/airflow/dags/dag.py for tasks to queue
[2024-11-18T14:49:42.315+0000] {logging_mixin.py:151} INFO - [2024-11-18T14:49:42.314+0000] {dagbag.py:536} INFO - Filling up the DagBag from /opt/airflow/dags/dag.py
[2024-11-18T14:49:42.343+0000] {processor.py:841} WARNING - No viable dags retrieved from /opt/airflow/dags/dag.py
[2024-11-18T14:49:42.361+0000] {processor.py:179} INFO - Processing /opt/airflow/dags/dag.py took 0.057 seconds
[2024-11-18T14:49:53.728+0000] {processor.py:157} INFO - Started process (PID=1745) to work on /opt/airflow/dags/dag.py
[2024-11-18T14:49:53.730+0000] {processor.py:829} INFO - Processing file /opt/airflow/dags/dag.py for tasks to queue
[2024-11-18T14:49:53.733+0000] {logging_mixin.py:151} INFO - [2024-11-18T14:49:53.733+0000] {dagbag.py:536} INFO - Filling up the DagBag from /opt/airflow/dags/dag.py
[2024-11-18T14:49:53.762+0000] {processor.py:841} WARNING - No viable dags retrieved from /opt/airflow/dags/dag.py
[2024-11-18T14:49:53.783+0000] {processor.py:179} INFO - Processing /opt/airflow/dags/dag.py took 0.059 seconds
[2024-11-18T14:50:03.826+0000] {processor.py:157} INFO - Started process (PID=1753) to work on /opt/airflow/dags/dag.py
[2024-11-18T14:50:03.827+0000] {processor.py:829} INFO - Processing file /opt/airflow/dags/dag.py for tasks to queue
[2024-11-18T14:50:03.832+0000] {logging_mixin.py:151} INFO - [2024-11-18T14:50:03.831+0000] {dagbag.py:536} INFO - Filling up the DagBag from /opt/airflow/dags/dag.py
[2024-11-18T14:50:03.849+0000] {logging_mixin.py:151} INFO - [2024-11-18T14:50:03.848+0000] {dagbag.py:346} ERROR - Failed to import: /opt/airflow/dags/dag.py
Traceback (most recent call last):
  File "/home/airflow/.local/lib/python3.8/site-packages/airflow/models/dagbag.py", line 342, in parse
    loader.exec_module(new_module)
  File "<frozen importlib._bootstrap_external>", line 839, in exec_module
  File "<frozen importlib._bootstrap_external>", line 976, in get_code
  File "<frozen importlib._bootstrap_external>", line 906, in source_to_code
  File "<frozen importlib._bootstrap>", line 219, in _call_with_frames_removed
  File "/opt/airflow/dags/dag.py", line 13
    }
    ^
SyntaxError: invalid syntax
[2024-11-18T14:50:03.850+0000] {processor.py:841} WARNING - No viable dags retrieved from /opt/airflow/dags/dag.py
[2024-11-18T14:50:03.883+0000] {processor.py:179} INFO - Processing /opt/airflow/dags/dag.py took 0.061 seconds
[2024-11-18T14:50:09.967+0000] {processor.py:157} INFO - Started process (PID=1754) to work on /opt/airflow/dags/dag.py
[2024-11-18T14:50:09.969+0000] {processor.py:829} INFO - Processing file /opt/airflow/dags/dag.py for tasks to queue
[2024-11-18T14:50:09.972+0000] {logging_mixin.py:151} INFO - [2024-11-18T14:50:09.971+0000] {dagbag.py:536} INFO - Filling up the DagBag from /opt/airflow/dags/dag.py
[2024-11-18T14:50:10.003+0000] {logging_mixin.py:151} INFO - [2024-11-18T14:50:09.998+0000] {dagbag.py:346} ERROR - Failed to import: /opt/airflow/dags/dag.py
Traceback (most recent call last):
  File "/home/airflow/.local/lib/python3.8/site-packages/airflow/models/dagbag.py", line 342, in parse
    loader.exec_module(new_module)
  File "<frozen importlib._bootstrap_external>", line 843, in exec_module
  File "<frozen importlib._bootstrap>", line 219, in _call_with_frames_removed
  File "/opt/airflow/dags/dag.py", line 12, in <module>
    'start_date': dateTime
NameError: name 'dateTime' is not defined
[2024-11-18T14:50:10.005+0000] {processor.py:841} WARNING - No viable dags retrieved from /opt/airflow/dags/dag.py
[2024-11-18T14:50:10.031+0000] {processor.py:179} INFO - Processing /opt/airflow/dags/dag.py took 0.067 seconds
[2024-11-18T14:50:15.038+0000] {processor.py:157} INFO - Started process (PID=1755) to work on /opt/airflow/dags/dag.py
[2024-11-18T14:50:15.039+0000] {processor.py:829} INFO - Processing file /opt/airflow/dags/dag.py for tasks to queue
[2024-11-18T14:50:15.043+0000] {logging_mixin.py:151} INFO - [2024-11-18T14:50:15.043+0000] {dagbag.py:536} INFO - Filling up the DagBag from /opt/airflow/dags/dag.py
[2024-11-18T14:50:15.076+0000] {logging_mixin.py:151} INFO - [2024-11-18T14:50:15.071+0000] {dagbag.py:346} ERROR - Failed to import: /opt/airflow/dags/dag.py
Traceback (most recent call last):
  File "/home/airflow/.local/lib/python3.8/site-packages/airflow/models/dagbag.py", line 342, in parse
    loader.exec_module(new_module)
  File "<frozen importlib._bootstrap_external>", line 843, in exec_module
  File "<frozen importlib._bootstrap>", line 219, in _call_with_frames_removed
  File "/opt/airflow/dags/dag.py", line 12, in <module>
    'start_date': dateTime(2024, 6, 20)
NameError: name 'dateTime' is not defined
[2024-11-18T14:50:15.077+0000] {processor.py:841} WARNING - No viable dags retrieved from /opt/airflow/dags/dag.py
[2024-11-18T14:50:15.103+0000] {processor.py:179} INFO - Processing /opt/airflow/dags/dag.py took 0.070 seconds
[2024-11-18T14:50:21.489+0000] {processor.py:157} INFO - Started process (PID=1756) to work on /opt/airflow/dags/dag.py
[2024-11-18T14:50:21.491+0000] {processor.py:829} INFO - Processing file /opt/airflow/dags/dag.py for tasks to queue
[2024-11-18T14:50:21.494+0000] {logging_mixin.py:151} INFO - [2024-11-18T14:50:21.494+0000] {dagbag.py:536} INFO - Filling up the DagBag from /opt/airflow/dags/dag.py
[2024-11-18T14:50:21.527+0000] {logging_mixin.py:151} INFO - [2024-11-18T14:50:21.522+0000] {dagbag.py:346} ERROR - Failed to import: /opt/airflow/dags/dag.py
Traceback (most recent call last):
  File "/home/airflow/.local/lib/python3.8/site-packages/airflow/models/dagbag.py", line 342, in parse
    loader.exec_module(new_module)
  File "<frozen importlib._bootstrap_external>", line 843, in exec_module
  File "<frozen importlib._bootstrap>", line 219, in _call_with_frames_removed
  File "/opt/airflow/dags/dag.py", line 12, in <module>
    'start_date': dateTime(2024, 6, 20),
NameError: name 'dateTime' is not defined
[2024-11-18T14:50:21.529+0000] {processor.py:841} WARNING - No viable dags retrieved from /opt/airflow/dags/dag.py
[2024-11-18T14:50:21.555+0000] {processor.py:179} INFO - Processing /opt/airflow/dags/dag.py took 0.071 seconds
[2024-11-18T14:50:34.544+0000] {processor.py:157} INFO - Started process (PID=1811) to work on /opt/airflow/dags/dag.py
[2024-11-18T14:50:34.546+0000] {processor.py:829} INFO - Processing file /opt/airflow/dags/dag.py for tasks to queue
[2024-11-18T14:50:34.551+0000] {logging_mixin.py:151} INFO - [2024-11-18T14:50:34.550+0000] {dagbag.py:536} INFO - Filling up the DagBag from /opt/airflow/dags/dag.py
[2024-11-18T14:50:34.580+0000] {logging_mixin.py:151} INFO - [2024-11-18T14:50:34.578+0000] {dagbag.py:346} ERROR - Failed to import: /opt/airflow/dags/dag.py
Traceback (most recent call last):
  File "/home/airflow/.local/lib/python3.8/site-packages/airflow/models/dagbag.py", line 342, in parse
    loader.exec_module(new_module)
  File "<frozen importlib._bootstrap_external>", line 839, in exec_module
  File "<frozen importlib._bootstrap_external>", line 976, in get_code
  File "<frozen importlib._bootstrap_external>", line 906, in source_to_code
  File "<frozen importlib._bootstrap>", line 219, in _call_with_frames_removed
  File "/opt/airflow/dags/dag.py", line 14
    }
    ^
SyntaxError: invalid syntax
[2024-11-18T14:50:34.581+0000] {processor.py:841} WARNING - No viable dags retrieved from /opt/airflow/dags/dag.py
[2024-11-18T14:50:34.613+0000] {processor.py:179} INFO - Processing /opt/airflow/dags/dag.py took 0.075 seconds
[2024-11-18T14:50:39.598+0000] {processor.py:157} INFO - Started process (PID=1812) to work on /opt/airflow/dags/dag.py
[2024-11-18T14:50:39.599+0000] {processor.py:829} INFO - Processing file /opt/airflow/dags/dag.py for tasks to queue
[2024-11-18T14:50:39.603+0000] {logging_mixin.py:151} INFO - [2024-11-18T14:50:39.602+0000] {dagbag.py:536} INFO - Filling up the DagBag from /opt/airflow/dags/dag.py
[2024-11-18T14:50:39.634+0000] {logging_mixin.py:151} INFO - [2024-11-18T14:50:39.628+0000] {dagbag.py:346} ERROR - Failed to import: /opt/airflow/dags/dag.py
Traceback (most recent call last):
  File "/home/airflow/.local/lib/python3.8/site-packages/airflow/models/dagbag.py", line 342, in parse
    loader.exec_module(new_module)
  File "<frozen importlib._bootstrap_external>", line 843, in exec_module
  File "<frozen importlib._bootstrap>", line 219, in _call_with_frames_removed
  File "/opt/airflow/dags/dag.py", line 12, in <module>
    'start_date': datetime(2024, 6, 20),
NameError: name 'datetime' is not defined
[2024-11-18T14:50:39.635+0000] {processor.py:841} WARNING - No viable dags retrieved from /opt/airflow/dags/dag.py
[2024-11-18T14:50:39.667+0000] {processor.py:179} INFO - Processing /opt/airflow/dags/dag.py took 0.074 seconds
[2024-11-18T14:50:48.812+0000] {processor.py:157} INFO - Started process (PID=1813) to work on /opt/airflow/dags/dag.py
[2024-11-18T14:50:48.813+0000] {processor.py:829} INFO - Processing file /opt/airflow/dags/dag.py for tasks to queue
[2024-11-18T14:50:48.816+0000] {logging_mixin.py:151} INFO - [2024-11-18T14:50:48.816+0000] {dagbag.py:536} INFO - Filling up the DagBag from /opt/airflow/dags/dag.py
[2024-11-18T14:50:48.841+0000] {processor.py:841} WARNING - No viable dags retrieved from /opt/airflow/dags/dag.py
[2024-11-18T14:50:48.860+0000] {processor.py:179} INFO - Processing /opt/airflow/dags/dag.py took 0.053 seconds
[2024-11-18T14:51:00.112+0000] {processor.py:157} INFO - Started process (PID=1857) to work on /opt/airflow/dags/dag.py
[2024-11-18T14:51:00.114+0000] {processor.py:829} INFO - Processing file /opt/airflow/dags/dag.py for tasks to queue
[2024-11-18T14:51:00.118+0000] {logging_mixin.py:151} INFO - [2024-11-18T14:51:00.117+0000] {dagbag.py:536} INFO - Filling up the DagBag from /opt/airflow/dags/dag.py
[2024-11-18T14:51:00.158+0000] {processor.py:841} WARNING - No viable dags retrieved from /opt/airflow/dags/dag.py
[2024-11-18T14:51:00.184+0000] {processor.py:179} INFO - Processing /opt/airflow/dags/dag.py took 0.077 seconds
[2024-11-18T14:51:06.703+0000] {processor.py:157} INFO - Started process (PID=1862) to work on /opt/airflow/dags/dag.py
[2024-11-18T14:51:06.704+0000] {processor.py:829} INFO - Processing file /opt/airflow/dags/dag.py for tasks to queue
[2024-11-18T14:51:06.707+0000] {logging_mixin.py:151} INFO - [2024-11-18T14:51:06.707+0000] {dagbag.py:536} INFO - Filling up the DagBag from /opt/airflow/dags/dag.py
[2024-11-18T14:51:06.724+0000] {logging_mixin.py:151} INFO - [2024-11-18T14:51:06.723+0000] {dagbag.py:346} ERROR - Failed to import: /opt/airflow/dags/dag.py
Traceback (most recent call last):
  File "/home/airflow/.local/lib/python3.8/site-packages/airflow/models/dagbag.py", line 342, in parse
    loader.exec_module(new_module)
  File "<frozen importlib._bootstrap_external>", line 839, in exec_module
  File "<frozen importlib._bootstrap_external>", line 976, in get_code
  File "<frozen importlib._bootstrap_external>", line 906, in source_to_code
  File "<frozen importlib._bootstrap>", line 219, in _call_with_frames_removed
  File "/opt/airflow/dags/dag.py", line 18
    dag = DAG(
             ^
SyntaxError: unexpected EOF while parsing
[2024-11-18T14:51:06.725+0000] {processor.py:841} WARNING - No viable dags retrieved from /opt/airflow/dags/dag.py
[2024-11-18T14:51:06.754+0000] {processor.py:179} INFO - Processing /opt/airflow/dags/dag.py took 0.057 seconds
[2024-11-18T14:51:12.779+0000] {processor.py:157} INFO - Started process (PID=1870) to work on /opt/airflow/dags/dag.py
[2024-11-18T14:51:12.781+0000] {processor.py:829} INFO - Processing file /opt/airflow/dags/dag.py for tasks to queue
[2024-11-18T14:51:12.784+0000] {logging_mixin.py:151} INFO - [2024-11-18T14:51:12.783+0000] {dagbag.py:536} INFO - Filling up the DagBag from /opt/airflow/dags/dag.py
[2024-11-18T14:51:12.814+0000] {logging_mixin.py:151} INFO - [2024-11-18T14:51:12.809+0000] {dagbag.py:346} ERROR - Failed to import: /opt/airflow/dags/dag.py
Traceback (most recent call last):
  File "/home/airflow/.local/lib/python3.8/site-packages/airflow/models/dagbag.py", line 342, in parse
    loader.exec_module(new_module)
  File "<frozen importlib._bootstrap_external>", line 843, in exec_module
  File "<frozen importlib._bootstrap>", line 219, in _call_with_frames_removed
  File "/opt/airflow/dags/dag.py", line 18, in <module>
    dag = DAG()
TypeError: __init__() missing 1 required positional argument: 'dag_id'
[2024-11-18T14:51:12.816+0000] {processor.py:841} WARNING - No viable dags retrieved from /opt/airflow/dags/dag.py
[2024-11-18T14:51:12.846+0000] {processor.py:179} INFO - Processing /opt/airflow/dags/dag.py took 0.073 seconds
[2024-11-18T14:51:22.942+0000] {processor.py:157} INFO - Started process (PID=1871) to work on /opt/airflow/dags/dag.py
[2024-11-18T14:51:22.943+0000] {processor.py:829} INFO - Processing file /opt/airflow/dags/dag.py for tasks to queue
[2024-11-18T14:51:22.947+0000] {logging_mixin.py:151} INFO - [2024-11-18T14:51:22.947+0000] {dagbag.py:536} INFO - Filling up the DagBag from /opt/airflow/dags/dag.py
[2024-11-18T14:51:22.986+0000] {logging_mixin.py:151} INFO - [2024-11-18T14:51:22.977+0000] {dagbag.py:346} ERROR - Failed to import: /opt/airflow/dags/dag.py
Traceback (most recent call last):
  File "/home/airflow/.local/lib/python3.8/site-packages/airflow/models/dagbag.py", line 342, in parse
    loader.exec_module(new_module)
  File "<frozen importlib._bootstrap_external>", line 843, in exec_module
  File "<frozen importlib._bootstrap>", line 219, in _call_with_frames_removed
  File "/opt/airflow/dags/dag.py", line 18, in <module>
    dag = DAG(
  File "/home/airflow/.local/lib/python3.8/site-packages/airflow/models/dag.py", line 493, in __init__
    validate_key(dag_id)
  File "/home/airflow/.local/lib/python3.8/site-packages/airflow/utils/helpers.py", line 57, in validate_key
    raise AirflowException(
airflow.exceptions.AirflowException: The key 'fetch movie data' has to be made of alphanumeric characters, dashes, dots and underscores exclusively
[2024-11-18T14:51:22.987+0000] {processor.py:841} WARNING - No viable dags retrieved from /opt/airflow/dags/dag.py
[2024-11-18T14:51:23.013+0000] {processor.py:179} INFO - Processing /opt/airflow/dags/dag.py took 0.075 seconds
[2024-11-18T14:51:35.082+0000] {processor.py:157} INFO - Started process (PID=1919) to work on /opt/airflow/dags/dag.py
[2024-11-18T14:51:35.084+0000] {processor.py:829} INFO - Processing file /opt/airflow/dags/dag.py for tasks to queue
[2024-11-18T14:51:35.087+0000] {logging_mixin.py:151} INFO - [2024-11-18T14:51:35.087+0000] {dagbag.py:536} INFO - Filling up the DagBag from /opt/airflow/dags/dag.py
[2024-11-18T14:51:35.115+0000] {processor.py:839} INFO - DAG(s) dict_keys(['fetch_movie_data']) retrieved from /opt/airflow/dags/dag.py
[2024-11-18T14:51:35.281+0000] {logging_mixin.py:151} INFO - [2024-11-18T14:51:35.281+0000] {manager.py:499} INFO - Created Permission View: %s
[2024-11-18T14:51:35.296+0000] {logging_mixin.py:151} INFO - [2024-11-18T14:51:35.296+0000] {manager.py:499} INFO - Created Permission View: %s
[2024-11-18T14:51:35.307+0000] {logging_mixin.py:151} INFO - [2024-11-18T14:51:35.306+0000] {manager.py:499} INFO - Created Permission View: %s
[2024-11-18T14:51:35.308+0000] {logging_mixin.py:151} INFO - [2024-11-18T14:51:35.308+0000] {dag.py:2941} INFO - Sync 1 DAGs
[2024-11-18T14:51:35.327+0000] {logging_mixin.py:151} INFO - [2024-11-18T14:51:35.327+0000] {dag.py:2963} INFO - Creating ORM DAG for fetch_movie_data
[2024-11-18T14:51:35.342+0000] {logging_mixin.py:151} INFO - [2024-11-18T14:51:35.342+0000] {dag.py:3722} INFO - Setting next_dagrun for fetch_movie_data to None, run_after=None
[2024-11-18T14:51:35.369+0000] {processor.py:179} INFO - Processing /opt/airflow/dags/dag.py took 0.292 seconds
[2024-11-18T14:51:43.167+0000] {processor.py:157} INFO - Started process (PID=1927) to work on /opt/airflow/dags/dag.py
[2024-11-18T14:51:43.169+0000] {processor.py:829} INFO - Processing file /opt/airflow/dags/dag.py for tasks to queue
[2024-11-18T14:51:43.173+0000] {logging_mixin.py:151} INFO - [2024-11-18T14:51:43.172+0000] {dagbag.py:536} INFO - Filling up the DagBag from /opt/airflow/dags/dag.py
[2024-11-18T14:51:43.203+0000] {processor.py:839} INFO - DAG(s) dict_keys(['fetch_movie_data']) retrieved from /opt/airflow/dags/dag.py
[2024-11-18T14:51:43.221+0000] {logging_mixin.py:151} INFO - [2024-11-18T14:51:43.221+0000] {dag.py:2941} INFO - Sync 1 DAGs
[2024-11-18T14:51:43.257+0000] {logging_mixin.py:151} INFO - [2024-11-18T14:51:43.257+0000] {dag.py:3722} INFO - Setting next_dagrun for fetch_movie_data to None, run_after=None
[2024-11-18T14:51:43.291+0000] {processor.py:179} INFO - Processing /opt/airflow/dags/dag.py took 0.128 seconds
[2024-11-18T14:51:47.218+0000] {processor.py:157} INFO - Started process (PID=1928) to work on /opt/airflow/dags/dag.py
[2024-11-18T14:51:47.220+0000] {processor.py:829} INFO - Processing file /opt/airflow/dags/dag.py for tasks to queue
[2024-11-18T14:51:47.223+0000] {logging_mixin.py:151} INFO - [2024-11-18T14:51:47.223+0000] {dagbag.py:536} INFO - Filling up the DagBag from /opt/airflow/dags/dag.py
[2024-11-18T14:51:47.253+0000] {processor.py:839} INFO - DAG(s) dict_keys(['fetch_movie_data']) retrieved from /opt/airflow/dags/dag.py
[2024-11-18T14:51:47.271+0000] {logging_mixin.py:151} INFO - [2024-11-18T14:51:47.271+0000] {dag.py:2941} INFO - Sync 1 DAGs
[2024-11-18T14:51:47.306+0000] {logging_mixin.py:151} INFO - [2024-11-18T14:51:47.306+0000] {dag.py:3722} INFO - Setting next_dagrun for fetch_movie_data to None, run_after=None
[2024-11-18T14:51:47.338+0000] {processor.py:179} INFO - Processing /opt/airflow/dags/dag.py took 0.125 seconds
[2024-11-18T14:51:51.423+0000] {processor.py:157} INFO - Started process (PID=1929) to work on /opt/airflow/dags/dag.py
[2024-11-18T14:51:51.424+0000] {processor.py:829} INFO - Processing file /opt/airflow/dags/dag.py for tasks to queue
[2024-11-18T14:51:51.427+0000] {logging_mixin.py:151} INFO - [2024-11-18T14:51:51.427+0000] {dagbag.py:536} INFO - Filling up the DagBag from /opt/airflow/dags/dag.py
[2024-11-18T14:51:51.454+0000] {processor.py:839} INFO - DAG(s) dict_keys(['fetch_movie_data']) retrieved from /opt/airflow/dags/dag.py
[2024-11-18T14:51:51.471+0000] {logging_mixin.py:151} INFO - [2024-11-18T14:51:51.471+0000] {dag.py:2941} INFO - Sync 1 DAGs
[2024-11-18T14:51:51.505+0000] {logging_mixin.py:151} INFO - [2024-11-18T14:51:51.504+0000] {dag.py:3722} INFO - Setting next_dagrun for fetch_movie_data to None, run_after=None
[2024-11-18T14:51:51.536+0000] {processor.py:179} INFO - Processing /opt/airflow/dags/dag.py took 0.117 seconds
[2024-11-18T14:52:21.829+0000] {processor.py:157} INFO - Started process (PID=1984) to work on /opt/airflow/dags/dag.py
[2024-11-18T14:52:21.830+0000] {processor.py:829} INFO - Processing file /opt/airflow/dags/dag.py for tasks to queue
[2024-11-18T14:52:21.833+0000] {logging_mixin.py:151} INFO - [2024-11-18T14:52:21.833+0000] {dagbag.py:536} INFO - Filling up the DagBag from /opt/airflow/dags/dag.py
[2024-11-18T14:52:21.850+0000] {processor.py:839} INFO - DAG(s) dict_keys(['fetch_movie_data']) retrieved from /opt/airflow/dags/dag.py
[2024-11-18T14:52:22.014+0000] {logging_mixin.py:151} INFO - [2024-11-18T14:52:22.014+0000] {dag.py:2941} INFO - Sync 1 DAGs
[2024-11-18T14:52:22.047+0000] {logging_mixin.py:151} INFO - [2024-11-18T14:52:22.047+0000] {dag.py:3722} INFO - Setting next_dagrun for fetch_movie_data to None, run_after=None
[2024-11-18T14:52:22.076+0000] {processor.py:179} INFO - Processing /opt/airflow/dags/dag.py took 0.252 seconds
[2024-11-18T14:52:38.409+0000] {processor.py:157} INFO - Started process (PID=2027) to work on /opt/airflow/dags/dag.py
[2024-11-18T14:52:38.410+0000] {processor.py:829} INFO - Processing file /opt/airflow/dags/dag.py for tasks to queue
[2024-11-18T14:52:38.413+0000] {logging_mixin.py:151} INFO - [2024-11-18T14:52:38.413+0000] {dagbag.py:536} INFO - Filling up the DagBag from /opt/airflow/dags/dag.py
[2024-11-18T14:52:38.442+0000] {processor.py:839} INFO - DAG(s) dict_keys(['fetch_movie_data']) retrieved from /opt/airflow/dags/dag.py
[2024-11-18T14:52:38.461+0000] {logging_mixin.py:151} INFO - [2024-11-18T14:52:38.461+0000] {dag.py:2941} INFO - Sync 1 DAGs
[2024-11-18T14:52:38.495+0000] {logging_mixin.py:151} INFO - [2024-11-18T14:52:38.495+0000] {dag.py:3722} INFO - Setting next_dagrun for fetch_movie_data to None, run_after=None
[2024-11-18T14:52:38.529+0000] {processor.py:179} INFO - Processing /opt/airflow/dags/dag.py took 0.125 seconds
[2024-11-18T14:53:10.393+0000] {processor.py:157} INFO - Started process (PID=2072) to work on /opt/airflow/dags/dag.py
[2024-11-18T14:53:10.395+0000] {processor.py:829} INFO - Processing file /opt/airflow/dags/dag.py for tasks to queue
[2024-11-18T14:53:10.402+0000] {logging_mixin.py:151} INFO - [2024-11-18T14:53:10.400+0000] {dagbag.py:536} INFO - Filling up the DagBag from /opt/airflow/dags/dag.py
[2024-11-18T14:53:10.439+0000] {processor.py:839} INFO - DAG(s) dict_keys(['fetch_movie_data']) retrieved from /opt/airflow/dags/dag.py
[2024-11-18T14:53:10.469+0000] {logging_mixin.py:151} INFO - [2024-11-18T14:53:10.468+0000] {dag.py:2941} INFO - Sync 1 DAGs
[2024-11-18T14:53:10.506+0000] {logging_mixin.py:151} INFO - [2024-11-18T14:53:10.506+0000] {dag.py:3722} INFO - Setting next_dagrun for fetch_movie_data to None, run_after=None
[2024-11-18T14:53:10.540+0000] {processor.py:179} INFO - Processing /opt/airflow/dags/dag.py took 0.152 seconds
[2024-11-18T14:53:41.311+0000] {processor.py:157} INFO - Started process (PID=2095) to work on /opt/airflow/dags/dag.py
[2024-11-18T14:53:41.312+0000] {processor.py:829} INFO - Processing file /opt/airflow/dags/dag.py for tasks to queue
[2024-11-18T14:53:41.317+0000] {logging_mixin.py:151} INFO - [2024-11-18T14:53:41.317+0000] {dagbag.py:536} INFO - Filling up the DagBag from /opt/airflow/dags/dag.py
[2024-11-18T14:53:41.338+0000] {processor.py:839} INFO - DAG(s) dict_keys(['fetch_movie_data']) retrieved from /opt/airflow/dags/dag.py
[2024-11-18T14:53:41.370+0000] {logging_mixin.py:151} INFO - [2024-11-18T14:53:41.370+0000] {dag.py:2941} INFO - Sync 1 DAGs
[2024-11-18T14:53:41.409+0000] {logging_mixin.py:151} INFO - [2024-11-18T14:53:41.408+0000] {dag.py:3722} INFO - Setting next_dagrun for fetch_movie_data to None, run_after=None
[2024-11-18T14:53:41.438+0000] {processor.py:179} INFO - Processing /opt/airflow/dags/dag.py took 0.132 seconds
[2024-11-18T14:54:14.713+0000] {processor.py:157} INFO - Started process (PID=2150) to work on /opt/airflow/dags/dag.py
[2024-11-18T14:54:14.715+0000] {processor.py:829} INFO - Processing file /opt/airflow/dags/dag.py for tasks to queue
[2024-11-18T14:54:14.719+0000] {logging_mixin.py:151} INFO - [2024-11-18T14:54:14.719+0000] {dagbag.py:536} INFO - Filling up the DagBag from /opt/airflow/dags/dag.py
[2024-11-18T14:54:14.739+0000] {processor.py:839} INFO - DAG(s) dict_keys(['fetch_movie_data']) retrieved from /opt/airflow/dags/dag.py
[2024-11-18T14:54:14.767+0000] {logging_mixin.py:151} INFO - [2024-11-18T14:54:14.767+0000] {dag.py:2941} INFO - Sync 1 DAGs
[2024-11-18T14:54:14.806+0000] {logging_mixin.py:151} INFO - [2024-11-18T14:54:14.805+0000] {dag.py:3722} INFO - Setting next_dagrun for fetch_movie_data to None, run_after=None
[2024-11-18T14:54:14.839+0000] {processor.py:179} INFO - Processing /opt/airflow/dags/dag.py took 0.131 seconds
[2024-11-18T14:54:48.242+0000] {processor.py:157} INFO - Started process (PID=2205) to work on /opt/airflow/dags/dag.py
[2024-11-18T14:54:48.244+0000] {processor.py:829} INFO - Processing file /opt/airflow/dags/dag.py for tasks to queue
[2024-11-18T14:54:48.248+0000] {logging_mixin.py:151} INFO - [2024-11-18T14:54:48.248+0000] {dagbag.py:536} INFO - Filling up the DagBag from /opt/airflow/dags/dag.py
[2024-11-18T14:54:48.265+0000] {processor.py:839} INFO - DAG(s) dict_keys(['fetch_movie_data']) retrieved from /opt/airflow/dags/dag.py
[2024-11-18T14:54:48.293+0000] {logging_mixin.py:151} INFO - [2024-11-18T14:54:48.293+0000] {dag.py:2941} INFO - Sync 1 DAGs
[2024-11-18T14:54:48.329+0000] {logging_mixin.py:151} INFO - [2024-11-18T14:54:48.329+0000] {dag.py:3722} INFO - Setting next_dagrun for fetch_movie_data to None, run_after=None
[2024-11-18T14:54:48.364+0000] {processor.py:179} INFO - Processing /opt/airflow/dags/dag.py took 0.127 seconds
[2024-11-18T14:55:21.530+0000] {processor.py:157} INFO - Started process (PID=2260) to work on /opt/airflow/dags/dag.py
[2024-11-18T14:55:21.531+0000] {processor.py:829} INFO - Processing file /opt/airflow/dags/dag.py for tasks to queue
[2024-11-18T14:55:21.536+0000] {logging_mixin.py:151} INFO - [2024-11-18T14:55:21.535+0000] {dagbag.py:536} INFO - Filling up the DagBag from /opt/airflow/dags/dag.py
[2024-11-18T14:55:21.554+0000] {processor.py:839} INFO - DAG(s) dict_keys(['fetch_movie_data']) retrieved from /opt/airflow/dags/dag.py
[2024-11-18T14:55:21.580+0000] {logging_mixin.py:151} INFO - [2024-11-18T14:55:21.579+0000] {dag.py:2941} INFO - Sync 1 DAGs
[2024-11-18T14:55:21.613+0000] {logging_mixin.py:151} INFO - [2024-11-18T14:55:21.612+0000] {dag.py:3722} INFO - Setting next_dagrun for fetch_movie_data to None, run_after=None
[2024-11-18T14:55:21.640+0000] {processor.py:179} INFO - Processing /opt/airflow/dags/dag.py took 0.115 seconds
[2024-11-18T14:55:54.883+0000] {processor.py:157} INFO - Started process (PID=2315) to work on /opt/airflow/dags/dag.py
[2024-11-18T14:55:54.884+0000] {processor.py:829} INFO - Processing file /opt/airflow/dags/dag.py for tasks to queue
[2024-11-18T14:55:54.889+0000] {logging_mixin.py:151} INFO - [2024-11-18T14:55:54.888+0000] {dagbag.py:536} INFO - Filling up the DagBag from /opt/airflow/dags/dag.py
[2024-11-18T14:55:54.906+0000] {processor.py:839} INFO - DAG(s) dict_keys(['fetch_movie_data']) retrieved from /opt/airflow/dags/dag.py
[2024-11-18T14:55:54.937+0000] {logging_mixin.py:151} INFO - [2024-11-18T14:55:54.937+0000] {dag.py:2941} INFO - Sync 1 DAGs
[2024-11-18T14:55:54.973+0000] {logging_mixin.py:151} INFO - [2024-11-18T14:55:54.973+0000] {dag.py:3722} INFO - Setting next_dagrun for fetch_movie_data to None, run_after=None
[2024-11-18T14:55:55.006+0000] {processor.py:179} INFO - Processing /opt/airflow/dags/dag.py took 0.128 seconds
[2024-11-18T14:56:27.766+0000] {processor.py:157} INFO - Started process (PID=2370) to work on /opt/airflow/dags/dag.py
[2024-11-18T14:56:27.767+0000] {processor.py:829} INFO - Processing file /opt/airflow/dags/dag.py for tasks to queue
[2024-11-18T14:56:27.771+0000] {logging_mixin.py:151} INFO - [2024-11-18T14:56:27.771+0000] {dagbag.py:536} INFO - Filling up the DagBag from /opt/airflow/dags/dag.py
[2024-11-18T14:56:27.788+0000] {processor.py:839} INFO - DAG(s) dict_keys(['fetch_movie_data']) retrieved from /opt/airflow/dags/dag.py
[2024-11-18T14:56:27.816+0000] {logging_mixin.py:151} INFO - [2024-11-18T14:56:27.816+0000] {dag.py:2941} INFO - Sync 1 DAGs
[2024-11-18T14:56:27.853+0000] {logging_mixin.py:151} INFO - [2024-11-18T14:56:27.853+0000] {dag.py:3722} INFO - Setting next_dagrun for fetch_movie_data to None, run_after=None
[2024-11-18T14:56:27.885+0000] {processor.py:179} INFO - Processing /opt/airflow/dags/dag.py took 0.124 seconds
[2024-11-18T14:57:01.258+0000] {processor.py:157} INFO - Started process (PID=2425) to work on /opt/airflow/dags/dag.py
[2024-11-18T14:57:01.260+0000] {processor.py:829} INFO - Processing file /opt/airflow/dags/dag.py for tasks to queue
[2024-11-18T14:57:01.272+0000] {logging_mixin.py:151} INFO - [2024-11-18T14:57:01.271+0000] {dagbag.py:536} INFO - Filling up the DagBag from /opt/airflow/dags/dag.py
[2024-11-18T14:57:01.297+0000] {processor.py:839} INFO - DAG(s) dict_keys(['fetch_movie_data']) retrieved from /opt/airflow/dags/dag.py
[2024-11-18T14:57:01.334+0000] {logging_mixin.py:151} INFO - [2024-11-18T14:57:01.334+0000] {dag.py:2941} INFO - Sync 1 DAGs
[2024-11-18T14:57:01.375+0000] {logging_mixin.py:151} INFO - [2024-11-18T14:57:01.375+0000] {dag.py:3722} INFO - Setting next_dagrun for fetch_movie_data to None, run_after=None
[2024-11-18T14:57:01.410+0000] {processor.py:179} INFO - Processing /opt/airflow/dags/dag.py took 0.162 seconds
[2024-11-18T14:57:34.323+0000] {processor.py:157} INFO - Started process (PID=2480) to work on /opt/airflow/dags/dag.py
[2024-11-18T14:57:34.325+0000] {processor.py:829} INFO - Processing file /opt/airflow/dags/dag.py for tasks to queue
[2024-11-18T14:57:34.330+0000] {logging_mixin.py:151} INFO - [2024-11-18T14:57:34.329+0000] {dagbag.py:536} INFO - Filling up the DagBag from /opt/airflow/dags/dag.py
[2024-11-18T14:57:34.361+0000] {processor.py:839} INFO - DAG(s) dict_keys(['fetch_movie_data']) retrieved from /opt/airflow/dags/dag.py
[2024-11-18T14:57:34.408+0000] {logging_mixin.py:151} INFO - [2024-11-18T14:57:34.408+0000] {dag.py:2941} INFO - Sync 1 DAGs
[2024-11-18T14:57:34.453+0000] {logging_mixin.py:151} INFO - [2024-11-18T14:57:34.452+0000] {dag.py:3722} INFO - Setting next_dagrun for fetch_movie_data to None, run_after=None
[2024-11-18T14:57:34.488+0000] {processor.py:179} INFO - Processing /opt/airflow/dags/dag.py took 0.170 seconds
[2024-11-18T14:58:08.156+0000] {processor.py:157} INFO - Started process (PID=2535) to work on /opt/airflow/dags/dag.py
[2024-11-18T14:58:08.158+0000] {processor.py:829} INFO - Processing file /opt/airflow/dags/dag.py for tasks to queue
[2024-11-18T14:58:08.163+0000] {logging_mixin.py:151} INFO - [2024-11-18T14:58:08.162+0000] {dagbag.py:536} INFO - Filling up the DagBag from /opt/airflow/dags/dag.py
[2024-11-18T14:58:08.181+0000] {processor.py:839} INFO - DAG(s) dict_keys(['fetch_movie_data']) retrieved from /opt/airflow/dags/dag.py
[2024-11-18T14:58:08.210+0000] {logging_mixin.py:151} INFO - [2024-11-18T14:58:08.210+0000] {dag.py:2941} INFO - Sync 1 DAGs
[2024-11-18T14:58:08.251+0000] {logging_mixin.py:151} INFO - [2024-11-18T14:58:08.251+0000] {dag.py:3722} INFO - Setting next_dagrun for fetch_movie_data to None, run_after=None
[2024-11-18T14:58:08.282+0000] {processor.py:179} INFO - Processing /opt/airflow/dags/dag.py took 0.131 seconds
