[2024-11-18T14:20:16.339+0000] {processor.py:157} INFO - Started process (PID=91) to work on /home/airflow/.local/lib/python3.8/site-packages/airflow/example_dags/example_task_group.py
[2024-11-18T14:20:16.341+0000] {processor.py:829} INFO - Processing file /home/airflow/.local/lib/python3.8/site-packages/airflow/example_dags/example_task_group.py for tasks to queue
[2024-11-18T14:20:16.344+0000] {logging_mixin.py:151} INFO - [2024-11-18T14:20:16.344+0000] {dagbag.py:536} INFO - Filling up the DagBag from /home/airflow/.local/lib/python3.8/site-packages/airflow/example_dags/example_task_group.py
[2024-11-18T14:20:16.361+0000] {processor.py:839} INFO - DAG(s) dict_keys(['example_task_group']) retrieved from /home/airflow/.local/lib/python3.8/site-packages/airflow/example_dags/example_task_group.py
[2024-11-18T14:20:16.585+0000] {logging_mixin.py:151} INFO - [2024-11-18T14:20:16.585+0000] {manager.py:499} INFO - Created Permission View: %s
[2024-11-18T14:20:16.649+0000] {logging_mixin.py:151} INFO - [2024-11-18T14:20:16.649+0000] {manager.py:499} INFO - Created Permission View: %s
[2024-11-18T14:20:16.681+0000] {logging_mixin.py:151} INFO - [2024-11-18T14:20:16.681+0000] {manager.py:499} INFO - Created Permission View: %s
[2024-11-18T14:20:16.683+0000] {logging_mixin.py:151} INFO - [2024-11-18T14:20:16.682+0000] {dag.py:2941} INFO - Sync 1 DAGs
[2024-11-18T14:20:16.746+0000] {logging_mixin.py:151} INFO - [2024-11-18T14:20:16.745+0000] {dag.py:2963} INFO - Creating ORM DAG for example_task_group
[2024-11-18T14:20:16.784+0000] {logging_mixin.py:151} INFO - [2024-11-18T14:20:16.784+0000] {dag.py:3722} INFO - Setting next_dagrun for example_task_group to 2024-11-17T14:20:16.783582+00:00, run_after=2024-11-18T14:20:16.783582+00:00
[2024-11-18T14:20:16.854+0000] {processor.py:179} INFO - Processing /home/airflow/.local/lib/python3.8/site-packages/airflow/example_dags/example_task_group.py took 0.520 seconds
[2024-11-18T14:20:47.411+0000] {processor.py:157} INFO - Started process (PID=145) to work on /home/airflow/.local/lib/python3.8/site-packages/airflow/example_dags/example_task_group.py
[2024-11-18T14:20:47.413+0000] {processor.py:829} INFO - Processing file /home/airflow/.local/lib/python3.8/site-packages/airflow/example_dags/example_task_group.py for tasks to queue
[2024-11-18T14:20:47.418+0000] {logging_mixin.py:151} INFO - [2024-11-18T14:20:47.418+0000] {dagbag.py:536} INFO - Filling up the DagBag from /home/airflow/.local/lib/python3.8/site-packages/airflow/example_dags/example_task_group.py
[2024-11-18T14:20:47.437+0000] {processor.py:839} INFO - DAG(s) dict_keys(['example_task_group']) retrieved from /home/airflow/.local/lib/python3.8/site-packages/airflow/example_dags/example_task_group.py
[2024-11-18T14:20:47.496+0000] {logging_mixin.py:151} INFO - [2024-11-18T14:20:47.495+0000] {dag.py:2941} INFO - Sync 1 DAGs
[2024-11-18T14:20:47.544+0000] {logging_mixin.py:151} INFO - [2024-11-18T14:20:47.544+0000] {dag.py:3722} INFO - Setting next_dagrun for example_task_group to 2024-11-17T14:20:47.544243+00:00, run_after=2024-11-18T14:20:47.544243+00:00
[2024-11-18T14:20:47.573+0000] {processor.py:179} INFO - Processing /home/airflow/.local/lib/python3.8/site-packages/airflow/example_dags/example_task_group.py took 0.168 seconds
[2024-11-18T14:21:18.026+0000] {processor.py:157} INFO - Started process (PID=199) to work on /home/airflow/.local/lib/python3.8/site-packages/airflow/example_dags/example_task_group.py
[2024-11-18T14:21:18.027+0000] {processor.py:829} INFO - Processing file /home/airflow/.local/lib/python3.8/site-packages/airflow/example_dags/example_task_group.py for tasks to queue
[2024-11-18T14:21:18.030+0000] {logging_mixin.py:151} INFO - [2024-11-18T14:21:18.030+0000] {dagbag.py:536} INFO - Filling up the DagBag from /home/airflow/.local/lib/python3.8/site-packages/airflow/example_dags/example_task_group.py
[2024-11-18T14:21:18.041+0000] {processor.py:839} INFO - DAG(s) dict_keys(['example_task_group']) retrieved from /home/airflow/.local/lib/python3.8/site-packages/airflow/example_dags/example_task_group.py
[2024-11-18T14:21:18.086+0000] {logging_mixin.py:151} INFO - [2024-11-18T14:21:18.086+0000] {dag.py:2941} INFO - Sync 1 DAGs
[2024-11-18T14:21:18.127+0000] {logging_mixin.py:151} INFO - [2024-11-18T14:21:18.127+0000] {dag.py:3722} INFO - Setting next_dagrun for example_task_group to 2024-11-17T14:21:18.126889+00:00, run_after=2024-11-18T14:21:18.126889+00:00
[2024-11-18T14:21:18.164+0000] {processor.py:179} INFO - Processing /home/airflow/.local/lib/python3.8/site-packages/airflow/example_dags/example_task_group.py took 0.143 seconds
[2024-11-18T14:21:48.294+0000] {processor.py:157} INFO - Started process (PID=253) to work on /home/airflow/.local/lib/python3.8/site-packages/airflow/example_dags/example_task_group.py
[2024-11-18T14:21:48.295+0000] {processor.py:829} INFO - Processing file /home/airflow/.local/lib/python3.8/site-packages/airflow/example_dags/example_task_group.py for tasks to queue
[2024-11-18T14:21:48.298+0000] {logging_mixin.py:151} INFO - [2024-11-18T14:21:48.298+0000] {dagbag.py:536} INFO - Filling up the DagBag from /home/airflow/.local/lib/python3.8/site-packages/airflow/example_dags/example_task_group.py
[2024-11-18T14:21:48.310+0000] {processor.py:839} INFO - DAG(s) dict_keys(['example_task_group']) retrieved from /home/airflow/.local/lib/python3.8/site-packages/airflow/example_dags/example_task_group.py
[2024-11-18T14:21:48.344+0000] {logging_mixin.py:151} INFO - [2024-11-18T14:21:48.344+0000] {dag.py:2941} INFO - Sync 1 DAGs
[2024-11-18T14:21:48.381+0000] {logging_mixin.py:151} INFO - [2024-11-18T14:21:48.380+0000] {dag.py:3722} INFO - Setting next_dagrun for example_task_group to 2024-11-17T14:21:48.380440+00:00, run_after=2024-11-18T14:21:48.380440+00:00
[2024-11-18T14:21:48.413+0000] {processor.py:179} INFO - Processing /home/airflow/.local/lib/python3.8/site-packages/airflow/example_dags/example_task_group.py took 0.124 seconds
[2024-11-18T14:22:18.816+0000] {processor.py:157} INFO - Started process (PID=307) to work on /home/airflow/.local/lib/python3.8/site-packages/airflow/example_dags/example_task_group.py
[2024-11-18T14:22:18.817+0000] {processor.py:829} INFO - Processing file /home/airflow/.local/lib/python3.8/site-packages/airflow/example_dags/example_task_group.py for tasks to queue
[2024-11-18T14:22:18.821+0000] {logging_mixin.py:151} INFO - [2024-11-18T14:22:18.820+0000] {dagbag.py:536} INFO - Filling up the DagBag from /home/airflow/.local/lib/python3.8/site-packages/airflow/example_dags/example_task_group.py
[2024-11-18T14:22:18.834+0000] {processor.py:839} INFO - DAG(s) dict_keys(['example_task_group']) retrieved from /home/airflow/.local/lib/python3.8/site-packages/airflow/example_dags/example_task_group.py
[2024-11-18T14:22:18.876+0000] {logging_mixin.py:151} INFO - [2024-11-18T14:22:18.876+0000] {dag.py:2941} INFO - Sync 1 DAGs
[2024-11-18T14:22:18.921+0000] {logging_mixin.py:151} INFO - [2024-11-18T14:22:18.921+0000] {dag.py:3722} INFO - Setting next_dagrun for example_task_group to 2024-11-17T14:22:18.920877+00:00, run_after=2024-11-18T14:22:18.920877+00:00
[2024-11-18T14:22:18.954+0000] {processor.py:179} INFO - Processing /home/airflow/.local/lib/python3.8/site-packages/airflow/example_dags/example_task_group.py took 0.143 seconds
[2024-11-18T14:22:49.099+0000] {processor.py:157} INFO - Started process (PID=362) to work on /home/airflow/.local/lib/python3.8/site-packages/airflow/example_dags/example_task_group.py
[2024-11-18T14:22:49.100+0000] {processor.py:829} INFO - Processing file /home/airflow/.local/lib/python3.8/site-packages/airflow/example_dags/example_task_group.py for tasks to queue
[2024-11-18T14:22:49.103+0000] {logging_mixin.py:151} INFO - [2024-11-18T14:22:49.103+0000] {dagbag.py:536} INFO - Filling up the DagBag from /home/airflow/.local/lib/python3.8/site-packages/airflow/example_dags/example_task_group.py
[2024-11-18T14:22:49.117+0000] {processor.py:839} INFO - DAG(s) dict_keys(['example_task_group']) retrieved from /home/airflow/.local/lib/python3.8/site-packages/airflow/example_dags/example_task_group.py
[2024-11-18T14:22:49.156+0000] {logging_mixin.py:151} INFO - [2024-11-18T14:22:49.155+0000] {dag.py:2941} INFO - Sync 1 DAGs
[2024-11-18T14:22:49.196+0000] {logging_mixin.py:151} INFO - [2024-11-18T14:22:49.196+0000] {dag.py:3722} INFO - Setting next_dagrun for example_task_group to 2024-11-17T14:22:49.195812+00:00, run_after=2024-11-18T14:22:49.195812+00:00
[2024-11-18T14:22:49.234+0000] {processor.py:179} INFO - Processing /home/airflow/.local/lib/python3.8/site-packages/airflow/example_dags/example_task_group.py took 0.140 seconds
[2024-11-18T14:23:19.326+0000] {processor.py:157} INFO - Started process (PID=415) to work on /home/airflow/.local/lib/python3.8/site-packages/airflow/example_dags/example_task_group.py
[2024-11-18T14:23:19.328+0000] {processor.py:829} INFO - Processing file /home/airflow/.local/lib/python3.8/site-packages/airflow/example_dags/example_task_group.py for tasks to queue
[2024-11-18T14:23:19.332+0000] {logging_mixin.py:151} INFO - [2024-11-18T14:23:19.332+0000] {dagbag.py:536} INFO - Filling up the DagBag from /home/airflow/.local/lib/python3.8/site-packages/airflow/example_dags/example_task_group.py
[2024-11-18T14:23:19.348+0000] {processor.py:839} INFO - DAG(s) dict_keys(['example_task_group']) retrieved from /home/airflow/.local/lib/python3.8/site-packages/airflow/example_dags/example_task_group.py
[2024-11-18T14:23:19.392+0000] {logging_mixin.py:151} INFO - [2024-11-18T14:23:19.391+0000] {dag.py:2941} INFO - Sync 1 DAGs
[2024-11-18T14:23:19.437+0000] {logging_mixin.py:151} INFO - [2024-11-18T14:23:19.436+0000] {dag.py:3722} INFO - Setting next_dagrun for example_task_group to 2024-11-17T14:23:19.436373+00:00, run_after=2024-11-18T14:23:19.436373+00:00
[2024-11-18T14:23:19.489+0000] {processor.py:179} INFO - Processing /home/airflow/.local/lib/python3.8/site-packages/airflow/example_dags/example_task_group.py took 0.169 seconds
[2024-11-18T14:23:49.897+0000] {processor.py:157} INFO - Started process (PID=469) to work on /home/airflow/.local/lib/python3.8/site-packages/airflow/example_dags/example_task_group.py
[2024-11-18T14:23:49.899+0000] {processor.py:829} INFO - Processing file /home/airflow/.local/lib/python3.8/site-packages/airflow/example_dags/example_task_group.py for tasks to queue
[2024-11-18T14:23:49.903+0000] {logging_mixin.py:151} INFO - [2024-11-18T14:23:49.902+0000] {dagbag.py:536} INFO - Filling up the DagBag from /home/airflow/.local/lib/python3.8/site-packages/airflow/example_dags/example_task_group.py
[2024-11-18T14:23:49.916+0000] {processor.py:839} INFO - DAG(s) dict_keys(['example_task_group']) retrieved from /home/airflow/.local/lib/python3.8/site-packages/airflow/example_dags/example_task_group.py
[2024-11-18T14:23:49.961+0000] {logging_mixin.py:151} INFO - [2024-11-18T14:23:49.961+0000] {dag.py:2941} INFO - Sync 1 DAGs
[2024-11-18T14:23:50.005+0000] {logging_mixin.py:151} INFO - [2024-11-18T14:23:50.005+0000] {dag.py:3722} INFO - Setting next_dagrun for example_task_group to 2024-11-17T14:23:50.004311+00:00, run_after=2024-11-18T14:23:50.004311+00:00
[2024-11-18T14:23:50.045+0000] {processor.py:179} INFO - Processing /home/airflow/.local/lib/python3.8/site-packages/airflow/example_dags/example_task_group.py took 0.153 seconds
[2024-11-18T14:24:20.930+0000] {processor.py:157} INFO - Started process (PID=523) to work on /home/airflow/.local/lib/python3.8/site-packages/airflow/example_dags/example_task_group.py
[2024-11-18T14:24:20.931+0000] {processor.py:829} INFO - Processing file /home/airflow/.local/lib/python3.8/site-packages/airflow/example_dags/example_task_group.py for tasks to queue
[2024-11-18T14:24:20.934+0000] {logging_mixin.py:151} INFO - [2024-11-18T14:24:20.934+0000] {dagbag.py:536} INFO - Filling up the DagBag from /home/airflow/.local/lib/python3.8/site-packages/airflow/example_dags/example_task_group.py
[2024-11-18T14:24:20.946+0000] {processor.py:839} INFO - DAG(s) dict_keys(['example_task_group']) retrieved from /home/airflow/.local/lib/python3.8/site-packages/airflow/example_dags/example_task_group.py
[2024-11-18T14:24:20.979+0000] {logging_mixin.py:151} INFO - [2024-11-18T14:24:20.978+0000] {dag.py:2941} INFO - Sync 1 DAGs
[2024-11-18T14:24:21.012+0000] {logging_mixin.py:151} INFO - [2024-11-18T14:24:21.012+0000] {dag.py:3722} INFO - Setting next_dagrun for example_task_group to 2024-11-17T14:24:21.011975+00:00, run_after=2024-11-18T14:24:21.011975+00:00
[2024-11-18T14:24:21.040+0000] {processor.py:179} INFO - Processing /home/airflow/.local/lib/python3.8/site-packages/airflow/example_dags/example_task_group.py took 0.115 seconds
[2024-11-18T14:24:53.982+0000] {processor.py:157} INFO - Started process (PID=579) to work on /home/airflow/.local/lib/python3.8/site-packages/airflow/example_dags/example_task_group.py
[2024-11-18T14:24:53.984+0000] {processor.py:829} INFO - Processing file /home/airflow/.local/lib/python3.8/site-packages/airflow/example_dags/example_task_group.py for tasks to queue
[2024-11-18T14:24:53.987+0000] {logging_mixin.py:151} INFO - [2024-11-18T14:24:53.986+0000] {dagbag.py:536} INFO - Filling up the DagBag from /home/airflow/.local/lib/python3.8/site-packages/airflow/example_dags/example_task_group.py
[2024-11-18T14:24:53.998+0000] {processor.py:839} INFO - DAG(s) dict_keys(['example_task_group']) retrieved from /home/airflow/.local/lib/python3.8/site-packages/airflow/example_dags/example_task_group.py
[2024-11-18T14:24:54.042+0000] {logging_mixin.py:151} INFO - [2024-11-18T14:24:54.042+0000] {dag.py:2941} INFO - Sync 1 DAGs
[2024-11-18T14:24:54.077+0000] {logging_mixin.py:151} INFO - [2024-11-18T14:24:54.077+0000] {dag.py:3722} INFO - Setting next_dagrun for example_task_group to 2024-11-17T14:24:54.077267+00:00, run_after=2024-11-18T14:24:54.077267+00:00
[2024-11-18T14:24:54.108+0000] {processor.py:179} INFO - Processing /home/airflow/.local/lib/python3.8/site-packages/airflow/example_dags/example_task_group.py took 0.131 seconds
[2024-11-18T14:25:26.430+0000] {processor.py:157} INFO - Started process (PID=633) to work on /home/airflow/.local/lib/python3.8/site-packages/airflow/example_dags/example_task_group.py
[2024-11-18T14:25:26.432+0000] {processor.py:829} INFO - Processing file /home/airflow/.local/lib/python3.8/site-packages/airflow/example_dags/example_task_group.py for tasks to queue
[2024-11-18T14:25:26.435+0000] {logging_mixin.py:151} INFO - [2024-11-18T14:25:26.435+0000] {dagbag.py:536} INFO - Filling up the DagBag from /home/airflow/.local/lib/python3.8/site-packages/airflow/example_dags/example_task_group.py
[2024-11-18T14:25:26.446+0000] {processor.py:839} INFO - DAG(s) dict_keys(['example_task_group']) retrieved from /home/airflow/.local/lib/python3.8/site-packages/airflow/example_dags/example_task_group.py
[2024-11-18T14:25:26.466+0000] {logging_mixin.py:151} INFO - [2024-11-18T14:25:26.466+0000] {dag.py:2941} INFO - Sync 1 DAGs
[2024-11-18T14:25:26.504+0000] {logging_mixin.py:151} INFO - [2024-11-18T14:25:26.504+0000] {dag.py:3722} INFO - Setting next_dagrun for example_task_group to 2024-11-17T14:25:26.503643+00:00, run_after=2024-11-18T14:25:26.503643+00:00
[2024-11-18T14:25:26.533+0000] {processor.py:179} INFO - Processing /home/airflow/.local/lib/python3.8/site-packages/airflow/example_dags/example_task_group.py took 0.108 seconds
[2024-11-18T14:25:57.207+0000] {processor.py:157} INFO - Started process (PID=682) to work on /home/airflow/.local/lib/python3.8/site-packages/airflow/example_dags/example_task_group.py
[2024-11-18T14:25:57.208+0000] {processor.py:829} INFO - Processing file /home/airflow/.local/lib/python3.8/site-packages/airflow/example_dags/example_task_group.py for tasks to queue
[2024-11-18T14:25:57.212+0000] {logging_mixin.py:151} INFO - [2024-11-18T14:25:57.211+0000] {dagbag.py:536} INFO - Filling up the DagBag from /home/airflow/.local/lib/python3.8/site-packages/airflow/example_dags/example_task_group.py
[2024-11-18T14:25:57.224+0000] {processor.py:839} INFO - DAG(s) dict_keys(['example_task_group']) retrieved from /home/airflow/.local/lib/python3.8/site-packages/airflow/example_dags/example_task_group.py
[2024-11-18T14:25:57.260+0000] {logging_mixin.py:151} INFO - [2024-11-18T14:25:57.260+0000] {dag.py:2941} INFO - Sync 1 DAGs
[2024-11-18T14:25:57.305+0000] {logging_mixin.py:151} INFO - [2024-11-18T14:25:57.304+0000] {dag.py:3722} INFO - Setting next_dagrun for example_task_group to 2024-11-17T14:25:57.304390+00:00, run_after=2024-11-18T14:25:57.304390+00:00
[2024-11-18T14:25:57.342+0000] {processor.py:179} INFO - Processing /home/airflow/.local/lib/python3.8/site-packages/airflow/example_dags/example_task_group.py took 0.140 seconds
[2024-11-18T14:26:28.645+0000] {processor.py:157} INFO - Started process (PID=735) to work on /home/airflow/.local/lib/python3.8/site-packages/airflow/example_dags/example_task_group.py
[2024-11-18T14:26:28.647+0000] {processor.py:829} INFO - Processing file /home/airflow/.local/lib/python3.8/site-packages/airflow/example_dags/example_task_group.py for tasks to queue
[2024-11-18T14:26:24.951+0000] {logging_mixin.py:151} INFO - [2024-11-18T14:26:28.650+0000] {dagbag.py:536} INFO - Filling up the DagBag from /home/airflow/.local/lib/python3.8/site-packages/airflow/example_dags/example_task_group.py
[2024-11-18T14:26:24.966+0000] {processor.py:839} INFO - DAG(s) dict_keys(['example_task_group']) retrieved from /home/airflow/.local/lib/python3.8/site-packages/airflow/example_dags/example_task_group.py
[2024-11-18T14:26:25.035+0000] {logging_mixin.py:151} INFO - [2024-11-18T14:26:25.035+0000] {dag.py:2941} INFO - Sync 1 DAGs
[2024-11-18T14:26:25.084+0000] {logging_mixin.py:151} INFO - [2024-11-18T14:26:25.083+0000] {dag.py:3722} INFO - Setting next_dagrun for example_task_group to 2024-11-17T14:26:25.083097+00:00, run_after=2024-11-18T14:26:25.083097+00:00
[2024-11-18T14:26:30.477+0000] {processor.py:179} INFO - Processing /home/airflow/.local/lib/python3.8/site-packages/airflow/example_dags/example_task_group.py took 0.185 seconds
[2024-11-18T14:27:04.174+0000] {processor.py:157} INFO - Started process (PID=789) to work on /home/airflow/.local/lib/python3.8/site-packages/airflow/example_dags/example_task_group.py
[2024-11-18T14:27:04.176+0000] {processor.py:829} INFO - Processing file /home/airflow/.local/lib/python3.8/site-packages/airflow/example_dags/example_task_group.py for tasks to queue
[2024-11-18T14:27:04.181+0000] {logging_mixin.py:151} INFO - [2024-11-18T14:27:04.181+0000] {dagbag.py:536} INFO - Filling up the DagBag from /home/airflow/.local/lib/python3.8/site-packages/airflow/example_dags/example_task_group.py
[2024-11-18T14:27:04.196+0000] {processor.py:839} INFO - DAG(s) dict_keys(['example_task_group']) retrieved from /home/airflow/.local/lib/python3.8/site-packages/airflow/example_dags/example_task_group.py
[2024-11-18T14:27:04.238+0000] {logging_mixin.py:151} INFO - [2024-11-18T14:27:04.238+0000] {dag.py:2941} INFO - Sync 1 DAGs
[2024-11-18T14:27:04.276+0000] {logging_mixin.py:151} INFO - [2024-11-18T14:27:04.276+0000] {dag.py:3722} INFO - Setting next_dagrun for example_task_group to 2024-11-17T14:27:04.275764+00:00, run_after=2024-11-18T14:27:04.275764+00:00
[2024-11-18T14:27:04.303+0000] {processor.py:179} INFO - Processing /home/airflow/.local/lib/python3.8/site-packages/airflow/example_dags/example_task_group.py took 0.134 seconds
[2024-11-18T14:27:37.802+0000] {processor.py:157} INFO - Started process (PID=843) to work on /home/airflow/.local/lib/python3.8/site-packages/airflow/example_dags/example_task_group.py
[2024-11-18T14:27:37.804+0000] {processor.py:829} INFO - Processing file /home/airflow/.local/lib/python3.8/site-packages/airflow/example_dags/example_task_group.py for tasks to queue
[2024-11-18T14:27:37.807+0000] {logging_mixin.py:151} INFO - [2024-11-18T14:27:37.806+0000] {dagbag.py:536} INFO - Filling up the DagBag from /home/airflow/.local/lib/python3.8/site-packages/airflow/example_dags/example_task_group.py
[2024-11-18T14:27:37.817+0000] {processor.py:839} INFO - DAG(s) dict_keys(['example_task_group']) retrieved from /home/airflow/.local/lib/python3.8/site-packages/airflow/example_dags/example_task_group.py
[2024-11-18T14:27:37.849+0000] {logging_mixin.py:151} INFO - [2024-11-18T14:27:37.849+0000] {dag.py:2941} INFO - Sync 1 DAGs
[2024-11-18T14:27:37.883+0000] {logging_mixin.py:151} INFO - [2024-11-18T14:27:37.882+0000] {dag.py:3722} INFO - Setting next_dagrun for example_task_group to 2024-11-17T14:27:37.882430+00:00, run_after=2024-11-18T14:27:37.882430+00:00
[2024-11-18T14:27:37.909+0000] {processor.py:179} INFO - Processing /home/airflow/.local/lib/python3.8/site-packages/airflow/example_dags/example_task_group.py took 0.111 seconds
[2024-11-18T14:28:11.128+0000] {processor.py:157} INFO - Started process (PID=898) to work on /home/airflow/.local/lib/python3.8/site-packages/airflow/example_dags/example_task_group.py
[2024-11-18T14:28:11.129+0000] {processor.py:829} INFO - Processing file /home/airflow/.local/lib/python3.8/site-packages/airflow/example_dags/example_task_group.py for tasks to queue
[2024-11-18T14:28:11.133+0000] {logging_mixin.py:151} INFO - [2024-11-18T14:28:11.133+0000] {dagbag.py:536} INFO - Filling up the DagBag from /home/airflow/.local/lib/python3.8/site-packages/airflow/example_dags/example_task_group.py
[2024-11-18T14:28:11.146+0000] {processor.py:839} INFO - DAG(s) dict_keys(['example_task_group']) retrieved from /home/airflow/.local/lib/python3.8/site-packages/airflow/example_dags/example_task_group.py
[2024-11-18T14:28:11.185+0000] {logging_mixin.py:151} INFO - [2024-11-18T14:28:11.185+0000] {dag.py:2941} INFO - Sync 1 DAGs
[2024-11-18T14:28:11.221+0000] {logging_mixin.py:151} INFO - [2024-11-18T14:28:11.221+0000] {dag.py:3722} INFO - Setting next_dagrun for example_task_group to 2024-11-17T14:28:11.220575+00:00, run_after=2024-11-18T14:28:11.220575+00:00
[2024-11-18T14:28:11.253+0000] {processor.py:179} INFO - Processing /home/airflow/.local/lib/python3.8/site-packages/airflow/example_dags/example_task_group.py took 0.130 seconds
[2024-11-18T14:28:43.970+0000] {processor.py:157} INFO - Started process (PID=952) to work on /home/airflow/.local/lib/python3.8/site-packages/airflow/example_dags/example_task_group.py
[2024-11-18T14:28:43.971+0000] {processor.py:829} INFO - Processing file /home/airflow/.local/lib/python3.8/site-packages/airflow/example_dags/example_task_group.py for tasks to queue
[2024-11-18T14:28:43.974+0000] {logging_mixin.py:151} INFO - [2024-11-18T14:28:43.974+0000] {dagbag.py:536} INFO - Filling up the DagBag from /home/airflow/.local/lib/python3.8/site-packages/airflow/example_dags/example_task_group.py
[2024-11-18T14:28:43.984+0000] {processor.py:839} INFO - DAG(s) dict_keys(['example_task_group']) retrieved from /home/airflow/.local/lib/python3.8/site-packages/airflow/example_dags/example_task_group.py
[2024-11-18T14:28:44.020+0000] {logging_mixin.py:151} INFO - [2024-11-18T14:28:44.019+0000] {dag.py:2941} INFO - Sync 1 DAGs
[2024-11-18T14:28:44.066+0000] {logging_mixin.py:151} INFO - [2024-11-18T14:28:44.065+0000] {dag.py:3722} INFO - Setting next_dagrun for example_task_group to 2024-11-17T14:28:44.065498+00:00, run_after=2024-11-18T14:28:44.065498+00:00
[2024-11-18T14:28:44.100+0000] {processor.py:179} INFO - Processing /home/airflow/.local/lib/python3.8/site-packages/airflow/example_dags/example_task_group.py took 0.134 seconds
[2024-11-18T14:29:17.460+0000] {processor.py:157} INFO - Started process (PID=1006) to work on /home/airflow/.local/lib/python3.8/site-packages/airflow/example_dags/example_task_group.py
[2024-11-18T14:29:17.461+0000] {processor.py:829} INFO - Processing file /home/airflow/.local/lib/python3.8/site-packages/airflow/example_dags/example_task_group.py for tasks to queue
[2024-11-18T14:29:17.464+0000] {logging_mixin.py:151} INFO - [2024-11-18T14:29:17.464+0000] {dagbag.py:536} INFO - Filling up the DagBag from /home/airflow/.local/lib/python3.8/site-packages/airflow/example_dags/example_task_group.py
[2024-11-18T14:29:17.474+0000] {processor.py:839} INFO - DAG(s) dict_keys(['example_task_group']) retrieved from /home/airflow/.local/lib/python3.8/site-packages/airflow/example_dags/example_task_group.py
[2024-11-18T14:29:17.509+0000] {logging_mixin.py:151} INFO - [2024-11-18T14:29:17.509+0000] {dag.py:2941} INFO - Sync 1 DAGs
[2024-11-18T14:29:17.544+0000] {logging_mixin.py:151} INFO - [2024-11-18T14:29:17.543+0000] {dag.py:3722} INFO - Setting next_dagrun for example_task_group to 2024-11-17T14:29:17.543365+00:00, run_after=2024-11-18T14:29:17.543365+00:00
[2024-11-18T14:29:17.572+0000] {processor.py:179} INFO - Processing /home/airflow/.local/lib/python3.8/site-packages/airflow/example_dags/example_task_group.py took 0.116 seconds
[2024-11-18T14:29:50.003+0000] {processor.py:157} INFO - Started process (PID=1060) to work on /home/airflow/.local/lib/python3.8/site-packages/airflow/example_dags/example_task_group.py
[2024-11-18T14:29:50.004+0000] {processor.py:829} INFO - Processing file /home/airflow/.local/lib/python3.8/site-packages/airflow/example_dags/example_task_group.py for tasks to queue
[2024-11-18T14:29:50.007+0000] {logging_mixin.py:151} INFO - [2024-11-18T14:29:50.007+0000] {dagbag.py:536} INFO - Filling up the DagBag from /home/airflow/.local/lib/python3.8/site-packages/airflow/example_dags/example_task_group.py
[2024-11-18T14:29:50.018+0000] {processor.py:839} INFO - DAG(s) dict_keys(['example_task_group']) retrieved from /home/airflow/.local/lib/python3.8/site-packages/airflow/example_dags/example_task_group.py
[2024-11-18T14:29:50.052+0000] {logging_mixin.py:151} INFO - [2024-11-18T14:29:50.051+0000] {dag.py:2941} INFO - Sync 1 DAGs
[2024-11-18T14:29:50.086+0000] {logging_mixin.py:151} INFO - [2024-11-18T14:29:50.086+0000] {dag.py:3722} INFO - Setting next_dagrun for example_task_group to 2024-11-17T14:29:50.085638+00:00, run_after=2024-11-18T14:29:50.085638+00:00
[2024-11-18T14:29:50.113+0000] {processor.py:179} INFO - Processing /home/airflow/.local/lib/python3.8/site-packages/airflow/example_dags/example_task_group.py took 0.115 seconds
[2024-11-18T14:33:18.767+0000] {processor.py:157} INFO - Started process (PID=97) to work on /home/airflow/.local/lib/python3.8/site-packages/airflow/example_dags/example_task_group.py
[2024-11-18T14:33:18.769+0000] {processor.py:829} INFO - Processing file /home/airflow/.local/lib/python3.8/site-packages/airflow/example_dags/example_task_group.py for tasks to queue
[2024-11-18T14:33:18.773+0000] {logging_mixin.py:151} INFO - [2024-11-18T14:33:18.772+0000] {dagbag.py:536} INFO - Filling up the DagBag from /home/airflow/.local/lib/python3.8/site-packages/airflow/example_dags/example_task_group.py
[2024-11-18T14:33:18.810+0000] {processor.py:839} INFO - DAG(s) dict_keys(['example_task_group']) retrieved from /home/airflow/.local/lib/python3.8/site-packages/airflow/example_dags/example_task_group.py
[2024-11-18T14:33:18.877+0000] {logging_mixin.py:151} INFO - [2024-11-18T14:33:18.876+0000] {dag.py:2941} INFO - Sync 1 DAGs
[2024-11-18T14:33:18.913+0000] {logging_mixin.py:151} INFO - [2024-11-18T14:33:18.913+0000] {dag.py:3722} INFO - Setting next_dagrun for example_task_group to 2024-11-17T14:33:18.912861+00:00, run_after=2024-11-18T14:33:18.912861+00:00
[2024-11-18T14:33:18.941+0000] {processor.py:179} INFO - Processing /home/airflow/.local/lib/python3.8/site-packages/airflow/example_dags/example_task_group.py took 0.182 seconds
[2024-11-18T14:33:49.522+0000] {processor.py:157} INFO - Started process (PID=144) to work on /home/airflow/.local/lib/python3.8/site-packages/airflow/example_dags/example_task_group.py
[2024-11-18T14:33:49.524+0000] {processor.py:829} INFO - Processing file /home/airflow/.local/lib/python3.8/site-packages/airflow/example_dags/example_task_group.py for tasks to queue
[2024-11-18T14:33:49.527+0000] {logging_mixin.py:151} INFO - [2024-11-18T14:33:49.526+0000] {dagbag.py:536} INFO - Filling up the DagBag from /home/airflow/.local/lib/python3.8/site-packages/airflow/example_dags/example_task_group.py
[2024-11-18T14:33:49.539+0000] {processor.py:839} INFO - DAG(s) dict_keys(['example_task_group']) retrieved from /home/airflow/.local/lib/python3.8/site-packages/airflow/example_dags/example_task_group.py
[2024-11-18T14:33:49.590+0000] {logging_mixin.py:151} INFO - [2024-11-18T14:33:49.589+0000] {dag.py:2941} INFO - Sync 1 DAGs
[2024-11-18T14:33:49.627+0000] {logging_mixin.py:151} INFO - [2024-11-18T14:33:49.626+0000] {dag.py:3722} INFO - Setting next_dagrun for example_task_group to 2024-11-17T14:33:49.626538+00:00, run_after=2024-11-18T14:33:49.626538+00:00
[2024-11-18T14:33:49.658+0000] {processor.py:179} INFO - Processing /home/airflow/.local/lib/python3.8/site-packages/airflow/example_dags/example_task_group.py took 0.141 seconds
[2024-11-18T14:34:20.379+0000] {processor.py:157} INFO - Started process (PID=198) to work on /home/airflow/.local/lib/python3.8/site-packages/airflow/example_dags/example_task_group.py
[2024-11-18T14:34:20.380+0000] {processor.py:829} INFO - Processing file /home/airflow/.local/lib/python3.8/site-packages/airflow/example_dags/example_task_group.py for tasks to queue
[2024-11-18T14:34:20.384+0000] {logging_mixin.py:151} INFO - [2024-11-18T14:34:20.383+0000] {dagbag.py:536} INFO - Filling up the DagBag from /home/airflow/.local/lib/python3.8/site-packages/airflow/example_dags/example_task_group.py
[2024-11-18T14:34:20.397+0000] {processor.py:839} INFO - DAG(s) dict_keys(['example_task_group']) retrieved from /home/airflow/.local/lib/python3.8/site-packages/airflow/example_dags/example_task_group.py
[2024-11-18T14:34:20.431+0000] {logging_mixin.py:151} INFO - [2024-11-18T14:34:20.430+0000] {dag.py:2941} INFO - Sync 1 DAGs
[2024-11-18T14:34:20.468+0000] {logging_mixin.py:151} INFO - [2024-11-18T14:34:20.468+0000] {dag.py:3722} INFO - Setting next_dagrun for example_task_group to 2024-11-17T14:34:20.468217+00:00, run_after=2024-11-18T14:34:20.468217+00:00
[2024-11-18T14:34:20.498+0000] {processor.py:179} INFO - Processing /home/airflow/.local/lib/python3.8/site-packages/airflow/example_dags/example_task_group.py took 0.124 seconds
[2024-11-18T14:34:50.707+0000] {processor.py:157} INFO - Started process (PID=252) to work on /home/airflow/.local/lib/python3.8/site-packages/airflow/example_dags/example_task_group.py
[2024-11-18T14:34:50.708+0000] {processor.py:829} INFO - Processing file /home/airflow/.local/lib/python3.8/site-packages/airflow/example_dags/example_task_group.py for tasks to queue
[2024-11-18T14:34:50.711+0000] {logging_mixin.py:151} INFO - [2024-11-18T14:34:50.711+0000] {dagbag.py:536} INFO - Filling up the DagBag from /home/airflow/.local/lib/python3.8/site-packages/airflow/example_dags/example_task_group.py
[2024-11-18T14:34:50.723+0000] {processor.py:839} INFO - DAG(s) dict_keys(['example_task_group']) retrieved from /home/airflow/.local/lib/python3.8/site-packages/airflow/example_dags/example_task_group.py
[2024-11-18T14:34:50.761+0000] {logging_mixin.py:151} INFO - [2024-11-18T14:34:50.761+0000] {dag.py:2941} INFO - Sync 1 DAGs
[2024-11-18T14:34:50.801+0000] {logging_mixin.py:151} INFO - [2024-11-18T14:34:50.801+0000] {dag.py:3722} INFO - Setting next_dagrun for example_task_group to 2024-11-17T14:34:50.800759+00:00, run_after=2024-11-18T14:34:50.800759+00:00
[2024-11-18T14:34:50.833+0000] {processor.py:179} INFO - Processing /home/airflow/.local/lib/python3.8/site-packages/airflow/example_dags/example_task_group.py took 0.132 seconds
[2024-11-18T14:35:22.269+0000] {processor.py:157} INFO - Started process (PID=305) to work on /home/airflow/.local/lib/python3.8/site-packages/airflow/example_dags/example_task_group.py
[2024-11-18T14:35:22.271+0000] {processor.py:829} INFO - Processing file /home/airflow/.local/lib/python3.8/site-packages/airflow/example_dags/example_task_group.py for tasks to queue
[2024-11-18T14:35:22.274+0000] {logging_mixin.py:151} INFO - [2024-11-18T14:35:22.273+0000] {dagbag.py:536} INFO - Filling up the DagBag from /home/airflow/.local/lib/python3.8/site-packages/airflow/example_dags/example_task_group.py
[2024-11-18T14:35:22.284+0000] {processor.py:839} INFO - DAG(s) dict_keys(['example_task_group']) retrieved from /home/airflow/.local/lib/python3.8/site-packages/airflow/example_dags/example_task_group.py
[2024-11-18T14:35:22.317+0000] {logging_mixin.py:151} INFO - [2024-11-18T14:35:22.317+0000] {dag.py:2941} INFO - Sync 1 DAGs
[2024-11-18T14:35:22.353+0000] {logging_mixin.py:151} INFO - [2024-11-18T14:35:22.353+0000] {dag.py:3722} INFO - Setting next_dagrun for example_task_group to 2024-11-17T14:35:22.352874+00:00, run_after=2024-11-18T14:35:22.352874+00:00
[2024-11-18T14:35:22.383+0000] {processor.py:179} INFO - Processing /home/airflow/.local/lib/python3.8/site-packages/airflow/example_dags/example_task_group.py took 0.118 seconds
[2024-11-18T14:35:55.860+0000] {processor.py:157} INFO - Started process (PID=360) to work on /home/airflow/.local/lib/python3.8/site-packages/airflow/example_dags/example_task_group.py
[2024-11-18T14:35:55.861+0000] {processor.py:829} INFO - Processing file /home/airflow/.local/lib/python3.8/site-packages/airflow/example_dags/example_task_group.py for tasks to queue
[2024-11-18T14:35:55.864+0000] {logging_mixin.py:151} INFO - [2024-11-18T14:35:55.864+0000] {dagbag.py:536} INFO - Filling up the DagBag from /home/airflow/.local/lib/python3.8/site-packages/airflow/example_dags/example_task_group.py
[2024-11-18T14:35:55.875+0000] {processor.py:839} INFO - DAG(s) dict_keys(['example_task_group']) retrieved from /home/airflow/.local/lib/python3.8/site-packages/airflow/example_dags/example_task_group.py
[2024-11-18T14:35:55.908+0000] {logging_mixin.py:151} INFO - [2024-11-18T14:35:55.907+0000] {dag.py:2941} INFO - Sync 1 DAGs
[2024-11-18T14:35:55.940+0000] {logging_mixin.py:151} INFO - [2024-11-18T14:35:55.940+0000] {dag.py:3722} INFO - Setting next_dagrun for example_task_group to 2024-11-17T14:35:55.939719+00:00, run_after=2024-11-18T14:35:55.939719+00:00
[2024-11-18T14:35:55.969+0000] {processor.py:179} INFO - Processing /home/airflow/.local/lib/python3.8/site-packages/airflow/example_dags/example_task_group.py took 0.113 seconds
[2024-11-18T14:36:29.749+0000] {processor.py:157} INFO - Started process (PID=414) to work on /home/airflow/.local/lib/python3.8/site-packages/airflow/example_dags/example_task_group.py
[2024-11-18T14:36:29.751+0000] {processor.py:829} INFO - Processing file /home/airflow/.local/lib/python3.8/site-packages/airflow/example_dags/example_task_group.py for tasks to queue
[2024-11-18T14:36:29.754+0000] {logging_mixin.py:151} INFO - [2024-11-18T14:36:29.753+0000] {dagbag.py:536} INFO - Filling up the DagBag from /home/airflow/.local/lib/python3.8/site-packages/airflow/example_dags/example_task_group.py
[2024-11-18T14:36:29.764+0000] {processor.py:839} INFO - DAG(s) dict_keys(['example_task_group']) retrieved from /home/airflow/.local/lib/python3.8/site-packages/airflow/example_dags/example_task_group.py
[2024-11-18T14:36:29.797+0000] {logging_mixin.py:151} INFO - [2024-11-18T14:36:29.797+0000] {dag.py:2941} INFO - Sync 1 DAGs
[2024-11-18T14:36:29.830+0000] {logging_mixin.py:151} INFO - [2024-11-18T14:36:29.830+0000] {dag.py:3722} INFO - Setting next_dagrun for example_task_group to 2024-11-17T14:36:29.829738+00:00, run_after=2024-11-18T14:36:29.829738+00:00
[2024-11-18T14:36:29.859+0000] {processor.py:179} INFO - Processing /home/airflow/.local/lib/python3.8/site-packages/airflow/example_dags/example_task_group.py took 0.114 seconds
[2024-11-18T14:37:02.648+0000] {processor.py:157} INFO - Started process (PID=468) to work on /home/airflow/.local/lib/python3.8/site-packages/airflow/example_dags/example_task_group.py
[2024-11-18T14:37:02.650+0000] {processor.py:829} INFO - Processing file /home/airflow/.local/lib/python3.8/site-packages/airflow/example_dags/example_task_group.py for tasks to queue
[2024-11-18T14:37:02.653+0000] {logging_mixin.py:151} INFO - [2024-11-18T14:37:02.653+0000] {dagbag.py:536} INFO - Filling up the DagBag from /home/airflow/.local/lib/python3.8/site-packages/airflow/example_dags/example_task_group.py
[2024-11-18T14:37:02.663+0000] {processor.py:839} INFO - DAG(s) dict_keys(['example_task_group']) retrieved from /home/airflow/.local/lib/python3.8/site-packages/airflow/example_dags/example_task_group.py
[2024-11-18T14:37:02.697+0000] {logging_mixin.py:151} INFO - [2024-11-18T14:37:02.696+0000] {dag.py:2941} INFO - Sync 1 DAGs
[2024-11-18T14:37:02.730+0000] {logging_mixin.py:151} INFO - [2024-11-18T14:37:02.730+0000] {dag.py:3722} INFO - Setting next_dagrun for example_task_group to 2024-11-17T14:37:02.729704+00:00, run_after=2024-11-18T14:37:02.729704+00:00
[2024-11-18T14:37:02.758+0000] {processor.py:179} INFO - Processing /home/airflow/.local/lib/python3.8/site-packages/airflow/example_dags/example_task_group.py took 0.114 seconds
[2024-11-18T14:37:35.870+0000] {processor.py:157} INFO - Started process (PID=522) to work on /home/airflow/.local/lib/python3.8/site-packages/airflow/example_dags/example_task_group.py
[2024-11-18T14:37:35.871+0000] {processor.py:829} INFO - Processing file /home/airflow/.local/lib/python3.8/site-packages/airflow/example_dags/example_task_group.py for tasks to queue
[2024-11-18T14:37:35.874+0000] {logging_mixin.py:151} INFO - [2024-11-18T14:37:35.874+0000] {dagbag.py:536} INFO - Filling up the DagBag from /home/airflow/.local/lib/python3.8/site-packages/airflow/example_dags/example_task_group.py
[2024-11-18T14:37:35.885+0000] {processor.py:839} INFO - DAG(s) dict_keys(['example_task_group']) retrieved from /home/airflow/.local/lib/python3.8/site-packages/airflow/example_dags/example_task_group.py
[2024-11-18T14:37:35.917+0000] {logging_mixin.py:151} INFO - [2024-11-18T14:37:35.917+0000] {dag.py:2941} INFO - Sync 1 DAGs
[2024-11-18T14:37:35.950+0000] {logging_mixin.py:151} INFO - [2024-11-18T14:37:35.950+0000] {dag.py:3722} INFO - Setting next_dagrun for example_task_group to 2024-11-17T14:37:35.949866+00:00, run_after=2024-11-18T14:37:35.949866+00:00
[2024-11-18T14:37:35.977+0000] {processor.py:179} INFO - Processing /home/airflow/.local/lib/python3.8/site-packages/airflow/example_dags/example_task_group.py took 0.112 seconds
[2024-11-18T14:38:09.086+0000] {processor.py:157} INFO - Started process (PID=576) to work on /home/airflow/.local/lib/python3.8/site-packages/airflow/example_dags/example_task_group.py
[2024-11-18T14:38:09.088+0000] {processor.py:829} INFO - Processing file /home/airflow/.local/lib/python3.8/site-packages/airflow/example_dags/example_task_group.py for tasks to queue
[2024-11-18T14:38:09.091+0000] {logging_mixin.py:151} INFO - [2024-11-18T14:38:09.091+0000] {dagbag.py:536} INFO - Filling up the DagBag from /home/airflow/.local/lib/python3.8/site-packages/airflow/example_dags/example_task_group.py
[2024-11-18T14:38:09.102+0000] {processor.py:839} INFO - DAG(s) dict_keys(['example_task_group']) retrieved from /home/airflow/.local/lib/python3.8/site-packages/airflow/example_dags/example_task_group.py
[2024-11-18T14:38:09.139+0000] {logging_mixin.py:151} INFO - [2024-11-18T14:38:09.139+0000] {dag.py:2941} INFO - Sync 1 DAGs
[2024-11-18T14:38:09.175+0000] {logging_mixin.py:151} INFO - [2024-11-18T14:38:09.175+0000] {dag.py:3722} INFO - Setting next_dagrun for example_task_group to 2024-11-17T14:38:09.175039+00:00, run_after=2024-11-18T14:38:09.175039+00:00
[2024-11-18T14:38:09.209+0000] {processor.py:179} INFO - Processing /home/airflow/.local/lib/python3.8/site-packages/airflow/example_dags/example_task_group.py took 0.128 seconds
[2024-11-18T14:38:42.424+0000] {processor.py:157} INFO - Started process (PID=630) to work on /home/airflow/.local/lib/python3.8/site-packages/airflow/example_dags/example_task_group.py
[2024-11-18T14:38:42.425+0000] {processor.py:829} INFO - Processing file /home/airflow/.local/lib/python3.8/site-packages/airflow/example_dags/example_task_group.py for tasks to queue
[2024-11-18T14:38:42.428+0000] {logging_mixin.py:151} INFO - [2024-11-18T14:38:42.428+0000] {dagbag.py:536} INFO - Filling up the DagBag from /home/airflow/.local/lib/python3.8/site-packages/airflow/example_dags/example_task_group.py
[2024-11-18T14:38:42.439+0000] {processor.py:839} INFO - DAG(s) dict_keys(['example_task_group']) retrieved from /home/airflow/.local/lib/python3.8/site-packages/airflow/example_dags/example_task_group.py
[2024-11-18T14:38:42.472+0000] {logging_mixin.py:151} INFO - [2024-11-18T14:38:42.472+0000] {dag.py:2941} INFO - Sync 1 DAGs
[2024-11-18T14:38:42.507+0000] {logging_mixin.py:151} INFO - [2024-11-18T14:38:42.506+0000] {dag.py:3722} INFO - Setting next_dagrun for example_task_group to 2024-11-17T14:38:42.506377+00:00, run_after=2024-11-18T14:38:42.506377+00:00
[2024-11-18T14:38:42.536+0000] {processor.py:179} INFO - Processing /home/airflow/.local/lib/python3.8/site-packages/airflow/example_dags/example_task_group.py took 0.117 seconds
[2024-11-18T14:39:16.095+0000] {processor.py:157} INFO - Started process (PID=684) to work on /home/airflow/.local/lib/python3.8/site-packages/airflow/example_dags/example_task_group.py
[2024-11-18T14:39:16.097+0000] {processor.py:829} INFO - Processing file /home/airflow/.local/lib/python3.8/site-packages/airflow/example_dags/example_task_group.py for tasks to queue
[2024-11-18T14:39:16.100+0000] {logging_mixin.py:151} INFO - [2024-11-18T14:39:16.099+0000] {dagbag.py:536} INFO - Filling up the DagBag from /home/airflow/.local/lib/python3.8/site-packages/airflow/example_dags/example_task_group.py
[2024-11-18T14:39:16.113+0000] {processor.py:839} INFO - DAG(s) dict_keys(['example_task_group']) retrieved from /home/airflow/.local/lib/python3.8/site-packages/airflow/example_dags/example_task_group.py
[2024-11-18T14:39:16.147+0000] {logging_mixin.py:151} INFO - [2024-11-18T14:39:16.147+0000] {dag.py:2941} INFO - Sync 1 DAGs
[2024-11-18T14:39:16.182+0000] {logging_mixin.py:151} INFO - [2024-11-18T14:39:16.182+0000] {dag.py:3722} INFO - Setting next_dagrun for example_task_group to 2024-11-17T14:39:16.182236+00:00, run_after=2024-11-18T14:39:16.182236+00:00
[2024-11-18T14:39:16.210+0000] {processor.py:179} INFO - Processing /home/airflow/.local/lib/python3.8/site-packages/airflow/example_dags/example_task_group.py took 0.120 seconds
[2024-11-18T14:39:49.410+0000] {processor.py:157} INFO - Started process (PID=738) to work on /home/airflow/.local/lib/python3.8/site-packages/airflow/example_dags/example_task_group.py
[2024-11-18T14:39:49.411+0000] {processor.py:829} INFO - Processing file /home/airflow/.local/lib/python3.8/site-packages/airflow/example_dags/example_task_group.py for tasks to queue
[2024-11-18T14:39:49.415+0000] {logging_mixin.py:151} INFO - [2024-11-18T14:39:49.414+0000] {dagbag.py:536} INFO - Filling up the DagBag from /home/airflow/.local/lib/python3.8/site-packages/airflow/example_dags/example_task_group.py
[2024-11-18T14:39:49.425+0000] {processor.py:839} INFO - DAG(s) dict_keys(['example_task_group']) retrieved from /home/airflow/.local/lib/python3.8/site-packages/airflow/example_dags/example_task_group.py
[2024-11-18T14:39:49.460+0000] {logging_mixin.py:151} INFO - [2024-11-18T14:39:49.460+0000] {dag.py:2941} INFO - Sync 1 DAGs
[2024-11-18T14:39:49.495+0000] {logging_mixin.py:151} INFO - [2024-11-18T14:39:49.495+0000] {dag.py:3722} INFO - Setting next_dagrun for example_task_group to 2024-11-17T14:39:49.495021+00:00, run_after=2024-11-18T14:39:49.495021+00:00
[2024-11-18T14:39:49.525+0000] {processor.py:179} INFO - Processing /home/airflow/.local/lib/python3.8/site-packages/airflow/example_dags/example_task_group.py took 0.120 seconds
[2024-11-18T14:40:22.677+0000] {processor.py:157} INFO - Started process (PID=792) to work on /home/airflow/.local/lib/python3.8/site-packages/airflow/example_dags/example_task_group.py
[2024-11-18T14:40:22.679+0000] {processor.py:829} INFO - Processing file /home/airflow/.local/lib/python3.8/site-packages/airflow/example_dags/example_task_group.py for tasks to queue
[2024-11-18T14:40:22.682+0000] {logging_mixin.py:151} INFO - [2024-11-18T14:40:22.682+0000] {dagbag.py:536} INFO - Filling up the DagBag from /home/airflow/.local/lib/python3.8/site-packages/airflow/example_dags/example_task_group.py
[2024-11-18T14:40:22.694+0000] {processor.py:839} INFO - DAG(s) dict_keys(['example_task_group']) retrieved from /home/airflow/.local/lib/python3.8/site-packages/airflow/example_dags/example_task_group.py
[2024-11-18T14:40:22.730+0000] {logging_mixin.py:151} INFO - [2024-11-18T14:40:22.730+0000] {dag.py:2941} INFO - Sync 1 DAGs
[2024-11-18T14:40:22.772+0000] {logging_mixin.py:151} INFO - [2024-11-18T14:40:22.771+0000] {dag.py:3722} INFO - Setting next_dagrun for example_task_group to 2024-11-17T14:40:22.771630+00:00, run_after=2024-11-18T14:40:22.771630+00:00
[2024-11-18T14:40:22.802+0000] {processor.py:179} INFO - Processing /home/airflow/.local/lib/python3.8/site-packages/airflow/example_dags/example_task_group.py took 0.130 seconds
[2024-11-18T14:40:56.042+0000] {processor.py:157} INFO - Started process (PID=846) to work on /home/airflow/.local/lib/python3.8/site-packages/airflow/example_dags/example_task_group.py
[2024-11-18T14:40:56.044+0000] {processor.py:829} INFO - Processing file /home/airflow/.local/lib/python3.8/site-packages/airflow/example_dags/example_task_group.py for tasks to queue
[2024-11-18T14:40:56.047+0000] {logging_mixin.py:151} INFO - [2024-11-18T14:40:56.047+0000] {dagbag.py:536} INFO - Filling up the DagBag from /home/airflow/.local/lib/python3.8/site-packages/airflow/example_dags/example_task_group.py
[2024-11-18T14:40:56.059+0000] {processor.py:839} INFO - DAG(s) dict_keys(['example_task_group']) retrieved from /home/airflow/.local/lib/python3.8/site-packages/airflow/example_dags/example_task_group.py
[2024-11-18T14:40:56.095+0000] {logging_mixin.py:151} INFO - [2024-11-18T14:40:56.095+0000] {dag.py:2941} INFO - Sync 1 DAGs
[2024-11-18T14:40:56.133+0000] {logging_mixin.py:151} INFO - [2024-11-18T14:40:56.132+0000] {dag.py:3722} INFO - Setting next_dagrun for example_task_group to 2024-11-17T14:40:56.132217+00:00, run_after=2024-11-18T14:40:56.132217+00:00
[2024-11-18T14:40:56.164+0000] {processor.py:179} INFO - Processing /home/airflow/.local/lib/python3.8/site-packages/airflow/example_dags/example_task_group.py took 0.126 seconds
[2024-11-18T14:41:29.254+0000] {processor.py:157} INFO - Started process (PID=900) to work on /home/airflow/.local/lib/python3.8/site-packages/airflow/example_dags/example_task_group.py
[2024-11-18T14:41:29.255+0000] {processor.py:829} INFO - Processing file /home/airflow/.local/lib/python3.8/site-packages/airflow/example_dags/example_task_group.py for tasks to queue
[2024-11-18T14:41:29.258+0000] {logging_mixin.py:151} INFO - [2024-11-18T14:41:29.258+0000] {dagbag.py:536} INFO - Filling up the DagBag from /home/airflow/.local/lib/python3.8/site-packages/airflow/example_dags/example_task_group.py
[2024-11-18T14:41:29.270+0000] {processor.py:839} INFO - DAG(s) dict_keys(['example_task_group']) retrieved from /home/airflow/.local/lib/python3.8/site-packages/airflow/example_dags/example_task_group.py
[2024-11-18T14:41:29.304+0000] {logging_mixin.py:151} INFO - [2024-11-18T14:41:29.304+0000] {dag.py:2941} INFO - Sync 1 DAGs
[2024-11-18T14:41:29.336+0000] {logging_mixin.py:151} INFO - [2024-11-18T14:41:29.336+0000] {dag.py:3722} INFO - Setting next_dagrun for example_task_group to 2024-11-17T14:41:29.335785+00:00, run_after=2024-11-18T14:41:29.335785+00:00
[2024-11-18T14:41:29.364+0000] {processor.py:179} INFO - Processing /home/airflow/.local/lib/python3.8/site-packages/airflow/example_dags/example_task_group.py took 0.115 seconds
[2024-11-18T14:42:02.604+0000] {processor.py:157} INFO - Started process (PID=954) to work on /home/airflow/.local/lib/python3.8/site-packages/airflow/example_dags/example_task_group.py
[2024-11-18T14:42:02.606+0000] {processor.py:829} INFO - Processing file /home/airflow/.local/lib/python3.8/site-packages/airflow/example_dags/example_task_group.py for tasks to queue
[2024-11-18T14:42:02.609+0000] {logging_mixin.py:151} INFO - [2024-11-18T14:42:02.609+0000] {dagbag.py:536} INFO - Filling up the DagBag from /home/airflow/.local/lib/python3.8/site-packages/airflow/example_dags/example_task_group.py
[2024-11-18T14:42:02.621+0000] {processor.py:839} INFO - DAG(s) dict_keys(['example_task_group']) retrieved from /home/airflow/.local/lib/python3.8/site-packages/airflow/example_dags/example_task_group.py
[2024-11-18T14:42:02.654+0000] {logging_mixin.py:151} INFO - [2024-11-18T14:42:02.654+0000] {dag.py:2941} INFO - Sync 1 DAGs
[2024-11-18T14:42:02.689+0000] {logging_mixin.py:151} INFO - [2024-11-18T14:42:02.688+0000] {dag.py:3722} INFO - Setting next_dagrun for example_task_group to 2024-11-17T14:42:02.688555+00:00, run_after=2024-11-18T14:42:02.688555+00:00
[2024-11-18T14:42:02.716+0000] {processor.py:179} INFO - Processing /home/airflow/.local/lib/python3.8/site-packages/airflow/example_dags/example_task_group.py took 0.118 seconds
[2024-11-18T14:42:36.082+0000] {processor.py:157} INFO - Started process (PID=1008) to work on /home/airflow/.local/lib/python3.8/site-packages/airflow/example_dags/example_task_group.py
[2024-11-18T14:42:36.084+0000] {processor.py:829} INFO - Processing file /home/airflow/.local/lib/python3.8/site-packages/airflow/example_dags/example_task_group.py for tasks to queue
[2024-11-18T14:42:36.089+0000] {logging_mixin.py:151} INFO - [2024-11-18T14:42:36.088+0000] {dagbag.py:536} INFO - Filling up the DagBag from /home/airflow/.local/lib/python3.8/site-packages/airflow/example_dags/example_task_group.py
[2024-11-18T14:42:36.104+0000] {processor.py:839} INFO - DAG(s) dict_keys(['example_task_group']) retrieved from /home/airflow/.local/lib/python3.8/site-packages/airflow/example_dags/example_task_group.py
[2024-11-18T14:42:36.142+0000] {logging_mixin.py:151} INFO - [2024-11-18T14:42:36.142+0000] {dag.py:2941} INFO - Sync 1 DAGs
[2024-11-18T14:42:36.181+0000] {logging_mixin.py:151} INFO - [2024-11-18T14:42:36.181+0000] {dag.py:3722} INFO - Setting next_dagrun for example_task_group to 2024-11-17T14:42:36.180718+00:00, run_after=2024-11-18T14:42:36.180718+00:00
[2024-11-18T14:42:36.212+0000] {processor.py:179} INFO - Processing /home/airflow/.local/lib/python3.8/site-packages/airflow/example_dags/example_task_group.py took 0.135 seconds
[2024-11-18T14:43:09.476+0000] {processor.py:157} INFO - Started process (PID=1062) to work on /home/airflow/.local/lib/python3.8/site-packages/airflow/example_dags/example_task_group.py
[2024-11-18T14:43:09.478+0000] {processor.py:829} INFO - Processing file /home/airflow/.local/lib/python3.8/site-packages/airflow/example_dags/example_task_group.py for tasks to queue
[2024-11-18T14:43:09.481+0000] {logging_mixin.py:151} INFO - [2024-11-18T14:43:09.480+0000] {dagbag.py:536} INFO - Filling up the DagBag from /home/airflow/.local/lib/python3.8/site-packages/airflow/example_dags/example_task_group.py
[2024-11-18T14:43:09.492+0000] {processor.py:839} INFO - DAG(s) dict_keys(['example_task_group']) retrieved from /home/airflow/.local/lib/python3.8/site-packages/airflow/example_dags/example_task_group.py
[2024-11-18T14:43:09.525+0000] {logging_mixin.py:151} INFO - [2024-11-18T14:43:09.524+0000] {dag.py:2941} INFO - Sync 1 DAGs
[2024-11-18T14:43:09.563+0000] {logging_mixin.py:151} INFO - [2024-11-18T14:43:09.563+0000] {dag.py:3722} INFO - Setting next_dagrun for example_task_group to 2024-11-17T14:43:09.562585+00:00, run_after=2024-11-18T14:43:09.562585+00:00
[2024-11-18T14:43:09.781+0000] {processor.py:179} INFO - Processing /home/airflow/.local/lib/python3.8/site-packages/airflow/example_dags/example_task_group.py took 0.310 seconds
[2024-11-18T14:43:43.096+0000] {processor.py:157} INFO - Started process (PID=1116) to work on /home/airflow/.local/lib/python3.8/site-packages/airflow/example_dags/example_task_group.py
[2024-11-18T14:43:43.097+0000] {processor.py:829} INFO - Processing file /home/airflow/.local/lib/python3.8/site-packages/airflow/example_dags/example_task_group.py for tasks to queue
[2024-11-18T14:43:43.101+0000] {logging_mixin.py:151} INFO - [2024-11-18T14:43:43.100+0000] {dagbag.py:536} INFO - Filling up the DagBag from /home/airflow/.local/lib/python3.8/site-packages/airflow/example_dags/example_task_group.py
[2024-11-18T14:43:43.112+0000] {processor.py:839} INFO - DAG(s) dict_keys(['example_task_group']) retrieved from /home/airflow/.local/lib/python3.8/site-packages/airflow/example_dags/example_task_group.py
[2024-11-18T14:43:43.150+0000] {logging_mixin.py:151} INFO - [2024-11-18T14:43:43.150+0000] {dag.py:2941} INFO - Sync 1 DAGs
[2024-11-18T14:43:43.202+0000] {logging_mixin.py:151} INFO - [2024-11-18T14:43:43.201+0000] {dag.py:3722} INFO - Setting next_dagrun for example_task_group to 2024-11-17T14:43:43.201520+00:00, run_after=2024-11-18T14:43:43.201520+00:00
[2024-11-18T14:43:43.231+0000] {processor.py:179} INFO - Processing /home/airflow/.local/lib/python3.8/site-packages/airflow/example_dags/example_task_group.py took 0.140 seconds
[2024-11-18T14:44:15.734+0000] {processor.py:157} INFO - Started process (PID=1170) to work on /home/airflow/.local/lib/python3.8/site-packages/airflow/example_dags/example_task_group.py
[2024-11-18T14:44:15.736+0000] {processor.py:829} INFO - Processing file /home/airflow/.local/lib/python3.8/site-packages/airflow/example_dags/example_task_group.py for tasks to queue
[2024-11-18T14:44:15.739+0000] {logging_mixin.py:151} INFO - [2024-11-18T14:44:15.738+0000] {dagbag.py:536} INFO - Filling up the DagBag from /home/airflow/.local/lib/python3.8/site-packages/airflow/example_dags/example_task_group.py
[2024-11-18T14:44:15.749+0000] {processor.py:839} INFO - DAG(s) dict_keys(['example_task_group']) retrieved from /home/airflow/.local/lib/python3.8/site-packages/airflow/example_dags/example_task_group.py
[2024-11-18T14:44:15.782+0000] {logging_mixin.py:151} INFO - [2024-11-18T14:44:15.781+0000] {dag.py:2941} INFO - Sync 1 DAGs
[2024-11-18T14:44:15.815+0000] {logging_mixin.py:151} INFO - [2024-11-18T14:44:15.815+0000] {dag.py:3722} INFO - Setting next_dagrun for example_task_group to 2024-11-17T14:44:15.815062+00:00, run_after=2024-11-18T14:44:15.815062+00:00
[2024-11-18T14:44:15.843+0000] {processor.py:179} INFO - Processing /home/airflow/.local/lib/python3.8/site-packages/airflow/example_dags/example_task_group.py took 0.113 seconds
[2024-11-18T14:44:50.630+0000] {processor.py:157} INFO - Started process (PID=1224) to work on /home/airflow/.local/lib/python3.8/site-packages/airflow/example_dags/example_task_group.py
[2024-11-18T14:44:50.632+0000] {processor.py:829} INFO - Processing file /home/airflow/.local/lib/python3.8/site-packages/airflow/example_dags/example_task_group.py for tasks to queue
[2024-11-18T14:44:50.635+0000] {logging_mixin.py:151} INFO - [2024-11-18T14:44:50.635+0000] {dagbag.py:536} INFO - Filling up the DagBag from /home/airflow/.local/lib/python3.8/site-packages/airflow/example_dags/example_task_group.py
[2024-11-18T14:44:50.646+0000] {processor.py:839} INFO - DAG(s) dict_keys(['example_task_group']) retrieved from /home/airflow/.local/lib/python3.8/site-packages/airflow/example_dags/example_task_group.py
[2024-11-18T14:44:50.679+0000] {logging_mixin.py:151} INFO - [2024-11-18T14:44:50.678+0000] {dag.py:2941} INFO - Sync 1 DAGs
[2024-11-18T14:44:50.714+0000] {logging_mixin.py:151} INFO - [2024-11-18T14:44:50.714+0000] {dag.py:3722} INFO - Setting next_dagrun for example_task_group to 2024-11-17T14:44:50.713711+00:00, run_after=2024-11-18T14:44:50.713711+00:00
[2024-11-18T14:44:50.742+0000] {processor.py:179} INFO - Processing /home/airflow/.local/lib/python3.8/site-packages/airflow/example_dags/example_task_group.py took 0.117 seconds
[2024-11-18T14:45:22.709+0000] {processor.py:157} INFO - Started process (PID=1278) to work on /home/airflow/.local/lib/python3.8/site-packages/airflow/example_dags/example_task_group.py
[2024-11-18T14:45:22.711+0000] {processor.py:829} INFO - Processing file /home/airflow/.local/lib/python3.8/site-packages/airflow/example_dags/example_task_group.py for tasks to queue
[2024-11-18T14:45:22.714+0000] {logging_mixin.py:151} INFO - [2024-11-18T14:45:22.713+0000] {dagbag.py:536} INFO - Filling up the DagBag from /home/airflow/.local/lib/python3.8/site-packages/airflow/example_dags/example_task_group.py
[2024-11-18T14:45:22.725+0000] {processor.py:839} INFO - DAG(s) dict_keys(['example_task_group']) retrieved from /home/airflow/.local/lib/python3.8/site-packages/airflow/example_dags/example_task_group.py
[2024-11-18T14:45:22.759+0000] {logging_mixin.py:151} INFO - [2024-11-18T14:45:22.759+0000] {dag.py:2941} INFO - Sync 1 DAGs
[2024-11-18T14:45:22.796+0000] {logging_mixin.py:151} INFO - [2024-11-18T14:45:22.795+0000] {dag.py:3722} INFO - Setting next_dagrun for example_task_group to 2024-11-17T14:45:22.795442+00:00, run_after=2024-11-18T14:45:22.795442+00:00
[2024-11-18T14:45:23.040+0000] {processor.py:179} INFO - Processing /home/airflow/.local/lib/python3.8/site-packages/airflow/example_dags/example_task_group.py took 0.335 seconds
[2024-11-18T14:45:56.171+0000] {processor.py:157} INFO - Started process (PID=1332) to work on /home/airflow/.local/lib/python3.8/site-packages/airflow/example_dags/example_task_group.py
[2024-11-18T14:45:56.173+0000] {processor.py:829} INFO - Processing file /home/airflow/.local/lib/python3.8/site-packages/airflow/example_dags/example_task_group.py for tasks to queue
[2024-11-18T14:45:56.176+0000] {logging_mixin.py:151} INFO - [2024-11-18T14:45:56.176+0000] {dagbag.py:536} INFO - Filling up the DagBag from /home/airflow/.local/lib/python3.8/site-packages/airflow/example_dags/example_task_group.py
[2024-11-18T14:45:56.187+0000] {processor.py:839} INFO - DAG(s) dict_keys(['example_task_group']) retrieved from /home/airflow/.local/lib/python3.8/site-packages/airflow/example_dags/example_task_group.py
[2024-11-18T14:45:56.221+0000] {logging_mixin.py:151} INFO - [2024-11-18T14:45:56.221+0000] {dag.py:2941} INFO - Sync 1 DAGs
[2024-11-18T14:45:56.256+0000] {logging_mixin.py:151} INFO - [2024-11-18T14:45:56.256+0000] {dag.py:3722} INFO - Setting next_dagrun for example_task_group to 2024-11-17T14:45:56.255995+00:00, run_after=2024-11-18T14:45:56.255995+00:00
[2024-11-18T14:45:56.283+0000] {processor.py:179} INFO - Processing /home/airflow/.local/lib/python3.8/site-packages/airflow/example_dags/example_task_group.py took 0.117 seconds
[2024-11-18T14:46:30.020+0000] {processor.py:157} INFO - Started process (PID=1386) to work on /home/airflow/.local/lib/python3.8/site-packages/airflow/example_dags/example_task_group.py
[2024-11-18T14:46:30.022+0000] {processor.py:829} INFO - Processing file /home/airflow/.local/lib/python3.8/site-packages/airflow/example_dags/example_task_group.py for tasks to queue
[2024-11-18T14:46:30.025+0000] {logging_mixin.py:151} INFO - [2024-11-18T14:46:30.024+0000] {dagbag.py:536} INFO - Filling up the DagBag from /home/airflow/.local/lib/python3.8/site-packages/airflow/example_dags/example_task_group.py
[2024-11-18T14:46:30.035+0000] {processor.py:839} INFO - DAG(s) dict_keys(['example_task_group']) retrieved from /home/airflow/.local/lib/python3.8/site-packages/airflow/example_dags/example_task_group.py
[2024-11-18T14:46:30.068+0000] {logging_mixin.py:151} INFO - [2024-11-18T14:46:30.068+0000] {dag.py:2941} INFO - Sync 1 DAGs
[2024-11-18T14:46:30.103+0000] {logging_mixin.py:151} INFO - [2024-11-18T14:46:30.103+0000] {dag.py:3722} INFO - Setting next_dagrun for example_task_group to 2024-11-17T14:46:30.103082+00:00, run_after=2024-11-18T14:46:30.103082+00:00
[2024-11-18T14:46:30.130+0000] {processor.py:179} INFO - Processing /home/airflow/.local/lib/python3.8/site-packages/airflow/example_dags/example_task_group.py took 0.114 seconds
[2024-11-18T14:47:03.967+0000] {processor.py:157} INFO - Started process (PID=1440) to work on /home/airflow/.local/lib/python3.8/site-packages/airflow/example_dags/example_task_group.py
[2024-11-18T14:47:03.969+0000] {processor.py:829} INFO - Processing file /home/airflow/.local/lib/python3.8/site-packages/airflow/example_dags/example_task_group.py for tasks to queue
[2024-11-18T14:47:03.972+0000] {logging_mixin.py:151} INFO - [2024-11-18T14:47:03.972+0000] {dagbag.py:536} INFO - Filling up the DagBag from /home/airflow/.local/lib/python3.8/site-packages/airflow/example_dags/example_task_group.py
[2024-11-18T14:47:03.983+0000] {processor.py:839} INFO - DAG(s) dict_keys(['example_task_group']) retrieved from /home/airflow/.local/lib/python3.8/site-packages/airflow/example_dags/example_task_group.py
[2024-11-18T14:47:04.020+0000] {logging_mixin.py:151} INFO - [2024-11-18T14:47:04.020+0000] {dag.py:2941} INFO - Sync 1 DAGs
[2024-11-18T14:47:04.249+0000] {logging_mixin.py:151} INFO - [2024-11-18T14:47:04.249+0000] {dag.py:3722} INFO - Setting next_dagrun for example_task_group to 2024-11-17T14:47:04.248873+00:00, run_after=2024-11-18T14:47:04.248873+00:00
[2024-11-18T14:47:04.285+0000] {processor.py:179} INFO - Processing /home/airflow/.local/lib/python3.8/site-packages/airflow/example_dags/example_task_group.py took 0.323 seconds
[2024-11-18T14:47:36.362+0000] {processor.py:157} INFO - Started process (PID=1494) to work on /home/airflow/.local/lib/python3.8/site-packages/airflow/example_dags/example_task_group.py
[2024-11-18T14:47:36.364+0000] {processor.py:829} INFO - Processing file /home/airflow/.local/lib/python3.8/site-packages/airflow/example_dags/example_task_group.py for tasks to queue
[2024-11-18T14:47:36.367+0000] {logging_mixin.py:151} INFO - [2024-11-18T14:47:36.366+0000] {dagbag.py:536} INFO - Filling up the DagBag from /home/airflow/.local/lib/python3.8/site-packages/airflow/example_dags/example_task_group.py
[2024-11-18T14:47:36.378+0000] {processor.py:839} INFO - DAG(s) dict_keys(['example_task_group']) retrieved from /home/airflow/.local/lib/python3.8/site-packages/airflow/example_dags/example_task_group.py
[2024-11-18T14:47:36.412+0000] {logging_mixin.py:151} INFO - [2024-11-18T14:47:36.411+0000] {dag.py:2941} INFO - Sync 1 DAGs
[2024-11-18T14:47:36.454+0000] {logging_mixin.py:151} INFO - [2024-11-18T14:47:36.453+0000] {dag.py:3722} INFO - Setting next_dagrun for example_task_group to 2024-11-17T14:47:36.453203+00:00, run_after=2024-11-18T14:47:36.453203+00:00
[2024-11-18T14:47:36.487+0000] {processor.py:179} INFO - Processing /home/airflow/.local/lib/python3.8/site-packages/airflow/example_dags/example_task_group.py took 0.129 seconds
[2024-11-18T14:48:11.235+0000] {processor.py:157} INFO - Started process (PID=1548) to work on /home/airflow/.local/lib/python3.8/site-packages/airflow/example_dags/example_task_group.py
[2024-11-18T14:48:11.237+0000] {processor.py:829} INFO - Processing file /home/airflow/.local/lib/python3.8/site-packages/airflow/example_dags/example_task_group.py for tasks to queue
[2024-11-18T14:48:11.240+0000] {logging_mixin.py:151} INFO - [2024-11-18T14:48:11.239+0000] {dagbag.py:536} INFO - Filling up the DagBag from /home/airflow/.local/lib/python3.8/site-packages/airflow/example_dags/example_task_group.py
[2024-11-18T14:48:11.252+0000] {processor.py:839} INFO - DAG(s) dict_keys(['example_task_group']) retrieved from /home/airflow/.local/lib/python3.8/site-packages/airflow/example_dags/example_task_group.py
[2024-11-18T14:48:11.291+0000] {logging_mixin.py:151} INFO - [2024-11-18T14:48:11.290+0000] {dag.py:2941} INFO - Sync 1 DAGs
[2024-11-18T14:48:11.329+0000] {logging_mixin.py:151} INFO - [2024-11-18T14:48:11.329+0000] {dag.py:3722} INFO - Setting next_dagrun for example_task_group to 2024-11-17T14:48:11.329156+00:00, run_after=2024-11-18T14:48:11.329156+00:00
[2024-11-18T14:48:11.358+0000] {processor.py:179} INFO - Processing /home/airflow/.local/lib/python3.8/site-packages/airflow/example_dags/example_task_group.py took 0.128 seconds
[2024-11-18T14:48:43.810+0000] {processor.py:157} INFO - Started process (PID=1603) to work on /home/airflow/.local/lib/python3.8/site-packages/airflow/example_dags/example_task_group.py
[2024-11-18T14:48:43.812+0000] {processor.py:829} INFO - Processing file /home/airflow/.local/lib/python3.8/site-packages/airflow/example_dags/example_task_group.py for tasks to queue
[2024-11-18T14:48:43.815+0000] {logging_mixin.py:151} INFO - [2024-11-18T14:48:43.814+0000] {dagbag.py:536} INFO - Filling up the DagBag from /home/airflow/.local/lib/python3.8/site-packages/airflow/example_dags/example_task_group.py
[2024-11-18T14:48:43.826+0000] {processor.py:839} INFO - DAG(s) dict_keys(['example_task_group']) retrieved from /home/airflow/.local/lib/python3.8/site-packages/airflow/example_dags/example_task_group.py
[2024-11-18T14:48:43.860+0000] {logging_mixin.py:151} INFO - [2024-11-18T14:48:43.860+0000] {dag.py:2941} INFO - Sync 1 DAGs
[2024-11-18T14:48:44.067+0000] {logging_mixin.py:151} INFO - [2024-11-18T14:48:44.067+0000] {dag.py:3722} INFO - Setting next_dagrun for example_task_group to 2024-11-17T14:48:44.067373+00:00, run_after=2024-11-18T14:48:44.067373+00:00
[2024-11-18T14:48:44.096+0000] {processor.py:179} INFO - Processing /home/airflow/.local/lib/python3.8/site-packages/airflow/example_dags/example_task_group.py took 0.291 seconds
[2024-11-18T14:49:15.858+0000] {processor.py:157} INFO - Started process (PID=1658) to work on /home/airflow/.local/lib/python3.8/site-packages/airflow/example_dags/example_task_group.py
[2024-11-18T14:49:15.860+0000] {processor.py:829} INFO - Processing file /home/airflow/.local/lib/python3.8/site-packages/airflow/example_dags/example_task_group.py for tasks to queue
[2024-11-18T14:49:15.863+0000] {logging_mixin.py:151} INFO - [2024-11-18T14:49:15.863+0000] {dagbag.py:536} INFO - Filling up the DagBag from /home/airflow/.local/lib/python3.8/site-packages/airflow/example_dags/example_task_group.py
[2024-11-18T14:49:15.875+0000] {processor.py:839} INFO - DAG(s) dict_keys(['example_task_group']) retrieved from /home/airflow/.local/lib/python3.8/site-packages/airflow/example_dags/example_task_group.py
[2024-11-18T14:49:15.913+0000] {logging_mixin.py:151} INFO - [2024-11-18T14:49:15.913+0000] {dag.py:2941} INFO - Sync 1 DAGs
[2024-11-18T14:49:15.972+0000] {logging_mixin.py:151} INFO - [2024-11-18T14:49:15.972+0000] {dag.py:3722} INFO - Setting next_dagrun for example_task_group to 2024-11-17T14:49:15.972159+00:00, run_after=2024-11-18T14:49:15.972159+00:00
[2024-11-18T14:49:16.006+0000] {processor.py:179} INFO - Processing /home/airflow/.local/lib/python3.8/site-packages/airflow/example_dags/example_task_group.py took 0.154 seconds
[2024-11-18T14:49:49.962+0000] {processor.py:157} INFO - Started process (PID=1715) to work on /home/airflow/.local/lib/python3.8/site-packages/airflow/example_dags/example_task_group.py
[2024-11-18T14:49:49.964+0000] {processor.py:829} INFO - Processing file /home/airflow/.local/lib/python3.8/site-packages/airflow/example_dags/example_task_group.py for tasks to queue
[2024-11-18T14:49:49.967+0000] {logging_mixin.py:151} INFO - [2024-11-18T14:49:49.966+0000] {dagbag.py:536} INFO - Filling up the DagBag from /home/airflow/.local/lib/python3.8/site-packages/airflow/example_dags/example_task_group.py
[2024-11-18T14:49:49.979+0000] {processor.py:839} INFO - DAG(s) dict_keys(['example_task_group']) retrieved from /home/airflow/.local/lib/python3.8/site-packages/airflow/example_dags/example_task_group.py
[2024-11-18T14:49:50.019+0000] {logging_mixin.py:151} INFO - [2024-11-18T14:49:50.019+0000] {dag.py:2941} INFO - Sync 1 DAGs
[2024-11-18T14:49:50.063+0000] {logging_mixin.py:151} INFO - [2024-11-18T14:49:50.063+0000] {dag.py:3722} INFO - Setting next_dagrun for example_task_group to 2024-11-17T14:49:50.062752+00:00, run_after=2024-11-18T14:49:50.062752+00:00
[2024-11-18T14:49:50.094+0000] {processor.py:179} INFO - Processing /home/airflow/.local/lib/python3.8/site-packages/airflow/example_dags/example_task_group.py took 0.138 seconds
[2024-11-18T14:50:24.980+0000] {processor.py:157} INFO - Started process (PID=1774) to work on /home/airflow/.local/lib/python3.8/site-packages/airflow/example_dags/example_task_group.py
[2024-11-18T14:50:24.982+0000] {processor.py:829} INFO - Processing file /home/airflow/.local/lib/python3.8/site-packages/airflow/example_dags/example_task_group.py for tasks to queue
[2024-11-18T14:50:24.986+0000] {logging_mixin.py:151} INFO - [2024-11-18T14:50:24.985+0000] {dagbag.py:536} INFO - Filling up the DagBag from /home/airflow/.local/lib/python3.8/site-packages/airflow/example_dags/example_task_group.py
[2024-11-18T14:50:24.999+0000] {processor.py:839} INFO - DAG(s) dict_keys(['example_task_group']) retrieved from /home/airflow/.local/lib/python3.8/site-packages/airflow/example_dags/example_task_group.py
[2024-11-18T14:50:25.219+0000] {logging_mixin.py:151} INFO - [2024-11-18T14:50:25.219+0000] {dag.py:2941} INFO - Sync 1 DAGs
[2024-11-18T14:50:25.253+0000] {logging_mixin.py:151} INFO - [2024-11-18T14:50:25.253+0000] {dag.py:3722} INFO - Setting next_dagrun for example_task_group to 2024-11-17T14:50:25.253040+00:00, run_after=2024-11-18T14:50:25.253040+00:00
[2024-11-18T14:50:25.289+0000] {processor.py:179} INFO - Processing /home/airflow/.local/lib/python3.8/site-packages/airflow/example_dags/example_task_group.py took 0.314 seconds
[2024-11-18T14:50:56.592+0000] {processor.py:157} INFO - Started process (PID=1831) to work on /home/airflow/.local/lib/python3.8/site-packages/airflow/example_dags/example_task_group.py
[2024-11-18T14:50:56.593+0000] {processor.py:829} INFO - Processing file /home/airflow/.local/lib/python3.8/site-packages/airflow/example_dags/example_task_group.py for tasks to queue
[2024-11-18T14:50:56.596+0000] {logging_mixin.py:151} INFO - [2024-11-18T14:50:56.596+0000] {dagbag.py:536} INFO - Filling up the DagBag from /home/airflow/.local/lib/python3.8/site-packages/airflow/example_dags/example_task_group.py
[2024-11-18T14:50:56.607+0000] {processor.py:839} INFO - DAG(s) dict_keys(['example_task_group']) retrieved from /home/airflow/.local/lib/python3.8/site-packages/airflow/example_dags/example_task_group.py
[2024-11-18T14:50:56.640+0000] {logging_mixin.py:151} INFO - [2024-11-18T14:50:56.639+0000] {dag.py:2941} INFO - Sync 1 DAGs
[2024-11-18T14:50:56.675+0000] {logging_mixin.py:151} INFO - [2024-11-18T14:50:56.674+0000] {dag.py:3722} INFO - Setting next_dagrun for example_task_group to 2024-11-17T14:50:56.674401+00:00, run_after=2024-11-18T14:50:56.674401+00:00
[2024-11-18T14:50:56.704+0000] {processor.py:179} INFO - Processing /home/airflow/.local/lib/python3.8/site-packages/airflow/example_dags/example_task_group.py took 0.117 seconds
[2024-11-18T14:51:29.805+0000] {processor.py:157} INFO - Started process (PID=1889) to work on /home/airflow/.local/lib/python3.8/site-packages/airflow/example_dags/example_task_group.py
[2024-11-18T14:51:29.806+0000] {processor.py:829} INFO - Processing file /home/airflow/.local/lib/python3.8/site-packages/airflow/example_dags/example_task_group.py for tasks to queue
[2024-11-18T14:51:29.809+0000] {logging_mixin.py:151} INFO - [2024-11-18T14:51:29.809+0000] {dagbag.py:536} INFO - Filling up the DagBag from /home/airflow/.local/lib/python3.8/site-packages/airflow/example_dags/example_task_group.py
[2024-11-18T14:51:29.821+0000] {processor.py:839} INFO - DAG(s) dict_keys(['example_task_group']) retrieved from /home/airflow/.local/lib/python3.8/site-packages/airflow/example_dags/example_task_group.py
[2024-11-18T14:51:29.855+0000] {logging_mixin.py:151} INFO - [2024-11-18T14:51:29.855+0000] {dag.py:2941} INFO - Sync 1 DAGs
[2024-11-18T14:51:29.890+0000] {logging_mixin.py:151} INFO - [2024-11-18T14:51:29.889+0000] {dag.py:3722} INFO - Setting next_dagrun for example_task_group to 2024-11-17T14:51:29.889458+00:00, run_after=2024-11-18T14:51:29.889458+00:00
[2024-11-18T14:51:29.921+0000] {processor.py:179} INFO - Processing /home/airflow/.local/lib/python3.8/site-packages/airflow/example_dags/example_task_group.py took 0.121 seconds
[2024-11-18T14:52:02.230+0000] {processor.py:157} INFO - Started process (PID=1947) to work on /home/airflow/.local/lib/python3.8/site-packages/airflow/example_dags/example_task_group.py
[2024-11-18T14:52:02.231+0000] {processor.py:829} INFO - Processing file /home/airflow/.local/lib/python3.8/site-packages/airflow/example_dags/example_task_group.py for tasks to queue
[2024-11-18T14:52:02.234+0000] {logging_mixin.py:151} INFO - [2024-11-18T14:52:02.234+0000] {dagbag.py:536} INFO - Filling up the DagBag from /home/airflow/.local/lib/python3.8/site-packages/airflow/example_dags/example_task_group.py
[2024-11-18T14:52:02.246+0000] {processor.py:839} INFO - DAG(s) dict_keys(['example_task_group']) retrieved from /home/airflow/.local/lib/python3.8/site-packages/airflow/example_dags/example_task_group.py
[2024-11-18T14:52:02.278+0000] {logging_mixin.py:151} INFO - [2024-11-18T14:52:02.278+0000] {dag.py:2941} INFO - Sync 1 DAGs
[2024-11-18T14:52:02.311+0000] {logging_mixin.py:151} INFO - [2024-11-18T14:52:02.311+0000] {dag.py:3722} INFO - Setting next_dagrun for example_task_group to 2024-11-17T14:52:02.310781+00:00, run_after=2024-11-18T14:52:02.310781+00:00
[2024-11-18T14:52:02.339+0000] {processor.py:179} INFO - Processing /home/airflow/.local/lib/python3.8/site-packages/airflow/example_dags/example_task_group.py took 0.113 seconds
[2024-11-18T14:52:36.178+0000] {processor.py:157} INFO - Started process (PID=2002) to work on /home/airflow/.local/lib/python3.8/site-packages/airflow/example_dags/example_task_group.py
[2024-11-18T14:52:36.180+0000] {processor.py:829} INFO - Processing file /home/airflow/.local/lib/python3.8/site-packages/airflow/example_dags/example_task_group.py for tasks to queue
[2024-11-18T14:52:36.184+0000] {logging_mixin.py:151} INFO - [2024-11-18T14:52:36.183+0000] {dagbag.py:536} INFO - Filling up the DagBag from /home/airflow/.local/lib/python3.8/site-packages/airflow/example_dags/example_task_group.py
[2024-11-18T14:52:36.194+0000] {processor.py:839} INFO - DAG(s) dict_keys(['example_task_group']) retrieved from /home/airflow/.local/lib/python3.8/site-packages/airflow/example_dags/example_task_group.py
[2024-11-18T14:52:36.229+0000] {logging_mixin.py:151} INFO - [2024-11-18T14:52:36.228+0000] {dag.py:2941} INFO - Sync 1 DAGs
[2024-11-18T14:52:36.266+0000] {logging_mixin.py:151} INFO - [2024-11-18T14:52:36.266+0000] {dag.py:3722} INFO - Setting next_dagrun for example_task_group to 2024-11-17T14:52:36.266186+00:00, run_after=2024-11-18T14:52:36.266186+00:00
[2024-11-18T14:52:36.293+0000] {processor.py:179} INFO - Processing /home/airflow/.local/lib/python3.8/site-packages/airflow/example_dags/example_task_group.py took 0.120 seconds
[2024-11-18T14:53:09.054+0000] {processor.py:157} INFO - Started process (PID=2057) to work on /home/airflow/.local/lib/python3.8/site-packages/airflow/example_dags/example_task_group.py
[2024-11-18T14:53:09.055+0000] {processor.py:829} INFO - Processing file /home/airflow/.local/lib/python3.8/site-packages/airflow/example_dags/example_task_group.py for tasks to queue
[2024-11-18T14:53:09.058+0000] {logging_mixin.py:151} INFO - [2024-11-18T14:53:09.058+0000] {dagbag.py:536} INFO - Filling up the DagBag from /home/airflow/.local/lib/python3.8/site-packages/airflow/example_dags/example_task_group.py
[2024-11-18T14:53:09.069+0000] {processor.py:839} INFO - DAG(s) dict_keys(['example_task_group']) retrieved from /home/airflow/.local/lib/python3.8/site-packages/airflow/example_dags/example_task_group.py
[2024-11-18T14:53:09.103+0000] {logging_mixin.py:151} INFO - [2024-11-18T14:53:09.102+0000] {dag.py:2941} INFO - Sync 1 DAGs
[2024-11-18T14:53:09.138+0000] {logging_mixin.py:151} INFO - [2024-11-18T14:53:09.138+0000] {dag.py:3722} INFO - Setting next_dagrun for example_task_group to 2024-11-17T14:53:09.137969+00:00, run_after=2024-11-18T14:53:09.137969+00:00
[2024-11-18T14:53:09.169+0000] {processor.py:179} INFO - Processing /home/airflow/.local/lib/python3.8/site-packages/airflow/example_dags/example_task_group.py took 0.120 seconds
[2024-11-18T14:53:43.040+0000] {processor.py:157} INFO - Started process (PID=2113) to work on /home/airflow/.local/lib/python3.8/site-packages/airflow/example_dags/example_task_group.py
[2024-11-18T14:53:43.041+0000] {processor.py:829} INFO - Processing file /home/airflow/.local/lib/python3.8/site-packages/airflow/example_dags/example_task_group.py for tasks to queue
[2024-11-18T14:53:43.045+0000] {logging_mixin.py:151} INFO - [2024-11-18T14:53:43.044+0000] {dagbag.py:536} INFO - Filling up the DagBag from /home/airflow/.local/lib/python3.8/site-packages/airflow/example_dags/example_task_group.py
[2024-11-18T14:53:43.058+0000] {processor.py:839} INFO - DAG(s) dict_keys(['example_task_group']) retrieved from /home/airflow/.local/lib/python3.8/site-packages/airflow/example_dags/example_task_group.py
[2024-11-18T14:53:43.097+0000] {logging_mixin.py:151} INFO - [2024-11-18T14:53:43.097+0000] {dag.py:2941} INFO - Sync 1 DAGs
[2024-11-18T14:53:43.139+0000] {logging_mixin.py:151} INFO - [2024-11-18T14:53:43.138+0000] {dag.py:3722} INFO - Setting next_dagrun for example_task_group to 2024-11-17T14:53:43.138419+00:00, run_after=2024-11-18T14:53:43.138419+00:00
[2024-11-18T14:53:43.167+0000] {processor.py:179} INFO - Processing /home/airflow/.local/lib/python3.8/site-packages/airflow/example_dags/example_task_group.py took 0.132 seconds
[2024-11-18T14:54:16.360+0000] {processor.py:157} INFO - Started process (PID=2168) to work on /home/airflow/.local/lib/python3.8/site-packages/airflow/example_dags/example_task_group.py
[2024-11-18T14:54:16.362+0000] {processor.py:829} INFO - Processing file /home/airflow/.local/lib/python3.8/site-packages/airflow/example_dags/example_task_group.py for tasks to queue
[2024-11-18T14:54:16.365+0000] {logging_mixin.py:151} INFO - [2024-11-18T14:54:16.365+0000] {dagbag.py:536} INFO - Filling up the DagBag from /home/airflow/.local/lib/python3.8/site-packages/airflow/example_dags/example_task_group.py
[2024-11-18T14:54:16.377+0000] {processor.py:839} INFO - DAG(s) dict_keys(['example_task_group']) retrieved from /home/airflow/.local/lib/python3.8/site-packages/airflow/example_dags/example_task_group.py
[2024-11-18T14:54:16.412+0000] {logging_mixin.py:151} INFO - [2024-11-18T14:54:16.412+0000] {dag.py:2941} INFO - Sync 1 DAGs
[2024-11-18T14:54:16.446+0000] {logging_mixin.py:151} INFO - [2024-11-18T14:54:16.446+0000] {dag.py:3722} INFO - Setting next_dagrun for example_task_group to 2024-11-17T14:54:16.446263+00:00, run_after=2024-11-18T14:54:16.446263+00:00
[2024-11-18T14:54:16.475+0000] {processor.py:179} INFO - Processing /home/airflow/.local/lib/python3.8/site-packages/airflow/example_dags/example_task_group.py took 0.119 seconds
[2024-11-18T14:54:49.772+0000] {processor.py:157} INFO - Started process (PID=2223) to work on /home/airflow/.local/lib/python3.8/site-packages/airflow/example_dags/example_task_group.py
[2024-11-18T14:54:49.774+0000] {processor.py:829} INFO - Processing file /home/airflow/.local/lib/python3.8/site-packages/airflow/example_dags/example_task_group.py for tasks to queue
[2024-11-18T14:54:49.777+0000] {logging_mixin.py:151} INFO - [2024-11-18T14:54:49.776+0000] {dagbag.py:536} INFO - Filling up the DagBag from /home/airflow/.local/lib/python3.8/site-packages/airflow/example_dags/example_task_group.py
[2024-11-18T14:54:49.787+0000] {processor.py:839} INFO - DAG(s) dict_keys(['example_task_group']) retrieved from /home/airflow/.local/lib/python3.8/site-packages/airflow/example_dags/example_task_group.py
[2024-11-18T14:54:49.821+0000] {logging_mixin.py:151} INFO - [2024-11-18T14:54:49.821+0000] {dag.py:2941} INFO - Sync 1 DAGs
[2024-11-18T14:54:49.854+0000] {logging_mixin.py:151} INFO - [2024-11-18T14:54:49.854+0000] {dag.py:3722} INFO - Setting next_dagrun for example_task_group to 2024-11-17T14:54:49.854010+00:00, run_after=2024-11-18T14:54:49.854010+00:00
[2024-11-18T14:54:49.883+0000] {processor.py:179} INFO - Processing /home/airflow/.local/lib/python3.8/site-packages/airflow/example_dags/example_task_group.py took 0.115 seconds
[2024-11-18T14:55:23.082+0000] {processor.py:157} INFO - Started process (PID=2278) to work on /home/airflow/.local/lib/python3.8/site-packages/airflow/example_dags/example_task_group.py
[2024-11-18T14:55:23.084+0000] {processor.py:829} INFO - Processing file /home/airflow/.local/lib/python3.8/site-packages/airflow/example_dags/example_task_group.py for tasks to queue
[2024-11-18T14:55:23.087+0000] {logging_mixin.py:151} INFO - [2024-11-18T14:55:23.087+0000] {dagbag.py:536} INFO - Filling up the DagBag from /home/airflow/.local/lib/python3.8/site-packages/airflow/example_dags/example_task_group.py
[2024-11-18T14:55:23.097+0000] {processor.py:839} INFO - DAG(s) dict_keys(['example_task_group']) retrieved from /home/airflow/.local/lib/python3.8/site-packages/airflow/example_dags/example_task_group.py
[2024-11-18T14:55:23.131+0000] {logging_mixin.py:151} INFO - [2024-11-18T14:55:23.131+0000] {dag.py:2941} INFO - Sync 1 DAGs
[2024-11-18T14:55:23.166+0000] {logging_mixin.py:151} INFO - [2024-11-18T14:55:23.165+0000] {dag.py:3722} INFO - Setting next_dagrun for example_task_group to 2024-11-17T14:55:23.165622+00:00, run_after=2024-11-18T14:55:23.165622+00:00
[2024-11-18T14:55:23.197+0000] {processor.py:179} INFO - Processing /home/airflow/.local/lib/python3.8/site-packages/airflow/example_dags/example_task_group.py took 0.119 seconds
[2024-11-18T14:55:56.456+0000] {processor.py:157} INFO - Started process (PID=2333) to work on /home/airflow/.local/lib/python3.8/site-packages/airflow/example_dags/example_task_group.py
[2024-11-18T14:55:56.457+0000] {processor.py:829} INFO - Processing file /home/airflow/.local/lib/python3.8/site-packages/airflow/example_dags/example_task_group.py for tasks to queue
[2024-11-18T14:55:56.461+0000] {logging_mixin.py:151} INFO - [2024-11-18T14:55:56.460+0000] {dagbag.py:536} INFO - Filling up the DagBag from /home/airflow/.local/lib/python3.8/site-packages/airflow/example_dags/example_task_group.py
[2024-11-18T14:55:56.471+0000] {processor.py:839} INFO - DAG(s) dict_keys(['example_task_group']) retrieved from /home/airflow/.local/lib/python3.8/site-packages/airflow/example_dags/example_task_group.py
[2024-11-18T14:55:56.504+0000] {logging_mixin.py:151} INFO - [2024-11-18T14:55:56.504+0000] {dag.py:2941} INFO - Sync 1 DAGs
[2024-11-18T14:55:56.537+0000] {logging_mixin.py:151} INFO - [2024-11-18T14:55:56.537+0000] {dag.py:3722} INFO - Setting next_dagrun for example_task_group to 2024-11-17T14:55:56.536943+00:00, run_after=2024-11-18T14:55:56.536943+00:00
[2024-11-18T14:55:56.566+0000] {processor.py:179} INFO - Processing /home/airflow/.local/lib/python3.8/site-packages/airflow/example_dags/example_task_group.py took 0.115 seconds
[2024-11-18T14:56:29.337+0000] {processor.py:157} INFO - Started process (PID=2388) to work on /home/airflow/.local/lib/python3.8/site-packages/airflow/example_dags/example_task_group.py
[2024-11-18T14:56:29.338+0000] {processor.py:829} INFO - Processing file /home/airflow/.local/lib/python3.8/site-packages/airflow/example_dags/example_task_group.py for tasks to queue
[2024-11-18T14:56:29.343+0000] {logging_mixin.py:151} INFO - [2024-11-18T14:56:29.342+0000] {dagbag.py:536} INFO - Filling up the DagBag from /home/airflow/.local/lib/python3.8/site-packages/airflow/example_dags/example_task_group.py
[2024-11-18T14:56:29.354+0000] {processor.py:839} INFO - DAG(s) dict_keys(['example_task_group']) retrieved from /home/airflow/.local/lib/python3.8/site-packages/airflow/example_dags/example_task_group.py
[2024-11-18T14:56:29.390+0000] {logging_mixin.py:151} INFO - [2024-11-18T14:56:29.390+0000] {dag.py:2941} INFO - Sync 1 DAGs
[2024-11-18T14:56:29.427+0000] {logging_mixin.py:151} INFO - [2024-11-18T14:56:29.427+0000] {dag.py:3722} INFO - Setting next_dagrun for example_task_group to 2024-11-17T14:56:29.426707+00:00, run_after=2024-11-18T14:56:29.426707+00:00
[2024-11-18T14:56:29.459+0000] {processor.py:179} INFO - Processing /home/airflow/.local/lib/python3.8/site-packages/airflow/example_dags/example_task_group.py took 0.126 seconds
[2024-11-18T14:57:03.160+0000] {processor.py:157} INFO - Started process (PID=2443) to work on /home/airflow/.local/lib/python3.8/site-packages/airflow/example_dags/example_task_group.py
[2024-11-18T14:57:03.161+0000] {processor.py:829} INFO - Processing file /home/airflow/.local/lib/python3.8/site-packages/airflow/example_dags/example_task_group.py for tasks to queue
[2024-11-18T14:57:03.165+0000] {logging_mixin.py:151} INFO - [2024-11-18T14:57:03.164+0000] {dagbag.py:536} INFO - Filling up the DagBag from /home/airflow/.local/lib/python3.8/site-packages/airflow/example_dags/example_task_group.py
[2024-11-18T14:57:03.175+0000] {processor.py:839} INFO - DAG(s) dict_keys(['example_task_group']) retrieved from /home/airflow/.local/lib/python3.8/site-packages/airflow/example_dags/example_task_group.py
[2024-11-18T14:57:03.211+0000] {logging_mixin.py:151} INFO - [2024-11-18T14:57:03.211+0000] {dag.py:2941} INFO - Sync 1 DAGs
[2024-11-18T14:57:03.246+0000] {logging_mixin.py:151} INFO - [2024-11-18T14:57:03.246+0000] {dag.py:3722} INFO - Setting next_dagrun for example_task_group to 2024-11-17T14:57:03.245788+00:00, run_after=2024-11-18T14:57:03.245788+00:00
[2024-11-18T14:57:03.275+0000] {processor.py:179} INFO - Processing /home/airflow/.local/lib/python3.8/site-packages/airflow/example_dags/example_task_group.py took 0.120 seconds
[2024-11-18T14:57:36.077+0000] {processor.py:157} INFO - Started process (PID=2498) to work on /home/airflow/.local/lib/python3.8/site-packages/airflow/example_dags/example_task_group.py
[2024-11-18T14:57:36.078+0000] {processor.py:829} INFO - Processing file /home/airflow/.local/lib/python3.8/site-packages/airflow/example_dags/example_task_group.py for tasks to queue
[2024-11-18T14:57:36.082+0000] {logging_mixin.py:151} INFO - [2024-11-18T14:57:36.082+0000] {dagbag.py:536} INFO - Filling up the DagBag from /home/airflow/.local/lib/python3.8/site-packages/airflow/example_dags/example_task_group.py
[2024-11-18T14:57:36.095+0000] {processor.py:839} INFO - DAG(s) dict_keys(['example_task_group']) retrieved from /home/airflow/.local/lib/python3.8/site-packages/airflow/example_dags/example_task_group.py
[2024-11-18T14:57:36.133+0000] {logging_mixin.py:151} INFO - [2024-11-18T14:57:36.133+0000] {dag.py:2941} INFO - Sync 1 DAGs
[2024-11-18T14:57:36.174+0000] {logging_mixin.py:151} INFO - [2024-11-18T14:57:36.174+0000] {dag.py:3722} INFO - Setting next_dagrun for example_task_group to 2024-11-17T14:57:36.174070+00:00, run_after=2024-11-18T14:57:36.174070+00:00
[2024-11-18T14:57:36.208+0000] {processor.py:179} INFO - Processing /home/airflow/.local/lib/python3.8/site-packages/airflow/example_dags/example_task_group.py took 0.136 seconds
[2024-11-18T14:58:09.755+0000] {processor.py:157} INFO - Started process (PID=2553) to work on /home/airflow/.local/lib/python3.8/site-packages/airflow/example_dags/example_task_group.py
[2024-11-18T14:58:09.757+0000] {processor.py:829} INFO - Processing file /home/airflow/.local/lib/python3.8/site-packages/airflow/example_dags/example_task_group.py for tasks to queue
[2024-11-18T14:58:09.760+0000] {logging_mixin.py:151} INFO - [2024-11-18T14:58:09.760+0000] {dagbag.py:536} INFO - Filling up the DagBag from /home/airflow/.local/lib/python3.8/site-packages/airflow/example_dags/example_task_group.py
[2024-11-18T14:58:09.773+0000] {processor.py:839} INFO - DAG(s) dict_keys(['example_task_group']) retrieved from /home/airflow/.local/lib/python3.8/site-packages/airflow/example_dags/example_task_group.py
[2024-11-18T14:58:09.810+0000] {logging_mixin.py:151} INFO - [2024-11-18T14:58:09.809+0000] {dag.py:2941} INFO - Sync 1 DAGs
[2024-11-18T14:58:09.848+0000] {logging_mixin.py:151} INFO - [2024-11-18T14:58:09.848+0000] {dag.py:3722} INFO - Setting next_dagrun for example_task_group to 2024-11-17T14:58:09.847667+00:00, run_after=2024-11-18T14:58:09.847667+00:00
[2024-11-18T14:58:09.880+0000] {processor.py:179} INFO - Processing /home/airflow/.local/lib/python3.8/site-packages/airflow/example_dags/example_task_group.py took 0.130 seconds
