[2024-11-18T14:20:18.016+0000] {processor.py:157} INFO - Started process (PID=103) to work on /home/airflow/.local/lib/python3.8/site-packages/airflow/example_dags/example_time_delta_sensor_async.py
[2024-11-18T14:20:18.017+0000] {processor.py:829} INFO - Processing file /home/airflow/.local/lib/python3.8/site-packages/airflow/example_dags/example_time_delta_sensor_async.py for tasks to queue
[2024-11-18T14:20:18.020+0000] {logging_mixin.py:151} INFO - [2024-11-18T14:20:18.020+0000] {dagbag.py:536} INFO - Filling up the DagBag from /home/airflow/.local/lib/python3.8/site-packages/airflow/example_dags/example_time_delta_sensor_async.py
[2024-11-18T14:20:18.032+0000] {processor.py:839} INFO - DAG(s) dict_keys(['example_time_delta_sensor_async']) retrieved from /home/airflow/.local/lib/python3.8/site-packages/airflow/example_dags/example_time_delta_sensor_async.py
[2024-11-18T14:20:18.212+0000] {logging_mixin.py:151} INFO - [2024-11-18T14:20:18.211+0000] {manager.py:499} INFO - Created Permission View: %s
[2024-11-18T14:20:18.228+0000] {logging_mixin.py:151} INFO - [2024-11-18T14:20:18.228+0000] {manager.py:499} INFO - Created Permission View: %s
[2024-11-18T14:20:18.239+0000] {logging_mixin.py:151} INFO - [2024-11-18T14:20:18.239+0000] {manager.py:499} INFO - Created Permission View: %s
[2024-11-18T14:20:18.240+0000] {logging_mixin.py:151} INFO - [2024-11-18T14:20:18.239+0000] {dag.py:2941} INFO - Sync 1 DAGs
[2024-11-18T14:20:18.258+0000] {logging_mixin.py:151} INFO - [2024-11-18T14:20:18.258+0000] {dag.py:2963} INFO - Creating ORM DAG for example_time_delta_sensor_async
[2024-11-18T14:20:18.260+0000] {logging_mixin.py:151} INFO - [2024-11-18T14:20:18.260+0000] {dag.py:3722} INFO - Setting next_dagrun for example_time_delta_sensor_async to None, run_after=None
[2024-11-18T14:20:18.286+0000] {processor.py:179} INFO - Processing /home/airflow/.local/lib/python3.8/site-packages/airflow/example_dags/example_time_delta_sensor_async.py took 0.276 seconds
[2024-11-18T14:20:49.042+0000] {processor.py:157} INFO - Started process (PID=150) to work on /home/airflow/.local/lib/python3.8/site-packages/airflow/example_dags/example_time_delta_sensor_async.py
[2024-11-18T14:20:49.044+0000] {processor.py:829} INFO - Processing file /home/airflow/.local/lib/python3.8/site-packages/airflow/example_dags/example_time_delta_sensor_async.py for tasks to queue
[2024-11-18T14:20:49.047+0000] {logging_mixin.py:151} INFO - [2024-11-18T14:20:49.046+0000] {dagbag.py:536} INFO - Filling up the DagBag from /home/airflow/.local/lib/python3.8/site-packages/airflow/example_dags/example_time_delta_sensor_async.py
[2024-11-18T14:20:49.054+0000] {processor.py:839} INFO - DAG(s) dict_keys(['example_time_delta_sensor_async']) retrieved from /home/airflow/.local/lib/python3.8/site-packages/airflow/example_dags/example_time_delta_sensor_async.py
[2024-11-18T14:20:49.090+0000] {logging_mixin.py:151} INFO - [2024-11-18T14:20:49.090+0000] {dag.py:2941} INFO - Sync 1 DAGs
[2024-11-18T14:20:49.121+0000] {logging_mixin.py:151} INFO - [2024-11-18T14:20:49.120+0000] {dag.py:3722} INFO - Setting next_dagrun for example_time_delta_sensor_async to None, run_after=None
[2024-11-18T14:20:49.159+0000] {processor.py:179} INFO - Processing /home/airflow/.local/lib/python3.8/site-packages/airflow/example_dags/example_time_delta_sensor_async.py took 0.122 seconds
[2024-11-18T14:21:19.731+0000] {processor.py:157} INFO - Started process (PID=204) to work on /home/airflow/.local/lib/python3.8/site-packages/airflow/example_dags/example_time_delta_sensor_async.py
[2024-11-18T14:21:19.733+0000] {processor.py:829} INFO - Processing file /home/airflow/.local/lib/python3.8/site-packages/airflow/example_dags/example_time_delta_sensor_async.py for tasks to queue
[2024-11-18T14:21:19.736+0000] {logging_mixin.py:151} INFO - [2024-11-18T14:21:19.736+0000] {dagbag.py:536} INFO - Filling up the DagBag from /home/airflow/.local/lib/python3.8/site-packages/airflow/example_dags/example_time_delta_sensor_async.py
[2024-11-18T14:21:19.744+0000] {processor.py:839} INFO - DAG(s) dict_keys(['example_time_delta_sensor_async']) retrieved from /home/airflow/.local/lib/python3.8/site-packages/airflow/example_dags/example_time_delta_sensor_async.py
[2024-11-18T14:21:19.783+0000] {logging_mixin.py:151} INFO - [2024-11-18T14:21:19.783+0000] {dag.py:2941} INFO - Sync 1 DAGs
[2024-11-18T14:21:19.809+0000] {logging_mixin.py:151} INFO - [2024-11-18T14:21:19.808+0000] {dag.py:3722} INFO - Setting next_dagrun for example_time_delta_sensor_async to None, run_after=None
[2024-11-18T14:21:19.845+0000] {processor.py:179} INFO - Processing /home/airflow/.local/lib/python3.8/site-packages/airflow/example_dags/example_time_delta_sensor_async.py took 0.118 seconds
[2024-11-18T14:21:49.988+0000] {processor.py:157} INFO - Started process (PID=258) to work on /home/airflow/.local/lib/python3.8/site-packages/airflow/example_dags/example_time_delta_sensor_async.py
[2024-11-18T14:21:49.990+0000] {processor.py:829} INFO - Processing file /home/airflow/.local/lib/python3.8/site-packages/airflow/example_dags/example_time_delta_sensor_async.py for tasks to queue
[2024-11-18T14:21:49.993+0000] {logging_mixin.py:151} INFO - [2024-11-18T14:21:49.993+0000] {dagbag.py:536} INFO - Filling up the DagBag from /home/airflow/.local/lib/python3.8/site-packages/airflow/example_dags/example_time_delta_sensor_async.py
[2024-11-18T14:21:50.000+0000] {processor.py:839} INFO - DAG(s) dict_keys(['example_time_delta_sensor_async']) retrieved from /home/airflow/.local/lib/python3.8/site-packages/airflow/example_dags/example_time_delta_sensor_async.py
[2024-11-18T14:21:50.034+0000] {logging_mixin.py:151} INFO - [2024-11-18T14:21:50.033+0000] {dag.py:2941} INFO - Sync 1 DAGs
[2024-11-18T14:21:50.055+0000] {logging_mixin.py:151} INFO - [2024-11-18T14:21:50.055+0000] {dag.py:3722} INFO - Setting next_dagrun for example_time_delta_sensor_async to None, run_after=None
[2024-11-18T14:21:50.087+0000] {processor.py:179} INFO - Processing /home/airflow/.local/lib/python3.8/site-packages/airflow/example_dags/example_time_delta_sensor_async.py took 0.104 seconds
[2024-11-18T14:22:20.379+0000] {processor.py:157} INFO - Started process (PID=312) to work on /home/airflow/.local/lib/python3.8/site-packages/airflow/example_dags/example_time_delta_sensor_async.py
[2024-11-18T14:22:20.380+0000] {processor.py:829} INFO - Processing file /home/airflow/.local/lib/python3.8/site-packages/airflow/example_dags/example_time_delta_sensor_async.py for tasks to queue
[2024-11-18T14:22:20.384+0000] {logging_mixin.py:151} INFO - [2024-11-18T14:22:20.383+0000] {dagbag.py:536} INFO - Filling up the DagBag from /home/airflow/.local/lib/python3.8/site-packages/airflow/example_dags/example_time_delta_sensor_async.py
[2024-11-18T14:22:20.390+0000] {processor.py:839} INFO - DAG(s) dict_keys(['example_time_delta_sensor_async']) retrieved from /home/airflow/.local/lib/python3.8/site-packages/airflow/example_dags/example_time_delta_sensor_async.py
[2024-11-18T14:22:20.420+0000] {logging_mixin.py:151} INFO - [2024-11-18T14:22:20.420+0000] {dag.py:2941} INFO - Sync 1 DAGs
[2024-11-18T14:22:20.443+0000] {logging_mixin.py:151} INFO - [2024-11-18T14:22:20.442+0000] {dag.py:3722} INFO - Setting next_dagrun for example_time_delta_sensor_async to None, run_after=None
[2024-11-18T14:22:20.477+0000] {processor.py:179} INFO - Processing /home/airflow/.local/lib/python3.8/site-packages/airflow/example_dags/example_time_delta_sensor_async.py took 0.103 seconds
[2024-11-18T14:22:50.978+0000] {processor.py:157} INFO - Started process (PID=367) to work on /home/airflow/.local/lib/python3.8/site-packages/airflow/example_dags/example_time_delta_sensor_async.py
[2024-11-18T14:22:50.979+0000] {processor.py:829} INFO - Processing file /home/airflow/.local/lib/python3.8/site-packages/airflow/example_dags/example_time_delta_sensor_async.py for tasks to queue
[2024-11-18T14:22:50.983+0000] {logging_mixin.py:151} INFO - [2024-11-18T14:22:50.982+0000] {dagbag.py:536} INFO - Filling up the DagBag from /home/airflow/.local/lib/python3.8/site-packages/airflow/example_dags/example_time_delta_sensor_async.py
[2024-11-18T14:22:50.990+0000] {processor.py:839} INFO - DAG(s) dict_keys(['example_time_delta_sensor_async']) retrieved from /home/airflow/.local/lib/python3.8/site-packages/airflow/example_dags/example_time_delta_sensor_async.py
[2024-11-18T14:22:51.021+0000] {logging_mixin.py:151} INFO - [2024-11-18T14:22:51.021+0000] {dag.py:2941} INFO - Sync 1 DAGs
[2024-11-18T14:22:51.043+0000] {logging_mixin.py:151} INFO - [2024-11-18T14:22:51.042+0000] {dag.py:3722} INFO - Setting next_dagrun for example_time_delta_sensor_async to None, run_after=None
[2024-11-18T14:22:51.077+0000] {processor.py:179} INFO - Processing /home/airflow/.local/lib/python3.8/site-packages/airflow/example_dags/example_time_delta_sensor_async.py took 0.104 seconds
[2024-11-18T14:23:21.435+0000] {processor.py:157} INFO - Started process (PID=421) to work on /home/airflow/.local/lib/python3.8/site-packages/airflow/example_dags/example_time_delta_sensor_async.py
[2024-11-18T14:23:21.436+0000] {processor.py:829} INFO - Processing file /home/airflow/.local/lib/python3.8/site-packages/airflow/example_dags/example_time_delta_sensor_async.py for tasks to queue
[2024-11-18T14:23:21.440+0000] {logging_mixin.py:151} INFO - [2024-11-18T14:23:21.440+0000] {dagbag.py:536} INFO - Filling up the DagBag from /home/airflow/.local/lib/python3.8/site-packages/airflow/example_dags/example_time_delta_sensor_async.py
[2024-11-18T14:23:21.449+0000] {processor.py:839} INFO - DAG(s) dict_keys(['example_time_delta_sensor_async']) retrieved from /home/airflow/.local/lib/python3.8/site-packages/airflow/example_dags/example_time_delta_sensor_async.py
[2024-11-18T14:23:21.486+0000] {logging_mixin.py:151} INFO - [2024-11-18T14:23:21.486+0000] {dag.py:2941} INFO - Sync 1 DAGs
[2024-11-18T14:23:21.509+0000] {logging_mixin.py:151} INFO - [2024-11-18T14:23:21.509+0000] {dag.py:3722} INFO - Setting next_dagrun for example_time_delta_sensor_async to None, run_after=None
[2024-11-18T14:23:21.548+0000] {processor.py:179} INFO - Processing /home/airflow/.local/lib/python3.8/site-packages/airflow/example_dags/example_time_delta_sensor_async.py took 0.119 seconds
[2024-11-18T14:23:51.657+0000] {processor.py:157} INFO - Started process (PID=475) to work on /home/airflow/.local/lib/python3.8/site-packages/airflow/example_dags/example_time_delta_sensor_async.py
[2024-11-18T14:23:51.659+0000] {processor.py:829} INFO - Processing file /home/airflow/.local/lib/python3.8/site-packages/airflow/example_dags/example_time_delta_sensor_async.py for tasks to queue
[2024-11-18T14:23:51.662+0000] {logging_mixin.py:151} INFO - [2024-11-18T14:23:51.662+0000] {dagbag.py:536} INFO - Filling up the DagBag from /home/airflow/.local/lib/python3.8/site-packages/airflow/example_dags/example_time_delta_sensor_async.py
[2024-11-18T14:23:51.669+0000] {processor.py:839} INFO - DAG(s) dict_keys(['example_time_delta_sensor_async']) retrieved from /home/airflow/.local/lib/python3.8/site-packages/airflow/example_dags/example_time_delta_sensor_async.py
[2024-11-18T14:23:51.706+0000] {logging_mixin.py:151} INFO - [2024-11-18T14:23:51.705+0000] {dag.py:2941} INFO - Sync 1 DAGs
[2024-11-18T14:23:51.732+0000] {logging_mixin.py:151} INFO - [2024-11-18T14:23:51.732+0000] {dag.py:3722} INFO - Setting next_dagrun for example_time_delta_sensor_async to None, run_after=None
[2024-11-18T14:23:51.761+0000] {processor.py:179} INFO - Processing /home/airflow/.local/lib/python3.8/site-packages/airflow/example_dags/example_time_delta_sensor_async.py took 0.110 seconds
[2024-11-18T14:24:22.420+0000] {processor.py:157} INFO - Started process (PID=529) to work on /home/airflow/.local/lib/python3.8/site-packages/airflow/example_dags/example_time_delta_sensor_async.py
[2024-11-18T14:24:22.421+0000] {processor.py:829} INFO - Processing file /home/airflow/.local/lib/python3.8/site-packages/airflow/example_dags/example_time_delta_sensor_async.py for tasks to queue
[2024-11-18T14:24:22.424+0000] {logging_mixin.py:151} INFO - [2024-11-18T14:24:22.424+0000] {dagbag.py:536} INFO - Filling up the DagBag from /home/airflow/.local/lib/python3.8/site-packages/airflow/example_dags/example_time_delta_sensor_async.py
[2024-11-18T14:24:22.431+0000] {processor.py:839} INFO - DAG(s) dict_keys(['example_time_delta_sensor_async']) retrieved from /home/airflow/.local/lib/python3.8/site-packages/airflow/example_dags/example_time_delta_sensor_async.py
[2024-11-18T14:24:22.465+0000] {logging_mixin.py:151} INFO - [2024-11-18T14:24:22.465+0000] {dag.py:2941} INFO - Sync 1 DAGs
[2024-11-18T14:24:22.487+0000] {logging_mixin.py:151} INFO - [2024-11-18T14:24:22.487+0000] {dag.py:3722} INFO - Setting next_dagrun for example_time_delta_sensor_async to None, run_after=None
[2024-11-18T14:24:22.518+0000] {processor.py:179} INFO - Processing /home/airflow/.local/lib/python3.8/site-packages/airflow/example_dags/example_time_delta_sensor_async.py took 0.104 seconds
[2024-11-18T14:24:54.546+0000] {processor.py:157} INFO - Started process (PID=584) to work on /home/airflow/.local/lib/python3.8/site-packages/airflow/example_dags/example_time_delta_sensor_async.py
[2024-11-18T14:24:54.549+0000] {processor.py:829} INFO - Processing file /home/airflow/.local/lib/python3.8/site-packages/airflow/example_dags/example_time_delta_sensor_async.py for tasks to queue
[2024-11-18T14:24:54.558+0000] {logging_mixin.py:151} INFO - [2024-11-18T14:24:54.555+0000] {dagbag.py:536} INFO - Filling up the DagBag from /home/airflow/.local/lib/python3.8/site-packages/airflow/example_dags/example_time_delta_sensor_async.py
[2024-11-18T14:24:54.571+0000] {processor.py:839} INFO - DAG(s) dict_keys(['example_time_delta_sensor_async']) retrieved from /home/airflow/.local/lib/python3.8/site-packages/airflow/example_dags/example_time_delta_sensor_async.py
[2024-11-18T14:24:54.622+0000] {logging_mixin.py:151} INFO - [2024-11-18T14:24:54.622+0000] {dag.py:2941} INFO - Sync 1 DAGs
[2024-11-18T14:24:54.654+0000] {logging_mixin.py:151} INFO - [2024-11-18T14:24:54.654+0000] {dag.py:3722} INFO - Setting next_dagrun for example_time_delta_sensor_async to None, run_after=None
[2024-11-18T14:24:54.696+0000] {processor.py:179} INFO - Processing /home/airflow/.local/lib/python3.8/site-packages/airflow/example_dags/example_time_delta_sensor_async.py took 0.156 seconds
[2024-11-18T14:25:27.101+0000] {processor.py:157} INFO - Started process (PID=638) to work on /home/airflow/.local/lib/python3.8/site-packages/airflow/example_dags/example_time_delta_sensor_async.py
[2024-11-18T14:25:27.102+0000] {processor.py:829} INFO - Processing file /home/airflow/.local/lib/python3.8/site-packages/airflow/example_dags/example_time_delta_sensor_async.py for tasks to queue
[2024-11-18T14:25:27.105+0000] {logging_mixin.py:151} INFO - [2024-11-18T14:25:27.105+0000] {dagbag.py:536} INFO - Filling up the DagBag from /home/airflow/.local/lib/python3.8/site-packages/airflow/example_dags/example_time_delta_sensor_async.py
[2024-11-18T14:25:27.112+0000] {processor.py:839} INFO - DAG(s) dict_keys(['example_time_delta_sensor_async']) retrieved from /home/airflow/.local/lib/python3.8/site-packages/airflow/example_dags/example_time_delta_sensor_async.py
[2024-11-18T14:25:27.132+0000] {logging_mixin.py:151} INFO - [2024-11-18T14:25:27.132+0000] {dag.py:2941} INFO - Sync 1 DAGs
[2024-11-18T14:25:27.154+0000] {logging_mixin.py:151} INFO - [2024-11-18T14:25:27.154+0000] {dag.py:3722} INFO - Setting next_dagrun for example_time_delta_sensor_async to None, run_after=None
[2024-11-18T14:25:27.184+0000] {processor.py:179} INFO - Processing /home/airflow/.local/lib/python3.8/site-packages/airflow/example_dags/example_time_delta_sensor_async.py took 0.088 seconds
[2024-11-18T14:25:58.452+0000] {processor.py:157} INFO - Started process (PID=692) to work on /home/airflow/.local/lib/python3.8/site-packages/airflow/example_dags/example_time_delta_sensor_async.py
[2024-11-18T14:25:58.453+0000] {processor.py:829} INFO - Processing file /home/airflow/.local/lib/python3.8/site-packages/airflow/example_dags/example_time_delta_sensor_async.py for tasks to queue
[2024-11-18T14:25:58.457+0000] {logging_mixin.py:151} INFO - [2024-11-18T14:25:58.457+0000] {dagbag.py:536} INFO - Filling up the DagBag from /home/airflow/.local/lib/python3.8/site-packages/airflow/example_dags/example_time_delta_sensor_async.py
[2024-11-18T14:25:58.469+0000] {processor.py:839} INFO - DAG(s) dict_keys(['example_time_delta_sensor_async']) retrieved from /home/airflow/.local/lib/python3.8/site-packages/airflow/example_dags/example_time_delta_sensor_async.py
[2024-11-18T14:25:58.513+0000] {logging_mixin.py:151} INFO - [2024-11-18T14:25:58.513+0000] {dag.py:2941} INFO - Sync 1 DAGs
[2024-11-18T14:25:58.543+0000] {logging_mixin.py:151} INFO - [2024-11-18T14:25:58.542+0000] {dag.py:3722} INFO - Setting next_dagrun for example_time_delta_sensor_async to None, run_after=None
[2024-11-18T14:25:58.580+0000] {processor.py:179} INFO - Processing /home/airflow/.local/lib/python3.8/site-packages/airflow/example_dags/example_time_delta_sensor_async.py took 0.135 seconds
[2024-11-18T14:26:30.835+0000] {processor.py:157} INFO - Started process (PID=739) to work on /home/airflow/.local/lib/python3.8/site-packages/airflow/example_dags/example_time_delta_sensor_async.py
[2024-11-18T14:26:30.837+0000] {processor.py:829} INFO - Processing file /home/airflow/.local/lib/python3.8/site-packages/airflow/example_dags/example_time_delta_sensor_async.py for tasks to queue
[2024-11-18T14:26:30.840+0000] {logging_mixin.py:151} INFO - [2024-11-18T14:26:30.839+0000] {dagbag.py:536} INFO - Filling up the DagBag from /home/airflow/.local/lib/python3.8/site-packages/airflow/example_dags/example_time_delta_sensor_async.py
[2024-11-18T14:26:30.847+0000] {processor.py:839} INFO - DAG(s) dict_keys(['example_time_delta_sensor_async']) retrieved from /home/airflow/.local/lib/python3.8/site-packages/airflow/example_dags/example_time_delta_sensor_async.py
[2024-11-18T14:26:30.882+0000] {logging_mixin.py:151} INFO - [2024-11-18T14:26:30.882+0000] {dag.py:2941} INFO - Sync 1 DAGs
[2024-11-18T14:26:30.910+0000] {logging_mixin.py:151} INFO - [2024-11-18T14:26:30.910+0000] {dag.py:3722} INFO - Setting next_dagrun for example_time_delta_sensor_async to None, run_after=None
[2024-11-18T14:26:30.945+0000] {processor.py:179} INFO - Processing /home/airflow/.local/lib/python3.8/site-packages/airflow/example_dags/example_time_delta_sensor_async.py took 0.115 seconds
[2024-11-18T14:27:04.671+0000] {processor.py:157} INFO - Started process (PID=794) to work on /home/airflow/.local/lib/python3.8/site-packages/airflow/example_dags/example_time_delta_sensor_async.py
[2024-11-18T14:27:04.672+0000] {processor.py:829} INFO - Processing file /home/airflow/.local/lib/python3.8/site-packages/airflow/example_dags/example_time_delta_sensor_async.py for tasks to queue
[2024-11-18T14:27:04.675+0000] {logging_mixin.py:151} INFO - [2024-11-18T14:27:04.675+0000] {dagbag.py:536} INFO - Filling up the DagBag from /home/airflow/.local/lib/python3.8/site-packages/airflow/example_dags/example_time_delta_sensor_async.py
[2024-11-18T14:27:04.682+0000] {processor.py:839} INFO - DAG(s) dict_keys(['example_time_delta_sensor_async']) retrieved from /home/airflow/.local/lib/python3.8/site-packages/airflow/example_dags/example_time_delta_sensor_async.py
[2024-11-18T14:27:04.716+0000] {logging_mixin.py:151} INFO - [2024-11-18T14:27:04.716+0000] {dag.py:2941} INFO - Sync 1 DAGs
[2024-11-18T14:27:04.737+0000] {logging_mixin.py:151} INFO - [2024-11-18T14:27:04.736+0000] {dag.py:3722} INFO - Setting next_dagrun for example_time_delta_sensor_async to None, run_after=None
[2024-11-18T14:27:04.766+0000] {processor.py:179} INFO - Processing /home/airflow/.local/lib/python3.8/site-packages/airflow/example_dags/example_time_delta_sensor_async.py took 0.100 seconds
[2024-11-18T14:27:38.269+0000] {processor.py:157} INFO - Started process (PID=848) to work on /home/airflow/.local/lib/python3.8/site-packages/airflow/example_dags/example_time_delta_sensor_async.py
[2024-11-18T14:27:38.270+0000] {processor.py:829} INFO - Processing file /home/airflow/.local/lib/python3.8/site-packages/airflow/example_dags/example_time_delta_sensor_async.py for tasks to queue
[2024-11-18T14:27:38.273+0000] {logging_mixin.py:151} INFO - [2024-11-18T14:27:38.273+0000] {dagbag.py:536} INFO - Filling up the DagBag from /home/airflow/.local/lib/python3.8/site-packages/airflow/example_dags/example_time_delta_sensor_async.py
[2024-11-18T14:27:38.280+0000] {processor.py:839} INFO - DAG(s) dict_keys(['example_time_delta_sensor_async']) retrieved from /home/airflow/.local/lib/python3.8/site-packages/airflow/example_dags/example_time_delta_sensor_async.py
[2024-11-18T14:27:38.309+0000] {logging_mixin.py:151} INFO - [2024-11-18T14:27:38.309+0000] {dag.py:2941} INFO - Sync 1 DAGs
[2024-11-18T14:27:38.329+0000] {logging_mixin.py:151} INFO - [2024-11-18T14:27:38.329+0000] {dag.py:3722} INFO - Setting next_dagrun for example_time_delta_sensor_async to None, run_after=None
[2024-11-18T14:27:38.358+0000] {processor.py:179} INFO - Processing /home/airflow/.local/lib/python3.8/site-packages/airflow/example_dags/example_time_delta_sensor_async.py took 0.093 seconds
[2024-11-18T14:28:11.738+0000] {processor.py:157} INFO - Started process (PID=903) to work on /home/airflow/.local/lib/python3.8/site-packages/airflow/example_dags/example_time_delta_sensor_async.py
[2024-11-18T14:28:11.740+0000] {processor.py:829} INFO - Processing file /home/airflow/.local/lib/python3.8/site-packages/airflow/example_dags/example_time_delta_sensor_async.py for tasks to queue
[2024-11-18T14:28:11.743+0000] {logging_mixin.py:151} INFO - [2024-11-18T14:28:11.742+0000] {dagbag.py:536} INFO - Filling up the DagBag from /home/airflow/.local/lib/python3.8/site-packages/airflow/example_dags/example_time_delta_sensor_async.py
[2024-11-18T14:28:11.749+0000] {processor.py:839} INFO - DAG(s) dict_keys(['example_time_delta_sensor_async']) retrieved from /home/airflow/.local/lib/python3.8/site-packages/airflow/example_dags/example_time_delta_sensor_async.py
[2024-11-18T14:28:11.780+0000] {logging_mixin.py:151} INFO - [2024-11-18T14:28:11.779+0000] {dag.py:2941} INFO - Sync 1 DAGs
[2024-11-18T14:28:11.799+0000] {logging_mixin.py:151} INFO - [2024-11-18T14:28:11.799+0000] {dag.py:3722} INFO - Setting next_dagrun for example_time_delta_sensor_async to None, run_after=None
[2024-11-18T14:28:11.829+0000] {processor.py:179} INFO - Processing /home/airflow/.local/lib/python3.8/site-packages/airflow/example_dags/example_time_delta_sensor_async.py took 0.096 seconds
[2024-11-18T14:28:44.545+0000] {processor.py:157} INFO - Started process (PID=957) to work on /home/airflow/.local/lib/python3.8/site-packages/airflow/example_dags/example_time_delta_sensor_async.py
[2024-11-18T14:28:44.546+0000] {processor.py:829} INFO - Processing file /home/airflow/.local/lib/python3.8/site-packages/airflow/example_dags/example_time_delta_sensor_async.py for tasks to queue
[2024-11-18T14:28:44.550+0000] {logging_mixin.py:151} INFO - [2024-11-18T14:28:44.549+0000] {dagbag.py:536} INFO - Filling up the DagBag from /home/airflow/.local/lib/python3.8/site-packages/airflow/example_dags/example_time_delta_sensor_async.py
[2024-11-18T14:28:44.557+0000] {processor.py:839} INFO - DAG(s) dict_keys(['example_time_delta_sensor_async']) retrieved from /home/airflow/.local/lib/python3.8/site-packages/airflow/example_dags/example_time_delta_sensor_async.py
[2024-11-18T14:28:44.589+0000] {logging_mixin.py:151} INFO - [2024-11-18T14:28:44.589+0000] {dag.py:2941} INFO - Sync 1 DAGs
[2024-11-18T14:28:44.611+0000] {logging_mixin.py:151} INFO - [2024-11-18T14:28:44.610+0000] {dag.py:3722} INFO - Setting next_dagrun for example_time_delta_sensor_async to None, run_after=None
[2024-11-18T14:28:44.642+0000] {processor.py:179} INFO - Processing /home/airflow/.local/lib/python3.8/site-packages/airflow/example_dags/example_time_delta_sensor_async.py took 0.102 seconds
[2024-11-18T14:29:17.998+0000] {processor.py:157} INFO - Started process (PID=1011) to work on /home/airflow/.local/lib/python3.8/site-packages/airflow/example_dags/example_time_delta_sensor_async.py
[2024-11-18T14:29:17.999+0000] {processor.py:829} INFO - Processing file /home/airflow/.local/lib/python3.8/site-packages/airflow/example_dags/example_time_delta_sensor_async.py for tasks to queue
[2024-11-18T14:29:18.003+0000] {logging_mixin.py:151} INFO - [2024-11-18T14:29:18.002+0000] {dagbag.py:536} INFO - Filling up the DagBag from /home/airflow/.local/lib/python3.8/site-packages/airflow/example_dags/example_time_delta_sensor_async.py
[2024-11-18T14:29:18.009+0000] {processor.py:839} INFO - DAG(s) dict_keys(['example_time_delta_sensor_async']) retrieved from /home/airflow/.local/lib/python3.8/site-packages/airflow/example_dags/example_time_delta_sensor_async.py
[2024-11-18T14:29:18.046+0000] {logging_mixin.py:151} INFO - [2024-11-18T14:29:18.046+0000] {dag.py:2941} INFO - Sync 1 DAGs
[2024-11-18T14:29:18.070+0000] {logging_mixin.py:151} INFO - [2024-11-18T14:29:18.069+0000] {dag.py:3722} INFO - Setting next_dagrun for example_time_delta_sensor_async to None, run_after=None
[2024-11-18T14:29:18.100+0000] {processor.py:179} INFO - Processing /home/airflow/.local/lib/python3.8/site-packages/airflow/example_dags/example_time_delta_sensor_async.py took 0.107 seconds
[2024-11-18T14:29:50.502+0000] {processor.py:157} INFO - Started process (PID=1065) to work on /home/airflow/.local/lib/python3.8/site-packages/airflow/example_dags/example_time_delta_sensor_async.py
[2024-11-18T14:29:50.503+0000] {processor.py:829} INFO - Processing file /home/airflow/.local/lib/python3.8/site-packages/airflow/example_dags/example_time_delta_sensor_async.py for tasks to queue
[2024-11-18T14:29:50.507+0000] {logging_mixin.py:151} INFO - [2024-11-18T14:29:50.506+0000] {dagbag.py:536} INFO - Filling up the DagBag from /home/airflow/.local/lib/python3.8/site-packages/airflow/example_dags/example_time_delta_sensor_async.py
[2024-11-18T14:29:50.514+0000] {processor.py:839} INFO - DAG(s) dict_keys(['example_time_delta_sensor_async']) retrieved from /home/airflow/.local/lib/python3.8/site-packages/airflow/example_dags/example_time_delta_sensor_async.py
[2024-11-18T14:29:50.551+0000] {logging_mixin.py:151} INFO - [2024-11-18T14:29:50.551+0000] {dag.py:2941} INFO - Sync 1 DAGs
[2024-11-18T14:29:50.571+0000] {logging_mixin.py:151} INFO - [2024-11-18T14:29:50.571+0000] {dag.py:3722} INFO - Setting next_dagrun for example_time_delta_sensor_async to None, run_after=None
[2024-11-18T14:29:50.598+0000] {processor.py:179} INFO - Processing /home/airflow/.local/lib/python3.8/site-packages/airflow/example_dags/example_time_delta_sensor_async.py took 0.101 seconds
[2024-11-18T14:33:19.375+0000] {processor.py:157} INFO - Started process (PID=102) to work on /home/airflow/.local/lib/python3.8/site-packages/airflow/example_dags/example_time_delta_sensor_async.py
[2024-11-18T14:33:19.376+0000] {processor.py:829} INFO - Processing file /home/airflow/.local/lib/python3.8/site-packages/airflow/example_dags/example_time_delta_sensor_async.py for tasks to queue
[2024-11-18T14:33:19.380+0000] {logging_mixin.py:151} INFO - [2024-11-18T14:33:19.380+0000] {dagbag.py:536} INFO - Filling up the DagBag from /home/airflow/.local/lib/python3.8/site-packages/airflow/example_dags/example_time_delta_sensor_async.py
[2024-11-18T14:33:19.393+0000] {processor.py:839} INFO - DAG(s) dict_keys(['example_time_delta_sensor_async']) retrieved from /home/airflow/.local/lib/python3.8/site-packages/airflow/example_dags/example_time_delta_sensor_async.py
[2024-11-18T14:33:19.451+0000] {logging_mixin.py:151} INFO - [2024-11-18T14:33:19.450+0000] {dag.py:2941} INFO - Sync 1 DAGs
[2024-11-18T14:33:19.483+0000] {logging_mixin.py:151} INFO - [2024-11-18T14:33:19.483+0000] {dag.py:3722} INFO - Setting next_dagrun for example_time_delta_sensor_async to None, run_after=None
[2024-11-18T14:33:19.517+0000] {processor.py:179} INFO - Processing /home/airflow/.local/lib/python3.8/site-packages/airflow/example_dags/example_time_delta_sensor_async.py took 0.148 seconds
[2024-11-18T14:33:50.095+0000] {processor.py:157} INFO - Started process (PID=149) to work on /home/airflow/.local/lib/python3.8/site-packages/airflow/example_dags/example_time_delta_sensor_async.py
[2024-11-18T14:33:50.097+0000] {processor.py:829} INFO - Processing file /home/airflow/.local/lib/python3.8/site-packages/airflow/example_dags/example_time_delta_sensor_async.py for tasks to queue
[2024-11-18T14:33:50.100+0000] {logging_mixin.py:151} INFO - [2024-11-18T14:33:50.100+0000] {dagbag.py:536} INFO - Filling up the DagBag from /home/airflow/.local/lib/python3.8/site-packages/airflow/example_dags/example_time_delta_sensor_async.py
[2024-11-18T14:33:50.107+0000] {processor.py:839} INFO - DAG(s) dict_keys(['example_time_delta_sensor_async']) retrieved from /home/airflow/.local/lib/python3.8/site-packages/airflow/example_dags/example_time_delta_sensor_async.py
[2024-11-18T14:33:50.138+0000] {logging_mixin.py:151} INFO - [2024-11-18T14:33:50.137+0000] {dag.py:2941} INFO - Sync 1 DAGs
[2024-11-18T14:33:50.158+0000] {logging_mixin.py:151} INFO - [2024-11-18T14:33:50.158+0000] {dag.py:3722} INFO - Setting next_dagrun for example_time_delta_sensor_async to None, run_after=None
[2024-11-18T14:33:50.185+0000] {processor.py:179} INFO - Processing /home/airflow/.local/lib/python3.8/site-packages/airflow/example_dags/example_time_delta_sensor_async.py took 0.095 seconds
[2024-11-18T14:34:20.823+0000] {processor.py:157} INFO - Started process (PID=203) to work on /home/airflow/.local/lib/python3.8/site-packages/airflow/example_dags/example_time_delta_sensor_async.py
[2024-11-18T14:34:20.824+0000] {processor.py:829} INFO - Processing file /home/airflow/.local/lib/python3.8/site-packages/airflow/example_dags/example_time_delta_sensor_async.py for tasks to queue
[2024-11-18T14:34:20.828+0000] {logging_mixin.py:151} INFO - [2024-11-18T14:34:20.827+0000] {dagbag.py:536} INFO - Filling up the DagBag from /home/airflow/.local/lib/python3.8/site-packages/airflow/example_dags/example_time_delta_sensor_async.py
[2024-11-18T14:34:20.835+0000] {processor.py:839} INFO - DAG(s) dict_keys(['example_time_delta_sensor_async']) retrieved from /home/airflow/.local/lib/python3.8/site-packages/airflow/example_dags/example_time_delta_sensor_async.py
[2024-11-18T14:34:20.867+0000] {logging_mixin.py:151} INFO - [2024-11-18T14:34:20.867+0000] {dag.py:2941} INFO - Sync 1 DAGs
[2024-11-18T14:34:20.888+0000] {logging_mixin.py:151} INFO - [2024-11-18T14:34:20.888+0000] {dag.py:3722} INFO - Setting next_dagrun for example_time_delta_sensor_async to None, run_after=None
[2024-11-18T14:34:20.916+0000] {processor.py:179} INFO - Processing /home/airflow/.local/lib/python3.8/site-packages/airflow/example_dags/example_time_delta_sensor_async.py took 0.099 seconds
[2024-11-18T14:34:51.470+0000] {processor.py:157} INFO - Started process (PID=257) to work on /home/airflow/.local/lib/python3.8/site-packages/airflow/example_dags/example_time_delta_sensor_async.py
[2024-11-18T14:34:51.471+0000] {processor.py:829} INFO - Processing file /home/airflow/.local/lib/python3.8/site-packages/airflow/example_dags/example_time_delta_sensor_async.py for tasks to queue
[2024-11-18T14:34:51.475+0000] {logging_mixin.py:151} INFO - [2024-11-18T14:34:51.474+0000] {dagbag.py:536} INFO - Filling up the DagBag from /home/airflow/.local/lib/python3.8/site-packages/airflow/example_dags/example_time_delta_sensor_async.py
[2024-11-18T14:34:51.481+0000] {processor.py:839} INFO - DAG(s) dict_keys(['example_time_delta_sensor_async']) retrieved from /home/airflow/.local/lib/python3.8/site-packages/airflow/example_dags/example_time_delta_sensor_async.py
[2024-11-18T14:34:51.513+0000] {logging_mixin.py:151} INFO - [2024-11-18T14:34:51.512+0000] {dag.py:2941} INFO - Sync 1 DAGs
[2024-11-18T14:34:51.537+0000] {logging_mixin.py:151} INFO - [2024-11-18T14:34:51.537+0000] {dag.py:3722} INFO - Setting next_dagrun for example_time_delta_sensor_async to None, run_after=None
[2024-11-18T14:34:51.572+0000] {processor.py:179} INFO - Processing /home/airflow/.local/lib/python3.8/site-packages/airflow/example_dags/example_time_delta_sensor_async.py took 0.107 seconds
[2024-11-18T14:35:23.051+0000] {processor.py:157} INFO - Started process (PID=311) to work on /home/airflow/.local/lib/python3.8/site-packages/airflow/example_dags/example_time_delta_sensor_async.py
[2024-11-18T14:35:23.052+0000] {processor.py:829} INFO - Processing file /home/airflow/.local/lib/python3.8/site-packages/airflow/example_dags/example_time_delta_sensor_async.py for tasks to queue
[2024-11-18T14:35:23.055+0000] {logging_mixin.py:151} INFO - [2024-11-18T14:35:23.055+0000] {dagbag.py:536} INFO - Filling up the DagBag from /home/airflow/.local/lib/python3.8/site-packages/airflow/example_dags/example_time_delta_sensor_async.py
[2024-11-18T14:35:23.061+0000] {processor.py:839} INFO - DAG(s) dict_keys(['example_time_delta_sensor_async']) retrieved from /home/airflow/.local/lib/python3.8/site-packages/airflow/example_dags/example_time_delta_sensor_async.py
[2024-11-18T14:35:23.091+0000] {logging_mixin.py:151} INFO - [2024-11-18T14:35:23.091+0000] {dag.py:2941} INFO - Sync 1 DAGs
[2024-11-18T14:35:23.110+0000] {logging_mixin.py:151} INFO - [2024-11-18T14:35:23.110+0000] {dag.py:3722} INFO - Setting next_dagrun for example_time_delta_sensor_async to None, run_after=None
[2024-11-18T14:35:23.138+0000] {processor.py:179} INFO - Processing /home/airflow/.local/lib/python3.8/site-packages/airflow/example_dags/example_time_delta_sensor_async.py took 0.092 seconds
[2024-11-18T14:35:56.303+0000] {processor.py:157} INFO - Started process (PID=365) to work on /home/airflow/.local/lib/python3.8/site-packages/airflow/example_dags/example_time_delta_sensor_async.py
[2024-11-18T14:35:56.304+0000] {processor.py:829} INFO - Processing file /home/airflow/.local/lib/python3.8/site-packages/airflow/example_dags/example_time_delta_sensor_async.py for tasks to queue
[2024-11-18T14:35:56.307+0000] {logging_mixin.py:151} INFO - [2024-11-18T14:35:56.307+0000] {dagbag.py:536} INFO - Filling up the DagBag from /home/airflow/.local/lib/python3.8/site-packages/airflow/example_dags/example_time_delta_sensor_async.py
[2024-11-18T14:35:56.314+0000] {processor.py:839} INFO - DAG(s) dict_keys(['example_time_delta_sensor_async']) retrieved from /home/airflow/.local/lib/python3.8/site-packages/airflow/example_dags/example_time_delta_sensor_async.py
[2024-11-18T14:35:56.344+0000] {logging_mixin.py:151} INFO - [2024-11-18T14:35:56.343+0000] {dag.py:2941} INFO - Sync 1 DAGs
[2024-11-18T14:35:56.363+0000] {logging_mixin.py:151} INFO - [2024-11-18T14:35:56.363+0000] {dag.py:3722} INFO - Setting next_dagrun for example_time_delta_sensor_async to None, run_after=None
[2024-11-18T14:35:56.391+0000] {processor.py:179} INFO - Processing /home/airflow/.local/lib/python3.8/site-packages/airflow/example_dags/example_time_delta_sensor_async.py took 0.093 seconds
[2024-11-18T14:36:30.181+0000] {processor.py:157} INFO - Started process (PID=419) to work on /home/airflow/.local/lib/python3.8/site-packages/airflow/example_dags/example_time_delta_sensor_async.py
[2024-11-18T14:36:30.182+0000] {processor.py:829} INFO - Processing file /home/airflow/.local/lib/python3.8/site-packages/airflow/example_dags/example_time_delta_sensor_async.py for tasks to queue
[2024-11-18T14:36:30.185+0000] {logging_mixin.py:151} INFO - [2024-11-18T14:36:30.185+0000] {dagbag.py:536} INFO - Filling up the DagBag from /home/airflow/.local/lib/python3.8/site-packages/airflow/example_dags/example_time_delta_sensor_async.py
[2024-11-18T14:36:30.191+0000] {processor.py:839} INFO - DAG(s) dict_keys(['example_time_delta_sensor_async']) retrieved from /home/airflow/.local/lib/python3.8/site-packages/airflow/example_dags/example_time_delta_sensor_async.py
[2024-11-18T14:36:30.222+0000] {logging_mixin.py:151} INFO - [2024-11-18T14:36:30.222+0000] {dag.py:2941} INFO - Sync 1 DAGs
[2024-11-18T14:36:30.242+0000] {logging_mixin.py:151} INFO - [2024-11-18T14:36:30.241+0000] {dag.py:3722} INFO - Setting next_dagrun for example_time_delta_sensor_async to None, run_after=None
[2024-11-18T14:36:30.269+0000] {processor.py:179} INFO - Processing /home/airflow/.local/lib/python3.8/site-packages/airflow/example_dags/example_time_delta_sensor_async.py took 0.093 seconds
[2024-11-18T14:37:03.065+0000] {processor.py:157} INFO - Started process (PID=473) to work on /home/airflow/.local/lib/python3.8/site-packages/airflow/example_dags/example_time_delta_sensor_async.py
[2024-11-18T14:37:03.066+0000] {processor.py:829} INFO - Processing file /home/airflow/.local/lib/python3.8/site-packages/airflow/example_dags/example_time_delta_sensor_async.py for tasks to queue
[2024-11-18T14:37:03.069+0000] {logging_mixin.py:151} INFO - [2024-11-18T14:37:03.069+0000] {dagbag.py:536} INFO - Filling up the DagBag from /home/airflow/.local/lib/python3.8/site-packages/airflow/example_dags/example_time_delta_sensor_async.py
[2024-11-18T14:37:03.075+0000] {processor.py:839} INFO - DAG(s) dict_keys(['example_time_delta_sensor_async']) retrieved from /home/airflow/.local/lib/python3.8/site-packages/airflow/example_dags/example_time_delta_sensor_async.py
[2024-11-18T14:37:03.105+0000] {logging_mixin.py:151} INFO - [2024-11-18T14:37:03.105+0000] {dag.py:2941} INFO - Sync 1 DAGs
[2024-11-18T14:37:03.125+0000] {logging_mixin.py:151} INFO - [2024-11-18T14:37:03.124+0000] {dag.py:3722} INFO - Setting next_dagrun for example_time_delta_sensor_async to None, run_after=None
[2024-11-18T14:37:03.152+0000] {processor.py:179} INFO - Processing /home/airflow/.local/lib/python3.8/site-packages/airflow/example_dags/example_time_delta_sensor_async.py took 0.092 seconds
[2024-11-18T14:37:36.318+0000] {processor.py:157} INFO - Started process (PID=527) to work on /home/airflow/.local/lib/python3.8/site-packages/airflow/example_dags/example_time_delta_sensor_async.py
[2024-11-18T14:37:36.320+0000] {processor.py:829} INFO - Processing file /home/airflow/.local/lib/python3.8/site-packages/airflow/example_dags/example_time_delta_sensor_async.py for tasks to queue
[2024-11-18T14:37:36.323+0000] {logging_mixin.py:151} INFO - [2024-11-18T14:37:36.322+0000] {dagbag.py:536} INFO - Filling up the DagBag from /home/airflow/.local/lib/python3.8/site-packages/airflow/example_dags/example_time_delta_sensor_async.py
[2024-11-18T14:37:36.329+0000] {processor.py:839} INFO - DAG(s) dict_keys(['example_time_delta_sensor_async']) retrieved from /home/airflow/.local/lib/python3.8/site-packages/airflow/example_dags/example_time_delta_sensor_async.py
[2024-11-18T14:37:36.359+0000] {logging_mixin.py:151} INFO - [2024-11-18T14:37:36.359+0000] {dag.py:2941} INFO - Sync 1 DAGs
[2024-11-18T14:37:36.377+0000] {logging_mixin.py:151} INFO - [2024-11-18T14:37:36.377+0000] {dag.py:3722} INFO - Setting next_dagrun for example_time_delta_sensor_async to None, run_after=None
[2024-11-18T14:37:36.405+0000] {processor.py:179} INFO - Processing /home/airflow/.local/lib/python3.8/site-packages/airflow/example_dags/example_time_delta_sensor_async.py took 0.091 seconds
[2024-11-18T14:38:09.560+0000] {processor.py:157} INFO - Started process (PID=581) to work on /home/airflow/.local/lib/python3.8/site-packages/airflow/example_dags/example_time_delta_sensor_async.py
[2024-11-18T14:38:09.562+0000] {processor.py:829} INFO - Processing file /home/airflow/.local/lib/python3.8/site-packages/airflow/example_dags/example_time_delta_sensor_async.py for tasks to queue
[2024-11-18T14:38:09.565+0000] {logging_mixin.py:151} INFO - [2024-11-18T14:38:09.565+0000] {dagbag.py:536} INFO - Filling up the DagBag from /home/airflow/.local/lib/python3.8/site-packages/airflow/example_dags/example_time_delta_sensor_async.py
[2024-11-18T14:38:09.572+0000] {processor.py:839} INFO - DAG(s) dict_keys(['example_time_delta_sensor_async']) retrieved from /home/airflow/.local/lib/python3.8/site-packages/airflow/example_dags/example_time_delta_sensor_async.py
[2024-11-18T14:38:09.606+0000] {logging_mixin.py:151} INFO - [2024-11-18T14:38:09.605+0000] {dag.py:2941} INFO - Sync 1 DAGs
[2024-11-18T14:38:09.629+0000] {logging_mixin.py:151} INFO - [2024-11-18T14:38:09.629+0000] {dag.py:3722} INFO - Setting next_dagrun for example_time_delta_sensor_async to None, run_after=None
[2024-11-18T14:38:09.660+0000] {processor.py:179} INFO - Processing /home/airflow/.local/lib/python3.8/site-packages/airflow/example_dags/example_time_delta_sensor_async.py took 0.105 seconds
[2024-11-18T14:38:42.853+0000] {processor.py:157} INFO - Started process (PID=635) to work on /home/airflow/.local/lib/python3.8/site-packages/airflow/example_dags/example_time_delta_sensor_async.py
[2024-11-18T14:38:42.854+0000] {processor.py:829} INFO - Processing file /home/airflow/.local/lib/python3.8/site-packages/airflow/example_dags/example_time_delta_sensor_async.py for tasks to queue
[2024-11-18T14:38:42.857+0000] {logging_mixin.py:151} INFO - [2024-11-18T14:38:42.857+0000] {dagbag.py:536} INFO - Filling up the DagBag from /home/airflow/.local/lib/python3.8/site-packages/airflow/example_dags/example_time_delta_sensor_async.py
[2024-11-18T14:38:42.863+0000] {processor.py:839} INFO - DAG(s) dict_keys(['example_time_delta_sensor_async']) retrieved from /home/airflow/.local/lib/python3.8/site-packages/airflow/example_dags/example_time_delta_sensor_async.py
[2024-11-18T14:38:42.893+0000] {logging_mixin.py:151} INFO - [2024-11-18T14:38:42.893+0000] {dag.py:2941} INFO - Sync 1 DAGs
[2024-11-18T14:38:42.912+0000] {logging_mixin.py:151} INFO - [2024-11-18T14:38:42.912+0000] {dag.py:3722} INFO - Setting next_dagrun for example_time_delta_sensor_async to None, run_after=None
[2024-11-18T14:38:42.940+0000] {processor.py:179} INFO - Processing /home/airflow/.local/lib/python3.8/site-packages/airflow/example_dags/example_time_delta_sensor_async.py took 0.092 seconds
[2024-11-18T14:39:16.640+0000] {processor.py:157} INFO - Started process (PID=689) to work on /home/airflow/.local/lib/python3.8/site-packages/airflow/example_dags/example_time_delta_sensor_async.py
[2024-11-18T14:39:16.641+0000] {processor.py:829} INFO - Processing file /home/airflow/.local/lib/python3.8/site-packages/airflow/example_dags/example_time_delta_sensor_async.py for tasks to queue
[2024-11-18T14:39:16.644+0000] {logging_mixin.py:151} INFO - [2024-11-18T14:39:16.644+0000] {dagbag.py:536} INFO - Filling up the DagBag from /home/airflow/.local/lib/python3.8/site-packages/airflow/example_dags/example_time_delta_sensor_async.py
[2024-11-18T14:39:16.653+0000] {processor.py:839} INFO - DAG(s) dict_keys(['example_time_delta_sensor_async']) retrieved from /home/airflow/.local/lib/python3.8/site-packages/airflow/example_dags/example_time_delta_sensor_async.py
[2024-11-18T14:39:16.692+0000] {logging_mixin.py:151} INFO - [2024-11-18T14:39:16.691+0000] {dag.py:2941} INFO - Sync 1 DAGs
[2024-11-18T14:39:16.715+0000] {logging_mixin.py:151} INFO - [2024-11-18T14:39:16.714+0000] {dag.py:3722} INFO - Setting next_dagrun for example_time_delta_sensor_async to None, run_after=None
[2024-11-18T14:39:16.746+0000] {processor.py:179} INFO - Processing /home/airflow/.local/lib/python3.8/site-packages/airflow/example_dags/example_time_delta_sensor_async.py took 0.111 seconds
[2024-11-18T14:39:49.851+0000] {processor.py:157} INFO - Started process (PID=743) to work on /home/airflow/.local/lib/python3.8/site-packages/airflow/example_dags/example_time_delta_sensor_async.py
[2024-11-18T14:39:49.853+0000] {processor.py:829} INFO - Processing file /home/airflow/.local/lib/python3.8/site-packages/airflow/example_dags/example_time_delta_sensor_async.py for tasks to queue
[2024-11-18T14:39:49.856+0000] {logging_mixin.py:151} INFO - [2024-11-18T14:39:49.856+0000] {dagbag.py:536} INFO - Filling up the DagBag from /home/airflow/.local/lib/python3.8/site-packages/airflow/example_dags/example_time_delta_sensor_async.py
[2024-11-18T14:39:49.862+0000] {processor.py:839} INFO - DAG(s) dict_keys(['example_time_delta_sensor_async']) retrieved from /home/airflow/.local/lib/python3.8/site-packages/airflow/example_dags/example_time_delta_sensor_async.py
[2024-11-18T14:39:49.892+0000] {logging_mixin.py:151} INFO - [2024-11-18T14:39:49.892+0000] {dag.py:2941} INFO - Sync 1 DAGs
[2024-11-18T14:39:49.912+0000] {logging_mixin.py:151} INFO - [2024-11-18T14:39:49.911+0000] {dag.py:3722} INFO - Setting next_dagrun for example_time_delta_sensor_async to None, run_after=None
[2024-11-18T14:39:49.939+0000] {processor.py:179} INFO - Processing /home/airflow/.local/lib/python3.8/site-packages/airflow/example_dags/example_time_delta_sensor_async.py took 0.092 seconds
[2024-11-18T14:40:23.121+0000] {processor.py:157} INFO - Started process (PID=797) to work on /home/airflow/.local/lib/python3.8/site-packages/airflow/example_dags/example_time_delta_sensor_async.py
[2024-11-18T14:40:23.123+0000] {processor.py:829} INFO - Processing file /home/airflow/.local/lib/python3.8/site-packages/airflow/example_dags/example_time_delta_sensor_async.py for tasks to queue
[2024-11-18T14:40:23.127+0000] {logging_mixin.py:151} INFO - [2024-11-18T14:40:23.126+0000] {dagbag.py:536} INFO - Filling up the DagBag from /home/airflow/.local/lib/python3.8/site-packages/airflow/example_dags/example_time_delta_sensor_async.py
[2024-11-18T14:40:23.133+0000] {processor.py:839} INFO - DAG(s) dict_keys(['example_time_delta_sensor_async']) retrieved from /home/airflow/.local/lib/python3.8/site-packages/airflow/example_dags/example_time_delta_sensor_async.py
[2024-11-18T14:40:23.166+0000] {logging_mixin.py:151} INFO - [2024-11-18T14:40:23.166+0000] {dag.py:2941} INFO - Sync 1 DAGs
[2024-11-18T14:40:23.189+0000] {logging_mixin.py:151} INFO - [2024-11-18T14:40:23.189+0000] {dag.py:3722} INFO - Setting next_dagrun for example_time_delta_sensor_async to None, run_after=None
[2024-11-18T14:40:23.221+0000] {processor.py:179} INFO - Processing /home/airflow/.local/lib/python3.8/site-packages/airflow/example_dags/example_time_delta_sensor_async.py took 0.105 seconds
[2024-11-18T14:40:56.517+0000] {processor.py:157} INFO - Started process (PID=851) to work on /home/airflow/.local/lib/python3.8/site-packages/airflow/example_dags/example_time_delta_sensor_async.py
[2024-11-18T14:40:56.518+0000] {processor.py:829} INFO - Processing file /home/airflow/.local/lib/python3.8/site-packages/airflow/example_dags/example_time_delta_sensor_async.py for tasks to queue
[2024-11-18T14:40:56.522+0000] {logging_mixin.py:151} INFO - [2024-11-18T14:40:56.521+0000] {dagbag.py:536} INFO - Filling up the DagBag from /home/airflow/.local/lib/python3.8/site-packages/airflow/example_dags/example_time_delta_sensor_async.py
[2024-11-18T14:40:56.529+0000] {processor.py:839} INFO - DAG(s) dict_keys(['example_time_delta_sensor_async']) retrieved from /home/airflow/.local/lib/python3.8/site-packages/airflow/example_dags/example_time_delta_sensor_async.py
[2024-11-18T14:40:56.560+0000] {logging_mixin.py:151} INFO - [2024-11-18T14:40:56.559+0000] {dag.py:2941} INFO - Sync 1 DAGs
[2024-11-18T14:40:56.579+0000] {logging_mixin.py:151} INFO - [2024-11-18T14:40:56.579+0000] {dag.py:3722} INFO - Setting next_dagrun for example_time_delta_sensor_async to None, run_after=None
[2024-11-18T14:40:56.612+0000] {processor.py:179} INFO - Processing /home/airflow/.local/lib/python3.8/site-packages/airflow/example_dags/example_time_delta_sensor_async.py took 0.100 seconds
[2024-11-18T14:41:29.690+0000] {processor.py:157} INFO - Started process (PID=905) to work on /home/airflow/.local/lib/python3.8/site-packages/airflow/example_dags/example_time_delta_sensor_async.py
[2024-11-18T14:41:29.692+0000] {processor.py:829} INFO - Processing file /home/airflow/.local/lib/python3.8/site-packages/airflow/example_dags/example_time_delta_sensor_async.py for tasks to queue
[2024-11-18T14:41:29.695+0000] {logging_mixin.py:151} INFO - [2024-11-18T14:41:29.694+0000] {dagbag.py:536} INFO - Filling up the DagBag from /home/airflow/.local/lib/python3.8/site-packages/airflow/example_dags/example_time_delta_sensor_async.py
[2024-11-18T14:41:29.701+0000] {processor.py:839} INFO - DAG(s) dict_keys(['example_time_delta_sensor_async']) retrieved from /home/airflow/.local/lib/python3.8/site-packages/airflow/example_dags/example_time_delta_sensor_async.py
[2024-11-18T14:41:29.731+0000] {logging_mixin.py:151} INFO - [2024-11-18T14:41:29.731+0000] {dag.py:2941} INFO - Sync 1 DAGs
[2024-11-18T14:41:29.755+0000] {logging_mixin.py:151} INFO - [2024-11-18T14:41:29.754+0000] {dag.py:3722} INFO - Setting next_dagrun for example_time_delta_sensor_async to None, run_after=None
[2024-11-18T14:41:29.787+0000] {processor.py:179} INFO - Processing /home/airflow/.local/lib/python3.8/site-packages/airflow/example_dags/example_time_delta_sensor_async.py took 0.101 seconds
[2024-11-18T14:42:03.055+0000] {processor.py:157} INFO - Started process (PID=959) to work on /home/airflow/.local/lib/python3.8/site-packages/airflow/example_dags/example_time_delta_sensor_async.py
[2024-11-18T14:42:03.056+0000] {processor.py:829} INFO - Processing file /home/airflow/.local/lib/python3.8/site-packages/airflow/example_dags/example_time_delta_sensor_async.py for tasks to queue
[2024-11-18T14:42:03.060+0000] {logging_mixin.py:151} INFO - [2024-11-18T14:42:03.059+0000] {dagbag.py:536} INFO - Filling up the DagBag from /home/airflow/.local/lib/python3.8/site-packages/airflow/example_dags/example_time_delta_sensor_async.py
[2024-11-18T14:42:03.066+0000] {processor.py:839} INFO - DAG(s) dict_keys(['example_time_delta_sensor_async']) retrieved from /home/airflow/.local/lib/python3.8/site-packages/airflow/example_dags/example_time_delta_sensor_async.py
[2024-11-18T14:42:03.099+0000] {logging_mixin.py:151} INFO - [2024-11-18T14:42:03.099+0000] {dag.py:2941} INFO - Sync 1 DAGs
[2024-11-18T14:42:03.121+0000] {logging_mixin.py:151} INFO - [2024-11-18T14:42:03.121+0000] {dag.py:3722} INFO - Setting next_dagrun for example_time_delta_sensor_async to None, run_after=None
[2024-11-18T14:42:03.149+0000] {processor.py:179} INFO - Processing /home/airflow/.local/lib/python3.8/site-packages/airflow/example_dags/example_time_delta_sensor_async.py took 0.099 seconds
[2024-11-18T14:42:36.528+0000] {processor.py:157} INFO - Started process (PID=1013) to work on /home/airflow/.local/lib/python3.8/site-packages/airflow/example_dags/example_time_delta_sensor_async.py
[2024-11-18T14:42:36.530+0000] {processor.py:829} INFO - Processing file /home/airflow/.local/lib/python3.8/site-packages/airflow/example_dags/example_time_delta_sensor_async.py for tasks to queue
[2024-11-18T14:42:36.533+0000] {logging_mixin.py:151} INFO - [2024-11-18T14:42:36.532+0000] {dagbag.py:536} INFO - Filling up the DagBag from /home/airflow/.local/lib/python3.8/site-packages/airflow/example_dags/example_time_delta_sensor_async.py
[2024-11-18T14:42:36.540+0000] {processor.py:839} INFO - DAG(s) dict_keys(['example_time_delta_sensor_async']) retrieved from /home/airflow/.local/lib/python3.8/site-packages/airflow/example_dags/example_time_delta_sensor_async.py
[2024-11-18T14:42:36.571+0000] {logging_mixin.py:151} INFO - [2024-11-18T14:42:36.571+0000] {dag.py:2941} INFO - Sync 1 DAGs
[2024-11-18T14:42:36.591+0000] {logging_mixin.py:151} INFO - [2024-11-18T14:42:36.591+0000] {dag.py:3722} INFO - Setting next_dagrun for example_time_delta_sensor_async to None, run_after=None
[2024-11-18T14:42:36.620+0000] {processor.py:179} INFO - Processing /home/airflow/.local/lib/python3.8/site-packages/airflow/example_dags/example_time_delta_sensor_async.py took 0.097 seconds
[2024-11-18T14:43:10.529+0000] {processor.py:157} INFO - Started process (PID=1067) to work on /home/airflow/.local/lib/python3.8/site-packages/airflow/example_dags/example_time_delta_sensor_async.py
[2024-11-18T14:43:10.530+0000] {processor.py:829} INFO - Processing file /home/airflow/.local/lib/python3.8/site-packages/airflow/example_dags/example_time_delta_sensor_async.py for tasks to queue
[2024-11-18T14:43:10.533+0000] {logging_mixin.py:151} INFO - [2024-11-18T14:43:10.533+0000] {dagbag.py:536} INFO - Filling up the DagBag from /home/airflow/.local/lib/python3.8/site-packages/airflow/example_dags/example_time_delta_sensor_async.py
[2024-11-18T14:43:10.539+0000] {processor.py:839} INFO - DAG(s) dict_keys(['example_time_delta_sensor_async']) retrieved from /home/airflow/.local/lib/python3.8/site-packages/airflow/example_dags/example_time_delta_sensor_async.py
[2024-11-18T14:43:10.569+0000] {logging_mixin.py:151} INFO - [2024-11-18T14:43:10.569+0000] {dag.py:2941} INFO - Sync 1 DAGs
[2024-11-18T14:43:10.590+0000] {logging_mixin.py:151} INFO - [2024-11-18T14:43:10.590+0000] {dag.py:3722} INFO - Setting next_dagrun for example_time_delta_sensor_async to None, run_after=None
[2024-11-18T14:43:10.625+0000] {processor.py:179} INFO - Processing /home/airflow/.local/lib/python3.8/site-packages/airflow/example_dags/example_time_delta_sensor_async.py took 0.102 seconds
[2024-11-18T14:43:43.569+0000] {processor.py:157} INFO - Started process (PID=1121) to work on /home/airflow/.local/lib/python3.8/site-packages/airflow/example_dags/example_time_delta_sensor_async.py
[2024-11-18T14:43:43.571+0000] {processor.py:829} INFO - Processing file /home/airflow/.local/lib/python3.8/site-packages/airflow/example_dags/example_time_delta_sensor_async.py for tasks to queue
[2024-11-18T14:43:43.575+0000] {logging_mixin.py:151} INFO - [2024-11-18T14:43:43.575+0000] {dagbag.py:536} INFO - Filling up the DagBag from /home/airflow/.local/lib/python3.8/site-packages/airflow/example_dags/example_time_delta_sensor_async.py
[2024-11-18T14:43:43.583+0000] {processor.py:839} INFO - DAG(s) dict_keys(['example_time_delta_sensor_async']) retrieved from /home/airflow/.local/lib/python3.8/site-packages/airflow/example_dags/example_time_delta_sensor_async.py
[2024-11-18T14:43:43.620+0000] {logging_mixin.py:151} INFO - [2024-11-18T14:43:43.619+0000] {dag.py:2941} INFO - Sync 1 DAGs
[2024-11-18T14:43:43.644+0000] {logging_mixin.py:151} INFO - [2024-11-18T14:43:43.644+0000] {dag.py:3722} INFO - Setting next_dagrun for example_time_delta_sensor_async to None, run_after=None
[2024-11-18T14:43:43.683+0000] {processor.py:179} INFO - Processing /home/airflow/.local/lib/python3.8/site-packages/airflow/example_dags/example_time_delta_sensor_async.py took 0.120 seconds
[2024-11-18T14:44:16.179+0000] {processor.py:157} INFO - Started process (PID=1175) to work on /home/airflow/.local/lib/python3.8/site-packages/airflow/example_dags/example_time_delta_sensor_async.py
[2024-11-18T14:44:16.181+0000] {processor.py:829} INFO - Processing file /home/airflow/.local/lib/python3.8/site-packages/airflow/example_dags/example_time_delta_sensor_async.py for tasks to queue
[2024-11-18T14:44:16.184+0000] {logging_mixin.py:151} INFO - [2024-11-18T14:44:16.183+0000] {dagbag.py:536} INFO - Filling up the DagBag from /home/airflow/.local/lib/python3.8/site-packages/airflow/example_dags/example_time_delta_sensor_async.py
[2024-11-18T14:44:16.190+0000] {processor.py:839} INFO - DAG(s) dict_keys(['example_time_delta_sensor_async']) retrieved from /home/airflow/.local/lib/python3.8/site-packages/airflow/example_dags/example_time_delta_sensor_async.py
[2024-11-18T14:44:16.221+0000] {logging_mixin.py:151} INFO - [2024-11-18T14:44:16.220+0000] {dag.py:2941} INFO - Sync 1 DAGs
[2024-11-18T14:44:16.240+0000] {logging_mixin.py:151} INFO - [2024-11-18T14:44:16.240+0000] {dag.py:3722} INFO - Setting next_dagrun for example_time_delta_sensor_async to None, run_after=None
[2024-11-18T14:44:16.283+0000] {processor.py:179} INFO - Processing /home/airflow/.local/lib/python3.8/site-packages/airflow/example_dags/example_time_delta_sensor_async.py took 0.108 seconds
[2024-11-18T14:44:51.056+0000] {processor.py:157} INFO - Started process (PID=1229) to work on /home/airflow/.local/lib/python3.8/site-packages/airflow/example_dags/example_time_delta_sensor_async.py
[2024-11-18T14:44:51.057+0000] {processor.py:829} INFO - Processing file /home/airflow/.local/lib/python3.8/site-packages/airflow/example_dags/example_time_delta_sensor_async.py for tasks to queue
[2024-11-18T14:44:51.060+0000] {logging_mixin.py:151} INFO - [2024-11-18T14:44:51.060+0000] {dagbag.py:536} INFO - Filling up the DagBag from /home/airflow/.local/lib/python3.8/site-packages/airflow/example_dags/example_time_delta_sensor_async.py
[2024-11-18T14:44:51.067+0000] {processor.py:839} INFO - DAG(s) dict_keys(['example_time_delta_sensor_async']) retrieved from /home/airflow/.local/lib/python3.8/site-packages/airflow/example_dags/example_time_delta_sensor_async.py
[2024-11-18T14:44:51.102+0000] {logging_mixin.py:151} INFO - [2024-11-18T14:44:51.101+0000] {dag.py:2941} INFO - Sync 1 DAGs
[2024-11-18T14:44:51.124+0000] {logging_mixin.py:151} INFO - [2024-11-18T14:44:51.123+0000] {dag.py:3722} INFO - Setting next_dagrun for example_time_delta_sensor_async to None, run_after=None
[2024-11-18T14:44:51.155+0000] {processor.py:179} INFO - Processing /home/airflow/.local/lib/python3.8/site-packages/airflow/example_dags/example_time_delta_sensor_async.py took 0.104 seconds
[2024-11-18T14:45:24.006+0000] {processor.py:157} INFO - Started process (PID=1283) to work on /home/airflow/.local/lib/python3.8/site-packages/airflow/example_dags/example_time_delta_sensor_async.py
[2024-11-18T14:45:24.008+0000] {processor.py:829} INFO - Processing file /home/airflow/.local/lib/python3.8/site-packages/airflow/example_dags/example_time_delta_sensor_async.py for tasks to queue
[2024-11-18T14:45:24.011+0000] {logging_mixin.py:151} INFO - [2024-11-18T14:45:24.010+0000] {dagbag.py:536} INFO - Filling up the DagBag from /home/airflow/.local/lib/python3.8/site-packages/airflow/example_dags/example_time_delta_sensor_async.py
[2024-11-18T14:45:24.018+0000] {processor.py:839} INFO - DAG(s) dict_keys(['example_time_delta_sensor_async']) retrieved from /home/airflow/.local/lib/python3.8/site-packages/airflow/example_dags/example_time_delta_sensor_async.py
[2024-11-18T14:45:24.049+0000] {logging_mixin.py:151} INFO - [2024-11-18T14:45:24.049+0000] {dag.py:2941} INFO - Sync 1 DAGs
[2024-11-18T14:45:24.069+0000] {logging_mixin.py:151} INFO - [2024-11-18T14:45:24.069+0000] {dag.py:3722} INFO - Setting next_dagrun for example_time_delta_sensor_async to None, run_after=None
[2024-11-18T14:45:24.098+0000] {processor.py:179} INFO - Processing /home/airflow/.local/lib/python3.8/site-packages/airflow/example_dags/example_time_delta_sensor_async.py took 0.097 seconds
[2024-11-18T14:45:56.613+0000] {processor.py:157} INFO - Started process (PID=1337) to work on /home/airflow/.local/lib/python3.8/site-packages/airflow/example_dags/example_time_delta_sensor_async.py
[2024-11-18T14:45:56.615+0000] {processor.py:829} INFO - Processing file /home/airflow/.local/lib/python3.8/site-packages/airflow/example_dags/example_time_delta_sensor_async.py for tasks to queue
[2024-11-18T14:45:56.618+0000] {logging_mixin.py:151} INFO - [2024-11-18T14:45:56.617+0000] {dagbag.py:536} INFO - Filling up the DagBag from /home/airflow/.local/lib/python3.8/site-packages/airflow/example_dags/example_time_delta_sensor_async.py
[2024-11-18T14:45:56.624+0000] {processor.py:839} INFO - DAG(s) dict_keys(['example_time_delta_sensor_async']) retrieved from /home/airflow/.local/lib/python3.8/site-packages/airflow/example_dags/example_time_delta_sensor_async.py
[2024-11-18T14:45:56.654+0000] {logging_mixin.py:151} INFO - [2024-11-18T14:45:56.654+0000] {dag.py:2941} INFO - Sync 1 DAGs
[2024-11-18T14:45:56.674+0000] {logging_mixin.py:151} INFO - [2024-11-18T14:45:56.673+0000] {dag.py:3722} INFO - Setting next_dagrun for example_time_delta_sensor_async to None, run_after=None
[2024-11-18T14:45:56.702+0000] {processor.py:179} INFO - Processing /home/airflow/.local/lib/python3.8/site-packages/airflow/example_dags/example_time_delta_sensor_async.py took 0.093 seconds
[2024-11-18T14:46:30.484+0000] {processor.py:157} INFO - Started process (PID=1391) to work on /home/airflow/.local/lib/python3.8/site-packages/airflow/example_dags/example_time_delta_sensor_async.py
[2024-11-18T14:46:30.486+0000] {processor.py:829} INFO - Processing file /home/airflow/.local/lib/python3.8/site-packages/airflow/example_dags/example_time_delta_sensor_async.py for tasks to queue
[2024-11-18T14:46:30.489+0000] {logging_mixin.py:151} INFO - [2024-11-18T14:46:30.489+0000] {dagbag.py:536} INFO - Filling up the DagBag from /home/airflow/.local/lib/python3.8/site-packages/airflow/example_dags/example_time_delta_sensor_async.py
[2024-11-18T14:46:30.495+0000] {processor.py:839} INFO - DAG(s) dict_keys(['example_time_delta_sensor_async']) retrieved from /home/airflow/.local/lib/python3.8/site-packages/airflow/example_dags/example_time_delta_sensor_async.py
[2024-11-18T14:46:30.526+0000] {logging_mixin.py:151} INFO - [2024-11-18T14:46:30.526+0000] {dag.py:2941} INFO - Sync 1 DAGs
[2024-11-18T14:46:30.545+0000] {logging_mixin.py:151} INFO - [2024-11-18T14:46:30.545+0000] {dag.py:3722} INFO - Setting next_dagrun for example_time_delta_sensor_async to None, run_after=None
[2024-11-18T14:46:30.575+0000] {processor.py:179} INFO - Processing /home/airflow/.local/lib/python3.8/site-packages/airflow/example_dags/example_time_delta_sensor_async.py took 0.095 seconds
[2024-11-18T14:47:04.841+0000] {processor.py:157} INFO - Started process (PID=1445) to work on /home/airflow/.local/lib/python3.8/site-packages/airflow/example_dags/example_time_delta_sensor_async.py
[2024-11-18T14:47:04.843+0000] {processor.py:829} INFO - Processing file /home/airflow/.local/lib/python3.8/site-packages/airflow/example_dags/example_time_delta_sensor_async.py for tasks to queue
[2024-11-18T14:47:04.846+0000] {logging_mixin.py:151} INFO - [2024-11-18T14:47:04.846+0000] {dagbag.py:536} INFO - Filling up the DagBag from /home/airflow/.local/lib/python3.8/site-packages/airflow/example_dags/example_time_delta_sensor_async.py
[2024-11-18T14:47:04.853+0000] {processor.py:839} INFO - DAG(s) dict_keys(['example_time_delta_sensor_async']) retrieved from /home/airflow/.local/lib/python3.8/site-packages/airflow/example_dags/example_time_delta_sensor_async.py
[2024-11-18T14:47:04.889+0000] {logging_mixin.py:151} INFO - [2024-11-18T14:47:04.889+0000] {dag.py:2941} INFO - Sync 1 DAGs
[2024-11-18T14:47:04.913+0000] {logging_mixin.py:151} INFO - [2024-11-18T14:47:04.913+0000] {dag.py:3722} INFO - Setting next_dagrun for example_time_delta_sensor_async to None, run_after=None
[2024-11-18T14:47:05.119+0000] {processor.py:179} INFO - Processing /home/airflow/.local/lib/python3.8/site-packages/airflow/example_dags/example_time_delta_sensor_async.py took 0.282 seconds
[2024-11-18T14:47:36.864+0000] {processor.py:157} INFO - Started process (PID=1499) to work on /home/airflow/.local/lib/python3.8/site-packages/airflow/example_dags/example_time_delta_sensor_async.py
[2024-11-18T14:47:36.865+0000] {processor.py:829} INFO - Processing file /home/airflow/.local/lib/python3.8/site-packages/airflow/example_dags/example_time_delta_sensor_async.py for tasks to queue
[2024-11-18T14:47:36.868+0000] {logging_mixin.py:151} INFO - [2024-11-18T14:47:36.868+0000] {dagbag.py:536} INFO - Filling up the DagBag from /home/airflow/.local/lib/python3.8/site-packages/airflow/example_dags/example_time_delta_sensor_async.py
[2024-11-18T14:47:36.875+0000] {processor.py:839} INFO - DAG(s) dict_keys(['example_time_delta_sensor_async']) retrieved from /home/airflow/.local/lib/python3.8/site-packages/airflow/example_dags/example_time_delta_sensor_async.py
[2024-11-18T14:47:36.908+0000] {logging_mixin.py:151} INFO - [2024-11-18T14:47:36.908+0000] {dag.py:2941} INFO - Sync 1 DAGs
[2024-11-18T14:47:36.929+0000] {logging_mixin.py:151} INFO - [2024-11-18T14:47:36.929+0000] {dag.py:3722} INFO - Setting next_dagrun for example_time_delta_sensor_async to None, run_after=None
[2024-11-18T14:47:36.961+0000] {processor.py:179} INFO - Processing /home/airflow/.local/lib/python3.8/site-packages/airflow/example_dags/example_time_delta_sensor_async.py took 0.103 seconds
[2024-11-18T14:48:11.794+0000] {processor.py:157} INFO - Started process (PID=1553) to work on /home/airflow/.local/lib/python3.8/site-packages/airflow/example_dags/example_time_delta_sensor_async.py
[2024-11-18T14:48:11.795+0000] {processor.py:829} INFO - Processing file /home/airflow/.local/lib/python3.8/site-packages/airflow/example_dags/example_time_delta_sensor_async.py for tasks to queue
[2024-11-18T14:48:11.799+0000] {logging_mixin.py:151} INFO - [2024-11-18T14:48:11.798+0000] {dagbag.py:536} INFO - Filling up the DagBag from /home/airflow/.local/lib/python3.8/site-packages/airflow/example_dags/example_time_delta_sensor_async.py
[2024-11-18T14:48:11.806+0000] {processor.py:839} INFO - DAG(s) dict_keys(['example_time_delta_sensor_async']) retrieved from /home/airflow/.local/lib/python3.8/site-packages/airflow/example_dags/example_time_delta_sensor_async.py
[2024-11-18T14:48:11.843+0000] {logging_mixin.py:151} INFO - [2024-11-18T14:48:11.843+0000] {dag.py:2941} INFO - Sync 1 DAGs
[2024-11-18T14:48:11.866+0000] {logging_mixin.py:151} INFO - [2024-11-18T14:48:11.866+0000] {dag.py:3722} INFO - Setting next_dagrun for example_time_delta_sensor_async to None, run_after=None
[2024-11-18T14:48:11.902+0000] {processor.py:179} INFO - Processing /home/airflow/.local/lib/python3.8/site-packages/airflow/example_dags/example_time_delta_sensor_async.py took 0.115 seconds
[2024-11-18T14:48:44.786+0000] {processor.py:157} INFO - Started process (PID=1608) to work on /home/airflow/.local/lib/python3.8/site-packages/airflow/example_dags/example_time_delta_sensor_async.py
[2024-11-18T14:48:44.788+0000] {processor.py:829} INFO - Processing file /home/airflow/.local/lib/python3.8/site-packages/airflow/example_dags/example_time_delta_sensor_async.py for tasks to queue
[2024-11-18T14:48:44.791+0000] {logging_mixin.py:151} INFO - [2024-11-18T14:48:44.791+0000] {dagbag.py:536} INFO - Filling up the DagBag from /home/airflow/.local/lib/python3.8/site-packages/airflow/example_dags/example_time_delta_sensor_async.py
[2024-11-18T14:48:44.798+0000] {processor.py:839} INFO - DAG(s) dict_keys(['example_time_delta_sensor_async']) retrieved from /home/airflow/.local/lib/python3.8/site-packages/airflow/example_dags/example_time_delta_sensor_async.py
[2024-11-18T14:48:44.827+0000] {logging_mixin.py:151} INFO - [2024-11-18T14:48:44.826+0000] {dag.py:2941} INFO - Sync 1 DAGs
[2024-11-18T14:48:45.026+0000] {logging_mixin.py:151} INFO - [2024-11-18T14:48:45.025+0000] {dag.py:3722} INFO - Setting next_dagrun for example_time_delta_sensor_async to None, run_after=None
[2024-11-18T14:48:45.052+0000] {processor.py:179} INFO - Processing /home/airflow/.local/lib/python3.8/site-packages/airflow/example_dags/example_time_delta_sensor_async.py took 0.270 seconds
[2024-11-18T14:49:16.717+0000] {processor.py:157} INFO - Started process (PID=1663) to work on /home/airflow/.local/lib/python3.8/site-packages/airflow/example_dags/example_time_delta_sensor_async.py
[2024-11-18T14:49:16.718+0000] {processor.py:829} INFO - Processing file /home/airflow/.local/lib/python3.8/site-packages/airflow/example_dags/example_time_delta_sensor_async.py for tasks to queue
[2024-11-18T14:49:16.721+0000] {logging_mixin.py:151} INFO - [2024-11-18T14:49:16.721+0000] {dagbag.py:536} INFO - Filling up the DagBag from /home/airflow/.local/lib/python3.8/site-packages/airflow/example_dags/example_time_delta_sensor_async.py
[2024-11-18T14:49:16.728+0000] {processor.py:839} INFO - DAG(s) dict_keys(['example_time_delta_sensor_async']) retrieved from /home/airflow/.local/lib/python3.8/site-packages/airflow/example_dags/example_time_delta_sensor_async.py
[2024-11-18T14:49:16.758+0000] {logging_mixin.py:151} INFO - [2024-11-18T14:49:16.758+0000] {dag.py:2941} INFO - Sync 1 DAGs
[2024-11-18T14:49:16.777+0000] {logging_mixin.py:151} INFO - [2024-11-18T14:49:16.777+0000] {dag.py:3722} INFO - Setting next_dagrun for example_time_delta_sensor_async to None, run_after=None
[2024-11-18T14:49:16.805+0000] {processor.py:179} INFO - Processing /home/airflow/.local/lib/python3.8/site-packages/airflow/example_dags/example_time_delta_sensor_async.py took 0.093 seconds
[2024-11-18T14:49:50.520+0000] {processor.py:157} INFO - Started process (PID=1720) to work on /home/airflow/.local/lib/python3.8/site-packages/airflow/example_dags/example_time_delta_sensor_async.py
[2024-11-18T14:49:50.522+0000] {processor.py:829} INFO - Processing file /home/airflow/.local/lib/python3.8/site-packages/airflow/example_dags/example_time_delta_sensor_async.py for tasks to queue
[2024-11-18T14:49:50.525+0000] {logging_mixin.py:151} INFO - [2024-11-18T14:49:50.525+0000] {dagbag.py:536} INFO - Filling up the DagBag from /home/airflow/.local/lib/python3.8/site-packages/airflow/example_dags/example_time_delta_sensor_async.py
[2024-11-18T14:49:50.531+0000] {processor.py:839} INFO - DAG(s) dict_keys(['example_time_delta_sensor_async']) retrieved from /home/airflow/.local/lib/python3.8/site-packages/airflow/example_dags/example_time_delta_sensor_async.py
[2024-11-18T14:49:50.561+0000] {logging_mixin.py:151} INFO - [2024-11-18T14:49:50.561+0000] {dag.py:2941} INFO - Sync 1 DAGs
[2024-11-18T14:49:50.581+0000] {logging_mixin.py:151} INFO - [2024-11-18T14:49:50.581+0000] {dag.py:3722} INFO - Setting next_dagrun for example_time_delta_sensor_async to None, run_after=None
[2024-11-18T14:49:50.609+0000] {processor.py:179} INFO - Processing /home/airflow/.local/lib/python3.8/site-packages/airflow/example_dags/example_time_delta_sensor_async.py took 0.094 seconds
[2024-11-18T14:50:25.815+0000] {processor.py:157} INFO - Started process (PID=1779) to work on /home/airflow/.local/lib/python3.8/site-packages/airflow/example_dags/example_time_delta_sensor_async.py
[2024-11-18T14:50:25.817+0000] {processor.py:829} INFO - Processing file /home/airflow/.local/lib/python3.8/site-packages/airflow/example_dags/example_time_delta_sensor_async.py for tasks to queue
[2024-11-18T14:50:25.820+0000] {logging_mixin.py:151} INFO - [2024-11-18T14:50:25.820+0000] {dagbag.py:536} INFO - Filling up the DagBag from /home/airflow/.local/lib/python3.8/site-packages/airflow/example_dags/example_time_delta_sensor_async.py
[2024-11-18T14:50:25.827+0000] {processor.py:839} INFO - DAG(s) dict_keys(['example_time_delta_sensor_async']) retrieved from /home/airflow/.local/lib/python3.8/site-packages/airflow/example_dags/example_time_delta_sensor_async.py
[2024-11-18T14:50:26.039+0000] {logging_mixin.py:151} INFO - [2024-11-18T14:50:26.039+0000] {dag.py:2941} INFO - Sync 1 DAGs
[2024-11-18T14:50:26.058+0000] {logging_mixin.py:151} INFO - [2024-11-18T14:50:26.058+0000] {dag.py:3722} INFO - Setting next_dagrun for example_time_delta_sensor_async to None, run_after=None
[2024-11-18T14:50:26.088+0000] {processor.py:179} INFO - Processing /home/airflow/.local/lib/python3.8/site-packages/airflow/example_dags/example_time_delta_sensor_async.py took 0.278 seconds
[2024-11-18T14:50:57.088+0000] {processor.py:157} INFO - Started process (PID=1836) to work on /home/airflow/.local/lib/python3.8/site-packages/airflow/example_dags/example_time_delta_sensor_async.py
[2024-11-18T14:50:57.089+0000] {processor.py:829} INFO - Processing file /home/airflow/.local/lib/python3.8/site-packages/airflow/example_dags/example_time_delta_sensor_async.py for tasks to queue
[2024-11-18T14:50:57.093+0000] {logging_mixin.py:151} INFO - [2024-11-18T14:50:57.092+0000] {dagbag.py:536} INFO - Filling up the DagBag from /home/airflow/.local/lib/python3.8/site-packages/airflow/example_dags/example_time_delta_sensor_async.py
[2024-11-18T14:50:57.100+0000] {processor.py:839} INFO - DAG(s) dict_keys(['example_time_delta_sensor_async']) retrieved from /home/airflow/.local/lib/python3.8/site-packages/airflow/example_dags/example_time_delta_sensor_async.py
[2024-11-18T14:50:57.131+0000] {logging_mixin.py:151} INFO - [2024-11-18T14:50:57.131+0000] {dag.py:2941} INFO - Sync 1 DAGs
[2024-11-18T14:50:57.153+0000] {logging_mixin.py:151} INFO - [2024-11-18T14:50:57.152+0000] {dag.py:3722} INFO - Setting next_dagrun for example_time_delta_sensor_async to None, run_after=None
[2024-11-18T14:50:57.181+0000] {processor.py:179} INFO - Processing /home/airflow/.local/lib/python3.8/site-packages/airflow/example_dags/example_time_delta_sensor_async.py took 0.099 seconds
[2024-11-18T14:51:30.275+0000] {processor.py:157} INFO - Started process (PID=1894) to work on /home/airflow/.local/lib/python3.8/site-packages/airflow/example_dags/example_time_delta_sensor_async.py
[2024-11-18T14:51:30.276+0000] {processor.py:829} INFO - Processing file /home/airflow/.local/lib/python3.8/site-packages/airflow/example_dags/example_time_delta_sensor_async.py for tasks to queue
[2024-11-18T14:51:30.279+0000] {logging_mixin.py:151} INFO - [2024-11-18T14:51:30.279+0000] {dagbag.py:536} INFO - Filling up the DagBag from /home/airflow/.local/lib/python3.8/site-packages/airflow/example_dags/example_time_delta_sensor_async.py
[2024-11-18T14:51:30.287+0000] {processor.py:839} INFO - DAG(s) dict_keys(['example_time_delta_sensor_async']) retrieved from /home/airflow/.local/lib/python3.8/site-packages/airflow/example_dags/example_time_delta_sensor_async.py
[2024-11-18T14:51:30.318+0000] {logging_mixin.py:151} INFO - [2024-11-18T14:51:30.317+0000] {dag.py:2941} INFO - Sync 1 DAGs
[2024-11-18T14:51:30.339+0000] {logging_mixin.py:151} INFO - [2024-11-18T14:51:30.338+0000] {dag.py:3722} INFO - Setting next_dagrun for example_time_delta_sensor_async to None, run_after=None
[2024-11-18T14:51:30.369+0000] {processor.py:179} INFO - Processing /home/airflow/.local/lib/python3.8/site-packages/airflow/example_dags/example_time_delta_sensor_async.py took 0.099 seconds
[2024-11-18T14:52:02.657+0000] {processor.py:157} INFO - Started process (PID=1952) to work on /home/airflow/.local/lib/python3.8/site-packages/airflow/example_dags/example_time_delta_sensor_async.py
[2024-11-18T14:52:02.658+0000] {processor.py:829} INFO - Processing file /home/airflow/.local/lib/python3.8/site-packages/airflow/example_dags/example_time_delta_sensor_async.py for tasks to queue
[2024-11-18T14:52:02.662+0000] {logging_mixin.py:151} INFO - [2024-11-18T14:52:02.661+0000] {dagbag.py:536} INFO - Filling up the DagBag from /home/airflow/.local/lib/python3.8/site-packages/airflow/example_dags/example_time_delta_sensor_async.py
[2024-11-18T14:52:02.668+0000] {processor.py:839} INFO - DAG(s) dict_keys(['example_time_delta_sensor_async']) retrieved from /home/airflow/.local/lib/python3.8/site-packages/airflow/example_dags/example_time_delta_sensor_async.py
[2024-11-18T14:52:02.697+0000] {logging_mixin.py:151} INFO - [2024-11-18T14:52:02.697+0000] {dag.py:2941} INFO - Sync 1 DAGs
[2024-11-18T14:52:02.716+0000] {logging_mixin.py:151} INFO - [2024-11-18T14:52:02.716+0000] {dag.py:3722} INFO - Setting next_dagrun for example_time_delta_sensor_async to None, run_after=None
[2024-11-18T14:52:02.744+0000] {processor.py:179} INFO - Processing /home/airflow/.local/lib/python3.8/site-packages/airflow/example_dags/example_time_delta_sensor_async.py took 0.092 seconds
[2024-11-18T14:52:36.665+0000] {processor.py:157} INFO - Started process (PID=2007) to work on /home/airflow/.local/lib/python3.8/site-packages/airflow/example_dags/example_time_delta_sensor_async.py
[2024-11-18T14:52:36.667+0000] {processor.py:829} INFO - Processing file /home/airflow/.local/lib/python3.8/site-packages/airflow/example_dags/example_time_delta_sensor_async.py for tasks to queue
[2024-11-18T14:52:36.670+0000] {logging_mixin.py:151} INFO - [2024-11-18T14:52:36.670+0000] {dagbag.py:536} INFO - Filling up the DagBag from /home/airflow/.local/lib/python3.8/site-packages/airflow/example_dags/example_time_delta_sensor_async.py
[2024-11-18T14:52:36.677+0000] {processor.py:839} INFO - DAG(s) dict_keys(['example_time_delta_sensor_async']) retrieved from /home/airflow/.local/lib/python3.8/site-packages/airflow/example_dags/example_time_delta_sensor_async.py
[2024-11-18T14:52:36.711+0000] {logging_mixin.py:151} INFO - [2024-11-18T14:52:36.711+0000] {dag.py:2941} INFO - Sync 1 DAGs
[2024-11-18T14:52:36.731+0000] {logging_mixin.py:151} INFO - [2024-11-18T14:52:36.730+0000] {dag.py:3722} INFO - Setting next_dagrun for example_time_delta_sensor_async to None, run_after=None
[2024-11-18T14:52:36.761+0000] {processor.py:179} INFO - Processing /home/airflow/.local/lib/python3.8/site-packages/airflow/example_dags/example_time_delta_sensor_async.py took 0.101 seconds
[2024-11-18T14:53:09.487+0000] {processor.py:157} INFO - Started process (PID=2062) to work on /home/airflow/.local/lib/python3.8/site-packages/airflow/example_dags/example_time_delta_sensor_async.py
[2024-11-18T14:53:09.489+0000] {processor.py:829} INFO - Processing file /home/airflow/.local/lib/python3.8/site-packages/airflow/example_dags/example_time_delta_sensor_async.py for tasks to queue
[2024-11-18T14:53:09.492+0000] {logging_mixin.py:151} INFO - [2024-11-18T14:53:09.492+0000] {dagbag.py:536} INFO - Filling up the DagBag from /home/airflow/.local/lib/python3.8/site-packages/airflow/example_dags/example_time_delta_sensor_async.py
[2024-11-18T14:53:09.499+0000] {processor.py:839} INFO - DAG(s) dict_keys(['example_time_delta_sensor_async']) retrieved from /home/airflow/.local/lib/python3.8/site-packages/airflow/example_dags/example_time_delta_sensor_async.py
[2024-11-18T14:53:09.529+0000] {logging_mixin.py:151} INFO - [2024-11-18T14:53:09.529+0000] {dag.py:2941} INFO - Sync 1 DAGs
[2024-11-18T14:53:09.551+0000] {logging_mixin.py:151} INFO - [2024-11-18T14:53:09.550+0000] {dag.py:3722} INFO - Setting next_dagrun for example_time_delta_sensor_async to None, run_after=None
[2024-11-18T14:53:09.578+0000] {processor.py:179} INFO - Processing /home/airflow/.local/lib/python3.8/site-packages/airflow/example_dags/example_time_delta_sensor_async.py took 0.096 seconds
[2024-11-18T14:53:43.564+0000] {processor.py:157} INFO - Started process (PID=2118) to work on /home/airflow/.local/lib/python3.8/site-packages/airflow/example_dags/example_time_delta_sensor_async.py
[2024-11-18T14:53:43.566+0000] {processor.py:829} INFO - Processing file /home/airflow/.local/lib/python3.8/site-packages/airflow/example_dags/example_time_delta_sensor_async.py for tasks to queue
[2024-11-18T14:53:43.570+0000] {logging_mixin.py:151} INFO - [2024-11-18T14:53:43.569+0000] {dagbag.py:536} INFO - Filling up the DagBag from /home/airflow/.local/lib/python3.8/site-packages/airflow/example_dags/example_time_delta_sensor_async.py
[2024-11-18T14:53:43.576+0000] {processor.py:839} INFO - DAG(s) dict_keys(['example_time_delta_sensor_async']) retrieved from /home/airflow/.local/lib/python3.8/site-packages/airflow/example_dags/example_time_delta_sensor_async.py
[2024-11-18T14:53:43.608+0000] {logging_mixin.py:151} INFO - [2024-11-18T14:53:43.608+0000] {dag.py:2941} INFO - Sync 1 DAGs
[2024-11-18T14:53:43.628+0000] {logging_mixin.py:151} INFO - [2024-11-18T14:53:43.628+0000] {dag.py:3722} INFO - Setting next_dagrun for example_time_delta_sensor_async to None, run_after=None
[2024-11-18T14:53:43.658+0000] {processor.py:179} INFO - Processing /home/airflow/.local/lib/python3.8/site-packages/airflow/example_dags/example_time_delta_sensor_async.py took 0.099 seconds
[2024-11-18T14:54:16.805+0000] {processor.py:157} INFO - Started process (PID=2173) to work on /home/airflow/.local/lib/python3.8/site-packages/airflow/example_dags/example_time_delta_sensor_async.py
[2024-11-18T14:54:16.806+0000] {processor.py:829} INFO - Processing file /home/airflow/.local/lib/python3.8/site-packages/airflow/example_dags/example_time_delta_sensor_async.py for tasks to queue
[2024-11-18T14:54:16.810+0000] {logging_mixin.py:151} INFO - [2024-11-18T14:54:16.809+0000] {dagbag.py:536} INFO - Filling up the DagBag from /home/airflow/.local/lib/python3.8/site-packages/airflow/example_dags/example_time_delta_sensor_async.py
[2024-11-18T14:54:16.816+0000] {processor.py:839} INFO - DAG(s) dict_keys(['example_time_delta_sensor_async']) retrieved from /home/airflow/.local/lib/python3.8/site-packages/airflow/example_dags/example_time_delta_sensor_async.py
[2024-11-18T14:54:16.845+0000] {logging_mixin.py:151} INFO - [2024-11-18T14:54:16.845+0000] {dag.py:2941} INFO - Sync 1 DAGs
[2024-11-18T14:54:16.864+0000] {logging_mixin.py:151} INFO - [2024-11-18T14:54:16.864+0000] {dag.py:3722} INFO - Setting next_dagrun for example_time_delta_sensor_async to None, run_after=None
[2024-11-18T14:54:16.891+0000] {processor.py:179} INFO - Processing /home/airflow/.local/lib/python3.8/site-packages/airflow/example_dags/example_time_delta_sensor_async.py took 0.092 seconds
[2024-11-18T14:54:50.230+0000] {processor.py:157} INFO - Started process (PID=2228) to work on /home/airflow/.local/lib/python3.8/site-packages/airflow/example_dags/example_time_delta_sensor_async.py
[2024-11-18T14:54:50.232+0000] {processor.py:829} INFO - Processing file /home/airflow/.local/lib/python3.8/site-packages/airflow/example_dags/example_time_delta_sensor_async.py for tasks to queue
[2024-11-18T14:54:50.236+0000] {logging_mixin.py:151} INFO - [2024-11-18T14:54:50.235+0000] {dagbag.py:536} INFO - Filling up the DagBag from /home/airflow/.local/lib/python3.8/site-packages/airflow/example_dags/example_time_delta_sensor_async.py
[2024-11-18T14:54:50.243+0000] {processor.py:839} INFO - DAG(s) dict_keys(['example_time_delta_sensor_async']) retrieved from /home/airflow/.local/lib/python3.8/site-packages/airflow/example_dags/example_time_delta_sensor_async.py
[2024-11-18T14:54:50.273+0000] {logging_mixin.py:151} INFO - [2024-11-18T14:54:50.273+0000] {dag.py:2941} INFO - Sync 1 DAGs
[2024-11-18T14:54:50.292+0000] {logging_mixin.py:151} INFO - [2024-11-18T14:54:50.292+0000] {dag.py:3722} INFO - Setting next_dagrun for example_time_delta_sensor_async to None, run_after=None
[2024-11-18T14:54:50.319+0000] {processor.py:179} INFO - Processing /home/airflow/.local/lib/python3.8/site-packages/airflow/example_dags/example_time_delta_sensor_async.py took 0.093 seconds
[2024-11-18T14:55:23.548+0000] {processor.py:157} INFO - Started process (PID=2283) to work on /home/airflow/.local/lib/python3.8/site-packages/airflow/example_dags/example_time_delta_sensor_async.py
[2024-11-18T14:55:23.549+0000] {processor.py:829} INFO - Processing file /home/airflow/.local/lib/python3.8/site-packages/airflow/example_dags/example_time_delta_sensor_async.py for tasks to queue
[2024-11-18T14:55:23.552+0000] {logging_mixin.py:151} INFO - [2024-11-18T14:55:23.552+0000] {dagbag.py:536} INFO - Filling up the DagBag from /home/airflow/.local/lib/python3.8/site-packages/airflow/example_dags/example_time_delta_sensor_async.py
[2024-11-18T14:55:23.559+0000] {processor.py:839} INFO - DAG(s) dict_keys(['example_time_delta_sensor_async']) retrieved from /home/airflow/.local/lib/python3.8/site-packages/airflow/example_dags/example_time_delta_sensor_async.py
[2024-11-18T14:55:23.590+0000] {logging_mixin.py:151} INFO - [2024-11-18T14:55:23.589+0000] {dag.py:2941} INFO - Sync 1 DAGs
[2024-11-18T14:55:23.610+0000] {logging_mixin.py:151} INFO - [2024-11-18T14:55:23.610+0000] {dag.py:3722} INFO - Setting next_dagrun for example_time_delta_sensor_async to None, run_after=None
[2024-11-18T14:55:23.639+0000] {processor.py:179} INFO - Processing /home/airflow/.local/lib/python3.8/site-packages/airflow/example_dags/example_time_delta_sensor_async.py took 0.096 seconds
[2024-11-18T14:55:56.925+0000] {processor.py:157} INFO - Started process (PID=2338) to work on /home/airflow/.local/lib/python3.8/site-packages/airflow/example_dags/example_time_delta_sensor_async.py
[2024-11-18T14:55:56.927+0000] {processor.py:829} INFO - Processing file /home/airflow/.local/lib/python3.8/site-packages/airflow/example_dags/example_time_delta_sensor_async.py for tasks to queue
[2024-11-18T14:55:56.930+0000] {logging_mixin.py:151} INFO - [2024-11-18T14:55:56.930+0000] {dagbag.py:536} INFO - Filling up the DagBag from /home/airflow/.local/lib/python3.8/site-packages/airflow/example_dags/example_time_delta_sensor_async.py
[2024-11-18T14:55:56.939+0000] {processor.py:839} INFO - DAG(s) dict_keys(['example_time_delta_sensor_async']) retrieved from /home/airflow/.local/lib/python3.8/site-packages/airflow/example_dags/example_time_delta_sensor_async.py
[2024-11-18T14:55:56.971+0000] {logging_mixin.py:151} INFO - [2024-11-18T14:55:56.971+0000] {dag.py:2941} INFO - Sync 1 DAGs
[2024-11-18T14:55:56.990+0000] {logging_mixin.py:151} INFO - [2024-11-18T14:55:56.990+0000] {dag.py:3722} INFO - Setting next_dagrun for example_time_delta_sensor_async to None, run_after=None
[2024-11-18T14:55:57.021+0000] {processor.py:179} INFO - Processing /home/airflow/.local/lib/python3.8/site-packages/airflow/example_dags/example_time_delta_sensor_async.py took 0.102 seconds
[2024-11-18T14:56:29.835+0000] {processor.py:157} INFO - Started process (PID=2393) to work on /home/airflow/.local/lib/python3.8/site-packages/airflow/example_dags/example_time_delta_sensor_async.py
[2024-11-18T14:56:29.837+0000] {processor.py:829} INFO - Processing file /home/airflow/.local/lib/python3.8/site-packages/airflow/example_dags/example_time_delta_sensor_async.py for tasks to queue
[2024-11-18T14:56:29.841+0000] {logging_mixin.py:151} INFO - [2024-11-18T14:56:29.840+0000] {dagbag.py:536} INFO - Filling up the DagBag from /home/airflow/.local/lib/python3.8/site-packages/airflow/example_dags/example_time_delta_sensor_async.py
[2024-11-18T14:56:29.848+0000] {processor.py:839} INFO - DAG(s) dict_keys(['example_time_delta_sensor_async']) retrieved from /home/airflow/.local/lib/python3.8/site-packages/airflow/example_dags/example_time_delta_sensor_async.py
[2024-11-18T14:56:29.883+0000] {logging_mixin.py:151} INFO - [2024-11-18T14:56:29.883+0000] {dag.py:2941} INFO - Sync 1 DAGs
[2024-11-18T14:56:29.905+0000] {logging_mixin.py:151} INFO - [2024-11-18T14:56:29.905+0000] {dag.py:3722} INFO - Setting next_dagrun for example_time_delta_sensor_async to None, run_after=None
[2024-11-18T14:56:29.936+0000] {processor.py:179} INFO - Processing /home/airflow/.local/lib/python3.8/site-packages/airflow/example_dags/example_time_delta_sensor_async.py took 0.107 seconds
[2024-11-18T14:57:03.585+0000] {processor.py:157} INFO - Started process (PID=2448) to work on /home/airflow/.local/lib/python3.8/site-packages/airflow/example_dags/example_time_delta_sensor_async.py
[2024-11-18T14:57:03.586+0000] {processor.py:829} INFO - Processing file /home/airflow/.local/lib/python3.8/site-packages/airflow/example_dags/example_time_delta_sensor_async.py for tasks to queue
[2024-11-18T14:57:03.589+0000] {logging_mixin.py:151} INFO - [2024-11-18T14:57:03.589+0000] {dagbag.py:536} INFO - Filling up the DagBag from /home/airflow/.local/lib/python3.8/site-packages/airflow/example_dags/example_time_delta_sensor_async.py
[2024-11-18T14:57:03.596+0000] {processor.py:839} INFO - DAG(s) dict_keys(['example_time_delta_sensor_async']) retrieved from /home/airflow/.local/lib/python3.8/site-packages/airflow/example_dags/example_time_delta_sensor_async.py
[2024-11-18T14:57:03.627+0000] {logging_mixin.py:151} INFO - [2024-11-18T14:57:03.627+0000] {dag.py:2941} INFO - Sync 1 DAGs
[2024-11-18T14:57:03.648+0000] {logging_mixin.py:151} INFO - [2024-11-18T14:57:03.647+0000] {dag.py:3722} INFO - Setting next_dagrun for example_time_delta_sensor_async to None, run_after=None
[2024-11-18T14:57:03.675+0000] {processor.py:179} INFO - Processing /home/airflow/.local/lib/python3.8/site-packages/airflow/example_dags/example_time_delta_sensor_async.py took 0.095 seconds
[2024-11-18T14:57:36.610+0000] {processor.py:157} INFO - Started process (PID=2503) to work on /home/airflow/.local/lib/python3.8/site-packages/airflow/example_dags/example_time_delta_sensor_async.py
[2024-11-18T14:57:36.612+0000] {processor.py:829} INFO - Processing file /home/airflow/.local/lib/python3.8/site-packages/airflow/example_dags/example_time_delta_sensor_async.py for tasks to queue
[2024-11-18T14:57:36.616+0000] {logging_mixin.py:151} INFO - [2024-11-18T14:57:36.615+0000] {dagbag.py:536} INFO - Filling up the DagBag from /home/airflow/.local/lib/python3.8/site-packages/airflow/example_dags/example_time_delta_sensor_async.py
[2024-11-18T14:57:36.623+0000] {processor.py:839} INFO - DAG(s) dict_keys(['example_time_delta_sensor_async']) retrieved from /home/airflow/.local/lib/python3.8/site-packages/airflow/example_dags/example_time_delta_sensor_async.py
[2024-11-18T14:57:36.655+0000] {logging_mixin.py:151} INFO - [2024-11-18T14:57:36.655+0000] {dag.py:2941} INFO - Sync 1 DAGs
[2024-11-18T14:57:36.677+0000] {logging_mixin.py:151} INFO - [2024-11-18T14:57:36.676+0000] {dag.py:3722} INFO - Setting next_dagrun for example_time_delta_sensor_async to None, run_after=None
[2024-11-18T14:57:36.709+0000] {processor.py:179} INFO - Processing /home/airflow/.local/lib/python3.8/site-packages/airflow/example_dags/example_time_delta_sensor_async.py took 0.104 seconds
[2024-11-18T14:58:10.251+0000] {processor.py:157} INFO - Started process (PID=2558) to work on /home/airflow/.local/lib/python3.8/site-packages/airflow/example_dags/example_time_delta_sensor_async.py
[2024-11-18T14:58:10.252+0000] {processor.py:829} INFO - Processing file /home/airflow/.local/lib/python3.8/site-packages/airflow/example_dags/example_time_delta_sensor_async.py for tasks to queue
[2024-11-18T14:58:10.256+0000] {logging_mixin.py:151} INFO - [2024-11-18T14:58:10.255+0000] {dagbag.py:536} INFO - Filling up the DagBag from /home/airflow/.local/lib/python3.8/site-packages/airflow/example_dags/example_time_delta_sensor_async.py
[2024-11-18T14:58:10.262+0000] {processor.py:839} INFO - DAG(s) dict_keys(['example_time_delta_sensor_async']) retrieved from /home/airflow/.local/lib/python3.8/site-packages/airflow/example_dags/example_time_delta_sensor_async.py
[2024-11-18T14:58:10.296+0000] {logging_mixin.py:151} INFO - [2024-11-18T14:58:10.295+0000] {dag.py:2941} INFO - Sync 1 DAGs
[2024-11-18T14:58:10.319+0000] {logging_mixin.py:151} INFO - [2024-11-18T14:58:10.318+0000] {dag.py:3722} INFO - Setting next_dagrun for example_time_delta_sensor_async to None, run_after=None
[2024-11-18T14:58:10.351+0000] {processor.py:179} INFO - Processing /home/airflow/.local/lib/python3.8/site-packages/airflow/example_dags/example_time_delta_sensor_async.py took 0.105 seconds
