[2024-11-18T14:20:12.874+0000] {processor.py:157} INFO - Started process (PID=78) to work on /home/airflow/.local/lib/python3.8/site-packages/airflow/example_dags/example_short_circuit_decorator.py
[2024-11-18T14:20:12.877+0000] {processor.py:829} INFO - Processing file /home/airflow/.local/lib/python3.8/site-packages/airflow/example_dags/example_short_circuit_decorator.py for tasks to queue
[2024-11-18T14:20:12.883+0000] {logging_mixin.py:151} INFO - [2024-11-18T14:20:12.882+0000] {dagbag.py:536} INFO - Filling up the DagBag from /home/airflow/.local/lib/python3.8/site-packages/airflow/example_dags/example_short_circuit_decorator.py
[2024-11-18T14:20:12.910+0000] {processor.py:839} INFO - DAG(s) dict_keys(['example_short_circuit_decorator']) retrieved from /home/airflow/.local/lib/python3.8/site-packages/airflow/example_dags/example_short_circuit_decorator.py
[2024-11-18T14:20:13.147+0000] {logging_mixin.py:151} INFO - [2024-11-18T14:20:13.146+0000] {manager.py:499} INFO - Created Permission View: %s
[2024-11-18T14:20:13.167+0000] {logging_mixin.py:151} INFO - [2024-11-18T14:20:13.166+0000] {manager.py:499} INFO - Created Permission View: %s
[2024-11-18T14:20:13.182+0000] {logging_mixin.py:151} INFO - [2024-11-18T14:20:13.181+0000] {manager.py:499} INFO - Created Permission View: %s
[2024-11-18T14:20:13.183+0000] {logging_mixin.py:151} INFO - [2024-11-18T14:20:13.183+0000] {dag.py:2941} INFO - Sync 1 DAGs
[2024-11-18T14:20:13.211+0000] {logging_mixin.py:151} INFO - [2024-11-18T14:20:13.210+0000] {dag.py:2963} INFO - Creating ORM DAG for example_short_circuit_decorator
[2024-11-18T14:20:13.232+0000] {logging_mixin.py:151} INFO - [2024-11-18T14:20:13.232+0000] {dag.py:3722} INFO - Setting next_dagrun for example_short_circuit_decorator to 2024-11-17T14:20:13.231385+00:00, run_after=2024-11-18T14:20:13.231385+00:00
[2024-11-18T14:20:13.268+0000] {processor.py:179} INFO - Processing /home/airflow/.local/lib/python3.8/site-packages/airflow/example_dags/example_short_circuit_decorator.py took 0.404 seconds
[2024-11-18T14:20:43.909+0000] {processor.py:157} INFO - Started process (PID=132) to work on /home/airflow/.local/lib/python3.8/site-packages/airflow/example_dags/example_short_circuit_decorator.py
[2024-11-18T14:20:43.911+0000] {processor.py:829} INFO - Processing file /home/airflow/.local/lib/python3.8/site-packages/airflow/example_dags/example_short_circuit_decorator.py for tasks to queue
[2024-11-18T14:20:43.914+0000] {logging_mixin.py:151} INFO - [2024-11-18T14:20:43.913+0000] {dagbag.py:536} INFO - Filling up the DagBag from /home/airflow/.local/lib/python3.8/site-packages/airflow/example_dags/example_short_circuit_decorator.py
[2024-11-18T14:20:43.927+0000] {processor.py:839} INFO - DAG(s) dict_keys(['example_short_circuit_decorator']) retrieved from /home/airflow/.local/lib/python3.8/site-packages/airflow/example_dags/example_short_circuit_decorator.py
[2024-11-18T14:20:43.963+0000] {logging_mixin.py:151} INFO - [2024-11-18T14:20:43.962+0000] {dag.py:2941} INFO - Sync 1 DAGs
[2024-11-18T14:20:43.996+0000] {logging_mixin.py:151} INFO - [2024-11-18T14:20:43.996+0000] {dag.py:3722} INFO - Setting next_dagrun for example_short_circuit_decorator to 2024-11-17T14:20:43.995869+00:00, run_after=2024-11-18T14:20:43.995869+00:00
[2024-11-18T14:20:44.027+0000] {processor.py:179} INFO - Processing /home/airflow/.local/lib/python3.8/site-packages/airflow/example_dags/example_short_circuit_decorator.py took 0.122 seconds
[2024-11-18T14:21:14.571+0000] {processor.py:157} INFO - Started process (PID=186) to work on /home/airflow/.local/lib/python3.8/site-packages/airflow/example_dags/example_short_circuit_decorator.py
[2024-11-18T14:21:14.572+0000] {processor.py:829} INFO - Processing file /home/airflow/.local/lib/python3.8/site-packages/airflow/example_dags/example_short_circuit_decorator.py for tasks to queue
[2024-11-18T14:21:14.575+0000] {logging_mixin.py:151} INFO - [2024-11-18T14:21:14.575+0000] {dagbag.py:536} INFO - Filling up the DagBag from /home/airflow/.local/lib/python3.8/site-packages/airflow/example_dags/example_short_circuit_decorator.py
[2024-11-18T14:21:14.590+0000] {processor.py:839} INFO - DAG(s) dict_keys(['example_short_circuit_decorator']) retrieved from /home/airflow/.local/lib/python3.8/site-packages/airflow/example_dags/example_short_circuit_decorator.py
[2024-11-18T14:21:14.627+0000] {logging_mixin.py:151} INFO - [2024-11-18T14:21:14.627+0000] {dag.py:2941} INFO - Sync 1 DAGs
[2024-11-18T14:21:14.666+0000] {logging_mixin.py:151} INFO - [2024-11-18T14:21:14.666+0000] {dag.py:3722} INFO - Setting next_dagrun for example_short_circuit_decorator to 2024-11-17T14:21:14.665758+00:00, run_after=2024-11-18T14:21:14.665758+00:00
[2024-11-18T14:21:14.703+0000] {processor.py:179} INFO - Processing /home/airflow/.local/lib/python3.8/site-packages/airflow/example_dags/example_short_circuit_decorator.py took 0.137 seconds
[2024-11-18T14:21:45.012+0000] {processor.py:157} INFO - Started process (PID=240) to work on /home/airflow/.local/lib/python3.8/site-packages/airflow/example_dags/example_short_circuit_decorator.py
[2024-11-18T14:21:45.013+0000] {processor.py:829} INFO - Processing file /home/airflow/.local/lib/python3.8/site-packages/airflow/example_dags/example_short_circuit_decorator.py for tasks to queue
[2024-11-18T14:21:45.017+0000] {logging_mixin.py:151} INFO - [2024-11-18T14:21:45.016+0000] {dagbag.py:536} INFO - Filling up the DagBag from /home/airflow/.local/lib/python3.8/site-packages/airflow/example_dags/example_short_circuit_decorator.py
[2024-11-18T14:21:45.031+0000] {processor.py:839} INFO - DAG(s) dict_keys(['example_short_circuit_decorator']) retrieved from /home/airflow/.local/lib/python3.8/site-packages/airflow/example_dags/example_short_circuit_decorator.py
[2024-11-18T14:21:45.088+0000] {logging_mixin.py:151} INFO - [2024-11-18T14:21:45.087+0000] {dag.py:2941} INFO - Sync 1 DAGs
[2024-11-18T14:21:45.133+0000] {logging_mixin.py:151} INFO - [2024-11-18T14:21:45.133+0000] {dag.py:3722} INFO - Setting next_dagrun for example_short_circuit_decorator to 2024-11-17T14:21:45.133163+00:00, run_after=2024-11-18T14:21:45.133163+00:00
[2024-11-18T14:21:45.165+0000] {processor.py:179} INFO - Processing /home/airflow/.local/lib/python3.8/site-packages/airflow/example_dags/example_short_circuit_decorator.py took 0.158 seconds
[2024-11-18T14:22:15.307+0000] {processor.py:157} INFO - Started process (PID=294) to work on /home/airflow/.local/lib/python3.8/site-packages/airflow/example_dags/example_short_circuit_decorator.py
[2024-11-18T14:22:15.308+0000] {processor.py:829} INFO - Processing file /home/airflow/.local/lib/python3.8/site-packages/airflow/example_dags/example_short_circuit_decorator.py for tasks to queue
[2024-11-18T14:22:15.311+0000] {logging_mixin.py:151} INFO - [2024-11-18T14:22:15.311+0000] {dagbag.py:536} INFO - Filling up the DagBag from /home/airflow/.local/lib/python3.8/site-packages/airflow/example_dags/example_short_circuit_decorator.py
[2024-11-18T14:22:15.327+0000] {processor.py:839} INFO - DAG(s) dict_keys(['example_short_circuit_decorator']) retrieved from /home/airflow/.local/lib/python3.8/site-packages/airflow/example_dags/example_short_circuit_decorator.py
[2024-11-18T14:22:15.372+0000] {logging_mixin.py:151} INFO - [2024-11-18T14:22:15.371+0000] {dag.py:2941} INFO - Sync 1 DAGs
[2024-11-18T14:22:15.407+0000] {logging_mixin.py:151} INFO - [2024-11-18T14:22:15.407+0000] {dag.py:3722} INFO - Setting next_dagrun for example_short_circuit_decorator to 2024-11-17T14:22:15.407224+00:00, run_after=2024-11-18T14:22:15.407224+00:00
[2024-11-18T14:22:15.440+0000] {processor.py:179} INFO - Processing /home/airflow/.local/lib/python3.8/site-packages/airflow/example_dags/example_short_circuit_decorator.py took 0.137 seconds
[2024-11-18T14:22:45.719+0000] {processor.py:157} INFO - Started process (PID=349) to work on /home/airflow/.local/lib/python3.8/site-packages/airflow/example_dags/example_short_circuit_decorator.py
[2024-11-18T14:22:45.720+0000] {processor.py:829} INFO - Processing file /home/airflow/.local/lib/python3.8/site-packages/airflow/example_dags/example_short_circuit_decorator.py for tasks to queue
[2024-11-18T14:22:45.723+0000] {logging_mixin.py:151} INFO - [2024-11-18T14:22:45.723+0000] {dagbag.py:536} INFO - Filling up the DagBag from /home/airflow/.local/lib/python3.8/site-packages/airflow/example_dags/example_short_circuit_decorator.py
[2024-11-18T14:22:45.743+0000] {processor.py:839} INFO - DAG(s) dict_keys(['example_short_circuit_decorator']) retrieved from /home/airflow/.local/lib/python3.8/site-packages/airflow/example_dags/example_short_circuit_decorator.py
[2024-11-18T14:22:45.786+0000] {logging_mixin.py:151} INFO - [2024-11-18T14:22:45.786+0000] {dag.py:2941} INFO - Sync 1 DAGs
[2024-11-18T14:22:45.824+0000] {logging_mixin.py:151} INFO - [2024-11-18T14:22:45.824+0000] {dag.py:3722} INFO - Setting next_dagrun for example_short_circuit_decorator to 2024-11-17T14:22:45.823881+00:00, run_after=2024-11-18T14:22:45.823881+00:00
[2024-11-18T14:22:45.857+0000] {processor.py:179} INFO - Processing /home/airflow/.local/lib/python3.8/site-packages/airflow/example_dags/example_short_circuit_decorator.py took 0.144 seconds
[2024-11-18T14:23:16.241+0000] {processor.py:157} INFO - Started process (PID=403) to work on /home/airflow/.local/lib/python3.8/site-packages/airflow/example_dags/example_short_circuit_decorator.py
[2024-11-18T14:23:16.243+0000] {processor.py:829} INFO - Processing file /home/airflow/.local/lib/python3.8/site-packages/airflow/example_dags/example_short_circuit_decorator.py for tasks to queue
[2024-11-18T14:23:16.248+0000] {logging_mixin.py:151} INFO - [2024-11-18T14:23:16.248+0000] {dagbag.py:536} INFO - Filling up the DagBag from /home/airflow/.local/lib/python3.8/site-packages/airflow/example_dags/example_short_circuit_decorator.py
[2024-11-18T14:23:16.269+0000] {processor.py:839} INFO - DAG(s) dict_keys(['example_short_circuit_decorator']) retrieved from /home/airflow/.local/lib/python3.8/site-packages/airflow/example_dags/example_short_circuit_decorator.py
[2024-11-18T14:23:16.314+0000] {logging_mixin.py:151} INFO - [2024-11-18T14:23:16.314+0000] {dag.py:2941} INFO - Sync 1 DAGs
[2024-11-18T14:23:16.353+0000] {logging_mixin.py:151} INFO - [2024-11-18T14:23:16.353+0000] {dag.py:3722} INFO - Setting next_dagrun for example_short_circuit_decorator to 2024-11-17T14:23:16.352739+00:00, run_after=2024-11-18T14:23:16.352739+00:00
[2024-11-18T14:23:16.385+0000] {processor.py:179} INFO - Processing /home/airflow/.local/lib/python3.8/site-packages/airflow/example_dags/example_short_circuit_decorator.py took 0.149 seconds
[2024-11-18T14:23:46.785+0000] {processor.py:157} INFO - Started process (PID=457) to work on /home/airflow/.local/lib/python3.8/site-packages/airflow/example_dags/example_short_circuit_decorator.py
[2024-11-18T14:23:46.786+0000] {processor.py:829} INFO - Processing file /home/airflow/.local/lib/python3.8/site-packages/airflow/example_dags/example_short_circuit_decorator.py for tasks to queue
[2024-11-18T14:23:46.790+0000] {logging_mixin.py:151} INFO - [2024-11-18T14:23:46.790+0000] {dagbag.py:536} INFO - Filling up the DagBag from /home/airflow/.local/lib/python3.8/site-packages/airflow/example_dags/example_short_circuit_decorator.py
[2024-11-18T14:23:46.804+0000] {processor.py:839} INFO - DAG(s) dict_keys(['example_short_circuit_decorator']) retrieved from /home/airflow/.local/lib/python3.8/site-packages/airflow/example_dags/example_short_circuit_decorator.py
[2024-11-18T14:23:46.845+0000] {logging_mixin.py:151} INFO - [2024-11-18T14:23:46.844+0000] {dag.py:2941} INFO - Sync 1 DAGs
[2024-11-18T14:23:46.885+0000] {logging_mixin.py:151} INFO - [2024-11-18T14:23:46.885+0000] {dag.py:3722} INFO - Setting next_dagrun for example_short_circuit_decorator to 2024-11-17T14:23:46.885213+00:00, run_after=2024-11-18T14:23:46.885213+00:00
[2024-11-18T14:23:46.925+0000] {processor.py:179} INFO - Processing /home/airflow/.local/lib/python3.8/site-packages/airflow/example_dags/example_short_circuit_decorator.py took 0.146 seconds
[2024-11-18T14:24:17.716+0000] {processor.py:157} INFO - Started process (PID=497) to work on /home/airflow/.local/lib/python3.8/site-packages/airflow/example_dags/example_short_circuit_decorator.py
[2024-11-18T14:24:17.717+0000] {processor.py:829} INFO - Processing file /home/airflow/.local/lib/python3.8/site-packages/airflow/example_dags/example_short_circuit_decorator.py for tasks to queue
[2024-11-18T14:24:17.722+0000] {logging_mixin.py:151} INFO - [2024-11-18T14:24:17.721+0000] {dagbag.py:536} INFO - Filling up the DagBag from /home/airflow/.local/lib/python3.8/site-packages/airflow/example_dags/example_short_circuit_decorator.py
[2024-11-18T14:24:17.735+0000] {processor.py:839} INFO - DAG(s) dict_keys(['example_short_circuit_decorator']) retrieved from /home/airflow/.local/lib/python3.8/site-packages/airflow/example_dags/example_short_circuit_decorator.py
[2024-11-18T14:24:17.771+0000] {logging_mixin.py:151} INFO - [2024-11-18T14:24:17.770+0000] {dag.py:2941} INFO - Sync 1 DAGs
[2024-11-18T14:24:17.808+0000] {logging_mixin.py:151} INFO - [2024-11-18T14:24:17.807+0000] {dag.py:3722} INFO - Setting next_dagrun for example_short_circuit_decorator to 2024-11-17T14:24:17.807163+00:00, run_after=2024-11-18T14:24:17.807163+00:00
[2024-11-18T14:24:17.838+0000] {processor.py:179} INFO - Processing /home/airflow/.local/lib/python3.8/site-packages/airflow/example_dags/example_short_circuit_decorator.py took 0.126 seconds
[2024-11-18T14:24:51.288+0000] {processor.py:157} INFO - Started process (PID=552) to work on /home/airflow/.local/lib/python3.8/site-packages/airflow/example_dags/example_short_circuit_decorator.py
[2024-11-18T14:24:51.289+0000] {processor.py:829} INFO - Processing file /home/airflow/.local/lib/python3.8/site-packages/airflow/example_dags/example_short_circuit_decorator.py for tasks to queue
[2024-11-18T14:24:51.292+0000] {logging_mixin.py:151} INFO - [2024-11-18T14:24:51.292+0000] {dagbag.py:536} INFO - Filling up the DagBag from /home/airflow/.local/lib/python3.8/site-packages/airflow/example_dags/example_short_circuit_decorator.py
[2024-11-18T14:24:51.307+0000] {processor.py:839} INFO - DAG(s) dict_keys(['example_short_circuit_decorator']) retrieved from /home/airflow/.local/lib/python3.8/site-packages/airflow/example_dags/example_short_circuit_decorator.py
[2024-11-18T14:24:51.341+0000] {logging_mixin.py:151} INFO - [2024-11-18T14:24:51.341+0000] {dag.py:2941} INFO - Sync 1 DAGs
[2024-11-18T14:24:51.374+0000] {logging_mixin.py:151} INFO - [2024-11-18T14:24:51.374+0000] {dag.py:3722} INFO - Setting next_dagrun for example_short_circuit_decorator to 2024-11-17T14:24:51.374139+00:00, run_after=2024-11-18T14:24:51.374139+00:00
[2024-11-18T14:24:51.401+0000] {processor.py:179} INFO - Processing /home/airflow/.local/lib/python3.8/site-packages/airflow/example_dags/example_short_circuit_decorator.py took 0.118 seconds
[2024-11-18T14:25:24.330+0000] {processor.py:157} INFO - Started process (PID=606) to work on /home/airflow/.local/lib/python3.8/site-packages/airflow/example_dags/example_short_circuit_decorator.py
[2024-11-18T14:25:24.331+0000] {processor.py:829} INFO - Processing file /home/airflow/.local/lib/python3.8/site-packages/airflow/example_dags/example_short_circuit_decorator.py for tasks to queue
[2024-11-18T14:25:24.334+0000] {logging_mixin.py:151} INFO - [2024-11-18T14:25:24.334+0000] {dagbag.py:536} INFO - Filling up the DagBag from /home/airflow/.local/lib/python3.8/site-packages/airflow/example_dags/example_short_circuit_decorator.py
[2024-11-18T14:25:24.349+0000] {processor.py:839} INFO - DAG(s) dict_keys(['example_short_circuit_decorator']) retrieved from /home/airflow/.local/lib/python3.8/site-packages/airflow/example_dags/example_short_circuit_decorator.py
[2024-11-18T14:25:24.367+0000] {logging_mixin.py:151} INFO - [2024-11-18T14:25:24.367+0000] {dag.py:2941} INFO - Sync 1 DAGs
[2024-11-18T14:25:24.406+0000] {logging_mixin.py:151} INFO - [2024-11-18T14:25:24.406+0000] {dag.py:3722} INFO - Setting next_dagrun for example_short_circuit_decorator to 2024-11-17T14:25:24.406000+00:00, run_after=2024-11-18T14:25:24.406000+00:00
[2024-11-18T14:25:24.436+0000] {processor.py:179} INFO - Processing /home/airflow/.local/lib/python3.8/site-packages/airflow/example_dags/example_short_circuit_decorator.py took 0.111 seconds
[2024-11-18T14:25:54.834+0000] {processor.py:157} INFO - Started process (PID=660) to work on /home/airflow/.local/lib/python3.8/site-packages/airflow/example_dags/example_short_circuit_decorator.py
[2024-11-18T14:25:54.836+0000] {processor.py:829} INFO - Processing file /home/airflow/.local/lib/python3.8/site-packages/airflow/example_dags/example_short_circuit_decorator.py for tasks to queue
[2024-11-18T14:25:54.841+0000] {logging_mixin.py:151} INFO - [2024-11-18T14:25:54.840+0000] {dagbag.py:536} INFO - Filling up the DagBag from /home/airflow/.local/lib/python3.8/site-packages/airflow/example_dags/example_short_circuit_decorator.py
[2024-11-18T14:25:54.859+0000] {processor.py:839} INFO - DAG(s) dict_keys(['example_short_circuit_decorator']) retrieved from /home/airflow/.local/lib/python3.8/site-packages/airflow/example_dags/example_short_circuit_decorator.py
[2024-11-18T14:25:54.912+0000] {logging_mixin.py:151} INFO - [2024-11-18T14:25:54.911+0000] {dag.py:2941} INFO - Sync 1 DAGs
[2024-11-18T14:25:54.958+0000] {logging_mixin.py:151} INFO - [2024-11-18T14:25:54.957+0000] {dag.py:3722} INFO - Setting next_dagrun for example_short_circuit_decorator to 2024-11-17T14:25:54.957143+00:00, run_after=2024-11-18T14:25:54.957143+00:00
[2024-11-18T14:25:54.996+0000] {processor.py:179} INFO - Processing /home/airflow/.local/lib/python3.8/site-packages/airflow/example_dags/example_short_circuit_decorator.py took 0.168 seconds
[2024-11-18T14:26:25.285+0000] {processor.py:157} INFO - Started process (PID=707) to work on /home/airflow/.local/lib/python3.8/site-packages/airflow/example_dags/example_short_circuit_decorator.py
[2024-11-18T14:26:25.287+0000] {processor.py:829} INFO - Processing file /home/airflow/.local/lib/python3.8/site-packages/airflow/example_dags/example_short_circuit_decorator.py for tasks to queue
[2024-11-18T14:26:25.290+0000] {logging_mixin.py:151} INFO - [2024-11-18T14:26:25.289+0000] {dagbag.py:536} INFO - Filling up the DagBag from /home/airflow/.local/lib/python3.8/site-packages/airflow/example_dags/example_short_circuit_decorator.py
[2024-11-18T14:26:25.306+0000] {processor.py:839} INFO - DAG(s) dict_keys(['example_short_circuit_decorator']) retrieved from /home/airflow/.local/lib/python3.8/site-packages/airflow/example_dags/example_short_circuit_decorator.py
[2024-11-18T14:26:25.354+0000] {logging_mixin.py:151} INFO - [2024-11-18T14:26:25.354+0000] {dag.py:2941} INFO - Sync 1 DAGs
[2024-11-18T14:26:25.399+0000] {logging_mixin.py:151} INFO - [2024-11-18T14:26:25.398+0000] {dag.py:3722} INFO - Setting next_dagrun for example_short_circuit_decorator to 2024-11-17T14:26:25.398363+00:00, run_after=2024-11-18T14:26:25.398363+00:00
[2024-11-18T14:26:25.443+0000] {processor.py:179} INFO - Processing /home/airflow/.local/lib/python3.8/site-packages/airflow/example_dags/example_short_circuit_decorator.py took 0.163 seconds
[2024-11-18T14:26:55.895+0000] {processor.py:157} INFO - Started process (PID=761) to work on /home/airflow/.local/lib/python3.8/site-packages/airflow/example_dags/example_short_circuit_decorator.py
[2024-11-18T14:26:55.896+0000] {processor.py:829} INFO - Processing file /home/airflow/.local/lib/python3.8/site-packages/airflow/example_dags/example_short_circuit_decorator.py for tasks to queue
[2024-11-18T14:26:55.899+0000] {logging_mixin.py:151} INFO - [2024-11-18T14:26:55.899+0000] {dagbag.py:536} INFO - Filling up the DagBag from /home/airflow/.local/lib/python3.8/site-packages/airflow/example_dags/example_short_circuit_decorator.py
[2024-11-18T14:26:55.912+0000] {processor.py:839} INFO - DAG(s) dict_keys(['example_short_circuit_decorator']) retrieved from /home/airflow/.local/lib/python3.8/site-packages/airflow/example_dags/example_short_circuit_decorator.py
[2024-11-18T14:26:55.946+0000] {logging_mixin.py:151} INFO - [2024-11-18T14:26:55.946+0000] {dag.py:2941} INFO - Sync 1 DAGs
[2024-11-18T14:26:55.981+0000] {logging_mixin.py:151} INFO - [2024-11-18T14:26:55.981+0000] {dag.py:3722} INFO - Setting next_dagrun for example_short_circuit_decorator to 2024-11-17T14:26:55.981090+00:00, run_after=2024-11-18T14:26:55.981090+00:00
[2024-11-18T14:26:56.010+0000] {processor.py:179} INFO - Processing /home/airflow/.local/lib/python3.8/site-packages/airflow/example_dags/example_short_circuit_decorator.py took 0.120 seconds
[2024-11-18T14:27:26.843+0000] {processor.py:157} INFO - Started process (PID=815) to work on /home/airflow/.local/lib/python3.8/site-packages/airflow/example_dags/example_short_circuit_decorator.py
[2024-11-18T14:27:26.845+0000] {processor.py:829} INFO - Processing file /home/airflow/.local/lib/python3.8/site-packages/airflow/example_dags/example_short_circuit_decorator.py for tasks to queue
[2024-11-18T14:27:26.848+0000] {logging_mixin.py:151} INFO - [2024-11-18T14:27:26.847+0000] {dagbag.py:536} INFO - Filling up the DagBag from /home/airflow/.local/lib/python3.8/site-packages/airflow/example_dags/example_short_circuit_decorator.py
[2024-11-18T14:27:26.862+0000] {processor.py:839} INFO - DAG(s) dict_keys(['example_short_circuit_decorator']) retrieved from /home/airflow/.local/lib/python3.8/site-packages/airflow/example_dags/example_short_circuit_decorator.py
[2024-11-18T14:27:26.896+0000] {logging_mixin.py:151} INFO - [2024-11-18T14:27:26.896+0000] {dag.py:2941} INFO - Sync 1 DAGs
[2024-11-18T14:27:26.929+0000] {logging_mixin.py:151} INFO - [2024-11-18T14:27:26.929+0000] {dag.py:3722} INFO - Setting next_dagrun for example_short_circuit_decorator to 2024-11-17T14:27:26.928932+00:00, run_after=2024-11-18T14:27:26.928932+00:00
[2024-11-18T14:27:26.957+0000] {processor.py:179} INFO - Processing /home/airflow/.local/lib/python3.8/site-packages/airflow/example_dags/example_short_circuit_decorator.py took 0.118 seconds
[2024-11-18T14:27:57.498+0000] {processor.py:157} INFO - Started process (PID=869) to work on /home/airflow/.local/lib/python3.8/site-packages/airflow/example_dags/example_short_circuit_decorator.py
[2024-11-18T14:27:57.499+0000] {processor.py:829} INFO - Processing file /home/airflow/.local/lib/python3.8/site-packages/airflow/example_dags/example_short_circuit_decorator.py for tasks to queue
[2024-11-18T14:27:57.503+0000] {logging_mixin.py:151} INFO - [2024-11-18T14:27:57.502+0000] {dagbag.py:536} INFO - Filling up the DagBag from /home/airflow/.local/lib/python3.8/site-packages/airflow/example_dags/example_short_circuit_decorator.py
[2024-11-18T14:27:57.517+0000] {processor.py:839} INFO - DAG(s) dict_keys(['example_short_circuit_decorator']) retrieved from /home/airflow/.local/lib/python3.8/site-packages/airflow/example_dags/example_short_circuit_decorator.py
[2024-11-18T14:27:57.553+0000] {logging_mixin.py:151} INFO - [2024-11-18T14:27:57.553+0000] {dag.py:2941} INFO - Sync 1 DAGs
[2024-11-18T14:27:57.589+0000] {logging_mixin.py:151} INFO - [2024-11-18T14:27:57.589+0000] {dag.py:3722} INFO - Setting next_dagrun for example_short_circuit_decorator to 2024-11-17T14:27:57.588669+00:00, run_after=2024-11-18T14:27:57.588669+00:00
[2024-11-18T14:27:57.618+0000] {processor.py:179} INFO - Processing /home/airflow/.local/lib/python3.8/site-packages/airflow/example_dags/example_short_circuit_decorator.py took 0.125 seconds
[2024-11-18T14:28:27.787+0000] {processor.py:157} INFO - Started process (PID=924) to work on /home/airflow/.local/lib/python3.8/site-packages/airflow/example_dags/example_short_circuit_decorator.py
[2024-11-18T14:28:27.789+0000] {processor.py:829} INFO - Processing file /home/airflow/.local/lib/python3.8/site-packages/airflow/example_dags/example_short_circuit_decorator.py for tasks to queue
[2024-11-18T14:28:27.792+0000] {logging_mixin.py:151} INFO - [2024-11-18T14:28:27.792+0000] {dagbag.py:536} INFO - Filling up the DagBag from /home/airflow/.local/lib/python3.8/site-packages/airflow/example_dags/example_short_circuit_decorator.py
[2024-11-18T14:28:27.807+0000] {processor.py:839} INFO - DAG(s) dict_keys(['example_short_circuit_decorator']) retrieved from /home/airflow/.local/lib/python3.8/site-packages/airflow/example_dags/example_short_circuit_decorator.py
[2024-11-18T14:28:27.843+0000] {logging_mixin.py:151} INFO - [2024-11-18T14:28:27.843+0000] {dag.py:2941} INFO - Sync 1 DAGs
[2024-11-18T14:28:27.876+0000] {logging_mixin.py:151} INFO - [2024-11-18T14:28:27.876+0000] {dag.py:3722} INFO - Setting next_dagrun for example_short_circuit_decorator to 2024-11-17T14:28:27.875754+00:00, run_after=2024-11-18T14:28:27.875754+00:00
[2024-11-18T14:28:27.902+0000] {processor.py:179} INFO - Processing /home/airflow/.local/lib/python3.8/site-packages/airflow/example_dags/example_short_circuit_decorator.py took 0.120 seconds
[2024-11-18T14:28:58.195+0000] {processor.py:157} INFO - Started process (PID=978) to work on /home/airflow/.local/lib/python3.8/site-packages/airflow/example_dags/example_short_circuit_decorator.py
[2024-11-18T14:28:58.197+0000] {processor.py:829} INFO - Processing file /home/airflow/.local/lib/python3.8/site-packages/airflow/example_dags/example_short_circuit_decorator.py for tasks to queue
[2024-11-18T14:28:58.200+0000] {logging_mixin.py:151} INFO - [2024-11-18T14:28:58.200+0000] {dagbag.py:536} INFO - Filling up the DagBag from /home/airflow/.local/lib/python3.8/site-packages/airflow/example_dags/example_short_circuit_decorator.py
[2024-11-18T14:28:58.216+0000] {processor.py:839} INFO - DAG(s) dict_keys(['example_short_circuit_decorator']) retrieved from /home/airflow/.local/lib/python3.8/site-packages/airflow/example_dags/example_short_circuit_decorator.py
[2024-11-18T14:28:58.257+0000] {logging_mixin.py:151} INFO - [2024-11-18T14:28:58.256+0000] {dag.py:2941} INFO - Sync 1 DAGs
[2024-11-18T14:28:58.298+0000] {logging_mixin.py:151} INFO - [2024-11-18T14:28:58.297+0000] {dag.py:3722} INFO - Setting next_dagrun for example_short_circuit_decorator to 2024-11-17T14:28:58.297622+00:00, run_after=2024-11-18T14:28:58.297622+00:00
[2024-11-18T14:28:58.333+0000] {processor.py:179} INFO - Processing /home/airflow/.local/lib/python3.8/site-packages/airflow/example_dags/example_short_circuit_decorator.py took 0.142 seconds
[2024-11-18T14:29:28.542+0000] {processor.py:157} INFO - Started process (PID=1032) to work on /home/airflow/.local/lib/python3.8/site-packages/airflow/example_dags/example_short_circuit_decorator.py
[2024-11-18T14:29:28.544+0000] {processor.py:829} INFO - Processing file /home/airflow/.local/lib/python3.8/site-packages/airflow/example_dags/example_short_circuit_decorator.py for tasks to queue
[2024-11-18T14:29:28.548+0000] {logging_mixin.py:151} INFO - [2024-11-18T14:29:28.547+0000] {dagbag.py:536} INFO - Filling up the DagBag from /home/airflow/.local/lib/python3.8/site-packages/airflow/example_dags/example_short_circuit_decorator.py
[2024-11-18T14:29:28.562+0000] {processor.py:839} INFO - DAG(s) dict_keys(['example_short_circuit_decorator']) retrieved from /home/airflow/.local/lib/python3.8/site-packages/airflow/example_dags/example_short_circuit_decorator.py
[2024-11-18T14:29:28.600+0000] {logging_mixin.py:151} INFO - [2024-11-18T14:29:28.599+0000] {dag.py:2941} INFO - Sync 1 DAGs
[2024-11-18T14:29:28.639+0000] {logging_mixin.py:151} INFO - [2024-11-18T14:29:28.638+0000] {dag.py:3722} INFO - Setting next_dagrun for example_short_circuit_decorator to 2024-11-17T14:29:28.638449+00:00, run_after=2024-11-18T14:29:28.638449+00:00
[2024-11-18T14:29:28.670+0000] {processor.py:179} INFO - Processing /home/airflow/.local/lib/python3.8/site-packages/airflow/example_dags/example_short_circuit_decorator.py took 0.132 seconds
[2024-11-18T14:29:58.980+0000] {processor.py:157} INFO - Started process (PID=1086) to work on /home/airflow/.local/lib/python3.8/site-packages/airflow/example_dags/example_short_circuit_decorator.py
[2024-11-18T14:29:58.982+0000] {processor.py:829} INFO - Processing file /home/airflow/.local/lib/python3.8/site-packages/airflow/example_dags/example_short_circuit_decorator.py for tasks to queue
[2024-11-18T14:29:58.986+0000] {logging_mixin.py:151} INFO - [2024-11-18T14:29:58.986+0000] {dagbag.py:536} INFO - Filling up the DagBag from /home/airflow/.local/lib/python3.8/site-packages/airflow/example_dags/example_short_circuit_decorator.py
[2024-11-18T14:29:59.002+0000] {processor.py:839} INFO - DAG(s) dict_keys(['example_short_circuit_decorator']) retrieved from /home/airflow/.local/lib/python3.8/site-packages/airflow/example_dags/example_short_circuit_decorator.py
[2024-11-18T14:29:59.052+0000] {logging_mixin.py:151} INFO - [2024-11-18T14:29:59.052+0000] {dag.py:2941} INFO - Sync 1 DAGs
[2024-11-18T14:29:59.116+0000] {logging_mixin.py:151} INFO - [2024-11-18T14:29:59.115+0000] {dag.py:3722} INFO - Setting next_dagrun for example_short_circuit_decorator to 2024-11-17T14:29:59.114927+00:00, run_after=2024-11-18T14:29:59.114927+00:00
[2024-11-18T14:29:59.147+0000] {processor.py:179} INFO - Processing /home/airflow/.local/lib/python3.8/site-packages/airflow/example_dags/example_short_circuit_decorator.py took 0.174 seconds
[2024-11-18T14:33:16.688+0000] {processor.py:157} INFO - Started process (PID=77) to work on /home/airflow/.local/lib/python3.8/site-packages/airflow/example_dags/example_short_circuit_decorator.py
[2024-11-18T14:33:16.690+0000] {processor.py:829} INFO - Processing file /home/airflow/.local/lib/python3.8/site-packages/airflow/example_dags/example_short_circuit_decorator.py for tasks to queue
[2024-11-18T14:33:16.696+0000] {logging_mixin.py:151} INFO - [2024-11-18T14:33:16.695+0000] {dagbag.py:536} INFO - Filling up the DagBag from /home/airflow/.local/lib/python3.8/site-packages/airflow/example_dags/example_short_circuit_decorator.py
[2024-11-18T14:33:16.722+0000] {processor.py:839} INFO - DAG(s) dict_keys(['example_short_circuit_decorator']) retrieved from /home/airflow/.local/lib/python3.8/site-packages/airflow/example_dags/example_short_circuit_decorator.py
[2024-11-18T14:33:16.784+0000] {logging_mixin.py:151} INFO - [2024-11-18T14:33:16.783+0000] {dag.py:2941} INFO - Sync 1 DAGs
[2024-11-18T14:33:16.833+0000] {logging_mixin.py:151} INFO - [2024-11-18T14:33:16.833+0000] {dag.py:3722} INFO - Setting next_dagrun for example_short_circuit_decorator to 2024-11-17T14:33:16.832392+00:00, run_after=2024-11-18T14:33:16.832392+00:00
[2024-11-18T14:33:16.865+0000] {processor.py:179} INFO - Processing /home/airflow/.local/lib/python3.8/site-packages/airflow/example_dags/example_short_circuit_decorator.py took 0.185 seconds
[2024-11-18T14:33:47.522+0000] {processor.py:157} INFO - Started process (PID=131) to work on /home/airflow/.local/lib/python3.8/site-packages/airflow/example_dags/example_short_circuit_decorator.py
[2024-11-18T14:33:47.524+0000] {processor.py:829} INFO - Processing file /home/airflow/.local/lib/python3.8/site-packages/airflow/example_dags/example_short_circuit_decorator.py for tasks to queue
[2024-11-18T14:33:47.528+0000] {logging_mixin.py:151} INFO - [2024-11-18T14:33:47.528+0000] {dagbag.py:536} INFO - Filling up the DagBag from /home/airflow/.local/lib/python3.8/site-packages/airflow/example_dags/example_short_circuit_decorator.py
[2024-11-18T14:33:47.549+0000] {processor.py:839} INFO - DAG(s) dict_keys(['example_short_circuit_decorator']) retrieved from /home/airflow/.local/lib/python3.8/site-packages/airflow/example_dags/example_short_circuit_decorator.py
[2024-11-18T14:33:47.598+0000] {logging_mixin.py:151} INFO - [2024-11-18T14:33:47.598+0000] {dag.py:2941} INFO - Sync 1 DAGs
[2024-11-18T14:33:47.642+0000] {logging_mixin.py:151} INFO - [2024-11-18T14:33:47.642+0000] {dag.py:3722} INFO - Setting next_dagrun for example_short_circuit_decorator to 2024-11-17T14:33:47.641687+00:00, run_after=2024-11-18T14:33:47.641687+00:00
[2024-11-18T14:33:47.676+0000] {processor.py:179} INFO - Processing /home/airflow/.local/lib/python3.8/site-packages/airflow/example_dags/example_short_circuit_decorator.py took 0.160 seconds
[2024-11-18T14:34:18.199+0000] {processor.py:157} INFO - Started process (PID=185) to work on /home/airflow/.local/lib/python3.8/site-packages/airflow/example_dags/example_short_circuit_decorator.py
[2024-11-18T14:34:18.200+0000] {processor.py:829} INFO - Processing file /home/airflow/.local/lib/python3.8/site-packages/airflow/example_dags/example_short_circuit_decorator.py for tasks to queue
[2024-11-18T14:34:18.203+0000] {logging_mixin.py:151} INFO - [2024-11-18T14:34:18.203+0000] {dagbag.py:536} INFO - Filling up the DagBag from /home/airflow/.local/lib/python3.8/site-packages/airflow/example_dags/example_short_circuit_decorator.py
[2024-11-18T14:34:18.217+0000] {processor.py:839} INFO - DAG(s) dict_keys(['example_short_circuit_decorator']) retrieved from /home/airflow/.local/lib/python3.8/site-packages/airflow/example_dags/example_short_circuit_decorator.py
[2024-11-18T14:34:18.255+0000] {logging_mixin.py:151} INFO - [2024-11-18T14:34:18.255+0000] {dag.py:2941} INFO - Sync 1 DAGs
[2024-11-18T14:34:18.290+0000] {logging_mixin.py:151} INFO - [2024-11-18T14:34:18.290+0000] {dag.py:3722} INFO - Setting next_dagrun for example_short_circuit_decorator to 2024-11-17T14:34:18.289935+00:00, run_after=2024-11-18T14:34:18.289935+00:00
[2024-11-18T14:34:18.317+0000] {processor.py:179} INFO - Processing /home/airflow/.local/lib/python3.8/site-packages/airflow/example_dags/example_short_circuit_decorator.py took 0.123 seconds
[2024-11-18T14:34:48.572+0000] {processor.py:157} INFO - Started process (PID=239) to work on /home/airflow/.local/lib/python3.8/site-packages/airflow/example_dags/example_short_circuit_decorator.py
[2024-11-18T14:34:48.573+0000] {processor.py:829} INFO - Processing file /home/airflow/.local/lib/python3.8/site-packages/airflow/example_dags/example_short_circuit_decorator.py for tasks to queue
[2024-11-18T14:34:48.576+0000] {logging_mixin.py:151} INFO - [2024-11-18T14:34:48.576+0000] {dagbag.py:536} INFO - Filling up the DagBag from /home/airflow/.local/lib/python3.8/site-packages/airflow/example_dags/example_short_circuit_decorator.py
[2024-11-18T14:34:48.590+0000] {processor.py:839} INFO - DAG(s) dict_keys(['example_short_circuit_decorator']) retrieved from /home/airflow/.local/lib/python3.8/site-packages/airflow/example_dags/example_short_circuit_decorator.py
[2024-11-18T14:34:48.625+0000] {logging_mixin.py:151} INFO - [2024-11-18T14:34:48.624+0000] {dag.py:2941} INFO - Sync 1 DAGs
[2024-11-18T14:34:48.657+0000] {logging_mixin.py:151} INFO - [2024-11-18T14:34:48.657+0000] {dag.py:3722} INFO - Setting next_dagrun for example_short_circuit_decorator to 2024-11-17T14:34:48.657203+00:00, run_after=2024-11-18T14:34:48.657203+00:00
[2024-11-18T14:34:48.685+0000] {processor.py:179} INFO - Processing /home/airflow/.local/lib/python3.8/site-packages/airflow/example_dags/example_short_circuit_decorator.py took 0.118 seconds
[2024-11-18T14:35:21.216+0000] {processor.py:157} INFO - Started process (PID=293) to work on /home/airflow/.local/lib/python3.8/site-packages/airflow/example_dags/example_short_circuit_decorator.py
[2024-11-18T14:35:21.218+0000] {processor.py:829} INFO - Processing file /home/airflow/.local/lib/python3.8/site-packages/airflow/example_dags/example_short_circuit_decorator.py for tasks to queue
[2024-11-18T14:35:21.221+0000] {logging_mixin.py:151} INFO - [2024-11-18T14:35:21.220+0000] {dagbag.py:536} INFO - Filling up the DagBag from /home/airflow/.local/lib/python3.8/site-packages/airflow/example_dags/example_short_circuit_decorator.py
[2024-11-18T14:35:21.234+0000] {processor.py:839} INFO - DAG(s) dict_keys(['example_short_circuit_decorator']) retrieved from /home/airflow/.local/lib/python3.8/site-packages/airflow/example_dags/example_short_circuit_decorator.py
[2024-11-18T14:35:21.272+0000] {logging_mixin.py:151} INFO - [2024-11-18T14:35:21.271+0000] {dag.py:2941} INFO - Sync 1 DAGs
[2024-11-18T14:35:21.307+0000] {logging_mixin.py:151} INFO - [2024-11-18T14:35:21.306+0000] {dag.py:3722} INFO - Setting next_dagrun for example_short_circuit_decorator to 2024-11-17T14:35:21.306431+00:00, run_after=2024-11-18T14:35:21.306431+00:00
[2024-11-18T14:35:21.335+0000] {processor.py:179} INFO - Processing /home/airflow/.local/lib/python3.8/site-packages/airflow/example_dags/example_short_circuit_decorator.py took 0.123 seconds
[2024-11-18T14:35:54.668+0000] {processor.py:157} INFO - Started process (PID=347) to work on /home/airflow/.local/lib/python3.8/site-packages/airflow/example_dags/example_short_circuit_decorator.py
[2024-11-18T14:35:54.669+0000] {processor.py:829} INFO - Processing file /home/airflow/.local/lib/python3.8/site-packages/airflow/example_dags/example_short_circuit_decorator.py for tasks to queue
[2024-11-18T14:35:54.672+0000] {logging_mixin.py:151} INFO - [2024-11-18T14:35:54.672+0000] {dagbag.py:536} INFO - Filling up the DagBag from /home/airflow/.local/lib/python3.8/site-packages/airflow/example_dags/example_short_circuit_decorator.py
[2024-11-18T14:35:54.686+0000] {processor.py:839} INFO - DAG(s) dict_keys(['example_short_circuit_decorator']) retrieved from /home/airflow/.local/lib/python3.8/site-packages/airflow/example_dags/example_short_circuit_decorator.py
[2024-11-18T14:35:54.723+0000] {logging_mixin.py:151} INFO - [2024-11-18T14:35:54.723+0000] {dag.py:2941} INFO - Sync 1 DAGs
[2024-11-18T14:35:54.756+0000] {logging_mixin.py:151} INFO - [2024-11-18T14:35:54.756+0000] {dag.py:3722} INFO - Setting next_dagrun for example_short_circuit_decorator to 2024-11-17T14:35:54.755790+00:00, run_after=2024-11-18T14:35:54.755790+00:00
[2024-11-18T14:35:54.784+0000] {processor.py:179} INFO - Processing /home/airflow/.local/lib/python3.8/site-packages/airflow/example_dags/example_short_circuit_decorator.py took 0.121 seconds
[2024-11-18T14:36:28.507+0000] {processor.py:157} INFO - Started process (PID=401) to work on /home/airflow/.local/lib/python3.8/site-packages/airflow/example_dags/example_short_circuit_decorator.py
[2024-11-18T14:36:28.509+0000] {processor.py:829} INFO - Processing file /home/airflow/.local/lib/python3.8/site-packages/airflow/example_dags/example_short_circuit_decorator.py for tasks to queue
[2024-11-18T14:36:28.512+0000] {logging_mixin.py:151} INFO - [2024-11-18T14:36:28.511+0000] {dagbag.py:536} INFO - Filling up the DagBag from /home/airflow/.local/lib/python3.8/site-packages/airflow/example_dags/example_short_circuit_decorator.py
[2024-11-18T14:36:28.526+0000] {processor.py:839} INFO - DAG(s) dict_keys(['example_short_circuit_decorator']) retrieved from /home/airflow/.local/lib/python3.8/site-packages/airflow/example_dags/example_short_circuit_decorator.py
[2024-11-18T14:36:28.561+0000] {logging_mixin.py:151} INFO - [2024-11-18T14:36:28.561+0000] {dag.py:2941} INFO - Sync 1 DAGs
[2024-11-18T14:36:28.607+0000] {logging_mixin.py:151} INFO - [2024-11-18T14:36:28.606+0000] {dag.py:3722} INFO - Setting next_dagrun for example_short_circuit_decorator to 2024-11-17T14:36:28.605944+00:00, run_after=2024-11-18T14:36:28.605944+00:00
[2024-11-18T14:36:28.661+0000] {processor.py:179} INFO - Processing /home/airflow/.local/lib/python3.8/site-packages/airflow/example_dags/example_short_circuit_decorator.py took 0.159 seconds
[2024-11-18T14:37:01.499+0000] {processor.py:157} INFO - Started process (PID=455) to work on /home/airflow/.local/lib/python3.8/site-packages/airflow/example_dags/example_short_circuit_decorator.py
[2024-11-18T14:37:01.501+0000] {processor.py:829} INFO - Processing file /home/airflow/.local/lib/python3.8/site-packages/airflow/example_dags/example_short_circuit_decorator.py for tasks to queue
[2024-11-18T14:37:01.504+0000] {logging_mixin.py:151} INFO - [2024-11-18T14:37:01.503+0000] {dagbag.py:536} INFO - Filling up the DagBag from /home/airflow/.local/lib/python3.8/site-packages/airflow/example_dags/example_short_circuit_decorator.py
[2024-11-18T14:37:01.517+0000] {processor.py:839} INFO - DAG(s) dict_keys(['example_short_circuit_decorator']) retrieved from /home/airflow/.local/lib/python3.8/site-packages/airflow/example_dags/example_short_circuit_decorator.py
[2024-11-18T14:37:01.552+0000] {logging_mixin.py:151} INFO - [2024-11-18T14:37:01.552+0000] {dag.py:2941} INFO - Sync 1 DAGs
[2024-11-18T14:37:01.586+0000] {logging_mixin.py:151} INFO - [2024-11-18T14:37:01.586+0000] {dag.py:3722} INFO - Setting next_dagrun for example_short_circuit_decorator to 2024-11-17T14:37:01.585892+00:00, run_after=2024-11-18T14:37:01.585892+00:00
[2024-11-18T14:37:01.613+0000] {processor.py:179} INFO - Processing /home/airflow/.local/lib/python3.8/site-packages/airflow/example_dags/example_short_circuit_decorator.py took 0.118 seconds
[2024-11-18T14:37:34.701+0000] {processor.py:157} INFO - Started process (PID=509) to work on /home/airflow/.local/lib/python3.8/site-packages/airflow/example_dags/example_short_circuit_decorator.py
[2024-11-18T14:37:34.702+0000] {processor.py:829} INFO - Processing file /home/airflow/.local/lib/python3.8/site-packages/airflow/example_dags/example_short_circuit_decorator.py for tasks to queue
[2024-11-18T14:37:34.705+0000] {logging_mixin.py:151} INFO - [2024-11-18T14:37:34.705+0000] {dagbag.py:536} INFO - Filling up the DagBag from /home/airflow/.local/lib/python3.8/site-packages/airflow/example_dags/example_short_circuit_decorator.py
[2024-11-18T14:37:34.720+0000] {processor.py:839} INFO - DAG(s) dict_keys(['example_short_circuit_decorator']) retrieved from /home/airflow/.local/lib/python3.8/site-packages/airflow/example_dags/example_short_circuit_decorator.py
[2024-11-18T14:37:34.757+0000] {logging_mixin.py:151} INFO - [2024-11-18T14:37:34.757+0000] {dag.py:2941} INFO - Sync 1 DAGs
[2024-11-18T14:37:34.790+0000] {logging_mixin.py:151} INFO - [2024-11-18T14:37:34.790+0000] {dag.py:3722} INFO - Setting next_dagrun for example_short_circuit_decorator to 2024-11-17T14:37:34.790093+00:00, run_after=2024-11-18T14:37:34.790093+00:00
[2024-11-18T14:37:34.817+0000] {processor.py:179} INFO - Processing /home/airflow/.local/lib/python3.8/site-packages/airflow/example_dags/example_short_circuit_decorator.py took 0.121 seconds
[2024-11-18T14:38:07.850+0000] {processor.py:157} INFO - Started process (PID=563) to work on /home/airflow/.local/lib/python3.8/site-packages/airflow/example_dags/example_short_circuit_decorator.py
[2024-11-18T14:38:07.852+0000] {processor.py:829} INFO - Processing file /home/airflow/.local/lib/python3.8/site-packages/airflow/example_dags/example_short_circuit_decorator.py for tasks to queue
[2024-11-18T14:38:07.855+0000] {logging_mixin.py:151} INFO - [2024-11-18T14:38:07.854+0000] {dagbag.py:536} INFO - Filling up the DagBag from /home/airflow/.local/lib/python3.8/site-packages/airflow/example_dags/example_short_circuit_decorator.py
[2024-11-18T14:38:07.876+0000] {processor.py:839} INFO - DAG(s) dict_keys(['example_short_circuit_decorator']) retrieved from /home/airflow/.local/lib/python3.8/site-packages/airflow/example_dags/example_short_circuit_decorator.py
[2024-11-18T14:38:07.914+0000] {logging_mixin.py:151} INFO - [2024-11-18T14:38:07.914+0000] {dag.py:2941} INFO - Sync 1 DAGs
[2024-11-18T14:38:07.948+0000] {logging_mixin.py:151} INFO - [2024-11-18T14:38:07.947+0000] {dag.py:3722} INFO - Setting next_dagrun for example_short_circuit_decorator to 2024-11-17T14:38:07.947455+00:00, run_after=2024-11-18T14:38:07.947455+00:00
[2024-11-18T14:38:07.975+0000] {processor.py:179} INFO - Processing /home/airflow/.local/lib/python3.8/site-packages/airflow/example_dags/example_short_circuit_decorator.py took 0.130 seconds
[2024-11-18T14:38:41.252+0000] {processor.py:157} INFO - Started process (PID=617) to work on /home/airflow/.local/lib/python3.8/site-packages/airflow/example_dags/example_short_circuit_decorator.py
[2024-11-18T14:38:41.253+0000] {processor.py:829} INFO - Processing file /home/airflow/.local/lib/python3.8/site-packages/airflow/example_dags/example_short_circuit_decorator.py for tasks to queue
[2024-11-18T14:38:41.256+0000] {logging_mixin.py:151} INFO - [2024-11-18T14:38:41.256+0000] {dagbag.py:536} INFO - Filling up the DagBag from /home/airflow/.local/lib/python3.8/site-packages/airflow/example_dags/example_short_circuit_decorator.py
[2024-11-18T14:38:41.270+0000] {processor.py:839} INFO - DAG(s) dict_keys(['example_short_circuit_decorator']) retrieved from /home/airflow/.local/lib/python3.8/site-packages/airflow/example_dags/example_short_circuit_decorator.py
[2024-11-18T14:38:41.319+0000] {logging_mixin.py:151} INFO - [2024-11-18T14:38:41.319+0000] {dag.py:2941} INFO - Sync 1 DAGs
[2024-11-18T14:38:41.361+0000] {logging_mixin.py:151} INFO - [2024-11-18T14:38:41.360+0000] {dag.py:3722} INFO - Setting next_dagrun for example_short_circuit_decorator to 2024-11-17T14:38:41.360424+00:00, run_after=2024-11-18T14:38:41.360424+00:00
[2024-11-18T14:38:41.388+0000] {processor.py:179} INFO - Processing /home/airflow/.local/lib/python3.8/site-packages/airflow/example_dags/example_short_circuit_decorator.py took 0.141 seconds
[2024-11-18T14:39:14.951+0000] {processor.py:157} INFO - Started process (PID=671) to work on /home/airflow/.local/lib/python3.8/site-packages/airflow/example_dags/example_short_circuit_decorator.py
[2024-11-18T14:39:14.952+0000] {processor.py:829} INFO - Processing file /home/airflow/.local/lib/python3.8/site-packages/airflow/example_dags/example_short_circuit_decorator.py for tasks to queue
[2024-11-18T14:39:14.955+0000] {logging_mixin.py:151} INFO - [2024-11-18T14:39:14.955+0000] {dagbag.py:536} INFO - Filling up the DagBag from /home/airflow/.local/lib/python3.8/site-packages/airflow/example_dags/example_short_circuit_decorator.py
[2024-11-18T14:39:14.970+0000] {processor.py:839} INFO - DAG(s) dict_keys(['example_short_circuit_decorator']) retrieved from /home/airflow/.local/lib/python3.8/site-packages/airflow/example_dags/example_short_circuit_decorator.py
[2024-11-18T14:39:15.005+0000] {logging_mixin.py:151} INFO - [2024-11-18T14:39:15.005+0000] {dag.py:2941} INFO - Sync 1 DAGs
[2024-11-18T14:39:15.039+0000] {logging_mixin.py:151} INFO - [2024-11-18T14:39:15.039+0000] {dag.py:3722} INFO - Setting next_dagrun for example_short_circuit_decorator to 2024-11-17T14:39:15.038915+00:00, run_after=2024-11-18T14:39:15.038915+00:00
[2024-11-18T14:39:15.067+0000] {processor.py:179} INFO - Processing /home/airflow/.local/lib/python3.8/site-packages/airflow/example_dags/example_short_circuit_decorator.py took 0.121 seconds
[2024-11-18T14:39:48.204+0000] {processor.py:157} INFO - Started process (PID=725) to work on /home/airflow/.local/lib/python3.8/site-packages/airflow/example_dags/example_short_circuit_decorator.py
[2024-11-18T14:39:48.205+0000] {processor.py:829} INFO - Processing file /home/airflow/.local/lib/python3.8/site-packages/airflow/example_dags/example_short_circuit_decorator.py for tasks to queue
[2024-11-18T14:39:48.208+0000] {logging_mixin.py:151} INFO - [2024-11-18T14:39:48.208+0000] {dagbag.py:536} INFO - Filling up the DagBag from /home/airflow/.local/lib/python3.8/site-packages/airflow/example_dags/example_short_circuit_decorator.py
[2024-11-18T14:39:48.225+0000] {processor.py:839} INFO - DAG(s) dict_keys(['example_short_circuit_decorator']) retrieved from /home/airflow/.local/lib/python3.8/site-packages/airflow/example_dags/example_short_circuit_decorator.py
[2024-11-18T14:39:48.262+0000] {logging_mixin.py:151} INFO - [2024-11-18T14:39:48.262+0000] {dag.py:2941} INFO - Sync 1 DAGs
[2024-11-18T14:39:48.317+0000] {logging_mixin.py:151} INFO - [2024-11-18T14:39:48.317+0000] {dag.py:3722} INFO - Setting next_dagrun for example_short_circuit_decorator to 2024-11-17T14:39:48.316845+00:00, run_after=2024-11-18T14:39:48.316845+00:00
[2024-11-18T14:39:48.356+0000] {processor.py:179} INFO - Processing /home/airflow/.local/lib/python3.8/site-packages/airflow/example_dags/example_short_circuit_decorator.py took 0.157 seconds
[2024-11-18T14:40:21.398+0000] {processor.py:157} INFO - Started process (PID=779) to work on /home/airflow/.local/lib/python3.8/site-packages/airflow/example_dags/example_short_circuit_decorator.py
[2024-11-18T14:40:21.399+0000] {processor.py:829} INFO - Processing file /home/airflow/.local/lib/python3.8/site-packages/airflow/example_dags/example_short_circuit_decorator.py for tasks to queue
[2024-11-18T14:40:21.402+0000] {logging_mixin.py:151} INFO - [2024-11-18T14:40:21.402+0000] {dagbag.py:536} INFO - Filling up the DagBag from /home/airflow/.local/lib/python3.8/site-packages/airflow/example_dags/example_short_circuit_decorator.py
[2024-11-18T14:40:21.416+0000] {processor.py:839} INFO - DAG(s) dict_keys(['example_short_circuit_decorator']) retrieved from /home/airflow/.local/lib/python3.8/site-packages/airflow/example_dags/example_short_circuit_decorator.py
[2024-11-18T14:40:21.451+0000] {logging_mixin.py:151} INFO - [2024-11-18T14:40:21.450+0000] {dag.py:2941} INFO - Sync 1 DAGs
[2024-11-18T14:40:21.485+0000] {logging_mixin.py:151} INFO - [2024-11-18T14:40:21.485+0000] {dag.py:3722} INFO - Setting next_dagrun for example_short_circuit_decorator to 2024-11-17T14:40:21.485198+00:00, run_after=2024-11-18T14:40:21.485198+00:00
[2024-11-18T14:40:21.513+0000] {processor.py:179} INFO - Processing /home/airflow/.local/lib/python3.8/site-packages/airflow/example_dags/example_short_circuit_decorator.py took 0.120 seconds
[2024-11-18T14:40:54.783+0000] {processor.py:157} INFO - Started process (PID=833) to work on /home/airflow/.local/lib/python3.8/site-packages/airflow/example_dags/example_short_circuit_decorator.py
[2024-11-18T14:40:54.784+0000] {processor.py:829} INFO - Processing file /home/airflow/.local/lib/python3.8/site-packages/airflow/example_dags/example_short_circuit_decorator.py for tasks to queue
[2024-11-18T14:40:54.787+0000] {logging_mixin.py:151} INFO - [2024-11-18T14:40:54.787+0000] {dagbag.py:536} INFO - Filling up the DagBag from /home/airflow/.local/lib/python3.8/site-packages/airflow/example_dags/example_short_circuit_decorator.py
[2024-11-18T14:40:54.801+0000] {processor.py:839} INFO - DAG(s) dict_keys(['example_short_circuit_decorator']) retrieved from /home/airflow/.local/lib/python3.8/site-packages/airflow/example_dags/example_short_circuit_decorator.py
[2024-11-18T14:40:54.837+0000] {logging_mixin.py:151} INFO - [2024-11-18T14:40:54.837+0000] {dag.py:2941} INFO - Sync 1 DAGs
[2024-11-18T14:40:54.871+0000] {logging_mixin.py:151} INFO - [2024-11-18T14:40:54.870+0000] {dag.py:3722} INFO - Setting next_dagrun for example_short_circuit_decorator to 2024-11-17T14:40:54.870418+00:00, run_after=2024-11-18T14:40:54.870418+00:00
[2024-11-18T14:40:54.897+0000] {processor.py:179} INFO - Processing /home/airflow/.local/lib/python3.8/site-packages/airflow/example_dags/example_short_circuit_decorator.py took 0.119 seconds
[2024-11-18T14:41:28.065+0000] {processor.py:157} INFO - Started process (PID=887) to work on /home/airflow/.local/lib/python3.8/site-packages/airflow/example_dags/example_short_circuit_decorator.py
[2024-11-18T14:41:28.066+0000] {processor.py:829} INFO - Processing file /home/airflow/.local/lib/python3.8/site-packages/airflow/example_dags/example_short_circuit_decorator.py for tasks to queue
[2024-11-18T14:41:28.069+0000] {logging_mixin.py:151} INFO - [2024-11-18T14:41:28.069+0000] {dagbag.py:536} INFO - Filling up the DagBag from /home/airflow/.local/lib/python3.8/site-packages/airflow/example_dags/example_short_circuit_decorator.py
[2024-11-18T14:41:28.083+0000] {processor.py:839} INFO - DAG(s) dict_keys(['example_short_circuit_decorator']) retrieved from /home/airflow/.local/lib/python3.8/site-packages/airflow/example_dags/example_short_circuit_decorator.py
[2024-11-18T14:41:28.118+0000] {logging_mixin.py:151} INFO - [2024-11-18T14:41:28.118+0000] {dag.py:2941} INFO - Sync 1 DAGs
[2024-11-18T14:41:28.154+0000] {logging_mixin.py:151} INFO - [2024-11-18T14:41:28.153+0000] {dag.py:3722} INFO - Setting next_dagrun for example_short_circuit_decorator to 2024-11-17T14:41:28.153522+00:00, run_after=2024-11-18T14:41:28.153522+00:00
[2024-11-18T14:41:28.183+0000] {processor.py:179} INFO - Processing /home/airflow/.local/lib/python3.8/site-packages/airflow/example_dags/example_short_circuit_decorator.py took 0.122 seconds
[2024-11-18T14:42:01.359+0000] {processor.py:157} INFO - Started process (PID=941) to work on /home/airflow/.local/lib/python3.8/site-packages/airflow/example_dags/example_short_circuit_decorator.py
[2024-11-18T14:42:01.361+0000] {processor.py:829} INFO - Processing file /home/airflow/.local/lib/python3.8/site-packages/airflow/example_dags/example_short_circuit_decorator.py for tasks to queue
[2024-11-18T14:42:01.364+0000] {logging_mixin.py:151} INFO - [2024-11-18T14:42:01.364+0000] {dagbag.py:536} INFO - Filling up the DagBag from /home/airflow/.local/lib/python3.8/site-packages/airflow/example_dags/example_short_circuit_decorator.py
[2024-11-18T14:42:01.379+0000] {processor.py:839} INFO - DAG(s) dict_keys(['example_short_circuit_decorator']) retrieved from /home/airflow/.local/lib/python3.8/site-packages/airflow/example_dags/example_short_circuit_decorator.py
[2024-11-18T14:42:01.414+0000] {logging_mixin.py:151} INFO - [2024-11-18T14:42:01.414+0000] {dag.py:2941} INFO - Sync 1 DAGs
[2024-11-18T14:42:01.450+0000] {logging_mixin.py:151} INFO - [2024-11-18T14:42:01.449+0000] {dag.py:3722} INFO - Setting next_dagrun for example_short_circuit_decorator to 2024-11-17T14:42:01.449243+00:00, run_after=2024-11-18T14:42:01.449243+00:00
[2024-11-18T14:42:01.478+0000] {processor.py:179} INFO - Processing /home/airflow/.local/lib/python3.8/site-packages/airflow/example_dags/example_short_circuit_decorator.py took 0.124 seconds
[2024-11-18T14:42:34.693+0000] {processor.py:157} INFO - Started process (PID=995) to work on /home/airflow/.local/lib/python3.8/site-packages/airflow/example_dags/example_short_circuit_decorator.py
[2024-11-18T14:42:34.695+0000] {processor.py:829} INFO - Processing file /home/airflow/.local/lib/python3.8/site-packages/airflow/example_dags/example_short_circuit_decorator.py for tasks to queue
[2024-11-18T14:42:34.698+0000] {logging_mixin.py:151} INFO - [2024-11-18T14:42:34.698+0000] {dagbag.py:536} INFO - Filling up the DagBag from /home/airflow/.local/lib/python3.8/site-packages/airflow/example_dags/example_short_circuit_decorator.py
[2024-11-18T14:42:34.715+0000] {processor.py:839} INFO - DAG(s) dict_keys(['example_short_circuit_decorator']) retrieved from /home/airflow/.local/lib/python3.8/site-packages/airflow/example_dags/example_short_circuit_decorator.py
[2024-11-18T14:42:34.758+0000] {logging_mixin.py:151} INFO - [2024-11-18T14:42:34.757+0000] {dag.py:2941} INFO - Sync 1 DAGs
[2024-11-18T14:42:34.799+0000] {logging_mixin.py:151} INFO - [2024-11-18T14:42:34.799+0000] {dag.py:3722} INFO - Setting next_dagrun for example_short_circuit_decorator to 2024-11-17T14:42:34.798462+00:00, run_after=2024-11-18T14:42:34.798462+00:00
[2024-11-18T14:42:34.833+0000] {processor.py:179} INFO - Processing /home/airflow/.local/lib/python3.8/site-packages/airflow/example_dags/example_short_circuit_decorator.py took 0.145 seconds
[2024-11-18T14:43:07.994+0000] {processor.py:157} INFO - Started process (PID=1049) to work on /home/airflow/.local/lib/python3.8/site-packages/airflow/example_dags/example_short_circuit_decorator.py
[2024-11-18T14:43:07.995+0000] {processor.py:829} INFO - Processing file /home/airflow/.local/lib/python3.8/site-packages/airflow/example_dags/example_short_circuit_decorator.py for tasks to queue
[2024-11-18T14:43:07.999+0000] {logging_mixin.py:151} INFO - [2024-11-18T14:43:07.998+0000] {dagbag.py:536} INFO - Filling up the DagBag from /home/airflow/.local/lib/python3.8/site-packages/airflow/example_dags/example_short_circuit_decorator.py
[2024-11-18T14:43:08.013+0000] {processor.py:839} INFO - DAG(s) dict_keys(['example_short_circuit_decorator']) retrieved from /home/airflow/.local/lib/python3.8/site-packages/airflow/example_dags/example_short_circuit_decorator.py
[2024-11-18T14:43:08.049+0000] {logging_mixin.py:151} INFO - [2024-11-18T14:43:08.048+0000] {dag.py:2941} INFO - Sync 1 DAGs
[2024-11-18T14:43:08.083+0000] {logging_mixin.py:151} INFO - [2024-11-18T14:43:08.083+0000] {dag.py:3722} INFO - Setting next_dagrun for example_short_circuit_decorator to 2024-11-17T14:43:08.082987+00:00, run_after=2024-11-18T14:43:08.082987+00:00
[2024-11-18T14:43:08.113+0000] {processor.py:179} INFO - Processing /home/airflow/.local/lib/python3.8/site-packages/airflow/example_dags/example_short_circuit_decorator.py took 0.124 seconds
[2024-11-18T14:43:41.641+0000] {processor.py:157} INFO - Started process (PID=1103) to work on /home/airflow/.local/lib/python3.8/site-packages/airflow/example_dags/example_short_circuit_decorator.py
[2024-11-18T14:43:41.643+0000] {processor.py:829} INFO - Processing file /home/airflow/.local/lib/python3.8/site-packages/airflow/example_dags/example_short_circuit_decorator.py for tasks to queue
[2024-11-18T14:43:41.646+0000] {logging_mixin.py:151} INFO - [2024-11-18T14:43:41.645+0000] {dagbag.py:536} INFO - Filling up the DagBag from /home/airflow/.local/lib/python3.8/site-packages/airflow/example_dags/example_short_circuit_decorator.py
[2024-11-18T14:43:41.660+0000] {processor.py:839} INFO - DAG(s) dict_keys(['example_short_circuit_decorator']) retrieved from /home/airflow/.local/lib/python3.8/site-packages/airflow/example_dags/example_short_circuit_decorator.py
[2024-11-18T14:43:41.695+0000] {logging_mixin.py:151} INFO - [2024-11-18T14:43:41.695+0000] {dag.py:2941} INFO - Sync 1 DAGs
[2024-11-18T14:43:41.726+0000] {logging_mixin.py:151} INFO - [2024-11-18T14:43:41.726+0000] {dag.py:3722} INFO - Setting next_dagrun for example_short_circuit_decorator to 2024-11-17T14:43:41.726313+00:00, run_after=2024-11-18T14:43:41.726313+00:00
[2024-11-18T14:43:41.755+0000] {processor.py:179} INFO - Processing /home/airflow/.local/lib/python3.8/site-packages/airflow/example_dags/example_short_circuit_decorator.py took 0.118 seconds
[2024-11-18T14:44:14.591+0000] {processor.py:157} INFO - Started process (PID=1157) to work on /home/airflow/.local/lib/python3.8/site-packages/airflow/example_dags/example_short_circuit_decorator.py
[2024-11-18T14:44:14.592+0000] {processor.py:829} INFO - Processing file /home/airflow/.local/lib/python3.8/site-packages/airflow/example_dags/example_short_circuit_decorator.py for tasks to queue
[2024-11-18T14:44:14.595+0000] {logging_mixin.py:151} INFO - [2024-11-18T14:44:14.595+0000] {dagbag.py:536} INFO - Filling up the DagBag from /home/airflow/.local/lib/python3.8/site-packages/airflow/example_dags/example_short_circuit_decorator.py
[2024-11-18T14:44:14.609+0000] {processor.py:839} INFO - DAG(s) dict_keys(['example_short_circuit_decorator']) retrieved from /home/airflow/.local/lib/python3.8/site-packages/airflow/example_dags/example_short_circuit_decorator.py
[2024-11-18T14:44:14.643+0000] {logging_mixin.py:151} INFO - [2024-11-18T14:44:14.642+0000] {dag.py:2941} INFO - Sync 1 DAGs
[2024-11-18T14:44:14.674+0000] {logging_mixin.py:151} INFO - [2024-11-18T14:44:14.674+0000] {dag.py:3722} INFO - Setting next_dagrun for example_short_circuit_decorator to 2024-11-17T14:44:14.674228+00:00, run_after=2024-11-18T14:44:14.674228+00:00
[2024-11-18T14:44:14.703+0000] {processor.py:179} INFO - Processing /home/airflow/.local/lib/python3.8/site-packages/airflow/example_dags/example_short_circuit_decorator.py took 0.116 seconds
[2024-11-18T14:44:48.650+0000] {processor.py:157} INFO - Started process (PID=1211) to work on /home/airflow/.local/lib/python3.8/site-packages/airflow/example_dags/example_short_circuit_decorator.py
[2024-11-18T14:44:48.652+0000] {processor.py:829} INFO - Processing file /home/airflow/.local/lib/python3.8/site-packages/airflow/example_dags/example_short_circuit_decorator.py for tasks to queue
[2024-11-18T14:44:48.655+0000] {logging_mixin.py:151} INFO - [2024-11-18T14:44:48.654+0000] {dagbag.py:536} INFO - Filling up the DagBag from /home/airflow/.local/lib/python3.8/site-packages/airflow/example_dags/example_short_circuit_decorator.py
[2024-11-18T14:44:48.669+0000] {processor.py:839} INFO - DAG(s) dict_keys(['example_short_circuit_decorator']) retrieved from /home/airflow/.local/lib/python3.8/site-packages/airflow/example_dags/example_short_circuit_decorator.py
[2024-11-18T14:44:48.706+0000] {logging_mixin.py:151} INFO - [2024-11-18T14:44:48.706+0000] {dag.py:2941} INFO - Sync 1 DAGs
[2024-11-18T14:44:48.742+0000] {logging_mixin.py:151} INFO - [2024-11-18T14:44:48.742+0000] {dag.py:3722} INFO - Setting next_dagrun for example_short_circuit_decorator to 2024-11-17T14:44:48.742074+00:00, run_after=2024-11-18T14:44:48.742074+00:00
[2024-11-18T14:44:48.962+0000] {processor.py:179} INFO - Processing /home/airflow/.local/lib/python3.8/site-packages/airflow/example_dags/example_short_circuit_decorator.py took 0.317 seconds
[2024-11-18T14:45:21.530+0000] {processor.py:157} INFO - Started process (PID=1265) to work on /home/airflow/.local/lib/python3.8/site-packages/airflow/example_dags/example_short_circuit_decorator.py
[2024-11-18T14:45:21.531+0000] {processor.py:829} INFO - Processing file /home/airflow/.local/lib/python3.8/site-packages/airflow/example_dags/example_short_circuit_decorator.py for tasks to queue
[2024-11-18T14:45:21.535+0000] {logging_mixin.py:151} INFO - [2024-11-18T14:45:21.534+0000] {dagbag.py:536} INFO - Filling up the DagBag from /home/airflow/.local/lib/python3.8/site-packages/airflow/example_dags/example_short_circuit_decorator.py
[2024-11-18T14:45:21.550+0000] {processor.py:839} INFO - DAG(s) dict_keys(['example_short_circuit_decorator']) retrieved from /home/airflow/.local/lib/python3.8/site-packages/airflow/example_dags/example_short_circuit_decorator.py
[2024-11-18T14:45:21.587+0000] {logging_mixin.py:151} INFO - [2024-11-18T14:45:21.586+0000] {dag.py:2941} INFO - Sync 1 DAGs
[2024-11-18T14:45:21.621+0000] {logging_mixin.py:151} INFO - [2024-11-18T14:45:21.621+0000] {dag.py:3722} INFO - Setting next_dagrun for example_short_circuit_decorator to 2024-11-17T14:45:21.620661+00:00, run_after=2024-11-18T14:45:21.620661+00:00
[2024-11-18T14:45:21.650+0000] {processor.py:179} INFO - Processing /home/airflow/.local/lib/python3.8/site-packages/airflow/example_dags/example_short_circuit_decorator.py took 0.125 seconds
[2024-11-18T14:45:54.982+0000] {processor.py:157} INFO - Started process (PID=1319) to work on /home/airflow/.local/lib/python3.8/site-packages/airflow/example_dags/example_short_circuit_decorator.py
[2024-11-18T14:45:54.984+0000] {processor.py:829} INFO - Processing file /home/airflow/.local/lib/python3.8/site-packages/airflow/example_dags/example_short_circuit_decorator.py for tasks to queue
[2024-11-18T14:45:54.987+0000] {logging_mixin.py:151} INFO - [2024-11-18T14:45:54.986+0000] {dagbag.py:536} INFO - Filling up the DagBag from /home/airflow/.local/lib/python3.8/site-packages/airflow/example_dags/example_short_circuit_decorator.py
[2024-11-18T14:45:55.000+0000] {processor.py:839} INFO - DAG(s) dict_keys(['example_short_circuit_decorator']) retrieved from /home/airflow/.local/lib/python3.8/site-packages/airflow/example_dags/example_short_circuit_decorator.py
[2024-11-18T14:45:55.038+0000] {logging_mixin.py:151} INFO - [2024-11-18T14:45:55.037+0000] {dag.py:2941} INFO - Sync 1 DAGs
[2024-11-18T14:45:55.073+0000] {logging_mixin.py:151} INFO - [2024-11-18T14:45:55.073+0000] {dag.py:3722} INFO - Setting next_dagrun for example_short_circuit_decorator to 2024-11-17T14:45:55.073011+00:00, run_after=2024-11-18T14:45:55.073011+00:00
[2024-11-18T14:45:55.101+0000] {processor.py:179} INFO - Processing /home/airflow/.local/lib/python3.8/site-packages/airflow/example_dags/example_short_circuit_decorator.py took 0.124 seconds
[2024-11-18T14:46:28.406+0000] {processor.py:157} INFO - Started process (PID=1373) to work on /home/airflow/.local/lib/python3.8/site-packages/airflow/example_dags/example_short_circuit_decorator.py
[2024-11-18T14:46:28.407+0000] {processor.py:829} INFO - Processing file /home/airflow/.local/lib/python3.8/site-packages/airflow/example_dags/example_short_circuit_decorator.py for tasks to queue
[2024-11-18T14:46:28.410+0000] {logging_mixin.py:151} INFO - [2024-11-18T14:46:28.410+0000] {dagbag.py:536} INFO - Filling up the DagBag from /home/airflow/.local/lib/python3.8/site-packages/airflow/example_dags/example_short_circuit_decorator.py
[2024-11-18T14:46:28.423+0000] {processor.py:839} INFO - DAG(s) dict_keys(['example_short_circuit_decorator']) retrieved from /home/airflow/.local/lib/python3.8/site-packages/airflow/example_dags/example_short_circuit_decorator.py
[2024-11-18T14:46:28.456+0000] {logging_mixin.py:151} INFO - [2024-11-18T14:46:28.456+0000] {dag.py:2941} INFO - Sync 1 DAGs
[2024-11-18T14:46:28.677+0000] {logging_mixin.py:151} INFO - [2024-11-18T14:46:28.677+0000] {dag.py:3722} INFO - Setting next_dagrun for example_short_circuit_decorator to 2024-11-17T14:46:28.676962+00:00, run_after=2024-11-18T14:46:28.676962+00:00
[2024-11-18T14:46:28.704+0000] {processor.py:179} INFO - Processing /home/airflow/.local/lib/python3.8/site-packages/airflow/example_dags/example_short_circuit_decorator.py took 0.303 seconds
[2024-11-18T14:47:01.192+0000] {processor.py:157} INFO - Started process (PID=1427) to work on /home/airflow/.local/lib/python3.8/site-packages/airflow/example_dags/example_short_circuit_decorator.py
[2024-11-18T14:47:01.194+0000] {processor.py:829} INFO - Processing file /home/airflow/.local/lib/python3.8/site-packages/airflow/example_dags/example_short_circuit_decorator.py for tasks to queue
[2024-11-18T14:47:01.198+0000] {logging_mixin.py:151} INFO - [2024-11-18T14:47:01.197+0000] {dagbag.py:536} INFO - Filling up the DagBag from /home/airflow/.local/lib/python3.8/site-packages/airflow/example_dags/example_short_circuit_decorator.py
[2024-11-18T14:47:01.214+0000] {processor.py:839} INFO - DAG(s) dict_keys(['example_short_circuit_decorator']) retrieved from /home/airflow/.local/lib/python3.8/site-packages/airflow/example_dags/example_short_circuit_decorator.py
[2024-11-18T14:47:01.281+0000] {logging_mixin.py:151} INFO - [2024-11-18T14:47:01.281+0000] {dag.py:2941} INFO - Sync 1 DAGs
[2024-11-18T14:47:01.336+0000] {logging_mixin.py:151} INFO - [2024-11-18T14:47:01.336+0000] {dag.py:3722} INFO - Setting next_dagrun for example_short_circuit_decorator to 2024-11-17T14:47:01.335544+00:00, run_after=2024-11-18T14:47:01.335544+00:00
[2024-11-18T14:47:01.638+0000] {processor.py:179} INFO - Processing /home/airflow/.local/lib/python3.8/site-packages/airflow/example_dags/example_short_circuit_decorator.py took 0.451 seconds
[2024-11-18T14:47:35.034+0000] {processor.py:157} INFO - Started process (PID=1481) to work on /home/airflow/.local/lib/python3.8/site-packages/airflow/example_dags/example_short_circuit_decorator.py
[2024-11-18T14:47:35.036+0000] {processor.py:829} INFO - Processing file /home/airflow/.local/lib/python3.8/site-packages/airflow/example_dags/example_short_circuit_decorator.py for tasks to queue
[2024-11-18T14:47:35.041+0000] {logging_mixin.py:151} INFO - [2024-11-18T14:47:35.040+0000] {dagbag.py:536} INFO - Filling up the DagBag from /home/airflow/.local/lib/python3.8/site-packages/airflow/example_dags/example_short_circuit_decorator.py
[2024-11-18T14:47:35.060+0000] {processor.py:839} INFO - DAG(s) dict_keys(['example_short_circuit_decorator']) retrieved from /home/airflow/.local/lib/python3.8/site-packages/airflow/example_dags/example_short_circuit_decorator.py
[2024-11-18T14:47:35.104+0000] {logging_mixin.py:151} INFO - [2024-11-18T14:47:35.104+0000] {dag.py:2941} INFO - Sync 1 DAGs
[2024-11-18T14:47:35.141+0000] {logging_mixin.py:151} INFO - [2024-11-18T14:47:35.140+0000] {dag.py:3722} INFO - Setting next_dagrun for example_short_circuit_decorator to 2024-11-17T14:47:35.140548+00:00, run_after=2024-11-18T14:47:35.140548+00:00
[2024-11-18T14:47:35.173+0000] {processor.py:179} INFO - Processing /home/airflow/.local/lib/python3.8/site-packages/airflow/example_dags/example_short_circuit_decorator.py took 0.145 seconds
[2024-11-18T14:48:08.417+0000] {processor.py:157} INFO - Started process (PID=1535) to work on /home/airflow/.local/lib/python3.8/site-packages/airflow/example_dags/example_short_circuit_decorator.py
[2024-11-18T14:48:08.418+0000] {processor.py:829} INFO - Processing file /home/airflow/.local/lib/python3.8/site-packages/airflow/example_dags/example_short_circuit_decorator.py for tasks to queue
[2024-11-18T14:48:08.421+0000] {logging_mixin.py:151} INFO - [2024-11-18T14:48:08.421+0000] {dagbag.py:536} INFO - Filling up the DagBag from /home/airflow/.local/lib/python3.8/site-packages/airflow/example_dags/example_short_circuit_decorator.py
[2024-11-18T14:48:08.436+0000] {processor.py:839} INFO - DAG(s) dict_keys(['example_short_circuit_decorator']) retrieved from /home/airflow/.local/lib/python3.8/site-packages/airflow/example_dags/example_short_circuit_decorator.py
[2024-11-18T14:48:08.470+0000] {logging_mixin.py:151} INFO - [2024-11-18T14:48:08.470+0000] {dag.py:2941} INFO - Sync 1 DAGs
[2024-11-18T14:48:08.751+0000] {logging_mixin.py:151} INFO - [2024-11-18T14:48:08.750+0000] {dag.py:3722} INFO - Setting next_dagrun for example_short_circuit_decorator to 2024-11-17T14:48:08.750295+00:00, run_after=2024-11-18T14:48:08.750295+00:00
[2024-11-18T14:48:08.790+0000] {processor.py:179} INFO - Processing /home/airflow/.local/lib/python3.8/site-packages/airflow/example_dags/example_short_circuit_decorator.py took 0.378 seconds
[2024-11-18T14:48:41.495+0000] {processor.py:157} INFO - Started process (PID=1590) to work on /home/airflow/.local/lib/python3.8/site-packages/airflow/example_dags/example_short_circuit_decorator.py
[2024-11-18T14:48:41.496+0000] {processor.py:829} INFO - Processing file /home/airflow/.local/lib/python3.8/site-packages/airflow/example_dags/example_short_circuit_decorator.py for tasks to queue
[2024-11-18T14:48:41.499+0000] {logging_mixin.py:151} INFO - [2024-11-18T14:48:41.499+0000] {dagbag.py:536} INFO - Filling up the DagBag from /home/airflow/.local/lib/python3.8/site-packages/airflow/example_dags/example_short_circuit_decorator.py
[2024-11-18T14:48:41.514+0000] {processor.py:839} INFO - DAG(s) dict_keys(['example_short_circuit_decorator']) retrieved from /home/airflow/.local/lib/python3.8/site-packages/airflow/example_dags/example_short_circuit_decorator.py
[2024-11-18T14:48:41.552+0000] {logging_mixin.py:151} INFO - [2024-11-18T14:48:41.552+0000] {dag.py:2941} INFO - Sync 1 DAGs
[2024-11-18T14:48:41.592+0000] {logging_mixin.py:151} INFO - [2024-11-18T14:48:41.592+0000] {dag.py:3722} INFO - Setting next_dagrun for example_short_circuit_decorator to 2024-11-17T14:48:41.591993+00:00, run_after=2024-11-18T14:48:41.591993+00:00
[2024-11-18T14:48:41.800+0000] {processor.py:179} INFO - Processing /home/airflow/.local/lib/python3.8/site-packages/airflow/example_dags/example_short_circuit_decorator.py took 0.311 seconds
[2024-11-18T14:49:14.563+0000] {processor.py:157} INFO - Started process (PID=1645) to work on /home/airflow/.local/lib/python3.8/site-packages/airflow/example_dags/example_short_circuit_decorator.py
[2024-11-18T14:49:14.565+0000] {processor.py:829} INFO - Processing file /home/airflow/.local/lib/python3.8/site-packages/airflow/example_dags/example_short_circuit_decorator.py for tasks to queue
[2024-11-18T14:49:14.568+0000] {logging_mixin.py:151} INFO - [2024-11-18T14:49:14.568+0000] {dagbag.py:536} INFO - Filling up the DagBag from /home/airflow/.local/lib/python3.8/site-packages/airflow/example_dags/example_short_circuit_decorator.py
[2024-11-18T14:49:14.584+0000] {processor.py:839} INFO - DAG(s) dict_keys(['example_short_circuit_decorator']) retrieved from /home/airflow/.local/lib/python3.8/site-packages/airflow/example_dags/example_short_circuit_decorator.py
[2024-11-18T14:49:14.623+0000] {logging_mixin.py:151} INFO - [2024-11-18T14:49:14.623+0000] {dag.py:2941} INFO - Sync 1 DAGs
[2024-11-18T14:49:14.660+0000] {logging_mixin.py:151} INFO - [2024-11-18T14:49:14.660+0000] {dag.py:3722} INFO - Setting next_dagrun for example_short_circuit_decorator to 2024-11-17T14:49:14.659716+00:00, run_after=2024-11-18T14:49:14.659716+00:00
[2024-11-18T14:49:14.691+0000] {processor.py:179} INFO - Processing /home/airflow/.local/lib/python3.8/site-packages/airflow/example_dags/example_short_circuit_decorator.py took 0.133 seconds
[2024-11-18T14:49:48.345+0000] {processor.py:157} INFO - Started process (PID=1702) to work on /home/airflow/.local/lib/python3.8/site-packages/airflow/example_dags/example_short_circuit_decorator.py
[2024-11-18T14:49:48.346+0000] {processor.py:829} INFO - Processing file /home/airflow/.local/lib/python3.8/site-packages/airflow/example_dags/example_short_circuit_decorator.py for tasks to queue
[2024-11-18T14:49:48.350+0000] {logging_mixin.py:151} INFO - [2024-11-18T14:49:48.349+0000] {dagbag.py:536} INFO - Filling up the DagBag from /home/airflow/.local/lib/python3.8/site-packages/airflow/example_dags/example_short_circuit_decorator.py
[2024-11-18T14:49:48.367+0000] {processor.py:839} INFO - DAG(s) dict_keys(['example_short_circuit_decorator']) retrieved from /home/airflow/.local/lib/python3.8/site-packages/airflow/example_dags/example_short_circuit_decorator.py
[2024-11-18T14:49:48.578+0000] {logging_mixin.py:151} INFO - [2024-11-18T14:49:48.578+0000] {dag.py:2941} INFO - Sync 1 DAGs
[2024-11-18T14:49:48.616+0000] {logging_mixin.py:151} INFO - [2024-11-18T14:49:48.616+0000] {dag.py:3722} INFO - Setting next_dagrun for example_short_circuit_decorator to 2024-11-17T14:49:48.615797+00:00, run_after=2024-11-18T14:49:48.615797+00:00
[2024-11-18T14:49:48.649+0000] {processor.py:179} INFO - Processing /home/airflow/.local/lib/python3.8/site-packages/airflow/example_dags/example_short_circuit_decorator.py took 0.308 seconds
[2024-11-18T14:50:22.236+0000] {processor.py:157} INFO - Started process (PID=1761) to work on /home/airflow/.local/lib/python3.8/site-packages/airflow/example_dags/example_short_circuit_decorator.py
[2024-11-18T14:50:22.238+0000] {processor.py:829} INFO - Processing file /home/airflow/.local/lib/python3.8/site-packages/airflow/example_dags/example_short_circuit_decorator.py for tasks to queue
[2024-11-18T14:50:22.241+0000] {logging_mixin.py:151} INFO - [2024-11-18T14:50:22.241+0000] {dagbag.py:536} INFO - Filling up the DagBag from /home/airflow/.local/lib/python3.8/site-packages/airflow/example_dags/example_short_circuit_decorator.py
[2024-11-18T14:50:22.256+0000] {processor.py:839} INFO - DAG(s) dict_keys(['example_short_circuit_decorator']) retrieved from /home/airflow/.local/lib/python3.8/site-packages/airflow/example_dags/example_short_circuit_decorator.py
[2024-11-18T14:50:22.299+0000] {logging_mixin.py:151} INFO - [2024-11-18T14:50:22.298+0000] {dag.py:2941} INFO - Sync 1 DAGs
[2024-11-18T14:50:22.536+0000] {logging_mixin.py:151} INFO - [2024-11-18T14:50:22.535+0000] {dag.py:3722} INFO - Setting next_dagrun for example_short_circuit_decorator to 2024-11-17T14:50:22.535678+00:00, run_after=2024-11-18T14:50:22.535678+00:00
[2024-11-18T14:50:22.565+0000] {processor.py:179} INFO - Processing /home/airflow/.local/lib/python3.8/site-packages/airflow/example_dags/example_short_circuit_decorator.py took 0.334 seconds
[2024-11-18T14:50:55.466+0000] {processor.py:157} INFO - Started process (PID=1818) to work on /home/airflow/.local/lib/python3.8/site-packages/airflow/example_dags/example_short_circuit_decorator.py
[2024-11-18T14:50:55.468+0000] {processor.py:829} INFO - Processing file /home/airflow/.local/lib/python3.8/site-packages/airflow/example_dags/example_short_circuit_decorator.py for tasks to queue
[2024-11-18T14:50:55.471+0000] {logging_mixin.py:151} INFO - [2024-11-18T14:50:55.471+0000] {dagbag.py:536} INFO - Filling up the DagBag from /home/airflow/.local/lib/python3.8/site-packages/airflow/example_dags/example_short_circuit_decorator.py
[2024-11-18T14:50:55.486+0000] {processor.py:839} INFO - DAG(s) dict_keys(['example_short_circuit_decorator']) retrieved from /home/airflow/.local/lib/python3.8/site-packages/airflow/example_dags/example_short_circuit_decorator.py
[2024-11-18T14:50:55.529+0000] {logging_mixin.py:151} INFO - [2024-11-18T14:50:55.528+0000] {dag.py:2941} INFO - Sync 1 DAGs
[2024-11-18T14:50:55.571+0000] {logging_mixin.py:151} INFO - [2024-11-18T14:50:55.571+0000] {dag.py:3722} INFO - Setting next_dagrun for example_short_circuit_decorator to 2024-11-17T14:50:55.570883+00:00, run_after=2024-11-18T14:50:55.570883+00:00
[2024-11-18T14:50:55.607+0000] {processor.py:179} INFO - Processing /home/airflow/.local/lib/python3.8/site-packages/airflow/example_dags/example_short_circuit_decorator.py took 0.146 seconds
[2024-11-18T14:51:28.601+0000] {processor.py:157} INFO - Started process (PID=1876) to work on /home/airflow/.local/lib/python3.8/site-packages/airflow/example_dags/example_short_circuit_decorator.py
[2024-11-18T14:51:28.603+0000] {processor.py:829} INFO - Processing file /home/airflow/.local/lib/python3.8/site-packages/airflow/example_dags/example_short_circuit_decorator.py for tasks to queue
[2024-11-18T14:51:28.606+0000] {logging_mixin.py:151} INFO - [2024-11-18T14:51:28.606+0000] {dagbag.py:536} INFO - Filling up the DagBag from /home/airflow/.local/lib/python3.8/site-packages/airflow/example_dags/example_short_circuit_decorator.py
[2024-11-18T14:51:28.620+0000] {processor.py:839} INFO - DAG(s) dict_keys(['example_short_circuit_decorator']) retrieved from /home/airflow/.local/lib/python3.8/site-packages/airflow/example_dags/example_short_circuit_decorator.py
[2024-11-18T14:51:28.658+0000] {logging_mixin.py:151} INFO - [2024-11-18T14:51:28.658+0000] {dag.py:2941} INFO - Sync 1 DAGs
[2024-11-18T14:51:28.700+0000] {logging_mixin.py:151} INFO - [2024-11-18T14:51:28.699+0000] {dag.py:3722} INFO - Setting next_dagrun for example_short_circuit_decorator to 2024-11-17T14:51:28.699542+00:00, run_after=2024-11-18T14:51:28.699542+00:00
[2024-11-18T14:51:28.742+0000] {processor.py:179} INFO - Processing /home/airflow/.local/lib/python3.8/site-packages/airflow/example_dags/example_short_circuit_decorator.py took 0.145 seconds
[2024-11-18T14:52:01.219+0000] {processor.py:157} INFO - Started process (PID=1934) to work on /home/airflow/.local/lib/python3.8/site-packages/airflow/example_dags/example_short_circuit_decorator.py
[2024-11-18T14:52:01.220+0000] {processor.py:829} INFO - Processing file /home/airflow/.local/lib/python3.8/site-packages/airflow/example_dags/example_short_circuit_decorator.py for tasks to queue
[2024-11-18T14:52:01.223+0000] {logging_mixin.py:151} INFO - [2024-11-18T14:52:01.223+0000] {dagbag.py:536} INFO - Filling up the DagBag from /home/airflow/.local/lib/python3.8/site-packages/airflow/example_dags/example_short_circuit_decorator.py
[2024-11-18T14:52:01.237+0000] {processor.py:839} INFO - DAG(s) dict_keys(['example_short_circuit_decorator']) retrieved from /home/airflow/.local/lib/python3.8/site-packages/airflow/example_dags/example_short_circuit_decorator.py
[2024-11-18T14:52:01.272+0000] {logging_mixin.py:151} INFO - [2024-11-18T14:52:01.272+0000] {dag.py:2941} INFO - Sync 1 DAGs
[2024-11-18T14:52:01.305+0000] {logging_mixin.py:151} INFO - [2024-11-18T14:52:01.305+0000] {dag.py:3722} INFO - Setting next_dagrun for example_short_circuit_decorator to 2024-11-17T14:52:01.305097+00:00, run_after=2024-11-18T14:52:01.305097+00:00
[2024-11-18T14:52:01.333+0000] {processor.py:179} INFO - Processing /home/airflow/.local/lib/python3.8/site-packages/airflow/example_dags/example_short_circuit_decorator.py took 0.119 seconds
[2024-11-18T14:52:34.813+0000] {processor.py:157} INFO - Started process (PID=1989) to work on /home/airflow/.local/lib/python3.8/site-packages/airflow/example_dags/example_short_circuit_decorator.py
[2024-11-18T14:52:34.815+0000] {processor.py:829} INFO - Processing file /home/airflow/.local/lib/python3.8/site-packages/airflow/example_dags/example_short_circuit_decorator.py for tasks to queue
[2024-11-18T14:52:34.818+0000] {logging_mixin.py:151} INFO - [2024-11-18T14:52:34.818+0000] {dagbag.py:536} INFO - Filling up the DagBag from /home/airflow/.local/lib/python3.8/site-packages/airflow/example_dags/example_short_circuit_decorator.py
[2024-11-18T14:52:34.832+0000] {processor.py:839} INFO - DAG(s) dict_keys(['example_short_circuit_decorator']) retrieved from /home/airflow/.local/lib/python3.8/site-packages/airflow/example_dags/example_short_circuit_decorator.py
[2024-11-18T14:52:34.867+0000] {logging_mixin.py:151} INFO - [2024-11-18T14:52:34.867+0000] {dag.py:2941} INFO - Sync 1 DAGs
[2024-11-18T14:52:34.902+0000] {logging_mixin.py:151} INFO - [2024-11-18T14:52:34.902+0000] {dag.py:3722} INFO - Setting next_dagrun for example_short_circuit_decorator to 2024-11-17T14:52:34.901788+00:00, run_after=2024-11-18T14:52:34.901788+00:00
[2024-11-18T14:52:34.931+0000] {processor.py:179} INFO - Processing /home/airflow/.local/lib/python3.8/site-packages/airflow/example_dags/example_short_circuit_decorator.py took 0.122 seconds
[2024-11-18T14:53:07.954+0000] {processor.py:157} INFO - Started process (PID=2044) to work on /home/airflow/.local/lib/python3.8/site-packages/airflow/example_dags/example_short_circuit_decorator.py
[2024-11-18T14:53:07.956+0000] {processor.py:829} INFO - Processing file /home/airflow/.local/lib/python3.8/site-packages/airflow/example_dags/example_short_circuit_decorator.py for tasks to queue
[2024-11-18T14:53:07.959+0000] {logging_mixin.py:151} INFO - [2024-11-18T14:53:07.959+0000] {dagbag.py:536} INFO - Filling up the DagBag from /home/airflow/.local/lib/python3.8/site-packages/airflow/example_dags/example_short_circuit_decorator.py
[2024-11-18T14:53:07.973+0000] {processor.py:839} INFO - DAG(s) dict_keys(['example_short_circuit_decorator']) retrieved from /home/airflow/.local/lib/python3.8/site-packages/airflow/example_dags/example_short_circuit_decorator.py
[2024-11-18T14:53:08.008+0000] {logging_mixin.py:151} INFO - [2024-11-18T14:53:08.007+0000] {dag.py:2941} INFO - Sync 1 DAGs
[2024-11-18T14:53:08.041+0000] {logging_mixin.py:151} INFO - [2024-11-18T14:53:08.041+0000] {dag.py:3722} INFO - Setting next_dagrun for example_short_circuit_decorator to 2024-11-17T14:53:08.040749+00:00, run_after=2024-11-18T14:53:08.040749+00:00
[2024-11-18T14:53:08.069+0000] {processor.py:179} INFO - Processing /home/airflow/.local/lib/python3.8/site-packages/airflow/example_dags/example_short_circuit_decorator.py took 0.120 seconds
[2024-11-18T14:53:41.826+0000] {processor.py:157} INFO - Started process (PID=2100) to work on /home/airflow/.local/lib/python3.8/site-packages/airflow/example_dags/example_short_circuit_decorator.py
[2024-11-18T14:53:41.828+0000] {processor.py:829} INFO - Processing file /home/airflow/.local/lib/python3.8/site-packages/airflow/example_dags/example_short_circuit_decorator.py for tasks to queue
[2024-11-18T14:53:41.832+0000] {logging_mixin.py:151} INFO - [2024-11-18T14:53:41.832+0000] {dagbag.py:536} INFO - Filling up the DagBag from /home/airflow/.local/lib/python3.8/site-packages/airflow/example_dags/example_short_circuit_decorator.py
[2024-11-18T14:53:41.854+0000] {processor.py:839} INFO - DAG(s) dict_keys(['example_short_circuit_decorator']) retrieved from /home/airflow/.local/lib/python3.8/site-packages/airflow/example_dags/example_short_circuit_decorator.py
[2024-11-18T14:53:41.909+0000] {logging_mixin.py:151} INFO - [2024-11-18T14:53:41.908+0000] {dag.py:2941} INFO - Sync 1 DAGs
[2024-11-18T14:53:41.957+0000] {logging_mixin.py:151} INFO - [2024-11-18T14:53:41.957+0000] {dag.py:3722} INFO - Setting next_dagrun for example_short_circuit_decorator to 2024-11-17T14:53:41.957090+00:00, run_after=2024-11-18T14:53:41.957090+00:00
[2024-11-18T14:53:42.008+0000] {processor.py:179} INFO - Processing /home/airflow/.local/lib/python3.8/site-packages/airflow/example_dags/example_short_circuit_decorator.py took 0.187 seconds
[2024-11-18T14:54:15.211+0000] {processor.py:157} INFO - Started process (PID=2155) to work on /home/airflow/.local/lib/python3.8/site-packages/airflow/example_dags/example_short_circuit_decorator.py
[2024-11-18T14:54:15.212+0000] {processor.py:829} INFO - Processing file /home/airflow/.local/lib/python3.8/site-packages/airflow/example_dags/example_short_circuit_decorator.py for tasks to queue
[2024-11-18T14:54:15.216+0000] {logging_mixin.py:151} INFO - [2024-11-18T14:54:15.215+0000] {dagbag.py:536} INFO - Filling up the DagBag from /home/airflow/.local/lib/python3.8/site-packages/airflow/example_dags/example_short_circuit_decorator.py
[2024-11-18T14:54:15.230+0000] {processor.py:839} INFO - DAG(s) dict_keys(['example_short_circuit_decorator']) retrieved from /home/airflow/.local/lib/python3.8/site-packages/airflow/example_dags/example_short_circuit_decorator.py
[2024-11-18T14:54:15.269+0000] {logging_mixin.py:151} INFO - [2024-11-18T14:54:15.269+0000] {dag.py:2941} INFO - Sync 1 DAGs
[2024-11-18T14:54:15.306+0000] {logging_mixin.py:151} INFO - [2024-11-18T14:54:15.306+0000] {dag.py:3722} INFO - Setting next_dagrun for example_short_circuit_decorator to 2024-11-17T14:54:15.305691+00:00, run_after=2024-11-18T14:54:15.305691+00:00
[2024-11-18T14:54:15.336+0000] {processor.py:179} INFO - Processing /home/airflow/.local/lib/python3.8/site-packages/airflow/example_dags/example_short_circuit_decorator.py took 0.130 seconds
[2024-11-18T14:54:48.714+0000] {processor.py:157} INFO - Started process (PID=2210) to work on /home/airflow/.local/lib/python3.8/site-packages/airflow/example_dags/example_short_circuit_decorator.py
[2024-11-18T14:54:48.715+0000] {processor.py:829} INFO - Processing file /home/airflow/.local/lib/python3.8/site-packages/airflow/example_dags/example_short_circuit_decorator.py for tasks to queue
[2024-11-18T14:54:48.718+0000] {logging_mixin.py:151} INFO - [2024-11-18T14:54:48.718+0000] {dagbag.py:536} INFO - Filling up the DagBag from /home/airflow/.local/lib/python3.8/site-packages/airflow/example_dags/example_short_circuit_decorator.py
[2024-11-18T14:54:48.731+0000] {processor.py:839} INFO - DAG(s) dict_keys(['example_short_circuit_decorator']) retrieved from /home/airflow/.local/lib/python3.8/site-packages/airflow/example_dags/example_short_circuit_decorator.py
[2024-11-18T14:54:48.766+0000] {logging_mixin.py:151} INFO - [2024-11-18T14:54:48.765+0000] {dag.py:2941} INFO - Sync 1 DAGs
[2024-11-18T14:54:48.799+0000] {logging_mixin.py:151} INFO - [2024-11-18T14:54:48.799+0000] {dag.py:3722} INFO - Setting next_dagrun for example_short_circuit_decorator to 2024-11-17T14:54:48.799194+00:00, run_after=2024-11-18T14:54:48.799194+00:00
[2024-11-18T14:54:48.826+0000] {processor.py:179} INFO - Processing /home/airflow/.local/lib/python3.8/site-packages/airflow/example_dags/example_short_circuit_decorator.py took 0.117 seconds
[2024-11-18T14:55:21.996+0000] {processor.py:157} INFO - Started process (PID=2265) to work on /home/airflow/.local/lib/python3.8/site-packages/airflow/example_dags/example_short_circuit_decorator.py
[2024-11-18T14:55:21.997+0000] {processor.py:829} INFO - Processing file /home/airflow/.local/lib/python3.8/site-packages/airflow/example_dags/example_short_circuit_decorator.py for tasks to queue
[2024-11-18T14:55:22.001+0000] {logging_mixin.py:151} INFO - [2024-11-18T14:55:22.000+0000] {dagbag.py:536} INFO - Filling up the DagBag from /home/airflow/.local/lib/python3.8/site-packages/airflow/example_dags/example_short_circuit_decorator.py
[2024-11-18T14:55:22.015+0000] {processor.py:839} INFO - DAG(s) dict_keys(['example_short_circuit_decorator']) retrieved from /home/airflow/.local/lib/python3.8/site-packages/airflow/example_dags/example_short_circuit_decorator.py
[2024-11-18T14:55:22.050+0000] {logging_mixin.py:151} INFO - [2024-11-18T14:55:22.050+0000] {dag.py:2941} INFO - Sync 1 DAGs
[2024-11-18T14:55:22.085+0000] {logging_mixin.py:151} INFO - [2024-11-18T14:55:22.085+0000] {dag.py:3722} INFO - Setting next_dagrun for example_short_circuit_decorator to 2024-11-17T14:55:22.084941+00:00, run_after=2024-11-18T14:55:22.084941+00:00
[2024-11-18T14:55:22.116+0000] {processor.py:179} INFO - Processing /home/airflow/.local/lib/python3.8/site-packages/airflow/example_dags/example_short_circuit_decorator.py took 0.125 seconds
[2024-11-18T14:55:55.361+0000] {processor.py:157} INFO - Started process (PID=2320) to work on /home/airflow/.local/lib/python3.8/site-packages/airflow/example_dags/example_short_circuit_decorator.py
[2024-11-18T14:55:55.362+0000] {processor.py:829} INFO - Processing file /home/airflow/.local/lib/python3.8/site-packages/airflow/example_dags/example_short_circuit_decorator.py for tasks to queue
[2024-11-18T14:55:55.366+0000] {logging_mixin.py:151} INFO - [2024-11-18T14:55:55.366+0000] {dagbag.py:536} INFO - Filling up the DagBag from /home/airflow/.local/lib/python3.8/site-packages/airflow/example_dags/example_short_circuit_decorator.py
[2024-11-18T14:55:55.380+0000] {processor.py:839} INFO - DAG(s) dict_keys(['example_short_circuit_decorator']) retrieved from /home/airflow/.local/lib/python3.8/site-packages/airflow/example_dags/example_short_circuit_decorator.py
[2024-11-18T14:55:55.416+0000] {logging_mixin.py:151} INFO - [2024-11-18T14:55:55.416+0000] {dag.py:2941} INFO - Sync 1 DAGs
[2024-11-18T14:55:55.451+0000] {logging_mixin.py:151} INFO - [2024-11-18T14:55:55.451+0000] {dag.py:3722} INFO - Setting next_dagrun for example_short_circuit_decorator to 2024-11-17T14:55:55.451121+00:00, run_after=2024-11-18T14:55:55.451121+00:00
[2024-11-18T14:55:55.481+0000] {processor.py:179} INFO - Processing /home/airflow/.local/lib/python3.8/site-packages/airflow/example_dags/example_short_circuit_decorator.py took 0.125 seconds
[2024-11-18T14:56:28.233+0000] {processor.py:157} INFO - Started process (PID=2375) to work on /home/airflow/.local/lib/python3.8/site-packages/airflow/example_dags/example_short_circuit_decorator.py
[2024-11-18T14:56:28.235+0000] {processor.py:829} INFO - Processing file /home/airflow/.local/lib/python3.8/site-packages/airflow/example_dags/example_short_circuit_decorator.py for tasks to queue
[2024-11-18T14:56:28.238+0000] {logging_mixin.py:151} INFO - [2024-11-18T14:56:28.238+0000] {dagbag.py:536} INFO - Filling up the DagBag from /home/airflow/.local/lib/python3.8/site-packages/airflow/example_dags/example_short_circuit_decorator.py
[2024-11-18T14:56:28.252+0000] {processor.py:839} INFO - DAG(s) dict_keys(['example_short_circuit_decorator']) retrieved from /home/airflow/.local/lib/python3.8/site-packages/airflow/example_dags/example_short_circuit_decorator.py
[2024-11-18T14:56:28.286+0000] {logging_mixin.py:151} INFO - [2024-11-18T14:56:28.286+0000] {dag.py:2941} INFO - Sync 1 DAGs
[2024-11-18T14:56:28.320+0000] {logging_mixin.py:151} INFO - [2024-11-18T14:56:28.319+0000] {dag.py:3722} INFO - Setting next_dagrun for example_short_circuit_decorator to 2024-11-17T14:56:28.319624+00:00, run_after=2024-11-18T14:56:28.319624+00:00
[2024-11-18T14:56:28.346+0000] {processor.py:179} INFO - Processing /home/airflow/.local/lib/python3.8/site-packages/airflow/example_dags/example_short_circuit_decorator.py took 0.118 seconds
[2024-11-18T14:57:01.699+0000] {processor.py:157} INFO - Started process (PID=2430) to work on /home/airflow/.local/lib/python3.8/site-packages/airflow/example_dags/example_short_circuit_decorator.py
[2024-11-18T14:57:01.701+0000] {processor.py:829} INFO - Processing file /home/airflow/.local/lib/python3.8/site-packages/airflow/example_dags/example_short_circuit_decorator.py for tasks to queue
[2024-11-18T14:57:01.706+0000] {logging_mixin.py:151} INFO - [2024-11-18T14:57:01.705+0000] {dagbag.py:536} INFO - Filling up the DagBag from /home/airflow/.local/lib/python3.8/site-packages/airflow/example_dags/example_short_circuit_decorator.py
[2024-11-18T14:57:01.725+0000] {processor.py:839} INFO - DAG(s) dict_keys(['example_short_circuit_decorator']) retrieved from /home/airflow/.local/lib/python3.8/site-packages/airflow/example_dags/example_short_circuit_decorator.py
[2024-11-18T14:57:01.779+0000] {logging_mixin.py:151} INFO - [2024-11-18T14:57:01.779+0000] {dag.py:2941} INFO - Sync 1 DAGs
[2024-11-18T14:57:01.825+0000] {logging_mixin.py:151} INFO - [2024-11-18T14:57:01.825+0000] {dag.py:3722} INFO - Setting next_dagrun for example_short_circuit_decorator to 2024-11-17T14:57:01.824774+00:00, run_after=2024-11-18T14:57:01.824774+00:00
[2024-11-18T14:57:01.866+0000] {processor.py:179} INFO - Processing /home/airflow/.local/lib/python3.8/site-packages/airflow/example_dags/example_short_circuit_decorator.py took 0.173 seconds
[2024-11-18T14:57:34.852+0000] {processor.py:157} INFO - Started process (PID=2485) to work on /home/airflow/.local/lib/python3.8/site-packages/airflow/example_dags/example_short_circuit_decorator.py
[2024-11-18T14:57:34.853+0000] {processor.py:829} INFO - Processing file /home/airflow/.local/lib/python3.8/site-packages/airflow/example_dags/example_short_circuit_decorator.py for tasks to queue
[2024-11-18T14:57:34.856+0000] {logging_mixin.py:151} INFO - [2024-11-18T14:57:34.856+0000] {dagbag.py:536} INFO - Filling up the DagBag from /home/airflow/.local/lib/python3.8/site-packages/airflow/example_dags/example_short_circuit_decorator.py
[2024-11-18T14:57:34.870+0000] {processor.py:839} INFO - DAG(s) dict_keys(['example_short_circuit_decorator']) retrieved from /home/airflow/.local/lib/python3.8/site-packages/airflow/example_dags/example_short_circuit_decorator.py
[2024-11-18T14:57:34.905+0000] {logging_mixin.py:151} INFO - [2024-11-18T14:57:34.905+0000] {dag.py:2941} INFO - Sync 1 DAGs
[2024-11-18T14:57:34.938+0000] {logging_mixin.py:151} INFO - [2024-11-18T14:57:34.938+0000] {dag.py:3722} INFO - Setting next_dagrun for example_short_circuit_decorator to 2024-11-17T14:57:34.937641+00:00, run_after=2024-11-18T14:57:34.937641+00:00
[2024-11-18T14:57:34.968+0000] {processor.py:179} INFO - Processing /home/airflow/.local/lib/python3.8/site-packages/airflow/example_dags/example_short_circuit_decorator.py took 0.121 seconds
[2024-11-18T14:58:08.657+0000] {processor.py:157} INFO - Started process (PID=2540) to work on /home/airflow/.local/lib/python3.8/site-packages/airflow/example_dags/example_short_circuit_decorator.py
[2024-11-18T14:58:08.659+0000] {processor.py:829} INFO - Processing file /home/airflow/.local/lib/python3.8/site-packages/airflow/example_dags/example_short_circuit_decorator.py for tasks to queue
[2024-11-18T14:58:08.662+0000] {logging_mixin.py:151} INFO - [2024-11-18T14:58:08.662+0000] {dagbag.py:536} INFO - Filling up the DagBag from /home/airflow/.local/lib/python3.8/site-packages/airflow/example_dags/example_short_circuit_decorator.py
[2024-11-18T14:58:08.679+0000] {processor.py:839} INFO - DAG(s) dict_keys(['example_short_circuit_decorator']) retrieved from /home/airflow/.local/lib/python3.8/site-packages/airflow/example_dags/example_short_circuit_decorator.py
[2024-11-18T14:58:08.717+0000] {logging_mixin.py:151} INFO - [2024-11-18T14:58:08.717+0000] {dag.py:2941} INFO - Sync 1 DAGs
[2024-11-18T14:58:08.751+0000] {logging_mixin.py:151} INFO - [2024-11-18T14:58:08.751+0000] {dag.py:3722} INFO - Setting next_dagrun for example_short_circuit_decorator to 2024-11-17T14:58:08.750680+00:00, run_after=2024-11-18T14:58:08.750680+00:00
[2024-11-18T14:58:08.780+0000] {processor.py:179} INFO - Processing /home/airflow/.local/lib/python3.8/site-packages/airflow/example_dags/example_short_circuit_decorator.py took 0.129 seconds
[2024-11-18T14:58:41.764+0000] {processor.py:157} INFO - Started process (PID=2595) to work on /home/airflow/.local/lib/python3.8/site-packages/airflow/example_dags/example_short_circuit_decorator.py
[2024-11-18T14:58:41.766+0000] {processor.py:829} INFO - Processing file /home/airflow/.local/lib/python3.8/site-packages/airflow/example_dags/example_short_circuit_decorator.py for tasks to queue
[2024-11-18T14:58:41.770+0000] {logging_mixin.py:151} INFO - [2024-11-18T14:58:41.770+0000] {dagbag.py:536} INFO - Filling up the DagBag from /home/airflow/.local/lib/python3.8/site-packages/airflow/example_dags/example_short_circuit_decorator.py
[2024-11-18T14:58:41.792+0000] {processor.py:839} INFO - DAG(s) dict_keys(['example_short_circuit_decorator']) retrieved from /home/airflow/.local/lib/python3.8/site-packages/airflow/example_dags/example_short_circuit_decorator.py
[2024-11-18T14:58:41.857+0000] {logging_mixin.py:151} INFO - [2024-11-18T14:58:41.856+0000] {dag.py:2941} INFO - Sync 1 DAGs
[2024-11-18T14:58:41.907+0000] {logging_mixin.py:151} INFO - [2024-11-18T14:58:41.907+0000] {dag.py:3722} INFO - Setting next_dagrun for example_short_circuit_decorator to 2024-11-17T14:58:41.906820+00:00, run_after=2024-11-18T14:58:41.906820+00:00
[2024-11-18T14:58:41.946+0000] {processor.py:179} INFO - Processing /home/airflow/.local/lib/python3.8/site-packages/airflow/example_dags/example_short_circuit_decorator.py took 0.189 seconds
