[2024-11-18T14:20:14.554+0000] {processor.py:157} INFO - Started process (PID=84) to work on /home/airflow/.local/lib/python3.8/site-packages/airflow/example_dags/example_sla_dag.py
[2024-11-18T14:20:14.557+0000] {processor.py:829} INFO - Processing file /home/airflow/.local/lib/python3.8/site-packages/airflow/example_dags/example_sla_dag.py for tasks to queue
[2024-11-18T14:20:14.561+0000] {logging_mixin.py:151} INFO - [2024-11-18T14:20:14.560+0000] {dagbag.py:536} INFO - Filling up the DagBag from /home/airflow/.local/lib/python3.8/site-packages/airflow/example_dags/example_sla_dag.py
[2024-11-18T14:20:14.579+0000] {processor.py:839} INFO - DAG(s) dict_keys(['example_sla_dag']) retrieved from /home/airflow/.local/lib/python3.8/site-packages/airflow/example_dags/example_sla_dag.py
[2024-11-18T14:20:14.785+0000] {logging_mixin.py:151} INFO - [2024-11-18T14:20:14.785+0000] {manager.py:499} INFO - Created Permission View: %s
[2024-11-18T14:20:14.808+0000] {logging_mixin.py:151} INFO - [2024-11-18T14:20:14.807+0000] {manager.py:499} INFO - Created Permission View: %s
[2024-11-18T14:20:14.820+0000] {logging_mixin.py:151} INFO - [2024-11-18T14:20:14.819+0000] {manager.py:499} INFO - Created Permission View: %s
[2024-11-18T14:20:14.821+0000] {logging_mixin.py:151} INFO - [2024-11-18T14:20:14.821+0000] {dag.py:2941} INFO - Sync 1 DAGs
[2024-11-18T14:20:14.845+0000] {logging_mixin.py:151} INFO - [2024-11-18T14:20:14.844+0000] {dag.py:2963} INFO - Creating ORM DAG for example_sla_dag
[2024-11-18T14:20:14.872+0000] {logging_mixin.py:151} INFO - [2024-11-18T14:20:14.872+0000] {dag.py:3722} INFO - Setting next_dagrun for example_sla_dag to 2024-11-18T14:18:00+00:00, run_after=2024-11-18T14:20:00+00:00
[2024-11-18T14:20:14.907+0000] {processor.py:179} INFO - Processing /home/airflow/.local/lib/python3.8/site-packages/airflow/example_dags/example_sla_dag.py took 0.358 seconds
[2024-11-18T14:20:45.616+0000] {processor.py:157} INFO - Started process (PID=138) to work on /home/airflow/.local/lib/python3.8/site-packages/airflow/example_dags/example_sla_dag.py
[2024-11-18T14:20:45.618+0000] {processor.py:829} INFO - Processing file /home/airflow/.local/lib/python3.8/site-packages/airflow/example_dags/example_sla_dag.py for tasks to queue
[2024-11-18T14:20:45.621+0000] {logging_mixin.py:151} INFO - [2024-11-18T14:20:45.621+0000] {dagbag.py:536} INFO - Filling up the DagBag from /home/airflow/.local/lib/python3.8/site-packages/airflow/example_dags/example_sla_dag.py
[2024-11-18T14:20:45.634+0000] {processor.py:839} INFO - DAG(s) dict_keys(['example_sla_dag']) retrieved from /home/airflow/.local/lib/python3.8/site-packages/airflow/example_dags/example_sla_dag.py
[2024-11-18T14:20:45.666+0000] {logging_mixin.py:151} INFO - [2024-11-18T14:20:45.666+0000] {dag.py:2941} INFO - Sync 1 DAGs
[2024-11-18T14:20:45.710+0000] {logging_mixin.py:151} INFO - [2024-11-18T14:20:45.710+0000] {dag.py:3722} INFO - Setting next_dagrun for example_sla_dag to 2024-11-18T14:18:00+00:00, run_after=2024-11-18T14:20:00+00:00
[2024-11-18T14:20:45.738+0000] {processor.py:179} INFO - Processing /home/airflow/.local/lib/python3.8/site-packages/airflow/example_dags/example_sla_dag.py took 0.126 seconds
[2024-11-18T14:21:16.226+0000] {processor.py:157} INFO - Started process (PID=191) to work on /home/airflow/.local/lib/python3.8/site-packages/airflow/example_dags/example_sla_dag.py
[2024-11-18T14:21:16.227+0000] {processor.py:829} INFO - Processing file /home/airflow/.local/lib/python3.8/site-packages/airflow/example_dags/example_sla_dag.py for tasks to queue
[2024-11-18T14:21:16.230+0000] {logging_mixin.py:151} INFO - [2024-11-18T14:21:16.230+0000] {dagbag.py:536} INFO - Filling up the DagBag from /home/airflow/.local/lib/python3.8/site-packages/airflow/example_dags/example_sla_dag.py
[2024-11-18T14:21:16.243+0000] {processor.py:839} INFO - DAG(s) dict_keys(['example_sla_dag']) retrieved from /home/airflow/.local/lib/python3.8/site-packages/airflow/example_dags/example_sla_dag.py
[2024-11-18T14:21:16.274+0000] {logging_mixin.py:151} INFO - [2024-11-18T14:21:16.274+0000] {dag.py:2941} INFO - Sync 1 DAGs
[2024-11-18T14:21:16.316+0000] {logging_mixin.py:151} INFO - [2024-11-18T14:21:16.315+0000] {dag.py:3722} INFO - Setting next_dagrun for example_sla_dag to 2024-11-18T14:18:00+00:00, run_after=2024-11-18T14:20:00+00:00
[2024-11-18T14:21:16.349+0000] {processor.py:179} INFO - Processing /home/airflow/.local/lib/python3.8/site-packages/airflow/example_dags/example_sla_dag.py took 0.129 seconds
[2024-11-18T14:21:46.655+0000] {processor.py:157} INFO - Started process (PID=245) to work on /home/airflow/.local/lib/python3.8/site-packages/airflow/example_dags/example_sla_dag.py
[2024-11-18T14:21:46.657+0000] {processor.py:829} INFO - Processing file /home/airflow/.local/lib/python3.8/site-packages/airflow/example_dags/example_sla_dag.py for tasks to queue
[2024-11-18T14:21:46.660+0000] {logging_mixin.py:151} INFO - [2024-11-18T14:21:46.660+0000] {dagbag.py:536} INFO - Filling up the DagBag from /home/airflow/.local/lib/python3.8/site-packages/airflow/example_dags/example_sla_dag.py
[2024-11-18T14:21:46.674+0000] {processor.py:839} INFO - DAG(s) dict_keys(['example_sla_dag']) retrieved from /home/airflow/.local/lib/python3.8/site-packages/airflow/example_dags/example_sla_dag.py
[2024-11-18T14:21:46.703+0000] {logging_mixin.py:151} INFO - [2024-11-18T14:21:46.703+0000] {dag.py:2941} INFO - Sync 1 DAGs
[2024-11-18T14:21:46.745+0000] {logging_mixin.py:151} INFO - [2024-11-18T14:21:46.745+0000] {dag.py:3722} INFO - Setting next_dagrun for example_sla_dag to 2024-11-18T14:18:00+00:00, run_after=2024-11-18T14:20:00+00:00
[2024-11-18T14:21:46.775+0000] {processor.py:179} INFO - Processing /home/airflow/.local/lib/python3.8/site-packages/airflow/example_dags/example_sla_dag.py took 0.126 seconds
[2024-11-18T14:22:16.881+0000] {processor.py:157} INFO - Started process (PID=299) to work on /home/airflow/.local/lib/python3.8/site-packages/airflow/example_dags/example_sla_dag.py
[2024-11-18T14:22:16.883+0000] {processor.py:829} INFO - Processing file /home/airflow/.local/lib/python3.8/site-packages/airflow/example_dags/example_sla_dag.py for tasks to queue
[2024-11-18T14:22:16.886+0000] {logging_mixin.py:151} INFO - [2024-11-18T14:22:16.885+0000] {dagbag.py:536} INFO - Filling up the DagBag from /home/airflow/.local/lib/python3.8/site-packages/airflow/example_dags/example_sla_dag.py
[2024-11-18T14:22:16.898+0000] {processor.py:839} INFO - DAG(s) dict_keys(['example_sla_dag']) retrieved from /home/airflow/.local/lib/python3.8/site-packages/airflow/example_dags/example_sla_dag.py
[2024-11-18T14:22:16.927+0000] {logging_mixin.py:151} INFO - [2024-11-18T14:22:16.927+0000] {dag.py:2941} INFO - Sync 1 DAGs
[2024-11-18T14:22:16.967+0000] {logging_mixin.py:151} INFO - [2024-11-18T14:22:16.967+0000] {dag.py:3722} INFO - Setting next_dagrun for example_sla_dag to 2024-11-18T14:20:00+00:00, run_after=2024-11-18T14:22:00+00:00
[2024-11-18T14:22:16.998+0000] {processor.py:179} INFO - Processing /home/airflow/.local/lib/python3.8/site-packages/airflow/example_dags/example_sla_dag.py took 0.121 seconds
[2024-11-18T14:22:47.307+0000] {processor.py:157} INFO - Started process (PID=354) to work on /home/airflow/.local/lib/python3.8/site-packages/airflow/example_dags/example_sla_dag.py
[2024-11-18T14:22:47.308+0000] {processor.py:829} INFO - Processing file /home/airflow/.local/lib/python3.8/site-packages/airflow/example_dags/example_sla_dag.py for tasks to queue
[2024-11-18T14:22:47.312+0000] {logging_mixin.py:151} INFO - [2024-11-18T14:22:47.311+0000] {dagbag.py:536} INFO - Filling up the DagBag from /home/airflow/.local/lib/python3.8/site-packages/airflow/example_dags/example_sla_dag.py
[2024-11-18T14:22:47.324+0000] {processor.py:839} INFO - DAG(s) dict_keys(['example_sla_dag']) retrieved from /home/airflow/.local/lib/python3.8/site-packages/airflow/example_dags/example_sla_dag.py
[2024-11-18T14:22:47.358+0000] {logging_mixin.py:151} INFO - [2024-11-18T14:22:47.358+0000] {dag.py:2941} INFO - Sync 1 DAGs
[2024-11-18T14:22:47.403+0000] {logging_mixin.py:151} INFO - [2024-11-18T14:22:47.403+0000] {dag.py:3722} INFO - Setting next_dagrun for example_sla_dag to 2024-11-18T14:20:00+00:00, run_after=2024-11-18T14:22:00+00:00
[2024-11-18T14:22:47.432+0000] {processor.py:179} INFO - Processing /home/airflow/.local/lib/python3.8/site-packages/airflow/example_dags/example_sla_dag.py took 0.131 seconds
[2024-11-18T14:23:17.881+0000] {processor.py:157} INFO - Started process (PID=408) to work on /home/airflow/.local/lib/python3.8/site-packages/airflow/example_dags/example_sla_dag.py
[2024-11-18T14:23:17.882+0000] {processor.py:829} INFO - Processing file /home/airflow/.local/lib/python3.8/site-packages/airflow/example_dags/example_sla_dag.py for tasks to queue
[2024-11-18T14:23:17.885+0000] {logging_mixin.py:151} INFO - [2024-11-18T14:23:17.885+0000] {dagbag.py:536} INFO - Filling up the DagBag from /home/airflow/.local/lib/python3.8/site-packages/airflow/example_dags/example_sla_dag.py
[2024-11-18T14:23:17.897+0000] {processor.py:839} INFO - DAG(s) dict_keys(['example_sla_dag']) retrieved from /home/airflow/.local/lib/python3.8/site-packages/airflow/example_dags/example_sla_dag.py
[2024-11-18T14:23:17.926+0000] {logging_mixin.py:151} INFO - [2024-11-18T14:23:17.926+0000] {dag.py:2941} INFO - Sync 1 DAGs
[2024-11-18T14:23:17.963+0000] {logging_mixin.py:151} INFO - [2024-11-18T14:23:17.963+0000] {dag.py:3722} INFO - Setting next_dagrun for example_sla_dag to 2024-11-18T14:20:00+00:00, run_after=2024-11-18T14:22:00+00:00
[2024-11-18T14:23:17.991+0000] {processor.py:179} INFO - Processing /home/airflow/.local/lib/python3.8/site-packages/airflow/example_dags/example_sla_dag.py took 0.115 seconds
[2024-11-18T14:23:48.466+0000] {processor.py:157} INFO - Started process (PID=462) to work on /home/airflow/.local/lib/python3.8/site-packages/airflow/example_dags/example_sla_dag.py
[2024-11-18T14:23:48.467+0000] {processor.py:829} INFO - Processing file /home/airflow/.local/lib/python3.8/site-packages/airflow/example_dags/example_sla_dag.py for tasks to queue
[2024-11-18T14:23:48.471+0000] {logging_mixin.py:151} INFO - [2024-11-18T14:23:48.470+0000] {dagbag.py:536} INFO - Filling up the DagBag from /home/airflow/.local/lib/python3.8/site-packages/airflow/example_dags/example_sla_dag.py
[2024-11-18T14:23:48.483+0000] {processor.py:839} INFO - DAG(s) dict_keys(['example_sla_dag']) retrieved from /home/airflow/.local/lib/python3.8/site-packages/airflow/example_dags/example_sla_dag.py
[2024-11-18T14:23:48.510+0000] {logging_mixin.py:151} INFO - [2024-11-18T14:23:48.510+0000] {dag.py:2941} INFO - Sync 1 DAGs
[2024-11-18T14:23:48.548+0000] {logging_mixin.py:151} INFO - [2024-11-18T14:23:48.548+0000] {dag.py:3722} INFO - Setting next_dagrun for example_sla_dag to 2024-11-18T14:20:00+00:00, run_after=2024-11-18T14:22:00+00:00
[2024-11-18T14:23:48.575+0000] {processor.py:179} INFO - Processing /home/airflow/.local/lib/python3.8/site-packages/airflow/example_dags/example_sla_dag.py took 0.113 seconds
[2024-11-18T14:24:19.290+0000] {processor.py:157} INFO - Started process (PID=516) to work on /home/airflow/.local/lib/python3.8/site-packages/airflow/example_dags/example_sla_dag.py
[2024-11-18T14:24:19.291+0000] {processor.py:829} INFO - Processing file /home/airflow/.local/lib/python3.8/site-packages/airflow/example_dags/example_sla_dag.py for tasks to queue
[2024-11-18T14:24:19.294+0000] {logging_mixin.py:151} INFO - [2024-11-18T14:24:19.294+0000] {dagbag.py:536} INFO - Filling up the DagBag from /home/airflow/.local/lib/python3.8/site-packages/airflow/example_dags/example_sla_dag.py
[2024-11-18T14:24:19.306+0000] {processor.py:839} INFO - DAG(s) dict_keys(['example_sla_dag']) retrieved from /home/airflow/.local/lib/python3.8/site-packages/airflow/example_dags/example_sla_dag.py
[2024-11-18T14:24:19.335+0000] {logging_mixin.py:151} INFO - [2024-11-18T14:24:19.335+0000] {dag.py:2941} INFO - Sync 1 DAGs
[2024-11-18T14:24:19.379+0000] {logging_mixin.py:151} INFO - [2024-11-18T14:24:19.378+0000] {dag.py:3722} INFO - Setting next_dagrun for example_sla_dag to 2024-11-18T14:22:00+00:00, run_after=2024-11-18T14:24:00+00:00
[2024-11-18T14:24:19.414+0000] {processor.py:179} INFO - Processing /home/airflow/.local/lib/python3.8/site-packages/airflow/example_dags/example_sla_dag.py took 0.128 seconds
[2024-11-18T14:24:51.685+0000] {processor.py:157} INFO - Started process (PID=557) to work on /home/airflow/.local/lib/python3.8/site-packages/airflow/example_dags/example_sla_dag.py
[2024-11-18T14:24:51.687+0000] {processor.py:829} INFO - Processing file /home/airflow/.local/lib/python3.8/site-packages/airflow/example_dags/example_sla_dag.py for tasks to queue
[2024-11-18T14:24:51.690+0000] {logging_mixin.py:151} INFO - [2024-11-18T14:24:51.690+0000] {dagbag.py:536} INFO - Filling up the DagBag from /home/airflow/.local/lib/python3.8/site-packages/airflow/example_dags/example_sla_dag.py
[2024-11-18T14:24:51.703+0000] {processor.py:839} INFO - DAG(s) dict_keys(['example_sla_dag']) retrieved from /home/airflow/.local/lib/python3.8/site-packages/airflow/example_dags/example_sla_dag.py
[2024-11-18T14:24:51.732+0000] {logging_mixin.py:151} INFO - [2024-11-18T14:24:51.731+0000] {dag.py:2941} INFO - Sync 1 DAGs
[2024-11-18T14:24:51.770+0000] {logging_mixin.py:151} INFO - [2024-11-18T14:24:51.770+0000] {dag.py:3722} INFO - Setting next_dagrun for example_sla_dag to 2024-11-18T14:22:00+00:00, run_after=2024-11-18T14:24:00+00:00
[2024-11-18T14:24:51.796+0000] {processor.py:179} INFO - Processing /home/airflow/.local/lib/python3.8/site-packages/airflow/example_dags/example_sla_dag.py took 0.115 seconds
[2024-11-18T14:25:24.885+0000] {processor.py:157} INFO - Started process (PID=612) to work on /home/airflow/.local/lib/python3.8/site-packages/airflow/example_dags/example_sla_dag.py
[2024-11-18T14:25:24.888+0000] {processor.py:829} INFO - Processing file /home/airflow/.local/lib/python3.8/site-packages/airflow/example_dags/example_sla_dag.py for tasks to queue
[2024-11-18T14:25:24.892+0000] {logging_mixin.py:151} INFO - [2024-11-18T14:25:24.892+0000] {dagbag.py:536} INFO - Filling up the DagBag from /home/airflow/.local/lib/python3.8/site-packages/airflow/example_dags/example_sla_dag.py
[2024-11-18T14:25:24.909+0000] {processor.py:839} INFO - DAG(s) dict_keys(['example_sla_dag']) retrieved from /home/airflow/.local/lib/python3.8/site-packages/airflow/example_dags/example_sla_dag.py
[2024-11-18T14:25:24.929+0000] {logging_mixin.py:151} INFO - [2024-11-18T14:25:24.928+0000] {dag.py:2941} INFO - Sync 1 DAGs
[2024-11-18T14:25:24.986+0000] {logging_mixin.py:151} INFO - [2024-11-18T14:25:24.986+0000] {dag.py:3722} INFO - Setting next_dagrun for example_sla_dag to 2024-11-18T14:22:00+00:00, run_after=2024-11-18T14:24:00+00:00
[2024-11-18T14:25:25.026+0000] {processor.py:179} INFO - Processing /home/airflow/.local/lib/python3.8/site-packages/airflow/example_dags/example_sla_dag.py took 0.150 seconds
[2024-11-18T14:25:55.453+0000] {processor.py:157} INFO - Started process (PID=666) to work on /home/airflow/.local/lib/python3.8/site-packages/airflow/example_dags/example_sla_dag.py
[2024-11-18T14:25:55.454+0000] {processor.py:829} INFO - Processing file /home/airflow/.local/lib/python3.8/site-packages/airflow/example_dags/example_sla_dag.py for tasks to queue
[2024-11-18T14:25:55.457+0000] {logging_mixin.py:151} INFO - [2024-11-18T14:25:55.457+0000] {dagbag.py:536} INFO - Filling up the DagBag from /home/airflow/.local/lib/python3.8/site-packages/airflow/example_dags/example_sla_dag.py
[2024-11-18T14:25:55.470+0000] {processor.py:839} INFO - DAG(s) dict_keys(['example_sla_dag']) retrieved from /home/airflow/.local/lib/python3.8/site-packages/airflow/example_dags/example_sla_dag.py
[2024-11-18T14:25:55.500+0000] {logging_mixin.py:151} INFO - [2024-11-18T14:25:55.500+0000] {dag.py:2941} INFO - Sync 1 DAGs
[2024-11-18T14:25:55.545+0000] {logging_mixin.py:151} INFO - [2024-11-18T14:25:55.544+0000] {dag.py:3722} INFO - Setting next_dagrun for example_sla_dag to 2024-11-18T14:22:00+00:00, run_after=2024-11-18T14:24:00+00:00
[2024-11-18T14:25:55.576+0000] {processor.py:179} INFO - Processing /home/airflow/.local/lib/python3.8/site-packages/airflow/example_dags/example_sla_dag.py took 0.128 seconds
[2024-11-18T14:26:25.891+0000] {processor.py:157} INFO - Started process (PID=719) to work on /home/airflow/.local/lib/python3.8/site-packages/airflow/example_dags/example_sla_dag.py
[2024-11-18T14:26:25.894+0000] {processor.py:829} INFO - Processing file /home/airflow/.local/lib/python3.8/site-packages/airflow/example_dags/example_sla_dag.py for tasks to queue
[2024-11-18T14:26:25.897+0000] {logging_mixin.py:151} INFO - [2024-11-18T14:26:25.897+0000] {dagbag.py:536} INFO - Filling up the DagBag from /home/airflow/.local/lib/python3.8/site-packages/airflow/example_dags/example_sla_dag.py
[2024-11-18T14:26:25.916+0000] {processor.py:839} INFO - DAG(s) dict_keys(['example_sla_dag']) retrieved from /home/airflow/.local/lib/python3.8/site-packages/airflow/example_dags/example_sla_dag.py
[2024-11-18T14:26:25.957+0000] {logging_mixin.py:151} INFO - [2024-11-18T14:26:25.956+0000] {dag.py:2941} INFO - Sync 1 DAGs
[2024-11-18T14:26:26.035+0000] {logging_mixin.py:151} INFO - [2024-11-18T14:26:26.034+0000] {dag.py:3722} INFO - Setting next_dagrun for example_sla_dag to 2024-11-18T14:24:00+00:00, run_after=2024-11-18T14:26:00+00:00
[2024-11-18T14:26:26.078+0000] {processor.py:179} INFO - Processing /home/airflow/.local/lib/python3.8/site-packages/airflow/example_dags/example_sla_dag.py took 0.193 seconds
[2024-11-18T14:26:56.403+0000] {processor.py:157} INFO - Started process (PID=766) to work on /home/airflow/.local/lib/python3.8/site-packages/airflow/example_dags/example_sla_dag.py
[2024-11-18T14:26:56.404+0000] {processor.py:829} INFO - Processing file /home/airflow/.local/lib/python3.8/site-packages/airflow/example_dags/example_sla_dag.py for tasks to queue
[2024-11-18T14:26:56.407+0000] {logging_mixin.py:151} INFO - [2024-11-18T14:26:56.407+0000] {dagbag.py:536} INFO - Filling up the DagBag from /home/airflow/.local/lib/python3.8/site-packages/airflow/example_dags/example_sla_dag.py
[2024-11-18T14:26:56.419+0000] {processor.py:839} INFO - DAG(s) dict_keys(['example_sla_dag']) retrieved from /home/airflow/.local/lib/python3.8/site-packages/airflow/example_dags/example_sla_dag.py
[2024-11-18T14:26:56.451+0000] {logging_mixin.py:151} INFO - [2024-11-18T14:26:56.451+0000] {dag.py:2941} INFO - Sync 1 DAGs
[2024-11-18T14:26:56.490+0000] {logging_mixin.py:151} INFO - [2024-11-18T14:26:56.490+0000] {dag.py:3722} INFO - Setting next_dagrun for example_sla_dag to 2024-11-18T14:24:00+00:00, run_after=2024-11-18T14:26:00+00:00
[2024-11-18T14:26:56.516+0000] {processor.py:179} INFO - Processing /home/airflow/.local/lib/python3.8/site-packages/airflow/example_dags/example_sla_dag.py took 0.118 seconds
[2024-11-18T14:27:27.236+0000] {processor.py:157} INFO - Started process (PID=820) to work on /home/airflow/.local/lib/python3.8/site-packages/airflow/example_dags/example_sla_dag.py
[2024-11-18T14:27:27.238+0000] {processor.py:829} INFO - Processing file /home/airflow/.local/lib/python3.8/site-packages/airflow/example_dags/example_sla_dag.py for tasks to queue
[2024-11-18T14:27:27.241+0000] {logging_mixin.py:151} INFO - [2024-11-18T14:27:27.241+0000] {dagbag.py:536} INFO - Filling up the DagBag from /home/airflow/.local/lib/python3.8/site-packages/airflow/example_dags/example_sla_dag.py
[2024-11-18T14:27:27.254+0000] {processor.py:839} INFO - DAG(s) dict_keys(['example_sla_dag']) retrieved from /home/airflow/.local/lib/python3.8/site-packages/airflow/example_dags/example_sla_dag.py
[2024-11-18T14:27:27.282+0000] {logging_mixin.py:151} INFO - [2024-11-18T14:27:27.282+0000] {dag.py:2941} INFO - Sync 1 DAGs
[2024-11-18T14:27:27.321+0000] {logging_mixin.py:151} INFO - [2024-11-18T14:27:27.321+0000] {dag.py:3722} INFO - Setting next_dagrun for example_sla_dag to 2024-11-18T14:24:00+00:00, run_after=2024-11-18T14:26:00+00:00
[2024-11-18T14:27:27.348+0000] {processor.py:179} INFO - Processing /home/airflow/.local/lib/python3.8/site-packages/airflow/example_dags/example_sla_dag.py took 0.117 seconds
[2024-11-18T14:27:58.091+0000] {processor.py:157} INFO - Started process (PID=874) to work on /home/airflow/.local/lib/python3.8/site-packages/airflow/example_dags/example_sla_dag.py
[2024-11-18T14:27:58.093+0000] {processor.py:829} INFO - Processing file /home/airflow/.local/lib/python3.8/site-packages/airflow/example_dags/example_sla_dag.py for tasks to queue
[2024-11-18T14:27:58.096+0000] {logging_mixin.py:151} INFO - [2024-11-18T14:27:58.095+0000] {dagbag.py:536} INFO - Filling up the DagBag from /home/airflow/.local/lib/python3.8/site-packages/airflow/example_dags/example_sla_dag.py
[2024-11-18T14:27:58.108+0000] {processor.py:839} INFO - DAG(s) dict_keys(['example_sla_dag']) retrieved from /home/airflow/.local/lib/python3.8/site-packages/airflow/example_dags/example_sla_dag.py
[2024-11-18T14:27:58.138+0000] {logging_mixin.py:151} INFO - [2024-11-18T14:27:58.138+0000] {dag.py:2941} INFO - Sync 1 DAGs
[2024-11-18T14:27:58.178+0000] {logging_mixin.py:151} INFO - [2024-11-18T14:27:58.178+0000] {dag.py:3722} INFO - Setting next_dagrun for example_sla_dag to 2024-11-18T14:24:00+00:00, run_after=2024-11-18T14:26:00+00:00
[2024-11-18T14:27:58.204+0000] {processor.py:179} INFO - Processing /home/airflow/.local/lib/python3.8/site-packages/airflow/example_dags/example_sla_dag.py took 0.118 seconds
[2024-11-18T14:28:29.165+0000] {processor.py:157} INFO - Started process (PID=929) to work on /home/airflow/.local/lib/python3.8/site-packages/airflow/example_dags/example_sla_dag.py
[2024-11-18T14:28:29.167+0000] {processor.py:829} INFO - Processing file /home/airflow/.local/lib/python3.8/site-packages/airflow/example_dags/example_sla_dag.py for tasks to queue
[2024-11-18T14:28:29.170+0000] {logging_mixin.py:151} INFO - [2024-11-18T14:28:29.170+0000] {dagbag.py:536} INFO - Filling up the DagBag from /home/airflow/.local/lib/python3.8/site-packages/airflow/example_dags/example_sla_dag.py
[2024-11-18T14:28:29.185+0000] {processor.py:839} INFO - DAG(s) dict_keys(['example_sla_dag']) retrieved from /home/airflow/.local/lib/python3.8/site-packages/airflow/example_dags/example_sla_dag.py
[2024-11-18T14:28:29.218+0000] {logging_mixin.py:151} INFO - [2024-11-18T14:28:29.218+0000] {dag.py:2941} INFO - Sync 1 DAGs
[2024-11-18T14:28:29.262+0000] {logging_mixin.py:151} INFO - [2024-11-18T14:28:29.261+0000] {dag.py:3722} INFO - Setting next_dagrun for example_sla_dag to 2024-11-18T14:26:00+00:00, run_after=2024-11-18T14:28:00+00:00
[2024-11-18T14:28:29.294+0000] {processor.py:179} INFO - Processing /home/airflow/.local/lib/python3.8/site-packages/airflow/example_dags/example_sla_dag.py took 0.133 seconds
[2024-11-18T14:28:59.559+0000] {processor.py:157} INFO - Started process (PID=983) to work on /home/airflow/.local/lib/python3.8/site-packages/airflow/example_dags/example_sla_dag.py
[2024-11-18T14:28:59.561+0000] {processor.py:829} INFO - Processing file /home/airflow/.local/lib/python3.8/site-packages/airflow/example_dags/example_sla_dag.py for tasks to queue
[2024-11-18T14:28:59.564+0000] {logging_mixin.py:151} INFO - [2024-11-18T14:28:59.564+0000] {dagbag.py:536} INFO - Filling up the DagBag from /home/airflow/.local/lib/python3.8/site-packages/airflow/example_dags/example_sla_dag.py
[2024-11-18T14:28:59.576+0000] {processor.py:839} INFO - DAG(s) dict_keys(['example_sla_dag']) retrieved from /home/airflow/.local/lib/python3.8/site-packages/airflow/example_dags/example_sla_dag.py
[2024-11-18T14:28:59.605+0000] {logging_mixin.py:151} INFO - [2024-11-18T14:28:59.604+0000] {dag.py:2941} INFO - Sync 1 DAGs
[2024-11-18T14:28:59.644+0000] {logging_mixin.py:151} INFO - [2024-11-18T14:28:59.643+0000] {dag.py:3722} INFO - Setting next_dagrun for example_sla_dag to 2024-11-18T14:26:00+00:00, run_after=2024-11-18T14:28:00+00:00
[2024-11-18T14:28:59.674+0000] {processor.py:179} INFO - Processing /home/airflow/.local/lib/python3.8/site-packages/airflow/example_dags/example_sla_dag.py took 0.122 seconds
[2024-11-18T14:29:29.910+0000] {processor.py:157} INFO - Started process (PID=1037) to work on /home/airflow/.local/lib/python3.8/site-packages/airflow/example_dags/example_sla_dag.py
[2024-11-18T14:29:29.911+0000] {processor.py:829} INFO - Processing file /home/airflow/.local/lib/python3.8/site-packages/airflow/example_dags/example_sla_dag.py for tasks to queue
[2024-11-18T14:29:29.914+0000] {logging_mixin.py:151} INFO - [2024-11-18T14:29:29.914+0000] {dagbag.py:536} INFO - Filling up the DagBag from /home/airflow/.local/lib/python3.8/site-packages/airflow/example_dags/example_sla_dag.py
[2024-11-18T14:29:29.927+0000] {processor.py:839} INFO - DAG(s) dict_keys(['example_sla_dag']) retrieved from /home/airflow/.local/lib/python3.8/site-packages/airflow/example_dags/example_sla_dag.py
[2024-11-18T14:29:29.957+0000] {logging_mixin.py:151} INFO - [2024-11-18T14:29:29.957+0000] {dag.py:2941} INFO - Sync 1 DAGs
[2024-11-18T14:29:29.999+0000] {logging_mixin.py:151} INFO - [2024-11-18T14:29:29.999+0000] {dag.py:3722} INFO - Setting next_dagrun for example_sla_dag to 2024-11-18T14:26:00+00:00, run_after=2024-11-18T14:28:00+00:00
[2024-11-18T14:29:30.031+0000] {processor.py:179} INFO - Processing /home/airflow/.local/lib/python3.8/site-packages/airflow/example_dags/example_sla_dag.py took 0.126 seconds
[2024-11-18T14:30:00.344+0000] {processor.py:157} INFO - Started process (PID=1091) to work on /home/airflow/.local/lib/python3.8/site-packages/airflow/example_dags/example_sla_dag.py
[2024-11-18T14:30:00.345+0000] {processor.py:829} INFO - Processing file /home/airflow/.local/lib/python3.8/site-packages/airflow/example_dags/example_sla_dag.py for tasks to queue
[2024-11-18T14:30:00.348+0000] {logging_mixin.py:151} INFO - [2024-11-18T14:30:00.348+0000] {dagbag.py:536} INFO - Filling up the DagBag from /home/airflow/.local/lib/python3.8/site-packages/airflow/example_dags/example_sla_dag.py
[2024-11-18T14:30:00.361+0000] {processor.py:839} INFO - DAG(s) dict_keys(['example_sla_dag']) retrieved from /home/airflow/.local/lib/python3.8/site-packages/airflow/example_dags/example_sla_dag.py
[2024-11-18T14:30:00.391+0000] {logging_mixin.py:151} INFO - [2024-11-18T14:30:00.390+0000] {dag.py:2941} INFO - Sync 1 DAGs
[2024-11-18T14:30:00.431+0000] {logging_mixin.py:151} INFO - [2024-11-18T14:30:00.430+0000] {dag.py:3722} INFO - Setting next_dagrun for example_sla_dag to 2024-11-18T14:28:00+00:00, run_after=2024-11-18T14:30:00+00:00
[2024-11-18T14:30:00.457+0000] {processor.py:179} INFO - Processing /home/airflow/.local/lib/python3.8/site-packages/airflow/example_dags/example_sla_dag.py took 0.118 seconds
[2024-11-18T14:33:17.472+0000] {processor.py:157} INFO - Started process (PID=83) to work on /home/airflow/.local/lib/python3.8/site-packages/airflow/example_dags/example_sla_dag.py
[2024-11-18T14:33:17.474+0000] {processor.py:829} INFO - Processing file /home/airflow/.local/lib/python3.8/site-packages/airflow/example_dags/example_sla_dag.py for tasks to queue
[2024-11-18T14:33:17.478+0000] {logging_mixin.py:151} INFO - [2024-11-18T14:33:17.478+0000] {dagbag.py:536} INFO - Filling up the DagBag from /home/airflow/.local/lib/python3.8/site-packages/airflow/example_dags/example_sla_dag.py
[2024-11-18T14:33:17.504+0000] {processor.py:839} INFO - DAG(s) dict_keys(['example_sla_dag']) retrieved from /home/airflow/.local/lib/python3.8/site-packages/airflow/example_dags/example_sla_dag.py
[2024-11-18T14:33:17.554+0000] {logging_mixin.py:151} INFO - [2024-11-18T14:33:17.553+0000] {dag.py:2941} INFO - Sync 1 DAGs
[2024-11-18T14:33:17.607+0000] {logging_mixin.py:151} INFO - [2024-11-18T14:33:17.607+0000] {dag.py:3722} INFO - Setting next_dagrun for example_sla_dag to 2024-11-18T14:30:00+00:00, run_after=2024-11-18T14:32:00+00:00
[2024-11-18T14:33:17.644+0000] {processor.py:179} INFO - Processing /home/airflow/.local/lib/python3.8/site-packages/airflow/example_dags/example_sla_dag.py took 0.179 seconds
[2024-11-18T14:33:48.026+0000] {processor.py:157} INFO - Started process (PID=136) to work on /home/airflow/.local/lib/python3.8/site-packages/airflow/example_dags/example_sla_dag.py
[2024-11-18T14:33:48.027+0000] {processor.py:829} INFO - Processing file /home/airflow/.local/lib/python3.8/site-packages/airflow/example_dags/example_sla_dag.py for tasks to queue
[2024-11-18T14:33:48.031+0000] {logging_mixin.py:151} INFO - [2024-11-18T14:33:48.030+0000] {dagbag.py:536} INFO - Filling up the DagBag from /home/airflow/.local/lib/python3.8/site-packages/airflow/example_dags/example_sla_dag.py
[2024-11-18T14:33:48.044+0000] {processor.py:839} INFO - DAG(s) dict_keys(['example_sla_dag']) retrieved from /home/airflow/.local/lib/python3.8/site-packages/airflow/example_dags/example_sla_dag.py
[2024-11-18T14:33:48.075+0000] {logging_mixin.py:151} INFO - [2024-11-18T14:33:48.075+0000] {dag.py:2941} INFO - Sync 1 DAGs
[2024-11-18T14:33:48.120+0000] {logging_mixin.py:151} INFO - [2024-11-18T14:33:48.120+0000] {dag.py:3722} INFO - Setting next_dagrun for example_sla_dag to 2024-11-18T14:30:00+00:00, run_after=2024-11-18T14:32:00+00:00
[2024-11-18T14:33:48.150+0000] {processor.py:179} INFO - Processing /home/airflow/.local/lib/python3.8/site-packages/airflow/example_dags/example_sla_dag.py took 0.130 seconds
[2024-11-18T14:34:18.599+0000] {processor.py:157} INFO - Started process (PID=190) to work on /home/airflow/.local/lib/python3.8/site-packages/airflow/example_dags/example_sla_dag.py
[2024-11-18T14:34:18.601+0000] {processor.py:829} INFO - Processing file /home/airflow/.local/lib/python3.8/site-packages/airflow/example_dags/example_sla_dag.py for tasks to queue
[2024-11-18T14:34:18.604+0000] {logging_mixin.py:151} INFO - [2024-11-18T14:34:18.604+0000] {dagbag.py:536} INFO - Filling up the DagBag from /home/airflow/.local/lib/python3.8/site-packages/airflow/example_dags/example_sla_dag.py
[2024-11-18T14:34:18.618+0000] {processor.py:839} INFO - DAG(s) dict_keys(['example_sla_dag']) retrieved from /home/airflow/.local/lib/python3.8/site-packages/airflow/example_dags/example_sla_dag.py
[2024-11-18T14:34:18.648+0000] {logging_mixin.py:151} INFO - [2024-11-18T14:34:18.648+0000] {dag.py:2941} INFO - Sync 1 DAGs
[2024-11-18T14:34:18.691+0000] {logging_mixin.py:151} INFO - [2024-11-18T14:34:18.691+0000] {dag.py:3722} INFO - Setting next_dagrun for example_sla_dag to 2024-11-18T14:32:00+00:00, run_after=2024-11-18T14:34:00+00:00
[2024-11-18T14:34:18.720+0000] {processor.py:179} INFO - Processing /home/airflow/.local/lib/python3.8/site-packages/airflow/example_dags/example_sla_dag.py took 0.126 seconds
[2024-11-18T14:34:48.991+0000] {processor.py:157} INFO - Started process (PID=245) to work on /home/airflow/.local/lib/python3.8/site-packages/airflow/example_dags/example_sla_dag.py
[2024-11-18T14:34:48.993+0000] {processor.py:829} INFO - Processing file /home/airflow/.local/lib/python3.8/site-packages/airflow/example_dags/example_sla_dag.py for tasks to queue
[2024-11-18T14:34:48.996+0000] {logging_mixin.py:151} INFO - [2024-11-18T14:34:48.996+0000] {dagbag.py:536} INFO - Filling up the DagBag from /home/airflow/.local/lib/python3.8/site-packages/airflow/example_dags/example_sla_dag.py
[2024-11-18T14:34:49.008+0000] {processor.py:839} INFO - DAG(s) dict_keys(['example_sla_dag']) retrieved from /home/airflow/.local/lib/python3.8/site-packages/airflow/example_dags/example_sla_dag.py
[2024-11-18T14:34:49.037+0000] {logging_mixin.py:151} INFO - [2024-11-18T14:34:49.036+0000] {dag.py:2941} INFO - Sync 1 DAGs
[2024-11-18T14:34:49.077+0000] {logging_mixin.py:151} INFO - [2024-11-18T14:34:49.077+0000] {dag.py:3722} INFO - Setting next_dagrun for example_sla_dag to 2024-11-18T14:32:00+00:00, run_after=2024-11-18T14:34:00+00:00
[2024-11-18T14:34:49.103+0000] {processor.py:179} INFO - Processing /home/airflow/.local/lib/python3.8/site-packages/airflow/example_dags/example_sla_dag.py took 0.116 seconds
[2024-11-18T14:35:21.630+0000] {processor.py:157} INFO - Started process (PID=298) to work on /home/airflow/.local/lib/python3.8/site-packages/airflow/example_dags/example_sla_dag.py
[2024-11-18T14:35:21.632+0000] {processor.py:829} INFO - Processing file /home/airflow/.local/lib/python3.8/site-packages/airflow/example_dags/example_sla_dag.py for tasks to queue
[2024-11-18T14:35:21.635+0000] {logging_mixin.py:151} INFO - [2024-11-18T14:35:21.635+0000] {dagbag.py:536} INFO - Filling up the DagBag from /home/airflow/.local/lib/python3.8/site-packages/airflow/example_dags/example_sla_dag.py
[2024-11-18T14:35:21.648+0000] {processor.py:839} INFO - DAG(s) dict_keys(['example_sla_dag']) retrieved from /home/airflow/.local/lib/python3.8/site-packages/airflow/example_dags/example_sla_dag.py
[2024-11-18T14:35:21.681+0000] {logging_mixin.py:151} INFO - [2024-11-18T14:35:21.680+0000] {dag.py:2941} INFO - Sync 1 DAGs
[2024-11-18T14:35:21.720+0000] {logging_mixin.py:151} INFO - [2024-11-18T14:35:21.720+0000] {dag.py:3722} INFO - Setting next_dagrun for example_sla_dag to 2024-11-18T14:32:00+00:00, run_after=2024-11-18T14:34:00+00:00
[2024-11-18T14:35:21.747+0000] {processor.py:179} INFO - Processing /home/airflow/.local/lib/python3.8/site-packages/airflow/example_dags/example_sla_dag.py took 0.122 seconds
[2024-11-18T14:35:55.097+0000] {processor.py:157} INFO - Started process (PID=353) to work on /home/airflow/.local/lib/python3.8/site-packages/airflow/example_dags/example_sla_dag.py
[2024-11-18T14:35:55.098+0000] {processor.py:829} INFO - Processing file /home/airflow/.local/lib/python3.8/site-packages/airflow/example_dags/example_sla_dag.py for tasks to queue
[2024-11-18T14:35:55.101+0000] {logging_mixin.py:151} INFO - [2024-11-18T14:35:55.101+0000] {dagbag.py:536} INFO - Filling up the DagBag from /home/airflow/.local/lib/python3.8/site-packages/airflow/example_dags/example_sla_dag.py
[2024-11-18T14:35:55.113+0000] {processor.py:839} INFO - DAG(s) dict_keys(['example_sla_dag']) retrieved from /home/airflow/.local/lib/python3.8/site-packages/airflow/example_dags/example_sla_dag.py
[2024-11-18T14:35:55.142+0000] {logging_mixin.py:151} INFO - [2024-11-18T14:35:55.141+0000] {dag.py:2941} INFO - Sync 1 DAGs
[2024-11-18T14:35:55.185+0000] {logging_mixin.py:151} INFO - [2024-11-18T14:35:55.185+0000] {dag.py:3722} INFO - Setting next_dagrun for example_sla_dag to 2024-11-18T14:32:00+00:00, run_after=2024-11-18T14:34:00+00:00
[2024-11-18T14:35:55.216+0000] {processor.py:179} INFO - Processing /home/airflow/.local/lib/python3.8/site-packages/airflow/example_dags/example_sla_dag.py took 0.123 seconds
[2024-11-18T14:36:28.991+0000] {processor.py:157} INFO - Started process (PID=407) to work on /home/airflow/.local/lib/python3.8/site-packages/airflow/example_dags/example_sla_dag.py
[2024-11-18T14:36:28.992+0000] {processor.py:829} INFO - Processing file /home/airflow/.local/lib/python3.8/site-packages/airflow/example_dags/example_sla_dag.py for tasks to queue
[2024-11-18T14:36:28.995+0000] {logging_mixin.py:151} INFO - [2024-11-18T14:36:28.995+0000] {dagbag.py:536} INFO - Filling up the DagBag from /home/airflow/.local/lib/python3.8/site-packages/airflow/example_dags/example_sla_dag.py
[2024-11-18T14:36:29.010+0000] {processor.py:839} INFO - DAG(s) dict_keys(['example_sla_dag']) retrieved from /home/airflow/.local/lib/python3.8/site-packages/airflow/example_dags/example_sla_dag.py
[2024-11-18T14:36:29.042+0000] {logging_mixin.py:151} INFO - [2024-11-18T14:36:29.042+0000] {dag.py:2941} INFO - Sync 1 DAGs
[2024-11-18T14:36:29.083+0000] {logging_mixin.py:151} INFO - [2024-11-18T14:36:29.082+0000] {dag.py:3722} INFO - Setting next_dagrun for example_sla_dag to 2024-11-18T14:34:00+00:00, run_after=2024-11-18T14:36:00+00:00
[2024-11-18T14:36:29.112+0000] {processor.py:179} INFO - Processing /home/airflow/.local/lib/python3.8/site-packages/airflow/example_dags/example_sla_dag.py took 0.127 seconds
[2024-11-18T14:37:01.924+0000] {processor.py:157} INFO - Started process (PID=461) to work on /home/airflow/.local/lib/python3.8/site-packages/airflow/example_dags/example_sla_dag.py
[2024-11-18T14:37:01.925+0000] {processor.py:829} INFO - Processing file /home/airflow/.local/lib/python3.8/site-packages/airflow/example_dags/example_sla_dag.py for tasks to queue
[2024-11-18T14:37:01.928+0000] {logging_mixin.py:151} INFO - [2024-11-18T14:37:01.928+0000] {dagbag.py:536} INFO - Filling up the DagBag from /home/airflow/.local/lib/python3.8/site-packages/airflow/example_dags/example_sla_dag.py
[2024-11-18T14:37:01.941+0000] {processor.py:839} INFO - DAG(s) dict_keys(['example_sla_dag']) retrieved from /home/airflow/.local/lib/python3.8/site-packages/airflow/example_dags/example_sla_dag.py
[2024-11-18T14:37:01.973+0000] {logging_mixin.py:151} INFO - [2024-11-18T14:37:01.972+0000] {dag.py:2941} INFO - Sync 1 DAGs
[2024-11-18T14:37:02.012+0000] {logging_mixin.py:151} INFO - [2024-11-18T14:37:02.011+0000] {dag.py:3722} INFO - Setting next_dagrun for example_sla_dag to 2024-11-18T14:34:00+00:00, run_after=2024-11-18T14:36:00+00:00
[2024-11-18T14:37:02.041+0000] {processor.py:179} INFO - Processing /home/airflow/.local/lib/python3.8/site-packages/airflow/example_dags/example_sla_dag.py took 0.122 seconds
[2024-11-18T14:37:35.123+0000] {processor.py:157} INFO - Started process (PID=515) to work on /home/airflow/.local/lib/python3.8/site-packages/airflow/example_dags/example_sla_dag.py
[2024-11-18T14:37:35.124+0000] {processor.py:829} INFO - Processing file /home/airflow/.local/lib/python3.8/site-packages/airflow/example_dags/example_sla_dag.py for tasks to queue
[2024-11-18T14:37:35.128+0000] {logging_mixin.py:151} INFO - [2024-11-18T14:37:35.127+0000] {dagbag.py:536} INFO - Filling up the DagBag from /home/airflow/.local/lib/python3.8/site-packages/airflow/example_dags/example_sla_dag.py
[2024-11-18T14:37:35.140+0000] {processor.py:839} INFO - DAG(s) dict_keys(['example_sla_dag']) retrieved from /home/airflow/.local/lib/python3.8/site-packages/airflow/example_dags/example_sla_dag.py
[2024-11-18T14:37:35.169+0000] {logging_mixin.py:151} INFO - [2024-11-18T14:37:35.169+0000] {dag.py:2941} INFO - Sync 1 DAGs
[2024-11-18T14:37:35.208+0000] {logging_mixin.py:151} INFO - [2024-11-18T14:37:35.207+0000] {dag.py:3722} INFO - Setting next_dagrun for example_sla_dag to 2024-11-18T14:34:00+00:00, run_after=2024-11-18T14:36:00+00:00
[2024-11-18T14:37:35.236+0000] {processor.py:179} INFO - Processing /home/airflow/.local/lib/python3.8/site-packages/airflow/example_dags/example_sla_dag.py took 0.118 seconds
[2024-11-18T14:38:08.302+0000] {processor.py:157} INFO - Started process (PID=569) to work on /home/airflow/.local/lib/python3.8/site-packages/airflow/example_dags/example_sla_dag.py
[2024-11-18T14:38:08.303+0000] {processor.py:829} INFO - Processing file /home/airflow/.local/lib/python3.8/site-packages/airflow/example_dags/example_sla_dag.py for tasks to queue
[2024-11-18T14:38:08.306+0000] {logging_mixin.py:151} INFO - [2024-11-18T14:38:08.306+0000] {dagbag.py:536} INFO - Filling up the DagBag from /home/airflow/.local/lib/python3.8/site-packages/airflow/example_dags/example_sla_dag.py
[2024-11-18T14:38:08.319+0000] {processor.py:839} INFO - DAG(s) dict_keys(['example_sla_dag']) retrieved from /home/airflow/.local/lib/python3.8/site-packages/airflow/example_dags/example_sla_dag.py
[2024-11-18T14:38:08.352+0000] {logging_mixin.py:151} INFO - [2024-11-18T14:38:08.352+0000] {dag.py:2941} INFO - Sync 1 DAGs
[2024-11-18T14:38:08.405+0000] {logging_mixin.py:151} INFO - [2024-11-18T14:38:08.405+0000] {dag.py:3722} INFO - Setting next_dagrun for example_sla_dag to 2024-11-18T14:36:00+00:00, run_after=2024-11-18T14:38:00+00:00
[2024-11-18T14:38:08.437+0000] {processor.py:179} INFO - Processing /home/airflow/.local/lib/python3.8/site-packages/airflow/example_dags/example_sla_dag.py took 0.140 seconds
[2024-11-18T14:38:41.695+0000] {processor.py:157} INFO - Started process (PID=623) to work on /home/airflow/.local/lib/python3.8/site-packages/airflow/example_dags/example_sla_dag.py
[2024-11-18T14:38:41.697+0000] {processor.py:829} INFO - Processing file /home/airflow/.local/lib/python3.8/site-packages/airflow/example_dags/example_sla_dag.py for tasks to queue
[2024-11-18T14:38:41.700+0000] {logging_mixin.py:151} INFO - [2024-11-18T14:38:41.700+0000] {dagbag.py:536} INFO - Filling up the DagBag from /home/airflow/.local/lib/python3.8/site-packages/airflow/example_dags/example_sla_dag.py
[2024-11-18T14:38:41.713+0000] {processor.py:839} INFO - DAG(s) dict_keys(['example_sla_dag']) retrieved from /home/airflow/.local/lib/python3.8/site-packages/airflow/example_dags/example_sla_dag.py
[2024-11-18T14:38:41.743+0000] {logging_mixin.py:151} INFO - [2024-11-18T14:38:41.742+0000] {dag.py:2941} INFO - Sync 1 DAGs
[2024-11-18T14:38:41.781+0000] {logging_mixin.py:151} INFO - [2024-11-18T14:38:41.781+0000] {dag.py:3722} INFO - Setting next_dagrun for example_sla_dag to 2024-11-18T14:36:00+00:00, run_after=2024-11-18T14:38:00+00:00
[2024-11-18T14:38:41.809+0000] {processor.py:179} INFO - Processing /home/airflow/.local/lib/python3.8/site-packages/airflow/example_dags/example_sla_dag.py took 0.119 seconds
[2024-11-18T14:39:15.370+0000] {processor.py:157} INFO - Started process (PID=677) to work on /home/airflow/.local/lib/python3.8/site-packages/airflow/example_dags/example_sla_dag.py
[2024-11-18T14:39:15.371+0000] {processor.py:829} INFO - Processing file /home/airflow/.local/lib/python3.8/site-packages/airflow/example_dags/example_sla_dag.py for tasks to queue
[2024-11-18T14:39:15.374+0000] {logging_mixin.py:151} INFO - [2024-11-18T14:39:15.374+0000] {dagbag.py:536} INFO - Filling up the DagBag from /home/airflow/.local/lib/python3.8/site-packages/airflow/example_dags/example_sla_dag.py
[2024-11-18T14:39:15.386+0000] {processor.py:839} INFO - DAG(s) dict_keys(['example_sla_dag']) retrieved from /home/airflow/.local/lib/python3.8/site-packages/airflow/example_dags/example_sla_dag.py
[2024-11-18T14:39:15.415+0000] {logging_mixin.py:151} INFO - [2024-11-18T14:39:15.415+0000] {dag.py:2941} INFO - Sync 1 DAGs
[2024-11-18T14:39:15.454+0000] {logging_mixin.py:151} INFO - [2024-11-18T14:39:15.453+0000] {dag.py:3722} INFO - Setting next_dagrun for example_sla_dag to 2024-11-18T14:36:00+00:00, run_after=2024-11-18T14:38:00+00:00
[2024-11-18T14:39:15.481+0000] {processor.py:179} INFO - Processing /home/airflow/.local/lib/python3.8/site-packages/airflow/example_dags/example_sla_dag.py took 0.116 seconds
[2024-11-18T14:39:48.680+0000] {processor.py:157} INFO - Started process (PID=731) to work on /home/airflow/.local/lib/python3.8/site-packages/airflow/example_dags/example_sla_dag.py
[2024-11-18T14:39:48.682+0000] {processor.py:829} INFO - Processing file /home/airflow/.local/lib/python3.8/site-packages/airflow/example_dags/example_sla_dag.py for tasks to queue
[2024-11-18T14:39:48.685+0000] {logging_mixin.py:151} INFO - [2024-11-18T14:39:48.684+0000] {dagbag.py:536} INFO - Filling up the DagBag from /home/airflow/.local/lib/python3.8/site-packages/airflow/example_dags/example_sla_dag.py
[2024-11-18T14:39:48.697+0000] {processor.py:839} INFO - DAG(s) dict_keys(['example_sla_dag']) retrieved from /home/airflow/.local/lib/python3.8/site-packages/airflow/example_dags/example_sla_dag.py
[2024-11-18T14:39:48.727+0000] {logging_mixin.py:151} INFO - [2024-11-18T14:39:48.727+0000] {dag.py:2941} INFO - Sync 1 DAGs
[2024-11-18T14:39:48.765+0000] {logging_mixin.py:151} INFO - [2024-11-18T14:39:48.765+0000] {dag.py:3722} INFO - Setting next_dagrun for example_sla_dag to 2024-11-18T14:36:00+00:00, run_after=2024-11-18T14:38:00+00:00
[2024-11-18T14:39:48.792+0000] {processor.py:179} INFO - Processing /home/airflow/.local/lib/python3.8/site-packages/airflow/example_dags/example_sla_dag.py took 0.116 seconds
[2024-11-18T14:40:21.877+0000] {processor.py:157} INFO - Started process (PID=785) to work on /home/airflow/.local/lib/python3.8/site-packages/airflow/example_dags/example_sla_dag.py
[2024-11-18T14:40:21.878+0000] {processor.py:829} INFO - Processing file /home/airflow/.local/lib/python3.8/site-packages/airflow/example_dags/example_sla_dag.py for tasks to queue
[2024-11-18T14:40:21.881+0000] {logging_mixin.py:151} INFO - [2024-11-18T14:40:21.881+0000] {dagbag.py:536} INFO - Filling up the DagBag from /home/airflow/.local/lib/python3.8/site-packages/airflow/example_dags/example_sla_dag.py
[2024-11-18T14:40:21.894+0000] {processor.py:839} INFO - DAG(s) dict_keys(['example_sla_dag']) retrieved from /home/airflow/.local/lib/python3.8/site-packages/airflow/example_dags/example_sla_dag.py
[2024-11-18T14:40:21.926+0000] {logging_mixin.py:151} INFO - [2024-11-18T14:40:21.926+0000] {dag.py:2941} INFO - Sync 1 DAGs
[2024-11-18T14:40:21.967+0000] {logging_mixin.py:151} INFO - [2024-11-18T14:40:21.967+0000] {dag.py:3722} INFO - Setting next_dagrun for example_sla_dag to 2024-11-18T14:38:00+00:00, run_after=2024-11-18T14:40:00+00:00
[2024-11-18T14:40:21.996+0000] {processor.py:179} INFO - Processing /home/airflow/.local/lib/python3.8/site-packages/airflow/example_dags/example_sla_dag.py took 0.124 seconds
[2024-11-18T14:40:55.221+0000] {processor.py:157} INFO - Started process (PID=839) to work on /home/airflow/.local/lib/python3.8/site-packages/airflow/example_dags/example_sla_dag.py
[2024-11-18T14:40:55.222+0000] {processor.py:829} INFO - Processing file /home/airflow/.local/lib/python3.8/site-packages/airflow/example_dags/example_sla_dag.py for tasks to queue
[2024-11-18T14:40:55.225+0000] {logging_mixin.py:151} INFO - [2024-11-18T14:40:55.225+0000] {dagbag.py:536} INFO - Filling up the DagBag from /home/airflow/.local/lib/python3.8/site-packages/airflow/example_dags/example_sla_dag.py
[2024-11-18T14:40:55.239+0000] {processor.py:839} INFO - DAG(s) dict_keys(['example_sla_dag']) retrieved from /home/airflow/.local/lib/python3.8/site-packages/airflow/example_dags/example_sla_dag.py
[2024-11-18T14:40:55.286+0000] {logging_mixin.py:151} INFO - [2024-11-18T14:40:55.286+0000] {dag.py:2941} INFO - Sync 1 DAGs
[2024-11-18T14:40:55.346+0000] {logging_mixin.py:151} INFO - [2024-11-18T14:40:55.346+0000] {dag.py:3722} INFO - Setting next_dagrun for example_sla_dag to 2024-11-18T14:38:00+00:00, run_after=2024-11-18T14:40:00+00:00
[2024-11-18T14:40:55.379+0000] {processor.py:179} INFO - Processing /home/airflow/.local/lib/python3.8/site-packages/airflow/example_dags/example_sla_dag.py took 0.164 seconds
[2024-11-18T14:41:28.493+0000] {processor.py:157} INFO - Started process (PID=893) to work on /home/airflow/.local/lib/python3.8/site-packages/airflow/example_dags/example_sla_dag.py
[2024-11-18T14:41:28.495+0000] {processor.py:829} INFO - Processing file /home/airflow/.local/lib/python3.8/site-packages/airflow/example_dags/example_sla_dag.py for tasks to queue
[2024-11-18T14:41:28.498+0000] {logging_mixin.py:151} INFO - [2024-11-18T14:41:28.497+0000] {dagbag.py:536} INFO - Filling up the DagBag from /home/airflow/.local/lib/python3.8/site-packages/airflow/example_dags/example_sla_dag.py
[2024-11-18T14:41:28.510+0000] {processor.py:839} INFO - DAG(s) dict_keys(['example_sla_dag']) retrieved from /home/airflow/.local/lib/python3.8/site-packages/airflow/example_dags/example_sla_dag.py
[2024-11-18T14:41:28.540+0000] {logging_mixin.py:151} INFO - [2024-11-18T14:41:28.539+0000] {dag.py:2941} INFO - Sync 1 DAGs
[2024-11-18T14:41:28.578+0000] {logging_mixin.py:151} INFO - [2024-11-18T14:41:28.578+0000] {dag.py:3722} INFO - Setting next_dagrun for example_sla_dag to 2024-11-18T14:38:00+00:00, run_after=2024-11-18T14:40:00+00:00
[2024-11-18T14:41:28.606+0000] {processor.py:179} INFO - Processing /home/airflow/.local/lib/python3.8/site-packages/airflow/example_dags/example_sla_dag.py took 0.117 seconds
[2024-11-18T14:42:01.800+0000] {processor.py:157} INFO - Started process (PID=947) to work on /home/airflow/.local/lib/python3.8/site-packages/airflow/example_dags/example_sla_dag.py
[2024-11-18T14:42:01.802+0000] {processor.py:829} INFO - Processing file /home/airflow/.local/lib/python3.8/site-packages/airflow/example_dags/example_sla_dag.py for tasks to queue
[2024-11-18T14:42:01.805+0000] {logging_mixin.py:151} INFO - [2024-11-18T14:42:01.804+0000] {dagbag.py:536} INFO - Filling up the DagBag from /home/airflow/.local/lib/python3.8/site-packages/airflow/example_dags/example_sla_dag.py
[2024-11-18T14:42:01.819+0000] {processor.py:839} INFO - DAG(s) dict_keys(['example_sla_dag']) retrieved from /home/airflow/.local/lib/python3.8/site-packages/airflow/example_dags/example_sla_dag.py
[2024-11-18T14:42:01.856+0000] {logging_mixin.py:151} INFO - [2024-11-18T14:42:01.856+0000] {dag.py:2941} INFO - Sync 1 DAGs
[2024-11-18T14:42:01.897+0000] {logging_mixin.py:151} INFO - [2024-11-18T14:42:01.896+0000] {dag.py:3722} INFO - Setting next_dagrun for example_sla_dag to 2024-11-18T14:40:00+00:00, run_after=2024-11-18T14:42:00+00:00
[2024-11-18T14:42:01.923+0000] {processor.py:179} INFO - Processing /home/airflow/.local/lib/python3.8/site-packages/airflow/example_dags/example_sla_dag.py took 0.128 seconds
[2024-11-18T14:42:35.245+0000] {processor.py:157} INFO - Started process (PID=1001) to work on /home/airflow/.local/lib/python3.8/site-packages/airflow/example_dags/example_sla_dag.py
[2024-11-18T14:42:35.247+0000] {processor.py:829} INFO - Processing file /home/airflow/.local/lib/python3.8/site-packages/airflow/example_dags/example_sla_dag.py for tasks to queue
[2024-11-18T14:42:35.250+0000] {logging_mixin.py:151} INFO - [2024-11-18T14:42:35.250+0000] {dagbag.py:536} INFO - Filling up the DagBag from /home/airflow/.local/lib/python3.8/site-packages/airflow/example_dags/example_sla_dag.py
[2024-11-18T14:42:35.263+0000] {processor.py:839} INFO - DAG(s) dict_keys(['example_sla_dag']) retrieved from /home/airflow/.local/lib/python3.8/site-packages/airflow/example_dags/example_sla_dag.py
[2024-11-18T14:42:35.294+0000] {logging_mixin.py:151} INFO - [2024-11-18T14:42:35.293+0000] {dag.py:2941} INFO - Sync 1 DAGs
[2024-11-18T14:42:35.334+0000] {logging_mixin.py:151} INFO - [2024-11-18T14:42:35.334+0000] {dag.py:3722} INFO - Setting next_dagrun for example_sla_dag to 2024-11-18T14:40:00+00:00, run_after=2024-11-18T14:42:00+00:00
[2024-11-18T14:42:35.362+0000] {processor.py:179} INFO - Processing /home/airflow/.local/lib/python3.8/site-packages/airflow/example_dags/example_sla_dag.py took 0.121 seconds
[2024-11-18T14:43:08.453+0000] {processor.py:157} INFO - Started process (PID=1055) to work on /home/airflow/.local/lib/python3.8/site-packages/airflow/example_dags/example_sla_dag.py
[2024-11-18T14:43:08.455+0000] {processor.py:829} INFO - Processing file /home/airflow/.local/lib/python3.8/site-packages/airflow/example_dags/example_sla_dag.py for tasks to queue
[2024-11-18T14:43:08.458+0000] {logging_mixin.py:151} INFO - [2024-11-18T14:43:08.457+0000] {dagbag.py:536} INFO - Filling up the DagBag from /home/airflow/.local/lib/python3.8/site-packages/airflow/example_dags/example_sla_dag.py
[2024-11-18T14:43:08.476+0000] {processor.py:839} INFO - DAG(s) dict_keys(['example_sla_dag']) retrieved from /home/airflow/.local/lib/python3.8/site-packages/airflow/example_dags/example_sla_dag.py
[2024-11-18T14:43:08.528+0000] {logging_mixin.py:151} INFO - [2024-11-18T14:43:08.527+0000] {dag.py:2941} INFO - Sync 1 DAGs
[2024-11-18T14:43:08.578+0000] {logging_mixin.py:151} INFO - [2024-11-18T14:43:08.577+0000] {dag.py:3722} INFO - Setting next_dagrun for example_sla_dag to 2024-11-18T14:40:00+00:00, run_after=2024-11-18T14:42:00+00:00
[2024-11-18T14:43:08.632+0000] {processor.py:179} INFO - Processing /home/airflow/.local/lib/python3.8/site-packages/airflow/example_dags/example_sla_dag.py took 0.184 seconds
[2024-11-18T14:43:42.221+0000] {processor.py:157} INFO - Started process (PID=1109) to work on /home/airflow/.local/lib/python3.8/site-packages/airflow/example_dags/example_sla_dag.py
[2024-11-18T14:43:42.222+0000] {processor.py:829} INFO - Processing file /home/airflow/.local/lib/python3.8/site-packages/airflow/example_dags/example_sla_dag.py for tasks to queue
[2024-11-18T14:43:42.225+0000] {logging_mixin.py:151} INFO - [2024-11-18T14:43:42.225+0000] {dagbag.py:536} INFO - Filling up the DagBag from /home/airflow/.local/lib/python3.8/site-packages/airflow/example_dags/example_sla_dag.py
[2024-11-18T14:43:42.239+0000] {processor.py:839} INFO - DAG(s) dict_keys(['example_sla_dag']) retrieved from /home/airflow/.local/lib/python3.8/site-packages/airflow/example_dags/example_sla_dag.py
[2024-11-18T14:43:42.272+0000] {logging_mixin.py:151} INFO - [2024-11-18T14:43:42.272+0000] {dag.py:2941} INFO - Sync 1 DAGs
[2024-11-18T14:43:42.316+0000] {logging_mixin.py:151} INFO - [2024-11-18T14:43:42.315+0000] {dag.py:3722} INFO - Setting next_dagrun for example_sla_dag to 2024-11-18T14:40:00+00:00, run_after=2024-11-18T14:42:00+00:00
[2024-11-18T14:43:42.351+0000] {processor.py:179} INFO - Processing /home/airflow/.local/lib/python3.8/site-packages/airflow/example_dags/example_sla_dag.py took 0.136 seconds
[2024-11-18T14:44:15.010+0000] {processor.py:157} INFO - Started process (PID=1163) to work on /home/airflow/.local/lib/python3.8/site-packages/airflow/example_dags/example_sla_dag.py
[2024-11-18T14:44:15.012+0000] {processor.py:829} INFO - Processing file /home/airflow/.local/lib/python3.8/site-packages/airflow/example_dags/example_sla_dag.py for tasks to queue
[2024-11-18T14:44:15.015+0000] {logging_mixin.py:151} INFO - [2024-11-18T14:44:15.014+0000] {dagbag.py:536} INFO - Filling up the DagBag from /home/airflow/.local/lib/python3.8/site-packages/airflow/example_dags/example_sla_dag.py
[2024-11-18T14:44:15.027+0000] {processor.py:839} INFO - DAG(s) dict_keys(['example_sla_dag']) retrieved from /home/airflow/.local/lib/python3.8/site-packages/airflow/example_dags/example_sla_dag.py
[2024-11-18T14:44:15.056+0000] {logging_mixin.py:151} INFO - [2024-11-18T14:44:15.055+0000] {dag.py:2941} INFO - Sync 1 DAGs
[2024-11-18T14:44:15.094+0000] {logging_mixin.py:151} INFO - [2024-11-18T14:44:15.094+0000] {dag.py:3722} INFO - Setting next_dagrun for example_sla_dag to 2024-11-18T14:42:00+00:00, run_after=2024-11-18T14:44:00+00:00
[2024-11-18T14:44:15.122+0000] {processor.py:179} INFO - Processing /home/airflow/.local/lib/python3.8/site-packages/airflow/example_dags/example_sla_dag.py took 0.117 seconds
[2024-11-18T14:44:49.611+0000] {processor.py:157} INFO - Started process (PID=1217) to work on /home/airflow/.local/lib/python3.8/site-packages/airflow/example_dags/example_sla_dag.py
[2024-11-18T14:44:49.613+0000] {processor.py:829} INFO - Processing file /home/airflow/.local/lib/python3.8/site-packages/airflow/example_dags/example_sla_dag.py for tasks to queue
[2024-11-18T14:44:49.616+0000] {logging_mixin.py:151} INFO - [2024-11-18T14:44:49.615+0000] {dagbag.py:536} INFO - Filling up the DagBag from /home/airflow/.local/lib/python3.8/site-packages/airflow/example_dags/example_sla_dag.py
[2024-11-18T14:44:49.629+0000] {processor.py:839} INFO - DAG(s) dict_keys(['example_sla_dag']) retrieved from /home/airflow/.local/lib/python3.8/site-packages/airflow/example_dags/example_sla_dag.py
[2024-11-18T14:44:49.659+0000] {logging_mixin.py:151} INFO - [2024-11-18T14:44:49.658+0000] {dag.py:2941} INFO - Sync 1 DAGs
[2024-11-18T14:44:49.699+0000] {logging_mixin.py:151} INFO - [2024-11-18T14:44:49.699+0000] {dag.py:3722} INFO - Setting next_dagrun for example_sla_dag to 2024-11-18T14:42:00+00:00, run_after=2024-11-18T14:44:00+00:00
[2024-11-18T14:44:49.728+0000] {processor.py:179} INFO - Processing /home/airflow/.local/lib/python3.8/site-packages/airflow/example_dags/example_sla_dag.py took 0.122 seconds
[2024-11-18T14:45:21.983+0000] {processor.py:157} INFO - Started process (PID=1271) to work on /home/airflow/.local/lib/python3.8/site-packages/airflow/example_dags/example_sla_dag.py
[2024-11-18T14:45:21.984+0000] {processor.py:829} INFO - Processing file /home/airflow/.local/lib/python3.8/site-packages/airflow/example_dags/example_sla_dag.py for tasks to queue
[2024-11-18T14:45:21.987+0000] {logging_mixin.py:151} INFO - [2024-11-18T14:45:21.987+0000] {dagbag.py:536} INFO - Filling up the DagBag from /home/airflow/.local/lib/python3.8/site-packages/airflow/example_dags/example_sla_dag.py
[2024-11-18T14:45:21.999+0000] {processor.py:839} INFO - DAG(s) dict_keys(['example_sla_dag']) retrieved from /home/airflow/.local/lib/python3.8/site-packages/airflow/example_dags/example_sla_dag.py
[2024-11-18T14:45:22.028+0000] {logging_mixin.py:151} INFO - [2024-11-18T14:45:22.028+0000] {dag.py:2941} INFO - Sync 1 DAGs
[2024-11-18T14:45:22.068+0000] {logging_mixin.py:151} INFO - [2024-11-18T14:45:22.068+0000] {dag.py:3722} INFO - Setting next_dagrun for example_sla_dag to 2024-11-18T14:42:00+00:00, run_after=2024-11-18T14:44:00+00:00
[2024-11-18T14:45:22.098+0000] {processor.py:179} INFO - Processing /home/airflow/.local/lib/python3.8/site-packages/airflow/example_dags/example_sla_dag.py took 0.120 seconds
[2024-11-18T14:45:55.415+0000] {processor.py:157} INFO - Started process (PID=1325) to work on /home/airflow/.local/lib/python3.8/site-packages/airflow/example_dags/example_sla_dag.py
[2024-11-18T14:45:55.416+0000] {processor.py:829} INFO - Processing file /home/airflow/.local/lib/python3.8/site-packages/airflow/example_dags/example_sla_dag.py for tasks to queue
[2024-11-18T14:45:55.420+0000] {logging_mixin.py:151} INFO - [2024-11-18T14:45:55.420+0000] {dagbag.py:536} INFO - Filling up the DagBag from /home/airflow/.local/lib/python3.8/site-packages/airflow/example_dags/example_sla_dag.py
[2024-11-18T14:45:55.435+0000] {processor.py:839} INFO - DAG(s) dict_keys(['example_sla_dag']) retrieved from /home/airflow/.local/lib/python3.8/site-packages/airflow/example_dags/example_sla_dag.py
[2024-11-18T14:45:55.470+0000] {logging_mixin.py:151} INFO - [2024-11-18T14:45:55.470+0000] {dag.py:2941} INFO - Sync 1 DAGs
[2024-11-18T14:45:55.523+0000] {logging_mixin.py:151} INFO - [2024-11-18T14:45:55.522+0000] {dag.py:3722} INFO - Setting next_dagrun for example_sla_dag to 2024-11-18T14:42:00+00:00, run_after=2024-11-18T14:44:00+00:00
[2024-11-18T14:45:55.555+0000] {processor.py:179} INFO - Processing /home/airflow/.local/lib/python3.8/site-packages/airflow/example_dags/example_sla_dag.py took 0.146 seconds
[2024-11-18T14:46:29.456+0000] {processor.py:157} INFO - Started process (PID=1379) to work on /home/airflow/.local/lib/python3.8/site-packages/airflow/example_dags/example_sla_dag.py
[2024-11-18T14:46:29.458+0000] {processor.py:829} INFO - Processing file /home/airflow/.local/lib/python3.8/site-packages/airflow/example_dags/example_sla_dag.py for tasks to queue
[2024-11-18T14:46:29.460+0000] {logging_mixin.py:151} INFO - [2024-11-18T14:46:29.460+0000] {dagbag.py:536} INFO - Filling up the DagBag from /home/airflow/.local/lib/python3.8/site-packages/airflow/example_dags/example_sla_dag.py
[2024-11-18T14:46:29.472+0000] {processor.py:839} INFO - DAG(s) dict_keys(['example_sla_dag']) retrieved from /home/airflow/.local/lib/python3.8/site-packages/airflow/example_dags/example_sla_dag.py
[2024-11-18T14:46:29.501+0000] {logging_mixin.py:151} INFO - [2024-11-18T14:46:29.501+0000] {dag.py:2941} INFO - Sync 1 DAGs
[2024-11-18T14:46:29.541+0000] {logging_mixin.py:151} INFO - [2024-11-18T14:46:29.540+0000] {dag.py:3722} INFO - Setting next_dagrun for example_sla_dag to 2024-11-18T14:44:00+00:00, run_after=2024-11-18T14:46:00+00:00
[2024-11-18T14:46:29.567+0000] {processor.py:179} INFO - Processing /home/airflow/.local/lib/python3.8/site-packages/airflow/example_dags/example_sla_dag.py took 0.115 seconds
[2024-11-18T14:47:02.870+0000] {processor.py:157} INFO - Started process (PID=1433) to work on /home/airflow/.local/lib/python3.8/site-packages/airflow/example_dags/example_sla_dag.py
[2024-11-18T14:47:02.872+0000] {processor.py:829} INFO - Processing file /home/airflow/.local/lib/python3.8/site-packages/airflow/example_dags/example_sla_dag.py for tasks to queue
[2024-11-18T14:47:02.875+0000] {logging_mixin.py:151} INFO - [2024-11-18T14:47:02.875+0000] {dagbag.py:536} INFO - Filling up the DagBag from /home/airflow/.local/lib/python3.8/site-packages/airflow/example_dags/example_sla_dag.py
[2024-11-18T14:47:02.887+0000] {processor.py:839} INFO - DAG(s) dict_keys(['example_sla_dag']) retrieved from /home/airflow/.local/lib/python3.8/site-packages/airflow/example_dags/example_sla_dag.py
[2024-11-18T14:47:02.916+0000] {logging_mixin.py:151} INFO - [2024-11-18T14:47:02.916+0000] {dag.py:2941} INFO - Sync 1 DAGs
[2024-11-18T14:47:02.956+0000] {logging_mixin.py:151} INFO - [2024-11-18T14:47:02.955+0000] {dag.py:3722} INFO - Setting next_dagrun for example_sla_dag to 2024-11-18T14:44:00+00:00, run_after=2024-11-18T14:46:00+00:00
[2024-11-18T14:47:03.166+0000] {processor.py:179} INFO - Processing /home/airflow/.local/lib/python3.8/site-packages/airflow/example_dags/example_sla_dag.py took 0.300 seconds
[2024-11-18T14:47:35.523+0000] {processor.py:157} INFO - Started process (PID=1487) to work on /home/airflow/.local/lib/python3.8/site-packages/airflow/example_dags/example_sla_dag.py
[2024-11-18T14:47:35.525+0000] {processor.py:829} INFO - Processing file /home/airflow/.local/lib/python3.8/site-packages/airflow/example_dags/example_sla_dag.py for tasks to queue
[2024-11-18T14:47:35.528+0000] {logging_mixin.py:151} INFO - [2024-11-18T14:47:35.527+0000] {dagbag.py:536} INFO - Filling up the DagBag from /home/airflow/.local/lib/python3.8/site-packages/airflow/example_dags/example_sla_dag.py
[2024-11-18T14:47:35.543+0000] {processor.py:839} INFO - DAG(s) dict_keys(['example_sla_dag']) retrieved from /home/airflow/.local/lib/python3.8/site-packages/airflow/example_dags/example_sla_dag.py
[2024-11-18T14:47:35.576+0000] {logging_mixin.py:151} INFO - [2024-11-18T14:47:35.575+0000] {dag.py:2941} INFO - Sync 1 DAGs
[2024-11-18T14:47:35.623+0000] {logging_mixin.py:151} INFO - [2024-11-18T14:47:35.622+0000] {dag.py:3722} INFO - Setting next_dagrun for example_sla_dag to 2024-11-18T14:44:00+00:00, run_after=2024-11-18T14:46:00+00:00
[2024-11-18T14:47:35.652+0000] {processor.py:179} INFO - Processing /home/airflow/.local/lib/python3.8/site-packages/airflow/example_dags/example_sla_dag.py took 0.134 seconds
[2024-11-18T14:48:09.619+0000] {processor.py:157} INFO - Started process (PID=1541) to work on /home/airflow/.local/lib/python3.8/site-packages/airflow/example_dags/example_sla_dag.py
[2024-11-18T14:48:09.620+0000] {processor.py:829} INFO - Processing file /home/airflow/.local/lib/python3.8/site-packages/airflow/example_dags/example_sla_dag.py for tasks to queue
[2024-11-18T14:48:09.624+0000] {logging_mixin.py:151} INFO - [2024-11-18T14:48:09.623+0000] {dagbag.py:536} INFO - Filling up the DagBag from /home/airflow/.local/lib/python3.8/site-packages/airflow/example_dags/example_sla_dag.py
[2024-11-18T14:48:09.636+0000] {processor.py:839} INFO - DAG(s) dict_keys(['example_sla_dag']) retrieved from /home/airflow/.local/lib/python3.8/site-packages/airflow/example_dags/example_sla_dag.py
[2024-11-18T14:48:09.667+0000] {logging_mixin.py:151} INFO - [2024-11-18T14:48:09.667+0000] {dag.py:2941} INFO - Sync 1 DAGs
[2024-11-18T14:48:10.031+0000] {logging_mixin.py:151} INFO - [2024-11-18T14:48:10.031+0000] {dag.py:3722} INFO - Setting next_dagrun for example_sla_dag to 2024-11-18T14:46:00+00:00, run_after=2024-11-18T14:48:00+00:00
[2024-11-18T14:48:10.060+0000] {processor.py:179} INFO - Processing /home/airflow/.local/lib/python3.8/site-packages/airflow/example_dags/example_sla_dag.py took 0.446 seconds
[2024-11-18T14:48:42.449+0000] {processor.py:157} INFO - Started process (PID=1596) to work on /home/airflow/.local/lib/python3.8/site-packages/airflow/example_dags/example_sla_dag.py
[2024-11-18T14:48:42.451+0000] {processor.py:829} INFO - Processing file /home/airflow/.local/lib/python3.8/site-packages/airflow/example_dags/example_sla_dag.py for tasks to queue
[2024-11-18T14:48:42.454+0000] {logging_mixin.py:151} INFO - [2024-11-18T14:48:42.453+0000] {dagbag.py:536} INFO - Filling up the DagBag from /home/airflow/.local/lib/python3.8/site-packages/airflow/example_dags/example_sla_dag.py
[2024-11-18T14:48:42.467+0000] {processor.py:839} INFO - DAG(s) dict_keys(['example_sla_dag']) retrieved from /home/airflow/.local/lib/python3.8/site-packages/airflow/example_dags/example_sla_dag.py
[2024-11-18T14:48:42.498+0000] {logging_mixin.py:151} INFO - [2024-11-18T14:48:42.498+0000] {dag.py:2941} INFO - Sync 1 DAGs
[2024-11-18T14:48:42.714+0000] {logging_mixin.py:151} INFO - [2024-11-18T14:48:42.714+0000] {dag.py:3722} INFO - Setting next_dagrun for example_sla_dag to 2024-11-18T14:46:00+00:00, run_after=2024-11-18T14:48:00+00:00
[2024-11-18T14:48:42.740+0000] {processor.py:179} INFO - Processing /home/airflow/.local/lib/python3.8/site-packages/airflow/example_dags/example_sla_dag.py took 0.297 seconds
[2024-11-18T14:49:15.039+0000] {processor.py:157} INFO - Started process (PID=1651) to work on /home/airflow/.local/lib/python3.8/site-packages/airflow/example_dags/example_sla_dag.py
[2024-11-18T14:49:15.041+0000] {processor.py:829} INFO - Processing file /home/airflow/.local/lib/python3.8/site-packages/airflow/example_dags/example_sla_dag.py for tasks to queue
[2024-11-18T14:49:15.044+0000] {logging_mixin.py:151} INFO - [2024-11-18T14:49:15.044+0000] {dagbag.py:536} INFO - Filling up the DagBag from /home/airflow/.local/lib/python3.8/site-packages/airflow/example_dags/example_sla_dag.py
[2024-11-18T14:49:15.057+0000] {processor.py:839} INFO - DAG(s) dict_keys(['example_sla_dag']) retrieved from /home/airflow/.local/lib/python3.8/site-packages/airflow/example_dags/example_sla_dag.py
[2024-11-18T14:49:15.088+0000] {logging_mixin.py:151} INFO - [2024-11-18T14:49:15.087+0000] {dag.py:2941} INFO - Sync 1 DAGs
[2024-11-18T14:49:15.128+0000] {logging_mixin.py:151} INFO - [2024-11-18T14:49:15.128+0000] {dag.py:3722} INFO - Setting next_dagrun for example_sla_dag to 2024-11-18T14:46:00+00:00, run_after=2024-11-18T14:48:00+00:00
[2024-11-18T14:49:15.156+0000] {processor.py:179} INFO - Processing /home/airflow/.local/lib/python3.8/site-packages/airflow/example_dags/example_sla_dag.py took 0.121 seconds
[2024-11-18T14:49:49.152+0000] {processor.py:157} INFO - Started process (PID=1708) to work on /home/airflow/.local/lib/python3.8/site-packages/airflow/example_dags/example_sla_dag.py
[2024-11-18T14:49:49.154+0000] {processor.py:829} INFO - Processing file /home/airflow/.local/lib/python3.8/site-packages/airflow/example_dags/example_sla_dag.py for tasks to queue
[2024-11-18T14:49:49.157+0000] {logging_mixin.py:151} INFO - [2024-11-18T14:49:49.156+0000] {dagbag.py:536} INFO - Filling up the DagBag from /home/airflow/.local/lib/python3.8/site-packages/airflow/example_dags/example_sla_dag.py
[2024-11-18T14:49:49.169+0000] {processor.py:839} INFO - DAG(s) dict_keys(['example_sla_dag']) retrieved from /home/airflow/.local/lib/python3.8/site-packages/airflow/example_dags/example_sla_dag.py
[2024-11-18T14:49:49.197+0000] {logging_mixin.py:151} INFO - [2024-11-18T14:49:49.197+0000] {dag.py:2941} INFO - Sync 1 DAGs
[2024-11-18T14:49:49.235+0000] {logging_mixin.py:151} INFO - [2024-11-18T14:49:49.235+0000] {dag.py:3722} INFO - Setting next_dagrun for example_sla_dag to 2024-11-18T14:46:00+00:00, run_after=2024-11-18T14:48:00+00:00
[2024-11-18T14:49:49.263+0000] {processor.py:179} INFO - Processing /home/airflow/.local/lib/python3.8/site-packages/airflow/example_dags/example_sla_dag.py took 0.115 seconds
[2024-11-18T14:50:23.359+0000] {processor.py:157} INFO - Started process (PID=1767) to work on /home/airflow/.local/lib/python3.8/site-packages/airflow/example_dags/example_sla_dag.py
[2024-11-18T14:50:23.361+0000] {processor.py:829} INFO - Processing file /home/airflow/.local/lib/python3.8/site-packages/airflow/example_dags/example_sla_dag.py for tasks to queue
[2024-11-18T14:50:23.365+0000] {logging_mixin.py:151} INFO - [2024-11-18T14:50:23.365+0000] {dagbag.py:536} INFO - Filling up the DagBag from /home/airflow/.local/lib/python3.8/site-packages/airflow/example_dags/example_sla_dag.py
[2024-11-18T14:50:23.380+0000] {processor.py:839} INFO - DAG(s) dict_keys(['example_sla_dag']) retrieved from /home/airflow/.local/lib/python3.8/site-packages/airflow/example_dags/example_sla_dag.py
[2024-11-18T14:50:23.414+0000] {logging_mixin.py:151} INFO - [2024-11-18T14:50:23.414+0000] {dag.py:2941} INFO - Sync 1 DAGs
[2024-11-18T14:50:23.658+0000] {logging_mixin.py:151} INFO - [2024-11-18T14:50:23.658+0000] {dag.py:3722} INFO - Setting next_dagrun for example_sla_dag to 2024-11-18T14:48:00+00:00, run_after=2024-11-18T14:50:00+00:00
[2024-11-18T14:50:23.688+0000] {processor.py:179} INFO - Processing /home/airflow/.local/lib/python3.8/site-packages/airflow/example_dags/example_sla_dag.py took 0.334 seconds
[2024-11-18T14:50:55.943+0000] {processor.py:157} INFO - Started process (PID=1824) to work on /home/airflow/.local/lib/python3.8/site-packages/airflow/example_dags/example_sla_dag.py
[2024-11-18T14:50:55.945+0000] {processor.py:829} INFO - Processing file /home/airflow/.local/lib/python3.8/site-packages/airflow/example_dags/example_sla_dag.py for tasks to queue
[2024-11-18T14:50:55.948+0000] {logging_mixin.py:151} INFO - [2024-11-18T14:50:55.948+0000] {dagbag.py:536} INFO - Filling up the DagBag from /home/airflow/.local/lib/python3.8/site-packages/airflow/example_dags/example_sla_dag.py
[2024-11-18T14:50:55.961+0000] {processor.py:839} INFO - DAG(s) dict_keys(['example_sla_dag']) retrieved from /home/airflow/.local/lib/python3.8/site-packages/airflow/example_dags/example_sla_dag.py
[2024-11-18T14:50:55.994+0000] {logging_mixin.py:151} INFO - [2024-11-18T14:50:55.994+0000] {dag.py:2941} INFO - Sync 1 DAGs
[2024-11-18T14:50:56.039+0000] {logging_mixin.py:151} INFO - [2024-11-18T14:50:56.039+0000] {dag.py:3722} INFO - Setting next_dagrun for example_sla_dag to 2024-11-18T14:48:00+00:00, run_after=2024-11-18T14:50:00+00:00
[2024-11-18T14:50:56.069+0000] {processor.py:179} INFO - Processing /home/airflow/.local/lib/python3.8/site-packages/airflow/example_dags/example_sla_dag.py took 0.130 seconds
[2024-11-18T14:51:29.078+0000] {processor.py:157} INFO - Started process (PID=1882) to work on /home/airflow/.local/lib/python3.8/site-packages/airflow/example_dags/example_sla_dag.py
[2024-11-18T14:51:29.080+0000] {processor.py:829} INFO - Processing file /home/airflow/.local/lib/python3.8/site-packages/airflow/example_dags/example_sla_dag.py for tasks to queue
[2024-11-18T14:51:29.083+0000] {logging_mixin.py:151} INFO - [2024-11-18T14:51:29.082+0000] {dagbag.py:536} INFO - Filling up the DagBag from /home/airflow/.local/lib/python3.8/site-packages/airflow/example_dags/example_sla_dag.py
[2024-11-18T14:51:29.099+0000] {processor.py:839} INFO - DAG(s) dict_keys(['example_sla_dag']) retrieved from /home/airflow/.local/lib/python3.8/site-packages/airflow/example_dags/example_sla_dag.py
[2024-11-18T14:51:29.132+0000] {logging_mixin.py:151} INFO - [2024-11-18T14:51:29.131+0000] {dag.py:2941} INFO - Sync 1 DAGs
[2024-11-18T14:51:29.177+0000] {logging_mixin.py:151} INFO - [2024-11-18T14:51:29.177+0000] {dag.py:3722} INFO - Setting next_dagrun for example_sla_dag to 2024-11-18T14:48:00+00:00, run_after=2024-11-18T14:50:00+00:00
[2024-11-18T14:51:29.208+0000] {processor.py:179} INFO - Processing /home/airflow/.local/lib/python3.8/site-packages/airflow/example_dags/example_sla_dag.py took 0.135 seconds
[2024-11-18T14:52:01.643+0000] {processor.py:157} INFO - Started process (PID=1940) to work on /home/airflow/.local/lib/python3.8/site-packages/airflow/example_dags/example_sla_dag.py
[2024-11-18T14:52:01.645+0000] {processor.py:829} INFO - Processing file /home/airflow/.local/lib/python3.8/site-packages/airflow/example_dags/example_sla_dag.py for tasks to queue
[2024-11-18T14:52:01.648+0000] {logging_mixin.py:151} INFO - [2024-11-18T14:52:01.648+0000] {dagbag.py:536} INFO - Filling up the DagBag from /home/airflow/.local/lib/python3.8/site-packages/airflow/example_dags/example_sla_dag.py
[2024-11-18T14:52:01.660+0000] {processor.py:839} INFO - DAG(s) dict_keys(['example_sla_dag']) retrieved from /home/airflow/.local/lib/python3.8/site-packages/airflow/example_dags/example_sla_dag.py
[2024-11-18T14:52:01.689+0000] {logging_mixin.py:151} INFO - [2024-11-18T14:52:01.689+0000] {dag.py:2941} INFO - Sync 1 DAGs
[2024-11-18T14:52:01.726+0000] {logging_mixin.py:151} INFO - [2024-11-18T14:52:01.726+0000] {dag.py:3722} INFO - Setting next_dagrun for example_sla_dag to 2024-11-18T14:50:00+00:00, run_after=2024-11-18T14:52:00+00:00
[2024-11-18T14:52:01.754+0000] {processor.py:179} INFO - Processing /home/airflow/.local/lib/python3.8/site-packages/airflow/example_dags/example_sla_dag.py took 0.115 seconds
[2024-11-18T14:52:35.691+0000] {processor.py:157} INFO - Started process (PID=1995) to work on /home/airflow/.local/lib/python3.8/site-packages/airflow/example_dags/example_sla_dag.py
[2024-11-18T14:52:35.693+0000] {processor.py:829} INFO - Processing file /home/airflow/.local/lib/python3.8/site-packages/airflow/example_dags/example_sla_dag.py for tasks to queue
[2024-11-18T14:52:35.696+0000] {logging_mixin.py:151} INFO - [2024-11-18T14:52:35.695+0000] {dagbag.py:536} INFO - Filling up the DagBag from /home/airflow/.local/lib/python3.8/site-packages/airflow/example_dags/example_sla_dag.py
[2024-11-18T14:52:35.709+0000] {processor.py:839} INFO - DAG(s) dict_keys(['example_sla_dag']) retrieved from /home/airflow/.local/lib/python3.8/site-packages/airflow/example_dags/example_sla_dag.py
[2024-11-18T14:52:35.737+0000] {logging_mixin.py:151} INFO - [2024-11-18T14:52:35.737+0000] {dag.py:2941} INFO - Sync 1 DAGs
[2024-11-18T14:52:35.777+0000] {logging_mixin.py:151} INFO - [2024-11-18T14:52:35.777+0000] {dag.py:3722} INFO - Setting next_dagrun for example_sla_dag to 2024-11-18T14:50:00+00:00, run_after=2024-11-18T14:52:00+00:00
[2024-11-18T14:52:35.804+0000] {processor.py:179} INFO - Processing /home/airflow/.local/lib/python3.8/site-packages/airflow/example_dags/example_sla_dag.py took 0.119 seconds
[2024-11-18T14:53:08.392+0000] {processor.py:157} INFO - Started process (PID=2050) to work on /home/airflow/.local/lib/python3.8/site-packages/airflow/example_dags/example_sla_dag.py
[2024-11-18T14:53:08.394+0000] {processor.py:829} INFO - Processing file /home/airflow/.local/lib/python3.8/site-packages/airflow/example_dags/example_sla_dag.py for tasks to queue
[2024-11-18T14:53:08.397+0000] {logging_mixin.py:151} INFO - [2024-11-18T14:53:08.397+0000] {dagbag.py:536} INFO - Filling up the DagBag from /home/airflow/.local/lib/python3.8/site-packages/airflow/example_dags/example_sla_dag.py
[2024-11-18T14:53:08.410+0000] {processor.py:839} INFO - DAG(s) dict_keys(['example_sla_dag']) retrieved from /home/airflow/.local/lib/python3.8/site-packages/airflow/example_dags/example_sla_dag.py
[2024-11-18T14:53:08.439+0000] {logging_mixin.py:151} INFO - [2024-11-18T14:53:08.438+0000] {dag.py:2941} INFO - Sync 1 DAGs
[2024-11-18T14:53:08.478+0000] {logging_mixin.py:151} INFO - [2024-11-18T14:53:08.478+0000] {dag.py:3722} INFO - Setting next_dagrun for example_sla_dag to 2024-11-18T14:50:00+00:00, run_after=2024-11-18T14:52:00+00:00
[2024-11-18T14:53:08.507+0000] {processor.py:179} INFO - Processing /home/airflow/.local/lib/python3.8/site-packages/airflow/example_dags/example_sla_dag.py took 0.119 seconds
[2024-11-18T14:53:42.391+0000] {processor.py:157} INFO - Started process (PID=2106) to work on /home/airflow/.local/lib/python3.8/site-packages/airflow/example_dags/example_sla_dag.py
[2024-11-18T14:53:42.392+0000] {processor.py:829} INFO - Processing file /home/airflow/.local/lib/python3.8/site-packages/airflow/example_dags/example_sla_dag.py for tasks to queue
[2024-11-18T14:53:42.396+0000] {logging_mixin.py:151} INFO - [2024-11-18T14:53:42.395+0000] {dagbag.py:536} INFO - Filling up the DagBag from /home/airflow/.local/lib/python3.8/site-packages/airflow/example_dags/example_sla_dag.py
[2024-11-18T14:53:42.411+0000] {processor.py:839} INFO - DAG(s) dict_keys(['example_sla_dag']) retrieved from /home/airflow/.local/lib/python3.8/site-packages/airflow/example_dags/example_sla_dag.py
[2024-11-18T14:53:42.443+0000] {logging_mixin.py:151} INFO - [2024-11-18T14:53:42.442+0000] {dag.py:2941} INFO - Sync 1 DAGs
[2024-11-18T14:53:42.486+0000] {logging_mixin.py:151} INFO - [2024-11-18T14:53:42.486+0000] {dag.py:3722} INFO - Setting next_dagrun for example_sla_dag to 2024-11-18T14:50:00+00:00, run_after=2024-11-18T14:52:00+00:00
[2024-11-18T14:53:42.521+0000] {processor.py:179} INFO - Processing /home/airflow/.local/lib/python3.8/site-packages/airflow/example_dags/example_sla_dag.py took 0.135 seconds
[2024-11-18T14:54:15.695+0000] {processor.py:157} INFO - Started process (PID=2161) to work on /home/airflow/.local/lib/python3.8/site-packages/airflow/example_dags/example_sla_dag.py
[2024-11-18T14:54:15.697+0000] {processor.py:829} INFO - Processing file /home/airflow/.local/lib/python3.8/site-packages/airflow/example_dags/example_sla_dag.py for tasks to queue
[2024-11-18T14:54:15.700+0000] {logging_mixin.py:151} INFO - [2024-11-18T14:54:15.700+0000] {dagbag.py:536} INFO - Filling up the DagBag from /home/airflow/.local/lib/python3.8/site-packages/airflow/example_dags/example_sla_dag.py
[2024-11-18T14:54:15.714+0000] {processor.py:839} INFO - DAG(s) dict_keys(['example_sla_dag']) retrieved from /home/airflow/.local/lib/python3.8/site-packages/airflow/example_dags/example_sla_dag.py
[2024-11-18T14:54:15.746+0000] {logging_mixin.py:151} INFO - [2024-11-18T14:54:15.745+0000] {dag.py:2941} INFO - Sync 1 DAGs
[2024-11-18T14:54:15.785+0000] {logging_mixin.py:151} INFO - [2024-11-18T14:54:15.785+0000] {dag.py:3722} INFO - Setting next_dagrun for example_sla_dag to 2024-11-18T14:52:00+00:00, run_after=2024-11-18T14:54:00+00:00
[2024-11-18T14:54:15.813+0000] {processor.py:179} INFO - Processing /home/airflow/.local/lib/python3.8/site-packages/airflow/example_dags/example_sla_dag.py took 0.123 seconds
[2024-11-18T14:54:49.145+0000] {processor.py:157} INFO - Started process (PID=2216) to work on /home/airflow/.local/lib/python3.8/site-packages/airflow/example_dags/example_sla_dag.py
[2024-11-18T14:54:49.147+0000] {processor.py:829} INFO - Processing file /home/airflow/.local/lib/python3.8/site-packages/airflow/example_dags/example_sla_dag.py for tasks to queue
[2024-11-18T14:54:49.151+0000] {logging_mixin.py:151} INFO - [2024-11-18T14:54:49.150+0000] {dagbag.py:536} INFO - Filling up the DagBag from /home/airflow/.local/lib/python3.8/site-packages/airflow/example_dags/example_sla_dag.py
[2024-11-18T14:54:49.166+0000] {processor.py:839} INFO - DAG(s) dict_keys(['example_sla_dag']) retrieved from /home/airflow/.local/lib/python3.8/site-packages/airflow/example_dags/example_sla_dag.py
[2024-11-18T14:54:49.195+0000] {logging_mixin.py:151} INFO - [2024-11-18T14:54:49.195+0000] {dag.py:2941} INFO - Sync 1 DAGs
[2024-11-18T14:54:49.235+0000] {logging_mixin.py:151} INFO - [2024-11-18T14:54:49.234+0000] {dag.py:3722} INFO - Setting next_dagrun for example_sla_dag to 2024-11-18T14:52:00+00:00, run_after=2024-11-18T14:54:00+00:00
[2024-11-18T14:54:49.262+0000] {processor.py:179} INFO - Processing /home/airflow/.local/lib/python3.8/site-packages/airflow/example_dags/example_sla_dag.py took 0.124 seconds
[2024-11-18T14:55:22.443+0000] {processor.py:157} INFO - Started process (PID=2271) to work on /home/airflow/.local/lib/python3.8/site-packages/airflow/example_dags/example_sla_dag.py
[2024-11-18T14:55:22.444+0000] {processor.py:829} INFO - Processing file /home/airflow/.local/lib/python3.8/site-packages/airflow/example_dags/example_sla_dag.py for tasks to queue
[2024-11-18T14:55:22.447+0000] {logging_mixin.py:151} INFO - [2024-11-18T14:55:22.447+0000] {dagbag.py:536} INFO - Filling up the DagBag from /home/airflow/.local/lib/python3.8/site-packages/airflow/example_dags/example_sla_dag.py
[2024-11-18T14:55:22.460+0000] {processor.py:839} INFO - DAG(s) dict_keys(['example_sla_dag']) retrieved from /home/airflow/.local/lib/python3.8/site-packages/airflow/example_dags/example_sla_dag.py
[2024-11-18T14:55:22.488+0000] {logging_mixin.py:151} INFO - [2024-11-18T14:55:22.488+0000] {dag.py:2941} INFO - Sync 1 DAGs
[2024-11-18T14:55:22.528+0000] {logging_mixin.py:151} INFO - [2024-11-18T14:55:22.528+0000] {dag.py:3722} INFO - Setting next_dagrun for example_sla_dag to 2024-11-18T14:52:00+00:00, run_after=2024-11-18T14:54:00+00:00
[2024-11-18T14:55:22.556+0000] {processor.py:179} INFO - Processing /home/airflow/.local/lib/python3.8/site-packages/airflow/example_dags/example_sla_dag.py took 0.118 seconds
[2024-11-18T14:55:55.815+0000] {processor.py:157} INFO - Started process (PID=2326) to work on /home/airflow/.local/lib/python3.8/site-packages/airflow/example_dags/example_sla_dag.py
[2024-11-18T14:55:55.816+0000] {processor.py:829} INFO - Processing file /home/airflow/.local/lib/python3.8/site-packages/airflow/example_dags/example_sla_dag.py for tasks to queue
[2024-11-18T14:55:55.820+0000] {logging_mixin.py:151} INFO - [2024-11-18T14:55:55.819+0000] {dagbag.py:536} INFO - Filling up the DagBag from /home/airflow/.local/lib/python3.8/site-packages/airflow/example_dags/example_sla_dag.py
[2024-11-18T14:55:55.835+0000] {processor.py:839} INFO - DAG(s) dict_keys(['example_sla_dag']) retrieved from /home/airflow/.local/lib/python3.8/site-packages/airflow/example_dags/example_sla_dag.py
[2024-11-18T14:55:55.865+0000] {logging_mixin.py:151} INFO - [2024-11-18T14:55:55.865+0000] {dag.py:2941} INFO - Sync 1 DAGs
[2024-11-18T14:55:55.904+0000] {logging_mixin.py:151} INFO - [2024-11-18T14:55:55.904+0000] {dag.py:3722} INFO - Setting next_dagrun for example_sla_dag to 2024-11-18T14:52:00+00:00, run_after=2024-11-18T14:54:00+00:00
[2024-11-18T14:55:55.930+0000] {processor.py:179} INFO - Processing /home/airflow/.local/lib/python3.8/site-packages/airflow/example_dags/example_sla_dag.py took 0.122 seconds
[2024-11-18T14:56:28.678+0000] {processor.py:157} INFO - Started process (PID=2381) to work on /home/airflow/.local/lib/python3.8/site-packages/airflow/example_dags/example_sla_dag.py
[2024-11-18T14:56:28.680+0000] {processor.py:829} INFO - Processing file /home/airflow/.local/lib/python3.8/site-packages/airflow/example_dags/example_sla_dag.py for tasks to queue
[2024-11-18T14:56:28.683+0000] {logging_mixin.py:151} INFO - [2024-11-18T14:56:28.683+0000] {dagbag.py:536} INFO - Filling up the DagBag from /home/airflow/.local/lib/python3.8/site-packages/airflow/example_dags/example_sla_dag.py
[2024-11-18T14:56:28.696+0000] {processor.py:839} INFO - DAG(s) dict_keys(['example_sla_dag']) retrieved from /home/airflow/.local/lib/python3.8/site-packages/airflow/example_dags/example_sla_dag.py
[2024-11-18T14:56:28.727+0000] {logging_mixin.py:151} INFO - [2024-11-18T14:56:28.726+0000] {dag.py:2941} INFO - Sync 1 DAGs
[2024-11-18T14:56:28.768+0000] {logging_mixin.py:151} INFO - [2024-11-18T14:56:28.768+0000] {dag.py:3722} INFO - Setting next_dagrun for example_sla_dag to 2024-11-18T14:54:00+00:00, run_after=2024-11-18T14:56:00+00:00
[2024-11-18T14:56:28.798+0000] {processor.py:179} INFO - Processing /home/airflow/.local/lib/python3.8/site-packages/airflow/example_dags/example_sla_dag.py took 0.125 seconds
[2024-11-18T14:57:02.307+0000] {processor.py:157} INFO - Started process (PID=2436) to work on /home/airflow/.local/lib/python3.8/site-packages/airflow/example_dags/example_sla_dag.py
[2024-11-18T14:57:02.309+0000] {processor.py:829} INFO - Processing file /home/airflow/.local/lib/python3.8/site-packages/airflow/example_dags/example_sla_dag.py for tasks to queue
[2024-11-18T14:57:02.314+0000] {logging_mixin.py:151} INFO - [2024-11-18T14:57:02.313+0000] {dagbag.py:536} INFO - Filling up the DagBag from /home/airflow/.local/lib/python3.8/site-packages/airflow/example_dags/example_sla_dag.py
[2024-11-18T14:57:02.330+0000] {processor.py:839} INFO - DAG(s) dict_keys(['example_sla_dag']) retrieved from /home/airflow/.local/lib/python3.8/site-packages/airflow/example_dags/example_sla_dag.py
[2024-11-18T14:57:02.369+0000] {logging_mixin.py:151} INFO - [2024-11-18T14:57:02.368+0000] {dag.py:2941} INFO - Sync 1 DAGs
[2024-11-18T14:57:02.420+0000] {logging_mixin.py:151} INFO - [2024-11-18T14:57:02.419+0000] {dag.py:3722} INFO - Setting next_dagrun for example_sla_dag to 2024-11-18T14:54:00+00:00, run_after=2024-11-18T14:56:00+00:00
[2024-11-18T14:57:02.462+0000] {processor.py:179} INFO - Processing /home/airflow/.local/lib/python3.8/site-packages/airflow/example_dags/example_sla_dag.py took 0.161 seconds
[2024-11-18T14:57:35.353+0000] {processor.py:157} INFO - Started process (PID=2491) to work on /home/airflow/.local/lib/python3.8/site-packages/airflow/example_dags/example_sla_dag.py
[2024-11-18T14:57:35.355+0000] {processor.py:829} INFO - Processing file /home/airflow/.local/lib/python3.8/site-packages/airflow/example_dags/example_sla_dag.py for tasks to queue
[2024-11-18T14:57:35.359+0000] {logging_mixin.py:151} INFO - [2024-11-18T14:57:35.359+0000] {dagbag.py:536} INFO - Filling up the DagBag from /home/airflow/.local/lib/python3.8/site-packages/airflow/example_dags/example_sla_dag.py
[2024-11-18T14:57:35.373+0000] {processor.py:839} INFO - DAG(s) dict_keys(['example_sla_dag']) retrieved from /home/airflow/.local/lib/python3.8/site-packages/airflow/example_dags/example_sla_dag.py
[2024-11-18T14:57:35.410+0000] {logging_mixin.py:151} INFO - [2024-11-18T14:57:35.409+0000] {dag.py:2941} INFO - Sync 1 DAGs
[2024-11-18T14:57:35.454+0000] {logging_mixin.py:151} INFO - [2024-11-18T14:57:35.453+0000] {dag.py:3722} INFO - Setting next_dagrun for example_sla_dag to 2024-11-18T14:54:00+00:00, run_after=2024-11-18T14:56:00+00:00
[2024-11-18T14:57:35.484+0000] {processor.py:179} INFO - Processing /home/airflow/.local/lib/python3.8/site-packages/airflow/example_dags/example_sla_dag.py took 0.135 seconds
[2024-11-18T14:58:09.113+0000] {processor.py:157} INFO - Started process (PID=2546) to work on /home/airflow/.local/lib/python3.8/site-packages/airflow/example_dags/example_sla_dag.py
[2024-11-18T14:58:09.114+0000] {processor.py:829} INFO - Processing file /home/airflow/.local/lib/python3.8/site-packages/airflow/example_dags/example_sla_dag.py for tasks to queue
[2024-11-18T14:58:09.117+0000] {logging_mixin.py:151} INFO - [2024-11-18T14:58:09.117+0000] {dagbag.py:536} INFO - Filling up the DagBag from /home/airflow/.local/lib/python3.8/site-packages/airflow/example_dags/example_sla_dag.py
[2024-11-18T14:58:09.130+0000] {processor.py:839} INFO - DAG(s) dict_keys(['example_sla_dag']) retrieved from /home/airflow/.local/lib/python3.8/site-packages/airflow/example_dags/example_sla_dag.py
[2024-11-18T14:58:09.162+0000] {logging_mixin.py:151} INFO - [2024-11-18T14:58:09.162+0000] {dag.py:2941} INFO - Sync 1 DAGs
[2024-11-18T14:58:09.201+0000] {logging_mixin.py:151} INFO - [2024-11-18T14:58:09.201+0000] {dag.py:3722} INFO - Setting next_dagrun for example_sla_dag to 2024-11-18T14:56:00+00:00, run_after=2024-11-18T14:58:00+00:00
[2024-11-18T14:58:09.228+0000] {processor.py:179} INFO - Processing /home/airflow/.local/lib/python3.8/site-packages/airflow/example_dags/example_sla_dag.py took 0.121 seconds
[2024-11-18T14:58:42.393+0000] {processor.py:157} INFO - Started process (PID=2601) to work on /home/airflow/.local/lib/python3.8/site-packages/airflow/example_dags/example_sla_dag.py
[2024-11-18T14:58:42.395+0000] {processor.py:829} INFO - Processing file /home/airflow/.local/lib/python3.8/site-packages/airflow/example_dags/example_sla_dag.py for tasks to queue
[2024-11-18T14:58:42.398+0000] {logging_mixin.py:151} INFO - [2024-11-18T14:58:42.398+0000] {dagbag.py:536} INFO - Filling up the DagBag from /home/airflow/.local/lib/python3.8/site-packages/airflow/example_dags/example_sla_dag.py
[2024-11-18T14:58:42.413+0000] {processor.py:839} INFO - DAG(s) dict_keys(['example_sla_dag']) retrieved from /home/airflow/.local/lib/python3.8/site-packages/airflow/example_dags/example_sla_dag.py
[2024-11-18T14:58:42.455+0000] {logging_mixin.py:151} INFO - [2024-11-18T14:58:42.454+0000] {dag.py:2941} INFO - Sync 1 DAGs
[2024-11-18T14:58:42.512+0000] {logging_mixin.py:151} INFO - [2024-11-18T14:58:42.511+0000] {dag.py:3722} INFO - Setting next_dagrun for example_sla_dag to 2024-11-18T14:56:00+00:00, run_after=2024-11-18T14:58:00+00:00
[2024-11-18T14:58:42.556+0000] {processor.py:179} INFO - Processing /home/airflow/.local/lib/python3.8/site-packages/airflow/example_dags/example_sla_dag.py took 0.170 seconds
