[2024-11-18T14:20:13.760+0000] {processor.py:157} INFO - Started process (PID=80) to work on /home/airflow/.local/lib/python3.8/site-packages/airflow/example_dags/example_trigger_target_dag.py
[2024-11-18T14:20:13.764+0000] {processor.py:829} INFO - Processing file /home/airflow/.local/lib/python3.8/site-packages/airflow/example_dags/example_trigger_target_dag.py for tasks to queue
[2024-11-18T14:20:13.770+0000] {logging_mixin.py:151} INFO - [2024-11-18T14:20:13.769+0000] {dagbag.py:536} INFO - Filling up the DagBag from /home/airflow/.local/lib/python3.8/site-packages/airflow/example_dags/example_trigger_target_dag.py
[2024-11-18T14:20:13.793+0000] {processor.py:839} INFO - DAG(s) dict_keys(['example_trigger_target_dag']) retrieved from /home/airflow/.local/lib/python3.8/site-packages/airflow/example_dags/example_trigger_target_dag.py
[2024-11-18T14:20:14.023+0000] {logging_mixin.py:151} INFO - [2024-11-18T14:20:14.023+0000] {manager.py:499} INFO - Created Permission View: %s
[2024-11-18T14:20:14.043+0000] {logging_mixin.py:151} INFO - [2024-11-18T14:20:14.042+0000] {manager.py:499} INFO - Created Permission View: %s
[2024-11-18T14:20:14.056+0000] {logging_mixin.py:151} INFO - [2024-11-18T14:20:14.056+0000] {manager.py:499} INFO - Created Permission View: %s
[2024-11-18T14:20:14.057+0000] {logging_mixin.py:151} INFO - [2024-11-18T14:20:14.057+0000] {dag.py:2941} INFO - Sync 1 DAGs
[2024-11-18T14:20:14.084+0000] {logging_mixin.py:151} INFO - [2024-11-18T14:20:14.083+0000] {dag.py:2963} INFO - Creating ORM DAG for example_trigger_target_dag
[2024-11-18T14:20:14.085+0000] {logging_mixin.py:151} INFO - [2024-11-18T14:20:14.085+0000] {dag.py:3722} INFO - Setting next_dagrun for example_trigger_target_dag to None, run_after=None
[2024-11-18T14:20:14.116+0000] {processor.py:179} INFO - Processing /home/airflow/.local/lib/python3.8/site-packages/airflow/example_dags/example_trigger_target_dag.py took 0.361 seconds
[2024-11-18T14:20:44.235+0000] {processor.py:157} INFO - Started process (PID=134) to work on /home/airflow/.local/lib/python3.8/site-packages/airflow/example_dags/example_trigger_target_dag.py
[2024-11-18T14:20:44.237+0000] {processor.py:829} INFO - Processing file /home/airflow/.local/lib/python3.8/site-packages/airflow/example_dags/example_trigger_target_dag.py for tasks to queue
[2024-11-18T14:20:44.240+0000] {logging_mixin.py:151} INFO - [2024-11-18T14:20:44.240+0000] {dagbag.py:536} INFO - Filling up the DagBag from /home/airflow/.local/lib/python3.8/site-packages/airflow/example_dags/example_trigger_target_dag.py
[2024-11-18T14:20:44.249+0000] {processor.py:839} INFO - DAG(s) dict_keys(['example_trigger_target_dag']) retrieved from /home/airflow/.local/lib/python3.8/site-packages/airflow/example_dags/example_trigger_target_dag.py
[2024-11-18T14:20:44.279+0000] {logging_mixin.py:151} INFO - [2024-11-18T14:20:44.278+0000] {dag.py:2941} INFO - Sync 1 DAGs
[2024-11-18T14:20:44.299+0000] {logging_mixin.py:151} INFO - [2024-11-18T14:20:44.298+0000] {dag.py:3722} INFO - Setting next_dagrun for example_trigger_target_dag to None, run_after=None
[2024-11-18T14:20:44.328+0000] {processor.py:179} INFO - Processing /home/airflow/.local/lib/python3.8/site-packages/airflow/example_dags/example_trigger_target_dag.py took 0.097 seconds
[2024-11-18T14:21:14.902+0000] {processor.py:157} INFO - Started process (PID=188) to work on /home/airflow/.local/lib/python3.8/site-packages/airflow/example_dags/example_trigger_target_dag.py
[2024-11-18T14:21:14.904+0000] {processor.py:829} INFO - Processing file /home/airflow/.local/lib/python3.8/site-packages/airflow/example_dags/example_trigger_target_dag.py for tasks to queue
[2024-11-18T14:21:14.907+0000] {logging_mixin.py:151} INFO - [2024-11-18T14:21:14.907+0000] {dagbag.py:536} INFO - Filling up the DagBag from /home/airflow/.local/lib/python3.8/site-packages/airflow/example_dags/example_trigger_target_dag.py
[2024-11-18T14:21:14.917+0000] {processor.py:839} INFO - DAG(s) dict_keys(['example_trigger_target_dag']) retrieved from /home/airflow/.local/lib/python3.8/site-packages/airflow/example_dags/example_trigger_target_dag.py
[2024-11-18T14:21:14.951+0000] {logging_mixin.py:151} INFO - [2024-11-18T14:21:14.950+0000] {dag.py:2941} INFO - Sync 1 DAGs
[2024-11-18T14:21:14.971+0000] {logging_mixin.py:151} INFO - [2024-11-18T14:21:14.971+0000] {dag.py:3722} INFO - Setting next_dagrun for example_trigger_target_dag to None, run_after=None
[2024-11-18T14:21:15.004+0000] {processor.py:179} INFO - Processing /home/airflow/.local/lib/python3.8/site-packages/airflow/example_dags/example_trigger_target_dag.py took 0.106 seconds
[2024-11-18T14:21:45.379+0000] {processor.py:157} INFO - Started process (PID=242) to work on /home/airflow/.local/lib/python3.8/site-packages/airflow/example_dags/example_trigger_target_dag.py
[2024-11-18T14:21:45.381+0000] {processor.py:829} INFO - Processing file /home/airflow/.local/lib/python3.8/site-packages/airflow/example_dags/example_trigger_target_dag.py for tasks to queue
[2024-11-18T14:21:45.385+0000] {logging_mixin.py:151} INFO - [2024-11-18T14:21:45.384+0000] {dagbag.py:536} INFO - Filling up the DagBag from /home/airflow/.local/lib/python3.8/site-packages/airflow/example_dags/example_trigger_target_dag.py
[2024-11-18T14:21:45.393+0000] {processor.py:839} INFO - DAG(s) dict_keys(['example_trigger_target_dag']) retrieved from /home/airflow/.local/lib/python3.8/site-packages/airflow/example_dags/example_trigger_target_dag.py
[2024-11-18T14:21:45.425+0000] {logging_mixin.py:151} INFO - [2024-11-18T14:21:45.425+0000] {dag.py:2941} INFO - Sync 1 DAGs
[2024-11-18T14:21:45.448+0000] {logging_mixin.py:151} INFO - [2024-11-18T14:21:45.448+0000] {dag.py:3722} INFO - Setting next_dagrun for example_trigger_target_dag to None, run_after=None
[2024-11-18T14:21:45.480+0000] {processor.py:179} INFO - Processing /home/airflow/.local/lib/python3.8/site-packages/airflow/example_dags/example_trigger_target_dag.py took 0.106 seconds
[2024-11-18T14:22:15.651+0000] {processor.py:157} INFO - Started process (PID=296) to work on /home/airflow/.local/lib/python3.8/site-packages/airflow/example_dags/example_trigger_target_dag.py
[2024-11-18T14:22:15.652+0000] {processor.py:829} INFO - Processing file /home/airflow/.local/lib/python3.8/site-packages/airflow/example_dags/example_trigger_target_dag.py for tasks to queue
[2024-11-18T14:22:15.655+0000] {logging_mixin.py:151} INFO - [2024-11-18T14:22:15.655+0000] {dagbag.py:536} INFO - Filling up the DagBag from /home/airflow/.local/lib/python3.8/site-packages/airflow/example_dags/example_trigger_target_dag.py
[2024-11-18T14:22:15.663+0000] {processor.py:839} INFO - DAG(s) dict_keys(['example_trigger_target_dag']) retrieved from /home/airflow/.local/lib/python3.8/site-packages/airflow/example_dags/example_trigger_target_dag.py
[2024-11-18T14:22:15.693+0000] {logging_mixin.py:151} INFO - [2024-11-18T14:22:15.692+0000] {dag.py:2941} INFO - Sync 1 DAGs
[2024-11-18T14:22:15.713+0000] {logging_mixin.py:151} INFO - [2024-11-18T14:22:15.713+0000] {dag.py:3722} INFO - Setting next_dagrun for example_trigger_target_dag to None, run_after=None
[2024-11-18T14:22:15.744+0000] {processor.py:179} INFO - Processing /home/airflow/.local/lib/python3.8/site-packages/airflow/example_dags/example_trigger_target_dag.py took 0.098 seconds
[2024-11-18T14:22:46.069+0000] {processor.py:157} INFO - Started process (PID=351) to work on /home/airflow/.local/lib/python3.8/site-packages/airflow/example_dags/example_trigger_target_dag.py
[2024-11-18T14:22:46.071+0000] {processor.py:829} INFO - Processing file /home/airflow/.local/lib/python3.8/site-packages/airflow/example_dags/example_trigger_target_dag.py for tasks to queue
[2024-11-18T14:22:46.074+0000] {logging_mixin.py:151} INFO - [2024-11-18T14:22:46.074+0000] {dagbag.py:536} INFO - Filling up the DagBag from /home/airflow/.local/lib/python3.8/site-packages/airflow/example_dags/example_trigger_target_dag.py
[2024-11-18T14:22:46.083+0000] {processor.py:839} INFO - DAG(s) dict_keys(['example_trigger_target_dag']) retrieved from /home/airflow/.local/lib/python3.8/site-packages/airflow/example_dags/example_trigger_target_dag.py
[2024-11-18T14:22:46.116+0000] {logging_mixin.py:151} INFO - [2024-11-18T14:22:46.116+0000] {dag.py:2941} INFO - Sync 1 DAGs
[2024-11-18T14:22:46.138+0000] {logging_mixin.py:151} INFO - [2024-11-18T14:22:46.138+0000] {dag.py:3722} INFO - Setting next_dagrun for example_trigger_target_dag to None, run_after=None
[2024-11-18T14:22:46.168+0000] {processor.py:179} INFO - Processing /home/airflow/.local/lib/python3.8/site-packages/airflow/example_dags/example_trigger_target_dag.py took 0.105 seconds
[2024-11-18T14:23:16.575+0000] {processor.py:157} INFO - Started process (PID=405) to work on /home/airflow/.local/lib/python3.8/site-packages/airflow/example_dags/example_trigger_target_dag.py
[2024-11-18T14:23:16.576+0000] {processor.py:829} INFO - Processing file /home/airflow/.local/lib/python3.8/site-packages/airflow/example_dags/example_trigger_target_dag.py for tasks to queue
[2024-11-18T14:23:16.579+0000] {logging_mixin.py:151} INFO - [2024-11-18T14:23:16.579+0000] {dagbag.py:536} INFO - Filling up the DagBag from /home/airflow/.local/lib/python3.8/site-packages/airflow/example_dags/example_trigger_target_dag.py
[2024-11-18T14:23:16.587+0000] {processor.py:839} INFO - DAG(s) dict_keys(['example_trigger_target_dag']) retrieved from /home/airflow/.local/lib/python3.8/site-packages/airflow/example_dags/example_trigger_target_dag.py
[2024-11-18T14:23:16.616+0000] {logging_mixin.py:151} INFO - [2024-11-18T14:23:16.615+0000] {dag.py:2941} INFO - Sync 1 DAGs
[2024-11-18T14:23:16.635+0000] {logging_mixin.py:151} INFO - [2024-11-18T14:23:16.635+0000] {dag.py:3722} INFO - Setting next_dagrun for example_trigger_target_dag to None, run_after=None
[2024-11-18T14:23:16.664+0000] {processor.py:179} INFO - Processing /home/airflow/.local/lib/python3.8/site-packages/airflow/example_dags/example_trigger_target_dag.py took 0.093 seconds
[2024-11-18T14:23:47.151+0000] {processor.py:157} INFO - Started process (PID=459) to work on /home/airflow/.local/lib/python3.8/site-packages/airflow/example_dags/example_trigger_target_dag.py
[2024-11-18T14:23:47.153+0000] {processor.py:829} INFO - Processing file /home/airflow/.local/lib/python3.8/site-packages/airflow/example_dags/example_trigger_target_dag.py for tasks to queue
[2024-11-18T14:23:47.157+0000] {logging_mixin.py:151} INFO - [2024-11-18T14:23:47.156+0000] {dagbag.py:536} INFO - Filling up the DagBag from /home/airflow/.local/lib/python3.8/site-packages/airflow/example_dags/example_trigger_target_dag.py
[2024-11-18T14:23:47.166+0000] {processor.py:839} INFO - DAG(s) dict_keys(['example_trigger_target_dag']) retrieved from /home/airflow/.local/lib/python3.8/site-packages/airflow/example_dags/example_trigger_target_dag.py
[2024-11-18T14:23:47.198+0000] {logging_mixin.py:151} INFO - [2024-11-18T14:23:47.198+0000] {dag.py:2941} INFO - Sync 1 DAGs
[2024-11-18T14:23:47.221+0000] {logging_mixin.py:151} INFO - [2024-11-18T14:23:47.220+0000] {dag.py:3722} INFO - Setting next_dagrun for example_trigger_target_dag to None, run_after=None
[2024-11-18T14:23:47.251+0000] {processor.py:179} INFO - Processing /home/airflow/.local/lib/python3.8/site-packages/airflow/example_dags/example_trigger_target_dag.py took 0.105 seconds
[2024-11-18T14:24:17.876+0000] {processor.py:157} INFO - Started process (PID=499) to work on /home/airflow/.local/lib/python3.8/site-packages/airflow/example_dags/example_trigger_target_dag.py
[2024-11-18T14:24:17.877+0000] {processor.py:829} INFO - Processing file /home/airflow/.local/lib/python3.8/site-packages/airflow/example_dags/example_trigger_target_dag.py for tasks to queue
[2024-11-18T14:24:17.880+0000] {logging_mixin.py:151} INFO - [2024-11-18T14:24:17.880+0000] {dagbag.py:536} INFO - Filling up the DagBag from /home/airflow/.local/lib/python3.8/site-packages/airflow/example_dags/example_trigger_target_dag.py
[2024-11-18T14:24:17.888+0000] {processor.py:839} INFO - DAG(s) dict_keys(['example_trigger_target_dag']) retrieved from /home/airflow/.local/lib/python3.8/site-packages/airflow/example_dags/example_trigger_target_dag.py
[2024-11-18T14:24:17.917+0000] {logging_mixin.py:151} INFO - [2024-11-18T14:24:17.916+0000] {dag.py:2941} INFO - Sync 1 DAGs
[2024-11-18T14:24:17.936+0000] {logging_mixin.py:151} INFO - [2024-11-18T14:24:17.936+0000] {dag.py:3722} INFO - Setting next_dagrun for example_trigger_target_dag to None, run_after=None
[2024-11-18T14:24:17.964+0000] {processor.py:179} INFO - Processing /home/airflow/.local/lib/python3.8/site-packages/airflow/example_dags/example_trigger_target_dag.py took 0.093 seconds
[2024-11-18T14:24:51.439+0000] {processor.py:157} INFO - Started process (PID=554) to work on /home/airflow/.local/lib/python3.8/site-packages/airflow/example_dags/example_trigger_target_dag.py
[2024-11-18T14:24:51.440+0000] {processor.py:829} INFO - Processing file /home/airflow/.local/lib/python3.8/site-packages/airflow/example_dags/example_trigger_target_dag.py for tasks to queue
[2024-11-18T14:24:51.444+0000] {logging_mixin.py:151} INFO - [2024-11-18T14:24:51.443+0000] {dagbag.py:536} INFO - Filling up the DagBag from /home/airflow/.local/lib/python3.8/site-packages/airflow/example_dags/example_trigger_target_dag.py
[2024-11-18T14:24:51.452+0000] {processor.py:839} INFO - DAG(s) dict_keys(['example_trigger_target_dag']) retrieved from /home/airflow/.local/lib/python3.8/site-packages/airflow/example_dags/example_trigger_target_dag.py
[2024-11-18T14:24:51.482+0000] {logging_mixin.py:151} INFO - [2024-11-18T14:24:51.482+0000] {dag.py:2941} INFO - Sync 1 DAGs
[2024-11-18T14:24:51.501+0000] {logging_mixin.py:151} INFO - [2024-11-18T14:24:51.501+0000] {dag.py:3722} INFO - Setting next_dagrun for example_trigger_target_dag to None, run_after=None
[2024-11-18T14:24:51.530+0000] {processor.py:179} INFO - Processing /home/airflow/.local/lib/python3.8/site-packages/airflow/example_dags/example_trigger_target_dag.py took 0.096 seconds
[2024-11-18T14:25:24.623+0000] {processor.py:157} INFO - Started process (PID=608) to work on /home/airflow/.local/lib/python3.8/site-packages/airflow/example_dags/example_trigger_target_dag.py
[2024-11-18T14:25:24.625+0000] {processor.py:829} INFO - Processing file /home/airflow/.local/lib/python3.8/site-packages/airflow/example_dags/example_trigger_target_dag.py for tasks to queue
[2024-11-18T14:25:24.628+0000] {logging_mixin.py:151} INFO - [2024-11-18T14:25:24.627+0000] {dagbag.py:536} INFO - Filling up the DagBag from /home/airflow/.local/lib/python3.8/site-packages/airflow/example_dags/example_trigger_target_dag.py
[2024-11-18T14:25:24.636+0000] {processor.py:839} INFO - DAG(s) dict_keys(['example_trigger_target_dag']) retrieved from /home/airflow/.local/lib/python3.8/site-packages/airflow/example_dags/example_trigger_target_dag.py
[2024-11-18T14:25:24.653+0000] {logging_mixin.py:151} INFO - [2024-11-18T14:25:24.653+0000] {dag.py:2941} INFO - Sync 1 DAGs
[2024-11-18T14:25:24.674+0000] {logging_mixin.py:151} INFO - [2024-11-18T14:25:24.674+0000] {dag.py:3722} INFO - Setting next_dagrun for example_trigger_target_dag to None, run_after=None
[2024-11-18T14:25:24.701+0000] {processor.py:179} INFO - Processing /home/airflow/.local/lib/python3.8/site-packages/airflow/example_dags/example_trigger_target_dag.py took 0.082 seconds
[2024-11-18T14:25:55.039+0000] {processor.py:157} INFO - Started process (PID=662) to work on /home/airflow/.local/lib/python3.8/site-packages/airflow/example_dags/example_trigger_target_dag.py
[2024-11-18T14:25:55.041+0000] {processor.py:829} INFO - Processing file /home/airflow/.local/lib/python3.8/site-packages/airflow/example_dags/example_trigger_target_dag.py for tasks to queue
[2024-11-18T14:25:55.047+0000] {logging_mixin.py:151} INFO - [2024-11-18T14:25:55.047+0000] {dagbag.py:536} INFO - Filling up the DagBag from /home/airflow/.local/lib/python3.8/site-packages/airflow/example_dags/example_trigger_target_dag.py
[2024-11-18T14:25:55.060+0000] {processor.py:839} INFO - DAG(s) dict_keys(['example_trigger_target_dag']) retrieved from /home/airflow/.local/lib/python3.8/site-packages/airflow/example_dags/example_trigger_target_dag.py
[2024-11-18T14:25:55.105+0000] {logging_mixin.py:151} INFO - [2024-11-18T14:25:55.104+0000] {dag.py:2941} INFO - Sync 1 DAGs
[2024-11-18T14:25:55.137+0000] {logging_mixin.py:151} INFO - [2024-11-18T14:25:55.137+0000] {dag.py:3722} INFO - Setting next_dagrun for example_trigger_target_dag to None, run_after=None
[2024-11-18T14:25:55.178+0000] {processor.py:179} INFO - Processing /home/airflow/.local/lib/python3.8/site-packages/airflow/example_dags/example_trigger_target_dag.py took 0.146 seconds
[2024-11-18T14:26:25.488+0000] {processor.py:157} INFO - Started process (PID=709) to work on /home/airflow/.local/lib/python3.8/site-packages/airflow/example_dags/example_trigger_target_dag.py
[2024-11-18T14:26:25.490+0000] {processor.py:829} INFO - Processing file /home/airflow/.local/lib/python3.8/site-packages/airflow/example_dags/example_trigger_target_dag.py for tasks to queue
[2024-11-18T14:26:25.494+0000] {logging_mixin.py:151} INFO - [2024-11-18T14:26:25.494+0000] {dagbag.py:536} INFO - Filling up the DagBag from /home/airflow/.local/lib/python3.8/site-packages/airflow/example_dags/example_trigger_target_dag.py
[2024-11-18T14:26:25.506+0000] {processor.py:839} INFO - DAG(s) dict_keys(['example_trigger_target_dag']) retrieved from /home/airflow/.local/lib/python3.8/site-packages/airflow/example_dags/example_trigger_target_dag.py
[2024-11-18T14:26:25.545+0000] {logging_mixin.py:151} INFO - [2024-11-18T14:26:25.545+0000] {dag.py:2941} INFO - Sync 1 DAGs
[2024-11-18T14:26:25.587+0000] {logging_mixin.py:151} INFO - [2024-11-18T14:26:25.586+0000] {dag.py:3722} INFO - Setting next_dagrun for example_trigger_target_dag to None, run_after=None
[2024-11-18T14:26:25.629+0000] {processor.py:179} INFO - Processing /home/airflow/.local/lib/python3.8/site-packages/airflow/example_dags/example_trigger_target_dag.py took 0.147 seconds
[2024-11-18T14:26:56.199+0000] {processor.py:157} INFO - Started process (PID=763) to work on /home/airflow/.local/lib/python3.8/site-packages/airflow/example_dags/example_trigger_target_dag.py
[2024-11-18T14:26:56.201+0000] {processor.py:829} INFO - Processing file /home/airflow/.local/lib/python3.8/site-packages/airflow/example_dags/example_trigger_target_dag.py for tasks to queue
[2024-11-18T14:26:56.204+0000] {logging_mixin.py:151} INFO - [2024-11-18T14:26:56.203+0000] {dagbag.py:536} INFO - Filling up the DagBag from /home/airflow/.local/lib/python3.8/site-packages/airflow/example_dags/example_trigger_target_dag.py
[2024-11-18T14:26:56.212+0000] {processor.py:839} INFO - DAG(s) dict_keys(['example_trigger_target_dag']) retrieved from /home/airflow/.local/lib/python3.8/site-packages/airflow/example_dags/example_trigger_target_dag.py
[2024-11-18T14:26:56.242+0000] {logging_mixin.py:151} INFO - [2024-11-18T14:26:56.241+0000] {dag.py:2941} INFO - Sync 1 DAGs
[2024-11-18T14:26:56.264+0000] {logging_mixin.py:151} INFO - [2024-11-18T14:26:56.263+0000] {dag.py:3722} INFO - Setting next_dagrun for example_trigger_target_dag to None, run_after=None
[2024-11-18T14:26:56.293+0000] {processor.py:179} INFO - Processing /home/airflow/.local/lib/python3.8/site-packages/airflow/example_dags/example_trigger_target_dag.py took 0.098 seconds
[2024-11-18T14:27:26.994+0000] {processor.py:157} INFO - Started process (PID=817) to work on /home/airflow/.local/lib/python3.8/site-packages/airflow/example_dags/example_trigger_target_dag.py
[2024-11-18T14:27:26.995+0000] {processor.py:829} INFO - Processing file /home/airflow/.local/lib/python3.8/site-packages/airflow/example_dags/example_trigger_target_dag.py for tasks to queue
[2024-11-18T14:27:26.998+0000] {logging_mixin.py:151} INFO - [2024-11-18T14:27:26.998+0000] {dagbag.py:536} INFO - Filling up the DagBag from /home/airflow/.local/lib/python3.8/site-packages/airflow/example_dags/example_trigger_target_dag.py
[2024-11-18T14:27:27.006+0000] {processor.py:839} INFO - DAG(s) dict_keys(['example_trigger_target_dag']) retrieved from /home/airflow/.local/lib/python3.8/site-packages/airflow/example_dags/example_trigger_target_dag.py
[2024-11-18T14:27:27.034+0000] {logging_mixin.py:151} INFO - [2024-11-18T14:27:27.034+0000] {dag.py:2941} INFO - Sync 1 DAGs
[2024-11-18T14:27:27.053+0000] {logging_mixin.py:151} INFO - [2024-11-18T14:27:27.052+0000] {dag.py:3722} INFO - Setting next_dagrun for example_trigger_target_dag to None, run_after=None
[2024-11-18T14:27:27.080+0000] {processor.py:179} INFO - Processing /home/airflow/.local/lib/python3.8/site-packages/airflow/example_dags/example_trigger_target_dag.py took 0.090 seconds
[2024-11-18T14:27:57.810+0000] {processor.py:157} INFO - Started process (PID=871) to work on /home/airflow/.local/lib/python3.8/site-packages/airflow/example_dags/example_trigger_target_dag.py
[2024-11-18T14:27:57.812+0000] {processor.py:829} INFO - Processing file /home/airflow/.local/lib/python3.8/site-packages/airflow/example_dags/example_trigger_target_dag.py for tasks to queue
[2024-11-18T14:27:57.815+0000] {logging_mixin.py:151} INFO - [2024-11-18T14:27:57.814+0000] {dagbag.py:536} INFO - Filling up the DagBag from /home/airflow/.local/lib/python3.8/site-packages/airflow/example_dags/example_trigger_target_dag.py
[2024-11-18T14:27:57.823+0000] {processor.py:839} INFO - DAG(s) dict_keys(['example_trigger_target_dag']) retrieved from /home/airflow/.local/lib/python3.8/site-packages/airflow/example_dags/example_trigger_target_dag.py
[2024-11-18T14:27:57.852+0000] {logging_mixin.py:151} INFO - [2024-11-18T14:27:57.851+0000] {dag.py:2941} INFO - Sync 1 DAGs
[2024-11-18T14:27:57.871+0000] {logging_mixin.py:151} INFO - [2024-11-18T14:27:57.870+0000] {dag.py:3722} INFO - Setting next_dagrun for example_trigger_target_dag to None, run_after=None
[2024-11-18T14:27:57.897+0000] {processor.py:179} INFO - Processing /home/airflow/.local/lib/python3.8/site-packages/airflow/example_dags/example_trigger_target_dag.py took 0.092 seconds
[2024-11-18T14:28:27.942+0000] {processor.py:157} INFO - Started process (PID=926) to work on /home/airflow/.local/lib/python3.8/site-packages/airflow/example_dags/example_trigger_target_dag.py
[2024-11-18T14:28:27.943+0000] {processor.py:829} INFO - Processing file /home/airflow/.local/lib/python3.8/site-packages/airflow/example_dags/example_trigger_target_dag.py for tasks to queue
[2024-11-18T14:28:27.946+0000] {logging_mixin.py:151} INFO - [2024-11-18T14:28:27.946+0000] {dagbag.py:536} INFO - Filling up the DagBag from /home/airflow/.local/lib/python3.8/site-packages/airflow/example_dags/example_trigger_target_dag.py
[2024-11-18T14:28:27.955+0000] {processor.py:839} INFO - DAG(s) dict_keys(['example_trigger_target_dag']) retrieved from /home/airflow/.local/lib/python3.8/site-packages/airflow/example_dags/example_trigger_target_dag.py
[2024-11-18T14:28:27.983+0000] {logging_mixin.py:151} INFO - [2024-11-18T14:28:27.982+0000] {dag.py:2941} INFO - Sync 1 DAGs
[2024-11-18T14:28:28.004+0000] {logging_mixin.py:151} INFO - [2024-11-18T14:28:28.003+0000] {dag.py:3722} INFO - Setting next_dagrun for example_trigger_target_dag to None, run_after=None
[2024-11-18T14:28:28.031+0000] {processor.py:179} INFO - Processing /home/airflow/.local/lib/python3.8/site-packages/airflow/example_dags/example_trigger_target_dag.py took 0.094 seconds
[2024-11-18T14:28:58.382+0000] {processor.py:157} INFO - Started process (PID=980) to work on /home/airflow/.local/lib/python3.8/site-packages/airflow/example_dags/example_trigger_target_dag.py
[2024-11-18T14:28:58.383+0000] {processor.py:829} INFO - Processing file /home/airflow/.local/lib/python3.8/site-packages/airflow/example_dags/example_trigger_target_dag.py for tasks to queue
[2024-11-18T14:28:58.386+0000] {logging_mixin.py:151} INFO - [2024-11-18T14:28:58.386+0000] {dagbag.py:536} INFO - Filling up the DagBag from /home/airflow/.local/lib/python3.8/site-packages/airflow/example_dags/example_trigger_target_dag.py
[2024-11-18T14:28:58.395+0000] {processor.py:839} INFO - DAG(s) dict_keys(['example_trigger_target_dag']) retrieved from /home/airflow/.local/lib/python3.8/site-packages/airflow/example_dags/example_trigger_target_dag.py
[2024-11-18T14:28:58.432+0000] {logging_mixin.py:151} INFO - [2024-11-18T14:28:58.432+0000] {dag.py:2941} INFO - Sync 1 DAGs
[2024-11-18T14:28:58.455+0000] {logging_mixin.py:151} INFO - [2024-11-18T14:28:58.454+0000] {dag.py:3722} INFO - Setting next_dagrun for example_trigger_target_dag to None, run_after=None
[2024-11-18T14:28:58.483+0000] {processor.py:179} INFO - Processing /home/airflow/.local/lib/python3.8/site-packages/airflow/example_dags/example_trigger_target_dag.py took 0.106 seconds
[2024-11-18T14:29:28.709+0000] {processor.py:157} INFO - Started process (PID=1034) to work on /home/airflow/.local/lib/python3.8/site-packages/airflow/example_dags/example_trigger_target_dag.py
[2024-11-18T14:29:28.711+0000] {processor.py:829} INFO - Processing file /home/airflow/.local/lib/python3.8/site-packages/airflow/example_dags/example_trigger_target_dag.py for tasks to queue
[2024-11-18T14:29:28.714+0000] {logging_mixin.py:151} INFO - [2024-11-18T14:29:28.713+0000] {dagbag.py:536} INFO - Filling up the DagBag from /home/airflow/.local/lib/python3.8/site-packages/airflow/example_dags/example_trigger_target_dag.py
[2024-11-18T14:29:28.722+0000] {processor.py:839} INFO - DAG(s) dict_keys(['example_trigger_target_dag']) retrieved from /home/airflow/.local/lib/python3.8/site-packages/airflow/example_dags/example_trigger_target_dag.py
[2024-11-18T14:29:28.751+0000] {logging_mixin.py:151} INFO - [2024-11-18T14:29:28.751+0000] {dag.py:2941} INFO - Sync 1 DAGs
[2024-11-18T14:29:28.771+0000] {logging_mixin.py:151} INFO - [2024-11-18T14:29:28.771+0000] {dag.py:3722} INFO - Setting next_dagrun for example_trigger_target_dag to None, run_after=None
[2024-11-18T14:29:28.799+0000] {processor.py:179} INFO - Processing /home/airflow/.local/lib/python3.8/site-packages/airflow/example_dags/example_trigger_target_dag.py took 0.094 seconds
[2024-11-18T14:29:59.186+0000] {processor.py:157} INFO - Started process (PID=1088) to work on /home/airflow/.local/lib/python3.8/site-packages/airflow/example_dags/example_trigger_target_dag.py
[2024-11-18T14:29:59.187+0000] {processor.py:829} INFO - Processing file /home/airflow/.local/lib/python3.8/site-packages/airflow/example_dags/example_trigger_target_dag.py for tasks to queue
[2024-11-18T14:29:59.190+0000] {logging_mixin.py:151} INFO - [2024-11-18T14:29:59.190+0000] {dagbag.py:536} INFO - Filling up the DagBag from /home/airflow/.local/lib/python3.8/site-packages/airflow/example_dags/example_trigger_target_dag.py
[2024-11-18T14:29:59.200+0000] {processor.py:839} INFO - DAG(s) dict_keys(['example_trigger_target_dag']) retrieved from /home/airflow/.local/lib/python3.8/site-packages/airflow/example_dags/example_trigger_target_dag.py
[2024-11-18T14:29:59.231+0000] {logging_mixin.py:151} INFO - [2024-11-18T14:29:59.230+0000] {dag.py:2941} INFO - Sync 1 DAGs
[2024-11-18T14:29:59.250+0000] {logging_mixin.py:151} INFO - [2024-11-18T14:29:59.250+0000] {dag.py:3722} INFO - Setting next_dagrun for example_trigger_target_dag to None, run_after=None
[2024-11-18T14:29:59.277+0000] {processor.py:179} INFO - Processing /home/airflow/.local/lib/python3.8/site-packages/airflow/example_dags/example_trigger_target_dag.py took 0.096 seconds
[2024-11-18T14:33:17.096+0000] {processor.py:157} INFO - Started process (PID=79) to work on /home/airflow/.local/lib/python3.8/site-packages/airflow/example_dags/example_trigger_target_dag.py
[2024-11-18T14:33:17.098+0000] {processor.py:829} INFO - Processing file /home/airflow/.local/lib/python3.8/site-packages/airflow/example_dags/example_trigger_target_dag.py for tasks to queue
[2024-11-18T14:33:17.101+0000] {logging_mixin.py:151} INFO - [2024-11-18T14:33:17.100+0000] {dagbag.py:536} INFO - Filling up the DagBag from /home/airflow/.local/lib/python3.8/site-packages/airflow/example_dags/example_trigger_target_dag.py
[2024-11-18T14:33:17.112+0000] {processor.py:839} INFO - DAG(s) dict_keys(['example_trigger_target_dag']) retrieved from /home/airflow/.local/lib/python3.8/site-packages/airflow/example_dags/example_trigger_target_dag.py
[2024-11-18T14:33:17.162+0000] {logging_mixin.py:151} INFO - [2024-11-18T14:33:17.161+0000] {dag.py:2941} INFO - Sync 1 DAGs
[2024-11-18T14:33:17.185+0000] {logging_mixin.py:151} INFO - [2024-11-18T14:33:17.185+0000] {dag.py:3722} INFO - Setting next_dagrun for example_trigger_target_dag to None, run_after=None
[2024-11-18T14:33:17.219+0000] {processor.py:179} INFO - Processing /home/airflow/.local/lib/python3.8/site-packages/airflow/example_dags/example_trigger_target_dag.py took 0.127 seconds
[2024-11-18T14:33:47.724+0000] {processor.py:157} INFO - Started process (PID=133) to work on /home/airflow/.local/lib/python3.8/site-packages/airflow/example_dags/example_trigger_target_dag.py
[2024-11-18T14:33:47.725+0000] {processor.py:829} INFO - Processing file /home/airflow/.local/lib/python3.8/site-packages/airflow/example_dags/example_trigger_target_dag.py for tasks to queue
[2024-11-18T14:33:47.729+0000] {logging_mixin.py:151} INFO - [2024-11-18T14:33:47.729+0000] {dagbag.py:536} INFO - Filling up the DagBag from /home/airflow/.local/lib/python3.8/site-packages/airflow/example_dags/example_trigger_target_dag.py
[2024-11-18T14:33:47.740+0000] {processor.py:839} INFO - DAG(s) dict_keys(['example_trigger_target_dag']) retrieved from /home/airflow/.local/lib/python3.8/site-packages/airflow/example_dags/example_trigger_target_dag.py
[2024-11-18T14:33:47.777+0000] {logging_mixin.py:151} INFO - [2024-11-18T14:33:47.777+0000] {dag.py:2941} INFO - Sync 1 DAGs
[2024-11-18T14:33:47.802+0000] {logging_mixin.py:151} INFO - [2024-11-18T14:33:47.801+0000] {dag.py:3722} INFO - Setting next_dagrun for example_trigger_target_dag to None, run_after=None
[2024-11-18T14:33:47.834+0000] {processor.py:179} INFO - Processing /home/airflow/.local/lib/python3.8/site-packages/airflow/example_dags/example_trigger_target_dag.py took 0.116 seconds
[2024-11-18T14:34:18.353+0000] {processor.py:157} INFO - Started process (PID=187) to work on /home/airflow/.local/lib/python3.8/site-packages/airflow/example_dags/example_trigger_target_dag.py
[2024-11-18T14:34:18.355+0000] {processor.py:829} INFO - Processing file /home/airflow/.local/lib/python3.8/site-packages/airflow/example_dags/example_trigger_target_dag.py for tasks to queue
[2024-11-18T14:34:18.358+0000] {logging_mixin.py:151} INFO - [2024-11-18T14:34:18.357+0000] {dagbag.py:536} INFO - Filling up the DagBag from /home/airflow/.local/lib/python3.8/site-packages/airflow/example_dags/example_trigger_target_dag.py
[2024-11-18T14:34:18.366+0000] {processor.py:839} INFO - DAG(s) dict_keys(['example_trigger_target_dag']) retrieved from /home/airflow/.local/lib/python3.8/site-packages/airflow/example_dags/example_trigger_target_dag.py
[2024-11-18T14:34:18.394+0000] {logging_mixin.py:151} INFO - [2024-11-18T14:34:18.394+0000] {dag.py:2941} INFO - Sync 1 DAGs
[2024-11-18T14:34:18.413+0000] {logging_mixin.py:151} INFO - [2024-11-18T14:34:18.413+0000] {dag.py:3722} INFO - Setting next_dagrun for example_trigger_target_dag to None, run_after=None
[2024-11-18T14:34:18.439+0000] {processor.py:179} INFO - Processing /home/airflow/.local/lib/python3.8/site-packages/airflow/example_dags/example_trigger_target_dag.py took 0.091 seconds
[2024-11-18T14:34:48.722+0000] {processor.py:157} INFO - Started process (PID=241) to work on /home/airflow/.local/lib/python3.8/site-packages/airflow/example_dags/example_trigger_target_dag.py
[2024-11-18T14:34:48.724+0000] {processor.py:829} INFO - Processing file /home/airflow/.local/lib/python3.8/site-packages/airflow/example_dags/example_trigger_target_dag.py for tasks to queue
[2024-11-18T14:34:48.727+0000] {logging_mixin.py:151} INFO - [2024-11-18T14:34:48.727+0000] {dagbag.py:536} INFO - Filling up the DagBag from /home/airflow/.local/lib/python3.8/site-packages/airflow/example_dags/example_trigger_target_dag.py
[2024-11-18T14:34:48.735+0000] {processor.py:839} INFO - DAG(s) dict_keys(['example_trigger_target_dag']) retrieved from /home/airflow/.local/lib/python3.8/site-packages/airflow/example_dags/example_trigger_target_dag.py
[2024-11-18T14:34:48.765+0000] {logging_mixin.py:151} INFO - [2024-11-18T14:34:48.764+0000] {dag.py:2941} INFO - Sync 1 DAGs
[2024-11-18T14:34:48.784+0000] {logging_mixin.py:151} INFO - [2024-11-18T14:34:48.784+0000] {dag.py:3722} INFO - Setting next_dagrun for example_trigger_target_dag to None, run_after=None
[2024-11-18T14:34:48.811+0000] {processor.py:179} INFO - Processing /home/airflow/.local/lib/python3.8/site-packages/airflow/example_dags/example_trigger_target_dag.py took 0.093 seconds
[2024-11-18T14:35:21.375+0000] {processor.py:157} INFO - Started process (PID=295) to work on /home/airflow/.local/lib/python3.8/site-packages/airflow/example_dags/example_trigger_target_dag.py
[2024-11-18T14:35:21.376+0000] {processor.py:829} INFO - Processing file /home/airflow/.local/lib/python3.8/site-packages/airflow/example_dags/example_trigger_target_dag.py for tasks to queue
[2024-11-18T14:35:21.380+0000] {logging_mixin.py:151} INFO - [2024-11-18T14:35:21.379+0000] {dagbag.py:536} INFO - Filling up the DagBag from /home/airflow/.local/lib/python3.8/site-packages/airflow/example_dags/example_trigger_target_dag.py
[2024-11-18T14:35:21.389+0000] {processor.py:839} INFO - DAG(s) dict_keys(['example_trigger_target_dag']) retrieved from /home/airflow/.local/lib/python3.8/site-packages/airflow/example_dags/example_trigger_target_dag.py
[2024-11-18T14:35:21.420+0000] {logging_mixin.py:151} INFO - [2024-11-18T14:35:21.419+0000] {dag.py:2941} INFO - Sync 1 DAGs
[2024-11-18T14:35:21.440+0000] {logging_mixin.py:151} INFO - [2024-11-18T14:35:21.440+0000] {dag.py:3722} INFO - Setting next_dagrun for example_trigger_target_dag to None, run_after=None
[2024-11-18T14:35:21.468+0000] {processor.py:179} INFO - Processing /home/airflow/.local/lib/python3.8/site-packages/airflow/example_dags/example_trigger_target_dag.py took 0.098 seconds
[2024-11-18T14:35:54.824+0000] {processor.py:157} INFO - Started process (PID=349) to work on /home/airflow/.local/lib/python3.8/site-packages/airflow/example_dags/example_trigger_target_dag.py
[2024-11-18T14:35:54.825+0000] {processor.py:829} INFO - Processing file /home/airflow/.local/lib/python3.8/site-packages/airflow/example_dags/example_trigger_target_dag.py for tasks to queue
[2024-11-18T14:35:54.828+0000] {logging_mixin.py:151} INFO - [2024-11-18T14:35:54.828+0000] {dagbag.py:536} INFO - Filling up the DagBag from /home/airflow/.local/lib/python3.8/site-packages/airflow/example_dags/example_trigger_target_dag.py
[2024-11-18T14:35:54.837+0000] {processor.py:839} INFO - DAG(s) dict_keys(['example_trigger_target_dag']) retrieved from /home/airflow/.local/lib/python3.8/site-packages/airflow/example_dags/example_trigger_target_dag.py
[2024-11-18T14:35:54.867+0000] {logging_mixin.py:151} INFO - [2024-11-18T14:35:54.866+0000] {dag.py:2941} INFO - Sync 1 DAGs
[2024-11-18T14:35:54.886+0000] {logging_mixin.py:151} INFO - [2024-11-18T14:35:54.886+0000] {dag.py:3722} INFO - Setting next_dagrun for example_trigger_target_dag to None, run_after=None
[2024-11-18T14:35:54.916+0000] {processor.py:179} INFO - Processing /home/airflow/.local/lib/python3.8/site-packages/airflow/example_dags/example_trigger_target_dag.py took 0.098 seconds
[2024-11-18T14:36:28.703+0000] {processor.py:157} INFO - Started process (PID=403) to work on /home/airflow/.local/lib/python3.8/site-packages/airflow/example_dags/example_trigger_target_dag.py
[2024-11-18T14:36:28.704+0000] {processor.py:829} INFO - Processing file /home/airflow/.local/lib/python3.8/site-packages/airflow/example_dags/example_trigger_target_dag.py for tasks to queue
[2024-11-18T14:36:28.708+0000] {logging_mixin.py:151} INFO - [2024-11-18T14:36:28.708+0000] {dagbag.py:536} INFO - Filling up the DagBag from /home/airflow/.local/lib/python3.8/site-packages/airflow/example_dags/example_trigger_target_dag.py
[2024-11-18T14:36:28.718+0000] {processor.py:839} INFO - DAG(s) dict_keys(['example_trigger_target_dag']) retrieved from /home/airflow/.local/lib/python3.8/site-packages/airflow/example_dags/example_trigger_target_dag.py
[2024-11-18T14:36:28.751+0000] {logging_mixin.py:151} INFO - [2024-11-18T14:36:28.751+0000] {dag.py:2941} INFO - Sync 1 DAGs
[2024-11-18T14:36:28.773+0000] {logging_mixin.py:151} INFO - [2024-11-18T14:36:28.772+0000] {dag.py:3722} INFO - Setting next_dagrun for example_trigger_target_dag to None, run_after=None
[2024-11-18T14:36:28.803+0000] {processor.py:179} INFO - Processing /home/airflow/.local/lib/python3.8/site-packages/airflow/example_dags/example_trigger_target_dag.py took 0.106 seconds
[2024-11-18T14:37:01.651+0000] {processor.py:157} INFO - Started process (PID=457) to work on /home/airflow/.local/lib/python3.8/site-packages/airflow/example_dags/example_trigger_target_dag.py
[2024-11-18T14:37:01.653+0000] {processor.py:829} INFO - Processing file /home/airflow/.local/lib/python3.8/site-packages/airflow/example_dags/example_trigger_target_dag.py for tasks to queue
[2024-11-18T14:37:01.656+0000] {logging_mixin.py:151} INFO - [2024-11-18T14:37:01.655+0000] {dagbag.py:536} INFO - Filling up the DagBag from /home/airflow/.local/lib/python3.8/site-packages/airflow/example_dags/example_trigger_target_dag.py
[2024-11-18T14:37:01.664+0000] {processor.py:839} INFO - DAG(s) dict_keys(['example_trigger_target_dag']) retrieved from /home/airflow/.local/lib/python3.8/site-packages/airflow/example_dags/example_trigger_target_dag.py
[2024-11-18T14:37:01.691+0000] {logging_mixin.py:151} INFO - [2024-11-18T14:37:01.691+0000] {dag.py:2941} INFO - Sync 1 DAGs
[2024-11-18T14:37:01.710+0000] {logging_mixin.py:151} INFO - [2024-11-18T14:37:01.710+0000] {dag.py:3722} INFO - Setting next_dagrun for example_trigger_target_dag to None, run_after=None
[2024-11-18T14:37:01.737+0000] {processor.py:179} INFO - Processing /home/airflow/.local/lib/python3.8/site-packages/airflow/example_dags/example_trigger_target_dag.py took 0.092 seconds
[2024-11-18T14:37:34.854+0000] {processor.py:157} INFO - Started process (PID=511) to work on /home/airflow/.local/lib/python3.8/site-packages/airflow/example_dags/example_trigger_target_dag.py
[2024-11-18T14:37:34.856+0000] {processor.py:829} INFO - Processing file /home/airflow/.local/lib/python3.8/site-packages/airflow/example_dags/example_trigger_target_dag.py for tasks to queue
[2024-11-18T14:37:34.859+0000] {logging_mixin.py:151} INFO - [2024-11-18T14:37:34.858+0000] {dagbag.py:536} INFO - Filling up the DagBag from /home/airflow/.local/lib/python3.8/site-packages/airflow/example_dags/example_trigger_target_dag.py
[2024-11-18T14:37:34.867+0000] {processor.py:839} INFO - DAG(s) dict_keys(['example_trigger_target_dag']) retrieved from /home/airflow/.local/lib/python3.8/site-packages/airflow/example_dags/example_trigger_target_dag.py
[2024-11-18T14:37:34.896+0000] {logging_mixin.py:151} INFO - [2024-11-18T14:37:34.895+0000] {dag.py:2941} INFO - Sync 1 DAGs
[2024-11-18T14:37:34.915+0000] {logging_mixin.py:151} INFO - [2024-11-18T14:37:34.915+0000] {dag.py:3722} INFO - Setting next_dagrun for example_trigger_target_dag to None, run_after=None
[2024-11-18T14:37:34.942+0000] {processor.py:179} INFO - Processing /home/airflow/.local/lib/python3.8/site-packages/airflow/example_dags/example_trigger_target_dag.py took 0.092 seconds
[2024-11-18T14:38:08.013+0000] {processor.py:157} INFO - Started process (PID=565) to work on /home/airflow/.local/lib/python3.8/site-packages/airflow/example_dags/example_trigger_target_dag.py
[2024-11-18T14:38:08.015+0000] {processor.py:829} INFO - Processing file /home/airflow/.local/lib/python3.8/site-packages/airflow/example_dags/example_trigger_target_dag.py for tasks to queue
[2024-11-18T14:38:08.018+0000] {logging_mixin.py:151} INFO - [2024-11-18T14:38:08.017+0000] {dagbag.py:536} INFO - Filling up the DagBag from /home/airflow/.local/lib/python3.8/site-packages/airflow/example_dags/example_trigger_target_dag.py
[2024-11-18T14:38:08.026+0000] {processor.py:839} INFO - DAG(s) dict_keys(['example_trigger_target_dag']) retrieved from /home/airflow/.local/lib/python3.8/site-packages/airflow/example_dags/example_trigger_target_dag.py
[2024-11-18T14:38:08.057+0000] {logging_mixin.py:151} INFO - [2024-11-18T14:38:08.056+0000] {dag.py:2941} INFO - Sync 1 DAGs
[2024-11-18T14:38:08.078+0000] {logging_mixin.py:151} INFO - [2024-11-18T14:38:08.077+0000] {dag.py:3722} INFO - Setting next_dagrun for example_trigger_target_dag to None, run_after=None
[2024-11-18T14:38:08.109+0000] {processor.py:179} INFO - Processing /home/airflow/.local/lib/python3.8/site-packages/airflow/example_dags/example_trigger_target_dag.py took 0.101 seconds
[2024-11-18T14:38:41.425+0000] {processor.py:157} INFO - Started process (PID=619) to work on /home/airflow/.local/lib/python3.8/site-packages/airflow/example_dags/example_trigger_target_dag.py
[2024-11-18T14:38:41.426+0000] {processor.py:829} INFO - Processing file /home/airflow/.local/lib/python3.8/site-packages/airflow/example_dags/example_trigger_target_dag.py for tasks to queue
[2024-11-18T14:38:41.429+0000] {logging_mixin.py:151} INFO - [2024-11-18T14:38:41.428+0000] {dagbag.py:536} INFO - Filling up the DagBag from /home/airflow/.local/lib/python3.8/site-packages/airflow/example_dags/example_trigger_target_dag.py
[2024-11-18T14:38:41.437+0000] {processor.py:839} INFO - DAG(s) dict_keys(['example_trigger_target_dag']) retrieved from /home/airflow/.local/lib/python3.8/site-packages/airflow/example_dags/example_trigger_target_dag.py
[2024-11-18T14:38:41.465+0000] {logging_mixin.py:151} INFO - [2024-11-18T14:38:41.465+0000] {dag.py:2941} INFO - Sync 1 DAGs
[2024-11-18T14:38:41.484+0000] {logging_mixin.py:151} INFO - [2024-11-18T14:38:41.484+0000] {dag.py:3722} INFO - Setting next_dagrun for example_trigger_target_dag to None, run_after=None
[2024-11-18T14:38:41.511+0000] {processor.py:179} INFO - Processing /home/airflow/.local/lib/python3.8/site-packages/airflow/example_dags/example_trigger_target_dag.py took 0.091 seconds
[2024-11-18T14:39:15.103+0000] {processor.py:157} INFO - Started process (PID=673) to work on /home/airflow/.local/lib/python3.8/site-packages/airflow/example_dags/example_trigger_target_dag.py
[2024-11-18T14:39:15.104+0000] {processor.py:829} INFO - Processing file /home/airflow/.local/lib/python3.8/site-packages/airflow/example_dags/example_trigger_target_dag.py for tasks to queue
[2024-11-18T14:39:15.108+0000] {logging_mixin.py:151} INFO - [2024-11-18T14:39:15.107+0000] {dagbag.py:536} INFO - Filling up the DagBag from /home/airflow/.local/lib/python3.8/site-packages/airflow/example_dags/example_trigger_target_dag.py
[2024-11-18T14:39:15.116+0000] {processor.py:839} INFO - DAG(s) dict_keys(['example_trigger_target_dag']) retrieved from /home/airflow/.local/lib/python3.8/site-packages/airflow/example_dags/example_trigger_target_dag.py
[2024-11-18T14:39:15.144+0000] {logging_mixin.py:151} INFO - [2024-11-18T14:39:15.144+0000] {dag.py:2941} INFO - Sync 1 DAGs
[2024-11-18T14:39:15.164+0000] {logging_mixin.py:151} INFO - [2024-11-18T14:39:15.164+0000] {dag.py:3722} INFO - Setting next_dagrun for example_trigger_target_dag to None, run_after=None
[2024-11-18T14:39:15.191+0000] {processor.py:179} INFO - Processing /home/airflow/.local/lib/python3.8/site-packages/airflow/example_dags/example_trigger_target_dag.py took 0.093 seconds
[2024-11-18T14:39:48.398+0000] {processor.py:157} INFO - Started process (PID=727) to work on /home/airflow/.local/lib/python3.8/site-packages/airflow/example_dags/example_trigger_target_dag.py
[2024-11-18T14:39:48.399+0000] {processor.py:829} INFO - Processing file /home/airflow/.local/lib/python3.8/site-packages/airflow/example_dags/example_trigger_target_dag.py for tasks to queue
[2024-11-18T14:39:48.402+0000] {logging_mixin.py:151} INFO - [2024-11-18T14:39:48.402+0000] {dagbag.py:536} INFO - Filling up the DagBag from /home/airflow/.local/lib/python3.8/site-packages/airflow/example_dags/example_trigger_target_dag.py
[2024-11-18T14:39:48.411+0000] {processor.py:839} INFO - DAG(s) dict_keys(['example_trigger_target_dag']) retrieved from /home/airflow/.local/lib/python3.8/site-packages/airflow/example_dags/example_trigger_target_dag.py
[2024-11-18T14:39:48.443+0000] {logging_mixin.py:151} INFO - [2024-11-18T14:39:48.442+0000] {dag.py:2941} INFO - Sync 1 DAGs
[2024-11-18T14:39:48.463+0000] {logging_mixin.py:151} INFO - [2024-11-18T14:39:48.463+0000] {dag.py:3722} INFO - Setting next_dagrun for example_trigger_target_dag to None, run_after=None
[2024-11-18T14:39:48.491+0000] {processor.py:179} INFO - Processing /home/airflow/.local/lib/python3.8/site-packages/airflow/example_dags/example_trigger_target_dag.py took 0.098 seconds
[2024-11-18T14:40:21.550+0000] {processor.py:157} INFO - Started process (PID=781) to work on /home/airflow/.local/lib/python3.8/site-packages/airflow/example_dags/example_trigger_target_dag.py
[2024-11-18T14:40:21.552+0000] {processor.py:829} INFO - Processing file /home/airflow/.local/lib/python3.8/site-packages/airflow/example_dags/example_trigger_target_dag.py for tasks to queue
[2024-11-18T14:40:21.555+0000] {logging_mixin.py:151} INFO - [2024-11-18T14:40:21.554+0000] {dagbag.py:536} INFO - Filling up the DagBag from /home/airflow/.local/lib/python3.8/site-packages/airflow/example_dags/example_trigger_target_dag.py
[2024-11-18T14:40:21.563+0000] {processor.py:839} INFO - DAG(s) dict_keys(['example_trigger_target_dag']) retrieved from /home/airflow/.local/lib/python3.8/site-packages/airflow/example_dags/example_trigger_target_dag.py
[2024-11-18T14:40:21.594+0000] {logging_mixin.py:151} INFO - [2024-11-18T14:40:21.593+0000] {dag.py:2941} INFO - Sync 1 DAGs
[2024-11-18T14:40:21.614+0000] {logging_mixin.py:151} INFO - [2024-11-18T14:40:21.614+0000] {dag.py:3722} INFO - Setting next_dagrun for example_trigger_target_dag to None, run_after=None
[2024-11-18T14:40:21.644+0000] {processor.py:179} INFO - Processing /home/airflow/.local/lib/python3.8/site-packages/airflow/example_dags/example_trigger_target_dag.py took 0.098 seconds
[2024-11-18T14:40:54.934+0000] {processor.py:157} INFO - Started process (PID=835) to work on /home/airflow/.local/lib/python3.8/site-packages/airflow/example_dags/example_trigger_target_dag.py
[2024-11-18T14:40:54.936+0000] {processor.py:829} INFO - Processing file /home/airflow/.local/lib/python3.8/site-packages/airflow/example_dags/example_trigger_target_dag.py for tasks to queue
[2024-11-18T14:40:54.939+0000] {logging_mixin.py:151} INFO - [2024-11-18T14:40:54.938+0000] {dagbag.py:536} INFO - Filling up the DagBag from /home/airflow/.local/lib/python3.8/site-packages/airflow/example_dags/example_trigger_target_dag.py
[2024-11-18T14:40:54.947+0000] {processor.py:839} INFO - DAG(s) dict_keys(['example_trigger_target_dag']) retrieved from /home/airflow/.local/lib/python3.8/site-packages/airflow/example_dags/example_trigger_target_dag.py
[2024-11-18T14:40:54.975+0000] {logging_mixin.py:151} INFO - [2024-11-18T14:40:54.975+0000] {dag.py:2941} INFO - Sync 1 DAGs
[2024-11-18T14:40:54.994+0000] {logging_mixin.py:151} INFO - [2024-11-18T14:40:54.994+0000] {dag.py:3722} INFO - Setting next_dagrun for example_trigger_target_dag to None, run_after=None
[2024-11-18T14:40:55.024+0000] {processor.py:179} INFO - Processing /home/airflow/.local/lib/python3.8/site-packages/airflow/example_dags/example_trigger_target_dag.py took 0.095 seconds
[2024-11-18T14:41:28.219+0000] {processor.py:157} INFO - Started process (PID=889) to work on /home/airflow/.local/lib/python3.8/site-packages/airflow/example_dags/example_trigger_target_dag.py
[2024-11-18T14:41:28.221+0000] {processor.py:829} INFO - Processing file /home/airflow/.local/lib/python3.8/site-packages/airflow/example_dags/example_trigger_target_dag.py for tasks to queue
[2024-11-18T14:41:28.224+0000] {logging_mixin.py:151} INFO - [2024-11-18T14:41:28.223+0000] {dagbag.py:536} INFO - Filling up the DagBag from /home/airflow/.local/lib/python3.8/site-packages/airflow/example_dags/example_trigger_target_dag.py
[2024-11-18T14:41:28.232+0000] {processor.py:839} INFO - DAG(s) dict_keys(['example_trigger_target_dag']) retrieved from /home/airflow/.local/lib/python3.8/site-packages/airflow/example_dags/example_trigger_target_dag.py
[2024-11-18T14:41:28.262+0000] {logging_mixin.py:151} INFO - [2024-11-18T14:41:28.262+0000] {dag.py:2941} INFO - Sync 1 DAGs
[2024-11-18T14:41:28.281+0000] {logging_mixin.py:151} INFO - [2024-11-18T14:41:28.281+0000] {dag.py:3722} INFO - Setting next_dagrun for example_trigger_target_dag to None, run_after=None
[2024-11-18T14:41:28.308+0000] {processor.py:179} INFO - Processing /home/airflow/.local/lib/python3.8/site-packages/airflow/example_dags/example_trigger_target_dag.py took 0.094 seconds
[2024-11-18T14:42:01.517+0000] {processor.py:157} INFO - Started process (PID=943) to work on /home/airflow/.local/lib/python3.8/site-packages/airflow/example_dags/example_trigger_target_dag.py
[2024-11-18T14:42:01.519+0000] {processor.py:829} INFO - Processing file /home/airflow/.local/lib/python3.8/site-packages/airflow/example_dags/example_trigger_target_dag.py for tasks to queue
[2024-11-18T14:42:01.523+0000] {logging_mixin.py:151} INFO - [2024-11-18T14:42:01.522+0000] {dagbag.py:536} INFO - Filling up the DagBag from /home/airflow/.local/lib/python3.8/site-packages/airflow/example_dags/example_trigger_target_dag.py
[2024-11-18T14:42:01.534+0000] {processor.py:839} INFO - DAG(s) dict_keys(['example_trigger_target_dag']) retrieved from /home/airflow/.local/lib/python3.8/site-packages/airflow/example_dags/example_trigger_target_dag.py
[2024-11-18T14:42:01.563+0000] {logging_mixin.py:151} INFO - [2024-11-18T14:42:01.563+0000] {dag.py:2941} INFO - Sync 1 DAGs
[2024-11-18T14:42:01.583+0000] {logging_mixin.py:151} INFO - [2024-11-18T14:42:01.582+0000] {dag.py:3722} INFO - Setting next_dagrun for example_trigger_target_dag to None, run_after=None
[2024-11-18T14:42:01.611+0000] {processor.py:179} INFO - Processing /home/airflow/.local/lib/python3.8/site-packages/airflow/example_dags/example_trigger_target_dag.py took 0.099 seconds
[2024-11-18T14:42:34.878+0000] {processor.py:157} INFO - Started process (PID=997) to work on /home/airflow/.local/lib/python3.8/site-packages/airflow/example_dags/example_trigger_target_dag.py
[2024-11-18T14:42:34.880+0000] {processor.py:829} INFO - Processing file /home/airflow/.local/lib/python3.8/site-packages/airflow/example_dags/example_trigger_target_dag.py for tasks to queue
[2024-11-18T14:42:34.883+0000] {logging_mixin.py:151} INFO - [2024-11-18T14:42:34.883+0000] {dagbag.py:536} INFO - Filling up the DagBag from /home/airflow/.local/lib/python3.8/site-packages/airflow/example_dags/example_trigger_target_dag.py
[2024-11-18T14:42:34.892+0000] {processor.py:839} INFO - DAG(s) dict_keys(['example_trigger_target_dag']) retrieved from /home/airflow/.local/lib/python3.8/site-packages/airflow/example_dags/example_trigger_target_dag.py
[2024-11-18T14:42:34.923+0000] {logging_mixin.py:151} INFO - [2024-11-18T14:42:34.923+0000] {dag.py:2941} INFO - Sync 1 DAGs
[2024-11-18T14:42:34.944+0000] {logging_mixin.py:151} INFO - [2024-11-18T14:42:34.944+0000] {dag.py:3722} INFO - Setting next_dagrun for example_trigger_target_dag to None, run_after=None
[2024-11-18T14:42:34.974+0000] {processor.py:179} INFO - Processing /home/airflow/.local/lib/python3.8/site-packages/airflow/example_dags/example_trigger_target_dag.py took 0.102 seconds
[2024-11-18T14:43:08.152+0000] {processor.py:157} INFO - Started process (PID=1051) to work on /home/airflow/.local/lib/python3.8/site-packages/airflow/example_dags/example_trigger_target_dag.py
[2024-11-18T14:43:08.154+0000] {processor.py:829} INFO - Processing file /home/airflow/.local/lib/python3.8/site-packages/airflow/example_dags/example_trigger_target_dag.py for tasks to queue
[2024-11-18T14:43:08.157+0000] {logging_mixin.py:151} INFO - [2024-11-18T14:43:08.156+0000] {dagbag.py:536} INFO - Filling up the DagBag from /home/airflow/.local/lib/python3.8/site-packages/airflow/example_dags/example_trigger_target_dag.py
[2024-11-18T14:43:08.166+0000] {processor.py:839} INFO - DAG(s) dict_keys(['example_trigger_target_dag']) retrieved from /home/airflow/.local/lib/python3.8/site-packages/airflow/example_dags/example_trigger_target_dag.py
[2024-11-18T14:43:08.197+0000] {logging_mixin.py:151} INFO - [2024-11-18T14:43:08.197+0000] {dag.py:2941} INFO - Sync 1 DAGs
[2024-11-18T14:43:08.219+0000] {logging_mixin.py:151} INFO - [2024-11-18T14:43:08.218+0000] {dag.py:3722} INFO - Setting next_dagrun for example_trigger_target_dag to None, run_after=None
[2024-11-18T14:43:08.249+0000] {processor.py:179} INFO - Processing /home/airflow/.local/lib/python3.8/site-packages/airflow/example_dags/example_trigger_target_dag.py took 0.102 seconds
[2024-11-18T14:43:41.949+0000] {processor.py:157} INFO - Started process (PID=1105) to work on /home/airflow/.local/lib/python3.8/site-packages/airflow/example_dags/example_trigger_target_dag.py
[2024-11-18T14:43:41.950+0000] {processor.py:829} INFO - Processing file /home/airflow/.local/lib/python3.8/site-packages/airflow/example_dags/example_trigger_target_dag.py for tasks to queue
[2024-11-18T14:43:41.953+0000] {logging_mixin.py:151} INFO - [2024-11-18T14:43:41.953+0000] {dagbag.py:536} INFO - Filling up the DagBag from /home/airflow/.local/lib/python3.8/site-packages/airflow/example_dags/example_trigger_target_dag.py
[2024-11-18T14:43:41.962+0000] {processor.py:839} INFO - DAG(s) dict_keys(['example_trigger_target_dag']) retrieved from /home/airflow/.local/lib/python3.8/site-packages/airflow/example_dags/example_trigger_target_dag.py
[2024-11-18T14:43:41.990+0000] {logging_mixin.py:151} INFO - [2024-11-18T14:43:41.990+0000] {dag.py:2941} INFO - Sync 1 DAGs
[2024-11-18T14:43:42.011+0000] {logging_mixin.py:151} INFO - [2024-11-18T14:43:42.010+0000] {dag.py:3722} INFO - Setting next_dagrun for example_trigger_target_dag to None, run_after=None
[2024-11-18T14:43:42.038+0000] {processor.py:179} INFO - Processing /home/airflow/.local/lib/python3.8/site-packages/airflow/example_dags/example_trigger_target_dag.py took 0.095 seconds
[2024-11-18T14:44:14.740+0000] {processor.py:157} INFO - Started process (PID=1159) to work on /home/airflow/.local/lib/python3.8/site-packages/airflow/example_dags/example_trigger_target_dag.py
[2024-11-18T14:44:14.741+0000] {processor.py:829} INFO - Processing file /home/airflow/.local/lib/python3.8/site-packages/airflow/example_dags/example_trigger_target_dag.py for tasks to queue
[2024-11-18T14:44:14.744+0000] {logging_mixin.py:151} INFO - [2024-11-18T14:44:14.743+0000] {dagbag.py:536} INFO - Filling up the DagBag from /home/airflow/.local/lib/python3.8/site-packages/airflow/example_dags/example_trigger_target_dag.py
[2024-11-18T14:44:14.752+0000] {processor.py:839} INFO - DAG(s) dict_keys(['example_trigger_target_dag']) retrieved from /home/airflow/.local/lib/python3.8/site-packages/airflow/example_dags/example_trigger_target_dag.py
[2024-11-18T14:44:14.781+0000] {logging_mixin.py:151} INFO - [2024-11-18T14:44:14.781+0000] {dag.py:2941} INFO - Sync 1 DAGs
[2024-11-18T14:44:14.800+0000] {logging_mixin.py:151} INFO - [2024-11-18T14:44:14.800+0000] {dag.py:3722} INFO - Setting next_dagrun for example_trigger_target_dag to None, run_after=None
[2024-11-18T14:44:14.827+0000] {processor.py:179} INFO - Processing /home/airflow/.local/lib/python3.8/site-packages/airflow/example_dags/example_trigger_target_dag.py took 0.093 seconds
[2024-11-18T14:44:49.007+0000] {processor.py:157} INFO - Started process (PID=1213) to work on /home/airflow/.local/lib/python3.8/site-packages/airflow/example_dags/example_trigger_target_dag.py
[2024-11-18T14:44:49.008+0000] {processor.py:829} INFO - Processing file /home/airflow/.local/lib/python3.8/site-packages/airflow/example_dags/example_trigger_target_dag.py for tasks to queue
[2024-11-18T14:44:49.011+0000] {logging_mixin.py:151} INFO - [2024-11-18T14:44:49.011+0000] {dagbag.py:536} INFO - Filling up the DagBag from /home/airflow/.local/lib/python3.8/site-packages/airflow/example_dags/example_trigger_target_dag.py
[2024-11-18T14:44:49.019+0000] {processor.py:839} INFO - DAG(s) dict_keys(['example_trigger_target_dag']) retrieved from /home/airflow/.local/lib/python3.8/site-packages/airflow/example_dags/example_trigger_target_dag.py
[2024-11-18T14:44:49.049+0000] {logging_mixin.py:151} INFO - [2024-11-18T14:44:49.049+0000] {dag.py:2941} INFO - Sync 1 DAGs
[2024-11-18T14:44:49.069+0000] {logging_mixin.py:151} INFO - [2024-11-18T14:44:49.068+0000] {dag.py:3722} INFO - Setting next_dagrun for example_trigger_target_dag to None, run_after=None
[2024-11-18T14:44:49.100+0000] {processor.py:179} INFO - Processing /home/airflow/.local/lib/python3.8/site-packages/airflow/example_dags/example_trigger_target_dag.py took 0.098 seconds
[2024-11-18T14:45:21.689+0000] {processor.py:157} INFO - Started process (PID=1267) to work on /home/airflow/.local/lib/python3.8/site-packages/airflow/example_dags/example_trigger_target_dag.py
[2024-11-18T14:45:21.690+0000] {processor.py:829} INFO - Processing file /home/airflow/.local/lib/python3.8/site-packages/airflow/example_dags/example_trigger_target_dag.py for tasks to queue
[2024-11-18T14:45:21.694+0000] {logging_mixin.py:151} INFO - [2024-11-18T14:45:21.693+0000] {dagbag.py:536} INFO - Filling up the DagBag from /home/airflow/.local/lib/python3.8/site-packages/airflow/example_dags/example_trigger_target_dag.py
[2024-11-18T14:45:21.702+0000] {processor.py:839} INFO - DAG(s) dict_keys(['example_trigger_target_dag']) retrieved from /home/airflow/.local/lib/python3.8/site-packages/airflow/example_dags/example_trigger_target_dag.py
[2024-11-18T14:45:21.733+0000] {logging_mixin.py:151} INFO - [2024-11-18T14:45:21.733+0000] {dag.py:2941} INFO - Sync 1 DAGs
[2024-11-18T14:45:21.752+0000] {logging_mixin.py:151} INFO - [2024-11-18T14:45:21.752+0000] {dag.py:3722} INFO - Setting next_dagrun for example_trigger_target_dag to None, run_after=None
[2024-11-18T14:45:21.784+0000] {processor.py:179} INFO - Processing /home/airflow/.local/lib/python3.8/site-packages/airflow/example_dags/example_trigger_target_dag.py took 0.101 seconds
[2024-11-18T14:45:55.139+0000] {processor.py:157} INFO - Started process (PID=1321) to work on /home/airflow/.local/lib/python3.8/site-packages/airflow/example_dags/example_trigger_target_dag.py
[2024-11-18T14:45:55.140+0000] {processor.py:829} INFO - Processing file /home/airflow/.local/lib/python3.8/site-packages/airflow/example_dags/example_trigger_target_dag.py for tasks to queue
[2024-11-18T14:45:55.143+0000] {logging_mixin.py:151} INFO - [2024-11-18T14:45:55.143+0000] {dagbag.py:536} INFO - Filling up the DagBag from /home/airflow/.local/lib/python3.8/site-packages/airflow/example_dags/example_trigger_target_dag.py
[2024-11-18T14:45:55.152+0000] {processor.py:839} INFO - DAG(s) dict_keys(['example_trigger_target_dag']) retrieved from /home/airflow/.local/lib/python3.8/site-packages/airflow/example_dags/example_trigger_target_dag.py
[2024-11-18T14:45:55.181+0000] {logging_mixin.py:151} INFO - [2024-11-18T14:45:55.181+0000] {dag.py:2941} INFO - Sync 1 DAGs
[2024-11-18T14:45:55.202+0000] {logging_mixin.py:151} INFO - [2024-11-18T14:45:55.201+0000] {dag.py:3722} INFO - Setting next_dagrun for example_trigger_target_dag to None, run_after=None
[2024-11-18T14:45:55.230+0000] {processor.py:179} INFO - Processing /home/airflow/.local/lib/python3.8/site-packages/airflow/example_dags/example_trigger_target_dag.py took 0.096 seconds
[2024-11-18T14:46:29.080+0000] {processor.py:157} INFO - Started process (PID=1375) to work on /home/airflow/.local/lib/python3.8/site-packages/airflow/example_dags/example_trigger_target_dag.py
[2024-11-18T14:46:29.081+0000] {processor.py:829} INFO - Processing file /home/airflow/.local/lib/python3.8/site-packages/airflow/example_dags/example_trigger_target_dag.py for tasks to queue
[2024-11-18T14:46:29.084+0000] {logging_mixin.py:151} INFO - [2024-11-18T14:46:29.084+0000] {dagbag.py:536} INFO - Filling up the DagBag from /home/airflow/.local/lib/python3.8/site-packages/airflow/example_dags/example_trigger_target_dag.py
[2024-11-18T14:46:29.093+0000] {processor.py:839} INFO - DAG(s) dict_keys(['example_trigger_target_dag']) retrieved from /home/airflow/.local/lib/python3.8/site-packages/airflow/example_dags/example_trigger_target_dag.py
[2024-11-18T14:46:29.121+0000] {logging_mixin.py:151} INFO - [2024-11-18T14:46:29.121+0000] {dag.py:2941} INFO - Sync 1 DAGs
[2024-11-18T14:46:29.337+0000] {logging_mixin.py:151} INFO - [2024-11-18T14:46:29.336+0000] {dag.py:3722} INFO - Setting next_dagrun for example_trigger_target_dag to None, run_after=None
[2024-11-18T14:46:29.362+0000] {processor.py:179} INFO - Processing /home/airflow/.local/lib/python3.8/site-packages/airflow/example_dags/example_trigger_target_dag.py took 0.287 seconds
[2024-11-18T14:47:01.694+0000] {processor.py:157} INFO - Started process (PID=1429) to work on /home/airflow/.local/lib/python3.8/site-packages/airflow/example_dags/example_trigger_target_dag.py
[2024-11-18T14:47:01.695+0000] {processor.py:829} INFO - Processing file /home/airflow/.local/lib/python3.8/site-packages/airflow/example_dags/example_trigger_target_dag.py for tasks to queue
[2024-11-18T14:47:01.699+0000] {logging_mixin.py:151} INFO - [2024-11-18T14:47:01.698+0000] {dagbag.py:536} INFO - Filling up the DagBag from /home/airflow/.local/lib/python3.8/site-packages/airflow/example_dags/example_trigger_target_dag.py
[2024-11-18T14:47:01.707+0000] {processor.py:839} INFO - DAG(s) dict_keys(['example_trigger_target_dag']) retrieved from /home/airflow/.local/lib/python3.8/site-packages/airflow/example_dags/example_trigger_target_dag.py
[2024-11-18T14:47:01.740+0000] {logging_mixin.py:151} INFO - [2024-11-18T14:47:01.739+0000] {dag.py:2941} INFO - Sync 1 DAGs
[2024-11-18T14:47:01.761+0000] {logging_mixin.py:151} INFO - [2024-11-18T14:47:01.761+0000] {dag.py:3722} INFO - Setting next_dagrun for example_trigger_target_dag to None, run_after=None
[2024-11-18T14:47:01.793+0000] {processor.py:179} INFO - Processing /home/airflow/.local/lib/python3.8/site-packages/airflow/example_dags/example_trigger_target_dag.py took 0.104 seconds
[2024-11-18T14:47:35.213+0000] {processor.py:157} INFO - Started process (PID=1483) to work on /home/airflow/.local/lib/python3.8/site-packages/airflow/example_dags/example_trigger_target_dag.py
[2024-11-18T14:47:35.215+0000] {processor.py:829} INFO - Processing file /home/airflow/.local/lib/python3.8/site-packages/airflow/example_dags/example_trigger_target_dag.py for tasks to queue
[2024-11-18T14:47:35.218+0000] {logging_mixin.py:151} INFO - [2024-11-18T14:47:35.217+0000] {dagbag.py:536} INFO - Filling up the DagBag from /home/airflow/.local/lib/python3.8/site-packages/airflow/example_dags/example_trigger_target_dag.py
[2024-11-18T14:47:35.228+0000] {processor.py:839} INFO - DAG(s) dict_keys(['example_trigger_target_dag']) retrieved from /home/airflow/.local/lib/python3.8/site-packages/airflow/example_dags/example_trigger_target_dag.py
[2024-11-18T14:47:35.262+0000] {logging_mixin.py:151} INFO - [2024-11-18T14:47:35.261+0000] {dag.py:2941} INFO - Sync 1 DAGs
[2024-11-18T14:47:35.284+0000] {logging_mixin.py:151} INFO - [2024-11-18T14:47:35.284+0000] {dag.py:3722} INFO - Setting next_dagrun for example_trigger_target_dag to None, run_after=None
[2024-11-18T14:47:35.315+0000] {processor.py:179} INFO - Processing /home/airflow/.local/lib/python3.8/site-packages/airflow/example_dags/example_trigger_target_dag.py took 0.107 seconds
[2024-11-18T14:48:08.851+0000] {processor.py:157} INFO - Started process (PID=1537) to work on /home/airflow/.local/lib/python3.8/site-packages/airflow/example_dags/example_trigger_target_dag.py
[2024-11-18T14:48:08.853+0000] {processor.py:829} INFO - Processing file /home/airflow/.local/lib/python3.8/site-packages/airflow/example_dags/example_trigger_target_dag.py for tasks to queue
[2024-11-18T14:48:08.858+0000] {logging_mixin.py:151} INFO - [2024-11-18T14:48:08.857+0000] {dagbag.py:536} INFO - Filling up the DagBag from /home/airflow/.local/lib/python3.8/site-packages/airflow/example_dags/example_trigger_target_dag.py
[2024-11-18T14:48:08.871+0000] {processor.py:839} INFO - DAG(s) dict_keys(['example_trigger_target_dag']) retrieved from /home/airflow/.local/lib/python3.8/site-packages/airflow/example_dags/example_trigger_target_dag.py
[2024-11-18T14:48:08.907+0000] {logging_mixin.py:151} INFO - [2024-11-18T14:48:08.907+0000] {dag.py:2941} INFO - Sync 1 DAGs
[2024-11-18T14:48:09.158+0000] {logging_mixin.py:151} INFO - [2024-11-18T14:48:09.158+0000] {dag.py:3722} INFO - Setting next_dagrun for example_trigger_target_dag to None, run_after=None
[2024-11-18T14:48:09.189+0000] {processor.py:179} INFO - Processing /home/airflow/.local/lib/python3.8/site-packages/airflow/example_dags/example_trigger_target_dag.py took 0.343 seconds
[2024-11-18T14:48:41.846+0000] {processor.py:157} INFO - Started process (PID=1592) to work on /home/airflow/.local/lib/python3.8/site-packages/airflow/example_dags/example_trigger_target_dag.py
[2024-11-18T14:48:41.847+0000] {processor.py:829} INFO - Processing file /home/airflow/.local/lib/python3.8/site-packages/airflow/example_dags/example_trigger_target_dag.py for tasks to queue
[2024-11-18T14:48:41.851+0000] {logging_mixin.py:151} INFO - [2024-11-18T14:48:41.850+0000] {dagbag.py:536} INFO - Filling up the DagBag from /home/airflow/.local/lib/python3.8/site-packages/airflow/example_dags/example_trigger_target_dag.py
[2024-11-18T14:48:41.859+0000] {processor.py:839} INFO - DAG(s) dict_keys(['example_trigger_target_dag']) retrieved from /home/airflow/.local/lib/python3.8/site-packages/airflow/example_dags/example_trigger_target_dag.py
[2024-11-18T14:48:41.890+0000] {logging_mixin.py:151} INFO - [2024-11-18T14:48:41.889+0000] {dag.py:2941} INFO - Sync 1 DAGs
[2024-11-18T14:48:41.911+0000] {logging_mixin.py:151} INFO - [2024-11-18T14:48:41.910+0000] {dag.py:3722} INFO - Setting next_dagrun for example_trigger_target_dag to None, run_after=None
[2024-11-18T14:48:41.942+0000] {processor.py:179} INFO - Processing /home/airflow/.local/lib/python3.8/site-packages/airflow/example_dags/example_trigger_target_dag.py took 0.101 seconds
[2024-11-18T14:49:14.728+0000] {processor.py:157} INFO - Started process (PID=1647) to work on /home/airflow/.local/lib/python3.8/site-packages/airflow/example_dags/example_trigger_target_dag.py
[2024-11-18T14:49:14.729+0000] {processor.py:829} INFO - Processing file /home/airflow/.local/lib/python3.8/site-packages/airflow/example_dags/example_trigger_target_dag.py for tasks to queue
[2024-11-18T14:49:14.733+0000] {logging_mixin.py:151} INFO - [2024-11-18T14:49:14.732+0000] {dagbag.py:536} INFO - Filling up the DagBag from /home/airflow/.local/lib/python3.8/site-packages/airflow/example_dags/example_trigger_target_dag.py
[2024-11-18T14:49:14.741+0000] {processor.py:839} INFO - DAG(s) dict_keys(['example_trigger_target_dag']) retrieved from /home/airflow/.local/lib/python3.8/site-packages/airflow/example_dags/example_trigger_target_dag.py
[2024-11-18T14:49:14.771+0000] {logging_mixin.py:151} INFO - [2024-11-18T14:49:14.771+0000] {dag.py:2941} INFO - Sync 1 DAGs
[2024-11-18T14:49:14.792+0000] {logging_mixin.py:151} INFO - [2024-11-18T14:49:14.792+0000] {dag.py:3722} INFO - Setting next_dagrun for example_trigger_target_dag to None, run_after=None
[2024-11-18T14:49:14.822+0000] {processor.py:179} INFO - Processing /home/airflow/.local/lib/python3.8/site-packages/airflow/example_dags/example_trigger_target_dag.py took 0.099 seconds
[2024-11-18T14:49:48.700+0000] {processor.py:157} INFO - Started process (PID=1704) to work on /home/airflow/.local/lib/python3.8/site-packages/airflow/example_dags/example_trigger_target_dag.py
[2024-11-18T14:49:48.702+0000] {processor.py:829} INFO - Processing file /home/airflow/.local/lib/python3.8/site-packages/airflow/example_dags/example_trigger_target_dag.py for tasks to queue
[2024-11-18T14:49:48.706+0000] {logging_mixin.py:151} INFO - [2024-11-18T14:49:48.705+0000] {dagbag.py:536} INFO - Filling up the DagBag from /home/airflow/.local/lib/python3.8/site-packages/airflow/example_dags/example_trigger_target_dag.py
[2024-11-18T14:49:48.715+0000] {processor.py:839} INFO - DAG(s) dict_keys(['example_trigger_target_dag']) retrieved from /home/airflow/.local/lib/python3.8/site-packages/airflow/example_dags/example_trigger_target_dag.py
[2024-11-18T14:49:48.940+0000] {logging_mixin.py:151} INFO - [2024-11-18T14:49:48.940+0000] {dag.py:2941} INFO - Sync 1 DAGs
[2024-11-18T14:49:48.959+0000] {logging_mixin.py:151} INFO - [2024-11-18T14:49:48.958+0000] {dag.py:3722} INFO - Setting next_dagrun for example_trigger_target_dag to None, run_after=None
[2024-11-18T14:49:48.987+0000] {processor.py:179} INFO - Processing /home/airflow/.local/lib/python3.8/site-packages/airflow/example_dags/example_trigger_target_dag.py took 0.292 seconds
[2024-11-18T14:50:22.614+0000] {processor.py:157} INFO - Started process (PID=1763) to work on /home/airflow/.local/lib/python3.8/site-packages/airflow/example_dags/example_trigger_target_dag.py
[2024-11-18T14:50:22.616+0000] {processor.py:829} INFO - Processing file /home/airflow/.local/lib/python3.8/site-packages/airflow/example_dags/example_trigger_target_dag.py for tasks to queue
[2024-11-18T14:50:22.619+0000] {logging_mixin.py:151} INFO - [2024-11-18T14:50:22.618+0000] {dagbag.py:536} INFO - Filling up the DagBag from /home/airflow/.local/lib/python3.8/site-packages/airflow/example_dags/example_trigger_target_dag.py
[2024-11-18T14:50:22.628+0000] {processor.py:839} INFO - DAG(s) dict_keys(['example_trigger_target_dag']) retrieved from /home/airflow/.local/lib/python3.8/site-packages/airflow/example_dags/example_trigger_target_dag.py
[2024-11-18T14:50:22.662+0000] {logging_mixin.py:151} INFO - [2024-11-18T14:50:22.662+0000] {dag.py:2941} INFO - Sync 1 DAGs
[2024-11-18T14:50:22.885+0000] {logging_mixin.py:151} INFO - [2024-11-18T14:50:22.884+0000] {dag.py:3722} INFO - Setting next_dagrun for example_trigger_target_dag to None, run_after=None
[2024-11-18T14:50:22.917+0000] {processor.py:179} INFO - Processing /home/airflow/.local/lib/python3.8/site-packages/airflow/example_dags/example_trigger_target_dag.py took 0.308 seconds
[2024-11-18T14:50:55.650+0000] {processor.py:157} INFO - Started process (PID=1820) to work on /home/airflow/.local/lib/python3.8/site-packages/airflow/example_dags/example_trigger_target_dag.py
[2024-11-18T14:50:55.652+0000] {processor.py:829} INFO - Processing file /home/airflow/.local/lib/python3.8/site-packages/airflow/example_dags/example_trigger_target_dag.py for tasks to queue
[2024-11-18T14:50:55.655+0000] {logging_mixin.py:151} INFO - [2024-11-18T14:50:55.655+0000] {dagbag.py:536} INFO - Filling up the DagBag from /home/airflow/.local/lib/python3.8/site-packages/airflow/example_dags/example_trigger_target_dag.py
[2024-11-18T14:50:55.664+0000] {processor.py:839} INFO - DAG(s) dict_keys(['example_trigger_target_dag']) retrieved from /home/airflow/.local/lib/python3.8/site-packages/airflow/example_dags/example_trigger_target_dag.py
[2024-11-18T14:50:55.695+0000] {logging_mixin.py:151} INFO - [2024-11-18T14:50:55.695+0000] {dag.py:2941} INFO - Sync 1 DAGs
[2024-11-18T14:50:55.720+0000] {logging_mixin.py:151} INFO - [2024-11-18T14:50:55.720+0000] {dag.py:3722} INFO - Setting next_dagrun for example_trigger_target_dag to None, run_after=None
[2024-11-18T14:50:55.748+0000] {processor.py:179} INFO - Processing /home/airflow/.local/lib/python3.8/site-packages/airflow/example_dags/example_trigger_target_dag.py took 0.103 seconds
[2024-11-18T14:51:28.786+0000] {processor.py:157} INFO - Started process (PID=1878) to work on /home/airflow/.local/lib/python3.8/site-packages/airflow/example_dags/example_trigger_target_dag.py
[2024-11-18T14:51:28.788+0000] {processor.py:829} INFO - Processing file /home/airflow/.local/lib/python3.8/site-packages/airflow/example_dags/example_trigger_target_dag.py for tasks to queue
[2024-11-18T14:51:28.792+0000] {logging_mixin.py:151} INFO - [2024-11-18T14:51:28.792+0000] {dagbag.py:536} INFO - Filling up the DagBag from /home/airflow/.local/lib/python3.8/site-packages/airflow/example_dags/example_trigger_target_dag.py
[2024-11-18T14:51:28.802+0000] {processor.py:839} INFO - DAG(s) dict_keys(['example_trigger_target_dag']) retrieved from /home/airflow/.local/lib/python3.8/site-packages/airflow/example_dags/example_trigger_target_dag.py
[2024-11-18T14:51:28.835+0000] {logging_mixin.py:151} INFO - [2024-11-18T14:51:28.835+0000] {dag.py:2941} INFO - Sync 1 DAGs
[2024-11-18T14:51:28.855+0000] {logging_mixin.py:151} INFO - [2024-11-18T14:51:28.855+0000] {dag.py:3722} INFO - Setting next_dagrun for example_trigger_target_dag to None, run_after=None
[2024-11-18T14:51:28.883+0000] {processor.py:179} INFO - Processing /home/airflow/.local/lib/python3.8/site-packages/airflow/example_dags/example_trigger_target_dag.py took 0.103 seconds
[2024-11-18T14:52:01.372+0000] {processor.py:157} INFO - Started process (PID=1936) to work on /home/airflow/.local/lib/python3.8/site-packages/airflow/example_dags/example_trigger_target_dag.py
[2024-11-18T14:52:01.374+0000] {processor.py:829} INFO - Processing file /home/airflow/.local/lib/python3.8/site-packages/airflow/example_dags/example_trigger_target_dag.py for tasks to queue
[2024-11-18T14:52:01.377+0000] {logging_mixin.py:151} INFO - [2024-11-18T14:52:01.377+0000] {dagbag.py:536} INFO - Filling up the DagBag from /home/airflow/.local/lib/python3.8/site-packages/airflow/example_dags/example_trigger_target_dag.py
[2024-11-18T14:52:01.385+0000] {processor.py:839} INFO - DAG(s) dict_keys(['example_trigger_target_dag']) retrieved from /home/airflow/.local/lib/python3.8/site-packages/airflow/example_dags/example_trigger_target_dag.py
[2024-11-18T14:52:01.415+0000] {logging_mixin.py:151} INFO - [2024-11-18T14:52:01.414+0000] {dag.py:2941} INFO - Sync 1 DAGs
[2024-11-18T14:52:01.434+0000] {logging_mixin.py:151} INFO - [2024-11-18T14:52:01.433+0000] {dag.py:3722} INFO - Setting next_dagrun for example_trigger_target_dag to None, run_after=None
[2024-11-18T14:52:01.461+0000] {processor.py:179} INFO - Processing /home/airflow/.local/lib/python3.8/site-packages/airflow/example_dags/example_trigger_target_dag.py took 0.093 seconds
[2024-11-18T14:52:34.967+0000] {processor.py:157} INFO - Started process (PID=1991) to work on /home/airflow/.local/lib/python3.8/site-packages/airflow/example_dags/example_trigger_target_dag.py
[2024-11-18T14:52:34.969+0000] {processor.py:829} INFO - Processing file /home/airflow/.local/lib/python3.8/site-packages/airflow/example_dags/example_trigger_target_dag.py for tasks to queue
[2024-11-18T14:52:34.972+0000] {logging_mixin.py:151} INFO - [2024-11-18T14:52:34.972+0000] {dagbag.py:536} INFO - Filling up the DagBag from /home/airflow/.local/lib/python3.8/site-packages/airflow/example_dags/example_trigger_target_dag.py
[2024-11-18T14:52:34.980+0000] {processor.py:839} INFO - DAG(s) dict_keys(['example_trigger_target_dag']) retrieved from /home/airflow/.local/lib/python3.8/site-packages/airflow/example_dags/example_trigger_target_dag.py
[2024-11-18T14:52:35.012+0000] {logging_mixin.py:151} INFO - [2024-11-18T14:52:35.011+0000] {dag.py:2941} INFO - Sync 1 DAGs
[2024-11-18T14:52:35.038+0000] {logging_mixin.py:151} INFO - [2024-11-18T14:52:35.038+0000] {dag.py:3722} INFO - Setting next_dagrun for example_trigger_target_dag to None, run_after=None
[2024-11-18T14:52:35.070+0000] {processor.py:179} INFO - Processing /home/airflow/.local/lib/python3.8/site-packages/airflow/example_dags/example_trigger_target_dag.py took 0.108 seconds
[2024-11-18T14:53:08.108+0000] {processor.py:157} INFO - Started process (PID=2046) to work on /home/airflow/.local/lib/python3.8/site-packages/airflow/example_dags/example_trigger_target_dag.py
[2024-11-18T14:53:08.109+0000] {processor.py:829} INFO - Processing file /home/airflow/.local/lib/python3.8/site-packages/airflow/example_dags/example_trigger_target_dag.py for tasks to queue
[2024-11-18T14:53:08.112+0000] {logging_mixin.py:151} INFO - [2024-11-18T14:53:08.112+0000] {dagbag.py:536} INFO - Filling up the DagBag from /home/airflow/.local/lib/python3.8/site-packages/airflow/example_dags/example_trigger_target_dag.py
[2024-11-18T14:53:08.121+0000] {processor.py:839} INFO - DAG(s) dict_keys(['example_trigger_target_dag']) retrieved from /home/airflow/.local/lib/python3.8/site-packages/airflow/example_dags/example_trigger_target_dag.py
[2024-11-18T14:53:08.150+0000] {logging_mixin.py:151} INFO - [2024-11-18T14:53:08.149+0000] {dag.py:2941} INFO - Sync 1 DAGs
[2024-11-18T14:53:08.174+0000] {logging_mixin.py:151} INFO - [2024-11-18T14:53:08.174+0000] {dag.py:3722} INFO - Setting next_dagrun for example_trigger_target_dag to None, run_after=None
[2024-11-18T14:53:08.202+0000] {processor.py:179} INFO - Processing /home/airflow/.local/lib/python3.8/site-packages/airflow/example_dags/example_trigger_target_dag.py took 0.099 seconds
[2024-11-18T14:53:42.065+0000] {processor.py:157} INFO - Started process (PID=2102) to work on /home/airflow/.local/lib/python3.8/site-packages/airflow/example_dags/example_trigger_target_dag.py
[2024-11-18T14:53:42.067+0000] {processor.py:829} INFO - Processing file /home/airflow/.local/lib/python3.8/site-packages/airflow/example_dags/example_trigger_target_dag.py for tasks to queue
[2024-11-18T14:53:42.070+0000] {logging_mixin.py:151} INFO - [2024-11-18T14:53:42.070+0000] {dagbag.py:536} INFO - Filling up the DagBag from /home/airflow/.local/lib/python3.8/site-packages/airflow/example_dags/example_trigger_target_dag.py
[2024-11-18T14:53:42.079+0000] {processor.py:839} INFO - DAG(s) dict_keys(['example_trigger_target_dag']) retrieved from /home/airflow/.local/lib/python3.8/site-packages/airflow/example_dags/example_trigger_target_dag.py
[2024-11-18T14:53:42.115+0000] {logging_mixin.py:151} INFO - [2024-11-18T14:53:42.115+0000] {dag.py:2941} INFO - Sync 1 DAGs
[2024-11-18T14:53:42.140+0000] {logging_mixin.py:151} INFO - [2024-11-18T14:53:42.139+0000] {dag.py:3722} INFO - Setting next_dagrun for example_trigger_target_dag to None, run_after=None
[2024-11-18T14:53:42.175+0000] {processor.py:179} INFO - Processing /home/airflow/.local/lib/python3.8/site-packages/airflow/example_dags/example_trigger_target_dag.py took 0.116 seconds
[2024-11-18T14:54:15.379+0000] {processor.py:157} INFO - Started process (PID=2157) to work on /home/airflow/.local/lib/python3.8/site-packages/airflow/example_dags/example_trigger_target_dag.py
[2024-11-18T14:54:15.381+0000] {processor.py:829} INFO - Processing file /home/airflow/.local/lib/python3.8/site-packages/airflow/example_dags/example_trigger_target_dag.py for tasks to queue
[2024-11-18T14:54:15.386+0000] {logging_mixin.py:151} INFO - [2024-11-18T14:54:15.385+0000] {dagbag.py:536} INFO - Filling up the DagBag from /home/airflow/.local/lib/python3.8/site-packages/airflow/example_dags/example_trigger_target_dag.py
[2024-11-18T14:54:15.396+0000] {processor.py:839} INFO - DAG(s) dict_keys(['example_trigger_target_dag']) retrieved from /home/airflow/.local/lib/python3.8/site-packages/airflow/example_dags/example_trigger_target_dag.py
[2024-11-18T14:54:15.432+0000] {logging_mixin.py:151} INFO - [2024-11-18T14:54:15.432+0000] {dag.py:2941} INFO - Sync 1 DAGs
[2024-11-18T14:54:15.456+0000] {logging_mixin.py:151} INFO - [2024-11-18T14:54:15.456+0000] {dag.py:3722} INFO - Setting next_dagrun for example_trigger_target_dag to None, run_after=None
[2024-11-18T14:54:15.487+0000] {processor.py:179} INFO - Processing /home/airflow/.local/lib/python3.8/site-packages/airflow/example_dags/example_trigger_target_dag.py took 0.114 seconds
[2024-11-18T14:54:48.868+0000] {processor.py:157} INFO - Started process (PID=2212) to work on /home/airflow/.local/lib/python3.8/site-packages/airflow/example_dags/example_trigger_target_dag.py
[2024-11-18T14:54:48.870+0000] {processor.py:829} INFO - Processing file /home/airflow/.local/lib/python3.8/site-packages/airflow/example_dags/example_trigger_target_dag.py for tasks to queue
[2024-11-18T14:54:48.873+0000] {logging_mixin.py:151} INFO - [2024-11-18T14:54:48.873+0000] {dagbag.py:536} INFO - Filling up the DagBag from /home/airflow/.local/lib/python3.8/site-packages/airflow/example_dags/example_trigger_target_dag.py
[2024-11-18T14:54:48.881+0000] {processor.py:839} INFO - DAG(s) dict_keys(['example_trigger_target_dag']) retrieved from /home/airflow/.local/lib/python3.8/site-packages/airflow/example_dags/example_trigger_target_dag.py
[2024-11-18T14:54:48.912+0000] {logging_mixin.py:151} INFO - [2024-11-18T14:54:48.912+0000] {dag.py:2941} INFO - Sync 1 DAGs
[2024-11-18T14:54:48.933+0000] {logging_mixin.py:151} INFO - [2024-11-18T14:54:48.933+0000] {dag.py:3722} INFO - Setting next_dagrun for example_trigger_target_dag to None, run_after=None
[2024-11-18T14:54:48.959+0000] {processor.py:179} INFO - Processing /home/airflow/.local/lib/python3.8/site-packages/airflow/example_dags/example_trigger_target_dag.py took 0.096 seconds
[2024-11-18T14:55:22.157+0000] {processor.py:157} INFO - Started process (PID=2267) to work on /home/airflow/.local/lib/python3.8/site-packages/airflow/example_dags/example_trigger_target_dag.py
[2024-11-18T14:55:22.159+0000] {processor.py:829} INFO - Processing file /home/airflow/.local/lib/python3.8/site-packages/airflow/example_dags/example_trigger_target_dag.py for tasks to queue
[2024-11-18T14:55:22.162+0000] {logging_mixin.py:151} INFO - [2024-11-18T14:55:22.161+0000] {dagbag.py:536} INFO - Filling up the DagBag from /home/airflow/.local/lib/python3.8/site-packages/airflow/example_dags/example_trigger_target_dag.py
[2024-11-18T14:55:22.170+0000] {processor.py:839} INFO - DAG(s) dict_keys(['example_trigger_target_dag']) retrieved from /home/airflow/.local/lib/python3.8/site-packages/airflow/example_dags/example_trigger_target_dag.py
[2024-11-18T14:55:22.199+0000] {logging_mixin.py:151} INFO - [2024-11-18T14:55:22.199+0000] {dag.py:2941} INFO - Sync 1 DAGs
[2024-11-18T14:55:22.218+0000] {logging_mixin.py:151} INFO - [2024-11-18T14:55:22.218+0000] {dag.py:3722} INFO - Setting next_dagrun for example_trigger_target_dag to None, run_after=None
[2024-11-18T14:55:22.245+0000] {processor.py:179} INFO - Processing /home/airflow/.local/lib/python3.8/site-packages/airflow/example_dags/example_trigger_target_dag.py took 0.092 seconds
[2024-11-18T14:55:55.521+0000] {processor.py:157} INFO - Started process (PID=2322) to work on /home/airflow/.local/lib/python3.8/site-packages/airflow/example_dags/example_trigger_target_dag.py
[2024-11-18T14:55:55.523+0000] {processor.py:829} INFO - Processing file /home/airflow/.local/lib/python3.8/site-packages/airflow/example_dags/example_trigger_target_dag.py for tasks to queue
[2024-11-18T14:55:55.526+0000] {logging_mixin.py:151} INFO - [2024-11-18T14:55:55.525+0000] {dagbag.py:536} INFO - Filling up the DagBag from /home/airflow/.local/lib/python3.8/site-packages/airflow/example_dags/example_trigger_target_dag.py
[2024-11-18T14:55:55.534+0000] {processor.py:839} INFO - DAG(s) dict_keys(['example_trigger_target_dag']) retrieved from /home/airflow/.local/lib/python3.8/site-packages/airflow/example_dags/example_trigger_target_dag.py
[2024-11-18T14:55:55.562+0000] {logging_mixin.py:151} INFO - [2024-11-18T14:55:55.562+0000] {dag.py:2941} INFO - Sync 1 DAGs
[2024-11-18T14:55:55.581+0000] {logging_mixin.py:151} INFO - [2024-11-18T14:55:55.581+0000] {dag.py:3722} INFO - Setting next_dagrun for example_trigger_target_dag to None, run_after=None
[2024-11-18T14:55:55.608+0000] {processor.py:179} INFO - Processing /home/airflow/.local/lib/python3.8/site-packages/airflow/example_dags/example_trigger_target_dag.py took 0.091 seconds
[2024-11-18T14:56:28.384+0000] {processor.py:157} INFO - Started process (PID=2377) to work on /home/airflow/.local/lib/python3.8/site-packages/airflow/example_dags/example_trigger_target_dag.py
[2024-11-18T14:56:28.386+0000] {processor.py:829} INFO - Processing file /home/airflow/.local/lib/python3.8/site-packages/airflow/example_dags/example_trigger_target_dag.py for tasks to queue
[2024-11-18T14:56:28.389+0000] {logging_mixin.py:151} INFO - [2024-11-18T14:56:28.388+0000] {dagbag.py:536} INFO - Filling up the DagBag from /home/airflow/.local/lib/python3.8/site-packages/airflow/example_dags/example_trigger_target_dag.py
[2024-11-18T14:56:28.396+0000] {processor.py:839} INFO - DAG(s) dict_keys(['example_trigger_target_dag']) retrieved from /home/airflow/.local/lib/python3.8/site-packages/airflow/example_dags/example_trigger_target_dag.py
[2024-11-18T14:56:28.426+0000] {logging_mixin.py:151} INFO - [2024-11-18T14:56:28.425+0000] {dag.py:2941} INFO - Sync 1 DAGs
[2024-11-18T14:56:28.453+0000] {logging_mixin.py:151} INFO - [2024-11-18T14:56:28.453+0000] {dag.py:3722} INFO - Setting next_dagrun for example_trigger_target_dag to None, run_after=None
[2024-11-18T14:56:28.482+0000] {processor.py:179} INFO - Processing /home/airflow/.local/lib/python3.8/site-packages/airflow/example_dags/example_trigger_target_dag.py took 0.101 seconds
[2024-11-18T14:57:01.914+0000] {processor.py:157} INFO - Started process (PID=2432) to work on /home/airflow/.local/lib/python3.8/site-packages/airflow/example_dags/example_trigger_target_dag.py
[2024-11-18T14:57:01.916+0000] {processor.py:829} INFO - Processing file /home/airflow/.local/lib/python3.8/site-packages/airflow/example_dags/example_trigger_target_dag.py for tasks to queue
[2024-11-18T14:57:01.919+0000] {logging_mixin.py:151} INFO - [2024-11-18T14:57:01.919+0000] {dagbag.py:536} INFO - Filling up the DagBag from /home/airflow/.local/lib/python3.8/site-packages/airflow/example_dags/example_trigger_target_dag.py
[2024-11-18T14:57:01.930+0000] {processor.py:839} INFO - DAG(s) dict_keys(['example_trigger_target_dag']) retrieved from /home/airflow/.local/lib/python3.8/site-packages/airflow/example_dags/example_trigger_target_dag.py
[2024-11-18T14:57:01.965+0000] {logging_mixin.py:151} INFO - [2024-11-18T14:57:01.964+0000] {dag.py:2941} INFO - Sync 1 DAGs
[2024-11-18T14:57:01.995+0000] {logging_mixin.py:151} INFO - [2024-11-18T14:57:01.994+0000] {dag.py:3722} INFO - Setting next_dagrun for example_trigger_target_dag to None, run_after=None
[2024-11-18T14:57:02.034+0000] {processor.py:179} INFO - Processing /home/airflow/.local/lib/python3.8/site-packages/airflow/example_dags/example_trigger_target_dag.py took 0.126 seconds
[2024-11-18T14:57:35.014+0000] {processor.py:157} INFO - Started process (PID=2487) to work on /home/airflow/.local/lib/python3.8/site-packages/airflow/example_dags/example_trigger_target_dag.py
[2024-11-18T14:57:35.015+0000] {processor.py:829} INFO - Processing file /home/airflow/.local/lib/python3.8/site-packages/airflow/example_dags/example_trigger_target_dag.py for tasks to queue
[2024-11-18T14:57:35.020+0000] {logging_mixin.py:151} INFO - [2024-11-18T14:57:35.019+0000] {dagbag.py:536} INFO - Filling up the DagBag from /home/airflow/.local/lib/python3.8/site-packages/airflow/example_dags/example_trigger_target_dag.py
[2024-11-18T14:57:35.028+0000] {processor.py:839} INFO - DAG(s) dict_keys(['example_trigger_target_dag']) retrieved from /home/airflow/.local/lib/python3.8/site-packages/airflow/example_dags/example_trigger_target_dag.py
[2024-11-18T14:57:35.059+0000] {logging_mixin.py:151} INFO - [2024-11-18T14:57:35.058+0000] {dag.py:2941} INFO - Sync 1 DAGs
[2024-11-18T14:57:35.104+0000] {logging_mixin.py:151} INFO - [2024-11-18T14:57:35.103+0000] {dag.py:3722} INFO - Setting next_dagrun for example_trigger_target_dag to None, run_after=None
[2024-11-18T14:57:35.139+0000] {processor.py:179} INFO - Processing /home/airflow/.local/lib/python3.8/site-packages/airflow/example_dags/example_trigger_target_dag.py took 0.129 seconds
[2024-11-18T14:58:08.824+0000] {processor.py:157} INFO - Started process (PID=2542) to work on /home/airflow/.local/lib/python3.8/site-packages/airflow/example_dags/example_trigger_target_dag.py
[2024-11-18T14:58:08.826+0000] {processor.py:829} INFO - Processing file /home/airflow/.local/lib/python3.8/site-packages/airflow/example_dags/example_trigger_target_dag.py for tasks to queue
[2024-11-18T14:58:08.830+0000] {logging_mixin.py:151} INFO - [2024-11-18T14:58:08.829+0000] {dagbag.py:536} INFO - Filling up the DagBag from /home/airflow/.local/lib/python3.8/site-packages/airflow/example_dags/example_trigger_target_dag.py
[2024-11-18T14:58:08.839+0000] {processor.py:839} INFO - DAG(s) dict_keys(['example_trigger_target_dag']) retrieved from /home/airflow/.local/lib/python3.8/site-packages/airflow/example_dags/example_trigger_target_dag.py
[2024-11-18T14:58:08.868+0000] {logging_mixin.py:151} INFO - [2024-11-18T14:58:08.868+0000] {dag.py:2941} INFO - Sync 1 DAGs
[2024-11-18T14:58:08.889+0000] {logging_mixin.py:151} INFO - [2024-11-18T14:58:08.889+0000] {dag.py:3722} INFO - Setting next_dagrun for example_trigger_target_dag to None, run_after=None
[2024-11-18T14:58:08.920+0000] {processor.py:179} INFO - Processing /home/airflow/.local/lib/python3.8/site-packages/airflow/example_dags/example_trigger_target_dag.py took 0.100 seconds
