[2024-11-18T14:20:24.352+0000] {processor.py:157} INFO - Started process (PID=118) to work on /home/airflow/.local/lib/python3.8/site-packages/airflow/example_dags/example_short_circuit_operator.py
[2024-11-18T14:20:24.354+0000] {processor.py:829} INFO - Processing file /home/airflow/.local/lib/python3.8/site-packages/airflow/example_dags/example_short_circuit_operator.py for tasks to queue
[2024-11-18T14:20:24.360+0000] {logging_mixin.py:151} INFO - [2024-11-18T14:20:24.360+0000] {dagbag.py:536} INFO - Filling up the DagBag from /home/airflow/.local/lib/python3.8/site-packages/airflow/example_dags/example_short_circuit_operator.py
[2024-11-18T14:20:24.374+0000] {processor.py:839} INFO - DAG(s) dict_keys(['example_short_circuit_operator']) retrieved from /home/airflow/.local/lib/python3.8/site-packages/airflow/example_dags/example_short_circuit_operator.py
[2024-11-18T14:20:24.590+0000] {logging_mixin.py:151} INFO - [2024-11-18T14:20:24.589+0000] {manager.py:499} INFO - Created Permission View: %s
[2024-11-18T14:20:24.609+0000] {logging_mixin.py:151} INFO - [2024-11-18T14:20:24.608+0000] {manager.py:499} INFO - Created Permission View: %s
[2024-11-18T14:20:24.623+0000] {logging_mixin.py:151} INFO - [2024-11-18T14:20:24.623+0000] {manager.py:499} INFO - Created Permission View: %s
[2024-11-18T14:20:24.625+0000] {logging_mixin.py:151} INFO - [2024-11-18T14:20:24.625+0000] {dag.py:2941} INFO - Sync 1 DAGs
[2024-11-18T14:20:24.649+0000] {logging_mixin.py:151} INFO - [2024-11-18T14:20:24.649+0000] {dag.py:2963} INFO - Creating ORM DAG for example_short_circuit_operator
[2024-11-18T14:20:24.669+0000] {logging_mixin.py:151} INFO - [2024-11-18T14:20:24.669+0000] {dag.py:3722} INFO - Setting next_dagrun for example_short_circuit_operator to 2024-11-17T14:20:24.668596+00:00, run_after=2024-11-18T14:20:24.668596+00:00
[2024-11-18T14:20:24.707+0000] {processor.py:179} INFO - Processing /home/airflow/.local/lib/python3.8/site-packages/airflow/example_dags/example_short_circuit_operator.py took 0.360 seconds
[2024-11-18T14:20:57.819+0000] {processor.py:157} INFO - Started process (PID=172) to work on /home/airflow/.local/lib/python3.8/site-packages/airflow/example_dags/example_short_circuit_operator.py
[2024-11-18T14:20:57.821+0000] {processor.py:829} INFO - Processing file /home/airflow/.local/lib/python3.8/site-packages/airflow/example_dags/example_short_circuit_operator.py for tasks to queue
[2024-11-18T14:20:57.824+0000] {logging_mixin.py:151} INFO - [2024-11-18T14:20:57.824+0000] {dagbag.py:536} INFO - Filling up the DagBag from /home/airflow/.local/lib/python3.8/site-packages/airflow/example_dags/example_short_circuit_operator.py
[2024-11-18T14:20:57.838+0000] {processor.py:839} INFO - DAG(s) dict_keys(['example_short_circuit_operator']) retrieved from /home/airflow/.local/lib/python3.8/site-packages/airflow/example_dags/example_short_circuit_operator.py
[2024-11-18T14:20:57.882+0000] {logging_mixin.py:151} INFO - [2024-11-18T14:20:57.882+0000] {dag.py:2941} INFO - Sync 1 DAGs
[2024-11-18T14:20:57.925+0000] {logging_mixin.py:151} INFO - [2024-11-18T14:20:57.925+0000] {dag.py:3722} INFO - Setting next_dagrun for example_short_circuit_operator to 2024-11-17T14:20:57.924506+00:00, run_after=2024-11-18T14:20:57.924506+00:00
[2024-11-18T14:20:57.965+0000] {processor.py:179} INFO - Processing /home/airflow/.local/lib/python3.8/site-packages/airflow/example_dags/example_short_circuit_operator.py took 0.151 seconds
[2024-11-18T14:21:31.340+0000] {processor.py:157} INFO - Started process (PID=226) to work on /home/airflow/.local/lib/python3.8/site-packages/airflow/example_dags/example_short_circuit_operator.py
[2024-11-18T14:21:31.342+0000] {processor.py:829} INFO - Processing file /home/airflow/.local/lib/python3.8/site-packages/airflow/example_dags/example_short_circuit_operator.py for tasks to queue
[2024-11-18T14:21:31.345+0000] {logging_mixin.py:151} INFO - [2024-11-18T14:21:31.345+0000] {dagbag.py:536} INFO - Filling up the DagBag from /home/airflow/.local/lib/python3.8/site-packages/airflow/example_dags/example_short_circuit_operator.py
[2024-11-18T14:21:31.358+0000] {processor.py:839} INFO - DAG(s) dict_keys(['example_short_circuit_operator']) retrieved from /home/airflow/.local/lib/python3.8/site-packages/airflow/example_dags/example_short_circuit_operator.py
[2024-11-18T14:21:31.400+0000] {logging_mixin.py:151} INFO - [2024-11-18T14:21:31.399+0000] {dag.py:2941} INFO - Sync 1 DAGs
[2024-11-18T14:21:31.439+0000] {logging_mixin.py:151} INFO - [2024-11-18T14:21:31.439+0000] {dag.py:3722} INFO - Setting next_dagrun for example_short_circuit_operator to 2024-11-17T14:21:31.438621+00:00, run_after=2024-11-18T14:21:31.438621+00:00
[2024-11-18T14:21:31.470+0000] {processor.py:179} INFO - Processing /home/airflow/.local/lib/python3.8/site-packages/airflow/example_dags/example_short_circuit_operator.py took 0.135 seconds
[2024-11-18T14:22:04.575+0000] {processor.py:157} INFO - Started process (PID=280) to work on /home/airflow/.local/lib/python3.8/site-packages/airflow/example_dags/example_short_circuit_operator.py
[2024-11-18T14:22:04.577+0000] {processor.py:829} INFO - Processing file /home/airflow/.local/lib/python3.8/site-packages/airflow/example_dags/example_short_circuit_operator.py for tasks to queue
[2024-11-18T14:22:04.580+0000] {logging_mixin.py:151} INFO - [2024-11-18T14:22:04.580+0000] {dagbag.py:536} INFO - Filling up the DagBag from /home/airflow/.local/lib/python3.8/site-packages/airflow/example_dags/example_short_circuit_operator.py
[2024-11-18T14:22:04.592+0000] {processor.py:839} INFO - DAG(s) dict_keys(['example_short_circuit_operator']) retrieved from /home/airflow/.local/lib/python3.8/site-packages/airflow/example_dags/example_short_circuit_operator.py
[2024-11-18T14:22:04.630+0000] {logging_mixin.py:151} INFO - [2024-11-18T14:22:04.630+0000] {dag.py:2941} INFO - Sync 1 DAGs
[2024-11-18T14:22:04.676+0000] {logging_mixin.py:151} INFO - [2024-11-18T14:22:04.675+0000] {dag.py:3722} INFO - Setting next_dagrun for example_short_circuit_operator to 2024-11-17T14:22:04.675566+00:00, run_after=2024-11-18T14:22:04.675566+00:00
[2024-11-18T14:22:04.716+0000] {processor.py:179} INFO - Processing /home/airflow/.local/lib/python3.8/site-packages/airflow/example_dags/example_short_circuit_operator.py took 0.145 seconds
[2024-11-18T14:22:38.085+0000] {processor.py:157} INFO - Started process (PID=335) to work on /home/airflow/.local/lib/python3.8/site-packages/airflow/example_dags/example_short_circuit_operator.py
[2024-11-18T14:22:38.087+0000] {processor.py:829} INFO - Processing file /home/airflow/.local/lib/python3.8/site-packages/airflow/example_dags/example_short_circuit_operator.py for tasks to queue
[2024-11-18T14:22:38.091+0000] {logging_mixin.py:151} INFO - [2024-11-18T14:22:38.091+0000] {dagbag.py:536} INFO - Filling up the DagBag from /home/airflow/.local/lib/python3.8/site-packages/airflow/example_dags/example_short_circuit_operator.py
[2024-11-18T14:22:38.103+0000] {processor.py:839} INFO - DAG(s) dict_keys(['example_short_circuit_operator']) retrieved from /home/airflow/.local/lib/python3.8/site-packages/airflow/example_dags/example_short_circuit_operator.py
[2024-11-18T14:22:38.141+0000] {logging_mixin.py:151} INFO - [2024-11-18T14:22:38.140+0000] {dag.py:2941} INFO - Sync 1 DAGs
[2024-11-18T14:22:38.177+0000] {logging_mixin.py:151} INFO - [2024-11-18T14:22:38.177+0000] {dag.py:3722} INFO - Setting next_dagrun for example_short_circuit_operator to 2024-11-17T14:22:38.176897+00:00, run_after=2024-11-18T14:22:38.176897+00:00
[2024-11-18T14:22:38.209+0000] {processor.py:179} INFO - Processing /home/airflow/.local/lib/python3.8/site-packages/airflow/example_dags/example_short_circuit_operator.py took 0.129 seconds
[2024-11-18T14:23:11.693+0000] {processor.py:157} INFO - Started process (PID=389) to work on /home/airflow/.local/lib/python3.8/site-packages/airflow/example_dags/example_short_circuit_operator.py
[2024-11-18T14:23:11.695+0000] {processor.py:829} INFO - Processing file /home/airflow/.local/lib/python3.8/site-packages/airflow/example_dags/example_short_circuit_operator.py for tasks to queue
[2024-11-18T14:23:11.698+0000] {logging_mixin.py:151} INFO - [2024-11-18T14:23:11.697+0000] {dagbag.py:536} INFO - Filling up the DagBag from /home/airflow/.local/lib/python3.8/site-packages/airflow/example_dags/example_short_circuit_operator.py
[2024-11-18T14:23:11.708+0000] {processor.py:839} INFO - DAG(s) dict_keys(['example_short_circuit_operator']) retrieved from /home/airflow/.local/lib/python3.8/site-packages/airflow/example_dags/example_short_circuit_operator.py
[2024-11-18T14:23:11.749+0000] {logging_mixin.py:151} INFO - [2024-11-18T14:23:11.748+0000] {dag.py:2941} INFO - Sync 1 DAGs
[2024-11-18T14:23:11.782+0000] {logging_mixin.py:151} INFO - [2024-11-18T14:23:11.781+0000] {dag.py:3722} INFO - Setting next_dagrun for example_short_circuit_operator to 2024-11-17T14:23:11.781438+00:00, run_after=2024-11-18T14:23:11.781438+00:00
[2024-11-18T14:23:11.811+0000] {processor.py:179} INFO - Processing /home/airflow/.local/lib/python3.8/site-packages/airflow/example_dags/example_short_circuit_operator.py took 0.122 seconds
[2024-11-18T14:23:44.264+0000] {processor.py:157} INFO - Started process (PID=443) to work on /home/airflow/.local/lib/python3.8/site-packages/airflow/example_dags/example_short_circuit_operator.py
[2024-11-18T14:23:44.266+0000] {processor.py:829} INFO - Processing file /home/airflow/.local/lib/python3.8/site-packages/airflow/example_dags/example_short_circuit_operator.py for tasks to queue
[2024-11-18T14:23:44.269+0000] {logging_mixin.py:151} INFO - [2024-11-18T14:23:44.269+0000] {dagbag.py:536} INFO - Filling up the DagBag from /home/airflow/.local/lib/python3.8/site-packages/airflow/example_dags/example_short_circuit_operator.py
[2024-11-18T14:23:44.281+0000] {processor.py:839} INFO - DAG(s) dict_keys(['example_short_circuit_operator']) retrieved from /home/airflow/.local/lib/python3.8/site-packages/airflow/example_dags/example_short_circuit_operator.py
[2024-11-18T14:23:44.314+0000] {logging_mixin.py:151} INFO - [2024-11-18T14:23:44.314+0000] {dag.py:2941} INFO - Sync 1 DAGs
[2024-11-18T14:23:44.350+0000] {logging_mixin.py:151} INFO - [2024-11-18T14:23:44.349+0000] {dag.py:3722} INFO - Setting next_dagrun for example_short_circuit_operator to 2024-11-17T14:23:44.349090+00:00, run_after=2024-11-18T14:23:44.349090+00:00
[2024-11-18T14:23:44.380+0000] {processor.py:179} INFO - Processing /home/airflow/.local/lib/python3.8/site-packages/airflow/example_dags/example_short_circuit_operator.py took 0.120 seconds
[2024-11-18T14:24:18.177+0000] {processor.py:157} INFO - Started process (PID=504) to work on /home/airflow/.local/lib/python3.8/site-packages/airflow/example_dags/example_short_circuit_operator.py
[2024-11-18T14:24:18.178+0000] {processor.py:829} INFO - Processing file /home/airflow/.local/lib/python3.8/site-packages/airflow/example_dags/example_short_circuit_operator.py for tasks to queue
[2024-11-18T14:24:18.182+0000] {logging_mixin.py:151} INFO - [2024-11-18T14:24:18.181+0000] {dagbag.py:536} INFO - Filling up the DagBag from /home/airflow/.local/lib/python3.8/site-packages/airflow/example_dags/example_short_circuit_operator.py
[2024-11-18T14:24:18.193+0000] {processor.py:839} INFO - DAG(s) dict_keys(['example_short_circuit_operator']) retrieved from /home/airflow/.local/lib/python3.8/site-packages/airflow/example_dags/example_short_circuit_operator.py
[2024-11-18T14:24:18.228+0000] {logging_mixin.py:151} INFO - [2024-11-18T14:24:18.228+0000] {dag.py:2941} INFO - Sync 1 DAGs
[2024-11-18T14:24:18.263+0000] {logging_mixin.py:151} INFO - [2024-11-18T14:24:18.262+0000] {dag.py:3722} INFO - Setting next_dagrun for example_short_circuit_operator to 2024-11-17T14:24:18.262275+00:00, run_after=2024-11-18T14:24:18.262275+00:00
[2024-11-18T14:24:18.292+0000] {processor.py:179} INFO - Processing /home/airflow/.local/lib/python3.8/site-packages/airflow/example_dags/example_short_circuit_operator.py took 0.120 seconds
[2024-11-18T14:24:52.590+0000] {processor.py:157} INFO - Started process (PID=567) to work on /home/airflow/.local/lib/python3.8/site-packages/airflow/example_dags/example_short_circuit_operator.py
[2024-11-18T14:24:52.591+0000] {processor.py:829} INFO - Processing file /home/airflow/.local/lib/python3.8/site-packages/airflow/example_dags/example_short_circuit_operator.py for tasks to queue
[2024-11-18T14:24:52.594+0000] {logging_mixin.py:151} INFO - [2024-11-18T14:24:52.594+0000] {dagbag.py:536} INFO - Filling up the DagBag from /home/airflow/.local/lib/python3.8/site-packages/airflow/example_dags/example_short_circuit_operator.py
[2024-11-18T14:24:52.605+0000] {processor.py:839} INFO - DAG(s) dict_keys(['example_short_circuit_operator']) retrieved from /home/airflow/.local/lib/python3.8/site-packages/airflow/example_dags/example_short_circuit_operator.py
[2024-11-18T14:24:52.639+0000] {logging_mixin.py:151} INFO - [2024-11-18T14:24:52.639+0000] {dag.py:2941} INFO - Sync 1 DAGs
[2024-11-18T14:24:52.672+0000] {logging_mixin.py:151} INFO - [2024-11-18T14:24:52.672+0000] {dag.py:3722} INFO - Setting next_dagrun for example_short_circuit_operator to 2024-11-17T14:24:52.672275+00:00, run_after=2024-11-18T14:24:52.672275+00:00
[2024-11-18T14:24:52.700+0000] {processor.py:179} INFO - Processing /home/airflow/.local/lib/python3.8/site-packages/airflow/example_dags/example_short_circuit_operator.py took 0.115 seconds
[2024-11-18T14:25:25.656+0000] {processor.py:157} INFO - Started process (PID=622) to work on /home/airflow/.local/lib/python3.8/site-packages/airflow/example_dags/example_short_circuit_operator.py
[2024-11-18T14:25:25.657+0000] {processor.py:829} INFO - Processing file /home/airflow/.local/lib/python3.8/site-packages/airflow/example_dags/example_short_circuit_operator.py for tasks to queue
[2024-11-18T14:25:25.661+0000] {logging_mixin.py:151} INFO - [2024-11-18T14:25:25.660+0000] {dagbag.py:536} INFO - Filling up the DagBag from /home/airflow/.local/lib/python3.8/site-packages/airflow/example_dags/example_short_circuit_operator.py
[2024-11-18T14:25:25.671+0000] {processor.py:839} INFO - DAG(s) dict_keys(['example_short_circuit_operator']) retrieved from /home/airflow/.local/lib/python3.8/site-packages/airflow/example_dags/example_short_circuit_operator.py
[2024-11-18T14:25:25.689+0000] {logging_mixin.py:151} INFO - [2024-11-18T14:25:25.689+0000] {dag.py:2941} INFO - Sync 1 DAGs
[2024-11-18T14:25:25.726+0000] {logging_mixin.py:151} INFO - [2024-11-18T14:25:25.725+0000] {dag.py:3722} INFO - Setting next_dagrun for example_short_circuit_operator to 2024-11-17T14:25:25.725392+00:00, run_after=2024-11-18T14:25:25.725392+00:00
[2024-11-18T14:25:25.756+0000] {processor.py:179} INFO - Processing /home/airflow/.local/lib/python3.8/site-packages/airflow/example_dags/example_short_circuit_operator.py took 0.105 seconds
[2024-11-18T14:25:56.556+0000] {processor.py:157} INFO - Started process (PID=676) to work on /home/airflow/.local/lib/python3.8/site-packages/airflow/example_dags/example_short_circuit_operator.py
[2024-11-18T14:25:56.558+0000] {processor.py:829} INFO - Processing file /home/airflow/.local/lib/python3.8/site-packages/airflow/example_dags/example_short_circuit_operator.py for tasks to queue
[2024-11-18T14:25:56.564+0000] {logging_mixin.py:151} INFO - [2024-11-18T14:25:56.563+0000] {dagbag.py:536} INFO - Filling up the DagBag from /home/airflow/.local/lib/python3.8/site-packages/airflow/example_dags/example_short_circuit_operator.py
[2024-11-18T14:25:56.581+0000] {processor.py:839} INFO - DAG(s) dict_keys(['example_short_circuit_operator']) retrieved from /home/airflow/.local/lib/python3.8/site-packages/airflow/example_dags/example_short_circuit_operator.py
[2024-11-18T14:25:56.624+0000] {logging_mixin.py:151} INFO - [2024-11-18T14:25:56.623+0000] {dag.py:2941} INFO - Sync 1 DAGs
[2024-11-18T14:25:56.668+0000] {logging_mixin.py:151} INFO - [2024-11-18T14:25:56.668+0000] {dag.py:3722} INFO - Setting next_dagrun for example_short_circuit_operator to 2024-11-17T14:25:56.668013+00:00, run_after=2024-11-18T14:25:56.668013+00:00
[2024-11-18T14:25:56.699+0000] {processor.py:179} INFO - Processing /home/airflow/.local/lib/python3.8/site-packages/airflow/example_dags/example_short_circuit_operator.py took 0.149 seconds
[2024-11-18T14:26:27.962+0000] {processor.py:157} INFO - Started process (PID=730) to work on /home/airflow/.local/lib/python3.8/site-packages/airflow/example_dags/example_short_circuit_operator.py
[2024-11-18T14:26:27.964+0000] {processor.py:829} INFO - Processing file /home/airflow/.local/lib/python3.8/site-packages/airflow/example_dags/example_short_circuit_operator.py for tasks to queue
[2024-11-18T14:26:27.968+0000] {logging_mixin.py:151} INFO - [2024-11-18T14:26:27.967+0000] {dagbag.py:536} INFO - Filling up the DagBag from /home/airflow/.local/lib/python3.8/site-packages/airflow/example_dags/example_short_circuit_operator.py
[2024-11-18T14:26:27.979+0000] {processor.py:839} INFO - DAG(s) dict_keys(['example_short_circuit_operator']) retrieved from /home/airflow/.local/lib/python3.8/site-packages/airflow/example_dags/example_short_circuit_operator.py
[2024-11-18T14:26:28.027+0000] {logging_mixin.py:151} INFO - [2024-11-18T14:26:28.027+0000] {dag.py:2941} INFO - Sync 1 DAGs
[2024-11-18T14:26:28.071+0000] {logging_mixin.py:151} INFO - [2024-11-18T14:26:28.071+0000] {dag.py:3722} INFO - Setting next_dagrun for example_short_circuit_operator to 2024-11-17T14:26:28.070543+00:00, run_after=2024-11-18T14:26:28.070543+00:00
[2024-11-18T14:26:28.106+0000] {processor.py:179} INFO - Processing /home/airflow/.local/lib/python3.8/site-packages/airflow/example_dags/example_short_circuit_operator.py took 0.149 seconds
[2024-11-18T14:26:58.453+0000] {processor.py:157} INFO - Started process (PID=784) to work on /home/airflow/.local/lib/python3.8/site-packages/airflow/example_dags/example_short_circuit_operator.py
[2024-11-18T14:26:58.455+0000] {processor.py:829} INFO - Processing file /home/airflow/.local/lib/python3.8/site-packages/airflow/example_dags/example_short_circuit_operator.py for tasks to queue
[2024-11-18T14:26:58.458+0000] {logging_mixin.py:151} INFO - [2024-11-18T14:26:58.458+0000] {dagbag.py:536} INFO - Filling up the DagBag from /home/airflow/.local/lib/python3.8/site-packages/airflow/example_dags/example_short_circuit_operator.py
[2024-11-18T14:26:58.470+0000] {processor.py:839} INFO - DAG(s) dict_keys(['example_short_circuit_operator']) retrieved from /home/airflow/.local/lib/python3.8/site-packages/airflow/example_dags/example_short_circuit_operator.py
[2024-11-18T14:26:58.505+0000] {logging_mixin.py:151} INFO - [2024-11-18T14:26:58.505+0000] {dag.py:2941} INFO - Sync 1 DAGs
[2024-11-18T14:26:58.540+0000] {logging_mixin.py:151} INFO - [2024-11-18T14:26:58.540+0000] {dag.py:3722} INFO - Setting next_dagrun for example_short_circuit_operator to 2024-11-17T14:26:58.539765+00:00, run_after=2024-11-18T14:26:58.539765+00:00
[2024-11-18T14:26:58.570+0000] {processor.py:179} INFO - Processing /home/airflow/.local/lib/python3.8/site-packages/airflow/example_dags/example_short_circuit_operator.py took 0.122 seconds
[2024-11-18T14:27:29.100+0000] {processor.py:157} INFO - Started process (PID=831) to work on /home/airflow/.local/lib/python3.8/site-packages/airflow/example_dags/example_short_circuit_operator.py
[2024-11-18T14:27:29.102+0000] {processor.py:829} INFO - Processing file /home/airflow/.local/lib/python3.8/site-packages/airflow/example_dags/example_short_circuit_operator.py for tasks to queue
[2024-11-18T14:27:29.105+0000] {logging_mixin.py:151} INFO - [2024-11-18T14:27:29.105+0000] {dagbag.py:536} INFO - Filling up the DagBag from /home/airflow/.local/lib/python3.8/site-packages/airflow/example_dags/example_short_circuit_operator.py
[2024-11-18T14:27:29.116+0000] {processor.py:839} INFO - DAG(s) dict_keys(['example_short_circuit_operator']) retrieved from /home/airflow/.local/lib/python3.8/site-packages/airflow/example_dags/example_short_circuit_operator.py
[2024-11-18T14:27:29.153+0000] {logging_mixin.py:151} INFO - [2024-11-18T14:27:29.152+0000] {dag.py:2941} INFO - Sync 1 DAGs
[2024-11-18T14:27:29.188+0000] {logging_mixin.py:151} INFO - [2024-11-18T14:27:29.187+0000] {dag.py:3722} INFO - Setting next_dagrun for example_short_circuit_operator to 2024-11-17T14:27:29.187569+00:00, run_after=2024-11-18T14:27:29.187569+00:00
[2024-11-18T14:27:29.215+0000] {processor.py:179} INFO - Processing /home/airflow/.local/lib/python3.8/site-packages/airflow/example_dags/example_short_circuit_operator.py took 0.119 seconds
[2024-11-18T14:28:00.314+0000] {processor.py:157} INFO - Started process (PID=885) to work on /home/airflow/.local/lib/python3.8/site-packages/airflow/example_dags/example_short_circuit_operator.py
[2024-11-18T14:28:00.316+0000] {processor.py:829} INFO - Processing file /home/airflow/.local/lib/python3.8/site-packages/airflow/example_dags/example_short_circuit_operator.py for tasks to queue
[2024-11-18T14:28:00.320+0000] {logging_mixin.py:151} INFO - [2024-11-18T14:28:00.319+0000] {dagbag.py:536} INFO - Filling up the DagBag from /home/airflow/.local/lib/python3.8/site-packages/airflow/example_dags/example_short_circuit_operator.py
[2024-11-18T14:28:00.334+0000] {processor.py:839} INFO - DAG(s) dict_keys(['example_short_circuit_operator']) retrieved from /home/airflow/.local/lib/python3.8/site-packages/airflow/example_dags/example_short_circuit_operator.py
[2024-11-18T14:28:00.373+0000] {logging_mixin.py:151} INFO - [2024-11-18T14:28:00.373+0000] {dag.py:2941} INFO - Sync 1 DAGs
[2024-11-18T14:28:00.414+0000] {logging_mixin.py:151} INFO - [2024-11-18T14:28:00.414+0000] {dag.py:3722} INFO - Setting next_dagrun for example_short_circuit_operator to 2024-11-17T14:28:00.413996+00:00, run_after=2024-11-18T14:28:00.413996+00:00
[2024-11-18T14:28:00.446+0000] {processor.py:179} INFO - Processing /home/airflow/.local/lib/python3.8/site-packages/airflow/example_dags/example_short_circuit_operator.py took 0.138 seconds
[2024-11-18T14:28:31.185+0000] {processor.py:157} INFO - Started process (PID=940) to work on /home/airflow/.local/lib/python3.8/site-packages/airflow/example_dags/example_short_circuit_operator.py
[2024-11-18T14:28:31.187+0000] {processor.py:829} INFO - Processing file /home/airflow/.local/lib/python3.8/site-packages/airflow/example_dags/example_short_circuit_operator.py for tasks to queue
[2024-11-18T14:28:31.190+0000] {logging_mixin.py:151} INFO - [2024-11-18T14:28:31.190+0000] {dagbag.py:536} INFO - Filling up the DagBag from /home/airflow/.local/lib/python3.8/site-packages/airflow/example_dags/example_short_circuit_operator.py
[2024-11-18T14:28:31.202+0000] {processor.py:839} INFO - DAG(s) dict_keys(['example_short_circuit_operator']) retrieved from /home/airflow/.local/lib/python3.8/site-packages/airflow/example_dags/example_short_circuit_operator.py
[2024-11-18T14:28:31.237+0000] {logging_mixin.py:151} INFO - [2024-11-18T14:28:31.237+0000] {dag.py:2941} INFO - Sync 1 DAGs
[2024-11-18T14:28:31.269+0000] {logging_mixin.py:151} INFO - [2024-11-18T14:28:31.269+0000] {dag.py:3722} INFO - Setting next_dagrun for example_short_circuit_operator to 2024-11-17T14:28:31.268906+00:00, run_after=2024-11-18T14:28:31.268906+00:00
[2024-11-18T14:28:31.297+0000] {processor.py:179} INFO - Processing /home/airflow/.local/lib/python3.8/site-packages/airflow/example_dags/example_short_circuit_operator.py took 0.116 seconds
[2024-11-18T14:29:01.638+0000] {processor.py:157} INFO - Started process (PID=994) to work on /home/airflow/.local/lib/python3.8/site-packages/airflow/example_dags/example_short_circuit_operator.py
[2024-11-18T14:29:01.640+0000] {processor.py:829} INFO - Processing file /home/airflow/.local/lib/python3.8/site-packages/airflow/example_dags/example_short_circuit_operator.py for tasks to queue
[2024-11-18T14:29:01.643+0000] {logging_mixin.py:151} INFO - [2024-11-18T14:29:01.643+0000] {dagbag.py:536} INFO - Filling up the DagBag from /home/airflow/.local/lib/python3.8/site-packages/airflow/example_dags/example_short_circuit_operator.py
[2024-11-18T14:29:01.655+0000] {processor.py:839} INFO - DAG(s) dict_keys(['example_short_circuit_operator']) retrieved from /home/airflow/.local/lib/python3.8/site-packages/airflow/example_dags/example_short_circuit_operator.py
[2024-11-18T14:29:01.695+0000] {logging_mixin.py:151} INFO - [2024-11-18T14:29:01.695+0000] {dag.py:2941} INFO - Sync 1 DAGs
[2024-11-18T14:29:01.733+0000] {logging_mixin.py:151} INFO - [2024-11-18T14:29:01.732+0000] {dag.py:3722} INFO - Setting next_dagrun for example_short_circuit_operator to 2024-11-17T14:29:01.732093+00:00, run_after=2024-11-18T14:29:01.732093+00:00
[2024-11-18T14:29:01.765+0000] {processor.py:179} INFO - Processing /home/airflow/.local/lib/python3.8/site-packages/airflow/example_dags/example_short_circuit_operator.py took 0.131 seconds
[2024-11-18T14:29:32.678+0000] {processor.py:157} INFO - Started process (PID=1048) to work on /home/airflow/.local/lib/python3.8/site-packages/airflow/example_dags/example_short_circuit_operator.py
[2024-11-18T14:29:32.679+0000] {processor.py:829} INFO - Processing file /home/airflow/.local/lib/python3.8/site-packages/airflow/example_dags/example_short_circuit_operator.py for tasks to queue
[2024-11-18T14:29:32.683+0000] {logging_mixin.py:151} INFO - [2024-11-18T14:29:32.683+0000] {dagbag.py:536} INFO - Filling up the DagBag from /home/airflow/.local/lib/python3.8/site-packages/airflow/example_dags/example_short_circuit_operator.py
[2024-11-18T14:29:32.697+0000] {processor.py:839} INFO - DAG(s) dict_keys(['example_short_circuit_operator']) retrieved from /home/airflow/.local/lib/python3.8/site-packages/airflow/example_dags/example_short_circuit_operator.py
[2024-11-18T14:29:32.738+0000] {logging_mixin.py:151} INFO - [2024-11-18T14:29:32.738+0000] {dag.py:2941} INFO - Sync 1 DAGs
[2024-11-18T14:29:32.772+0000] {logging_mixin.py:151} INFO - [2024-11-18T14:29:32.771+0000] {dag.py:3722} INFO - Setting next_dagrun for example_short_circuit_operator to 2024-11-17T14:29:32.771565+00:00, run_after=2024-11-18T14:29:32.771565+00:00
[2024-11-18T14:29:32.801+0000] {processor.py:179} INFO - Processing /home/airflow/.local/lib/python3.8/site-packages/airflow/example_dags/example_short_circuit_operator.py took 0.128 seconds
[2024-11-18T14:30:03.430+0000] {processor.py:157} INFO - Started process (PID=1102) to work on /home/airflow/.local/lib/python3.8/site-packages/airflow/example_dags/example_short_circuit_operator.py
[2024-11-18T14:30:03.432+0000] {processor.py:829} INFO - Processing file /home/airflow/.local/lib/python3.8/site-packages/airflow/example_dags/example_short_circuit_operator.py for tasks to queue
[2024-11-18T14:30:03.436+0000] {logging_mixin.py:151} INFO - [2024-11-18T14:30:03.435+0000] {dagbag.py:536} INFO - Filling up the DagBag from /home/airflow/.local/lib/python3.8/site-packages/airflow/example_dags/example_short_circuit_operator.py
[2024-11-18T14:30:03.448+0000] {processor.py:839} INFO - DAG(s) dict_keys(['example_short_circuit_operator']) retrieved from /home/airflow/.local/lib/python3.8/site-packages/airflow/example_dags/example_short_circuit_operator.py
[2024-11-18T14:30:03.489+0000] {logging_mixin.py:151} INFO - [2024-11-18T14:30:03.489+0000] {dag.py:2941} INFO - Sync 1 DAGs
[2024-11-18T14:30:03.530+0000] {logging_mixin.py:151} INFO - [2024-11-18T14:30:03.530+0000] {dag.py:3722} INFO - Setting next_dagrun for example_short_circuit_operator to 2024-11-17T14:30:03.529949+00:00, run_after=2024-11-18T14:30:03.529949+00:00
[2024-11-18T14:30:03.565+0000] {processor.py:179} INFO - Processing /home/airflow/.local/lib/python3.8/site-packages/airflow/example_dags/example_short_circuit_operator.py took 0.141 seconds
[2024-11-18T14:33:20.939+0000] {processor.py:157} INFO - Started process (PID=117) to work on /home/airflow/.local/lib/python3.8/site-packages/airflow/example_dags/example_short_circuit_operator.py
[2024-11-18T14:33:20.941+0000] {processor.py:829} INFO - Processing file /home/airflow/.local/lib/python3.8/site-packages/airflow/example_dags/example_short_circuit_operator.py for tasks to queue
[2024-11-18T14:33:20.947+0000] {logging_mixin.py:151} INFO - [2024-11-18T14:33:20.947+0000] {dagbag.py:536} INFO - Filling up the DagBag from /home/airflow/.local/lib/python3.8/site-packages/airflow/example_dags/example_short_circuit_operator.py
[2024-11-18T14:33:20.962+0000] {processor.py:839} INFO - DAG(s) dict_keys(['example_short_circuit_operator']) retrieved from /home/airflow/.local/lib/python3.8/site-packages/airflow/example_dags/example_short_circuit_operator.py
[2024-11-18T14:33:21.002+0000] {logging_mixin.py:151} INFO - [2024-11-18T14:33:21.002+0000] {dag.py:2941} INFO - Sync 1 DAGs
[2024-11-18T14:33:21.043+0000] {logging_mixin.py:151} INFO - [2024-11-18T14:33:21.043+0000] {dag.py:3722} INFO - Setting next_dagrun for example_short_circuit_operator to 2024-11-17T14:33:21.042673+00:00, run_after=2024-11-18T14:33:21.042673+00:00
[2024-11-18T14:33:21.074+0000] {processor.py:179} INFO - Processing /home/airflow/.local/lib/python3.8/site-packages/airflow/example_dags/example_short_circuit_operator.py took 0.140 seconds
[2024-11-18T14:33:51.233+0000] {processor.py:157} INFO - Started process (PID=164) to work on /home/airflow/.local/lib/python3.8/site-packages/airflow/example_dags/example_short_circuit_operator.py
[2024-11-18T14:33:51.235+0000] {processor.py:829} INFO - Processing file /home/airflow/.local/lib/python3.8/site-packages/airflow/example_dags/example_short_circuit_operator.py for tasks to queue
[2024-11-18T14:33:51.238+0000] {logging_mixin.py:151} INFO - [2024-11-18T14:33:51.238+0000] {dagbag.py:536} INFO - Filling up the DagBag from /home/airflow/.local/lib/python3.8/site-packages/airflow/example_dags/example_short_circuit_operator.py
[2024-11-18T14:33:51.255+0000] {processor.py:839} INFO - DAG(s) dict_keys(['example_short_circuit_operator']) retrieved from /home/airflow/.local/lib/python3.8/site-packages/airflow/example_dags/example_short_circuit_operator.py
[2024-11-18T14:33:51.305+0000] {logging_mixin.py:151} INFO - [2024-11-18T14:33:51.304+0000] {dag.py:2941} INFO - Sync 1 DAGs
[2024-11-18T14:33:51.346+0000] {logging_mixin.py:151} INFO - [2024-11-18T14:33:51.345+0000] {dag.py:3722} INFO - Setting next_dagrun for example_short_circuit_operator to 2024-11-17T14:33:51.345448+00:00, run_after=2024-11-18T14:33:51.345448+00:00
[2024-11-18T14:33:51.380+0000] {processor.py:179} INFO - Processing /home/airflow/.local/lib/python3.8/site-packages/airflow/example_dags/example_short_circuit_operator.py took 0.154 seconds
[2024-11-18T14:34:22.027+0000] {processor.py:157} INFO - Started process (PID=218) to work on /home/airflow/.local/lib/python3.8/site-packages/airflow/example_dags/example_short_circuit_operator.py
[2024-11-18T14:34:22.029+0000] {processor.py:829} INFO - Processing file /home/airflow/.local/lib/python3.8/site-packages/airflow/example_dags/example_short_circuit_operator.py for tasks to queue
[2024-11-18T14:34:22.033+0000] {logging_mixin.py:151} INFO - [2024-11-18T14:34:22.032+0000] {dagbag.py:536} INFO - Filling up the DagBag from /home/airflow/.local/lib/python3.8/site-packages/airflow/example_dags/example_short_circuit_operator.py
[2024-11-18T14:34:22.046+0000] {processor.py:839} INFO - DAG(s) dict_keys(['example_short_circuit_operator']) retrieved from /home/airflow/.local/lib/python3.8/site-packages/airflow/example_dags/example_short_circuit_operator.py
[2024-11-18T14:34:22.091+0000] {logging_mixin.py:151} INFO - [2024-11-18T14:34:22.091+0000] {dag.py:2941} INFO - Sync 1 DAGs
[2024-11-18T14:34:22.134+0000] {logging_mixin.py:151} INFO - [2024-11-18T14:34:22.134+0000] {dag.py:3722} INFO - Setting next_dagrun for example_short_circuit_operator to 2024-11-17T14:34:22.133646+00:00, run_after=2024-11-18T14:34:22.133646+00:00
[2024-11-18T14:34:22.165+0000] {processor.py:179} INFO - Processing /home/airflow/.local/lib/python3.8/site-packages/airflow/example_dags/example_short_circuit_operator.py took 0.145 seconds
[2024-11-18T14:34:52.770+0000] {processor.py:157} INFO - Started process (PID=272) to work on /home/airflow/.local/lib/python3.8/site-packages/airflow/example_dags/example_short_circuit_operator.py
[2024-11-18T14:34:52.772+0000] {processor.py:829} INFO - Processing file /home/airflow/.local/lib/python3.8/site-packages/airflow/example_dags/example_short_circuit_operator.py for tasks to queue
[2024-11-18T14:34:52.775+0000] {logging_mixin.py:151} INFO - [2024-11-18T14:34:52.774+0000] {dagbag.py:536} INFO - Filling up the DagBag from /home/airflow/.local/lib/python3.8/site-packages/airflow/example_dags/example_short_circuit_operator.py
[2024-11-18T14:34:52.787+0000] {processor.py:839} INFO - DAG(s) dict_keys(['example_short_circuit_operator']) retrieved from /home/airflow/.local/lib/python3.8/site-packages/airflow/example_dags/example_short_circuit_operator.py
[2024-11-18T14:34:52.822+0000] {logging_mixin.py:151} INFO - [2024-11-18T14:34:52.822+0000] {dag.py:2941} INFO - Sync 1 DAGs
[2024-11-18T14:34:52.855+0000] {logging_mixin.py:151} INFO - [2024-11-18T14:34:52.855+0000] {dag.py:3722} INFO - Setting next_dagrun for example_short_circuit_operator to 2024-11-17T14:34:52.854988+00:00, run_after=2024-11-18T14:34:52.854988+00:00
[2024-11-18T14:34:52.884+0000] {processor.py:179} INFO - Processing /home/airflow/.local/lib/python3.8/site-packages/airflow/example_dags/example_short_circuit_operator.py took 0.119 seconds
[2024-11-18T14:35:24.434+0000] {processor.py:157} INFO - Started process (PID=326) to work on /home/airflow/.local/lib/python3.8/site-packages/airflow/example_dags/example_short_circuit_operator.py
[2024-11-18T14:35:24.436+0000] {processor.py:829} INFO - Processing file /home/airflow/.local/lib/python3.8/site-packages/airflow/example_dags/example_short_circuit_operator.py for tasks to queue
[2024-11-18T14:35:24.439+0000] {logging_mixin.py:151} INFO - [2024-11-18T14:35:24.438+0000] {dagbag.py:536} INFO - Filling up the DagBag from /home/airflow/.local/lib/python3.8/site-packages/airflow/example_dags/example_short_circuit_operator.py
[2024-11-18T14:35:24.450+0000] {processor.py:839} INFO - DAG(s) dict_keys(['example_short_circuit_operator']) retrieved from /home/airflow/.local/lib/python3.8/site-packages/airflow/example_dags/example_short_circuit_operator.py
[2024-11-18T14:35:24.484+0000] {logging_mixin.py:151} INFO - [2024-11-18T14:35:24.483+0000] {dag.py:2941} INFO - Sync 1 DAGs
[2024-11-18T14:35:24.515+0000] {logging_mixin.py:151} INFO - [2024-11-18T14:35:24.515+0000] {dag.py:3722} INFO - Setting next_dagrun for example_short_circuit_operator to 2024-11-17T14:35:24.515334+00:00, run_after=2024-11-18T14:35:24.515334+00:00
[2024-11-18T14:35:24.543+0000] {processor.py:179} INFO - Processing /home/airflow/.local/lib/python3.8/site-packages/airflow/example_dags/example_short_circuit_operator.py took 0.113 seconds
[2024-11-18T14:35:57.391+0000] {processor.py:157} INFO - Started process (PID=380) to work on /home/airflow/.local/lib/python3.8/site-packages/airflow/example_dags/example_short_circuit_operator.py
[2024-11-18T14:35:57.393+0000] {processor.py:829} INFO - Processing file /home/airflow/.local/lib/python3.8/site-packages/airflow/example_dags/example_short_circuit_operator.py for tasks to queue
[2024-11-18T14:35:57.396+0000] {logging_mixin.py:151} INFO - [2024-11-18T14:35:57.395+0000] {dagbag.py:536} INFO - Filling up the DagBag from /home/airflow/.local/lib/python3.8/site-packages/airflow/example_dags/example_short_circuit_operator.py
[2024-11-18T14:35:57.408+0000] {processor.py:839} INFO - DAG(s) dict_keys(['example_short_circuit_operator']) retrieved from /home/airflow/.local/lib/python3.8/site-packages/airflow/example_dags/example_short_circuit_operator.py
[2024-11-18T14:35:57.444+0000] {logging_mixin.py:151} INFO - [2024-11-18T14:35:57.443+0000] {dag.py:2941} INFO - Sync 1 DAGs
[2024-11-18T14:35:57.476+0000] {logging_mixin.py:151} INFO - [2024-11-18T14:35:57.476+0000] {dag.py:3722} INFO - Setting next_dagrun for example_short_circuit_operator to 2024-11-17T14:35:57.476231+00:00, run_after=2024-11-18T14:35:57.476231+00:00
[2024-11-18T14:35:57.505+0000] {processor.py:179} INFO - Processing /home/airflow/.local/lib/python3.8/site-packages/airflow/example_dags/example_short_circuit_operator.py took 0.119 seconds
[2024-11-18T14:36:31.280+0000] {processor.py:157} INFO - Started process (PID=434) to work on /home/airflow/.local/lib/python3.8/site-packages/airflow/example_dags/example_short_circuit_operator.py
[2024-11-18T14:36:31.282+0000] {processor.py:829} INFO - Processing file /home/airflow/.local/lib/python3.8/site-packages/airflow/example_dags/example_short_circuit_operator.py for tasks to queue
[2024-11-18T14:36:31.285+0000] {logging_mixin.py:151} INFO - [2024-11-18T14:36:31.284+0000] {dagbag.py:536} INFO - Filling up the DagBag from /home/airflow/.local/lib/python3.8/site-packages/airflow/example_dags/example_short_circuit_operator.py
[2024-11-18T14:36:31.296+0000] {processor.py:839} INFO - DAG(s) dict_keys(['example_short_circuit_operator']) retrieved from /home/airflow/.local/lib/python3.8/site-packages/airflow/example_dags/example_short_circuit_operator.py
[2024-11-18T14:36:31.331+0000] {logging_mixin.py:151} INFO - [2024-11-18T14:36:31.330+0000] {dag.py:2941} INFO - Sync 1 DAGs
[2024-11-18T14:36:31.366+0000] {logging_mixin.py:151} INFO - [2024-11-18T14:36:31.366+0000] {dag.py:3722} INFO - Setting next_dagrun for example_short_circuit_operator to 2024-11-17T14:36:31.366277+00:00, run_after=2024-11-18T14:36:31.366277+00:00
[2024-11-18T14:36:31.394+0000] {processor.py:179} INFO - Processing /home/airflow/.local/lib/python3.8/site-packages/airflow/example_dags/example_short_circuit_operator.py took 0.119 seconds
[2024-11-18T14:37:04.186+0000] {processor.py:157} INFO - Started process (PID=488) to work on /home/airflow/.local/lib/python3.8/site-packages/airflow/example_dags/example_short_circuit_operator.py
[2024-11-18T14:37:04.188+0000] {processor.py:829} INFO - Processing file /home/airflow/.local/lib/python3.8/site-packages/airflow/example_dags/example_short_circuit_operator.py for tasks to queue
[2024-11-18T14:37:04.191+0000] {logging_mixin.py:151} INFO - [2024-11-18T14:37:04.190+0000] {dagbag.py:536} INFO - Filling up the DagBag from /home/airflow/.local/lib/python3.8/site-packages/airflow/example_dags/example_short_circuit_operator.py
[2024-11-18T14:37:04.202+0000] {processor.py:839} INFO - DAG(s) dict_keys(['example_short_circuit_operator']) retrieved from /home/airflow/.local/lib/python3.8/site-packages/airflow/example_dags/example_short_circuit_operator.py
[2024-11-18T14:37:04.237+0000] {logging_mixin.py:151} INFO - [2024-11-18T14:37:04.237+0000] {dag.py:2941} INFO - Sync 1 DAGs
[2024-11-18T14:37:04.270+0000] {logging_mixin.py:151} INFO - [2024-11-18T14:37:04.270+0000] {dag.py:3722} INFO - Setting next_dagrun for example_short_circuit_operator to 2024-11-17T14:37:04.270155+00:00, run_after=2024-11-18T14:37:04.270155+00:00
[2024-11-18T14:37:04.299+0000] {processor.py:179} INFO - Processing /home/airflow/.local/lib/python3.8/site-packages/airflow/example_dags/example_short_circuit_operator.py took 0.118 seconds
[2024-11-18T14:37:37.388+0000] {processor.py:157} INFO - Started process (PID=542) to work on /home/airflow/.local/lib/python3.8/site-packages/airflow/example_dags/example_short_circuit_operator.py
[2024-11-18T14:37:37.389+0000] {processor.py:829} INFO - Processing file /home/airflow/.local/lib/python3.8/site-packages/airflow/example_dags/example_short_circuit_operator.py for tasks to queue
[2024-11-18T14:37:37.392+0000] {logging_mixin.py:151} INFO - [2024-11-18T14:37:37.391+0000] {dagbag.py:536} INFO - Filling up the DagBag from /home/airflow/.local/lib/python3.8/site-packages/airflow/example_dags/example_short_circuit_operator.py
[2024-11-18T14:37:37.403+0000] {processor.py:839} INFO - DAG(s) dict_keys(['example_short_circuit_operator']) retrieved from /home/airflow/.local/lib/python3.8/site-packages/airflow/example_dags/example_short_circuit_operator.py
[2024-11-18T14:37:37.438+0000] {logging_mixin.py:151} INFO - [2024-11-18T14:37:37.438+0000] {dag.py:2941} INFO - Sync 1 DAGs
[2024-11-18T14:37:37.472+0000] {logging_mixin.py:151} INFO - [2024-11-18T14:37:37.472+0000] {dag.py:3722} INFO - Setting next_dagrun for example_short_circuit_operator to 2024-11-17T14:37:37.471981+00:00, run_after=2024-11-18T14:37:37.471981+00:00
[2024-11-18T14:37:37.500+0000] {processor.py:179} INFO - Processing /home/airflow/.local/lib/python3.8/site-packages/airflow/example_dags/example_short_circuit_operator.py took 0.117 seconds
[2024-11-18T14:38:10.726+0000] {processor.py:157} INFO - Started process (PID=596) to work on /home/airflow/.local/lib/python3.8/site-packages/airflow/example_dags/example_short_circuit_operator.py
[2024-11-18T14:38:10.728+0000] {processor.py:829} INFO - Processing file /home/airflow/.local/lib/python3.8/site-packages/airflow/example_dags/example_short_circuit_operator.py for tasks to queue
[2024-11-18T14:38:10.732+0000] {logging_mixin.py:151} INFO - [2024-11-18T14:38:10.731+0000] {dagbag.py:536} INFO - Filling up the DagBag from /home/airflow/.local/lib/python3.8/site-packages/airflow/example_dags/example_short_circuit_operator.py
[2024-11-18T14:38:10.743+0000] {processor.py:839} INFO - DAG(s) dict_keys(['example_short_circuit_operator']) retrieved from /home/airflow/.local/lib/python3.8/site-packages/airflow/example_dags/example_short_circuit_operator.py
[2024-11-18T14:38:10.781+0000] {logging_mixin.py:151} INFO - [2024-11-18T14:38:10.780+0000] {dag.py:2941} INFO - Sync 1 DAGs
[2024-11-18T14:38:10.818+0000] {logging_mixin.py:151} INFO - [2024-11-18T14:38:10.817+0000] {dag.py:3722} INFO - Setting next_dagrun for example_short_circuit_operator to 2024-11-17T14:38:10.817300+00:00, run_after=2024-11-18T14:38:10.817300+00:00
[2024-11-18T14:38:10.846+0000] {processor.py:179} INFO - Processing /home/airflow/.local/lib/python3.8/site-packages/airflow/example_dags/example_short_circuit_operator.py took 0.125 seconds
[2024-11-18T14:38:43.991+0000] {processor.py:157} INFO - Started process (PID=650) to work on /home/airflow/.local/lib/python3.8/site-packages/airflow/example_dags/example_short_circuit_operator.py
[2024-11-18T14:38:43.992+0000] {processor.py:829} INFO - Processing file /home/airflow/.local/lib/python3.8/site-packages/airflow/example_dags/example_short_circuit_operator.py for tasks to queue
[2024-11-18T14:38:43.995+0000] {logging_mixin.py:151} INFO - [2024-11-18T14:38:43.995+0000] {dagbag.py:536} INFO - Filling up the DagBag from /home/airflow/.local/lib/python3.8/site-packages/airflow/example_dags/example_short_circuit_operator.py
[2024-11-18T14:38:44.006+0000] {processor.py:839} INFO - DAG(s) dict_keys(['example_short_circuit_operator']) retrieved from /home/airflow/.local/lib/python3.8/site-packages/airflow/example_dags/example_short_circuit_operator.py
[2024-11-18T14:38:44.042+0000] {logging_mixin.py:151} INFO - [2024-11-18T14:38:44.042+0000] {dag.py:2941} INFO - Sync 1 DAGs
[2024-11-18T14:38:44.076+0000] {logging_mixin.py:151} INFO - [2024-11-18T14:38:44.075+0000] {dag.py:3722} INFO - Setting next_dagrun for example_short_circuit_operator to 2024-11-17T14:38:44.075518+00:00, run_after=2024-11-18T14:38:44.075518+00:00
[2024-11-18T14:38:44.103+0000] {processor.py:179} INFO - Processing /home/airflow/.local/lib/python3.8/site-packages/airflow/example_dags/example_short_circuit_operator.py took 0.117 seconds
[2024-11-18T14:39:18.037+0000] {processor.py:157} INFO - Started process (PID=704) to work on /home/airflow/.local/lib/python3.8/site-packages/airflow/example_dags/example_short_circuit_operator.py
[2024-11-18T14:39:18.038+0000] {processor.py:829} INFO - Processing file /home/airflow/.local/lib/python3.8/site-packages/airflow/example_dags/example_short_circuit_operator.py for tasks to queue
[2024-11-18T14:39:18.041+0000] {logging_mixin.py:151} INFO - [2024-11-18T14:39:18.041+0000] {dagbag.py:536} INFO - Filling up the DagBag from /home/airflow/.local/lib/python3.8/site-packages/airflow/example_dags/example_short_circuit_operator.py
[2024-11-18T14:39:18.052+0000] {processor.py:839} INFO - DAG(s) dict_keys(['example_short_circuit_operator']) retrieved from /home/airflow/.local/lib/python3.8/site-packages/airflow/example_dags/example_short_circuit_operator.py
[2024-11-18T14:39:18.086+0000] {logging_mixin.py:151} INFO - [2024-11-18T14:39:18.085+0000] {dag.py:2941} INFO - Sync 1 DAGs
[2024-11-18T14:39:18.120+0000] {logging_mixin.py:151} INFO - [2024-11-18T14:39:18.119+0000] {dag.py:3722} INFO - Setting next_dagrun for example_short_circuit_operator to 2024-11-17T14:39:18.119440+00:00, run_after=2024-11-18T14:39:18.119440+00:00
[2024-11-18T14:39:18.148+0000] {processor.py:179} INFO - Processing /home/airflow/.local/lib/python3.8/site-packages/airflow/example_dags/example_short_circuit_operator.py took 0.116 seconds
[2024-11-18T14:39:50.954+0000] {processor.py:157} INFO - Started process (PID=758) to work on /home/airflow/.local/lib/python3.8/site-packages/airflow/example_dags/example_short_circuit_operator.py
[2024-11-18T14:39:50.955+0000] {processor.py:829} INFO - Processing file /home/airflow/.local/lib/python3.8/site-packages/airflow/example_dags/example_short_circuit_operator.py for tasks to queue
[2024-11-18T14:39:50.958+0000] {logging_mixin.py:151} INFO - [2024-11-18T14:39:50.958+0000] {dagbag.py:536} INFO - Filling up the DagBag from /home/airflow/.local/lib/python3.8/site-packages/airflow/example_dags/example_short_circuit_operator.py
[2024-11-18T14:39:50.969+0000] {processor.py:839} INFO - DAG(s) dict_keys(['example_short_circuit_operator']) retrieved from /home/airflow/.local/lib/python3.8/site-packages/airflow/example_dags/example_short_circuit_operator.py
[2024-11-18T14:39:51.006+0000] {logging_mixin.py:151} INFO - [2024-11-18T14:39:51.005+0000] {dag.py:2941} INFO - Sync 1 DAGs
[2024-11-18T14:39:51.040+0000] {logging_mixin.py:151} INFO - [2024-11-18T14:39:51.039+0000] {dag.py:3722} INFO - Setting next_dagrun for example_short_circuit_operator to 2024-11-17T14:39:51.039613+00:00, run_after=2024-11-18T14:39:51.039613+00:00
[2024-11-18T14:39:51.068+0000] {processor.py:179} INFO - Processing /home/airflow/.local/lib/python3.8/site-packages/airflow/example_dags/example_short_circuit_operator.py took 0.119 seconds
[2024-11-18T14:40:24.348+0000] {processor.py:157} INFO - Started process (PID=812) to work on /home/airflow/.local/lib/python3.8/site-packages/airflow/example_dags/example_short_circuit_operator.py
[2024-11-18T14:40:24.349+0000] {processor.py:829} INFO - Processing file /home/airflow/.local/lib/python3.8/site-packages/airflow/example_dags/example_short_circuit_operator.py for tasks to queue
[2024-11-18T14:40:24.352+0000] {logging_mixin.py:151} INFO - [2024-11-18T14:40:24.352+0000] {dagbag.py:536} INFO - Filling up the DagBag from /home/airflow/.local/lib/python3.8/site-packages/airflow/example_dags/example_short_circuit_operator.py
[2024-11-18T14:40:24.363+0000] {processor.py:839} INFO - DAG(s) dict_keys(['example_short_circuit_operator']) retrieved from /home/airflow/.local/lib/python3.8/site-packages/airflow/example_dags/example_short_circuit_operator.py
[2024-11-18T14:40:24.399+0000] {logging_mixin.py:151} INFO - [2024-11-18T14:40:24.398+0000] {dag.py:2941} INFO - Sync 1 DAGs
[2024-11-18T14:40:24.432+0000] {logging_mixin.py:151} INFO - [2024-11-18T14:40:24.432+0000] {dag.py:3722} INFO - Setting next_dagrun for example_short_circuit_operator to 2024-11-17T14:40:24.432184+00:00, run_after=2024-11-18T14:40:24.432184+00:00
[2024-11-18T14:40:24.462+0000] {processor.py:179} INFO - Processing /home/airflow/.local/lib/python3.8/site-packages/airflow/example_dags/example_short_circuit_operator.py took 0.118 seconds
[2024-11-18T14:40:57.912+0000] {processor.py:157} INFO - Started process (PID=866) to work on /home/airflow/.local/lib/python3.8/site-packages/airflow/example_dags/example_short_circuit_operator.py
[2024-11-18T14:40:57.914+0000] {processor.py:829} INFO - Processing file /home/airflow/.local/lib/python3.8/site-packages/airflow/example_dags/example_short_circuit_operator.py for tasks to queue
[2024-11-18T14:40:57.916+0000] {logging_mixin.py:151} INFO - [2024-11-18T14:40:57.916+0000] {dagbag.py:536} INFO - Filling up the DagBag from /home/airflow/.local/lib/python3.8/site-packages/airflow/example_dags/example_short_circuit_operator.py
[2024-11-18T14:40:57.927+0000] {processor.py:839} INFO - DAG(s) dict_keys(['example_short_circuit_operator']) retrieved from /home/airflow/.local/lib/python3.8/site-packages/airflow/example_dags/example_short_circuit_operator.py
[2024-11-18T14:40:57.964+0000] {logging_mixin.py:151} INFO - [2024-11-18T14:40:57.964+0000] {dag.py:2941} INFO - Sync 1 DAGs
[2024-11-18T14:40:57.999+0000] {logging_mixin.py:151} INFO - [2024-11-18T14:40:57.998+0000] {dag.py:3722} INFO - Setting next_dagrun for example_short_circuit_operator to 2024-11-17T14:40:57.998353+00:00, run_after=2024-11-18T14:40:57.998353+00:00
[2024-11-18T14:40:58.029+0000] {processor.py:179} INFO - Processing /home/airflow/.local/lib/python3.8/site-packages/airflow/example_dags/example_short_circuit_operator.py took 0.121 seconds
[2024-11-18T14:41:30.855+0000] {processor.py:157} INFO - Started process (PID=920) to work on /home/airflow/.local/lib/python3.8/site-packages/airflow/example_dags/example_short_circuit_operator.py
[2024-11-18T14:41:30.856+0000] {processor.py:829} INFO - Processing file /home/airflow/.local/lib/python3.8/site-packages/airflow/example_dags/example_short_circuit_operator.py for tasks to queue
[2024-11-18T14:41:30.859+0000] {logging_mixin.py:151} INFO - [2024-11-18T14:41:30.859+0000] {dagbag.py:536} INFO - Filling up the DagBag from /home/airflow/.local/lib/python3.8/site-packages/airflow/example_dags/example_short_circuit_operator.py
[2024-11-18T14:41:30.871+0000] {processor.py:839} INFO - DAG(s) dict_keys(['example_short_circuit_operator']) retrieved from /home/airflow/.local/lib/python3.8/site-packages/airflow/example_dags/example_short_circuit_operator.py
[2024-11-18T14:41:30.906+0000] {logging_mixin.py:151} INFO - [2024-11-18T14:41:30.906+0000] {dag.py:2941} INFO - Sync 1 DAGs
[2024-11-18T14:41:30.941+0000] {logging_mixin.py:151} INFO - [2024-11-18T14:41:30.941+0000] {dag.py:3722} INFO - Setting next_dagrun for example_short_circuit_operator to 2024-11-17T14:41:30.940474+00:00, run_after=2024-11-18T14:41:30.940474+00:00
[2024-11-18T14:41:30.969+0000] {processor.py:179} INFO - Processing /home/airflow/.local/lib/python3.8/site-packages/airflow/example_dags/example_short_circuit_operator.py took 0.119 seconds
[2024-11-18T14:42:04.162+0000] {processor.py:157} INFO - Started process (PID=974) to work on /home/airflow/.local/lib/python3.8/site-packages/airflow/example_dags/example_short_circuit_operator.py
[2024-11-18T14:42:04.163+0000] {processor.py:829} INFO - Processing file /home/airflow/.local/lib/python3.8/site-packages/airflow/example_dags/example_short_circuit_operator.py for tasks to queue
[2024-11-18T14:42:04.166+0000] {logging_mixin.py:151} INFO - [2024-11-18T14:42:04.166+0000] {dagbag.py:536} INFO - Filling up the DagBag from /home/airflow/.local/lib/python3.8/site-packages/airflow/example_dags/example_short_circuit_operator.py
[2024-11-18T14:42:04.179+0000] {processor.py:839} INFO - DAG(s) dict_keys(['example_short_circuit_operator']) retrieved from /home/airflow/.local/lib/python3.8/site-packages/airflow/example_dags/example_short_circuit_operator.py
[2024-11-18T14:42:04.214+0000] {logging_mixin.py:151} INFO - [2024-11-18T14:42:04.214+0000] {dag.py:2941} INFO - Sync 1 DAGs
[2024-11-18T14:42:04.249+0000] {logging_mixin.py:151} INFO - [2024-11-18T14:42:04.248+0000] {dag.py:3722} INFO - Setting next_dagrun for example_short_circuit_operator to 2024-11-17T14:42:04.248263+00:00, run_after=2024-11-18T14:42:04.248263+00:00
[2024-11-18T14:42:04.279+0000] {processor.py:179} INFO - Processing /home/airflow/.local/lib/python3.8/site-packages/airflow/example_dags/example_short_circuit_operator.py took 0.123 seconds
[2024-11-18T14:42:37.863+0000] {processor.py:157} INFO - Started process (PID=1028) to work on /home/airflow/.local/lib/python3.8/site-packages/airflow/example_dags/example_short_circuit_operator.py
[2024-11-18T14:42:37.865+0000] {processor.py:829} INFO - Processing file /home/airflow/.local/lib/python3.8/site-packages/airflow/example_dags/example_short_circuit_operator.py for tasks to queue
[2024-11-18T14:42:37.868+0000] {logging_mixin.py:151} INFO - [2024-11-18T14:42:37.867+0000] {dagbag.py:536} INFO - Filling up the DagBag from /home/airflow/.local/lib/python3.8/site-packages/airflow/example_dags/example_short_circuit_operator.py
[2024-11-18T14:42:37.880+0000] {processor.py:839} INFO - DAG(s) dict_keys(['example_short_circuit_operator']) retrieved from /home/airflow/.local/lib/python3.8/site-packages/airflow/example_dags/example_short_circuit_operator.py
[2024-11-18T14:42:37.916+0000] {logging_mixin.py:151} INFO - [2024-11-18T14:42:37.915+0000] {dag.py:2941} INFO - Sync 1 DAGs
[2024-11-18T14:42:37.950+0000] {logging_mixin.py:151} INFO - [2024-11-18T14:42:37.950+0000] {dag.py:3722} INFO - Setting next_dagrun for example_short_circuit_operator to 2024-11-17T14:42:37.949756+00:00, run_after=2024-11-18T14:42:37.949756+00:00
[2024-11-18T14:42:37.978+0000] {processor.py:179} INFO - Processing /home/airflow/.local/lib/python3.8/site-packages/airflow/example_dags/example_short_circuit_operator.py took 0.119 seconds
[2024-11-18T14:43:11.642+0000] {processor.py:157} INFO - Started process (PID=1082) to work on /home/airflow/.local/lib/python3.8/site-packages/airflow/example_dags/example_short_circuit_operator.py
[2024-11-18T14:43:11.643+0000] {processor.py:829} INFO - Processing file /home/airflow/.local/lib/python3.8/site-packages/airflow/example_dags/example_short_circuit_operator.py for tasks to queue
[2024-11-18T14:43:11.646+0000] {logging_mixin.py:151} INFO - [2024-11-18T14:43:11.645+0000] {dagbag.py:536} INFO - Filling up the DagBag from /home/airflow/.local/lib/python3.8/site-packages/airflow/example_dags/example_short_circuit_operator.py
[2024-11-18T14:43:11.657+0000] {processor.py:839} INFO - DAG(s) dict_keys(['example_short_circuit_operator']) retrieved from /home/airflow/.local/lib/python3.8/site-packages/airflow/example_dags/example_short_circuit_operator.py
[2024-11-18T14:43:11.693+0000] {logging_mixin.py:151} INFO - [2024-11-18T14:43:11.693+0000] {dag.py:2941} INFO - Sync 1 DAGs
[2024-11-18T14:43:11.727+0000] {logging_mixin.py:151} INFO - [2024-11-18T14:43:11.727+0000] {dag.py:3722} INFO - Setting next_dagrun for example_short_circuit_operator to 2024-11-17T14:43:11.727055+00:00, run_after=2024-11-18T14:43:11.727055+00:00
[2024-11-18T14:43:11.757+0000] {processor.py:179} INFO - Processing /home/airflow/.local/lib/python3.8/site-packages/airflow/example_dags/example_short_circuit_operator.py took 0.120 seconds
[2024-11-18T14:43:45.212+0000] {processor.py:157} INFO - Started process (PID=1136) to work on /home/airflow/.local/lib/python3.8/site-packages/airflow/example_dags/example_short_circuit_operator.py
[2024-11-18T14:43:45.214+0000] {processor.py:829} INFO - Processing file /home/airflow/.local/lib/python3.8/site-packages/airflow/example_dags/example_short_circuit_operator.py for tasks to queue
[2024-11-18T14:43:45.218+0000] {logging_mixin.py:151} INFO - [2024-11-18T14:43:45.217+0000] {dagbag.py:536} INFO - Filling up the DagBag from /home/airflow/.local/lib/python3.8/site-packages/airflow/example_dags/example_short_circuit_operator.py
[2024-11-18T14:43:45.236+0000] {processor.py:839} INFO - DAG(s) dict_keys(['example_short_circuit_operator']) retrieved from /home/airflow/.local/lib/python3.8/site-packages/airflow/example_dags/example_short_circuit_operator.py
[2024-11-18T14:43:45.279+0000] {logging_mixin.py:151} INFO - [2024-11-18T14:43:45.278+0000] {dag.py:2941} INFO - Sync 1 DAGs
[2024-11-18T14:43:45.325+0000] {logging_mixin.py:151} INFO - [2024-11-18T14:43:45.324+0000] {dag.py:3722} INFO - Setting next_dagrun for example_short_circuit_operator to 2024-11-17T14:43:45.324557+00:00, run_after=2024-11-18T14:43:45.324557+00:00
[2024-11-18T14:43:45.362+0000] {processor.py:179} INFO - Processing /home/airflow/.local/lib/python3.8/site-packages/airflow/example_dags/example_short_circuit_operator.py took 0.155 seconds
[2024-11-18T14:44:17.340+0000] {processor.py:157} INFO - Started process (PID=1190) to work on /home/airflow/.local/lib/python3.8/site-packages/airflow/example_dags/example_short_circuit_operator.py
[2024-11-18T14:44:17.341+0000] {processor.py:829} INFO - Processing file /home/airflow/.local/lib/python3.8/site-packages/airflow/example_dags/example_short_circuit_operator.py for tasks to queue
[2024-11-18T14:44:17.344+0000] {logging_mixin.py:151} INFO - [2024-11-18T14:44:17.344+0000] {dagbag.py:536} INFO - Filling up the DagBag from /home/airflow/.local/lib/python3.8/site-packages/airflow/example_dags/example_short_circuit_operator.py
[2024-11-18T14:44:17.355+0000] {processor.py:839} INFO - DAG(s) dict_keys(['example_short_circuit_operator']) retrieved from /home/airflow/.local/lib/python3.8/site-packages/airflow/example_dags/example_short_circuit_operator.py
[2024-11-18T14:44:17.391+0000] {logging_mixin.py:151} INFO - [2024-11-18T14:44:17.391+0000] {dag.py:2941} INFO - Sync 1 DAGs
[2024-11-18T14:44:17.424+0000] {logging_mixin.py:151} INFO - [2024-11-18T14:44:17.424+0000] {dag.py:3722} INFO - Setting next_dagrun for example_short_circuit_operator to 2024-11-17T14:44:17.424169+00:00, run_after=2024-11-18T14:44:17.424169+00:00
[2024-11-18T14:44:17.453+0000] {processor.py:179} INFO - Processing /home/airflow/.local/lib/python3.8/site-packages/airflow/example_dags/example_short_circuit_operator.py took 0.119 seconds
[2024-11-18T14:44:52.406+0000] {processor.py:157} INFO - Started process (PID=1244) to work on /home/airflow/.local/lib/python3.8/site-packages/airflow/example_dags/example_short_circuit_operator.py
[2024-11-18T14:44:52.408+0000] {processor.py:829} INFO - Processing file /home/airflow/.local/lib/python3.8/site-packages/airflow/example_dags/example_short_circuit_operator.py for tasks to queue
[2024-11-18T14:44:52.411+0000] {logging_mixin.py:151} INFO - [2024-11-18T14:44:52.410+0000] {dagbag.py:536} INFO - Filling up the DagBag from /home/airflow/.local/lib/python3.8/site-packages/airflow/example_dags/example_short_circuit_operator.py
[2024-11-18T14:44:52.422+0000] {processor.py:839} INFO - DAG(s) dict_keys(['example_short_circuit_operator']) retrieved from /home/airflow/.local/lib/python3.8/site-packages/airflow/example_dags/example_short_circuit_operator.py
[2024-11-18T14:44:52.459+0000] {logging_mixin.py:151} INFO - [2024-11-18T14:44:52.459+0000] {dag.py:2941} INFO - Sync 1 DAGs
[2024-11-18T14:44:52.493+0000] {logging_mixin.py:151} INFO - [2024-11-18T14:44:52.493+0000] {dag.py:3722} INFO - Setting next_dagrun for example_short_circuit_operator to 2024-11-17T14:44:52.492758+00:00, run_after=2024-11-18T14:44:52.492758+00:00
[2024-11-18T14:44:52.521+0000] {processor.py:179} INFO - Processing /home/airflow/.local/lib/python3.8/site-packages/airflow/example_dags/example_short_circuit_operator.py took 0.120 seconds
[2024-11-18T14:45:26.652+0000] {processor.py:157} INFO - Started process (PID=1298) to work on /home/airflow/.local/lib/python3.8/site-packages/airflow/example_dags/example_short_circuit_operator.py
[2024-11-18T14:45:26.654+0000] {processor.py:829} INFO - Processing file /home/airflow/.local/lib/python3.8/site-packages/airflow/example_dags/example_short_circuit_operator.py for tasks to queue
[2024-11-18T14:45:26.656+0000] {logging_mixin.py:151} INFO - [2024-11-18T14:45:26.656+0000] {dagbag.py:536} INFO - Filling up the DagBag from /home/airflow/.local/lib/python3.8/site-packages/airflow/example_dags/example_short_circuit_operator.py
[2024-11-18T14:45:26.667+0000] {processor.py:839} INFO - DAG(s) dict_keys(['example_short_circuit_operator']) retrieved from /home/airflow/.local/lib/python3.8/site-packages/airflow/example_dags/example_short_circuit_operator.py
[2024-11-18T14:45:26.703+0000] {logging_mixin.py:151} INFO - [2024-11-18T14:45:26.703+0000] {dag.py:2941} INFO - Sync 1 DAGs
[2024-11-18T14:45:26.910+0000] {logging_mixin.py:151} INFO - [2024-11-18T14:45:26.909+0000] {dag.py:3722} INFO - Setting next_dagrun for example_short_circuit_operator to 2024-11-17T14:45:26.909707+00:00, run_after=2024-11-18T14:45:26.909707+00:00
[2024-11-18T14:45:26.936+0000] {processor.py:179} INFO - Processing /home/airflow/.local/lib/python3.8/site-packages/airflow/example_dags/example_short_circuit_operator.py took 0.288 seconds
[2024-11-18T14:45:57.811+0000] {processor.py:157} INFO - Started process (PID=1352) to work on /home/airflow/.local/lib/python3.8/site-packages/airflow/example_dags/example_short_circuit_operator.py
[2024-11-18T14:45:57.812+0000] {processor.py:829} INFO - Processing file /home/airflow/.local/lib/python3.8/site-packages/airflow/example_dags/example_short_circuit_operator.py for tasks to queue
[2024-11-18T14:45:57.815+0000] {logging_mixin.py:151} INFO - [2024-11-18T14:45:57.815+0000] {dagbag.py:536} INFO - Filling up the DagBag from /home/airflow/.local/lib/python3.8/site-packages/airflow/example_dags/example_short_circuit_operator.py
[2024-11-18T14:45:57.828+0000] {processor.py:839} INFO - DAG(s) dict_keys(['example_short_circuit_operator']) retrieved from /home/airflow/.local/lib/python3.8/site-packages/airflow/example_dags/example_short_circuit_operator.py
[2024-11-18T14:45:57.867+0000] {logging_mixin.py:151} INFO - [2024-11-18T14:45:57.867+0000] {dag.py:2941} INFO - Sync 1 DAGs
[2024-11-18T14:45:57.906+0000] {logging_mixin.py:151} INFO - [2024-11-18T14:45:57.905+0000] {dag.py:3722} INFO - Setting next_dagrun for example_short_circuit_operator to 2024-11-17T14:45:57.905189+00:00, run_after=2024-11-18T14:45:57.905189+00:00
[2024-11-18T14:45:57.945+0000] {processor.py:179} INFO - Processing /home/airflow/.local/lib/python3.8/site-packages/airflow/example_dags/example_short_circuit_operator.py took 0.139 seconds
[2024-11-18T14:46:32.034+0000] {processor.py:157} INFO - Started process (PID=1406) to work on /home/airflow/.local/lib/python3.8/site-packages/airflow/example_dags/example_short_circuit_operator.py
[2024-11-18T14:46:32.035+0000] {processor.py:829} INFO - Processing file /home/airflow/.local/lib/python3.8/site-packages/airflow/example_dags/example_short_circuit_operator.py for tasks to queue
[2024-11-18T14:46:32.039+0000] {logging_mixin.py:151} INFO - [2024-11-18T14:46:32.038+0000] {dagbag.py:536} INFO - Filling up the DagBag from /home/airflow/.local/lib/python3.8/site-packages/airflow/example_dags/example_short_circuit_operator.py
[2024-11-18T14:46:32.051+0000] {processor.py:839} INFO - DAG(s) dict_keys(['example_short_circuit_operator']) retrieved from /home/airflow/.local/lib/python3.8/site-packages/airflow/example_dags/example_short_circuit_operator.py
[2024-11-18T14:46:32.089+0000] {logging_mixin.py:151} INFO - [2024-11-18T14:46:32.089+0000] {dag.py:2941} INFO - Sync 1 DAGs
[2024-11-18T14:46:32.121+0000] {logging_mixin.py:151} INFO - [2024-11-18T14:46:32.121+0000] {dag.py:3722} INFO - Setting next_dagrun for example_short_circuit_operator to 2024-11-17T14:46:32.120859+00:00, run_after=2024-11-18T14:46:32.120859+00:00
[2024-11-18T14:46:32.148+0000] {processor.py:179} INFO - Processing /home/airflow/.local/lib/python3.8/site-packages/airflow/example_dags/example_short_circuit_operator.py took 0.119 seconds
[2024-11-18T14:47:07.999+0000] {processor.py:157} INFO - Started process (PID=1460) to work on /home/airflow/.local/lib/python3.8/site-packages/airflow/example_dags/example_short_circuit_operator.py
[2024-11-18T14:47:08.001+0000] {processor.py:829} INFO - Processing file /home/airflow/.local/lib/python3.8/site-packages/airflow/example_dags/example_short_circuit_operator.py for tasks to queue
[2024-11-18T14:47:08.005+0000] {logging_mixin.py:151} INFO - [2024-11-18T14:47:08.004+0000] {dagbag.py:536} INFO - Filling up the DagBag from /home/airflow/.local/lib/python3.8/site-packages/airflow/example_dags/example_short_circuit_operator.py
[2024-11-18T14:47:08.015+0000] {processor.py:839} INFO - DAG(s) dict_keys(['example_short_circuit_operator']) retrieved from /home/airflow/.local/lib/python3.8/site-packages/airflow/example_dags/example_short_circuit_operator.py
[2024-11-18T14:47:08.052+0000] {logging_mixin.py:151} INFO - [2024-11-18T14:47:08.052+0000] {dag.py:2941} INFO - Sync 1 DAGs
[2024-11-18T14:47:08.260+0000] {logging_mixin.py:151} INFO - [2024-11-18T14:47:08.260+0000] {dag.py:3722} INFO - Setting next_dagrun for example_short_circuit_operator to 2024-11-17T14:47:08.259960+00:00, run_after=2024-11-18T14:47:08.259960+00:00
[2024-11-18T14:47:08.288+0000] {processor.py:179} INFO - Processing /home/airflow/.local/lib/python3.8/site-packages/airflow/example_dags/example_short_circuit_operator.py took 0.293 seconds
[2024-11-18T14:47:39.176+0000] {processor.py:157} INFO - Started process (PID=1514) to work on /home/airflow/.local/lib/python3.8/site-packages/airflow/example_dags/example_short_circuit_operator.py
[2024-11-18T14:47:39.177+0000] {processor.py:829} INFO - Processing file /home/airflow/.local/lib/python3.8/site-packages/airflow/example_dags/example_short_circuit_operator.py for tasks to queue
[2024-11-18T14:47:39.181+0000] {logging_mixin.py:151} INFO - [2024-11-18T14:47:39.180+0000] {dagbag.py:536} INFO - Filling up the DagBag from /home/airflow/.local/lib/python3.8/site-packages/airflow/example_dags/example_short_circuit_operator.py
[2024-11-18T14:47:39.192+0000] {processor.py:839} INFO - DAG(s) dict_keys(['example_short_circuit_operator']) retrieved from /home/airflow/.local/lib/python3.8/site-packages/airflow/example_dags/example_short_circuit_operator.py
[2024-11-18T14:47:39.227+0000] {logging_mixin.py:151} INFO - [2024-11-18T14:47:39.227+0000] {dag.py:2941} INFO - Sync 1 DAGs
[2024-11-18T14:47:39.260+0000] {logging_mixin.py:151} INFO - [2024-11-18T14:47:39.259+0000] {dag.py:3722} INFO - Setting next_dagrun for example_short_circuit_operator to 2024-11-17T14:47:39.259526+00:00, run_after=2024-11-18T14:47:39.259526+00:00
[2024-11-18T14:47:39.292+0000] {processor.py:179} INFO - Processing /home/airflow/.local/lib/python3.8/site-packages/airflow/example_dags/example_short_circuit_operator.py took 0.121 seconds
[2024-11-18T14:48:13.109+0000] {processor.py:157} INFO - Started process (PID=1568) to work on /home/airflow/.local/lib/python3.8/site-packages/airflow/example_dags/example_short_circuit_operator.py
[2024-11-18T14:48:13.111+0000] {processor.py:829} INFO - Processing file /home/airflow/.local/lib/python3.8/site-packages/airflow/example_dags/example_short_circuit_operator.py for tasks to queue
[2024-11-18T14:48:13.114+0000] {logging_mixin.py:151} INFO - [2024-11-18T14:48:13.113+0000] {dagbag.py:536} INFO - Filling up the DagBag from /home/airflow/.local/lib/python3.8/site-packages/airflow/example_dags/example_short_circuit_operator.py
[2024-11-18T14:48:13.129+0000] {processor.py:839} INFO - DAG(s) dict_keys(['example_short_circuit_operator']) retrieved from /home/airflow/.local/lib/python3.8/site-packages/airflow/example_dags/example_short_circuit_operator.py
[2024-11-18T14:48:13.167+0000] {logging_mixin.py:151} INFO - [2024-11-18T14:48:13.167+0000] {dag.py:2941} INFO - Sync 1 DAGs
[2024-11-18T14:48:13.203+0000] {logging_mixin.py:151} INFO - [2024-11-18T14:48:13.203+0000] {dag.py:3722} INFO - Setting next_dagrun for example_short_circuit_operator to 2024-11-17T14:48:13.202663+00:00, run_after=2024-11-18T14:48:13.202663+00:00
[2024-11-18T14:48:13.234+0000] {processor.py:179} INFO - Processing /home/airflow/.local/lib/python3.8/site-packages/airflow/example_dags/example_short_circuit_operator.py took 0.130 seconds
[2024-11-18T14:48:47.385+0000] {processor.py:157} INFO - Started process (PID=1623) to work on /home/airflow/.local/lib/python3.8/site-packages/airflow/example_dags/example_short_circuit_operator.py
[2024-11-18T14:48:47.386+0000] {processor.py:829} INFO - Processing file /home/airflow/.local/lib/python3.8/site-packages/airflow/example_dags/example_short_circuit_operator.py for tasks to queue
[2024-11-18T14:48:47.389+0000] {logging_mixin.py:151} INFO - [2024-11-18T14:48:47.389+0000] {dagbag.py:536} INFO - Filling up the DagBag from /home/airflow/.local/lib/python3.8/site-packages/airflow/example_dags/example_short_circuit_operator.py
[2024-11-18T14:48:47.401+0000] {processor.py:839} INFO - DAG(s) dict_keys(['example_short_circuit_operator']) retrieved from /home/airflow/.local/lib/python3.8/site-packages/airflow/example_dags/example_short_circuit_operator.py
[2024-11-18T14:48:47.437+0000] {logging_mixin.py:151} INFO - [2024-11-18T14:48:47.436+0000] {dag.py:2941} INFO - Sync 1 DAGs
[2024-11-18T14:48:47.652+0000] {logging_mixin.py:151} INFO - [2024-11-18T14:48:47.652+0000] {dag.py:3722} INFO - Setting next_dagrun for example_short_circuit_operator to 2024-11-17T14:48:47.651770+00:00, run_after=2024-11-18T14:48:47.651770+00:00
[2024-11-18T14:48:47.680+0000] {processor.py:179} INFO - Processing /home/airflow/.local/lib/python3.8/site-packages/airflow/example_dags/example_short_circuit_operator.py took 0.301 seconds
[2024-11-18T14:49:18.941+0000] {processor.py:157} INFO - Started process (PID=1679) to work on /home/airflow/.local/lib/python3.8/site-packages/airflow/example_dags/example_short_circuit_operator.py
[2024-11-18T14:49:18.943+0000] {processor.py:829} INFO - Processing file /home/airflow/.local/lib/python3.8/site-packages/airflow/example_dags/example_short_circuit_operator.py for tasks to queue
[2024-11-18T14:49:18.946+0000] {logging_mixin.py:151} INFO - [2024-11-18T14:49:18.945+0000] {dagbag.py:536} INFO - Filling up the DagBag from /home/airflow/.local/lib/python3.8/site-packages/airflow/example_dags/example_short_circuit_operator.py
[2024-11-18T14:49:18.958+0000] {processor.py:839} INFO - DAG(s) dict_keys(['example_short_circuit_operator']) retrieved from /home/airflow/.local/lib/python3.8/site-packages/airflow/example_dags/example_short_circuit_operator.py
[2024-11-18T14:49:18.995+0000] {logging_mixin.py:151} INFO - [2024-11-18T14:49:18.995+0000] {dag.py:2941} INFO - Sync 1 DAGs
[2024-11-18T14:49:19.030+0000] {logging_mixin.py:151} INFO - [2024-11-18T14:49:19.030+0000] {dag.py:3722} INFO - Setting next_dagrun for example_short_circuit_operator to 2024-11-17T14:49:19.029750+00:00, run_after=2024-11-18T14:49:19.029750+00:00
[2024-11-18T14:49:19.239+0000] {processor.py:179} INFO - Processing /home/airflow/.local/lib/python3.8/site-packages/airflow/example_dags/example_short_circuit_operator.py took 0.303 seconds
[2024-11-18T14:49:51.910+0000] {processor.py:157} INFO - Started process (PID=1735) to work on /home/airflow/.local/lib/python3.8/site-packages/airflow/example_dags/example_short_circuit_operator.py
[2024-11-18T14:49:51.911+0000] {processor.py:829} INFO - Processing file /home/airflow/.local/lib/python3.8/site-packages/airflow/example_dags/example_short_circuit_operator.py for tasks to queue
[2024-11-18T14:49:51.915+0000] {logging_mixin.py:151} INFO - [2024-11-18T14:49:51.915+0000] {dagbag.py:536} INFO - Filling up the DagBag from /home/airflow/.local/lib/python3.8/site-packages/airflow/example_dags/example_short_circuit_operator.py
[2024-11-18T14:49:51.926+0000] {processor.py:839} INFO - DAG(s) dict_keys(['example_short_circuit_operator']) retrieved from /home/airflow/.local/lib/python3.8/site-packages/airflow/example_dags/example_short_circuit_operator.py
[2024-11-18T14:49:51.962+0000] {logging_mixin.py:151} INFO - [2024-11-18T14:49:51.962+0000] {dag.py:2941} INFO - Sync 1 DAGs
[2024-11-18T14:49:51.996+0000] {logging_mixin.py:151} INFO - [2024-11-18T14:49:51.996+0000] {dag.py:3722} INFO - Setting next_dagrun for example_short_circuit_operator to 2024-11-17T14:49:51.995591+00:00, run_after=2024-11-18T14:49:51.995591+00:00
[2024-11-18T14:49:52.027+0000] {processor.py:179} INFO - Processing /home/airflow/.local/lib/python3.8/site-packages/airflow/example_dags/example_short_circuit_operator.py took 0.122 seconds
[2024-11-18T14:50:28.805+0000] {processor.py:157} INFO - Started process (PID=1794) to work on /home/airflow/.local/lib/python3.8/site-packages/airflow/example_dags/example_short_circuit_operator.py
[2024-11-18T14:50:28.807+0000] {processor.py:829} INFO - Processing file /home/airflow/.local/lib/python3.8/site-packages/airflow/example_dags/example_short_circuit_operator.py for tasks to queue
[2024-11-18T14:50:28.810+0000] {logging_mixin.py:151} INFO - [2024-11-18T14:50:28.810+0000] {dagbag.py:536} INFO - Filling up the DagBag from /home/airflow/.local/lib/python3.8/site-packages/airflow/example_dags/example_short_circuit_operator.py
[2024-11-18T14:50:28.821+0000] {processor.py:839} INFO - DAG(s) dict_keys(['example_short_circuit_operator']) retrieved from /home/airflow/.local/lib/python3.8/site-packages/airflow/example_dags/example_short_circuit_operator.py
[2024-11-18T14:50:29.030+0000] {logging_mixin.py:151} INFO - [2024-11-18T14:50:29.030+0000] {dag.py:2941} INFO - Sync 1 DAGs
[2024-11-18T14:50:29.060+0000] {logging_mixin.py:151} INFO - [2024-11-18T14:50:29.059+0000] {dag.py:3722} INFO - Setting next_dagrun for example_short_circuit_operator to 2024-11-17T14:50:29.059532+00:00, run_after=2024-11-18T14:50:29.059532+00:00
[2024-11-18T14:50:29.090+0000] {processor.py:179} INFO - Processing /home/airflow/.local/lib/python3.8/site-packages/airflow/example_dags/example_short_circuit_operator.py took 0.289 seconds
[2024-11-18T14:50:59.339+0000] {processor.py:157} INFO - Started process (PID=1851) to work on /home/airflow/.local/lib/python3.8/site-packages/airflow/example_dags/example_short_circuit_operator.py
[2024-11-18T14:50:59.340+0000] {processor.py:829} INFO - Processing file /home/airflow/.local/lib/python3.8/site-packages/airflow/example_dags/example_short_circuit_operator.py for tasks to queue
[2024-11-18T14:50:59.344+0000] {logging_mixin.py:151} INFO - [2024-11-18T14:50:59.343+0000] {dagbag.py:536} INFO - Filling up the DagBag from /home/airflow/.local/lib/python3.8/site-packages/airflow/example_dags/example_short_circuit_operator.py
[2024-11-18T14:50:59.358+0000] {processor.py:839} INFO - DAG(s) dict_keys(['example_short_circuit_operator']) retrieved from /home/airflow/.local/lib/python3.8/site-packages/airflow/example_dags/example_short_circuit_operator.py
[2024-11-18T14:50:59.394+0000] {logging_mixin.py:151} INFO - [2024-11-18T14:50:59.393+0000] {dag.py:2941} INFO - Sync 1 DAGs
[2024-11-18T14:50:59.428+0000] {logging_mixin.py:151} INFO - [2024-11-18T14:50:59.428+0000] {dag.py:3722} INFO - Setting next_dagrun for example_short_circuit_operator to 2024-11-17T14:50:59.427996+00:00, run_after=2024-11-18T14:50:59.427996+00:00
[2024-11-18T14:50:59.458+0000] {processor.py:179} INFO - Processing /home/airflow/.local/lib/python3.8/site-packages/airflow/example_dags/example_short_circuit_operator.py took 0.125 seconds
[2024-11-18T14:51:31.781+0000] {processor.py:157} INFO - Started process (PID=1909) to work on /home/airflow/.local/lib/python3.8/site-packages/airflow/example_dags/example_short_circuit_operator.py
[2024-11-18T14:51:31.783+0000] {processor.py:829} INFO - Processing file /home/airflow/.local/lib/python3.8/site-packages/airflow/example_dags/example_short_circuit_operator.py for tasks to queue
[2024-11-18T14:51:31.788+0000] {logging_mixin.py:151} INFO - [2024-11-18T14:51:31.787+0000] {dagbag.py:536} INFO - Filling up the DagBag from /home/airflow/.local/lib/python3.8/site-packages/airflow/example_dags/example_short_circuit_operator.py
[2024-11-18T14:51:31.807+0000] {processor.py:839} INFO - DAG(s) dict_keys(['example_short_circuit_operator']) retrieved from /home/airflow/.local/lib/python3.8/site-packages/airflow/example_dags/example_short_circuit_operator.py
[2024-11-18T14:51:31.851+0000] {logging_mixin.py:151} INFO - [2024-11-18T14:51:31.851+0000] {dag.py:2941} INFO - Sync 1 DAGs
[2024-11-18T14:51:31.892+0000] {logging_mixin.py:151} INFO - [2024-11-18T14:51:31.892+0000] {dag.py:3722} INFO - Setting next_dagrun for example_short_circuit_operator to 2024-11-17T14:51:31.891954+00:00, run_after=2024-11-18T14:51:31.891954+00:00
[2024-11-18T14:51:31.925+0000] {processor.py:179} INFO - Processing /home/airflow/.local/lib/python3.8/site-packages/airflow/example_dags/example_short_circuit_operator.py took 0.149 seconds
[2024-11-18T14:52:03.819+0000] {processor.py:157} INFO - Started process (PID=1967) to work on /home/airflow/.local/lib/python3.8/site-packages/airflow/example_dags/example_short_circuit_operator.py
[2024-11-18T14:52:03.820+0000] {processor.py:829} INFO - Processing file /home/airflow/.local/lib/python3.8/site-packages/airflow/example_dags/example_short_circuit_operator.py for tasks to queue
[2024-11-18T14:52:03.824+0000] {logging_mixin.py:151} INFO - [2024-11-18T14:52:03.824+0000] {dagbag.py:536} INFO - Filling up the DagBag from /home/airflow/.local/lib/python3.8/site-packages/airflow/example_dags/example_short_circuit_operator.py
[2024-11-18T14:52:03.838+0000] {processor.py:839} INFO - DAG(s) dict_keys(['example_short_circuit_operator']) retrieved from /home/airflow/.local/lib/python3.8/site-packages/airflow/example_dags/example_short_circuit_operator.py
[2024-11-18T14:52:03.876+0000] {logging_mixin.py:151} INFO - [2024-11-18T14:52:03.876+0000] {dag.py:2941} INFO - Sync 1 DAGs
[2024-11-18T14:52:03.922+0000] {logging_mixin.py:151} INFO - [2024-11-18T14:52:03.922+0000] {dag.py:3722} INFO - Setting next_dagrun for example_short_circuit_operator to 2024-11-17T14:52:03.921978+00:00, run_after=2024-11-18T14:52:03.921978+00:00
[2024-11-18T14:52:03.958+0000] {processor.py:179} INFO - Processing /home/airflow/.local/lib/python3.8/site-packages/airflow/example_dags/example_short_circuit_operator.py took 0.144 seconds
[2024-11-18T14:52:37.921+0000] {processor.py:157} INFO - Started process (PID=2022) to work on /home/airflow/.local/lib/python3.8/site-packages/airflow/example_dags/example_short_circuit_operator.py
[2024-11-18T14:52:37.923+0000] {processor.py:829} INFO - Processing file /home/airflow/.local/lib/python3.8/site-packages/airflow/example_dags/example_short_circuit_operator.py for tasks to queue
[2024-11-18T14:52:37.926+0000] {logging_mixin.py:151} INFO - [2024-11-18T14:52:37.926+0000] {dagbag.py:536} INFO - Filling up the DagBag from /home/airflow/.local/lib/python3.8/site-packages/airflow/example_dags/example_short_circuit_operator.py
[2024-11-18T14:52:37.938+0000] {processor.py:839} INFO - DAG(s) dict_keys(['example_short_circuit_operator']) retrieved from /home/airflow/.local/lib/python3.8/site-packages/airflow/example_dags/example_short_circuit_operator.py
[2024-11-18T14:52:37.978+0000] {logging_mixin.py:151} INFO - [2024-11-18T14:52:37.978+0000] {dag.py:2941} INFO - Sync 1 DAGs
[2024-11-18T14:52:38.026+0000] {logging_mixin.py:151} INFO - [2024-11-18T14:52:38.025+0000] {dag.py:3722} INFO - Setting next_dagrun for example_short_circuit_operator to 2024-11-17T14:52:38.025446+00:00, run_after=2024-11-18T14:52:38.025446+00:00
[2024-11-18T14:52:38.057+0000] {processor.py:179} INFO - Processing /home/airflow/.local/lib/python3.8/site-packages/airflow/example_dags/example_short_circuit_operator.py took 0.143 seconds
[2024-11-18T14:53:10.866+0000] {processor.py:157} INFO - Started process (PID=2078) to work on /home/airflow/.local/lib/python3.8/site-packages/airflow/example_dags/example_short_circuit_operator.py
[2024-11-18T14:53:10.868+0000] {processor.py:829} INFO - Processing file /home/airflow/.local/lib/python3.8/site-packages/airflow/example_dags/example_short_circuit_operator.py for tasks to queue
[2024-11-18T14:53:10.871+0000] {logging_mixin.py:151} INFO - [2024-11-18T14:53:10.870+0000] {dagbag.py:536} INFO - Filling up the DagBag from /home/airflow/.local/lib/python3.8/site-packages/airflow/example_dags/example_short_circuit_operator.py
[2024-11-18T14:53:10.882+0000] {processor.py:839} INFO - DAG(s) dict_keys(['example_short_circuit_operator']) retrieved from /home/airflow/.local/lib/python3.8/site-packages/airflow/example_dags/example_short_circuit_operator.py
[2024-11-18T14:53:10.919+0000] {logging_mixin.py:151} INFO - [2024-11-18T14:53:10.918+0000] {dag.py:2941} INFO - Sync 1 DAGs
[2024-11-18T14:53:10.956+0000] {logging_mixin.py:151} INFO - [2024-11-18T14:53:10.956+0000] {dag.py:3722} INFO - Setting next_dagrun for example_short_circuit_operator to 2024-11-17T14:53:10.955973+00:00, run_after=2024-11-18T14:53:10.955973+00:00
[2024-11-18T14:53:10.985+0000] {processor.py:179} INFO - Processing /home/airflow/.local/lib/python3.8/site-packages/airflow/example_dags/example_short_circuit_operator.py took 0.125 seconds
[2024-11-18T14:53:44.820+0000] {processor.py:157} INFO - Started process (PID=2133) to work on /home/airflow/.local/lib/python3.8/site-packages/airflow/example_dags/example_short_circuit_operator.py
[2024-11-18T14:53:44.821+0000] {processor.py:829} INFO - Processing file /home/airflow/.local/lib/python3.8/site-packages/airflow/example_dags/example_short_circuit_operator.py for tasks to queue
[2024-11-18T14:53:44.825+0000] {logging_mixin.py:151} INFO - [2024-11-18T14:53:44.824+0000] {dagbag.py:536} INFO - Filling up the DagBag from /home/airflow/.local/lib/python3.8/site-packages/airflow/example_dags/example_short_circuit_operator.py
[2024-11-18T14:53:44.838+0000] {processor.py:839} INFO - DAG(s) dict_keys(['example_short_circuit_operator']) retrieved from /home/airflow/.local/lib/python3.8/site-packages/airflow/example_dags/example_short_circuit_operator.py
[2024-11-18T14:53:44.873+0000] {logging_mixin.py:151} INFO - [2024-11-18T14:53:44.873+0000] {dag.py:2941} INFO - Sync 1 DAGs
[2024-11-18T14:53:44.908+0000] {logging_mixin.py:151} INFO - [2024-11-18T14:53:44.907+0000] {dag.py:3722} INFO - Setting next_dagrun for example_short_circuit_operator to 2024-11-17T14:53:44.907434+00:00, run_after=2024-11-18T14:53:44.907434+00:00
[2024-11-18T14:53:44.938+0000] {processor.py:179} INFO - Processing /home/airflow/.local/lib/python3.8/site-packages/airflow/example_dags/example_short_circuit_operator.py took 0.124 seconds
[2024-11-18T14:54:17.962+0000] {processor.py:157} INFO - Started process (PID=2188) to work on /home/airflow/.local/lib/python3.8/site-packages/airflow/example_dags/example_short_circuit_operator.py
[2024-11-18T14:54:17.964+0000] {processor.py:829} INFO - Processing file /home/airflow/.local/lib/python3.8/site-packages/airflow/example_dags/example_short_circuit_operator.py for tasks to queue
[2024-11-18T14:54:17.967+0000] {logging_mixin.py:151} INFO - [2024-11-18T14:54:17.967+0000] {dagbag.py:536} INFO - Filling up the DagBag from /home/airflow/.local/lib/python3.8/site-packages/airflow/example_dags/example_short_circuit_operator.py
[2024-11-18T14:54:17.979+0000] {processor.py:839} INFO - DAG(s) dict_keys(['example_short_circuit_operator']) retrieved from /home/airflow/.local/lib/python3.8/site-packages/airflow/example_dags/example_short_circuit_operator.py
[2024-11-18T14:54:18.016+0000] {logging_mixin.py:151} INFO - [2024-11-18T14:54:18.016+0000] {dag.py:2941} INFO - Sync 1 DAGs
[2024-11-18T14:54:18.050+0000] {logging_mixin.py:151} INFO - [2024-11-18T14:54:18.050+0000] {dag.py:3722} INFO - Setting next_dagrun for example_short_circuit_operator to 2024-11-17T14:54:18.049872+00:00, run_after=2024-11-18T14:54:18.049872+00:00
[2024-11-18T14:54:18.079+0000] {processor.py:179} INFO - Processing /home/airflow/.local/lib/python3.8/site-packages/airflow/example_dags/example_short_circuit_operator.py took 0.121 seconds
[2024-11-18T14:54:51.333+0000] {processor.py:157} INFO - Started process (PID=2243) to work on /home/airflow/.local/lib/python3.8/site-packages/airflow/example_dags/example_short_circuit_operator.py
[2024-11-18T14:54:51.334+0000] {processor.py:829} INFO - Processing file /home/airflow/.local/lib/python3.8/site-packages/airflow/example_dags/example_short_circuit_operator.py for tasks to queue
[2024-11-18T14:54:51.338+0000] {logging_mixin.py:151} INFO - [2024-11-18T14:54:51.337+0000] {dagbag.py:536} INFO - Filling up the DagBag from /home/airflow/.local/lib/python3.8/site-packages/airflow/example_dags/example_short_circuit_operator.py
[2024-11-18T14:54:51.349+0000] {processor.py:839} INFO - DAG(s) dict_keys(['example_short_circuit_operator']) retrieved from /home/airflow/.local/lib/python3.8/site-packages/airflow/example_dags/example_short_circuit_operator.py
[2024-11-18T14:54:51.386+0000] {logging_mixin.py:151} INFO - [2024-11-18T14:54:51.385+0000] {dag.py:2941} INFO - Sync 1 DAGs
[2024-11-18T14:54:51.419+0000] {logging_mixin.py:151} INFO - [2024-11-18T14:54:51.419+0000] {dag.py:3722} INFO - Setting next_dagrun for example_short_circuit_operator to 2024-11-17T14:54:51.419099+00:00, run_after=2024-11-18T14:54:51.419099+00:00
[2024-11-18T14:54:51.447+0000] {processor.py:179} INFO - Processing /home/airflow/.local/lib/python3.8/site-packages/airflow/example_dags/example_short_circuit_operator.py took 0.119 seconds
[2024-11-18T14:55:24.666+0000] {processor.py:157} INFO - Started process (PID=2298) to work on /home/airflow/.local/lib/python3.8/site-packages/airflow/example_dags/example_short_circuit_operator.py
[2024-11-18T14:55:24.667+0000] {processor.py:829} INFO - Processing file /home/airflow/.local/lib/python3.8/site-packages/airflow/example_dags/example_short_circuit_operator.py for tasks to queue
[2024-11-18T14:55:24.671+0000] {logging_mixin.py:151} INFO - [2024-11-18T14:55:24.670+0000] {dagbag.py:536} INFO - Filling up the DagBag from /home/airflow/.local/lib/python3.8/site-packages/airflow/example_dags/example_short_circuit_operator.py
[2024-11-18T14:55:24.682+0000] {processor.py:839} INFO - DAG(s) dict_keys(['example_short_circuit_operator']) retrieved from /home/airflow/.local/lib/python3.8/site-packages/airflow/example_dags/example_short_circuit_operator.py
[2024-11-18T14:55:24.718+0000] {logging_mixin.py:151} INFO - [2024-11-18T14:55:24.718+0000] {dag.py:2941} INFO - Sync 1 DAGs
[2024-11-18T14:55:24.752+0000] {logging_mixin.py:151} INFO - [2024-11-18T14:55:24.752+0000] {dag.py:3722} INFO - Setting next_dagrun for example_short_circuit_operator to 2024-11-17T14:55:24.751687+00:00, run_after=2024-11-18T14:55:24.751687+00:00
[2024-11-18T14:55:24.781+0000] {processor.py:179} INFO - Processing /home/airflow/.local/lib/python3.8/site-packages/airflow/example_dags/example_short_circuit_operator.py took 0.120 seconds
[2024-11-18T14:55:58.402+0000] {processor.py:157} INFO - Started process (PID=2353) to work on /home/airflow/.local/lib/python3.8/site-packages/airflow/example_dags/example_short_circuit_operator.py
[2024-11-18T14:55:58.404+0000] {processor.py:829} INFO - Processing file /home/airflow/.local/lib/python3.8/site-packages/airflow/example_dags/example_short_circuit_operator.py for tasks to queue
[2024-11-18T14:55:58.409+0000] {logging_mixin.py:151} INFO - [2024-11-18T14:55:58.408+0000] {dagbag.py:536} INFO - Filling up the DagBag from /home/airflow/.local/lib/python3.8/site-packages/airflow/example_dags/example_short_circuit_operator.py
[2024-11-18T14:55:58.423+0000] {processor.py:839} INFO - DAG(s) dict_keys(['example_short_circuit_operator']) retrieved from /home/airflow/.local/lib/python3.8/site-packages/airflow/example_dags/example_short_circuit_operator.py
[2024-11-18T14:55:58.471+0000] {logging_mixin.py:151} INFO - [2024-11-18T14:55:58.471+0000] {dag.py:2941} INFO - Sync 1 DAGs
[2024-11-18T14:55:58.523+0000] {logging_mixin.py:151} INFO - [2024-11-18T14:55:58.522+0000] {dag.py:3722} INFO - Setting next_dagrun for example_short_circuit_operator to 2024-11-17T14:55:58.522503+00:00, run_after=2024-11-18T14:55:58.522503+00:00
[2024-11-18T14:55:58.566+0000] {processor.py:179} INFO - Processing /home/airflow/.local/lib/python3.8/site-packages/airflow/example_dags/example_short_circuit_operator.py took 0.169 seconds
[2024-11-18T14:56:31.018+0000] {processor.py:157} INFO - Started process (PID=2408) to work on /home/airflow/.local/lib/python3.8/site-packages/airflow/example_dags/example_short_circuit_operator.py
[2024-11-18T14:56:31.020+0000] {processor.py:829} INFO - Processing file /home/airflow/.local/lib/python3.8/site-packages/airflow/example_dags/example_short_circuit_operator.py for tasks to queue
[2024-11-18T14:56:31.024+0000] {logging_mixin.py:151} INFO - [2024-11-18T14:56:31.023+0000] {dagbag.py:536} INFO - Filling up the DagBag from /home/airflow/.local/lib/python3.8/site-packages/airflow/example_dags/example_short_circuit_operator.py
[2024-11-18T14:56:31.035+0000] {processor.py:839} INFO - DAG(s) dict_keys(['example_short_circuit_operator']) retrieved from /home/airflow/.local/lib/python3.8/site-packages/airflow/example_dags/example_short_circuit_operator.py
[2024-11-18T14:56:31.072+0000] {logging_mixin.py:151} INFO - [2024-11-18T14:56:31.071+0000] {dag.py:2941} INFO - Sync 1 DAGs
[2024-11-18T14:56:31.107+0000] {logging_mixin.py:151} INFO - [2024-11-18T14:56:31.107+0000] {dag.py:3722} INFO - Setting next_dagrun for example_short_circuit_operator to 2024-11-17T14:56:31.106739+00:00, run_after=2024-11-18T14:56:31.106739+00:00
[2024-11-18T14:56:31.137+0000] {processor.py:179} INFO - Processing /home/airflow/.local/lib/python3.8/site-packages/airflow/example_dags/example_short_circuit_operator.py took 0.124 seconds
[2024-11-18T14:57:04.745+0000] {processor.py:157} INFO - Started process (PID=2463) to work on /home/airflow/.local/lib/python3.8/site-packages/airflow/example_dags/example_short_circuit_operator.py
[2024-11-18T14:57:04.746+0000] {processor.py:829} INFO - Processing file /home/airflow/.local/lib/python3.8/site-packages/airflow/example_dags/example_short_circuit_operator.py for tasks to queue
[2024-11-18T14:57:04.750+0000] {logging_mixin.py:151} INFO - [2024-11-18T14:57:04.749+0000] {dagbag.py:536} INFO - Filling up the DagBag from /home/airflow/.local/lib/python3.8/site-packages/airflow/example_dags/example_short_circuit_operator.py
[2024-11-18T14:57:04.761+0000] {processor.py:839} INFO - DAG(s) dict_keys(['example_short_circuit_operator']) retrieved from /home/airflow/.local/lib/python3.8/site-packages/airflow/example_dags/example_short_circuit_operator.py
[2024-11-18T14:57:04.799+0000] {logging_mixin.py:151} INFO - [2024-11-18T14:57:04.799+0000] {dag.py:2941} INFO - Sync 1 DAGs
[2024-11-18T14:57:04.840+0000] {logging_mixin.py:151} INFO - [2024-11-18T14:57:04.840+0000] {dag.py:3722} INFO - Setting next_dagrun for example_short_circuit_operator to 2024-11-17T14:57:04.839886+00:00, run_after=2024-11-18T14:57:04.839886+00:00
[2024-11-18T14:57:04.869+0000] {processor.py:179} INFO - Processing /home/airflow/.local/lib/python3.8/site-packages/airflow/example_dags/example_short_circuit_operator.py took 0.129 seconds
[2024-11-18T14:57:37.864+0000] {processor.py:157} INFO - Started process (PID=2518) to work on /home/airflow/.local/lib/python3.8/site-packages/airflow/example_dags/example_short_circuit_operator.py
[2024-11-18T14:57:37.866+0000] {processor.py:829} INFO - Processing file /home/airflow/.local/lib/python3.8/site-packages/airflow/example_dags/example_short_circuit_operator.py for tasks to queue
[2024-11-18T14:57:37.869+0000] {logging_mixin.py:151} INFO - [2024-11-18T14:57:37.869+0000] {dagbag.py:536} INFO - Filling up the DagBag from /home/airflow/.local/lib/python3.8/site-packages/airflow/example_dags/example_short_circuit_operator.py
[2024-11-18T14:57:37.881+0000] {processor.py:839} INFO - DAG(s) dict_keys(['example_short_circuit_operator']) retrieved from /home/airflow/.local/lib/python3.8/site-packages/airflow/example_dags/example_short_circuit_operator.py
[2024-11-18T14:57:37.919+0000] {logging_mixin.py:151} INFO - [2024-11-18T14:57:37.919+0000] {dag.py:2941} INFO - Sync 1 DAGs
[2024-11-18T14:57:37.962+0000] {logging_mixin.py:151} INFO - [2024-11-18T14:57:37.962+0000] {dag.py:3722} INFO - Setting next_dagrun for example_short_circuit_operator to 2024-11-17T14:57:37.962238+00:00, run_after=2024-11-18T14:57:37.962238+00:00
[2024-11-18T14:57:37.994+0000] {processor.py:179} INFO - Processing /home/airflow/.local/lib/python3.8/site-packages/airflow/example_dags/example_short_circuit_operator.py took 0.135 seconds
[2024-11-18T14:58:11.431+0000] {processor.py:157} INFO - Started process (PID=2573) to work on /home/airflow/.local/lib/python3.8/site-packages/airflow/example_dags/example_short_circuit_operator.py
[2024-11-18T14:58:11.433+0000] {processor.py:829} INFO - Processing file /home/airflow/.local/lib/python3.8/site-packages/airflow/example_dags/example_short_circuit_operator.py for tasks to queue
[2024-11-18T14:58:11.436+0000] {logging_mixin.py:151} INFO - [2024-11-18T14:58:11.435+0000] {dagbag.py:536} INFO - Filling up the DagBag from /home/airflow/.local/lib/python3.8/site-packages/airflow/example_dags/example_short_circuit_operator.py
[2024-11-18T14:58:11.448+0000] {processor.py:839} INFO - DAG(s) dict_keys(['example_short_circuit_operator']) retrieved from /home/airflow/.local/lib/python3.8/site-packages/airflow/example_dags/example_short_circuit_operator.py
[2024-11-18T14:58:11.484+0000] {logging_mixin.py:151} INFO - [2024-11-18T14:58:11.484+0000] {dag.py:2941} INFO - Sync 1 DAGs
[2024-11-18T14:58:11.519+0000] {logging_mixin.py:151} INFO - [2024-11-18T14:58:11.519+0000] {dag.py:3722} INFO - Setting next_dagrun for example_short_circuit_operator to 2024-11-17T14:58:11.518886+00:00, run_after=2024-11-18T14:58:11.518886+00:00
[2024-11-18T14:58:11.550+0000] {processor.py:179} INFO - Processing /home/airflow/.local/lib/python3.8/site-packages/airflow/example_dags/example_short_circuit_operator.py took 0.123 seconds
