[2024-11-18T14:20:14.970+0000] {processor.py:157} INFO - Started process (PID=85) to work on /home/airflow/.local/lib/python3.8/site-packages/airflow/example_dags/example_sensor_decorator.py
[2024-11-18T14:20:14.973+0000] {processor.py:829} INFO - Processing file /home/airflow/.local/lib/python3.8/site-packages/airflow/example_dags/example_sensor_decorator.py for tasks to queue
[2024-11-18T14:20:14.980+0000] {logging_mixin.py:151} INFO - [2024-11-18T14:20:14.979+0000] {dagbag.py:536} INFO - Filling up the DagBag from /home/airflow/.local/lib/python3.8/site-packages/airflow/example_dags/example_sensor_decorator.py
[2024-11-18T14:20:15.003+0000] {processor.py:839} INFO - DAG(s) dict_keys(['example_sensor_decorator']) retrieved from /home/airflow/.local/lib/python3.8/site-packages/airflow/example_dags/example_sensor_decorator.py
[2024-11-18T14:20:15.319+0000] {logging_mixin.py:151} INFO - [2024-11-18T14:20:15.319+0000] {manager.py:499} INFO - Created Permission View: %s
[2024-11-18T14:20:15.343+0000] {logging_mixin.py:151} INFO - [2024-11-18T14:20:15.342+0000] {manager.py:499} INFO - Created Permission View: %s
[2024-11-18T14:20:15.356+0000] {logging_mixin.py:151} INFO - [2024-11-18T14:20:15.356+0000] {manager.py:499} INFO - Created Permission View: %s
[2024-11-18T14:20:15.358+0000] {logging_mixin.py:151} INFO - [2024-11-18T14:20:15.357+0000] {dag.py:2941} INFO - Sync 1 DAGs
[2024-11-18T14:20:15.384+0000] {logging_mixin.py:151} INFO - [2024-11-18T14:20:15.384+0000] {dag.py:2963} INFO - Creating ORM DAG for example_sensor_decorator
[2024-11-18T14:20:15.386+0000] {logging_mixin.py:151} INFO - [2024-11-18T14:20:15.385+0000] {dag.py:3722} INFO - Setting next_dagrun for example_sensor_decorator to None, run_after=None
[2024-11-18T14:20:15.419+0000] {processor.py:179} INFO - Processing /home/airflow/.local/lib/python3.8/site-packages/airflow/example_dags/example_sensor_decorator.py took 0.461 seconds
[2024-11-18T14:20:45.776+0000] {processor.py:157} INFO - Started process (PID=139) to work on /home/airflow/.local/lib/python3.8/site-packages/airflow/example_dags/example_sensor_decorator.py
[2024-11-18T14:20:45.778+0000] {processor.py:829} INFO - Processing file /home/airflow/.local/lib/python3.8/site-packages/airflow/example_dags/example_sensor_decorator.py for tasks to queue
[2024-11-18T14:20:45.782+0000] {logging_mixin.py:151} INFO - [2024-11-18T14:20:45.782+0000] {dagbag.py:536} INFO - Filling up the DagBag from /home/airflow/.local/lib/python3.8/site-packages/airflow/example_dags/example_sensor_decorator.py
[2024-11-18T14:20:45.792+0000] {processor.py:839} INFO - DAG(s) dict_keys(['example_sensor_decorator']) retrieved from /home/airflow/.local/lib/python3.8/site-packages/airflow/example_dags/example_sensor_decorator.py
[2024-11-18T14:20:45.825+0000] {logging_mixin.py:151} INFO - [2024-11-18T14:20:45.825+0000] {dag.py:2941} INFO - Sync 1 DAGs
[2024-11-18T14:20:45.849+0000] {logging_mixin.py:151} INFO - [2024-11-18T14:20:45.849+0000] {dag.py:3722} INFO - Setting next_dagrun for example_sensor_decorator to None, run_after=None
[2024-11-18T14:20:45.884+0000] {processor.py:179} INFO - Processing /home/airflow/.local/lib/python3.8/site-packages/airflow/example_dags/example_sensor_decorator.py took 0.113 seconds
[2024-11-18T14:21:16.227+0000] {processor.py:157} INFO - Started process (PID=192) to work on /home/airflow/.local/lib/python3.8/site-packages/airflow/example_dags/example_sensor_decorator.py
[2024-11-18T14:21:16.229+0000] {processor.py:829} INFO - Processing file /home/airflow/.local/lib/python3.8/site-packages/airflow/example_dags/example_sensor_decorator.py for tasks to queue
[2024-11-18T14:21:16.232+0000] {logging_mixin.py:151} INFO - [2024-11-18T14:21:16.232+0000] {dagbag.py:536} INFO - Filling up the DagBag from /home/airflow/.local/lib/python3.8/site-packages/airflow/example_dags/example_sensor_decorator.py
[2024-11-18T14:21:16.241+0000] {processor.py:839} INFO - DAG(s) dict_keys(['example_sensor_decorator']) retrieved from /home/airflow/.local/lib/python3.8/site-packages/airflow/example_dags/example_sensor_decorator.py
[2024-11-18T14:21:16.274+0000] {logging_mixin.py:151} INFO - [2024-11-18T14:21:16.274+0000] {dag.py:2941} INFO - Sync 1 DAGs
[2024-11-18T14:21:16.296+0000] {logging_mixin.py:151} INFO - [2024-11-18T14:21:16.296+0000] {dag.py:3722} INFO - Setting next_dagrun for example_sensor_decorator to None, run_after=None
[2024-11-18T14:21:16.332+0000] {processor.py:179} INFO - Processing /home/airflow/.local/lib/python3.8/site-packages/airflow/example_dags/example_sensor_decorator.py took 0.110 seconds
[2024-11-18T14:21:46.654+0000] {processor.py:157} INFO - Started process (PID=246) to work on /home/airflow/.local/lib/python3.8/site-packages/airflow/example_dags/example_sensor_decorator.py
[2024-11-18T14:21:46.655+0000] {processor.py:829} INFO - Processing file /home/airflow/.local/lib/python3.8/site-packages/airflow/example_dags/example_sensor_decorator.py for tasks to queue
[2024-11-18T14:21:46.659+0000] {logging_mixin.py:151} INFO - [2024-11-18T14:21:46.658+0000] {dagbag.py:536} INFO - Filling up the DagBag from /home/airflow/.local/lib/python3.8/site-packages/airflow/example_dags/example_sensor_decorator.py
[2024-11-18T14:21:46.668+0000] {processor.py:839} INFO - DAG(s) dict_keys(['example_sensor_decorator']) retrieved from /home/airflow/.local/lib/python3.8/site-packages/airflow/example_dags/example_sensor_decorator.py
[2024-11-18T14:21:46.700+0000] {logging_mixin.py:151} INFO - [2024-11-18T14:21:46.700+0000] {dag.py:2941} INFO - Sync 1 DAGs
[2024-11-18T14:21:46.722+0000] {logging_mixin.py:151} INFO - [2024-11-18T14:21:46.722+0000] {dag.py:3722} INFO - Setting next_dagrun for example_sensor_decorator to None, run_after=None
[2024-11-18T14:21:46.753+0000] {processor.py:179} INFO - Processing /home/airflow/.local/lib/python3.8/site-packages/airflow/example_dags/example_sensor_decorator.py took 0.103 seconds
[2024-11-18T14:22:16.882+0000] {processor.py:157} INFO - Started process (PID=300) to work on /home/airflow/.local/lib/python3.8/site-packages/airflow/example_dags/example_sensor_decorator.py
[2024-11-18T14:22:16.883+0000] {processor.py:829} INFO - Processing file /home/airflow/.local/lib/python3.8/site-packages/airflow/example_dags/example_sensor_decorator.py for tasks to queue
[2024-11-18T14:22:16.886+0000] {logging_mixin.py:151} INFO - [2024-11-18T14:22:16.886+0000] {dagbag.py:536} INFO - Filling up the DagBag from /home/airflow/.local/lib/python3.8/site-packages/airflow/example_dags/example_sensor_decorator.py
[2024-11-18T14:22:16.895+0000] {processor.py:839} INFO - DAG(s) dict_keys(['example_sensor_decorator']) retrieved from /home/airflow/.local/lib/python3.8/site-packages/airflow/example_dags/example_sensor_decorator.py
[2024-11-18T14:22:16.926+0000] {logging_mixin.py:151} INFO - [2024-11-18T14:22:16.926+0000] {dag.py:2941} INFO - Sync 1 DAGs
[2024-11-18T14:22:16.948+0000] {logging_mixin.py:151} INFO - [2024-11-18T14:22:16.947+0000] {dag.py:3722} INFO - Setting next_dagrun for example_sensor_decorator to None, run_after=None
[2024-11-18T14:22:16.977+0000] {processor.py:179} INFO - Processing /home/airflow/.local/lib/python3.8/site-packages/airflow/example_dags/example_sensor_decorator.py took 0.099 seconds
[2024-11-18T14:22:47.308+0000] {processor.py:157} INFO - Started process (PID=355) to work on /home/airflow/.local/lib/python3.8/site-packages/airflow/example_dags/example_sensor_decorator.py
[2024-11-18T14:22:47.309+0000] {processor.py:829} INFO - Processing file /home/airflow/.local/lib/python3.8/site-packages/airflow/example_dags/example_sensor_decorator.py for tasks to queue
[2024-11-18T14:22:47.313+0000] {logging_mixin.py:151} INFO - [2024-11-18T14:22:47.312+0000] {dagbag.py:536} INFO - Filling up the DagBag from /home/airflow/.local/lib/python3.8/site-packages/airflow/example_dags/example_sensor_decorator.py
[2024-11-18T14:22:47.321+0000] {processor.py:839} INFO - DAG(s) dict_keys(['example_sensor_decorator']) retrieved from /home/airflow/.local/lib/python3.8/site-packages/airflow/example_dags/example_sensor_decorator.py
[2024-11-18T14:22:47.358+0000] {logging_mixin.py:151} INFO - [2024-11-18T14:22:47.358+0000] {dag.py:2941} INFO - Sync 1 DAGs
[2024-11-18T14:22:47.382+0000] {logging_mixin.py:151} INFO - [2024-11-18T14:22:47.381+0000] {dag.py:3722} INFO - Setting next_dagrun for example_sensor_decorator to None, run_after=None
[2024-11-18T14:22:47.412+0000] {processor.py:179} INFO - Processing /home/airflow/.local/lib/python3.8/site-packages/airflow/example_dags/example_sensor_decorator.py took 0.109 seconds
[2024-11-18T14:23:17.881+0000] {processor.py:157} INFO - Started process (PID=409) to work on /home/airflow/.local/lib/python3.8/site-packages/airflow/example_dags/example_sensor_decorator.py
[2024-11-18T14:23:17.883+0000] {processor.py:829} INFO - Processing file /home/airflow/.local/lib/python3.8/site-packages/airflow/example_dags/example_sensor_decorator.py for tasks to queue
[2024-11-18T14:23:17.885+0000] {logging_mixin.py:151} INFO - [2024-11-18T14:23:17.885+0000] {dagbag.py:536} INFO - Filling up the DagBag from /home/airflow/.local/lib/python3.8/site-packages/airflow/example_dags/example_sensor_decorator.py
[2024-11-18T14:23:17.894+0000] {processor.py:839} INFO - DAG(s) dict_keys(['example_sensor_decorator']) retrieved from /home/airflow/.local/lib/python3.8/site-packages/airflow/example_dags/example_sensor_decorator.py
[2024-11-18T14:23:17.924+0000] {logging_mixin.py:151} INFO - [2024-11-18T14:23:17.923+0000] {dag.py:2941} INFO - Sync 1 DAGs
[2024-11-18T14:23:17.943+0000] {logging_mixin.py:151} INFO - [2024-11-18T14:23:17.943+0000] {dag.py:3722} INFO - Setting next_dagrun for example_sensor_decorator to None, run_after=None
[2024-11-18T14:23:17.972+0000] {processor.py:179} INFO - Processing /home/airflow/.local/lib/python3.8/site-packages/airflow/example_dags/example_sensor_decorator.py took 0.095 seconds
[2024-11-18T14:23:48.467+0000] {processor.py:157} INFO - Started process (PID=463) to work on /home/airflow/.local/lib/python3.8/site-packages/airflow/example_dags/example_sensor_decorator.py
[2024-11-18T14:23:48.468+0000] {processor.py:829} INFO - Processing file /home/airflow/.local/lib/python3.8/site-packages/airflow/example_dags/example_sensor_decorator.py for tasks to queue
[2024-11-18T14:23:48.471+0000] {logging_mixin.py:151} INFO - [2024-11-18T14:23:48.471+0000] {dagbag.py:536} INFO - Filling up the DagBag from /home/airflow/.local/lib/python3.8/site-packages/airflow/example_dags/example_sensor_decorator.py
[2024-11-18T14:23:48.479+0000] {processor.py:839} INFO - DAG(s) dict_keys(['example_sensor_decorator']) retrieved from /home/airflow/.local/lib/python3.8/site-packages/airflow/example_dags/example_sensor_decorator.py
[2024-11-18T14:23:48.509+0000] {logging_mixin.py:151} INFO - [2024-11-18T14:23:48.509+0000] {dag.py:2941} INFO - Sync 1 DAGs
[2024-11-18T14:23:48.529+0000] {logging_mixin.py:151} INFO - [2024-11-18T14:23:48.529+0000] {dag.py:3722} INFO - Setting next_dagrun for example_sensor_decorator to None, run_after=None
[2024-11-18T14:23:48.555+0000] {processor.py:179} INFO - Processing /home/airflow/.local/lib/python3.8/site-packages/airflow/example_dags/example_sensor_decorator.py took 0.093 seconds
[2024-11-18T14:24:19.459+0000] {processor.py:157} INFO - Started process (PID=517) to work on /home/airflow/.local/lib/python3.8/site-packages/airflow/example_dags/example_sensor_decorator.py
[2024-11-18T14:24:19.461+0000] {processor.py:829} INFO - Processing file /home/airflow/.local/lib/python3.8/site-packages/airflow/example_dags/example_sensor_decorator.py for tasks to queue
[2024-11-18T14:24:19.464+0000] {logging_mixin.py:151} INFO - [2024-11-18T14:24:19.464+0000] {dagbag.py:536} INFO - Filling up the DagBag from /home/airflow/.local/lib/python3.8/site-packages/airflow/example_dags/example_sensor_decorator.py
[2024-11-18T14:24:19.473+0000] {processor.py:839} INFO - DAG(s) dict_keys(['example_sensor_decorator']) retrieved from /home/airflow/.local/lib/python3.8/site-packages/airflow/example_dags/example_sensor_decorator.py
[2024-11-18T14:24:19.503+0000] {logging_mixin.py:151} INFO - [2024-11-18T14:24:19.502+0000] {dag.py:2941} INFO - Sync 1 DAGs
[2024-11-18T14:24:19.523+0000] {logging_mixin.py:151} INFO - [2024-11-18T14:24:19.523+0000] {dag.py:3722} INFO - Setting next_dagrun for example_sensor_decorator to None, run_after=None
[2024-11-18T14:24:19.550+0000] {processor.py:179} INFO - Processing /home/airflow/.local/lib/python3.8/site-packages/airflow/example_dags/example_sensor_decorator.py took 0.095 seconds
[2024-11-18T14:24:51.717+0000] {processor.py:157} INFO - Started process (PID=558) to work on /home/airflow/.local/lib/python3.8/site-packages/airflow/example_dags/example_sensor_decorator.py
[2024-11-18T14:24:51.718+0000] {processor.py:829} INFO - Processing file /home/airflow/.local/lib/python3.8/site-packages/airflow/example_dags/example_sensor_decorator.py for tasks to queue
[2024-11-18T14:24:51.721+0000] {logging_mixin.py:151} INFO - [2024-11-18T14:24:51.721+0000] {dagbag.py:536} INFO - Filling up the DagBag from /home/airflow/.local/lib/python3.8/site-packages/airflow/example_dags/example_sensor_decorator.py
[2024-11-18T14:24:51.729+0000] {processor.py:839} INFO - DAG(s) dict_keys(['example_sensor_decorator']) retrieved from /home/airflow/.local/lib/python3.8/site-packages/airflow/example_dags/example_sensor_decorator.py
[2024-11-18T14:24:51.760+0000] {logging_mixin.py:151} INFO - [2024-11-18T14:24:51.760+0000] {dag.py:2941} INFO - Sync 1 DAGs
[2024-11-18T14:24:51.779+0000] {logging_mixin.py:151} INFO - [2024-11-18T14:24:51.779+0000] {dag.py:3722} INFO - Setting next_dagrun for example_sensor_decorator to None, run_after=None
[2024-11-18T14:24:51.808+0000] {processor.py:179} INFO - Processing /home/airflow/.local/lib/python3.8/site-packages/airflow/example_dags/example_sensor_decorator.py took 0.096 seconds
[2024-11-18T14:25:25.044+0000] {processor.py:157} INFO - Started process (PID=613) to work on /home/airflow/.local/lib/python3.8/site-packages/airflow/example_dags/example_sensor_decorator.py
[2024-11-18T14:25:25.045+0000] {processor.py:829} INFO - Processing file /home/airflow/.local/lib/python3.8/site-packages/airflow/example_dags/example_sensor_decorator.py for tasks to queue
[2024-11-18T14:25:25.048+0000] {logging_mixin.py:151} INFO - [2024-11-18T14:25:25.048+0000] {dagbag.py:536} INFO - Filling up the DagBag from /home/airflow/.local/lib/python3.8/site-packages/airflow/example_dags/example_sensor_decorator.py
[2024-11-18T14:25:25.057+0000] {processor.py:839} INFO - DAG(s) dict_keys(['example_sensor_decorator']) retrieved from /home/airflow/.local/lib/python3.8/site-packages/airflow/example_dags/example_sensor_decorator.py
[2024-11-18T14:25:25.076+0000] {logging_mixin.py:151} INFO - [2024-11-18T14:25:25.076+0000] {dag.py:2941} INFO - Sync 1 DAGs
[2024-11-18T14:25:25.102+0000] {logging_mixin.py:151} INFO - [2024-11-18T14:25:25.102+0000] {dag.py:3722} INFO - Setting next_dagrun for example_sensor_decorator to None, run_after=None
[2024-11-18T14:25:25.131+0000] {processor.py:179} INFO - Processing /home/airflow/.local/lib/python3.8/site-packages/airflow/example_dags/example_sensor_decorator.py took 0.093 seconds
[2024-11-18T14:25:55.612+0000] {processor.py:157} INFO - Started process (PID=667) to work on /home/airflow/.local/lib/python3.8/site-packages/airflow/example_dags/example_sensor_decorator.py
[2024-11-18T14:25:55.614+0000] {processor.py:829} INFO - Processing file /home/airflow/.local/lib/python3.8/site-packages/airflow/example_dags/example_sensor_decorator.py for tasks to queue
[2024-11-18T14:25:55.618+0000] {logging_mixin.py:151} INFO - [2024-11-18T14:25:55.618+0000] {dagbag.py:536} INFO - Filling up the DagBag from /home/airflow/.local/lib/python3.8/site-packages/airflow/example_dags/example_sensor_decorator.py
[2024-11-18T14:25:55.632+0000] {processor.py:839} INFO - DAG(s) dict_keys(['example_sensor_decorator']) retrieved from /home/airflow/.local/lib/python3.8/site-packages/airflow/example_dags/example_sensor_decorator.py
[2024-11-18T14:25:55.674+0000] {logging_mixin.py:151} INFO - [2024-11-18T14:25:55.674+0000] {dag.py:2941} INFO - Sync 1 DAGs
[2024-11-18T14:25:55.698+0000] {logging_mixin.py:151} INFO - [2024-11-18T14:25:55.697+0000] {dag.py:3722} INFO - Setting next_dagrun for example_sensor_decorator to None, run_after=None
[2024-11-18T14:25:55.727+0000] {processor.py:179} INFO - Processing /home/airflow/.local/lib/python3.8/site-packages/airflow/example_dags/example_sensor_decorator.py took 0.119 seconds
[2024-11-18T14:26:25.925+0000] {processor.py:157} INFO - Started process (PID=720) to work on /home/airflow/.local/lib/python3.8/site-packages/airflow/example_dags/example_sensor_decorator.py
[2024-11-18T14:26:25.926+0000] {processor.py:829} INFO - Processing file /home/airflow/.local/lib/python3.8/site-packages/airflow/example_dags/example_sensor_decorator.py for tasks to queue
[2024-11-18T14:26:25.930+0000] {logging_mixin.py:151} INFO - [2024-11-18T14:26:25.930+0000] {dagbag.py:536} INFO - Filling up the DagBag from /home/airflow/.local/lib/python3.8/site-packages/airflow/example_dags/example_sensor_decorator.py
[2024-11-18T14:26:25.941+0000] {processor.py:839} INFO - DAG(s) dict_keys(['example_sensor_decorator']) retrieved from /home/airflow/.local/lib/python3.8/site-packages/airflow/example_dags/example_sensor_decorator.py
[2024-11-18T14:26:25.982+0000] {logging_mixin.py:151} INFO - [2024-11-18T14:26:25.982+0000] {dag.py:2941} INFO - Sync 1 DAGs
[2024-11-18T14:26:26.020+0000] {logging_mixin.py:151} INFO - [2024-11-18T14:26:26.019+0000] {dag.py:3722} INFO - Setting next_dagrun for example_sensor_decorator to None, run_after=None
[2024-11-18T14:26:26.067+0000] {processor.py:179} INFO - Processing /home/airflow/.local/lib/python3.8/site-packages/airflow/example_dags/example_sensor_decorator.py took 0.148 seconds
[2024-11-18T14:26:56.474+0000] {processor.py:157} INFO - Started process (PID=767) to work on /home/airflow/.local/lib/python3.8/site-packages/airflow/example_dags/example_sensor_decorator.py
[2024-11-18T14:26:56.476+0000] {processor.py:829} INFO - Processing file /home/airflow/.local/lib/python3.8/site-packages/airflow/example_dags/example_sensor_decorator.py for tasks to queue
[2024-11-18T14:26:56.478+0000] {logging_mixin.py:151} INFO - [2024-11-18T14:26:56.478+0000] {dagbag.py:536} INFO - Filling up the DagBag from /home/airflow/.local/lib/python3.8/site-packages/airflow/example_dags/example_sensor_decorator.py
[2024-11-18T14:26:56.487+0000] {processor.py:839} INFO - DAG(s) dict_keys(['example_sensor_decorator']) retrieved from /home/airflow/.local/lib/python3.8/site-packages/airflow/example_dags/example_sensor_decorator.py
[2024-11-18T14:26:56.516+0000] {logging_mixin.py:151} INFO - [2024-11-18T14:26:56.516+0000] {dag.py:2941} INFO - Sync 1 DAGs
[2024-11-18T14:26:56.536+0000] {logging_mixin.py:151} INFO - [2024-11-18T14:26:56.535+0000] {dag.py:3722} INFO - Setting next_dagrun for example_sensor_decorator to None, run_after=None
[2024-11-18T14:26:56.562+0000] {processor.py:179} INFO - Processing /home/airflow/.local/lib/python3.8/site-packages/airflow/example_dags/example_sensor_decorator.py took 0.093 seconds
[2024-11-18T14:27:27.266+0000] {processor.py:157} INFO - Started process (PID=821) to work on /home/airflow/.local/lib/python3.8/site-packages/airflow/example_dags/example_sensor_decorator.py
[2024-11-18T14:27:27.268+0000] {processor.py:829} INFO - Processing file /home/airflow/.local/lib/python3.8/site-packages/airflow/example_dags/example_sensor_decorator.py for tasks to queue
[2024-11-18T14:27:27.271+0000] {logging_mixin.py:151} INFO - [2024-11-18T14:27:27.270+0000] {dagbag.py:536} INFO - Filling up the DagBag from /home/airflow/.local/lib/python3.8/site-packages/airflow/example_dags/example_sensor_decorator.py
[2024-11-18T14:27:27.279+0000] {processor.py:839} INFO - DAG(s) dict_keys(['example_sensor_decorator']) retrieved from /home/airflow/.local/lib/python3.8/site-packages/airflow/example_dags/example_sensor_decorator.py
[2024-11-18T14:27:27.308+0000] {logging_mixin.py:151} INFO - [2024-11-18T14:27:27.308+0000] {dag.py:2941} INFO - Sync 1 DAGs
[2024-11-18T14:27:27.327+0000] {logging_mixin.py:151} INFO - [2024-11-18T14:27:27.327+0000] {dag.py:3722} INFO - Setting next_dagrun for example_sensor_decorator to None, run_after=None
[2024-11-18T14:27:27.354+0000] {processor.py:179} INFO - Processing /home/airflow/.local/lib/python3.8/site-packages/airflow/example_dags/example_sensor_decorator.py took 0.092 seconds
[2024-11-18T14:27:58.156+0000] {processor.py:157} INFO - Started process (PID=875) to work on /home/airflow/.local/lib/python3.8/site-packages/airflow/example_dags/example_sensor_decorator.py
[2024-11-18T14:27:58.158+0000] {processor.py:829} INFO - Processing file /home/airflow/.local/lib/python3.8/site-packages/airflow/example_dags/example_sensor_decorator.py for tasks to queue
[2024-11-18T14:27:58.161+0000] {logging_mixin.py:151} INFO - [2024-11-18T14:27:58.160+0000] {dagbag.py:536} INFO - Filling up the DagBag from /home/airflow/.local/lib/python3.8/site-packages/airflow/example_dags/example_sensor_decorator.py
[2024-11-18T14:27:58.169+0000] {processor.py:839} INFO - DAG(s) dict_keys(['example_sensor_decorator']) retrieved from /home/airflow/.local/lib/python3.8/site-packages/airflow/example_dags/example_sensor_decorator.py
[2024-11-18T14:27:58.199+0000] {logging_mixin.py:151} INFO - [2024-11-18T14:27:58.199+0000] {dag.py:2941} INFO - Sync 1 DAGs
[2024-11-18T14:27:58.218+0000] {logging_mixin.py:151} INFO - [2024-11-18T14:27:58.218+0000] {dag.py:3722} INFO - Setting next_dagrun for example_sensor_decorator to None, run_after=None
[2024-11-18T14:27:58.245+0000] {processor.py:179} INFO - Processing /home/airflow/.local/lib/python3.8/site-packages/airflow/example_dags/example_sensor_decorator.py took 0.093 seconds
[2024-11-18T14:28:29.245+0000] {processor.py:157} INFO - Started process (PID=930) to work on /home/airflow/.local/lib/python3.8/site-packages/airflow/example_dags/example_sensor_decorator.py
[2024-11-18T14:28:29.247+0000] {processor.py:829} INFO - Processing file /home/airflow/.local/lib/python3.8/site-packages/airflow/example_dags/example_sensor_decorator.py for tasks to queue
[2024-11-18T14:28:29.250+0000] {logging_mixin.py:151} INFO - [2024-11-18T14:28:29.250+0000] {dagbag.py:536} INFO - Filling up the DagBag from /home/airflow/.local/lib/python3.8/site-packages/airflow/example_dags/example_sensor_decorator.py
[2024-11-18T14:28:29.259+0000] {processor.py:839} INFO - DAG(s) dict_keys(['example_sensor_decorator']) retrieved from /home/airflow/.local/lib/python3.8/site-packages/airflow/example_dags/example_sensor_decorator.py
[2024-11-18T14:28:29.293+0000] {logging_mixin.py:151} INFO - [2024-11-18T14:28:29.293+0000] {dag.py:2941} INFO - Sync 1 DAGs
[2024-11-18T14:28:29.319+0000] {logging_mixin.py:151} INFO - [2024-11-18T14:28:29.318+0000] {dag.py:3722} INFO - Setting next_dagrun for example_sensor_decorator to None, run_after=None
[2024-11-18T14:28:29.352+0000] {processor.py:179} INFO - Processing /home/airflow/.local/lib/python3.8/site-packages/airflow/example_dags/example_sensor_decorator.py took 0.112 seconds
[2024-11-18T14:28:59.619+0000] {processor.py:157} INFO - Started process (PID=984) to work on /home/airflow/.local/lib/python3.8/site-packages/airflow/example_dags/example_sensor_decorator.py
[2024-11-18T14:28:59.621+0000] {processor.py:829} INFO - Processing file /home/airflow/.local/lib/python3.8/site-packages/airflow/example_dags/example_sensor_decorator.py for tasks to queue
[2024-11-18T14:28:59.623+0000] {logging_mixin.py:151} INFO - [2024-11-18T14:28:59.623+0000] {dagbag.py:536} INFO - Filling up the DagBag from /home/airflow/.local/lib/python3.8/site-packages/airflow/example_dags/example_sensor_decorator.py
[2024-11-18T14:28:59.632+0000] {processor.py:839} INFO - DAG(s) dict_keys(['example_sensor_decorator']) retrieved from /home/airflow/.local/lib/python3.8/site-packages/airflow/example_dags/example_sensor_decorator.py
[2024-11-18T14:28:59.664+0000] {logging_mixin.py:151} INFO - [2024-11-18T14:28:59.663+0000] {dag.py:2941} INFO - Sync 1 DAGs
[2024-11-18T14:28:59.684+0000] {logging_mixin.py:151} INFO - [2024-11-18T14:28:59.683+0000] {dag.py:3722} INFO - Setting next_dagrun for example_sensor_decorator to None, run_after=None
[2024-11-18T14:28:59.712+0000] {processor.py:179} INFO - Processing /home/airflow/.local/lib/python3.8/site-packages/airflow/example_dags/example_sensor_decorator.py took 0.097 seconds
[2024-11-18T14:29:29.970+0000] {processor.py:157} INFO - Started process (PID=1038) to work on /home/airflow/.local/lib/python3.8/site-packages/airflow/example_dags/example_sensor_decorator.py
[2024-11-18T14:29:29.971+0000] {processor.py:829} INFO - Processing file /home/airflow/.local/lib/python3.8/site-packages/airflow/example_dags/example_sensor_decorator.py for tasks to queue
[2024-11-18T14:29:29.974+0000] {logging_mixin.py:151} INFO - [2024-11-18T14:29:29.974+0000] {dagbag.py:536} INFO - Filling up the DagBag from /home/airflow/.local/lib/python3.8/site-packages/airflow/example_dags/example_sensor_decorator.py
[2024-11-18T14:29:29.983+0000] {processor.py:839} INFO - DAG(s) dict_keys(['example_sensor_decorator']) retrieved from /home/airflow/.local/lib/python3.8/site-packages/airflow/example_dags/example_sensor_decorator.py
[2024-11-18T14:29:30.016+0000] {logging_mixin.py:151} INFO - [2024-11-18T14:29:30.016+0000] {dag.py:2941} INFO - Sync 1 DAGs
[2024-11-18T14:29:30.041+0000] {logging_mixin.py:151} INFO - [2024-11-18T14:29:30.041+0000] {dag.py:3722} INFO - Setting next_dagrun for example_sensor_decorator to None, run_after=None
[2024-11-18T14:29:30.072+0000] {processor.py:179} INFO - Processing /home/airflow/.local/lib/python3.8/site-packages/airflow/example_dags/example_sensor_decorator.py took 0.106 seconds
[2024-11-18T14:30:00.403+0000] {processor.py:157} INFO - Started process (PID=1092) to work on /home/airflow/.local/lib/python3.8/site-packages/airflow/example_dags/example_sensor_decorator.py
[2024-11-18T14:30:00.404+0000] {processor.py:829} INFO - Processing file /home/airflow/.local/lib/python3.8/site-packages/airflow/example_dags/example_sensor_decorator.py for tasks to queue
[2024-11-18T14:30:00.407+0000] {logging_mixin.py:151} INFO - [2024-11-18T14:30:00.407+0000] {dagbag.py:536} INFO - Filling up the DagBag from /home/airflow/.local/lib/python3.8/site-packages/airflow/example_dags/example_sensor_decorator.py
[2024-11-18T14:30:00.416+0000] {processor.py:839} INFO - DAG(s) dict_keys(['example_sensor_decorator']) retrieved from /home/airflow/.local/lib/python3.8/site-packages/airflow/example_dags/example_sensor_decorator.py
[2024-11-18T14:30:00.445+0000] {logging_mixin.py:151} INFO - [2024-11-18T14:30:00.445+0000] {dag.py:2941} INFO - Sync 1 DAGs
[2024-11-18T14:30:00.464+0000] {logging_mixin.py:151} INFO - [2024-11-18T14:30:00.464+0000] {dag.py:3722} INFO - Setting next_dagrun for example_sensor_decorator to None, run_after=None
[2024-11-18T14:30:00.492+0000] {processor.py:179} INFO - Processing /home/airflow/.local/lib/python3.8/site-packages/airflow/example_dags/example_sensor_decorator.py took 0.094 seconds
[2024-11-18T14:33:17.690+0000] {processor.py:157} INFO - Started process (PID=84) to work on /home/airflow/.local/lib/python3.8/site-packages/airflow/example_dags/example_sensor_decorator.py
[2024-11-18T14:33:17.692+0000] {processor.py:829} INFO - Processing file /home/airflow/.local/lib/python3.8/site-packages/airflow/example_dags/example_sensor_decorator.py for tasks to queue
[2024-11-18T14:33:17.697+0000] {logging_mixin.py:151} INFO - [2024-11-18T14:33:17.696+0000] {dagbag.py:536} INFO - Filling up the DagBag from /home/airflow/.local/lib/python3.8/site-packages/airflow/example_dags/example_sensor_decorator.py
[2024-11-18T14:33:17.715+0000] {processor.py:839} INFO - DAG(s) dict_keys(['example_sensor_decorator']) retrieved from /home/airflow/.local/lib/python3.8/site-packages/airflow/example_dags/example_sensor_decorator.py
[2024-11-18T14:33:17.781+0000] {logging_mixin.py:151} INFO - [2024-11-18T14:33:17.781+0000] {dag.py:2941} INFO - Sync 1 DAGs
[2024-11-18T14:33:17.826+0000] {logging_mixin.py:151} INFO - [2024-11-18T14:33:17.826+0000] {dag.py:3722} INFO - Setting next_dagrun for example_sensor_decorator to None, run_after=None
[2024-11-18T14:33:17.871+0000] {processor.py:179} INFO - Processing /home/airflow/.local/lib/python3.8/site-packages/airflow/example_dags/example_sensor_decorator.py took 0.189 seconds
[2024-11-18T14:33:48.062+0000] {processor.py:157} INFO - Started process (PID=137) to work on /home/airflow/.local/lib/python3.8/site-packages/airflow/example_dags/example_sensor_decorator.py
[2024-11-18T14:33:48.064+0000] {processor.py:829} INFO - Processing file /home/airflow/.local/lib/python3.8/site-packages/airflow/example_dags/example_sensor_decorator.py for tasks to queue
[2024-11-18T14:33:48.067+0000] {logging_mixin.py:151} INFO - [2024-11-18T14:33:48.067+0000] {dagbag.py:536} INFO - Filling up the DagBag from /home/airflow/.local/lib/python3.8/site-packages/airflow/example_dags/example_sensor_decorator.py
[2024-11-18T14:33:48.077+0000] {processor.py:839} INFO - DAG(s) dict_keys(['example_sensor_decorator']) retrieved from /home/airflow/.local/lib/python3.8/site-packages/airflow/example_dags/example_sensor_decorator.py
[2024-11-18T14:33:48.110+0000] {logging_mixin.py:151} INFO - [2024-11-18T14:33:48.110+0000] {dag.py:2941} INFO - Sync 1 DAGs
[2024-11-18T14:33:48.130+0000] {logging_mixin.py:151} INFO - [2024-11-18T14:33:48.129+0000] {dag.py:3722} INFO - Setting next_dagrun for example_sensor_decorator to None, run_after=None
[2024-11-18T14:33:48.161+0000] {processor.py:179} INFO - Processing /home/airflow/.local/lib/python3.8/site-packages/airflow/example_dags/example_sensor_decorator.py took 0.104 seconds
[2024-11-18T14:34:18.629+0000] {processor.py:157} INFO - Started process (PID=191) to work on /home/airflow/.local/lib/python3.8/site-packages/airflow/example_dags/example_sensor_decorator.py
[2024-11-18T14:34:18.630+0000] {processor.py:829} INFO - Processing file /home/airflow/.local/lib/python3.8/site-packages/airflow/example_dags/example_sensor_decorator.py for tasks to queue
[2024-11-18T14:34:18.633+0000] {logging_mixin.py:151} INFO - [2024-11-18T14:34:18.633+0000] {dagbag.py:536} INFO - Filling up the DagBag from /home/airflow/.local/lib/python3.8/site-packages/airflow/example_dags/example_sensor_decorator.py
[2024-11-18T14:34:18.642+0000] {processor.py:839} INFO - DAG(s) dict_keys(['example_sensor_decorator']) retrieved from /home/airflow/.local/lib/python3.8/site-packages/airflow/example_dags/example_sensor_decorator.py
[2024-11-18T14:34:18.671+0000] {logging_mixin.py:151} INFO - [2024-11-18T14:34:18.670+0000] {dag.py:2941} INFO - Sync 1 DAGs
[2024-11-18T14:34:18.689+0000] {logging_mixin.py:151} INFO - [2024-11-18T14:34:18.689+0000] {dag.py:3722} INFO - Setting next_dagrun for example_sensor_decorator to None, run_after=None
[2024-11-18T14:34:18.719+0000] {processor.py:179} INFO - Processing /home/airflow/.local/lib/python3.8/site-packages/airflow/example_dags/example_sensor_decorator.py took 0.095 seconds
[2024-11-18T14:34:48.960+0000] {processor.py:157} INFO - Started process (PID=244) to work on /home/airflow/.local/lib/python3.8/site-packages/airflow/example_dags/example_sensor_decorator.py
[2024-11-18T14:34:48.962+0000] {processor.py:829} INFO - Processing file /home/airflow/.local/lib/python3.8/site-packages/airflow/example_dags/example_sensor_decorator.py for tasks to queue
[2024-11-18T14:34:48.965+0000] {logging_mixin.py:151} INFO - [2024-11-18T14:34:48.964+0000] {dagbag.py:536} INFO - Filling up the DagBag from /home/airflow/.local/lib/python3.8/site-packages/airflow/example_dags/example_sensor_decorator.py
[2024-11-18T14:34:48.973+0000] {processor.py:839} INFO - DAG(s) dict_keys(['example_sensor_decorator']) retrieved from /home/airflow/.local/lib/python3.8/site-packages/airflow/example_dags/example_sensor_decorator.py
[2024-11-18T14:34:49.001+0000] {logging_mixin.py:151} INFO - [2024-11-18T14:34:49.001+0000] {dag.py:2941} INFO - Sync 1 DAGs
[2024-11-18T14:34:49.021+0000] {logging_mixin.py:151} INFO - [2024-11-18T14:34:49.021+0000] {dag.py:3722} INFO - Setting next_dagrun for example_sensor_decorator to None, run_after=None
[2024-11-18T14:34:49.048+0000] {processor.py:179} INFO - Processing /home/airflow/.local/lib/python3.8/site-packages/airflow/example_dags/example_sensor_decorator.py took 0.093 seconds
[2024-11-18T14:35:21.661+0000] {processor.py:157} INFO - Started process (PID=299) to work on /home/airflow/.local/lib/python3.8/site-packages/airflow/example_dags/example_sensor_decorator.py
[2024-11-18T14:35:21.663+0000] {processor.py:829} INFO - Processing file /home/airflow/.local/lib/python3.8/site-packages/airflow/example_dags/example_sensor_decorator.py for tasks to queue
[2024-11-18T14:35:21.666+0000] {logging_mixin.py:151} INFO - [2024-11-18T14:35:21.665+0000] {dagbag.py:536} INFO - Filling up the DagBag from /home/airflow/.local/lib/python3.8/site-packages/airflow/example_dags/example_sensor_decorator.py
[2024-11-18T14:35:21.674+0000] {processor.py:839} INFO - DAG(s) dict_keys(['example_sensor_decorator']) retrieved from /home/airflow/.local/lib/python3.8/site-packages/airflow/example_dags/example_sensor_decorator.py
[2024-11-18T14:35:21.704+0000] {logging_mixin.py:151} INFO - [2024-11-18T14:35:21.703+0000] {dag.py:2941} INFO - Sync 1 DAGs
[2024-11-18T14:35:21.723+0000] {logging_mixin.py:151} INFO - [2024-11-18T14:35:21.723+0000] {dag.py:3722} INFO - Setting next_dagrun for example_sensor_decorator to None, run_after=None
[2024-11-18T14:35:21.750+0000] {processor.py:179} INFO - Processing /home/airflow/.local/lib/python3.8/site-packages/airflow/example_dags/example_sensor_decorator.py took 0.094 seconds
[2024-11-18T14:35:55.257+0000] {processor.py:157} INFO - Started process (PID=354) to work on /home/airflow/.local/lib/python3.8/site-packages/airflow/example_dags/example_sensor_decorator.py
[2024-11-18T14:35:55.259+0000] {processor.py:829} INFO - Processing file /home/airflow/.local/lib/python3.8/site-packages/airflow/example_dags/example_sensor_decorator.py for tasks to queue
[2024-11-18T14:35:55.263+0000] {logging_mixin.py:151} INFO - [2024-11-18T14:35:55.262+0000] {dagbag.py:536} INFO - Filling up the DagBag from /home/airflow/.local/lib/python3.8/site-packages/airflow/example_dags/example_sensor_decorator.py
[2024-11-18T14:35:55.271+0000] {processor.py:839} INFO - DAG(s) dict_keys(['example_sensor_decorator']) retrieved from /home/airflow/.local/lib/python3.8/site-packages/airflow/example_dags/example_sensor_decorator.py
[2024-11-18T14:35:55.305+0000] {logging_mixin.py:151} INFO - [2024-11-18T14:35:55.305+0000] {dag.py:2941} INFO - Sync 1 DAGs
[2024-11-18T14:35:55.326+0000] {logging_mixin.py:151} INFO - [2024-11-18T14:35:55.326+0000] {dag.py:3722} INFO - Setting next_dagrun for example_sensor_decorator to None, run_after=None
[2024-11-18T14:35:55.356+0000] {processor.py:179} INFO - Processing /home/airflow/.local/lib/python3.8/site-packages/airflow/example_dags/example_sensor_decorator.py took 0.103 seconds
[2024-11-18T14:36:29.148+0000] {processor.py:157} INFO - Started process (PID=408) to work on /home/airflow/.local/lib/python3.8/site-packages/airflow/example_dags/example_sensor_decorator.py
[2024-11-18T14:36:29.149+0000] {processor.py:829} INFO - Processing file /home/airflow/.local/lib/python3.8/site-packages/airflow/example_dags/example_sensor_decorator.py for tasks to queue
[2024-11-18T14:36:29.152+0000] {logging_mixin.py:151} INFO - [2024-11-18T14:36:29.152+0000] {dagbag.py:536} INFO - Filling up the DagBag from /home/airflow/.local/lib/python3.8/site-packages/airflow/example_dags/example_sensor_decorator.py
[2024-11-18T14:36:29.161+0000] {processor.py:839} INFO - DAG(s) dict_keys(['example_sensor_decorator']) retrieved from /home/airflow/.local/lib/python3.8/site-packages/airflow/example_dags/example_sensor_decorator.py
[2024-11-18T14:36:29.191+0000] {logging_mixin.py:151} INFO - [2024-11-18T14:36:29.191+0000] {dag.py:2941} INFO - Sync 1 DAGs
[2024-11-18T14:36:29.212+0000] {logging_mixin.py:151} INFO - [2024-11-18T14:36:29.212+0000] {dag.py:3722} INFO - Setting next_dagrun for example_sensor_decorator to None, run_after=None
[2024-11-18T14:36:29.241+0000] {processor.py:179} INFO - Processing /home/airflow/.local/lib/python3.8/site-packages/airflow/example_dags/example_sensor_decorator.py took 0.098 seconds
[2024-11-18T14:37:02.077+0000] {processor.py:157} INFO - Started process (PID=462) to work on /home/airflow/.local/lib/python3.8/site-packages/airflow/example_dags/example_sensor_decorator.py
[2024-11-18T14:37:02.078+0000] {processor.py:829} INFO - Processing file /home/airflow/.local/lib/python3.8/site-packages/airflow/example_dags/example_sensor_decorator.py for tasks to queue
[2024-11-18T14:37:02.081+0000] {logging_mixin.py:151} INFO - [2024-11-18T14:37:02.081+0000] {dagbag.py:536} INFO - Filling up the DagBag from /home/airflow/.local/lib/python3.8/site-packages/airflow/example_dags/example_sensor_decorator.py
[2024-11-18T14:37:02.090+0000] {processor.py:839} INFO - DAG(s) dict_keys(['example_sensor_decorator']) retrieved from /home/airflow/.local/lib/python3.8/site-packages/airflow/example_dags/example_sensor_decorator.py
[2024-11-18T14:37:02.130+0000] {logging_mixin.py:151} INFO - [2024-11-18T14:37:02.129+0000] {dag.py:2941} INFO - Sync 1 DAGs
[2024-11-18T14:37:02.149+0000] {logging_mixin.py:151} INFO - [2024-11-18T14:37:02.149+0000] {dag.py:3722} INFO - Setting next_dagrun for example_sensor_decorator to None, run_after=None
[2024-11-18T14:37:02.176+0000] {processor.py:179} INFO - Processing /home/airflow/.local/lib/python3.8/site-packages/airflow/example_dags/example_sensor_decorator.py took 0.104 seconds
[2024-11-18T14:37:35.272+0000] {processor.py:157} INFO - Started process (PID=516) to work on /home/airflow/.local/lib/python3.8/site-packages/airflow/example_dags/example_sensor_decorator.py
[2024-11-18T14:37:35.274+0000] {processor.py:829} INFO - Processing file /home/airflow/.local/lib/python3.8/site-packages/airflow/example_dags/example_sensor_decorator.py for tasks to queue
[2024-11-18T14:37:35.277+0000] {logging_mixin.py:151} INFO - [2024-11-18T14:37:35.276+0000] {dagbag.py:536} INFO - Filling up the DagBag from /home/airflow/.local/lib/python3.8/site-packages/airflow/example_dags/example_sensor_decorator.py
[2024-11-18T14:37:35.285+0000] {processor.py:839} INFO - DAG(s) dict_keys(['example_sensor_decorator']) retrieved from /home/airflow/.local/lib/python3.8/site-packages/airflow/example_dags/example_sensor_decorator.py
[2024-11-18T14:37:35.315+0000] {logging_mixin.py:151} INFO - [2024-11-18T14:37:35.314+0000] {dag.py:2941} INFO - Sync 1 DAGs
[2024-11-18T14:37:35.335+0000] {logging_mixin.py:151} INFO - [2024-11-18T14:37:35.335+0000] {dag.py:3722} INFO - Setting next_dagrun for example_sensor_decorator to None, run_after=None
[2024-11-18T14:37:35.363+0000] {processor.py:179} INFO - Processing /home/airflow/.local/lib/python3.8/site-packages/airflow/example_dags/example_sensor_decorator.py took 0.095 seconds
[2024-11-18T14:38:08.476+0000] {processor.py:157} INFO - Started process (PID=570) to work on /home/airflow/.local/lib/python3.8/site-packages/airflow/example_dags/example_sensor_decorator.py
[2024-11-18T14:38:08.477+0000] {processor.py:829} INFO - Processing file /home/airflow/.local/lib/python3.8/site-packages/airflow/example_dags/example_sensor_decorator.py for tasks to queue
[2024-11-18T14:38:08.480+0000] {logging_mixin.py:151} INFO - [2024-11-18T14:38:08.480+0000] {dagbag.py:536} INFO - Filling up the DagBag from /home/airflow/.local/lib/python3.8/site-packages/airflow/example_dags/example_sensor_decorator.py
[2024-11-18T14:38:08.489+0000] {processor.py:839} INFO - DAG(s) dict_keys(['example_sensor_decorator']) retrieved from /home/airflow/.local/lib/python3.8/site-packages/airflow/example_dags/example_sensor_decorator.py
[2024-11-18T14:38:08.521+0000] {logging_mixin.py:151} INFO - [2024-11-18T14:38:08.520+0000] {dag.py:2941} INFO - Sync 1 DAGs
[2024-11-18T14:38:08.544+0000] {logging_mixin.py:151} INFO - [2024-11-18T14:38:08.543+0000] {dag.py:3722} INFO - Setting next_dagrun for example_sensor_decorator to None, run_after=None
[2024-11-18T14:38:08.573+0000] {processor.py:179} INFO - Processing /home/airflow/.local/lib/python3.8/site-packages/airflow/example_dags/example_sensor_decorator.py took 0.102 seconds
[2024-11-18T14:38:41.845+0000] {processor.py:157} INFO - Started process (PID=624) to work on /home/airflow/.local/lib/python3.8/site-packages/airflow/example_dags/example_sensor_decorator.py
[2024-11-18T14:38:41.847+0000] {processor.py:829} INFO - Processing file /home/airflow/.local/lib/python3.8/site-packages/airflow/example_dags/example_sensor_decorator.py for tasks to queue
[2024-11-18T14:38:41.850+0000] {logging_mixin.py:151} INFO - [2024-11-18T14:38:41.849+0000] {dagbag.py:536} INFO - Filling up the DagBag from /home/airflow/.local/lib/python3.8/site-packages/airflow/example_dags/example_sensor_decorator.py
[2024-11-18T14:38:41.858+0000] {processor.py:839} INFO - DAG(s) dict_keys(['example_sensor_decorator']) retrieved from /home/airflow/.local/lib/python3.8/site-packages/airflow/example_dags/example_sensor_decorator.py
[2024-11-18T14:38:41.887+0000] {logging_mixin.py:151} INFO - [2024-11-18T14:38:41.886+0000] {dag.py:2941} INFO - Sync 1 DAGs
[2024-11-18T14:38:41.907+0000] {logging_mixin.py:151} INFO - [2024-11-18T14:38:41.906+0000] {dag.py:3722} INFO - Setting next_dagrun for example_sensor_decorator to None, run_after=None
[2024-11-18T14:38:41.937+0000] {processor.py:179} INFO - Processing /home/airflow/.local/lib/python3.8/site-packages/airflow/example_dags/example_sensor_decorator.py took 0.096 seconds
[2024-11-18T14:39:15.518+0000] {processor.py:157} INFO - Started process (PID=678) to work on /home/airflow/.local/lib/python3.8/site-packages/airflow/example_dags/example_sensor_decorator.py
[2024-11-18T14:39:15.520+0000] {processor.py:829} INFO - Processing file /home/airflow/.local/lib/python3.8/site-packages/airflow/example_dags/example_sensor_decorator.py for tasks to queue
[2024-11-18T14:39:15.523+0000] {logging_mixin.py:151} INFO - [2024-11-18T14:39:15.522+0000] {dagbag.py:536} INFO - Filling up the DagBag from /home/airflow/.local/lib/python3.8/site-packages/airflow/example_dags/example_sensor_decorator.py
[2024-11-18T14:39:15.531+0000] {processor.py:839} INFO - DAG(s) dict_keys(['example_sensor_decorator']) retrieved from /home/airflow/.local/lib/python3.8/site-packages/airflow/example_dags/example_sensor_decorator.py
[2024-11-18T14:39:15.560+0000] {logging_mixin.py:151} INFO - [2024-11-18T14:39:15.560+0000] {dag.py:2941} INFO - Sync 1 DAGs
[2024-11-18T14:39:15.579+0000] {logging_mixin.py:151} INFO - [2024-11-18T14:39:15.579+0000] {dag.py:3722} INFO - Setting next_dagrun for example_sensor_decorator to None, run_after=None
[2024-11-18T14:39:15.606+0000] {processor.py:179} INFO - Processing /home/airflow/.local/lib/python3.8/site-packages/airflow/example_dags/example_sensor_decorator.py took 0.092 seconds
[2024-11-18T14:39:48.830+0000] {processor.py:157} INFO - Started process (PID=732) to work on /home/airflow/.local/lib/python3.8/site-packages/airflow/example_dags/example_sensor_decorator.py
[2024-11-18T14:39:48.832+0000] {processor.py:829} INFO - Processing file /home/airflow/.local/lib/python3.8/site-packages/airflow/example_dags/example_sensor_decorator.py for tasks to queue
[2024-11-18T14:39:48.835+0000] {logging_mixin.py:151} INFO - [2024-11-18T14:39:48.834+0000] {dagbag.py:536} INFO - Filling up the DagBag from /home/airflow/.local/lib/python3.8/site-packages/airflow/example_dags/example_sensor_decorator.py
[2024-11-18T14:39:48.843+0000] {processor.py:839} INFO - DAG(s) dict_keys(['example_sensor_decorator']) retrieved from /home/airflow/.local/lib/python3.8/site-packages/airflow/example_dags/example_sensor_decorator.py
[2024-11-18T14:39:48.874+0000] {logging_mixin.py:151} INFO - [2024-11-18T14:39:48.874+0000] {dag.py:2941} INFO - Sync 1 DAGs
[2024-11-18T14:39:48.896+0000] {logging_mixin.py:151} INFO - [2024-11-18T14:39:48.895+0000] {dag.py:3722} INFO - Setting next_dagrun for example_sensor_decorator to None, run_after=None
[2024-11-18T14:39:48.926+0000] {processor.py:179} INFO - Processing /home/airflow/.local/lib/python3.8/site-packages/airflow/example_dags/example_sensor_decorator.py took 0.100 seconds
[2024-11-18T14:40:22.033+0000] {processor.py:157} INFO - Started process (PID=786) to work on /home/airflow/.local/lib/python3.8/site-packages/airflow/example_dags/example_sensor_decorator.py
[2024-11-18T14:40:22.034+0000] {processor.py:829} INFO - Processing file /home/airflow/.local/lib/python3.8/site-packages/airflow/example_dags/example_sensor_decorator.py for tasks to queue
[2024-11-18T14:40:22.038+0000] {logging_mixin.py:151} INFO - [2024-11-18T14:40:22.037+0000] {dagbag.py:536} INFO - Filling up the DagBag from /home/airflow/.local/lib/python3.8/site-packages/airflow/example_dags/example_sensor_decorator.py
[2024-11-18T14:40:22.047+0000] {processor.py:839} INFO - DAG(s) dict_keys(['example_sensor_decorator']) retrieved from /home/airflow/.local/lib/python3.8/site-packages/airflow/example_dags/example_sensor_decorator.py
[2024-11-18T14:40:22.079+0000] {logging_mixin.py:151} INFO - [2024-11-18T14:40:22.079+0000] {dag.py:2941} INFO - Sync 1 DAGs
[2024-11-18T14:40:22.103+0000] {logging_mixin.py:151} INFO - [2024-11-18T14:40:22.102+0000] {dag.py:3722} INFO - Setting next_dagrun for example_sensor_decorator to None, run_after=None
[2024-11-18T14:40:22.135+0000] {processor.py:179} INFO - Processing /home/airflow/.local/lib/python3.8/site-packages/airflow/example_dags/example_sensor_decorator.py took 0.107 seconds
[2024-11-18T14:40:55.418+0000] {processor.py:157} INFO - Started process (PID=840) to work on /home/airflow/.local/lib/python3.8/site-packages/airflow/example_dags/example_sensor_decorator.py
[2024-11-18T14:40:55.420+0000] {processor.py:829} INFO - Processing file /home/airflow/.local/lib/python3.8/site-packages/airflow/example_dags/example_sensor_decorator.py for tasks to queue
[2024-11-18T14:40:55.422+0000] {logging_mixin.py:151} INFO - [2024-11-18T14:40:55.422+0000] {dagbag.py:536} INFO - Filling up the DagBag from /home/airflow/.local/lib/python3.8/site-packages/airflow/example_dags/example_sensor_decorator.py
[2024-11-18T14:40:55.432+0000] {processor.py:839} INFO - DAG(s) dict_keys(['example_sensor_decorator']) retrieved from /home/airflow/.local/lib/python3.8/site-packages/airflow/example_dags/example_sensor_decorator.py
[2024-11-18T14:40:55.464+0000] {logging_mixin.py:151} INFO - [2024-11-18T14:40:55.464+0000] {dag.py:2941} INFO - Sync 1 DAGs
[2024-11-18T14:40:55.485+0000] {logging_mixin.py:151} INFO - [2024-11-18T14:40:55.485+0000] {dag.py:3722} INFO - Setting next_dagrun for example_sensor_decorator to None, run_after=None
[2024-11-18T14:40:55.516+0000] {processor.py:179} INFO - Processing /home/airflow/.local/lib/python3.8/site-packages/airflow/example_dags/example_sensor_decorator.py took 0.103 seconds
[2024-11-18T14:41:28.643+0000] {processor.py:157} INFO - Started process (PID=894) to work on /home/airflow/.local/lib/python3.8/site-packages/airflow/example_dags/example_sensor_decorator.py
[2024-11-18T14:41:28.645+0000] {processor.py:829} INFO - Processing file /home/airflow/.local/lib/python3.8/site-packages/airflow/example_dags/example_sensor_decorator.py for tasks to queue
[2024-11-18T14:41:28.648+0000] {logging_mixin.py:151} INFO - [2024-11-18T14:41:28.647+0000] {dagbag.py:536} INFO - Filling up the DagBag from /home/airflow/.local/lib/python3.8/site-packages/airflow/example_dags/example_sensor_decorator.py
[2024-11-18T14:41:28.659+0000] {processor.py:839} INFO - DAG(s) dict_keys(['example_sensor_decorator']) retrieved from /home/airflow/.local/lib/python3.8/site-packages/airflow/example_dags/example_sensor_decorator.py
[2024-11-18T14:41:28.694+0000] {logging_mixin.py:151} INFO - [2024-11-18T14:41:28.693+0000] {dag.py:2941} INFO - Sync 1 DAGs
[2024-11-18T14:41:28.716+0000] {logging_mixin.py:151} INFO - [2024-11-18T14:41:28.716+0000] {dag.py:3722} INFO - Setting next_dagrun for example_sensor_decorator to None, run_after=None
[2024-11-18T14:41:28.758+0000] {processor.py:179} INFO - Processing /home/airflow/.local/lib/python3.8/site-packages/airflow/example_dags/example_sensor_decorator.py took 0.119 seconds
[2024-11-18T14:42:01.960+0000] {processor.py:157} INFO - Started process (PID=948) to work on /home/airflow/.local/lib/python3.8/site-packages/airflow/example_dags/example_sensor_decorator.py
[2024-11-18T14:42:01.961+0000] {processor.py:829} INFO - Processing file /home/airflow/.local/lib/python3.8/site-packages/airflow/example_dags/example_sensor_decorator.py for tasks to queue
[2024-11-18T14:42:01.964+0000] {logging_mixin.py:151} INFO - [2024-11-18T14:42:01.964+0000] {dagbag.py:536} INFO - Filling up the DagBag from /home/airflow/.local/lib/python3.8/site-packages/airflow/example_dags/example_sensor_decorator.py
[2024-11-18T14:42:01.973+0000] {processor.py:839} INFO - DAG(s) dict_keys(['example_sensor_decorator']) retrieved from /home/airflow/.local/lib/python3.8/site-packages/airflow/example_dags/example_sensor_decorator.py
[2024-11-18T14:42:02.010+0000] {logging_mixin.py:151} INFO - [2024-11-18T14:42:02.009+0000] {dag.py:2941} INFO - Sync 1 DAGs
[2024-11-18T14:42:02.038+0000] {logging_mixin.py:151} INFO - [2024-11-18T14:42:02.038+0000] {dag.py:3722} INFO - Setting next_dagrun for example_sensor_decorator to None, run_after=None
[2024-11-18T14:42:02.077+0000] {processor.py:179} INFO - Processing /home/airflow/.local/lib/python3.8/site-packages/airflow/example_dags/example_sensor_decorator.py took 0.123 seconds
[2024-11-18T14:42:35.398+0000] {processor.py:157} INFO - Started process (PID=1002) to work on /home/airflow/.local/lib/python3.8/site-packages/airflow/example_dags/example_sensor_decorator.py
[2024-11-18T14:42:35.400+0000] {processor.py:829} INFO - Processing file /home/airflow/.local/lib/python3.8/site-packages/airflow/example_dags/example_sensor_decorator.py for tasks to queue
[2024-11-18T14:42:35.402+0000] {logging_mixin.py:151} INFO - [2024-11-18T14:42:35.402+0000] {dagbag.py:536} INFO - Filling up the DagBag from /home/airflow/.local/lib/python3.8/site-packages/airflow/example_dags/example_sensor_decorator.py
[2024-11-18T14:42:35.411+0000] {processor.py:839} INFO - DAG(s) dict_keys(['example_sensor_decorator']) retrieved from /home/airflow/.local/lib/python3.8/site-packages/airflow/example_dags/example_sensor_decorator.py
[2024-11-18T14:42:35.442+0000] {logging_mixin.py:151} INFO - [2024-11-18T14:42:35.441+0000] {dag.py:2941} INFO - Sync 1 DAGs
[2024-11-18T14:42:35.462+0000] {logging_mixin.py:151} INFO - [2024-11-18T14:42:35.462+0000] {dag.py:3722} INFO - Setting next_dagrun for example_sensor_decorator to None, run_after=None
[2024-11-18T14:42:35.491+0000] {processor.py:179} INFO - Processing /home/airflow/.local/lib/python3.8/site-packages/airflow/example_dags/example_sensor_decorator.py took 0.098 seconds
[2024-11-18T14:43:08.693+0000] {processor.py:157} INFO - Started process (PID=1056) to work on /home/airflow/.local/lib/python3.8/site-packages/airflow/example_dags/example_sensor_decorator.py
[2024-11-18T14:43:08.695+0000] {processor.py:829} INFO - Processing file /home/airflow/.local/lib/python3.8/site-packages/airflow/example_dags/example_sensor_decorator.py for tasks to queue
[2024-11-18T14:43:08.699+0000] {logging_mixin.py:151} INFO - [2024-11-18T14:43:08.698+0000] {dagbag.py:536} INFO - Filling up the DagBag from /home/airflow/.local/lib/python3.8/site-packages/airflow/example_dags/example_sensor_decorator.py
[2024-11-18T14:43:08.711+0000] {processor.py:839} INFO - DAG(s) dict_keys(['example_sensor_decorator']) retrieved from /home/airflow/.local/lib/python3.8/site-packages/airflow/example_dags/example_sensor_decorator.py
[2024-11-18T14:43:08.745+0000] {logging_mixin.py:151} INFO - [2024-11-18T14:43:08.745+0000] {dag.py:2941} INFO - Sync 1 DAGs
[2024-11-18T14:43:08.769+0000] {logging_mixin.py:151} INFO - [2024-11-18T14:43:08.768+0000] {dag.py:3722} INFO - Setting next_dagrun for example_sensor_decorator to None, run_after=None
[2024-11-18T14:43:08.799+0000] {processor.py:179} INFO - Processing /home/airflow/.local/lib/python3.8/site-packages/airflow/example_dags/example_sensor_decorator.py took 0.113 seconds
[2024-11-18T14:43:42.399+0000] {processor.py:157} INFO - Started process (PID=1110) to work on /home/airflow/.local/lib/python3.8/site-packages/airflow/example_dags/example_sensor_decorator.py
[2024-11-18T14:43:42.402+0000] {processor.py:829} INFO - Processing file /home/airflow/.local/lib/python3.8/site-packages/airflow/example_dags/example_sensor_decorator.py for tasks to queue
[2024-11-18T14:43:42.406+0000] {logging_mixin.py:151} INFO - [2024-11-18T14:43:42.406+0000] {dagbag.py:536} INFO - Filling up the DagBag from /home/airflow/.local/lib/python3.8/site-packages/airflow/example_dags/example_sensor_decorator.py
[2024-11-18T14:43:42.421+0000] {processor.py:839} INFO - DAG(s) dict_keys(['example_sensor_decorator']) retrieved from /home/airflow/.local/lib/python3.8/site-packages/airflow/example_dags/example_sensor_decorator.py
[2024-11-18T14:43:42.463+0000] {logging_mixin.py:151} INFO - [2024-11-18T14:43:42.463+0000] {dag.py:2941} INFO - Sync 1 DAGs
[2024-11-18T14:43:42.488+0000] {logging_mixin.py:151} INFO - [2024-11-18T14:43:42.488+0000] {dag.py:3722} INFO - Setting next_dagrun for example_sensor_decorator to None, run_after=None
[2024-11-18T14:43:42.520+0000] {processor.py:179} INFO - Processing /home/airflow/.local/lib/python3.8/site-packages/airflow/example_dags/example_sensor_decorator.py took 0.128 seconds
[2024-11-18T14:44:15.158+0000] {processor.py:157} INFO - Started process (PID=1164) to work on /home/airflow/.local/lib/python3.8/site-packages/airflow/example_dags/example_sensor_decorator.py
[2024-11-18T14:44:15.159+0000] {processor.py:829} INFO - Processing file /home/airflow/.local/lib/python3.8/site-packages/airflow/example_dags/example_sensor_decorator.py for tasks to queue
[2024-11-18T14:44:15.162+0000] {logging_mixin.py:151} INFO - [2024-11-18T14:44:15.162+0000] {dagbag.py:536} INFO - Filling up the DagBag from /home/airflow/.local/lib/python3.8/site-packages/airflow/example_dags/example_sensor_decorator.py
[2024-11-18T14:44:15.174+0000] {processor.py:839} INFO - DAG(s) dict_keys(['example_sensor_decorator']) retrieved from /home/airflow/.local/lib/python3.8/site-packages/airflow/example_dags/example_sensor_decorator.py
[2024-11-18T14:44:15.212+0000] {logging_mixin.py:151} INFO - [2024-11-18T14:44:15.212+0000] {dag.py:2941} INFO - Sync 1 DAGs
[2024-11-18T14:44:15.234+0000] {logging_mixin.py:151} INFO - [2024-11-18T14:44:15.233+0000] {dag.py:3722} INFO - Setting next_dagrun for example_sensor_decorator to None, run_after=None
[2024-11-18T14:44:15.263+0000] {processor.py:179} INFO - Processing /home/airflow/.local/lib/python3.8/site-packages/airflow/example_dags/example_sensor_decorator.py took 0.109 seconds
[2024-11-18T14:44:49.786+0000] {processor.py:157} INFO - Started process (PID=1218) to work on /home/airflow/.local/lib/python3.8/site-packages/airflow/example_dags/example_sensor_decorator.py
[2024-11-18T14:44:49.788+0000] {processor.py:829} INFO - Processing file /home/airflow/.local/lib/python3.8/site-packages/airflow/example_dags/example_sensor_decorator.py for tasks to queue
[2024-11-18T14:44:49.793+0000] {logging_mixin.py:151} INFO - [2024-11-18T14:44:49.792+0000] {dagbag.py:536} INFO - Filling up the DagBag from /home/airflow/.local/lib/python3.8/site-packages/airflow/example_dags/example_sensor_decorator.py
[2024-11-18T14:44:49.809+0000] {processor.py:839} INFO - DAG(s) dict_keys(['example_sensor_decorator']) retrieved from /home/airflow/.local/lib/python3.8/site-packages/airflow/example_dags/example_sensor_decorator.py
[2024-11-18T14:44:49.841+0000] {logging_mixin.py:151} INFO - [2024-11-18T14:44:49.841+0000] {dag.py:2941} INFO - Sync 1 DAGs
[2024-11-18T14:44:49.862+0000] {logging_mixin.py:151} INFO - [2024-11-18T14:44:49.862+0000] {dag.py:3722} INFO - Setting next_dagrun for example_sensor_decorator to None, run_after=None
[2024-11-18T14:44:49.892+0000] {processor.py:179} INFO - Processing /home/airflow/.local/lib/python3.8/site-packages/airflow/example_dags/example_sensor_decorator.py took 0.112 seconds
[2024-11-18T14:45:22.133+0000] {processor.py:157} INFO - Started process (PID=1272) to work on /home/airflow/.local/lib/python3.8/site-packages/airflow/example_dags/example_sensor_decorator.py
[2024-11-18T14:45:22.135+0000] {processor.py:829} INFO - Processing file /home/airflow/.local/lib/python3.8/site-packages/airflow/example_dags/example_sensor_decorator.py for tasks to queue
[2024-11-18T14:45:22.138+0000] {logging_mixin.py:151} INFO - [2024-11-18T14:45:22.137+0000] {dagbag.py:536} INFO - Filling up the DagBag from /home/airflow/.local/lib/python3.8/site-packages/airflow/example_dags/example_sensor_decorator.py
[2024-11-18T14:45:22.146+0000] {processor.py:839} INFO - DAG(s) dict_keys(['example_sensor_decorator']) retrieved from /home/airflow/.local/lib/python3.8/site-packages/airflow/example_dags/example_sensor_decorator.py
[2024-11-18T14:45:22.177+0000] {logging_mixin.py:151} INFO - [2024-11-18T14:45:22.177+0000] {dag.py:2941} INFO - Sync 1 DAGs
[2024-11-18T14:45:22.199+0000] {logging_mixin.py:151} INFO - [2024-11-18T14:45:22.198+0000] {dag.py:3722} INFO - Setting next_dagrun for example_sensor_decorator to None, run_after=None
[2024-11-18T14:45:22.226+0000] {processor.py:179} INFO - Processing /home/airflow/.local/lib/python3.8/site-packages/airflow/example_dags/example_sensor_decorator.py took 0.098 seconds
[2024-11-18T14:45:55.593+0000] {processor.py:157} INFO - Started process (PID=1326) to work on /home/airflow/.local/lib/python3.8/site-packages/airflow/example_dags/example_sensor_decorator.py
[2024-11-18T14:45:55.594+0000] {processor.py:829} INFO - Processing file /home/airflow/.local/lib/python3.8/site-packages/airflow/example_dags/example_sensor_decorator.py for tasks to queue
[2024-11-18T14:45:55.597+0000] {logging_mixin.py:151} INFO - [2024-11-18T14:45:55.597+0000] {dagbag.py:536} INFO - Filling up the DagBag from /home/airflow/.local/lib/python3.8/site-packages/airflow/example_dags/example_sensor_decorator.py
[2024-11-18T14:45:55.606+0000] {processor.py:839} INFO - DAG(s) dict_keys(['example_sensor_decorator']) retrieved from /home/airflow/.local/lib/python3.8/site-packages/airflow/example_dags/example_sensor_decorator.py
[2024-11-18T14:45:55.640+0000] {logging_mixin.py:151} INFO - [2024-11-18T14:45:55.640+0000] {dag.py:2941} INFO - Sync 1 DAGs
[2024-11-18T14:45:55.662+0000] {logging_mixin.py:151} INFO - [2024-11-18T14:45:55.662+0000] {dag.py:3722} INFO - Setting next_dagrun for example_sensor_decorator to None, run_after=None
[2024-11-18T14:45:55.693+0000] {processor.py:179} INFO - Processing /home/airflow/.local/lib/python3.8/site-packages/airflow/example_dags/example_sensor_decorator.py took 0.105 seconds
[2024-11-18T14:46:29.602+0000] {processor.py:157} INFO - Started process (PID=1380) to work on /home/airflow/.local/lib/python3.8/site-packages/airflow/example_dags/example_sensor_decorator.py
[2024-11-18T14:46:29.604+0000] {processor.py:829} INFO - Processing file /home/airflow/.local/lib/python3.8/site-packages/airflow/example_dags/example_sensor_decorator.py for tasks to queue
[2024-11-18T14:46:29.607+0000] {logging_mixin.py:151} INFO - [2024-11-18T14:46:29.606+0000] {dagbag.py:536} INFO - Filling up the DagBag from /home/airflow/.local/lib/python3.8/site-packages/airflow/example_dags/example_sensor_decorator.py
[2024-11-18T14:46:29.616+0000] {processor.py:839} INFO - DAG(s) dict_keys(['example_sensor_decorator']) retrieved from /home/airflow/.local/lib/python3.8/site-packages/airflow/example_dags/example_sensor_decorator.py
[2024-11-18T14:46:29.645+0000] {logging_mixin.py:151} INFO - [2024-11-18T14:46:29.645+0000] {dag.py:2941} INFO - Sync 1 DAGs
[2024-11-18T14:46:29.665+0000] {logging_mixin.py:151} INFO - [2024-11-18T14:46:29.664+0000] {dag.py:3722} INFO - Setting next_dagrun for example_sensor_decorator to None, run_after=None
[2024-11-18T14:46:29.691+0000] {processor.py:179} INFO - Processing /home/airflow/.local/lib/python3.8/site-packages/airflow/example_dags/example_sensor_decorator.py took 0.093 seconds
[2024-11-18T14:47:02.871+0000] {processor.py:157} INFO - Started process (PID=1434) to work on /home/airflow/.local/lib/python3.8/site-packages/airflow/example_dags/example_sensor_decorator.py
[2024-11-18T14:47:02.873+0000] {processor.py:829} INFO - Processing file /home/airflow/.local/lib/python3.8/site-packages/airflow/example_dags/example_sensor_decorator.py for tasks to queue
[2024-11-18T14:47:02.876+0000] {logging_mixin.py:151} INFO - [2024-11-18T14:47:02.875+0000] {dagbag.py:536} INFO - Filling up the DagBag from /home/airflow/.local/lib/python3.8/site-packages/airflow/example_dags/example_sensor_decorator.py
[2024-11-18T14:47:02.884+0000] {processor.py:839} INFO - DAG(s) dict_keys(['example_sensor_decorator']) retrieved from /home/airflow/.local/lib/python3.8/site-packages/airflow/example_dags/example_sensor_decorator.py
[2024-11-18T14:47:02.915+0000] {logging_mixin.py:151} INFO - [2024-11-18T14:47:02.915+0000] {dag.py:2941} INFO - Sync 1 DAGs
[2024-11-18T14:47:02.935+0000] {logging_mixin.py:151} INFO - [2024-11-18T14:47:02.934+0000] {dag.py:3722} INFO - Setting next_dagrun for example_sensor_decorator to None, run_after=None
[2024-11-18T14:47:02.964+0000] {processor.py:179} INFO - Processing /home/airflow/.local/lib/python3.8/site-packages/airflow/example_dags/example_sensor_decorator.py took 0.097 seconds
[2024-11-18T14:47:35.699+0000] {processor.py:157} INFO - Started process (PID=1488) to work on /home/airflow/.local/lib/python3.8/site-packages/airflow/example_dags/example_sensor_decorator.py
[2024-11-18T14:47:35.701+0000] {processor.py:829} INFO - Processing file /home/airflow/.local/lib/python3.8/site-packages/airflow/example_dags/example_sensor_decorator.py for tasks to queue
[2024-11-18T14:47:35.706+0000] {logging_mixin.py:151} INFO - [2024-11-18T14:47:35.705+0000] {dagbag.py:536} INFO - Filling up the DagBag from /home/airflow/.local/lib/python3.8/site-packages/airflow/example_dags/example_sensor_decorator.py
[2024-11-18T14:47:35.718+0000] {processor.py:839} INFO - DAG(s) dict_keys(['example_sensor_decorator']) retrieved from /home/airflow/.local/lib/python3.8/site-packages/airflow/example_dags/example_sensor_decorator.py
[2024-11-18T14:47:35.754+0000] {logging_mixin.py:151} INFO - [2024-11-18T14:47:35.754+0000] {dag.py:2941} INFO - Sync 1 DAGs
[2024-11-18T14:47:35.774+0000] {logging_mixin.py:151} INFO - [2024-11-18T14:47:35.774+0000] {dag.py:3722} INFO - Setting next_dagrun for example_sensor_decorator to None, run_after=None
[2024-11-18T14:47:35.809+0000] {processor.py:179} INFO - Processing /home/airflow/.local/lib/python3.8/site-packages/airflow/example_dags/example_sensor_decorator.py took 0.120 seconds
[2024-11-18T14:48:10.007+0000] {processor.py:157} INFO - Started process (PID=1542) to work on /home/airflow/.local/lib/python3.8/site-packages/airflow/example_dags/example_sensor_decorator.py
[2024-11-18T14:48:10.009+0000] {processor.py:829} INFO - Processing file /home/airflow/.local/lib/python3.8/site-packages/airflow/example_dags/example_sensor_decorator.py for tasks to queue
[2024-11-18T14:48:10.013+0000] {logging_mixin.py:151} INFO - [2024-11-18T14:48:10.012+0000] {dagbag.py:536} INFO - Filling up the DagBag from /home/airflow/.local/lib/python3.8/site-packages/airflow/example_dags/example_sensor_decorator.py
[2024-11-18T14:48:10.022+0000] {processor.py:839} INFO - DAG(s) dict_keys(['example_sensor_decorator']) retrieved from /home/airflow/.local/lib/python3.8/site-packages/airflow/example_dags/example_sensor_decorator.py
[2024-11-18T14:48:10.059+0000] {logging_mixin.py:151} INFO - [2024-11-18T14:48:10.058+0000] {dag.py:2941} INFO - Sync 1 DAGs
[2024-11-18T14:48:10.338+0000] {logging_mixin.py:151} INFO - [2024-11-18T14:48:10.337+0000] {dag.py:3722} INFO - Setting next_dagrun for example_sensor_decorator to None, run_after=None
[2024-11-18T14:48:10.367+0000] {processor.py:179} INFO - Processing /home/airflow/.local/lib/python3.8/site-packages/airflow/example_dags/example_sensor_decorator.py took 0.364 seconds
[2024-11-18T14:48:42.791+0000] {processor.py:157} INFO - Started process (PID=1597) to work on /home/airflow/.local/lib/python3.8/site-packages/airflow/example_dags/example_sensor_decorator.py
[2024-11-18T14:48:42.793+0000] {processor.py:829} INFO - Processing file /home/airflow/.local/lib/python3.8/site-packages/airflow/example_dags/example_sensor_decorator.py for tasks to queue
[2024-11-18T14:48:42.796+0000] {logging_mixin.py:151} INFO - [2024-11-18T14:48:42.796+0000] {dagbag.py:536} INFO - Filling up the DagBag from /home/airflow/.local/lib/python3.8/site-packages/airflow/example_dags/example_sensor_decorator.py
[2024-11-18T14:48:42.805+0000] {processor.py:839} INFO - DAG(s) dict_keys(['example_sensor_decorator']) retrieved from /home/airflow/.local/lib/python3.8/site-packages/airflow/example_dags/example_sensor_decorator.py
[2024-11-18T14:48:42.834+0000] {logging_mixin.py:151} INFO - [2024-11-18T14:48:42.834+0000] {dag.py:2941} INFO - Sync 1 DAGs
[2024-11-18T14:48:42.856+0000] {logging_mixin.py:151} INFO - [2024-11-18T14:48:42.855+0000] {dag.py:3722} INFO - Setting next_dagrun for example_sensor_decorator to None, run_after=None
[2024-11-18T14:48:43.061+0000] {processor.py:179} INFO - Processing /home/airflow/.local/lib/python3.8/site-packages/airflow/example_dags/example_sensor_decorator.py took 0.275 seconds
[2024-11-18T14:49:15.197+0000] {processor.py:157} INFO - Started process (PID=1652) to work on /home/airflow/.local/lib/python3.8/site-packages/airflow/example_dags/example_sensor_decorator.py
[2024-11-18T14:49:15.199+0000] {processor.py:829} INFO - Processing file /home/airflow/.local/lib/python3.8/site-packages/airflow/example_dags/example_sensor_decorator.py for tasks to queue
[2024-11-18T14:49:15.203+0000] {logging_mixin.py:151} INFO - [2024-11-18T14:49:15.203+0000] {dagbag.py:536} INFO - Filling up the DagBag from /home/airflow/.local/lib/python3.8/site-packages/airflow/example_dags/example_sensor_decorator.py
[2024-11-18T14:49:15.213+0000] {processor.py:839} INFO - DAG(s) dict_keys(['example_sensor_decorator']) retrieved from /home/airflow/.local/lib/python3.8/site-packages/airflow/example_dags/example_sensor_decorator.py
[2024-11-18T14:49:15.247+0000] {logging_mixin.py:151} INFO - [2024-11-18T14:49:15.247+0000] {dag.py:2941} INFO - Sync 1 DAGs
[2024-11-18T14:49:15.271+0000] {logging_mixin.py:151} INFO - [2024-11-18T14:49:15.270+0000] {dag.py:3722} INFO - Setting next_dagrun for example_sensor_decorator to None, run_after=None
[2024-11-18T14:49:15.303+0000] {processor.py:179} INFO - Processing /home/airflow/.local/lib/python3.8/site-packages/airflow/example_dags/example_sensor_decorator.py took 0.113 seconds
[2024-11-18T14:49:49.314+0000] {processor.py:157} INFO - Started process (PID=1709) to work on /home/airflow/.local/lib/python3.8/site-packages/airflow/example_dags/example_sensor_decorator.py
[2024-11-18T14:49:49.315+0000] {processor.py:829} INFO - Processing file /home/airflow/.local/lib/python3.8/site-packages/airflow/example_dags/example_sensor_decorator.py for tasks to queue
[2024-11-18T14:49:49.323+0000] {logging_mixin.py:151} INFO - [2024-11-18T14:49:49.323+0000] {dagbag.py:536} INFO - Filling up the DagBag from /home/airflow/.local/lib/python3.8/site-packages/airflow/example_dags/example_sensor_decorator.py
[2024-11-18T14:49:49.333+0000] {processor.py:839} INFO - DAG(s) dict_keys(['example_sensor_decorator']) retrieved from /home/airflow/.local/lib/python3.8/site-packages/airflow/example_dags/example_sensor_decorator.py
[2024-11-18T14:49:49.367+0000] {logging_mixin.py:151} INFO - [2024-11-18T14:49:49.367+0000] {dag.py:2941} INFO - Sync 1 DAGs
[2024-11-18T14:49:49.388+0000] {logging_mixin.py:151} INFO - [2024-11-18T14:49:49.387+0000] {dag.py:3722} INFO - Setting next_dagrun for example_sensor_decorator to None, run_after=None
[2024-11-18T14:49:49.415+0000] {processor.py:179} INFO - Processing /home/airflow/.local/lib/python3.8/site-packages/airflow/example_dags/example_sensor_decorator.py took 0.108 seconds
[2024-11-18T14:50:23.736+0000] {processor.py:157} INFO - Started process (PID=1768) to work on /home/airflow/.local/lib/python3.8/site-packages/airflow/example_dags/example_sensor_decorator.py
[2024-11-18T14:50:23.738+0000] {processor.py:829} INFO - Processing file /home/airflow/.local/lib/python3.8/site-packages/airflow/example_dags/example_sensor_decorator.py for tasks to queue
[2024-11-18T14:50:23.742+0000] {logging_mixin.py:151} INFO - [2024-11-18T14:50:23.741+0000] {dagbag.py:536} INFO - Filling up the DagBag from /home/airflow/.local/lib/python3.8/site-packages/airflow/example_dags/example_sensor_decorator.py
[2024-11-18T14:50:23.754+0000] {processor.py:839} INFO - DAG(s) dict_keys(['example_sensor_decorator']) retrieved from /home/airflow/.local/lib/python3.8/site-packages/airflow/example_dags/example_sensor_decorator.py
[2024-11-18T14:50:23.791+0000] {logging_mixin.py:151} INFO - [2024-11-18T14:50:23.790+0000] {dag.py:2941} INFO - Sync 1 DAGs
[2024-11-18T14:50:24.060+0000] {logging_mixin.py:151} INFO - [2024-11-18T14:50:24.060+0000] {dag.py:3722} INFO - Setting next_dagrun for example_sensor_decorator to None, run_after=None
[2024-11-18T14:50:24.088+0000] {processor.py:179} INFO - Processing /home/airflow/.local/lib/python3.8/site-packages/airflow/example_dags/example_sensor_decorator.py took 0.359 seconds
[2024-11-18T14:50:56.108+0000] {processor.py:157} INFO - Started process (PID=1825) to work on /home/airflow/.local/lib/python3.8/site-packages/airflow/example_dags/example_sensor_decorator.py
[2024-11-18T14:50:56.110+0000] {processor.py:829} INFO - Processing file /home/airflow/.local/lib/python3.8/site-packages/airflow/example_dags/example_sensor_decorator.py for tasks to queue
[2024-11-18T14:50:56.113+0000] {logging_mixin.py:151} INFO - [2024-11-18T14:50:56.112+0000] {dagbag.py:536} INFO - Filling up the DagBag from /home/airflow/.local/lib/python3.8/site-packages/airflow/example_dags/example_sensor_decorator.py
[2024-11-18T14:50:56.121+0000] {processor.py:839} INFO - DAG(s) dict_keys(['example_sensor_decorator']) retrieved from /home/airflow/.local/lib/python3.8/site-packages/airflow/example_dags/example_sensor_decorator.py
[2024-11-18T14:50:56.150+0000] {logging_mixin.py:151} INFO - [2024-11-18T14:50:56.150+0000] {dag.py:2941} INFO - Sync 1 DAGs
[2024-11-18T14:50:56.169+0000] {logging_mixin.py:151} INFO - [2024-11-18T14:50:56.169+0000] {dag.py:3722} INFO - Setting next_dagrun for example_sensor_decorator to None, run_after=None
[2024-11-18T14:50:56.201+0000] {processor.py:179} INFO - Processing /home/airflow/.local/lib/python3.8/site-packages/airflow/example_dags/example_sensor_decorator.py took 0.098 seconds
[2024-11-18T14:51:29.255+0000] {processor.py:157} INFO - Started process (PID=1883) to work on /home/airflow/.local/lib/python3.8/site-packages/airflow/example_dags/example_sensor_decorator.py
[2024-11-18T14:51:29.256+0000] {processor.py:829} INFO - Processing file /home/airflow/.local/lib/python3.8/site-packages/airflow/example_dags/example_sensor_decorator.py for tasks to queue
[2024-11-18T14:51:29.260+0000] {logging_mixin.py:151} INFO - [2024-11-18T14:51:29.259+0000] {dagbag.py:536} INFO - Filling up the DagBag from /home/airflow/.local/lib/python3.8/site-packages/airflow/example_dags/example_sensor_decorator.py
[2024-11-18T14:51:29.269+0000] {processor.py:839} INFO - DAG(s) dict_keys(['example_sensor_decorator']) retrieved from /home/airflow/.local/lib/python3.8/site-packages/airflow/example_dags/example_sensor_decorator.py
[2024-11-18T14:51:29.300+0000] {logging_mixin.py:151} INFO - [2024-11-18T14:51:29.300+0000] {dag.py:2941} INFO - Sync 1 DAGs
[2024-11-18T14:51:29.320+0000] {logging_mixin.py:151} INFO - [2024-11-18T14:51:29.319+0000] {dag.py:3722} INFO - Setting next_dagrun for example_sensor_decorator to None, run_after=None
[2024-11-18T14:51:29.348+0000] {processor.py:179} INFO - Processing /home/airflow/.local/lib/python3.8/site-packages/airflow/example_dags/example_sensor_decorator.py took 0.099 seconds
[2024-11-18T14:52:01.793+0000] {processor.py:157} INFO - Started process (PID=1941) to work on /home/airflow/.local/lib/python3.8/site-packages/airflow/example_dags/example_sensor_decorator.py
[2024-11-18T14:52:01.794+0000] {processor.py:829} INFO - Processing file /home/airflow/.local/lib/python3.8/site-packages/airflow/example_dags/example_sensor_decorator.py for tasks to queue
[2024-11-18T14:52:01.797+0000] {logging_mixin.py:151} INFO - [2024-11-18T14:52:01.797+0000] {dagbag.py:536} INFO - Filling up the DagBag from /home/airflow/.local/lib/python3.8/site-packages/airflow/example_dags/example_sensor_decorator.py
[2024-11-18T14:52:01.806+0000] {processor.py:839} INFO - DAG(s) dict_keys(['example_sensor_decorator']) retrieved from /home/airflow/.local/lib/python3.8/site-packages/airflow/example_dags/example_sensor_decorator.py
[2024-11-18T14:52:01.835+0000] {logging_mixin.py:151} INFO - [2024-11-18T14:52:01.835+0000] {dag.py:2941} INFO - Sync 1 DAGs
[2024-11-18T14:52:01.854+0000] {logging_mixin.py:151} INFO - [2024-11-18T14:52:01.853+0000] {dag.py:3722} INFO - Setting next_dagrun for example_sensor_decorator to None, run_after=None
[2024-11-18T14:52:01.880+0000] {processor.py:179} INFO - Processing /home/airflow/.local/lib/python3.8/site-packages/airflow/example_dags/example_sensor_decorator.py took 0.092 seconds
[2024-11-18T14:52:35.691+0000] {processor.py:157} INFO - Started process (PID=1996) to work on /home/airflow/.local/lib/python3.8/site-packages/airflow/example_dags/example_sensor_decorator.py
[2024-11-18T14:52:35.692+0000] {processor.py:829} INFO - Processing file /home/airflow/.local/lib/python3.8/site-packages/airflow/example_dags/example_sensor_decorator.py for tasks to queue
[2024-11-18T14:52:35.695+0000] {logging_mixin.py:151} INFO - [2024-11-18T14:52:35.695+0000] {dagbag.py:536} INFO - Filling up the DagBag from /home/airflow/.local/lib/python3.8/site-packages/airflow/example_dags/example_sensor_decorator.py
[2024-11-18T14:52:35.704+0000] {processor.py:839} INFO - DAG(s) dict_keys(['example_sensor_decorator']) retrieved from /home/airflow/.local/lib/python3.8/site-packages/airflow/example_dags/example_sensor_decorator.py
[2024-11-18T14:52:35.734+0000] {logging_mixin.py:151} INFO - [2024-11-18T14:52:35.734+0000] {dag.py:2941} INFO - Sync 1 DAGs
[2024-11-18T14:52:35.756+0000] {logging_mixin.py:151} INFO - [2024-11-18T14:52:35.755+0000] {dag.py:3722} INFO - Setting next_dagrun for example_sensor_decorator to None, run_after=None
[2024-11-18T14:52:35.783+0000] {processor.py:179} INFO - Processing /home/airflow/.local/lib/python3.8/site-packages/airflow/example_dags/example_sensor_decorator.py took 0.097 seconds
[2024-11-18T14:53:08.544+0000] {processor.py:157} INFO - Started process (PID=2051) to work on /home/airflow/.local/lib/python3.8/site-packages/airflow/example_dags/example_sensor_decorator.py
[2024-11-18T14:53:08.545+0000] {processor.py:829} INFO - Processing file /home/airflow/.local/lib/python3.8/site-packages/airflow/example_dags/example_sensor_decorator.py for tasks to queue
[2024-11-18T14:53:08.549+0000] {logging_mixin.py:151} INFO - [2024-11-18T14:53:08.548+0000] {dagbag.py:536} INFO - Filling up the DagBag from /home/airflow/.local/lib/python3.8/site-packages/airflow/example_dags/example_sensor_decorator.py
[2024-11-18T14:53:08.557+0000] {processor.py:839} INFO - DAG(s) dict_keys(['example_sensor_decorator']) retrieved from /home/airflow/.local/lib/python3.8/site-packages/airflow/example_dags/example_sensor_decorator.py
[2024-11-18T14:53:08.587+0000] {logging_mixin.py:151} INFO - [2024-11-18T14:53:08.587+0000] {dag.py:2941} INFO - Sync 1 DAGs
[2024-11-18T14:53:08.607+0000] {logging_mixin.py:151} INFO - [2024-11-18T14:53:08.607+0000] {dag.py:3722} INFO - Setting next_dagrun for example_sensor_decorator to None, run_after=None
[2024-11-18T14:53:08.636+0000] {processor.py:179} INFO - Processing /home/airflow/.local/lib/python3.8/site-packages/airflow/example_dags/example_sensor_decorator.py took 0.097 seconds
[2024-11-18T14:53:42.563+0000] {processor.py:157} INFO - Started process (PID=2107) to work on /home/airflow/.local/lib/python3.8/site-packages/airflow/example_dags/example_sensor_decorator.py
[2024-11-18T14:53:42.565+0000] {processor.py:829} INFO - Processing file /home/airflow/.local/lib/python3.8/site-packages/airflow/example_dags/example_sensor_decorator.py for tasks to queue
[2024-11-18T14:53:42.569+0000] {logging_mixin.py:151} INFO - [2024-11-18T14:53:42.568+0000] {dagbag.py:536} INFO - Filling up the DagBag from /home/airflow/.local/lib/python3.8/site-packages/airflow/example_dags/example_sensor_decorator.py
[2024-11-18T14:53:42.590+0000] {processor.py:839} INFO - DAG(s) dict_keys(['example_sensor_decorator']) retrieved from /home/airflow/.local/lib/python3.8/site-packages/airflow/example_dags/example_sensor_decorator.py
[2024-11-18T14:53:42.625+0000] {logging_mixin.py:151} INFO - [2024-11-18T14:53:42.625+0000] {dag.py:2941} INFO - Sync 1 DAGs
[2024-11-18T14:53:42.645+0000] {logging_mixin.py:151} INFO - [2024-11-18T14:53:42.645+0000] {dag.py:3722} INFO - Setting next_dagrun for example_sensor_decorator to None, run_after=None
[2024-11-18T14:53:42.673+0000] {processor.py:179} INFO - Processing /home/airflow/.local/lib/python3.8/site-packages/airflow/example_dags/example_sensor_decorator.py took 0.115 seconds
[2024-11-18T14:54:15.851+0000] {processor.py:157} INFO - Started process (PID=2162) to work on /home/airflow/.local/lib/python3.8/site-packages/airflow/example_dags/example_sensor_decorator.py
[2024-11-18T14:54:15.852+0000] {processor.py:829} INFO - Processing file /home/airflow/.local/lib/python3.8/site-packages/airflow/example_dags/example_sensor_decorator.py for tasks to queue
[2024-11-18T14:54:15.856+0000] {logging_mixin.py:151} INFO - [2024-11-18T14:54:15.855+0000] {dagbag.py:536} INFO - Filling up the DagBag from /home/airflow/.local/lib/python3.8/site-packages/airflow/example_dags/example_sensor_decorator.py
[2024-11-18T14:54:15.864+0000] {processor.py:839} INFO - DAG(s) dict_keys(['example_sensor_decorator']) retrieved from /home/airflow/.local/lib/python3.8/site-packages/airflow/example_dags/example_sensor_decorator.py
[2024-11-18T14:54:15.895+0000] {logging_mixin.py:151} INFO - [2024-11-18T14:54:15.894+0000] {dag.py:2941} INFO - Sync 1 DAGs
[2024-11-18T14:54:15.915+0000] {logging_mixin.py:151} INFO - [2024-11-18T14:54:15.914+0000] {dag.py:3722} INFO - Setting next_dagrun for example_sensor_decorator to None, run_after=None
[2024-11-18T14:54:15.943+0000] {processor.py:179} INFO - Processing /home/airflow/.local/lib/python3.8/site-packages/airflow/example_dags/example_sensor_decorator.py took 0.097 seconds
[2024-11-18T14:54:49.300+0000] {processor.py:157} INFO - Started process (PID=2217) to work on /home/airflow/.local/lib/python3.8/site-packages/airflow/example_dags/example_sensor_decorator.py
[2024-11-18T14:54:49.302+0000] {processor.py:829} INFO - Processing file /home/airflow/.local/lib/python3.8/site-packages/airflow/example_dags/example_sensor_decorator.py for tasks to queue
[2024-11-18T14:54:49.305+0000] {logging_mixin.py:151} INFO - [2024-11-18T14:54:49.305+0000] {dagbag.py:536} INFO - Filling up the DagBag from /home/airflow/.local/lib/python3.8/site-packages/airflow/example_dags/example_sensor_decorator.py
[2024-11-18T14:54:49.313+0000] {processor.py:839} INFO - DAG(s) dict_keys(['example_sensor_decorator']) retrieved from /home/airflow/.local/lib/python3.8/site-packages/airflow/example_dags/example_sensor_decorator.py
[2024-11-18T14:54:49.343+0000] {logging_mixin.py:151} INFO - [2024-11-18T14:54:49.343+0000] {dag.py:2941} INFO - Sync 1 DAGs
[2024-11-18T14:54:49.362+0000] {logging_mixin.py:151} INFO - [2024-11-18T14:54:49.362+0000] {dag.py:3722} INFO - Setting next_dagrun for example_sensor_decorator to None, run_after=None
[2024-11-18T14:54:49.390+0000] {processor.py:179} INFO - Processing /home/airflow/.local/lib/python3.8/site-packages/airflow/example_dags/example_sensor_decorator.py took 0.094 seconds
[2024-11-18T14:55:22.594+0000] {processor.py:157} INFO - Started process (PID=2272) to work on /home/airflow/.local/lib/python3.8/site-packages/airflow/example_dags/example_sensor_decorator.py
[2024-11-18T14:55:22.596+0000] {processor.py:829} INFO - Processing file /home/airflow/.local/lib/python3.8/site-packages/airflow/example_dags/example_sensor_decorator.py for tasks to queue
[2024-11-18T14:55:22.599+0000] {logging_mixin.py:151} INFO - [2024-11-18T14:55:22.599+0000] {dagbag.py:536} INFO - Filling up the DagBag from /home/airflow/.local/lib/python3.8/site-packages/airflow/example_dags/example_sensor_decorator.py
[2024-11-18T14:55:22.607+0000] {processor.py:839} INFO - DAG(s) dict_keys(['example_sensor_decorator']) retrieved from /home/airflow/.local/lib/python3.8/site-packages/airflow/example_dags/example_sensor_decorator.py
[2024-11-18T14:55:22.637+0000] {logging_mixin.py:151} INFO - [2024-11-18T14:55:22.637+0000] {dag.py:2941} INFO - Sync 1 DAGs
[2024-11-18T14:55:22.658+0000] {logging_mixin.py:151} INFO - [2024-11-18T14:55:22.657+0000] {dag.py:3722} INFO - Setting next_dagrun for example_sensor_decorator to None, run_after=None
[2024-11-18T14:55:22.685+0000] {processor.py:179} INFO - Processing /home/airflow/.local/lib/python3.8/site-packages/airflow/example_dags/example_sensor_decorator.py took 0.096 seconds
[2024-11-18T14:55:55.969+0000] {processor.py:157} INFO - Started process (PID=2327) to work on /home/airflow/.local/lib/python3.8/site-packages/airflow/example_dags/example_sensor_decorator.py
[2024-11-18T14:55:55.970+0000] {processor.py:829} INFO - Processing file /home/airflow/.local/lib/python3.8/site-packages/airflow/example_dags/example_sensor_decorator.py for tasks to queue
[2024-11-18T14:55:55.973+0000] {logging_mixin.py:151} INFO - [2024-11-18T14:55:55.973+0000] {dagbag.py:536} INFO - Filling up the DagBag from /home/airflow/.local/lib/python3.8/site-packages/airflow/example_dags/example_sensor_decorator.py
[2024-11-18T14:55:55.982+0000] {processor.py:839} INFO - DAG(s) dict_keys(['example_sensor_decorator']) retrieved from /home/airflow/.local/lib/python3.8/site-packages/airflow/example_dags/example_sensor_decorator.py
[2024-11-18T14:55:56.012+0000] {logging_mixin.py:151} INFO - [2024-11-18T14:55:56.012+0000] {dag.py:2941} INFO - Sync 1 DAGs
[2024-11-18T14:55:56.032+0000] {logging_mixin.py:151} INFO - [2024-11-18T14:55:56.032+0000] {dag.py:3722} INFO - Setting next_dagrun for example_sensor_decorator to None, run_after=None
[2024-11-18T14:55:56.060+0000] {processor.py:179} INFO - Processing /home/airflow/.local/lib/python3.8/site-packages/airflow/example_dags/example_sensor_decorator.py took 0.096 seconds
[2024-11-18T14:56:28.837+0000] {processor.py:157} INFO - Started process (PID=2382) to work on /home/airflow/.local/lib/python3.8/site-packages/airflow/example_dags/example_sensor_decorator.py
[2024-11-18T14:56:28.838+0000] {processor.py:829} INFO - Processing file /home/airflow/.local/lib/python3.8/site-packages/airflow/example_dags/example_sensor_decorator.py for tasks to queue
[2024-11-18T14:56:28.842+0000] {logging_mixin.py:151} INFO - [2024-11-18T14:56:28.841+0000] {dagbag.py:536} INFO - Filling up the DagBag from /home/airflow/.local/lib/python3.8/site-packages/airflow/example_dags/example_sensor_decorator.py
[2024-11-18T14:56:28.850+0000] {processor.py:839} INFO - DAG(s) dict_keys(['example_sensor_decorator']) retrieved from /home/airflow/.local/lib/python3.8/site-packages/airflow/example_dags/example_sensor_decorator.py
[2024-11-18T14:56:28.880+0000] {logging_mixin.py:151} INFO - [2024-11-18T14:56:28.880+0000] {dag.py:2941} INFO - Sync 1 DAGs
[2024-11-18T14:56:28.900+0000] {logging_mixin.py:151} INFO - [2024-11-18T14:56:28.900+0000] {dag.py:3722} INFO - Setting next_dagrun for example_sensor_decorator to None, run_after=None
[2024-11-18T14:56:28.926+0000] {processor.py:179} INFO - Processing /home/airflow/.local/lib/python3.8/site-packages/airflow/example_dags/example_sensor_decorator.py took 0.094 seconds
[2024-11-18T14:57:02.516+0000] {processor.py:157} INFO - Started process (PID=2437) to work on /home/airflow/.local/lib/python3.8/site-packages/airflow/example_dags/example_sensor_decorator.py
[2024-11-18T14:57:02.518+0000] {processor.py:829} INFO - Processing file /home/airflow/.local/lib/python3.8/site-packages/airflow/example_dags/example_sensor_decorator.py for tasks to queue
[2024-11-18T14:57:02.523+0000] {logging_mixin.py:151} INFO - [2024-11-18T14:57:02.522+0000] {dagbag.py:536} INFO - Filling up the DagBag from /home/airflow/.local/lib/python3.8/site-packages/airflow/example_dags/example_sensor_decorator.py
[2024-11-18T14:57:02.541+0000] {processor.py:839} INFO - DAG(s) dict_keys(['example_sensor_decorator']) retrieved from /home/airflow/.local/lib/python3.8/site-packages/airflow/example_dags/example_sensor_decorator.py
[2024-11-18T14:57:02.612+0000] {logging_mixin.py:151} INFO - [2024-11-18T14:57:02.611+0000] {dag.py:2941} INFO - Sync 1 DAGs
[2024-11-18T14:57:02.657+0000] {logging_mixin.py:151} INFO - [2024-11-18T14:57:02.657+0000] {dag.py:3722} INFO - Setting next_dagrun for example_sensor_decorator to None, run_after=None
[2024-11-18T14:57:02.690+0000] {processor.py:179} INFO - Processing /home/airflow/.local/lib/python3.8/site-packages/airflow/example_dags/example_sensor_decorator.py took 0.180 seconds
[2024-11-18T14:57:35.524+0000] {processor.py:157} INFO - Started process (PID=2492) to work on /home/airflow/.local/lib/python3.8/site-packages/airflow/example_dags/example_sensor_decorator.py
[2024-11-18T14:57:35.525+0000] {processor.py:829} INFO - Processing file /home/airflow/.local/lib/python3.8/site-packages/airflow/example_dags/example_sensor_decorator.py for tasks to queue
[2024-11-18T14:57:35.529+0000] {logging_mixin.py:151} INFO - [2024-11-18T14:57:35.529+0000] {dagbag.py:536} INFO - Filling up the DagBag from /home/airflow/.local/lib/python3.8/site-packages/airflow/example_dags/example_sensor_decorator.py
[2024-11-18T14:57:35.538+0000] {processor.py:839} INFO - DAG(s) dict_keys(['example_sensor_decorator']) retrieved from /home/airflow/.local/lib/python3.8/site-packages/airflow/example_dags/example_sensor_decorator.py
[2024-11-18T14:57:35.571+0000] {logging_mixin.py:151} INFO - [2024-11-18T14:57:35.571+0000] {dag.py:2941} INFO - Sync 1 DAGs
[2024-11-18T14:57:35.595+0000] {logging_mixin.py:151} INFO - [2024-11-18T14:57:35.595+0000] {dag.py:3722} INFO - Setting next_dagrun for example_sensor_decorator to None, run_after=None
[2024-11-18T14:57:35.626+0000] {processor.py:179} INFO - Processing /home/airflow/.local/lib/python3.8/site-packages/airflow/example_dags/example_sensor_decorator.py took 0.107 seconds
[2024-11-18T14:58:09.271+0000] {processor.py:157} INFO - Started process (PID=2547) to work on /home/airflow/.local/lib/python3.8/site-packages/airflow/example_dags/example_sensor_decorator.py
[2024-11-18T14:58:09.273+0000] {processor.py:829} INFO - Processing file /home/airflow/.local/lib/python3.8/site-packages/airflow/example_dags/example_sensor_decorator.py for tasks to queue
[2024-11-18T14:58:09.277+0000] {logging_mixin.py:151} INFO - [2024-11-18T14:58:09.277+0000] {dagbag.py:536} INFO - Filling up the DagBag from /home/airflow/.local/lib/python3.8/site-packages/airflow/example_dags/example_sensor_decorator.py
[2024-11-18T14:58:09.289+0000] {processor.py:839} INFO - DAG(s) dict_keys(['example_sensor_decorator']) retrieved from /home/airflow/.local/lib/python3.8/site-packages/airflow/example_dags/example_sensor_decorator.py
[2024-11-18T14:58:09.322+0000] {logging_mixin.py:151} INFO - [2024-11-18T14:58:09.322+0000] {dag.py:2941} INFO - Sync 1 DAGs
[2024-11-18T14:58:09.343+0000] {logging_mixin.py:151} INFO - [2024-11-18T14:58:09.342+0000] {dag.py:3722} INFO - Setting next_dagrun for example_sensor_decorator to None, run_after=None
[2024-11-18T14:58:09.371+0000] {processor.py:179} INFO - Processing /home/airflow/.local/lib/python3.8/site-packages/airflow/example_dags/example_sensor_decorator.py took 0.107 seconds
[2024-11-18T14:58:42.609+0000] {processor.py:157} INFO - Started process (PID=2602) to work on /home/airflow/.local/lib/python3.8/site-packages/airflow/example_dags/example_sensor_decorator.py
[2024-11-18T14:58:42.610+0000] {processor.py:829} INFO - Processing file /home/airflow/.local/lib/python3.8/site-packages/airflow/example_dags/example_sensor_decorator.py for tasks to queue
[2024-11-18T14:58:42.614+0000] {logging_mixin.py:151} INFO - [2024-11-18T14:58:42.613+0000] {dagbag.py:536} INFO - Filling up the DagBag from /home/airflow/.local/lib/python3.8/site-packages/airflow/example_dags/example_sensor_decorator.py
[2024-11-18T14:58:42.625+0000] {processor.py:839} INFO - DAG(s) dict_keys(['example_sensor_decorator']) retrieved from /home/airflow/.local/lib/python3.8/site-packages/airflow/example_dags/example_sensor_decorator.py
[2024-11-18T14:58:42.664+0000] {logging_mixin.py:151} INFO - [2024-11-18T14:58:42.663+0000] {dag.py:2941} INFO - Sync 1 DAGs
[2024-11-18T14:58:42.705+0000] {logging_mixin.py:151} INFO - [2024-11-18T14:58:42.705+0000] {dag.py:3722} INFO - Setting next_dagrun for example_sensor_decorator to None, run_after=None
[2024-11-18T14:58:42.747+0000] {processor.py:179} INFO - Processing /home/airflow/.local/lib/python3.8/site-packages/airflow/example_dags/example_sensor_decorator.py took 0.144 seconds
