[2024-11-18T14:20:20.245+0000] {processor.py:157} INFO - Started process (PID=115) to work on /home/airflow/.local/lib/python3.8/site-packages/airflow/example_dags/example_xcom.py
[2024-11-18T14:20:20.247+0000] {processor.py:829} INFO - Processing file /home/airflow/.local/lib/python3.8/site-packages/airflow/example_dags/example_xcom.py for tasks to queue
[2024-11-18T14:20:20.250+0000] {logging_mixin.py:151} INFO - [2024-11-18T14:20:20.250+0000] {dagbag.py:536} INFO - Filling up the DagBag from /home/airflow/.local/lib/python3.8/site-packages/airflow/example_dags/example_xcom.py
[2024-11-18T14:20:20.267+0000] {processor.py:839} INFO - DAG(s) dict_keys(['example_xcom']) retrieved from /home/airflow/.local/lib/python3.8/site-packages/airflow/example_dags/example_xcom.py
[2024-11-18T14:20:23.827+0000] {logging_mixin.py:151} INFO - [2024-11-18T14:20:23.826+0000] {manager.py:499} INFO - Created Permission View: %s
[2024-11-18T14:20:23.850+0000] {logging_mixin.py:151} INFO - [2024-11-18T14:20:23.849+0000] {manager.py:499} INFO - Created Permission View: %s
[2024-11-18T14:20:23.863+0000] {logging_mixin.py:151} INFO - [2024-11-18T14:20:23.862+0000] {manager.py:499} INFO - Created Permission View: %s
[2024-11-18T14:20:23.864+0000] {logging_mixin.py:151} INFO - [2024-11-18T14:20:23.864+0000] {dag.py:2941} INFO - Sync 1 DAGs
[2024-11-18T14:20:23.887+0000] {logging_mixin.py:151} INFO - [2024-11-18T14:20:23.887+0000] {dag.py:2963} INFO - Creating ORM DAG for example_xcom
[2024-11-18T14:20:23.904+0000] {logging_mixin.py:151} INFO - [2024-11-18T14:20:23.904+0000] {dag.py:3722} INFO - Setting next_dagrun for example_xcom to 2021-01-01T00:00:00+00:00, run_after=2021-01-01T00:00:00+00:00
[2024-11-18T14:20:23.938+0000] {processor.py:179} INFO - Processing /home/airflow/.local/lib/python3.8/site-packages/airflow/example_dags/example_xcom.py took 0.367 seconds
[2024-11-18T14:20:57.467+0000] {processor.py:157} INFO - Started process (PID=169) to work on /home/airflow/.local/lib/python3.8/site-packages/airflow/example_dags/example_xcom.py
[2024-11-18T14:20:57.469+0000] {processor.py:829} INFO - Processing file /home/airflow/.local/lib/python3.8/site-packages/airflow/example_dags/example_xcom.py for tasks to queue
[2024-11-18T14:20:57.473+0000] {logging_mixin.py:151} INFO - [2024-11-18T14:20:57.473+0000] {dagbag.py:536} INFO - Filling up the DagBag from /home/airflow/.local/lib/python3.8/site-packages/airflow/example_dags/example_xcom.py
[2024-11-18T14:20:57.489+0000] {processor.py:839} INFO - DAG(s) dict_keys(['example_xcom']) retrieved from /home/airflow/.local/lib/python3.8/site-packages/airflow/example_dags/example_xcom.py
[2024-11-18T14:20:57.530+0000] {logging_mixin.py:151} INFO - [2024-11-18T14:20:57.529+0000] {dag.py:2941} INFO - Sync 1 DAGs
[2024-11-18T14:20:57.563+0000] {logging_mixin.py:151} INFO - [2024-11-18T14:20:57.563+0000] {dag.py:3722} INFO - Setting next_dagrun for example_xcom to 2021-01-01T00:00:00+00:00, run_after=2021-01-01T00:00:00+00:00
[2024-11-18T14:20:57.599+0000] {processor.py:179} INFO - Processing /home/airflow/.local/lib/python3.8/site-packages/airflow/example_dags/example_xcom.py took 0.137 seconds
[2024-11-18T14:21:30.994+0000] {processor.py:157} INFO - Started process (PID=223) to work on /home/airflow/.local/lib/python3.8/site-packages/airflow/example_dags/example_xcom.py
[2024-11-18T14:21:30.996+0000] {processor.py:829} INFO - Processing file /home/airflow/.local/lib/python3.8/site-packages/airflow/example_dags/example_xcom.py for tasks to queue
[2024-11-18T14:21:30.999+0000] {logging_mixin.py:151} INFO - [2024-11-18T14:21:30.999+0000] {dagbag.py:536} INFO - Filling up the DagBag from /home/airflow/.local/lib/python3.8/site-packages/airflow/example_dags/example_xcom.py
[2024-11-18T14:21:31.014+0000] {processor.py:839} INFO - DAG(s) dict_keys(['example_xcom']) retrieved from /home/airflow/.local/lib/python3.8/site-packages/airflow/example_dags/example_xcom.py
[2024-11-18T14:21:31.056+0000] {logging_mixin.py:151} INFO - [2024-11-18T14:21:31.056+0000] {dag.py:2941} INFO - Sync 1 DAGs
[2024-11-18T14:21:31.102+0000] {logging_mixin.py:151} INFO - [2024-11-18T14:21:31.101+0000] {dag.py:3722} INFO - Setting next_dagrun for example_xcom to 2021-01-01T00:00:00+00:00, run_after=2021-01-01T00:00:00+00:00
[2024-11-18T14:21:31.142+0000] {processor.py:179} INFO - Processing /home/airflow/.local/lib/python3.8/site-packages/airflow/example_dags/example_xcom.py took 0.153 seconds
[2024-11-18T14:22:04.240+0000] {processor.py:157} INFO - Started process (PID=277) to work on /home/airflow/.local/lib/python3.8/site-packages/airflow/example_dags/example_xcom.py
[2024-11-18T14:22:04.242+0000] {processor.py:829} INFO - Processing file /home/airflow/.local/lib/python3.8/site-packages/airflow/example_dags/example_xcom.py for tasks to queue
[2024-11-18T14:22:04.245+0000] {logging_mixin.py:151} INFO - [2024-11-18T14:22:04.245+0000] {dagbag.py:536} INFO - Filling up the DagBag from /home/airflow/.local/lib/python3.8/site-packages/airflow/example_dags/example_xcom.py
[2024-11-18T14:22:04.260+0000] {processor.py:839} INFO - DAG(s) dict_keys(['example_xcom']) retrieved from /home/airflow/.local/lib/python3.8/site-packages/airflow/example_dags/example_xcom.py
[2024-11-18T14:22:04.297+0000] {logging_mixin.py:151} INFO - [2024-11-18T14:22:04.297+0000] {dag.py:2941} INFO - Sync 1 DAGs
[2024-11-18T14:22:04.347+0000] {logging_mixin.py:151} INFO - [2024-11-18T14:22:04.347+0000] {dag.py:3722} INFO - Setting next_dagrun for example_xcom to 2021-01-01T00:00:00+00:00, run_after=2021-01-01T00:00:00+00:00
[2024-11-18T14:22:04.381+0000] {processor.py:179} INFO - Processing /home/airflow/.local/lib/python3.8/site-packages/airflow/example_dags/example_xcom.py took 0.145 seconds
[2024-11-18T14:22:37.643+0000] {processor.py:157} INFO - Started process (PID=332) to work on /home/airflow/.local/lib/python3.8/site-packages/airflow/example_dags/example_xcom.py
[2024-11-18T14:22:37.645+0000] {processor.py:829} INFO - Processing file /home/airflow/.local/lib/python3.8/site-packages/airflow/example_dags/example_xcom.py for tasks to queue
[2024-11-18T14:22:37.650+0000] {logging_mixin.py:151} INFO - [2024-11-18T14:22:37.649+0000] {dagbag.py:536} INFO - Filling up the DagBag from /home/airflow/.local/lib/python3.8/site-packages/airflow/example_dags/example_xcom.py
[2024-11-18T14:22:37.669+0000] {processor.py:839} INFO - DAG(s) dict_keys(['example_xcom']) retrieved from /home/airflow/.local/lib/python3.8/site-packages/airflow/example_dags/example_xcom.py
[2024-11-18T14:22:37.726+0000] {logging_mixin.py:151} INFO - [2024-11-18T14:22:37.726+0000] {dag.py:2941} INFO - Sync 1 DAGs
[2024-11-18T14:22:37.774+0000] {logging_mixin.py:151} INFO - [2024-11-18T14:22:37.773+0000] {dag.py:3722} INFO - Setting next_dagrun for example_xcom to 2021-01-01T00:00:00+00:00, run_after=2021-01-01T00:00:00+00:00
[2024-11-18T14:22:37.820+0000] {processor.py:179} INFO - Processing /home/airflow/.local/lib/python3.8/site-packages/airflow/example_dags/example_xcom.py took 0.184 seconds
[2024-11-18T14:23:11.334+0000] {processor.py:157} INFO - Started process (PID=386) to work on /home/airflow/.local/lib/python3.8/site-packages/airflow/example_dags/example_xcom.py
[2024-11-18T14:23:11.336+0000] {processor.py:829} INFO - Processing file /home/airflow/.local/lib/python3.8/site-packages/airflow/example_dags/example_xcom.py for tasks to queue
[2024-11-18T14:23:11.341+0000] {logging_mixin.py:151} INFO - [2024-11-18T14:23:11.340+0000] {dagbag.py:536} INFO - Filling up the DagBag from /home/airflow/.local/lib/python3.8/site-packages/airflow/example_dags/example_xcom.py
[2024-11-18T14:23:11.358+0000] {processor.py:839} INFO - DAG(s) dict_keys(['example_xcom']) retrieved from /home/airflow/.local/lib/python3.8/site-packages/airflow/example_dags/example_xcom.py
[2024-11-18T14:23:11.407+0000] {logging_mixin.py:151} INFO - [2024-11-18T14:23:11.407+0000] {dag.py:2941} INFO - Sync 1 DAGs
[2024-11-18T14:23:11.453+0000] {logging_mixin.py:151} INFO - [2024-11-18T14:23:11.452+0000] {dag.py:3722} INFO - Setting next_dagrun for example_xcom to 2021-01-01T00:00:00+00:00, run_after=2021-01-01T00:00:00+00:00
[2024-11-18T14:23:11.484+0000] {processor.py:179} INFO - Processing /home/airflow/.local/lib/python3.8/site-packages/airflow/example_dags/example_xcom.py took 0.156 seconds
[2024-11-18T14:23:43.974+0000] {processor.py:157} INFO - Started process (PID=440) to work on /home/airflow/.local/lib/python3.8/site-packages/airflow/example_dags/example_xcom.py
[2024-11-18T14:23:43.975+0000] {processor.py:829} INFO - Processing file /home/airflow/.local/lib/python3.8/site-packages/airflow/example_dags/example_xcom.py for tasks to queue
[2024-11-18T14:23:43.979+0000] {logging_mixin.py:151} INFO - [2024-11-18T14:23:43.978+0000] {dagbag.py:536} INFO - Filling up the DagBag from /home/airflow/.local/lib/python3.8/site-packages/airflow/example_dags/example_xcom.py
[2024-11-18T14:23:43.989+0000] {processor.py:839} INFO - DAG(s) dict_keys(['example_xcom']) retrieved from /home/airflow/.local/lib/python3.8/site-packages/airflow/example_dags/example_xcom.py
[2024-11-18T14:23:44.020+0000] {logging_mixin.py:151} INFO - [2024-11-18T14:23:44.020+0000] {dag.py:2941} INFO - Sync 1 DAGs
[2024-11-18T14:23:44.052+0000] {logging_mixin.py:151} INFO - [2024-11-18T14:23:44.052+0000] {dag.py:3722} INFO - Setting next_dagrun for example_xcom to 2021-01-01T00:00:00+00:00, run_after=2021-01-01T00:00:00+00:00
[2024-11-18T14:23:44.081+0000] {processor.py:179} INFO - Processing /home/airflow/.local/lib/python3.8/site-packages/airflow/example_dags/example_xcom.py took 0.111 seconds
[2024-11-18T14:24:18.002+0000] {processor.py:157} INFO - Started process (PID=501) to work on /home/airflow/.local/lib/python3.8/site-packages/airflow/example_dags/example_xcom.py
[2024-11-18T14:24:18.004+0000] {processor.py:829} INFO - Processing file /home/airflow/.local/lib/python3.8/site-packages/airflow/example_dags/example_xcom.py for tasks to queue
[2024-11-18T14:24:18.007+0000] {logging_mixin.py:151} INFO - [2024-11-18T14:24:18.007+0000] {dagbag.py:536} INFO - Filling up the DagBag from /home/airflow/.local/lib/python3.8/site-packages/airflow/example_dags/example_xcom.py
[2024-11-18T14:24:18.019+0000] {processor.py:839} INFO - DAG(s) dict_keys(['example_xcom']) retrieved from /home/airflow/.local/lib/python3.8/site-packages/airflow/example_dags/example_xcom.py
[2024-11-18T14:24:18.051+0000] {logging_mixin.py:151} INFO - [2024-11-18T14:24:18.050+0000] {dag.py:2941} INFO - Sync 1 DAGs
[2024-11-18T14:24:18.084+0000] {logging_mixin.py:151} INFO - [2024-11-18T14:24:18.084+0000] {dag.py:3722} INFO - Setting next_dagrun for example_xcom to 2021-01-01T00:00:00+00:00, run_after=2021-01-01T00:00:00+00:00
[2024-11-18T14:24:18.111+0000] {processor.py:179} INFO - Processing /home/airflow/.local/lib/python3.8/site-packages/airflow/example_dags/example_xcom.py took 0.114 seconds
[2024-11-18T14:24:52.311+0000] {processor.py:157} INFO - Started process (PID=564) to work on /home/airflow/.local/lib/python3.8/site-packages/airflow/example_dags/example_xcom.py
[2024-11-18T14:24:52.312+0000] {processor.py:829} INFO - Processing file /home/airflow/.local/lib/python3.8/site-packages/airflow/example_dags/example_xcom.py for tasks to queue
[2024-11-18T14:24:52.315+0000] {logging_mixin.py:151} INFO - [2024-11-18T14:24:52.315+0000] {dagbag.py:536} INFO - Filling up the DagBag from /home/airflow/.local/lib/python3.8/site-packages/airflow/example_dags/example_xcom.py
[2024-11-18T14:24:52.326+0000] {processor.py:839} INFO - DAG(s) dict_keys(['example_xcom']) retrieved from /home/airflow/.local/lib/python3.8/site-packages/airflow/example_dags/example_xcom.py
[2024-11-18T14:24:52.356+0000] {logging_mixin.py:151} INFO - [2024-11-18T14:24:52.356+0000] {dag.py:2941} INFO - Sync 1 DAGs
[2024-11-18T14:24:52.388+0000] {logging_mixin.py:151} INFO - [2024-11-18T14:24:52.388+0000] {dag.py:3722} INFO - Setting next_dagrun for example_xcom to 2021-01-01T00:00:00+00:00, run_after=2021-01-01T00:00:00+00:00
[2024-11-18T14:24:52.414+0000] {processor.py:179} INFO - Processing /home/airflow/.local/lib/python3.8/site-packages/airflow/example_dags/example_xcom.py took 0.107 seconds
[2024-11-18T14:25:25.504+0000] {processor.py:157} INFO - Started process (PID=619) to work on /home/airflow/.local/lib/python3.8/site-packages/airflow/example_dags/example_xcom.py
[2024-11-18T14:25:25.506+0000] {processor.py:829} INFO - Processing file /home/airflow/.local/lib/python3.8/site-packages/airflow/example_dags/example_xcom.py for tasks to queue
[2024-11-18T14:25:25.510+0000] {logging_mixin.py:151} INFO - [2024-11-18T14:25:25.509+0000] {dagbag.py:536} INFO - Filling up the DagBag from /home/airflow/.local/lib/python3.8/site-packages/airflow/example_dags/example_xcom.py
[2024-11-18T14:25:25.520+0000] {processor.py:839} INFO - DAG(s) dict_keys(['example_xcom']) retrieved from /home/airflow/.local/lib/python3.8/site-packages/airflow/example_dags/example_xcom.py
[2024-11-18T14:25:25.538+0000] {logging_mixin.py:151} INFO - [2024-11-18T14:25:25.537+0000] {dag.py:2941} INFO - Sync 1 DAGs
[2024-11-18T14:25:25.572+0000] {logging_mixin.py:151} INFO - [2024-11-18T14:25:25.571+0000] {dag.py:3722} INFO - Setting next_dagrun for example_xcom to 2021-01-01T00:00:00+00:00, run_after=2021-01-01T00:00:00+00:00
[2024-11-18T14:25:25.599+0000] {processor.py:179} INFO - Processing /home/airflow/.local/lib/python3.8/site-packages/airflow/example_dags/example_xcom.py took 0.099 seconds
[2024-11-18T14:25:56.288+0000] {processor.py:157} INFO - Started process (PID=673) to work on /home/airflow/.local/lib/python3.8/site-packages/airflow/example_dags/example_xcom.py
[2024-11-18T14:25:56.289+0000] {processor.py:829} INFO - Processing file /home/airflow/.local/lib/python3.8/site-packages/airflow/example_dags/example_xcom.py for tasks to queue
[2024-11-18T14:25:56.293+0000] {logging_mixin.py:151} INFO - [2024-11-18T14:25:56.293+0000] {dagbag.py:536} INFO - Filling up the DagBag from /home/airflow/.local/lib/python3.8/site-packages/airflow/example_dags/example_xcom.py
[2024-11-18T14:25:56.306+0000] {processor.py:839} INFO - DAG(s) dict_keys(['example_xcom']) retrieved from /home/airflow/.local/lib/python3.8/site-packages/airflow/example_dags/example_xcom.py
[2024-11-18T14:25:56.345+0000] {logging_mixin.py:151} INFO - [2024-11-18T14:25:56.345+0000] {dag.py:2941} INFO - Sync 1 DAGs
[2024-11-18T14:25:56.388+0000] {logging_mixin.py:151} INFO - [2024-11-18T14:25:56.387+0000] {dag.py:3722} INFO - Setting next_dagrun for example_xcom to 2021-01-01T00:00:00+00:00, run_after=2021-01-01T00:00:00+00:00
[2024-11-18T14:25:56.424+0000] {processor.py:179} INFO - Processing /home/airflow/.local/lib/python3.8/site-packages/airflow/example_dags/example_xcom.py took 0.141 seconds
[2024-11-18T14:26:27.605+0000] {processor.py:157} INFO - Started process (PID=727) to work on /home/airflow/.local/lib/python3.8/site-packages/airflow/example_dags/example_xcom.py
[2024-11-18T14:26:27.606+0000] {processor.py:829} INFO - Processing file /home/airflow/.local/lib/python3.8/site-packages/airflow/example_dags/example_xcom.py for tasks to queue
[2024-11-18T14:26:27.611+0000] {logging_mixin.py:151} INFO - [2024-11-18T14:26:27.611+0000] {dagbag.py:536} INFO - Filling up the DagBag from /home/airflow/.local/lib/python3.8/site-packages/airflow/example_dags/example_xcom.py
[2024-11-18T14:26:27.627+0000] {processor.py:839} INFO - DAG(s) dict_keys(['example_xcom']) retrieved from /home/airflow/.local/lib/python3.8/site-packages/airflow/example_dags/example_xcom.py
[2024-11-18T14:26:27.666+0000] {logging_mixin.py:151} INFO - [2024-11-18T14:26:27.666+0000] {dag.py:2941} INFO - Sync 1 DAGs
[2024-11-18T14:26:27.708+0000] {logging_mixin.py:151} INFO - [2024-11-18T14:26:27.707+0000] {dag.py:3722} INFO - Setting next_dagrun for example_xcom to 2021-01-01T00:00:00+00:00, run_after=2021-01-01T00:00:00+00:00
[2024-11-18T14:26:27.747+0000] {processor.py:179} INFO - Processing /home/airflow/.local/lib/python3.8/site-packages/airflow/example_dags/example_xcom.py took 0.148 seconds
[2024-11-18T14:26:58.181+0000] {processor.py:157} INFO - Started process (PID=781) to work on /home/airflow/.local/lib/python3.8/site-packages/airflow/example_dags/example_xcom.py
[2024-11-18T14:26:58.182+0000] {processor.py:829} INFO - Processing file /home/airflow/.local/lib/python3.8/site-packages/airflow/example_dags/example_xcom.py for tasks to queue
[2024-11-18T14:26:58.186+0000] {logging_mixin.py:151} INFO - [2024-11-18T14:26:58.186+0000] {dagbag.py:536} INFO - Filling up the DagBag from /home/airflow/.local/lib/python3.8/site-packages/airflow/example_dags/example_xcom.py
[2024-11-18T14:26:58.198+0000] {processor.py:839} INFO - DAG(s) dict_keys(['example_xcom']) retrieved from /home/airflow/.local/lib/python3.8/site-packages/airflow/example_dags/example_xcom.py
[2024-11-18T14:26:58.230+0000] {logging_mixin.py:151} INFO - [2024-11-18T14:26:58.230+0000] {dag.py:2941} INFO - Sync 1 DAGs
[2024-11-18T14:26:58.262+0000] {logging_mixin.py:151} INFO - [2024-11-18T14:26:58.262+0000] {dag.py:3722} INFO - Setting next_dagrun for example_xcom to 2021-01-01T00:00:00+00:00, run_after=2021-01-01T00:00:00+00:00
[2024-11-18T14:26:58.290+0000] {processor.py:179} INFO - Processing /home/airflow/.local/lib/python3.8/site-packages/airflow/example_dags/example_xcom.py took 0.114 seconds
[2024-11-18T14:27:28.889+0000] {processor.py:157} INFO - Started process (PID=828) to work on /home/airflow/.local/lib/python3.8/site-packages/airflow/example_dags/example_xcom.py
[2024-11-18T14:27:28.890+0000] {processor.py:829} INFO - Processing file /home/airflow/.local/lib/python3.8/site-packages/airflow/example_dags/example_xcom.py for tasks to queue
[2024-11-18T14:27:28.894+0000] {logging_mixin.py:151} INFO - [2024-11-18T14:27:28.893+0000] {dagbag.py:536} INFO - Filling up the DagBag from /home/airflow/.local/lib/python3.8/site-packages/airflow/example_dags/example_xcom.py
[2024-11-18T14:27:28.904+0000] {processor.py:839} INFO - DAG(s) dict_keys(['example_xcom']) retrieved from /home/airflow/.local/lib/python3.8/site-packages/airflow/example_dags/example_xcom.py
[2024-11-18T14:27:28.935+0000] {logging_mixin.py:151} INFO - [2024-11-18T14:27:28.935+0000] {dag.py:2941} INFO - Sync 1 DAGs
[2024-11-18T14:27:28.970+0000] {logging_mixin.py:151} INFO - [2024-11-18T14:27:28.969+0000] {dag.py:3722} INFO - Setting next_dagrun for example_xcom to 2021-01-01T00:00:00+00:00, run_after=2021-01-01T00:00:00+00:00
[2024-11-18T14:27:28.996+0000] {processor.py:179} INFO - Processing /home/airflow/.local/lib/python3.8/site-packages/airflow/example_dags/example_xcom.py took 0.112 seconds
[2024-11-18T14:28:00.059+0000] {processor.py:157} INFO - Started process (PID=882) to work on /home/airflow/.local/lib/python3.8/site-packages/airflow/example_dags/example_xcom.py
[2024-11-18T14:28:00.061+0000] {processor.py:829} INFO - Processing file /home/airflow/.local/lib/python3.8/site-packages/airflow/example_dags/example_xcom.py for tasks to queue
[2024-11-18T14:28:00.065+0000] {logging_mixin.py:151} INFO - [2024-11-18T14:28:00.065+0000] {dagbag.py:536} INFO - Filling up the DagBag from /home/airflow/.local/lib/python3.8/site-packages/airflow/example_dags/example_xcom.py
[2024-11-18T14:28:00.076+0000] {processor.py:839} INFO - DAG(s) dict_keys(['example_xcom']) retrieved from /home/airflow/.local/lib/python3.8/site-packages/airflow/example_dags/example_xcom.py
[2024-11-18T14:28:00.110+0000] {logging_mixin.py:151} INFO - [2024-11-18T14:28:00.109+0000] {dag.py:2941} INFO - Sync 1 DAGs
[2024-11-18T14:28:00.151+0000] {logging_mixin.py:151} INFO - [2024-11-18T14:28:00.151+0000] {dag.py:3722} INFO - Setting next_dagrun for example_xcom to 2021-01-01T00:00:00+00:00, run_after=2021-01-01T00:00:00+00:00
[2024-11-18T14:28:00.183+0000] {processor.py:179} INFO - Processing /home/airflow/.local/lib/python3.8/site-packages/airflow/example_dags/example_xcom.py took 0.128 seconds
[2024-11-18T14:28:30.953+0000] {processor.py:157} INFO - Started process (PID=937) to work on /home/airflow/.local/lib/python3.8/site-packages/airflow/example_dags/example_xcom.py
[2024-11-18T14:28:30.954+0000] {processor.py:829} INFO - Processing file /home/airflow/.local/lib/python3.8/site-packages/airflow/example_dags/example_xcom.py for tasks to queue
[2024-11-18T14:28:30.957+0000] {logging_mixin.py:151} INFO - [2024-11-18T14:28:30.957+0000] {dagbag.py:536} INFO - Filling up the DagBag from /home/airflow/.local/lib/python3.8/site-packages/airflow/example_dags/example_xcom.py
[2024-11-18T14:28:30.968+0000] {processor.py:839} INFO - DAG(s) dict_keys(['example_xcom']) retrieved from /home/airflow/.local/lib/python3.8/site-packages/airflow/example_dags/example_xcom.py
[2024-11-18T14:28:31.001+0000] {logging_mixin.py:151} INFO - [2024-11-18T14:28:31.000+0000] {dag.py:2941} INFO - Sync 1 DAGs
[2024-11-18T14:28:31.035+0000] {logging_mixin.py:151} INFO - [2024-11-18T14:28:31.034+0000] {dag.py:3722} INFO - Setting next_dagrun for example_xcom to 2021-01-01T00:00:00+00:00, run_after=2021-01-01T00:00:00+00:00
[2024-11-18T14:28:31.063+0000] {processor.py:179} INFO - Processing /home/airflow/.local/lib/python3.8/site-packages/airflow/example_dags/example_xcom.py took 0.115 seconds
[2024-11-18T14:29:01.340+0000] {processor.py:157} INFO - Started process (PID=991) to work on /home/airflow/.local/lib/python3.8/site-packages/airflow/example_dags/example_xcom.py
[2024-11-18T14:29:01.342+0000] {processor.py:829} INFO - Processing file /home/airflow/.local/lib/python3.8/site-packages/airflow/example_dags/example_xcom.py for tasks to queue
[2024-11-18T14:29:01.345+0000] {logging_mixin.py:151} INFO - [2024-11-18T14:29:01.345+0000] {dagbag.py:536} INFO - Filling up the DagBag from /home/airflow/.local/lib/python3.8/site-packages/airflow/example_dags/example_xcom.py
[2024-11-18T14:29:01.356+0000] {processor.py:839} INFO - DAG(s) dict_keys(['example_xcom']) retrieved from /home/airflow/.local/lib/python3.8/site-packages/airflow/example_dags/example_xcom.py
[2024-11-18T14:29:01.391+0000] {logging_mixin.py:151} INFO - [2024-11-18T14:29:01.391+0000] {dag.py:2941} INFO - Sync 1 DAGs
[2024-11-18T14:29:01.426+0000] {logging_mixin.py:151} INFO - [2024-11-18T14:29:01.425+0000] {dag.py:3722} INFO - Setting next_dagrun for example_xcom to 2021-01-01T00:00:00+00:00, run_after=2021-01-01T00:00:00+00:00
[2024-11-18T14:29:01.453+0000] {processor.py:179} INFO - Processing /home/airflow/.local/lib/python3.8/site-packages/airflow/example_dags/example_xcom.py took 0.118 seconds
[2024-11-18T14:29:32.328+0000] {processor.py:157} INFO - Started process (PID=1045) to work on /home/airflow/.local/lib/python3.8/site-packages/airflow/example_dags/example_xcom.py
[2024-11-18T14:29:32.330+0000] {processor.py:829} INFO - Processing file /home/airflow/.local/lib/python3.8/site-packages/airflow/example_dags/example_xcom.py for tasks to queue
[2024-11-18T14:29:32.334+0000] {logging_mixin.py:151} INFO - [2024-11-18T14:29:32.333+0000] {dagbag.py:536} INFO - Filling up the DagBag from /home/airflow/.local/lib/python3.8/site-packages/airflow/example_dags/example_xcom.py
[2024-11-18T14:29:32.345+0000] {processor.py:839} INFO - DAG(s) dict_keys(['example_xcom']) retrieved from /home/airflow/.local/lib/python3.8/site-packages/airflow/example_dags/example_xcom.py
[2024-11-18T14:29:32.378+0000] {logging_mixin.py:151} INFO - [2024-11-18T14:29:32.377+0000] {dag.py:2941} INFO - Sync 1 DAGs
[2024-11-18T14:29:32.412+0000] {logging_mixin.py:151} INFO - [2024-11-18T14:29:32.412+0000] {dag.py:3722} INFO - Setting next_dagrun for example_xcom to 2021-01-01T00:00:00+00:00, run_after=2021-01-01T00:00:00+00:00
[2024-11-18T14:29:32.441+0000] {processor.py:179} INFO - Processing /home/airflow/.local/lib/python3.8/site-packages/airflow/example_dags/example_xcom.py took 0.118 seconds
[2024-11-18T14:30:02.983+0000] {processor.py:157} INFO - Started process (PID=1099) to work on /home/airflow/.local/lib/python3.8/site-packages/airflow/example_dags/example_xcom.py
[2024-11-18T14:30:02.984+0000] {processor.py:829} INFO - Processing file /home/airflow/.local/lib/python3.8/site-packages/airflow/example_dags/example_xcom.py for tasks to queue
[2024-11-18T14:30:02.987+0000] {logging_mixin.py:151} INFO - [2024-11-18T14:30:02.987+0000] {dagbag.py:536} INFO - Filling up the DagBag from /home/airflow/.local/lib/python3.8/site-packages/airflow/example_dags/example_xcom.py
[2024-11-18T14:30:02.998+0000] {processor.py:839} INFO - DAG(s) dict_keys(['example_xcom']) retrieved from /home/airflow/.local/lib/python3.8/site-packages/airflow/example_dags/example_xcom.py
[2024-11-18T14:30:03.030+0000] {logging_mixin.py:151} INFO - [2024-11-18T14:30:03.030+0000] {dag.py:2941} INFO - Sync 1 DAGs
[2024-11-18T14:30:03.063+0000] {logging_mixin.py:151} INFO - [2024-11-18T14:30:03.063+0000] {dag.py:3722} INFO - Setting next_dagrun for example_xcom to 2021-01-01T00:00:00+00:00, run_after=2021-01-01T00:00:00+00:00
[2024-11-18T14:30:03.093+0000] {processor.py:179} INFO - Processing /home/airflow/.local/lib/python3.8/site-packages/airflow/example_dags/example_xcom.py took 0.114 seconds
[2024-11-18T14:33:20.678+0000] {processor.py:157} INFO - Started process (PID=114) to work on /home/airflow/.local/lib/python3.8/site-packages/airflow/example_dags/example_xcom.py
[2024-11-18T14:33:20.680+0000] {processor.py:829} INFO - Processing file /home/airflow/.local/lib/python3.8/site-packages/airflow/example_dags/example_xcom.py for tasks to queue
[2024-11-18T14:33:20.683+0000] {logging_mixin.py:151} INFO - [2024-11-18T14:33:20.683+0000] {dagbag.py:536} INFO - Filling up the DagBag from /home/airflow/.local/lib/python3.8/site-packages/airflow/example_dags/example_xcom.py
[2024-11-18T14:33:20.699+0000] {processor.py:839} INFO - DAG(s) dict_keys(['example_xcom']) retrieved from /home/airflow/.local/lib/python3.8/site-packages/airflow/example_dags/example_xcom.py
[2024-11-18T14:33:20.746+0000] {logging_mixin.py:151} INFO - [2024-11-18T14:33:20.746+0000] {dag.py:2941} INFO - Sync 1 DAGs
[2024-11-18T14:33:20.793+0000] {logging_mixin.py:151} INFO - [2024-11-18T14:33:20.793+0000] {dag.py:3722} INFO - Setting next_dagrun for example_xcom to 2021-01-01T00:00:00+00:00, run_after=2021-01-01T00:00:00+00:00
[2024-11-18T14:33:20.833+0000] {processor.py:179} INFO - Processing /home/airflow/.local/lib/python3.8/site-packages/airflow/example_dags/example_xcom.py took 0.160 seconds
[2024-11-18T14:33:51.045+0000] {processor.py:157} INFO - Started process (PID=161) to work on /home/airflow/.local/lib/python3.8/site-packages/airflow/example_dags/example_xcom.py
[2024-11-18T14:33:51.046+0000] {processor.py:829} INFO - Processing file /home/airflow/.local/lib/python3.8/site-packages/airflow/example_dags/example_xcom.py for tasks to queue
[2024-11-18T14:33:51.049+0000] {logging_mixin.py:151} INFO - [2024-11-18T14:33:51.049+0000] {dagbag.py:536} INFO - Filling up the DagBag from /home/airflow/.local/lib/python3.8/site-packages/airflow/example_dags/example_xcom.py
[2024-11-18T14:33:51.061+0000] {processor.py:839} INFO - DAG(s) dict_keys(['example_xcom']) retrieved from /home/airflow/.local/lib/python3.8/site-packages/airflow/example_dags/example_xcom.py
[2024-11-18T14:33:51.096+0000] {logging_mixin.py:151} INFO - [2024-11-18T14:33:51.095+0000] {dag.py:2941} INFO - Sync 1 DAGs
[2024-11-18T14:33:51.129+0000] {logging_mixin.py:151} INFO - [2024-11-18T14:33:51.129+0000] {dag.py:3722} INFO - Setting next_dagrun for example_xcom to 2021-01-01T00:00:00+00:00, run_after=2021-01-01T00:00:00+00:00
[2024-11-18T14:33:51.160+0000] {processor.py:179} INFO - Processing /home/airflow/.local/lib/python3.8/site-packages/airflow/example_dags/example_xcom.py took 0.121 seconds
[2024-11-18T14:34:21.790+0000] {processor.py:157} INFO - Started process (PID=215) to work on /home/airflow/.local/lib/python3.8/site-packages/airflow/example_dags/example_xcom.py
[2024-11-18T14:34:21.792+0000] {processor.py:829} INFO - Processing file /home/airflow/.local/lib/python3.8/site-packages/airflow/example_dags/example_xcom.py for tasks to queue
[2024-11-18T14:34:21.795+0000] {logging_mixin.py:151} INFO - [2024-11-18T14:34:21.794+0000] {dagbag.py:536} INFO - Filling up the DagBag from /home/airflow/.local/lib/python3.8/site-packages/airflow/example_dags/example_xcom.py
[2024-11-18T14:34:21.806+0000] {processor.py:839} INFO - DAG(s) dict_keys(['example_xcom']) retrieved from /home/airflow/.local/lib/python3.8/site-packages/airflow/example_dags/example_xcom.py
[2024-11-18T14:34:21.841+0000] {logging_mixin.py:151} INFO - [2024-11-18T14:34:21.841+0000] {dag.py:2941} INFO - Sync 1 DAGs
[2024-11-18T14:34:21.881+0000] {logging_mixin.py:151} INFO - [2024-11-18T14:34:21.880+0000] {dag.py:3722} INFO - Setting next_dagrun for example_xcom to 2021-01-01T00:00:00+00:00, run_after=2021-01-01T00:00:00+00:00
[2024-11-18T14:34:21.911+0000] {processor.py:179} INFO - Processing /home/airflow/.local/lib/python3.8/site-packages/airflow/example_dags/example_xcom.py took 0.126 seconds
[2024-11-18T14:34:52.462+0000] {processor.py:157} INFO - Started process (PID=269) to work on /home/airflow/.local/lib/python3.8/site-packages/airflow/example_dags/example_xcom.py
[2024-11-18T14:34:52.463+0000] {processor.py:829} INFO - Processing file /home/airflow/.local/lib/python3.8/site-packages/airflow/example_dags/example_xcom.py for tasks to queue
[2024-11-18T14:34:52.466+0000] {logging_mixin.py:151} INFO - [2024-11-18T14:34:52.466+0000] {dagbag.py:536} INFO - Filling up the DagBag from /home/airflow/.local/lib/python3.8/site-packages/airflow/example_dags/example_xcom.py
[2024-11-18T14:34:52.477+0000] {processor.py:839} INFO - DAG(s) dict_keys(['example_xcom']) retrieved from /home/airflow/.local/lib/python3.8/site-packages/airflow/example_dags/example_xcom.py
[2024-11-18T14:34:52.512+0000] {logging_mixin.py:151} INFO - [2024-11-18T14:34:52.512+0000] {dag.py:2941} INFO - Sync 1 DAGs
[2024-11-18T14:34:52.547+0000] {logging_mixin.py:151} INFO - [2024-11-18T14:34:52.546+0000] {dag.py:3722} INFO - Setting next_dagrun for example_xcom to 2021-01-01T00:00:00+00:00, run_after=2021-01-01T00:00:00+00:00
[2024-11-18T14:34:52.578+0000] {processor.py:179} INFO - Processing /home/airflow/.local/lib/python3.8/site-packages/airflow/example_dags/example_xcom.py took 0.121 seconds
[2024-11-18T14:35:24.148+0000] {processor.py:157} INFO - Started process (PID=323) to work on /home/airflow/.local/lib/python3.8/site-packages/airflow/example_dags/example_xcom.py
[2024-11-18T14:35:24.150+0000] {processor.py:829} INFO - Processing file /home/airflow/.local/lib/python3.8/site-packages/airflow/example_dags/example_xcom.py for tasks to queue
[2024-11-18T14:35:24.153+0000] {logging_mixin.py:151} INFO - [2024-11-18T14:35:24.152+0000] {dagbag.py:536} INFO - Filling up the DagBag from /home/airflow/.local/lib/python3.8/site-packages/airflow/example_dags/example_xcom.py
[2024-11-18T14:35:24.163+0000] {processor.py:839} INFO - DAG(s) dict_keys(['example_xcom']) retrieved from /home/airflow/.local/lib/python3.8/site-packages/airflow/example_dags/example_xcom.py
[2024-11-18T14:35:24.194+0000] {logging_mixin.py:151} INFO - [2024-11-18T14:35:24.193+0000] {dag.py:2941} INFO - Sync 1 DAGs
[2024-11-18T14:35:24.226+0000] {logging_mixin.py:151} INFO - [2024-11-18T14:35:24.226+0000] {dag.py:3722} INFO - Setting next_dagrun for example_xcom to 2021-01-01T00:00:00+00:00, run_after=2021-01-01T00:00:00+00:00
[2024-11-18T14:35:24.255+0000] {processor.py:179} INFO - Processing /home/airflow/.local/lib/python3.8/site-packages/airflow/example_dags/example_xcom.py took 0.111 seconds
[2024-11-18T14:35:57.219+0000] {processor.py:157} INFO - Started process (PID=377) to work on /home/airflow/.local/lib/python3.8/site-packages/airflow/example_dags/example_xcom.py
[2024-11-18T14:35:57.221+0000] {processor.py:829} INFO - Processing file /home/airflow/.local/lib/python3.8/site-packages/airflow/example_dags/example_xcom.py for tasks to queue
[2024-11-18T14:35:57.224+0000] {logging_mixin.py:151} INFO - [2024-11-18T14:35:57.224+0000] {dagbag.py:536} INFO - Filling up the DagBag from /home/airflow/.local/lib/python3.8/site-packages/airflow/example_dags/example_xcom.py
[2024-11-18T14:35:57.234+0000] {processor.py:839} INFO - DAG(s) dict_keys(['example_xcom']) retrieved from /home/airflow/.local/lib/python3.8/site-packages/airflow/example_dags/example_xcom.py
[2024-11-18T14:35:57.265+0000] {logging_mixin.py:151} INFO - [2024-11-18T14:35:57.264+0000] {dag.py:2941} INFO - Sync 1 DAGs
[2024-11-18T14:35:57.301+0000] {logging_mixin.py:151} INFO - [2024-11-18T14:35:57.300+0000] {dag.py:3722} INFO - Setting next_dagrun for example_xcom to 2021-01-01T00:00:00+00:00, run_after=2021-01-01T00:00:00+00:00
[2024-11-18T14:35:57.330+0000] {processor.py:179} INFO - Processing /home/airflow/.local/lib/python3.8/site-packages/airflow/example_dags/example_xcom.py took 0.115 seconds
[2024-11-18T14:36:31.085+0000] {processor.py:157} INFO - Started process (PID=431) to work on /home/airflow/.local/lib/python3.8/site-packages/airflow/example_dags/example_xcom.py
[2024-11-18T14:36:31.086+0000] {processor.py:829} INFO - Processing file /home/airflow/.local/lib/python3.8/site-packages/airflow/example_dags/example_xcom.py for tasks to queue
[2024-11-18T14:36:31.089+0000] {logging_mixin.py:151} INFO - [2024-11-18T14:36:31.089+0000] {dagbag.py:536} INFO - Filling up the DagBag from /home/airflow/.local/lib/python3.8/site-packages/airflow/example_dags/example_xcom.py
[2024-11-18T14:36:31.101+0000] {processor.py:839} INFO - DAG(s) dict_keys(['example_xcom']) retrieved from /home/airflow/.local/lib/python3.8/site-packages/airflow/example_dags/example_xcom.py
[2024-11-18T14:36:31.133+0000] {logging_mixin.py:151} INFO - [2024-11-18T14:36:31.133+0000] {dag.py:2941} INFO - Sync 1 DAGs
[2024-11-18T14:36:31.168+0000] {logging_mixin.py:151} INFO - [2024-11-18T14:36:31.168+0000] {dag.py:3722} INFO - Setting next_dagrun for example_xcom to 2021-01-01T00:00:00+00:00, run_after=2021-01-01T00:00:00+00:00
[2024-11-18T14:36:31.195+0000] {processor.py:179} INFO - Processing /home/airflow/.local/lib/python3.8/site-packages/airflow/example_dags/example_xcom.py took 0.114 seconds
[2024-11-18T14:37:03.983+0000] {processor.py:157} INFO - Started process (PID=485) to work on /home/airflow/.local/lib/python3.8/site-packages/airflow/example_dags/example_xcom.py
[2024-11-18T14:37:03.984+0000] {processor.py:829} INFO - Processing file /home/airflow/.local/lib/python3.8/site-packages/airflow/example_dags/example_xcom.py for tasks to queue
[2024-11-18T14:37:03.987+0000] {logging_mixin.py:151} INFO - [2024-11-18T14:37:03.986+0000] {dagbag.py:536} INFO - Filling up the DagBag from /home/airflow/.local/lib/python3.8/site-packages/airflow/example_dags/example_xcom.py
[2024-11-18T14:37:03.997+0000] {processor.py:839} INFO - DAG(s) dict_keys(['example_xcom']) retrieved from /home/airflow/.local/lib/python3.8/site-packages/airflow/example_dags/example_xcom.py
[2024-11-18T14:37:04.033+0000] {logging_mixin.py:151} INFO - [2024-11-18T14:37:04.032+0000] {dag.py:2941} INFO - Sync 1 DAGs
[2024-11-18T14:37:04.069+0000] {logging_mixin.py:151} INFO - [2024-11-18T14:37:04.068+0000] {dag.py:3722} INFO - Setting next_dagrun for example_xcom to 2021-01-01T00:00:00+00:00, run_after=2021-01-01T00:00:00+00:00
[2024-11-18T14:37:04.097+0000] {processor.py:179} INFO - Processing /home/airflow/.local/lib/python3.8/site-packages/airflow/example_dags/example_xcom.py took 0.120 seconds
[2024-11-18T14:37:37.215+0000] {processor.py:157} INFO - Started process (PID=539) to work on /home/airflow/.local/lib/python3.8/site-packages/airflow/example_dags/example_xcom.py
[2024-11-18T14:37:37.216+0000] {processor.py:829} INFO - Processing file /home/airflow/.local/lib/python3.8/site-packages/airflow/example_dags/example_xcom.py for tasks to queue
[2024-11-18T14:37:37.219+0000] {logging_mixin.py:151} INFO - [2024-11-18T14:37:37.219+0000] {dagbag.py:536} INFO - Filling up the DagBag from /home/airflow/.local/lib/python3.8/site-packages/airflow/example_dags/example_xcom.py
[2024-11-18T14:37:37.230+0000] {processor.py:839} INFO - DAG(s) dict_keys(['example_xcom']) retrieved from /home/airflow/.local/lib/python3.8/site-packages/airflow/example_dags/example_xcom.py
[2024-11-18T14:37:37.261+0000] {logging_mixin.py:151} INFO - [2024-11-18T14:37:37.261+0000] {dag.py:2941} INFO - Sync 1 DAGs
[2024-11-18T14:37:37.293+0000] {logging_mixin.py:151} INFO - [2024-11-18T14:37:37.293+0000] {dag.py:3722} INFO - Setting next_dagrun for example_xcom to 2021-01-01T00:00:00+00:00, run_after=2021-01-01T00:00:00+00:00
[2024-11-18T14:37:37.320+0000] {processor.py:179} INFO - Processing /home/airflow/.local/lib/python3.8/site-packages/airflow/example_dags/example_xcom.py took 0.110 seconds
[2024-11-18T14:38:10.525+0000] {processor.py:157} INFO - Started process (PID=593) to work on /home/airflow/.local/lib/python3.8/site-packages/airflow/example_dags/example_xcom.py
[2024-11-18T14:38:10.527+0000] {processor.py:829} INFO - Processing file /home/airflow/.local/lib/python3.8/site-packages/airflow/example_dags/example_xcom.py for tasks to queue
[2024-11-18T14:38:10.530+0000] {logging_mixin.py:151} INFO - [2024-11-18T14:38:10.529+0000] {dagbag.py:536} INFO - Filling up the DagBag from /home/airflow/.local/lib/python3.8/site-packages/airflow/example_dags/example_xcom.py
[2024-11-18T14:38:10.540+0000] {processor.py:839} INFO - DAG(s) dict_keys(['example_xcom']) retrieved from /home/airflow/.local/lib/python3.8/site-packages/airflow/example_dags/example_xcom.py
[2024-11-18T14:38:10.572+0000] {logging_mixin.py:151} INFO - [2024-11-18T14:38:10.572+0000] {dag.py:2941} INFO - Sync 1 DAGs
[2024-11-18T14:38:10.606+0000] {logging_mixin.py:151} INFO - [2024-11-18T14:38:10.605+0000] {dag.py:3722} INFO - Setting next_dagrun for example_xcom to 2021-01-01T00:00:00+00:00, run_after=2021-01-01T00:00:00+00:00
[2024-11-18T14:38:10.632+0000] {processor.py:179} INFO - Processing /home/airflow/.local/lib/python3.8/site-packages/airflow/example_dags/example_xcom.py took 0.111 seconds
[2024-11-18T14:38:43.786+0000] {processor.py:157} INFO - Started process (PID=647) to work on /home/airflow/.local/lib/python3.8/site-packages/airflow/example_dags/example_xcom.py
[2024-11-18T14:38:43.787+0000] {processor.py:829} INFO - Processing file /home/airflow/.local/lib/python3.8/site-packages/airflow/example_dags/example_xcom.py for tasks to queue
[2024-11-18T14:38:43.790+0000] {logging_mixin.py:151} INFO - [2024-11-18T14:38:43.790+0000] {dagbag.py:536} INFO - Filling up the DagBag from /home/airflow/.local/lib/python3.8/site-packages/airflow/example_dags/example_xcom.py
[2024-11-18T14:38:43.800+0000] {processor.py:839} INFO - DAG(s) dict_keys(['example_xcom']) retrieved from /home/airflow/.local/lib/python3.8/site-packages/airflow/example_dags/example_xcom.py
[2024-11-18T14:38:43.832+0000] {logging_mixin.py:151} INFO - [2024-11-18T14:38:43.831+0000] {dag.py:2941} INFO - Sync 1 DAGs
[2024-11-18T14:38:43.865+0000] {logging_mixin.py:151} INFO - [2024-11-18T14:38:43.865+0000] {dag.py:3722} INFO - Setting next_dagrun for example_xcom to 2021-01-01T00:00:00+00:00, run_after=2021-01-01T00:00:00+00:00
[2024-11-18T14:38:43.893+0000] {processor.py:179} INFO - Processing /home/airflow/.local/lib/python3.8/site-packages/airflow/example_dags/example_xcom.py took 0.111 seconds
[2024-11-18T14:39:17.751+0000] {processor.py:157} INFO - Started process (PID=701) to work on /home/airflow/.local/lib/python3.8/site-packages/airflow/example_dags/example_xcom.py
[2024-11-18T14:39:17.753+0000] {processor.py:829} INFO - Processing file /home/airflow/.local/lib/python3.8/site-packages/airflow/example_dags/example_xcom.py for tasks to queue
[2024-11-18T14:39:17.756+0000] {logging_mixin.py:151} INFO - [2024-11-18T14:39:17.755+0000] {dagbag.py:536} INFO - Filling up the DagBag from /home/airflow/.local/lib/python3.8/site-packages/airflow/example_dags/example_xcom.py
[2024-11-18T14:39:17.767+0000] {processor.py:839} INFO - DAG(s) dict_keys(['example_xcom']) retrieved from /home/airflow/.local/lib/python3.8/site-packages/airflow/example_dags/example_xcom.py
[2024-11-18T14:39:17.796+0000] {logging_mixin.py:151} INFO - [2024-11-18T14:39:17.796+0000] {dag.py:2941} INFO - Sync 1 DAGs
[2024-11-18T14:39:17.828+0000] {logging_mixin.py:151} INFO - [2024-11-18T14:39:17.828+0000] {dag.py:3722} INFO - Setting next_dagrun for example_xcom to 2021-01-01T00:00:00+00:00, run_after=2021-01-01T00:00:00+00:00
[2024-11-18T14:39:17.859+0000] {processor.py:179} INFO - Processing /home/airflow/.local/lib/python3.8/site-packages/airflow/example_dags/example_xcom.py took 0.113 seconds
[2024-11-18T14:39:50.761+0000] {processor.py:157} INFO - Started process (PID=755) to work on /home/airflow/.local/lib/python3.8/site-packages/airflow/example_dags/example_xcom.py
[2024-11-18T14:39:50.763+0000] {processor.py:829} INFO - Processing file /home/airflow/.local/lib/python3.8/site-packages/airflow/example_dags/example_xcom.py for tasks to queue
[2024-11-18T14:39:50.766+0000] {logging_mixin.py:151} INFO - [2024-11-18T14:39:50.765+0000] {dagbag.py:536} INFO - Filling up the DagBag from /home/airflow/.local/lib/python3.8/site-packages/airflow/example_dags/example_xcom.py
[2024-11-18T14:39:50.776+0000] {processor.py:839} INFO - DAG(s) dict_keys(['example_xcom']) retrieved from /home/airflow/.local/lib/python3.8/site-packages/airflow/example_dags/example_xcom.py
[2024-11-18T14:39:50.809+0000] {logging_mixin.py:151} INFO - [2024-11-18T14:39:50.808+0000] {dag.py:2941} INFO - Sync 1 DAGs
[2024-11-18T14:39:50.844+0000] {logging_mixin.py:151} INFO - [2024-11-18T14:39:50.844+0000] {dag.py:3722} INFO - Setting next_dagrun for example_xcom to 2021-01-01T00:00:00+00:00, run_after=2021-01-01T00:00:00+00:00
[2024-11-18T14:39:50.871+0000] {processor.py:179} INFO - Processing /home/airflow/.local/lib/python3.8/site-packages/airflow/example_dags/example_xcom.py took 0.115 seconds
[2024-11-18T14:40:24.199+0000] {processor.py:157} INFO - Started process (PID=809) to work on /home/airflow/.local/lib/python3.8/site-packages/airflow/example_dags/example_xcom.py
[2024-11-18T14:40:24.201+0000] {processor.py:829} INFO - Processing file /home/airflow/.local/lib/python3.8/site-packages/airflow/example_dags/example_xcom.py for tasks to queue
[2024-11-18T14:40:24.204+0000] {logging_mixin.py:151} INFO - [2024-11-18T14:40:24.204+0000] {dagbag.py:536} INFO - Filling up the DagBag from /home/airflow/.local/lib/python3.8/site-packages/airflow/example_dags/example_xcom.py
[2024-11-18T14:40:24.215+0000] {processor.py:839} INFO - DAG(s) dict_keys(['example_xcom']) retrieved from /home/airflow/.local/lib/python3.8/site-packages/airflow/example_dags/example_xcom.py
[2024-11-18T14:40:24.247+0000] {logging_mixin.py:151} INFO - [2024-11-18T14:40:24.247+0000] {dag.py:2941} INFO - Sync 1 DAGs
[2024-11-18T14:40:24.282+0000] {logging_mixin.py:151} INFO - [2024-11-18T14:40:24.281+0000] {dag.py:3722} INFO - Setting next_dagrun for example_xcom to 2021-01-01T00:00:00+00:00, run_after=2021-01-01T00:00:00+00:00
[2024-11-18T14:40:24.309+0000] {processor.py:179} INFO - Processing /home/airflow/.local/lib/python3.8/site-packages/airflow/example_dags/example_xcom.py took 0.115 seconds
[2024-11-18T14:40:57.624+0000] {processor.py:157} INFO - Started process (PID=863) to work on /home/airflow/.local/lib/python3.8/site-packages/airflow/example_dags/example_xcom.py
[2024-11-18T14:40:57.625+0000] {processor.py:829} INFO - Processing file /home/airflow/.local/lib/python3.8/site-packages/airflow/example_dags/example_xcom.py for tasks to queue
[2024-11-18T14:40:57.628+0000] {logging_mixin.py:151} INFO - [2024-11-18T14:40:57.628+0000] {dagbag.py:536} INFO - Filling up the DagBag from /home/airflow/.local/lib/python3.8/site-packages/airflow/example_dags/example_xcom.py
[2024-11-18T14:40:57.639+0000] {processor.py:839} INFO - DAG(s) dict_keys(['example_xcom']) retrieved from /home/airflow/.local/lib/python3.8/site-packages/airflow/example_dags/example_xcom.py
[2024-11-18T14:40:57.670+0000] {logging_mixin.py:151} INFO - [2024-11-18T14:40:57.670+0000] {dag.py:2941} INFO - Sync 1 DAGs
[2024-11-18T14:40:57.702+0000] {logging_mixin.py:151} INFO - [2024-11-18T14:40:57.702+0000] {dag.py:3722} INFO - Setting next_dagrun for example_xcom to 2021-01-01T00:00:00+00:00, run_after=2021-01-01T00:00:00+00:00
[2024-11-18T14:40:57.728+0000] {processor.py:179} INFO - Processing /home/airflow/.local/lib/python3.8/site-packages/airflow/example_dags/example_xcom.py took 0.109 seconds
[2024-11-18T14:41:30.654+0000] {processor.py:157} INFO - Started process (PID=917) to work on /home/airflow/.local/lib/python3.8/site-packages/airflow/example_dags/example_xcom.py
[2024-11-18T14:41:30.656+0000] {processor.py:829} INFO - Processing file /home/airflow/.local/lib/python3.8/site-packages/airflow/example_dags/example_xcom.py for tasks to queue
[2024-11-18T14:41:30.659+0000] {logging_mixin.py:151} INFO - [2024-11-18T14:41:30.659+0000] {dagbag.py:536} INFO - Filling up the DagBag from /home/airflow/.local/lib/python3.8/site-packages/airflow/example_dags/example_xcom.py
[2024-11-18T14:41:30.670+0000] {processor.py:839} INFO - DAG(s) dict_keys(['example_xcom']) retrieved from /home/airflow/.local/lib/python3.8/site-packages/airflow/example_dags/example_xcom.py
[2024-11-18T14:41:30.707+0000] {logging_mixin.py:151} INFO - [2024-11-18T14:41:30.707+0000] {dag.py:2941} INFO - Sync 1 DAGs
[2024-11-18T14:41:30.742+0000] {logging_mixin.py:151} INFO - [2024-11-18T14:41:30.742+0000] {dag.py:3722} INFO - Setting next_dagrun for example_xcom to 2021-01-01T00:00:00+00:00, run_after=2021-01-01T00:00:00+00:00
[2024-11-18T14:41:30.771+0000] {processor.py:179} INFO - Processing /home/airflow/.local/lib/python3.8/site-packages/airflow/example_dags/example_xcom.py took 0.122 seconds
[2024-11-18T14:42:03.980+0000] {processor.py:157} INFO - Started process (PID=971) to work on /home/airflow/.local/lib/python3.8/site-packages/airflow/example_dags/example_xcom.py
[2024-11-18T14:42:03.981+0000] {processor.py:829} INFO - Processing file /home/airflow/.local/lib/python3.8/site-packages/airflow/example_dags/example_xcom.py for tasks to queue
[2024-11-18T14:42:03.985+0000] {logging_mixin.py:151} INFO - [2024-11-18T14:42:03.984+0000] {dagbag.py:536} INFO - Filling up the DagBag from /home/airflow/.local/lib/python3.8/site-packages/airflow/example_dags/example_xcom.py
[2024-11-18T14:42:04.000+0000] {processor.py:839} INFO - DAG(s) dict_keys(['example_xcom']) retrieved from /home/airflow/.local/lib/python3.8/site-packages/airflow/example_dags/example_xcom.py
[2024-11-18T14:42:04.032+0000] {logging_mixin.py:151} INFO - [2024-11-18T14:42:04.032+0000] {dag.py:2941} INFO - Sync 1 DAGs
[2024-11-18T14:42:04.067+0000] {logging_mixin.py:151} INFO - [2024-11-18T14:42:04.067+0000] {dag.py:3722} INFO - Setting next_dagrun for example_xcom to 2021-01-01T00:00:00+00:00, run_after=2021-01-01T00:00:00+00:00
[2024-11-18T14:42:04.097+0000] {processor.py:179} INFO - Processing /home/airflow/.local/lib/python3.8/site-packages/airflow/example_dags/example_xcom.py took 0.123 seconds
[2024-11-18T14:42:37.577+0000] {processor.py:157} INFO - Started process (PID=1025) to work on /home/airflow/.local/lib/python3.8/site-packages/airflow/example_dags/example_xcom.py
[2024-11-18T14:42:37.579+0000] {processor.py:829} INFO - Processing file /home/airflow/.local/lib/python3.8/site-packages/airflow/example_dags/example_xcom.py for tasks to queue
[2024-11-18T14:42:37.581+0000] {logging_mixin.py:151} INFO - [2024-11-18T14:42:37.581+0000] {dagbag.py:536} INFO - Filling up the DagBag from /home/airflow/.local/lib/python3.8/site-packages/airflow/example_dags/example_xcom.py
[2024-11-18T14:42:37.592+0000] {processor.py:839} INFO - DAG(s) dict_keys(['example_xcom']) retrieved from /home/airflow/.local/lib/python3.8/site-packages/airflow/example_dags/example_xcom.py
[2024-11-18T14:42:37.623+0000] {logging_mixin.py:151} INFO - [2024-11-18T14:42:37.623+0000] {dag.py:2941} INFO - Sync 1 DAGs
[2024-11-18T14:42:37.656+0000] {logging_mixin.py:151} INFO - [2024-11-18T14:42:37.656+0000] {dag.py:3722} INFO - Setting next_dagrun for example_xcom to 2021-01-01T00:00:00+00:00, run_after=2021-01-01T00:00:00+00:00
[2024-11-18T14:42:37.683+0000] {processor.py:179} INFO - Processing /home/airflow/.local/lib/python3.8/site-packages/airflow/example_dags/example_xcom.py took 0.111 seconds
[2024-11-18T14:43:11.468+0000] {processor.py:157} INFO - Started process (PID=1079) to work on /home/airflow/.local/lib/python3.8/site-packages/airflow/example_dags/example_xcom.py
[2024-11-18T14:43:11.469+0000] {processor.py:829} INFO - Processing file /home/airflow/.local/lib/python3.8/site-packages/airflow/example_dags/example_xcom.py for tasks to queue
[2024-11-18T14:43:11.472+0000] {logging_mixin.py:151} INFO - [2024-11-18T14:43:11.472+0000] {dagbag.py:536} INFO - Filling up the DagBag from /home/airflow/.local/lib/python3.8/site-packages/airflow/example_dags/example_xcom.py
[2024-11-18T14:43:11.483+0000] {processor.py:839} INFO - DAG(s) dict_keys(['example_xcom']) retrieved from /home/airflow/.local/lib/python3.8/site-packages/airflow/example_dags/example_xcom.py
[2024-11-18T14:43:11.519+0000] {logging_mixin.py:151} INFO - [2024-11-18T14:43:11.518+0000] {dag.py:2941} INFO - Sync 1 DAGs
[2024-11-18T14:43:11.552+0000] {logging_mixin.py:151} INFO - [2024-11-18T14:43:11.551+0000] {dag.py:3722} INFO - Setting next_dagrun for example_xcom to 2021-01-01T00:00:00+00:00, run_after=2021-01-01T00:00:00+00:00
[2024-11-18T14:43:11.578+0000] {processor.py:179} INFO - Processing /home/airflow/.local/lib/python3.8/site-packages/airflow/example_dags/example_xcom.py took 0.115 seconds
[2024-11-18T14:43:44.916+0000] {processor.py:157} INFO - Started process (PID=1133) to work on /home/airflow/.local/lib/python3.8/site-packages/airflow/example_dags/example_xcom.py
[2024-11-18T14:43:44.918+0000] {processor.py:829} INFO - Processing file /home/airflow/.local/lib/python3.8/site-packages/airflow/example_dags/example_xcom.py for tasks to queue
[2024-11-18T14:43:44.922+0000] {logging_mixin.py:151} INFO - [2024-11-18T14:43:44.921+0000] {dagbag.py:536} INFO - Filling up the DagBag from /home/airflow/.local/lib/python3.8/site-packages/airflow/example_dags/example_xcom.py
[2024-11-18T14:43:44.934+0000] {processor.py:839} INFO - DAG(s) dict_keys(['example_xcom']) retrieved from /home/airflow/.local/lib/python3.8/site-packages/airflow/example_dags/example_xcom.py
[2024-11-18T14:43:44.981+0000] {logging_mixin.py:151} INFO - [2024-11-18T14:43:44.980+0000] {dag.py:2941} INFO - Sync 1 DAGs
[2024-11-18T14:43:45.021+0000] {logging_mixin.py:151} INFO - [2024-11-18T14:43:45.021+0000] {dag.py:3722} INFO - Setting next_dagrun for example_xcom to 2021-01-01T00:00:00+00:00, run_after=2021-01-01T00:00:00+00:00
[2024-11-18T14:43:45.055+0000] {processor.py:179} INFO - Processing /home/airflow/.local/lib/python3.8/site-packages/airflow/example_dags/example_xcom.py took 0.145 seconds
[2024-11-18T14:44:17.154+0000] {processor.py:157} INFO - Started process (PID=1187) to work on /home/airflow/.local/lib/python3.8/site-packages/airflow/example_dags/example_xcom.py
[2024-11-18T14:44:17.156+0000] {processor.py:829} INFO - Processing file /home/airflow/.local/lib/python3.8/site-packages/airflow/example_dags/example_xcom.py for tasks to queue
[2024-11-18T14:44:17.159+0000] {logging_mixin.py:151} INFO - [2024-11-18T14:44:17.158+0000] {dagbag.py:536} INFO - Filling up the DagBag from /home/airflow/.local/lib/python3.8/site-packages/airflow/example_dags/example_xcom.py
[2024-11-18T14:44:17.170+0000] {processor.py:839} INFO - DAG(s) dict_keys(['example_xcom']) retrieved from /home/airflow/.local/lib/python3.8/site-packages/airflow/example_dags/example_xcom.py
[2024-11-18T14:44:17.201+0000] {logging_mixin.py:151} INFO - [2024-11-18T14:44:17.200+0000] {dag.py:2941} INFO - Sync 1 DAGs
[2024-11-18T14:44:17.234+0000] {logging_mixin.py:151} INFO - [2024-11-18T14:44:17.233+0000] {dag.py:3722} INFO - Setting next_dagrun for example_xcom to 2021-01-01T00:00:00+00:00, run_after=2021-01-01T00:00:00+00:00
[2024-11-18T14:44:17.262+0000] {processor.py:179} INFO - Processing /home/airflow/.local/lib/python3.8/site-packages/airflow/example_dags/example_xcom.py took 0.112 seconds
[2024-11-18T14:44:52.118+0000] {processor.py:157} INFO - Started process (PID=1241) to work on /home/airflow/.local/lib/python3.8/site-packages/airflow/example_dags/example_xcom.py
[2024-11-18T14:44:52.120+0000] {processor.py:829} INFO - Processing file /home/airflow/.local/lib/python3.8/site-packages/airflow/example_dags/example_xcom.py for tasks to queue
[2024-11-18T14:44:52.123+0000] {logging_mixin.py:151} INFO - [2024-11-18T14:44:52.123+0000] {dagbag.py:536} INFO - Filling up the DagBag from /home/airflow/.local/lib/python3.8/site-packages/airflow/example_dags/example_xcom.py
[2024-11-18T14:44:52.134+0000] {processor.py:839} INFO - DAG(s) dict_keys(['example_xcom']) retrieved from /home/airflow/.local/lib/python3.8/site-packages/airflow/example_dags/example_xcom.py
[2024-11-18T14:44:52.166+0000] {logging_mixin.py:151} INFO - [2024-11-18T14:44:52.166+0000] {dag.py:2941} INFO - Sync 1 DAGs
[2024-11-18T14:44:52.199+0000] {logging_mixin.py:151} INFO - [2024-11-18T14:44:52.199+0000] {dag.py:3722} INFO - Setting next_dagrun for example_xcom to 2021-01-01T00:00:00+00:00, run_after=2021-01-01T00:00:00+00:00
[2024-11-18T14:44:52.227+0000] {processor.py:179} INFO - Processing /home/airflow/.local/lib/python3.8/site-packages/airflow/example_dags/example_xcom.py took 0.114 seconds
[2024-11-18T14:45:26.008+0000] {processor.py:157} INFO - Started process (PID=1295) to work on /home/airflow/.local/lib/python3.8/site-packages/airflow/example_dags/example_xcom.py
[2024-11-18T14:45:26.009+0000] {processor.py:829} INFO - Processing file /home/airflow/.local/lib/python3.8/site-packages/airflow/example_dags/example_xcom.py for tasks to queue
[2024-11-18T14:45:26.012+0000] {logging_mixin.py:151} INFO - [2024-11-18T14:45:26.012+0000] {dagbag.py:536} INFO - Filling up the DagBag from /home/airflow/.local/lib/python3.8/site-packages/airflow/example_dags/example_xcom.py
[2024-11-18T14:45:26.022+0000] {processor.py:839} INFO - DAG(s) dict_keys(['example_xcom']) retrieved from /home/airflow/.local/lib/python3.8/site-packages/airflow/example_dags/example_xcom.py
[2024-11-18T14:45:26.053+0000] {logging_mixin.py:151} INFO - [2024-11-18T14:45:26.053+0000] {dag.py:2941} INFO - Sync 1 DAGs
[2024-11-18T14:45:26.257+0000] {logging_mixin.py:151} INFO - [2024-11-18T14:45:26.256+0000] {dag.py:3722} INFO - Setting next_dagrun for example_xcom to 2021-01-01T00:00:00+00:00, run_after=2021-01-01T00:00:00+00:00
[2024-11-18T14:45:26.281+0000] {processor.py:179} INFO - Processing /home/airflow/.local/lib/python3.8/site-packages/airflow/example_dags/example_xcom.py took 0.278 seconds
[2024-11-18T14:45:57.602+0000] {processor.py:157} INFO - Started process (PID=1349) to work on /home/airflow/.local/lib/python3.8/site-packages/airflow/example_dags/example_xcom.py
[2024-11-18T14:45:57.604+0000] {processor.py:829} INFO - Processing file /home/airflow/.local/lib/python3.8/site-packages/airflow/example_dags/example_xcom.py for tasks to queue
[2024-11-18T14:45:57.607+0000] {logging_mixin.py:151} INFO - [2024-11-18T14:45:57.606+0000] {dagbag.py:536} INFO - Filling up the DagBag from /home/airflow/.local/lib/python3.8/site-packages/airflow/example_dags/example_xcom.py
[2024-11-18T14:45:57.618+0000] {processor.py:839} INFO - DAG(s) dict_keys(['example_xcom']) retrieved from /home/airflow/.local/lib/python3.8/site-packages/airflow/example_dags/example_xcom.py
[2024-11-18T14:45:57.650+0000] {logging_mixin.py:151} INFO - [2024-11-18T14:45:57.650+0000] {dag.py:2941} INFO - Sync 1 DAGs
[2024-11-18T14:45:57.685+0000] {logging_mixin.py:151} INFO - [2024-11-18T14:45:57.685+0000] {dag.py:3722} INFO - Setting next_dagrun for example_xcom to 2021-01-01T00:00:00+00:00, run_after=2021-01-01T00:00:00+00:00
[2024-11-18T14:45:57.719+0000] {processor.py:179} INFO - Processing /home/airflow/.local/lib/python3.8/site-packages/airflow/example_dags/example_xcom.py took 0.121 seconds
[2024-11-18T14:46:31.741+0000] {processor.py:157} INFO - Started process (PID=1403) to work on /home/airflow/.local/lib/python3.8/site-packages/airflow/example_dags/example_xcom.py
[2024-11-18T14:46:31.742+0000] {processor.py:829} INFO - Processing file /home/airflow/.local/lib/python3.8/site-packages/airflow/example_dags/example_xcom.py for tasks to queue
[2024-11-18T14:46:31.745+0000] {logging_mixin.py:151} INFO - [2024-11-18T14:46:31.744+0000] {dagbag.py:536} INFO - Filling up the DagBag from /home/airflow/.local/lib/python3.8/site-packages/airflow/example_dags/example_xcom.py
[2024-11-18T14:46:31.756+0000] {processor.py:839} INFO - DAG(s) dict_keys(['example_xcom']) retrieved from /home/airflow/.local/lib/python3.8/site-packages/airflow/example_dags/example_xcom.py
[2024-11-18T14:46:31.788+0000] {logging_mixin.py:151} INFO - [2024-11-18T14:46:31.787+0000] {dag.py:2941} INFO - Sync 1 DAGs
[2024-11-18T14:46:31.822+0000] {logging_mixin.py:151} INFO - [2024-11-18T14:46:31.821+0000] {dag.py:3722} INFO - Setting next_dagrun for example_xcom to 2021-01-01T00:00:00+00:00, run_after=2021-01-01T00:00:00+00:00
[2024-11-18T14:46:31.849+0000] {processor.py:179} INFO - Processing /home/airflow/.local/lib/python3.8/site-packages/airflow/example_dags/example_xcom.py took 0.113 seconds
[2024-11-18T14:47:07.355+0000] {processor.py:157} INFO - Started process (PID=1457) to work on /home/airflow/.local/lib/python3.8/site-packages/airflow/example_dags/example_xcom.py
[2024-11-18T14:47:07.356+0000] {processor.py:829} INFO - Processing file /home/airflow/.local/lib/python3.8/site-packages/airflow/example_dags/example_xcom.py for tasks to queue
[2024-11-18T14:47:07.360+0000] {logging_mixin.py:151} INFO - [2024-11-18T14:47:07.359+0000] {dagbag.py:536} INFO - Filling up the DagBag from /home/airflow/.local/lib/python3.8/site-packages/airflow/example_dags/example_xcom.py
[2024-11-18T14:47:07.370+0000] {processor.py:839} INFO - DAG(s) dict_keys(['example_xcom']) retrieved from /home/airflow/.local/lib/python3.8/site-packages/airflow/example_dags/example_xcom.py
[2024-11-18T14:47:07.403+0000] {logging_mixin.py:151} INFO - [2024-11-18T14:47:07.403+0000] {dag.py:2941} INFO - Sync 1 DAGs
[2024-11-18T14:47:07.612+0000] {logging_mixin.py:151} INFO - [2024-11-18T14:47:07.612+0000] {dag.py:3722} INFO - Setting next_dagrun for example_xcom to 2021-01-01T00:00:00+00:00, run_after=2021-01-01T00:00:00+00:00
[2024-11-18T14:47:07.644+0000] {processor.py:179} INFO - Processing /home/airflow/.local/lib/python3.8/site-packages/airflow/example_dags/example_xcom.py took 0.294 seconds
[2024-11-18T14:47:37.861+0000] {processor.py:157} INFO - Started process (PID=1511) to work on /home/airflow/.local/lib/python3.8/site-packages/airflow/example_dags/example_xcom.py
[2024-11-18T14:47:37.862+0000] {processor.py:829} INFO - Processing file /home/airflow/.local/lib/python3.8/site-packages/airflow/example_dags/example_xcom.py for tasks to queue
[2024-11-18T14:47:37.866+0000] {logging_mixin.py:151} INFO - [2024-11-18T14:47:37.865+0000] {dagbag.py:536} INFO - Filling up the DagBag from /home/airflow/.local/lib/python3.8/site-packages/airflow/example_dags/example_xcom.py
[2024-11-18T14:47:37.877+0000] {processor.py:839} INFO - DAG(s) dict_keys(['example_xcom']) retrieved from /home/airflow/.local/lib/python3.8/site-packages/airflow/example_dags/example_xcom.py
[2024-11-18T14:47:37.909+0000] {logging_mixin.py:151} INFO - [2024-11-18T14:47:37.909+0000] {dag.py:2941} INFO - Sync 1 DAGs
[2024-11-18T14:47:37.944+0000] {logging_mixin.py:151} INFO - [2024-11-18T14:47:37.943+0000] {dag.py:3722} INFO - Setting next_dagrun for example_xcom to 2021-01-01T00:00:00+00:00, run_after=2021-01-01T00:00:00+00:00
[2024-11-18T14:47:37.974+0000] {processor.py:179} INFO - Processing /home/airflow/.local/lib/python3.8/site-packages/airflow/example_dags/example_xcom.py took 0.118 seconds
[2024-11-18T14:48:12.797+0000] {processor.py:157} INFO - Started process (PID=1565) to work on /home/airflow/.local/lib/python3.8/site-packages/airflow/example_dags/example_xcom.py
[2024-11-18T14:48:12.798+0000] {processor.py:829} INFO - Processing file /home/airflow/.local/lib/python3.8/site-packages/airflow/example_dags/example_xcom.py for tasks to queue
[2024-11-18T14:48:12.801+0000] {logging_mixin.py:151} INFO - [2024-11-18T14:48:12.801+0000] {dagbag.py:536} INFO - Filling up the DagBag from /home/airflow/.local/lib/python3.8/site-packages/airflow/example_dags/example_xcom.py
[2024-11-18T14:48:12.812+0000] {processor.py:839} INFO - DAG(s) dict_keys(['example_xcom']) retrieved from /home/airflow/.local/lib/python3.8/site-packages/airflow/example_dags/example_xcom.py
[2024-11-18T14:48:12.845+0000] {logging_mixin.py:151} INFO - [2024-11-18T14:48:12.844+0000] {dag.py:2941} INFO - Sync 1 DAGs
[2024-11-18T14:48:12.879+0000] {logging_mixin.py:151} INFO - [2024-11-18T14:48:12.879+0000] {dag.py:3722} INFO - Setting next_dagrun for example_xcom to 2021-01-01T00:00:00+00:00, run_after=2021-01-01T00:00:00+00:00
[2024-11-18T14:48:12.908+0000] {processor.py:179} INFO - Processing /home/airflow/.local/lib/python3.8/site-packages/airflow/example_dags/example_xcom.py took 0.115 seconds
[2024-11-18T14:48:46.832+0000] {processor.py:157} INFO - Started process (PID=1620) to work on /home/airflow/.local/lib/python3.8/site-packages/airflow/example_dags/example_xcom.py
[2024-11-18T14:48:46.834+0000] {processor.py:829} INFO - Processing file /home/airflow/.local/lib/python3.8/site-packages/airflow/example_dags/example_xcom.py for tasks to queue
[2024-11-18T14:48:46.838+0000] {logging_mixin.py:151} INFO - [2024-11-18T14:48:46.837+0000] {dagbag.py:536} INFO - Filling up the DagBag from /home/airflow/.local/lib/python3.8/site-packages/airflow/example_dags/example_xcom.py
[2024-11-18T14:48:46.849+0000] {processor.py:839} INFO - DAG(s) dict_keys(['example_xcom']) retrieved from /home/airflow/.local/lib/python3.8/site-packages/airflow/example_dags/example_xcom.py
[2024-11-18T14:48:46.887+0000] {logging_mixin.py:151} INFO - [2024-11-18T14:48:46.887+0000] {dag.py:2941} INFO - Sync 1 DAGs
[2024-11-18T14:48:47.097+0000] {logging_mixin.py:151} INFO - [2024-11-18T14:48:47.097+0000] {dag.py:3722} INFO - Setting next_dagrun for example_xcom to 2021-01-01T00:00:00+00:00, run_after=2021-01-01T00:00:00+00:00
[2024-11-18T14:48:47.126+0000] {processor.py:179} INFO - Processing /home/airflow/.local/lib/python3.8/site-packages/airflow/example_dags/example_xcom.py took 0.301 seconds
[2024-11-18T14:49:18.464+0000] {processor.py:157} INFO - Started process (PID=1675) to work on /home/airflow/.local/lib/python3.8/site-packages/airflow/example_dags/example_xcom.py
[2024-11-18T14:49:18.466+0000] {processor.py:829} INFO - Processing file /home/airflow/.local/lib/python3.8/site-packages/airflow/example_dags/example_xcom.py for tasks to queue
[2024-11-18T14:49:18.469+0000] {logging_mixin.py:151} INFO - [2024-11-18T14:49:18.469+0000] {dagbag.py:536} INFO - Filling up the DagBag from /home/airflow/.local/lib/python3.8/site-packages/airflow/example_dags/example_xcom.py
[2024-11-18T14:49:18.481+0000] {processor.py:839} INFO - DAG(s) dict_keys(['example_xcom']) retrieved from /home/airflow/.local/lib/python3.8/site-packages/airflow/example_dags/example_xcom.py
[2024-11-18T14:49:18.516+0000] {logging_mixin.py:151} INFO - [2024-11-18T14:49:18.516+0000] {dag.py:2941} INFO - Sync 1 DAGs
[2024-11-18T14:49:18.551+0000] {logging_mixin.py:151} INFO - [2024-11-18T14:49:18.551+0000] {dag.py:3722} INFO - Setting next_dagrun for example_xcom to 2021-01-01T00:00:00+00:00, run_after=2021-01-01T00:00:00+00:00
[2024-11-18T14:49:18.755+0000] {processor.py:179} INFO - Processing /home/airflow/.local/lib/python3.8/site-packages/airflow/example_dags/example_xcom.py took 0.295 seconds
[2024-11-18T14:49:51.676+0000] {processor.py:157} INFO - Started process (PID=1732) to work on /home/airflow/.local/lib/python3.8/site-packages/airflow/example_dags/example_xcom.py
[2024-11-18T14:49:51.677+0000] {processor.py:829} INFO - Processing file /home/airflow/.local/lib/python3.8/site-packages/airflow/example_dags/example_xcom.py for tasks to queue
[2024-11-18T14:49:51.680+0000] {logging_mixin.py:151} INFO - [2024-11-18T14:49:51.680+0000] {dagbag.py:536} INFO - Filling up the DagBag from /home/airflow/.local/lib/python3.8/site-packages/airflow/example_dags/example_xcom.py
[2024-11-18T14:49:51.691+0000] {processor.py:839} INFO - DAG(s) dict_keys(['example_xcom']) retrieved from /home/airflow/.local/lib/python3.8/site-packages/airflow/example_dags/example_xcom.py
[2024-11-18T14:49:51.723+0000] {logging_mixin.py:151} INFO - [2024-11-18T14:49:51.723+0000] {dag.py:2941} INFO - Sync 1 DAGs
[2024-11-18T14:49:51.762+0000] {logging_mixin.py:151} INFO - [2024-11-18T14:49:51.761+0000] {dag.py:3722} INFO - Setting next_dagrun for example_xcom to 2021-01-01T00:00:00+00:00, run_after=2021-01-01T00:00:00+00:00
[2024-11-18T14:49:51.792+0000] {processor.py:179} INFO - Processing /home/airflow/.local/lib/python3.8/site-packages/airflow/example_dags/example_xcom.py took 0.121 seconds
[2024-11-18T14:50:28.118+0000] {processor.py:157} INFO - Started process (PID=1791) to work on /home/airflow/.local/lib/python3.8/site-packages/airflow/example_dags/example_xcom.py
[2024-11-18T14:50:28.119+0000] {processor.py:829} INFO - Processing file /home/airflow/.local/lib/python3.8/site-packages/airflow/example_dags/example_xcom.py for tasks to queue
[2024-11-18T14:50:28.123+0000] {logging_mixin.py:151} INFO - [2024-11-18T14:50:28.122+0000] {dagbag.py:536} INFO - Filling up the DagBag from /home/airflow/.local/lib/python3.8/site-packages/airflow/example_dags/example_xcom.py
[2024-11-18T14:50:28.133+0000] {processor.py:839} INFO - DAG(s) dict_keys(['example_xcom']) retrieved from /home/airflow/.local/lib/python3.8/site-packages/airflow/example_dags/example_xcom.py
[2024-11-18T14:50:28.340+0000] {logging_mixin.py:151} INFO - [2024-11-18T14:50:28.340+0000] {dag.py:2941} INFO - Sync 1 DAGs
[2024-11-18T14:50:28.370+0000] {logging_mixin.py:151} INFO - [2024-11-18T14:50:28.370+0000] {dag.py:3722} INFO - Setting next_dagrun for example_xcom to 2021-01-01T00:00:00+00:00, run_after=2021-01-01T00:00:00+00:00
[2024-11-18T14:50:28.394+0000] {processor.py:179} INFO - Processing /home/airflow/.local/lib/python3.8/site-packages/airflow/example_dags/example_xcom.py took 0.281 seconds
[2024-11-18T14:50:59.023+0000] {processor.py:157} INFO - Started process (PID=1848) to work on /home/airflow/.local/lib/python3.8/site-packages/airflow/example_dags/example_xcom.py
[2024-11-18T14:50:59.025+0000] {processor.py:829} INFO - Processing file /home/airflow/.local/lib/python3.8/site-packages/airflow/example_dags/example_xcom.py for tasks to queue
[2024-11-18T14:50:59.028+0000] {logging_mixin.py:151} INFO - [2024-11-18T14:50:59.028+0000] {dagbag.py:536} INFO - Filling up the DagBag from /home/airflow/.local/lib/python3.8/site-packages/airflow/example_dags/example_xcom.py
[2024-11-18T14:50:59.039+0000] {processor.py:839} INFO - DAG(s) dict_keys(['example_xcom']) retrieved from /home/airflow/.local/lib/python3.8/site-packages/airflow/example_dags/example_xcom.py
[2024-11-18T14:50:59.070+0000] {logging_mixin.py:151} INFO - [2024-11-18T14:50:59.070+0000] {dag.py:2941} INFO - Sync 1 DAGs
[2024-11-18T14:50:59.107+0000] {logging_mixin.py:151} INFO - [2024-11-18T14:50:59.107+0000] {dag.py:3722} INFO - Setting next_dagrun for example_xcom to 2021-01-01T00:00:00+00:00, run_after=2021-01-01T00:00:00+00:00
[2024-11-18T14:50:59.137+0000] {processor.py:179} INFO - Processing /home/airflow/.local/lib/python3.8/site-packages/airflow/example_dags/example_xcom.py took 0.118 seconds
[2024-11-18T14:51:31.461+0000] {processor.py:157} INFO - Started process (PID=1906) to work on /home/airflow/.local/lib/python3.8/site-packages/airflow/example_dags/example_xcom.py
[2024-11-18T14:51:31.463+0000] {processor.py:829} INFO - Processing file /home/airflow/.local/lib/python3.8/site-packages/airflow/example_dags/example_xcom.py for tasks to queue
[2024-11-18T14:51:31.466+0000] {logging_mixin.py:151} INFO - [2024-11-18T14:51:31.466+0000] {dagbag.py:536} INFO - Filling up the DagBag from /home/airflow/.local/lib/python3.8/site-packages/airflow/example_dags/example_xcom.py
[2024-11-18T14:51:31.477+0000] {processor.py:839} INFO - DAG(s) dict_keys(['example_xcom']) retrieved from /home/airflow/.local/lib/python3.8/site-packages/airflow/example_dags/example_xcom.py
[2024-11-18T14:51:31.510+0000] {logging_mixin.py:151} INFO - [2024-11-18T14:51:31.509+0000] {dag.py:2941} INFO - Sync 1 DAGs
[2024-11-18T14:51:31.542+0000] {logging_mixin.py:151} INFO - [2024-11-18T14:51:31.542+0000] {dag.py:3722} INFO - Setting next_dagrun for example_xcom to 2021-01-01T00:00:00+00:00, run_after=2021-01-01T00:00:00+00:00
[2024-11-18T14:51:31.570+0000] {processor.py:179} INFO - Processing /home/airflow/.local/lib/python3.8/site-packages/airflow/example_dags/example_xcom.py took 0.113 seconds
[2024-11-18T14:52:03.594+0000] {processor.py:157} INFO - Started process (PID=1964) to work on /home/airflow/.local/lib/python3.8/site-packages/airflow/example_dags/example_xcom.py
[2024-11-18T14:52:03.596+0000] {processor.py:829} INFO - Processing file /home/airflow/.local/lib/python3.8/site-packages/airflow/example_dags/example_xcom.py for tasks to queue
[2024-11-18T14:52:03.599+0000] {logging_mixin.py:151} INFO - [2024-11-18T14:52:03.599+0000] {dagbag.py:536} INFO - Filling up the DagBag from /home/airflow/.local/lib/python3.8/site-packages/airflow/example_dags/example_xcom.py
[2024-11-18T14:52:03.612+0000] {processor.py:839} INFO - DAG(s) dict_keys(['example_xcom']) retrieved from /home/airflow/.local/lib/python3.8/site-packages/airflow/example_dags/example_xcom.py
[2024-11-18T14:52:03.647+0000] {logging_mixin.py:151} INFO - [2024-11-18T14:52:03.646+0000] {dag.py:2941} INFO - Sync 1 DAGs
[2024-11-18T14:52:03.683+0000] {logging_mixin.py:151} INFO - [2024-11-18T14:52:03.683+0000] {dag.py:3722} INFO - Setting next_dagrun for example_xcom to 2021-01-01T00:00:00+00:00, run_after=2021-01-01T00:00:00+00:00
[2024-11-18T14:52:03.714+0000] {processor.py:179} INFO - Processing /home/airflow/.local/lib/python3.8/site-packages/airflow/example_dags/example_xcom.py took 0.125 seconds
[2024-11-18T14:52:37.692+0000] {processor.py:157} INFO - Started process (PID=2019) to work on /home/airflow/.local/lib/python3.8/site-packages/airflow/example_dags/example_xcom.py
[2024-11-18T14:52:37.693+0000] {processor.py:829} INFO - Processing file /home/airflow/.local/lib/python3.8/site-packages/airflow/example_dags/example_xcom.py for tasks to queue
[2024-11-18T14:52:37.697+0000] {logging_mixin.py:151} INFO - [2024-11-18T14:52:37.696+0000] {dagbag.py:536} INFO - Filling up the DagBag from /home/airflow/.local/lib/python3.8/site-packages/airflow/example_dags/example_xcom.py
[2024-11-18T14:52:37.708+0000] {processor.py:839} INFO - DAG(s) dict_keys(['example_xcom']) retrieved from /home/airflow/.local/lib/python3.8/site-packages/airflow/example_dags/example_xcom.py
[2024-11-18T14:52:37.744+0000] {logging_mixin.py:151} INFO - [2024-11-18T14:52:37.744+0000] {dag.py:2941} INFO - Sync 1 DAGs
[2024-11-18T14:52:37.806+0000] {logging_mixin.py:151} INFO - [2024-11-18T14:52:37.805+0000] {dag.py:3722} INFO - Setting next_dagrun for example_xcom to 2021-01-01T00:00:00+00:00, run_after=2021-01-01T00:00:00+00:00
[2024-11-18T14:52:37.841+0000] {processor.py:179} INFO - Processing /home/airflow/.local/lib/python3.8/site-packages/airflow/example_dags/example_xcom.py took 0.155 seconds
[2024-11-18T14:53:10.648+0000] {processor.py:157} INFO - Started process (PID=2075) to work on /home/airflow/.local/lib/python3.8/site-packages/airflow/example_dags/example_xcom.py
[2024-11-18T14:53:10.650+0000] {processor.py:829} INFO - Processing file /home/airflow/.local/lib/python3.8/site-packages/airflow/example_dags/example_xcom.py for tasks to queue
[2024-11-18T14:53:10.653+0000] {logging_mixin.py:151} INFO - [2024-11-18T14:53:10.653+0000] {dagbag.py:536} INFO - Filling up the DagBag from /home/airflow/.local/lib/python3.8/site-packages/airflow/example_dags/example_xcom.py
[2024-11-18T14:53:10.664+0000] {processor.py:839} INFO - DAG(s) dict_keys(['example_xcom']) retrieved from /home/airflow/.local/lib/python3.8/site-packages/airflow/example_dags/example_xcom.py
[2024-11-18T14:53:10.698+0000] {logging_mixin.py:151} INFO - [2024-11-18T14:53:10.697+0000] {dag.py:2941} INFO - Sync 1 DAGs
[2024-11-18T14:53:10.731+0000] {logging_mixin.py:151} INFO - [2024-11-18T14:53:10.731+0000] {dag.py:3722} INFO - Setting next_dagrun for example_xcom to 2021-01-01T00:00:00+00:00, run_after=2021-01-01T00:00:00+00:00
[2024-11-18T14:53:10.759+0000] {processor.py:179} INFO - Processing /home/airflow/.local/lib/python3.8/site-packages/airflow/example_dags/example_xcom.py took 0.116 seconds
[2024-11-18T14:53:44.630+0000] {processor.py:157} INFO - Started process (PID=2130) to work on /home/airflow/.local/lib/python3.8/site-packages/airflow/example_dags/example_xcom.py
[2024-11-18T14:53:44.631+0000] {processor.py:829} INFO - Processing file /home/airflow/.local/lib/python3.8/site-packages/airflow/example_dags/example_xcom.py for tasks to queue
[2024-11-18T14:53:44.634+0000] {logging_mixin.py:151} INFO - [2024-11-18T14:53:44.634+0000] {dagbag.py:536} INFO - Filling up the DagBag from /home/airflow/.local/lib/python3.8/site-packages/airflow/example_dags/example_xcom.py
[2024-11-18T14:53:44.645+0000] {processor.py:839} INFO - DAG(s) dict_keys(['example_xcom']) retrieved from /home/airflow/.local/lib/python3.8/site-packages/airflow/example_dags/example_xcom.py
[2024-11-18T14:53:44.679+0000] {logging_mixin.py:151} INFO - [2024-11-18T14:53:44.679+0000] {dag.py:2941} INFO - Sync 1 DAGs
[2024-11-18T14:53:44.712+0000] {logging_mixin.py:151} INFO - [2024-11-18T14:53:44.712+0000] {dag.py:3722} INFO - Setting next_dagrun for example_xcom to 2021-01-01T00:00:00+00:00, run_after=2021-01-01T00:00:00+00:00
[2024-11-18T14:53:44.740+0000] {processor.py:179} INFO - Processing /home/airflow/.local/lib/python3.8/site-packages/airflow/example_dags/example_xcom.py took 0.116 seconds
[2024-11-18T14:54:17.768+0000] {processor.py:157} INFO - Started process (PID=2185) to work on /home/airflow/.local/lib/python3.8/site-packages/airflow/example_dags/example_xcom.py
[2024-11-18T14:54:17.770+0000] {processor.py:829} INFO - Processing file /home/airflow/.local/lib/python3.8/site-packages/airflow/example_dags/example_xcom.py for tasks to queue
[2024-11-18T14:54:17.773+0000] {logging_mixin.py:151} INFO - [2024-11-18T14:54:17.773+0000] {dagbag.py:536} INFO - Filling up the DagBag from /home/airflow/.local/lib/python3.8/site-packages/airflow/example_dags/example_xcom.py
[2024-11-18T14:54:17.784+0000] {processor.py:839} INFO - DAG(s) dict_keys(['example_xcom']) retrieved from /home/airflow/.local/lib/python3.8/site-packages/airflow/example_dags/example_xcom.py
[2024-11-18T14:54:17.818+0000] {logging_mixin.py:151} INFO - [2024-11-18T14:54:17.818+0000] {dag.py:2941} INFO - Sync 1 DAGs
[2024-11-18T14:54:17.856+0000] {logging_mixin.py:151} INFO - [2024-11-18T14:54:17.855+0000] {dag.py:3722} INFO - Setting next_dagrun for example_xcom to 2021-01-01T00:00:00+00:00, run_after=2021-01-01T00:00:00+00:00
[2024-11-18T14:54:17.884+0000] {processor.py:179} INFO - Processing /home/airflow/.local/lib/python3.8/site-packages/airflow/example_dags/example_xcom.py took 0.120 seconds
[2024-11-18T14:54:51.159+0000] {processor.py:157} INFO - Started process (PID=2240) to work on /home/airflow/.local/lib/python3.8/site-packages/airflow/example_dags/example_xcom.py
[2024-11-18T14:54:51.161+0000] {processor.py:829} INFO - Processing file /home/airflow/.local/lib/python3.8/site-packages/airflow/example_dags/example_xcom.py for tasks to queue
[2024-11-18T14:54:51.164+0000] {logging_mixin.py:151} INFO - [2024-11-18T14:54:51.163+0000] {dagbag.py:536} INFO - Filling up the DagBag from /home/airflow/.local/lib/python3.8/site-packages/airflow/example_dags/example_xcom.py
[2024-11-18T14:54:51.175+0000] {processor.py:839} INFO - DAG(s) dict_keys(['example_xcom']) retrieved from /home/airflow/.local/lib/python3.8/site-packages/airflow/example_dags/example_xcom.py
[2024-11-18T14:54:51.210+0000] {logging_mixin.py:151} INFO - [2024-11-18T14:54:51.209+0000] {dag.py:2941} INFO - Sync 1 DAGs
[2024-11-18T14:54:51.242+0000] {logging_mixin.py:151} INFO - [2024-11-18T14:54:51.242+0000] {dag.py:3722} INFO - Setting next_dagrun for example_xcom to 2021-01-01T00:00:00+00:00, run_after=2021-01-01T00:00:00+00:00
[2024-11-18T14:54:51.269+0000] {processor.py:179} INFO - Processing /home/airflow/.local/lib/python3.8/site-packages/airflow/example_dags/example_xcom.py took 0.115 seconds
[2024-11-18T14:55:24.497+0000] {processor.py:157} INFO - Started process (PID=2295) to work on /home/airflow/.local/lib/python3.8/site-packages/airflow/example_dags/example_xcom.py
[2024-11-18T14:55:24.498+0000] {processor.py:829} INFO - Processing file /home/airflow/.local/lib/python3.8/site-packages/airflow/example_dags/example_xcom.py for tasks to queue
[2024-11-18T14:55:24.502+0000] {logging_mixin.py:151} INFO - [2024-11-18T14:55:24.501+0000] {dagbag.py:536} INFO - Filling up the DagBag from /home/airflow/.local/lib/python3.8/site-packages/airflow/example_dags/example_xcom.py
[2024-11-18T14:55:24.513+0000] {processor.py:839} INFO - DAG(s) dict_keys(['example_xcom']) retrieved from /home/airflow/.local/lib/python3.8/site-packages/airflow/example_dags/example_xcom.py
[2024-11-18T14:55:24.544+0000] {logging_mixin.py:151} INFO - [2024-11-18T14:55:24.544+0000] {dag.py:2941} INFO - Sync 1 DAGs
[2024-11-18T14:55:24.578+0000] {logging_mixin.py:151} INFO - [2024-11-18T14:55:24.578+0000] {dag.py:3722} INFO - Setting next_dagrun for example_xcom to 2021-01-01T00:00:00+00:00, run_after=2021-01-01T00:00:00+00:00
[2024-11-18T14:55:24.605+0000] {processor.py:179} INFO - Processing /home/airflow/.local/lib/python3.8/site-packages/airflow/example_dags/example_xcom.py took 0.113 seconds
[2024-11-18T14:55:58.168+0000] {processor.py:157} INFO - Started process (PID=2350) to work on /home/airflow/.local/lib/python3.8/site-packages/airflow/example_dags/example_xcom.py
[2024-11-18T14:55:58.173+0000] {processor.py:829} INFO - Processing file /home/airflow/.local/lib/python3.8/site-packages/airflow/example_dags/example_xcom.py for tasks to queue
[2024-11-18T14:55:58.180+0000] {logging_mixin.py:151} INFO - [2024-11-18T14:55:58.179+0000] {dagbag.py:536} INFO - Filling up the DagBag from /home/airflow/.local/lib/python3.8/site-packages/airflow/example_dags/example_xcom.py
[2024-11-18T14:55:58.198+0000] {processor.py:839} INFO - DAG(s) dict_keys(['example_xcom']) retrieved from /home/airflow/.local/lib/python3.8/site-packages/airflow/example_dags/example_xcom.py
[2024-11-18T14:55:58.244+0000] {logging_mixin.py:151} INFO - [2024-11-18T14:55:58.243+0000] {dag.py:2941} INFO - Sync 1 DAGs
[2024-11-18T14:55:58.286+0000] {logging_mixin.py:151} INFO - [2024-11-18T14:55:58.285+0000] {dag.py:3722} INFO - Setting next_dagrun for example_xcom to 2021-01-01T00:00:00+00:00, run_after=2021-01-01T00:00:00+00:00
[2024-11-18T14:55:58.322+0000] {processor.py:179} INFO - Processing /home/airflow/.local/lib/python3.8/site-packages/airflow/example_dags/example_xcom.py took 0.161 seconds
[2024-11-18T14:56:30.830+0000] {processor.py:157} INFO - Started process (PID=2405) to work on /home/airflow/.local/lib/python3.8/site-packages/airflow/example_dags/example_xcom.py
[2024-11-18T14:56:30.831+0000] {processor.py:829} INFO - Processing file /home/airflow/.local/lib/python3.8/site-packages/airflow/example_dags/example_xcom.py for tasks to queue
[2024-11-18T14:56:30.834+0000] {logging_mixin.py:151} INFO - [2024-11-18T14:56:30.834+0000] {dagbag.py:536} INFO - Filling up the DagBag from /home/airflow/.local/lib/python3.8/site-packages/airflow/example_dags/example_xcom.py
[2024-11-18T14:56:30.846+0000] {processor.py:839} INFO - DAG(s) dict_keys(['example_xcom']) retrieved from /home/airflow/.local/lib/python3.8/site-packages/airflow/example_dags/example_xcom.py
[2024-11-18T14:56:30.879+0000] {logging_mixin.py:151} INFO - [2024-11-18T14:56:30.878+0000] {dag.py:2941} INFO - Sync 1 DAGs
[2024-11-18T14:56:30.912+0000] {logging_mixin.py:151} INFO - [2024-11-18T14:56:30.912+0000] {dag.py:3722} INFO - Setting next_dagrun for example_xcom to 2021-01-01T00:00:00+00:00, run_after=2021-01-01T00:00:00+00:00
[2024-11-18T14:56:30.940+0000] {processor.py:179} INFO - Processing /home/airflow/.local/lib/python3.8/site-packages/airflow/example_dags/example_xcom.py took 0.115 seconds
[2024-11-18T14:57:04.531+0000] {processor.py:157} INFO - Started process (PID=2460) to work on /home/airflow/.local/lib/python3.8/site-packages/airflow/example_dags/example_xcom.py
[2024-11-18T14:57:04.533+0000] {processor.py:829} INFO - Processing file /home/airflow/.local/lib/python3.8/site-packages/airflow/example_dags/example_xcom.py for tasks to queue
[2024-11-18T14:57:04.536+0000] {logging_mixin.py:151} INFO - [2024-11-18T14:57:04.536+0000] {dagbag.py:536} INFO - Filling up the DagBag from /home/airflow/.local/lib/python3.8/site-packages/airflow/example_dags/example_xcom.py
[2024-11-18T14:57:04.547+0000] {processor.py:839} INFO - DAG(s) dict_keys(['example_xcom']) retrieved from /home/airflow/.local/lib/python3.8/site-packages/airflow/example_dags/example_xcom.py
[2024-11-18T14:57:04.579+0000] {logging_mixin.py:151} INFO - [2024-11-18T14:57:04.578+0000] {dag.py:2941} INFO - Sync 1 DAGs
[2024-11-18T14:57:04.613+0000] {logging_mixin.py:151} INFO - [2024-11-18T14:57:04.612+0000] {dag.py:3722} INFO - Setting next_dagrun for example_xcom to 2021-01-01T00:00:00+00:00, run_after=2021-01-01T00:00:00+00:00
[2024-11-18T14:57:04.642+0000] {processor.py:179} INFO - Processing /home/airflow/.local/lib/python3.8/site-packages/airflow/example_dags/example_xcom.py took 0.115 seconds
[2024-11-18T14:57:37.674+0000] {processor.py:157} INFO - Started process (PID=2515) to work on /home/airflow/.local/lib/python3.8/site-packages/airflow/example_dags/example_xcom.py
[2024-11-18T14:57:37.676+0000] {processor.py:829} INFO - Processing file /home/airflow/.local/lib/python3.8/site-packages/airflow/example_dags/example_xcom.py for tasks to queue
[2024-11-18T14:57:37.679+0000] {logging_mixin.py:151} INFO - [2024-11-18T14:57:37.679+0000] {dagbag.py:536} INFO - Filling up the DagBag from /home/airflow/.local/lib/python3.8/site-packages/airflow/example_dags/example_xcom.py
[2024-11-18T14:57:37.691+0000] {processor.py:839} INFO - DAG(s) dict_keys(['example_xcom']) retrieved from /home/airflow/.local/lib/python3.8/site-packages/airflow/example_dags/example_xcom.py
[2024-11-18T14:57:37.727+0000] {logging_mixin.py:151} INFO - [2024-11-18T14:57:37.727+0000] {dag.py:2941} INFO - Sync 1 DAGs
[2024-11-18T14:57:37.765+0000] {logging_mixin.py:151} INFO - [2024-11-18T14:57:37.764+0000] {dag.py:3722} INFO - Setting next_dagrun for example_xcom to 2021-01-01T00:00:00+00:00, run_after=2021-01-01T00:00:00+00:00
[2024-11-18T14:57:37.796+0000] {processor.py:179} INFO - Processing /home/airflow/.local/lib/python3.8/site-packages/airflow/example_dags/example_xcom.py took 0.128 seconds
[2024-11-18T14:58:11.246+0000] {processor.py:157} INFO - Started process (PID=2570) to work on /home/airflow/.local/lib/python3.8/site-packages/airflow/example_dags/example_xcom.py
[2024-11-18T14:58:11.247+0000] {processor.py:829} INFO - Processing file /home/airflow/.local/lib/python3.8/site-packages/airflow/example_dags/example_xcom.py for tasks to queue
[2024-11-18T14:58:11.250+0000] {logging_mixin.py:151} INFO - [2024-11-18T14:58:11.250+0000] {dagbag.py:536} INFO - Filling up the DagBag from /home/airflow/.local/lib/python3.8/site-packages/airflow/example_dags/example_xcom.py
[2024-11-18T14:58:11.261+0000] {processor.py:839} INFO - DAG(s) dict_keys(['example_xcom']) retrieved from /home/airflow/.local/lib/python3.8/site-packages/airflow/example_dags/example_xcom.py
[2024-11-18T14:58:11.292+0000] {logging_mixin.py:151} INFO - [2024-11-18T14:58:11.292+0000] {dag.py:2941} INFO - Sync 1 DAGs
[2024-11-18T14:58:11.328+0000] {logging_mixin.py:151} INFO - [2024-11-18T14:58:11.327+0000] {dag.py:3722} INFO - Setting next_dagrun for example_xcom to 2021-01-01T00:00:00+00:00, run_after=2021-01-01T00:00:00+00:00
[2024-11-18T14:58:11.358+0000] {processor.py:179} INFO - Processing /home/airflow/.local/lib/python3.8/site-packages/airflow/example_dags/example_xcom.py took 0.117 seconds
