[2024-11-18T14:20:24.834+0000] {processor.py:157} INFO - Started process (PID=121) to work on /home/airflow/.local/lib/python3.8/site-packages/airflow/example_dags/example_task_group_decorator.py
[2024-11-18T14:20:24.836+0000] {processor.py:829} INFO - Processing file /home/airflow/.local/lib/python3.8/site-packages/airflow/example_dags/example_task_group_decorator.py for tasks to queue
[2024-11-18T14:20:24.840+0000] {logging_mixin.py:151} INFO - [2024-11-18T14:20:24.839+0000] {dagbag.py:536} INFO - Filling up the DagBag from /home/airflow/.local/lib/python3.8/site-packages/airflow/example_dags/example_task_group_decorator.py
[2024-11-18T14:20:24.865+0000] {processor.py:839} INFO - DAG(s) dict_keys(['example_task_group_decorator']) retrieved from /home/airflow/.local/lib/python3.8/site-packages/airflow/example_dags/example_task_group_decorator.py
[2024-11-18T14:20:25.095+0000] {logging_mixin.py:151} INFO - [2024-11-18T14:20:25.095+0000] {manager.py:499} INFO - Created Permission View: %s
[2024-11-18T14:20:25.113+0000] {logging_mixin.py:151} INFO - [2024-11-18T14:20:25.113+0000] {manager.py:499} INFO - Created Permission View: %s
[2024-11-18T14:20:25.125+0000] {logging_mixin.py:151} INFO - [2024-11-18T14:20:25.125+0000] {manager.py:499} INFO - Created Permission View: %s
[2024-11-18T14:20:25.126+0000] {logging_mixin.py:151} INFO - [2024-11-18T14:20:25.126+0000] {dag.py:2941} INFO - Sync 1 DAGs
[2024-11-18T14:20:25.148+0000] {logging_mixin.py:151} INFO - [2024-11-18T14:20:25.148+0000] {dag.py:2963} INFO - Creating ORM DAG for example_task_group_decorator
[2024-11-18T14:20:25.169+0000] {logging_mixin.py:151} INFO - [2024-11-18T14:20:25.169+0000] {dag.py:3722} INFO - Setting next_dagrun for example_task_group_decorator to 2024-11-17T14:20:25.168836+00:00, run_after=2024-11-18T14:20:25.168836+00:00
[2024-11-18T14:20:25.430+0000] {processor.py:179} INFO - Processing /home/airflow/.local/lib/python3.8/site-packages/airflow/example_dags/example_task_group_decorator.py took 0.601 seconds
[2024-11-18T14:20:58.164+0000] {processor.py:157} INFO - Started process (PID=175) to work on /home/airflow/.local/lib/python3.8/site-packages/airflow/example_dags/example_task_group_decorator.py
[2024-11-18T14:20:58.166+0000] {processor.py:829} INFO - Processing file /home/airflow/.local/lib/python3.8/site-packages/airflow/example_dags/example_task_group_decorator.py for tasks to queue
[2024-11-18T14:20:58.169+0000] {logging_mixin.py:151} INFO - [2024-11-18T14:20:58.168+0000] {dagbag.py:536} INFO - Filling up the DagBag from /home/airflow/.local/lib/python3.8/site-packages/airflow/example_dags/example_task_group_decorator.py
[2024-11-18T14:20:58.192+0000] {processor.py:839} INFO - DAG(s) dict_keys(['example_task_group_decorator']) retrieved from /home/airflow/.local/lib/python3.8/site-packages/airflow/example_dags/example_task_group_decorator.py
[2024-11-18T14:20:58.231+0000] {logging_mixin.py:151} INFO - [2024-11-18T14:20:58.231+0000] {dag.py:2941} INFO - Sync 1 DAGs
[2024-11-18T14:20:58.272+0000] {logging_mixin.py:151} INFO - [2024-11-18T14:20:58.272+0000] {dag.py:3722} INFO - Setting next_dagrun for example_task_group_decorator to 2024-11-17T14:20:58.271886+00:00, run_after=2024-11-18T14:20:58.271886+00:00
[2024-11-18T14:20:58.305+0000] {processor.py:179} INFO - Processing /home/airflow/.local/lib/python3.8/site-packages/airflow/example_dags/example_task_group_decorator.py took 0.145 seconds
[2024-11-18T14:21:31.710+0000] {processor.py:157} INFO - Started process (PID=229) to work on /home/airflow/.local/lib/python3.8/site-packages/airflow/example_dags/example_task_group_decorator.py
[2024-11-18T14:21:31.712+0000] {processor.py:829} INFO - Processing file /home/airflow/.local/lib/python3.8/site-packages/airflow/example_dags/example_task_group_decorator.py for tasks to queue
[2024-11-18T14:21:31.715+0000] {logging_mixin.py:151} INFO - [2024-11-18T14:21:31.714+0000] {dagbag.py:536} INFO - Filling up the DagBag from /home/airflow/.local/lib/python3.8/site-packages/airflow/example_dags/example_task_group_decorator.py
[2024-11-18T14:21:31.739+0000] {processor.py:839} INFO - DAG(s) dict_keys(['example_task_group_decorator']) retrieved from /home/airflow/.local/lib/python3.8/site-packages/airflow/example_dags/example_task_group_decorator.py
[2024-11-18T14:21:31.786+0000] {logging_mixin.py:151} INFO - [2024-11-18T14:21:31.785+0000] {dag.py:2941} INFO - Sync 1 DAGs
[2024-11-18T14:21:31.820+0000] {logging_mixin.py:151} INFO - [2024-11-18T14:21:31.820+0000] {dag.py:3722} INFO - Setting next_dagrun for example_task_group_decorator to 2024-11-17T14:21:31.819970+00:00, run_after=2024-11-18T14:21:31.819970+00:00
[2024-11-18T14:21:31.850+0000] {processor.py:179} INFO - Processing /home/airflow/.local/lib/python3.8/site-packages/airflow/example_dags/example_task_group_decorator.py took 0.145 seconds
[2024-11-18T14:22:04.930+0000] {processor.py:157} INFO - Started process (PID=283) to work on /home/airflow/.local/lib/python3.8/site-packages/airflow/example_dags/example_task_group_decorator.py
[2024-11-18T14:22:04.931+0000] {processor.py:829} INFO - Processing file /home/airflow/.local/lib/python3.8/site-packages/airflow/example_dags/example_task_group_decorator.py for tasks to queue
[2024-11-18T14:22:04.934+0000] {logging_mixin.py:151} INFO - [2024-11-18T14:22:04.934+0000] {dagbag.py:536} INFO - Filling up the DagBag from /home/airflow/.local/lib/python3.8/site-packages/airflow/example_dags/example_task_group_decorator.py
[2024-11-18T14:22:04.957+0000] {processor.py:839} INFO - DAG(s) dict_keys(['example_task_group_decorator']) retrieved from /home/airflow/.local/lib/python3.8/site-packages/airflow/example_dags/example_task_group_decorator.py
[2024-11-18T14:22:05.000+0000] {logging_mixin.py:151} INFO - [2024-11-18T14:22:05.000+0000] {dag.py:2941} INFO - Sync 1 DAGs
[2024-11-18T14:22:05.036+0000] {logging_mixin.py:151} INFO - [2024-11-18T14:22:05.035+0000] {dag.py:3722} INFO - Setting next_dagrun for example_task_group_decorator to 2024-11-17T14:22:05.035216+00:00, run_after=2024-11-18T14:22:05.035216+00:00
[2024-11-18T14:22:05.068+0000] {processor.py:179} INFO - Processing /home/airflow/.local/lib/python3.8/site-packages/airflow/example_dags/example_task_group_decorator.py took 0.143 seconds
[2024-11-18T14:22:38.411+0000] {processor.py:157} INFO - Started process (PID=338) to work on /home/airflow/.local/lib/python3.8/site-packages/airflow/example_dags/example_task_group_decorator.py
[2024-11-18T14:22:38.413+0000] {processor.py:829} INFO - Processing file /home/airflow/.local/lib/python3.8/site-packages/airflow/example_dags/example_task_group_decorator.py for tasks to queue
[2024-11-18T14:22:38.416+0000] {logging_mixin.py:151} INFO - [2024-11-18T14:22:38.416+0000] {dagbag.py:536} INFO - Filling up the DagBag from /home/airflow/.local/lib/python3.8/site-packages/airflow/example_dags/example_task_group_decorator.py
[2024-11-18T14:22:38.441+0000] {processor.py:839} INFO - DAG(s) dict_keys(['example_task_group_decorator']) retrieved from /home/airflow/.local/lib/python3.8/site-packages/airflow/example_dags/example_task_group_decorator.py
[2024-11-18T14:22:38.480+0000] {logging_mixin.py:151} INFO - [2024-11-18T14:22:38.480+0000] {dag.py:2941} INFO - Sync 1 DAGs
[2024-11-18T14:22:38.519+0000] {logging_mixin.py:151} INFO - [2024-11-18T14:22:38.519+0000] {dag.py:3722} INFO - Setting next_dagrun for example_task_group_decorator to 2024-11-17T14:22:38.518782+00:00, run_after=2024-11-18T14:22:38.518782+00:00
[2024-11-18T14:22:38.551+0000] {processor.py:179} INFO - Processing /home/airflow/.local/lib/python3.8/site-packages/airflow/example_dags/example_task_group_decorator.py took 0.146 seconds
[2024-11-18T14:23:11.998+0000] {processor.py:157} INFO - Started process (PID=392) to work on /home/airflow/.local/lib/python3.8/site-packages/airflow/example_dags/example_task_group_decorator.py
[2024-11-18T14:23:12.000+0000] {processor.py:829} INFO - Processing file /home/airflow/.local/lib/python3.8/site-packages/airflow/example_dags/example_task_group_decorator.py for tasks to queue
[2024-11-18T14:23:12.003+0000] {logging_mixin.py:151} INFO - [2024-11-18T14:23:12.002+0000] {dagbag.py:536} INFO - Filling up the DagBag from /home/airflow/.local/lib/python3.8/site-packages/airflow/example_dags/example_task_group_decorator.py
[2024-11-18T14:23:12.025+0000] {processor.py:839} INFO - DAG(s) dict_keys(['example_task_group_decorator']) retrieved from /home/airflow/.local/lib/python3.8/site-packages/airflow/example_dags/example_task_group_decorator.py
[2024-11-18T14:23:12.063+0000] {logging_mixin.py:151} INFO - [2024-11-18T14:23:12.063+0000] {dag.py:2941} INFO - Sync 1 DAGs
[2024-11-18T14:23:12.097+0000] {logging_mixin.py:151} INFO - [2024-11-18T14:23:12.097+0000] {dag.py:3722} INFO - Setting next_dagrun for example_task_group_decorator to 2024-11-17T14:23:12.097211+00:00, run_after=2024-11-18T14:23:12.097211+00:00
[2024-11-18T14:23:12.126+0000] {processor.py:179} INFO - Processing /home/airflow/.local/lib/python3.8/site-packages/airflow/example_dags/example_task_group_decorator.py took 0.133 seconds
[2024-11-18T14:23:44.574+0000] {processor.py:157} INFO - Started process (PID=446) to work on /home/airflow/.local/lib/python3.8/site-packages/airflow/example_dags/example_task_group_decorator.py
[2024-11-18T14:23:44.576+0000] {processor.py:829} INFO - Processing file /home/airflow/.local/lib/python3.8/site-packages/airflow/example_dags/example_task_group_decorator.py for tasks to queue
[2024-11-18T14:23:44.579+0000] {logging_mixin.py:151} INFO - [2024-11-18T14:23:44.578+0000] {dagbag.py:536} INFO - Filling up the DagBag from /home/airflow/.local/lib/python3.8/site-packages/airflow/example_dags/example_task_group_decorator.py
[2024-11-18T14:23:44.602+0000] {processor.py:839} INFO - DAG(s) dict_keys(['example_task_group_decorator']) retrieved from /home/airflow/.local/lib/python3.8/site-packages/airflow/example_dags/example_task_group_decorator.py
[2024-11-18T14:23:44.641+0000] {logging_mixin.py:151} INFO - [2024-11-18T14:23:44.641+0000] {dag.py:2941} INFO - Sync 1 DAGs
[2024-11-18T14:23:44.679+0000] {logging_mixin.py:151} INFO - [2024-11-18T14:23:44.679+0000] {dag.py:3722} INFO - Setting next_dagrun for example_task_group_decorator to 2024-11-17T14:23:44.678728+00:00, run_after=2024-11-18T14:23:44.678728+00:00
[2024-11-18T14:23:44.712+0000] {processor.py:179} INFO - Processing /home/airflow/.local/lib/python3.8/site-packages/airflow/example_dags/example_task_group_decorator.py took 0.143 seconds
[2024-11-18T14:24:18.470+0000] {processor.py:157} INFO - Started process (PID=507) to work on /home/airflow/.local/lib/python3.8/site-packages/airflow/example_dags/example_task_group_decorator.py
[2024-11-18T14:24:18.471+0000] {processor.py:829} INFO - Processing file /home/airflow/.local/lib/python3.8/site-packages/airflow/example_dags/example_task_group_decorator.py for tasks to queue
[2024-11-18T14:24:18.475+0000] {logging_mixin.py:151} INFO - [2024-11-18T14:24:18.474+0000] {dagbag.py:536} INFO - Filling up the DagBag from /home/airflow/.local/lib/python3.8/site-packages/airflow/example_dags/example_task_group_decorator.py
[2024-11-18T14:24:18.497+0000] {processor.py:839} INFO - DAG(s) dict_keys(['example_task_group_decorator']) retrieved from /home/airflow/.local/lib/python3.8/site-packages/airflow/example_dags/example_task_group_decorator.py
[2024-11-18T14:24:18.536+0000] {logging_mixin.py:151} INFO - [2024-11-18T14:24:18.535+0000] {dag.py:2941} INFO - Sync 1 DAGs
[2024-11-18T14:24:18.569+0000] {logging_mixin.py:151} INFO - [2024-11-18T14:24:18.568+0000] {dag.py:3722} INFO - Setting next_dagrun for example_task_group_decorator to 2024-11-17T14:24:18.568140+00:00, run_after=2024-11-18T14:24:18.568140+00:00
[2024-11-18T14:24:18.598+0000] {processor.py:179} INFO - Processing /home/airflow/.local/lib/python3.8/site-packages/airflow/example_dags/example_task_group_decorator.py took 0.133 seconds
[2024-11-18T14:24:52.882+0000] {processor.py:157} INFO - Started process (PID=570) to work on /home/airflow/.local/lib/python3.8/site-packages/airflow/example_dags/example_task_group_decorator.py
[2024-11-18T14:24:52.884+0000] {processor.py:829} INFO - Processing file /home/airflow/.local/lib/python3.8/site-packages/airflow/example_dags/example_task_group_decorator.py for tasks to queue
[2024-11-18T14:24:52.887+0000] {logging_mixin.py:151} INFO - [2024-11-18T14:24:52.887+0000] {dagbag.py:536} INFO - Filling up the DagBag from /home/airflow/.local/lib/python3.8/site-packages/airflow/example_dags/example_task_group_decorator.py
[2024-11-18T14:24:52.911+0000] {processor.py:839} INFO - DAG(s) dict_keys(['example_task_group_decorator']) retrieved from /home/airflow/.local/lib/python3.8/site-packages/airflow/example_dags/example_task_group_decorator.py
[2024-11-18T14:24:52.951+0000] {logging_mixin.py:151} INFO - [2024-11-18T14:24:52.951+0000] {dag.py:2941} INFO - Sync 1 DAGs
[2024-11-18T14:24:52.987+0000] {logging_mixin.py:151} INFO - [2024-11-18T14:24:52.986+0000] {dag.py:3722} INFO - Setting next_dagrun for example_task_group_decorator to 2024-11-17T14:24:52.986145+00:00, run_after=2024-11-18T14:24:52.986145+00:00
[2024-11-18T14:24:53.016+0000] {processor.py:179} INFO - Processing /home/airflow/.local/lib/python3.8/site-packages/airflow/example_dags/example_task_group_decorator.py took 0.139 seconds
[2024-11-18T14:25:25.906+0000] {processor.py:157} INFO - Started process (PID=625) to work on /home/airflow/.local/lib/python3.8/site-packages/airflow/example_dags/example_task_group_decorator.py
[2024-11-18T14:25:25.907+0000] {processor.py:829} INFO - Processing file /home/airflow/.local/lib/python3.8/site-packages/airflow/example_dags/example_task_group_decorator.py for tasks to queue
[2024-11-18T14:25:25.910+0000] {logging_mixin.py:151} INFO - [2024-11-18T14:25:25.910+0000] {dagbag.py:536} INFO - Filling up the DagBag from /home/airflow/.local/lib/python3.8/site-packages/airflow/example_dags/example_task_group_decorator.py
[2024-11-18T14:25:25.933+0000] {processor.py:839} INFO - DAG(s) dict_keys(['example_task_group_decorator']) retrieved from /home/airflow/.local/lib/python3.8/site-packages/airflow/example_dags/example_task_group_decorator.py
[2024-11-18T14:25:25.952+0000] {logging_mixin.py:151} INFO - [2024-11-18T14:25:25.952+0000] {dag.py:2941} INFO - Sync 1 DAGs
[2024-11-18T14:25:25.988+0000] {logging_mixin.py:151} INFO - [2024-11-18T14:25:25.988+0000] {dag.py:3722} INFO - Setting next_dagrun for example_task_group_decorator to 2024-11-17T14:25:25.987975+00:00, run_after=2024-11-18T14:25:25.987975+00:00
[2024-11-18T14:25:26.017+0000] {processor.py:179} INFO - Processing /home/airflow/.local/lib/python3.8/site-packages/airflow/example_dags/example_task_group_decorator.py took 0.116 seconds
[2024-11-18T14:25:56.809+0000] {processor.py:157} INFO - Started process (PID=679) to work on /home/airflow/.local/lib/python3.8/site-packages/airflow/example_dags/example_task_group_decorator.py
[2024-11-18T14:25:56.810+0000] {processor.py:829} INFO - Processing file /home/airflow/.local/lib/python3.8/site-packages/airflow/example_dags/example_task_group_decorator.py for tasks to queue
[2024-11-18T14:25:56.814+0000] {logging_mixin.py:151} INFO - [2024-11-18T14:25:56.813+0000] {dagbag.py:536} INFO - Filling up the DagBag from /home/airflow/.local/lib/python3.8/site-packages/airflow/example_dags/example_task_group_decorator.py
[2024-11-18T14:25:56.844+0000] {processor.py:839} INFO - DAG(s) dict_keys(['example_task_group_decorator']) retrieved from /home/airflow/.local/lib/python3.8/site-packages/airflow/example_dags/example_task_group_decorator.py
[2024-11-18T14:25:56.884+0000] {logging_mixin.py:151} INFO - [2024-11-18T14:25:56.883+0000] {dag.py:2941} INFO - Sync 1 DAGs
[2024-11-18T14:25:56.931+0000] {logging_mixin.py:151} INFO - [2024-11-18T14:25:56.931+0000] {dag.py:3722} INFO - Setting next_dagrun for example_task_group_decorator to 2024-11-17T14:25:56.930666+00:00, run_after=2024-11-18T14:25:56.930666+00:00
[2024-11-18T14:25:56.976+0000] {processor.py:179} INFO - Processing /home/airflow/.local/lib/python3.8/site-packages/airflow/example_dags/example_task_group_decorator.py took 0.172 seconds
[2024-11-18T14:26:28.442+0000] {processor.py:157} INFO - Started process (PID=733) to work on /home/airflow/.local/lib/python3.8/site-packages/airflow/example_dags/example_task_group_decorator.py
[2024-11-18T14:26:28.444+0000] {processor.py:829} INFO - Processing file /home/airflow/.local/lib/python3.8/site-packages/airflow/example_dags/example_task_group_decorator.py for tasks to queue
[2024-11-18T14:26:28.447+0000] {logging_mixin.py:151} INFO - [2024-11-18T14:26:28.447+0000] {dagbag.py:536} INFO - Filling up the DagBag from /home/airflow/.local/lib/python3.8/site-packages/airflow/example_dags/example_task_group_decorator.py
[2024-11-18T14:26:28.472+0000] {processor.py:839} INFO - DAG(s) dict_keys(['example_task_group_decorator']) retrieved from /home/airflow/.local/lib/python3.8/site-packages/airflow/example_dags/example_task_group_decorator.py
[2024-11-18T14:26:28.516+0000] {logging_mixin.py:151} INFO - [2024-11-18T14:26:28.515+0000] {dag.py:2941} INFO - Sync 1 DAGs
[2024-11-18T14:26:28.554+0000] {logging_mixin.py:151} INFO - [2024-11-18T14:26:28.554+0000] {dag.py:3722} INFO - Setting next_dagrun for example_task_group_decorator to 2024-11-17T14:26:28.554243+00:00, run_after=2024-11-18T14:26:28.554243+00:00
[2024-11-18T14:26:28.585+0000] {processor.py:179} INFO - Processing /home/airflow/.local/lib/python3.8/site-packages/airflow/example_dags/example_task_group_decorator.py took 0.148 seconds
[2024-11-18T14:26:58.647+0000] {processor.py:157} INFO - Started process (PID=787) to work on /home/airflow/.local/lib/python3.8/site-packages/airflow/example_dags/example_task_group_decorator.py
[2024-11-18T14:26:58.657+0000] {processor.py:829} INFO - Processing file /home/airflow/.local/lib/python3.8/site-packages/airflow/example_dags/example_task_group_decorator.py for tasks to queue
[2024-11-18T14:26:58.660+0000] {logging_mixin.py:151} INFO - [2024-11-18T14:26:58.660+0000] {dagbag.py:536} INFO - Filling up the DagBag from /home/airflow/.local/lib/python3.8/site-packages/airflow/example_dags/example_task_group_decorator.py
[2024-11-18T14:26:58.682+0000] {processor.py:839} INFO - DAG(s) dict_keys(['example_task_group_decorator']) retrieved from /home/airflow/.local/lib/python3.8/site-packages/airflow/example_dags/example_task_group_decorator.py
[2024-11-18T14:26:58.720+0000] {logging_mixin.py:151} INFO - [2024-11-18T14:26:58.720+0000] {dag.py:2941} INFO - Sync 1 DAGs
[2024-11-18T14:26:58.753+0000] {logging_mixin.py:151} INFO - [2024-11-18T14:26:58.753+0000] {dag.py:3722} INFO - Setting next_dagrun for example_task_group_decorator to 2024-11-17T14:26:58.752768+00:00, run_after=2024-11-18T14:26:58.752768+00:00
[2024-11-18T14:26:58.780+0000] {processor.py:179} INFO - Processing /home/airflow/.local/lib/python3.8/site-packages/airflow/example_dags/example_task_group_decorator.py took 0.140 seconds
[2024-11-18T14:27:29.251+0000] {processor.py:157} INFO - Started process (PID=833) to work on /home/airflow/.local/lib/python3.8/site-packages/airflow/example_dags/example_task_group_decorator.py
[2024-11-18T14:27:29.252+0000] {processor.py:829} INFO - Processing file /home/airflow/.local/lib/python3.8/site-packages/airflow/example_dags/example_task_group_decorator.py for tasks to queue
[2024-11-18T14:27:29.256+0000] {logging_mixin.py:151} INFO - [2024-11-18T14:27:29.255+0000] {dagbag.py:536} INFO - Filling up the DagBag from /home/airflow/.local/lib/python3.8/site-packages/airflow/example_dags/example_task_group_decorator.py
[2024-11-18T14:27:29.279+0000] {processor.py:839} INFO - DAG(s) dict_keys(['example_task_group_decorator']) retrieved from /home/airflow/.local/lib/python3.8/site-packages/airflow/example_dags/example_task_group_decorator.py
[2024-11-18T14:27:29.317+0000] {logging_mixin.py:151} INFO - [2024-11-18T14:27:29.317+0000] {dag.py:2941} INFO - Sync 1 DAGs
[2024-11-18T14:27:29.352+0000] {logging_mixin.py:151} INFO - [2024-11-18T14:27:29.351+0000] {dag.py:3722} INFO - Setting next_dagrun for example_task_group_decorator to 2024-11-17T14:27:29.351347+00:00, run_after=2024-11-18T14:27:29.351347+00:00
[2024-11-18T14:27:29.379+0000] {processor.py:179} INFO - Processing /home/airflow/.local/lib/python3.8/site-packages/airflow/example_dags/example_task_group_decorator.py took 0.133 seconds
[2024-11-18T14:28:00.559+0000] {processor.py:157} INFO - Started process (PID=888) to work on /home/airflow/.local/lib/python3.8/site-packages/airflow/example_dags/example_task_group_decorator.py
[2024-11-18T14:28:00.560+0000] {processor.py:829} INFO - Processing file /home/airflow/.local/lib/python3.8/site-packages/airflow/example_dags/example_task_group_decorator.py for tasks to queue
[2024-11-18T14:28:00.563+0000] {logging_mixin.py:151} INFO - [2024-11-18T14:28:00.563+0000] {dagbag.py:536} INFO - Filling up the DagBag from /home/airflow/.local/lib/python3.8/site-packages/airflow/example_dags/example_task_group_decorator.py
[2024-11-18T14:28:00.588+0000] {processor.py:839} INFO - DAG(s) dict_keys(['example_task_group_decorator']) retrieved from /home/airflow/.local/lib/python3.8/site-packages/airflow/example_dags/example_task_group_decorator.py
[2024-11-18T14:28:00.631+0000] {logging_mixin.py:151} INFO - [2024-11-18T14:28:00.630+0000] {dag.py:2941} INFO - Sync 1 DAGs
[2024-11-18T14:28:00.672+0000] {logging_mixin.py:151} INFO - [2024-11-18T14:28:00.672+0000] {dag.py:3722} INFO - Setting next_dagrun for example_task_group_decorator to 2024-11-17T14:28:00.672291+00:00, run_after=2024-11-18T14:28:00.672291+00:00
[2024-11-18T14:28:00.702+0000] {processor.py:179} INFO - Processing /home/airflow/.local/lib/python3.8/site-packages/airflow/example_dags/example_task_group_decorator.py took 0.149 seconds
[2024-11-18T14:28:31.390+0000] {processor.py:157} INFO - Started process (PID=943) to work on /home/airflow/.local/lib/python3.8/site-packages/airflow/example_dags/example_task_group_decorator.py
[2024-11-18T14:28:31.392+0000] {processor.py:829} INFO - Processing file /home/airflow/.local/lib/python3.8/site-packages/airflow/example_dags/example_task_group_decorator.py for tasks to queue
[2024-11-18T14:28:31.395+0000] {logging_mixin.py:151} INFO - [2024-11-18T14:28:31.394+0000] {dagbag.py:536} INFO - Filling up the DagBag from /home/airflow/.local/lib/python3.8/site-packages/airflow/example_dags/example_task_group_decorator.py
[2024-11-18T14:28:31.417+0000] {processor.py:839} INFO - DAG(s) dict_keys(['example_task_group_decorator']) retrieved from /home/airflow/.local/lib/python3.8/site-packages/airflow/example_dags/example_task_group_decorator.py
[2024-11-18T14:28:31.455+0000] {logging_mixin.py:151} INFO - [2024-11-18T14:28:31.455+0000] {dag.py:2941} INFO - Sync 1 DAGs
[2024-11-18T14:28:31.489+0000] {logging_mixin.py:151} INFO - [2024-11-18T14:28:31.489+0000] {dag.py:3722} INFO - Setting next_dagrun for example_task_group_decorator to 2024-11-17T14:28:31.489024+00:00, run_after=2024-11-18T14:28:31.489024+00:00
[2024-11-18T14:28:31.519+0000] {processor.py:179} INFO - Processing /home/airflow/.local/lib/python3.8/site-packages/airflow/example_dags/example_task_group_decorator.py took 0.134 seconds
[2024-11-18T14:29:01.907+0000] {processor.py:157} INFO - Started process (PID=997) to work on /home/airflow/.local/lib/python3.8/site-packages/airflow/example_dags/example_task_group_decorator.py
[2024-11-18T14:29:01.909+0000] {processor.py:829} INFO - Processing file /home/airflow/.local/lib/python3.8/site-packages/airflow/example_dags/example_task_group_decorator.py for tasks to queue
[2024-11-18T14:29:01.913+0000] {logging_mixin.py:151} INFO - [2024-11-18T14:29:01.912+0000] {dagbag.py:536} INFO - Filling up the DagBag from /home/airflow/.local/lib/python3.8/site-packages/airflow/example_dags/example_task_group_decorator.py
[2024-11-18T14:29:01.941+0000] {processor.py:839} INFO - DAG(s) dict_keys(['example_task_group_decorator']) retrieved from /home/airflow/.local/lib/python3.8/site-packages/airflow/example_dags/example_task_group_decorator.py
[2024-11-18T14:29:01.993+0000] {logging_mixin.py:151} INFO - [2024-11-18T14:29:01.992+0000] {dag.py:2941} INFO - Sync 1 DAGs
[2024-11-18T14:29:02.040+0000] {logging_mixin.py:151} INFO - [2024-11-18T14:29:02.040+0000] {dag.py:3722} INFO - Setting next_dagrun for example_task_group_decorator to 2024-11-17T14:29:02.039961+00:00, run_after=2024-11-18T14:29:02.039961+00:00
[2024-11-18T14:29:02.074+0000] {processor.py:179} INFO - Processing /home/airflow/.local/lib/python3.8/site-packages/airflow/example_dags/example_task_group_decorator.py took 0.171 seconds
[2024-11-18T14:29:32.869+0000] {processor.py:157} INFO - Started process (PID=1051) to work on /home/airflow/.local/lib/python3.8/site-packages/airflow/example_dags/example_task_group_decorator.py
[2024-11-18T14:29:32.871+0000] {processor.py:829} INFO - Processing file /home/airflow/.local/lib/python3.8/site-packages/airflow/example_dags/example_task_group_decorator.py for tasks to queue
[2024-11-18T14:29:32.874+0000] {logging_mixin.py:151} INFO - [2024-11-18T14:29:32.874+0000] {dagbag.py:536} INFO - Filling up the DagBag from /home/airflow/.local/lib/python3.8/site-packages/airflow/example_dags/example_task_group_decorator.py
[2024-11-18T14:29:32.902+0000] {processor.py:839} INFO - DAG(s) dict_keys(['example_task_group_decorator']) retrieved from /home/airflow/.local/lib/python3.8/site-packages/airflow/example_dags/example_task_group_decorator.py
[2024-11-18T14:29:32.946+0000] {logging_mixin.py:151} INFO - [2024-11-18T14:29:32.945+0000] {dag.py:2941} INFO - Sync 1 DAGs
[2024-11-18T14:29:32.983+0000] {logging_mixin.py:151} INFO - [2024-11-18T14:29:32.982+0000] {dag.py:3722} INFO - Setting next_dagrun for example_task_group_decorator to 2024-11-17T14:29:32.982422+00:00, run_after=2024-11-18T14:29:32.982422+00:00
[2024-11-18T14:29:33.216+0000] {processor.py:179} INFO - Processing /home/airflow/.local/lib/python3.8/site-packages/airflow/example_dags/example_task_group_decorator.py took 0.352 seconds
[2024-11-18T14:30:03.761+0000] {processor.py:157} INFO - Started process (PID=1105) to work on /home/airflow/.local/lib/python3.8/site-packages/airflow/example_dags/example_task_group_decorator.py
[2024-11-18T14:30:03.762+0000] {processor.py:829} INFO - Processing file /home/airflow/.local/lib/python3.8/site-packages/airflow/example_dags/example_task_group_decorator.py for tasks to queue
[2024-11-18T14:30:03.765+0000] {logging_mixin.py:151} INFO - [2024-11-18T14:30:03.765+0000] {dagbag.py:536} INFO - Filling up the DagBag from /home/airflow/.local/lib/python3.8/site-packages/airflow/example_dags/example_task_group_decorator.py
[2024-11-18T14:30:03.790+0000] {processor.py:839} INFO - DAG(s) dict_keys(['example_task_group_decorator']) retrieved from /home/airflow/.local/lib/python3.8/site-packages/airflow/example_dags/example_task_group_decorator.py
[2024-11-18T14:30:03.829+0000] {logging_mixin.py:151} INFO - [2024-11-18T14:30:03.828+0000] {dag.py:2941} INFO - Sync 1 DAGs
[2024-11-18T14:30:03.868+0000] {logging_mixin.py:151} INFO - [2024-11-18T14:30:03.867+0000] {dag.py:3722} INFO - Setting next_dagrun for example_task_group_decorator to 2024-11-17T14:30:03.867099+00:00, run_after=2024-11-18T14:30:03.867099+00:00
[2024-11-18T14:30:03.899+0000] {processor.py:179} INFO - Processing /home/airflow/.local/lib/python3.8/site-packages/airflow/example_dags/example_task_group_decorator.py took 0.143 seconds
[2024-11-18T14:33:21.261+0000] {processor.py:157} INFO - Started process (PID=120) to work on /home/airflow/.local/lib/python3.8/site-packages/airflow/example_dags/example_task_group_decorator.py
[2024-11-18T14:33:21.263+0000] {processor.py:829} INFO - Processing file /home/airflow/.local/lib/python3.8/site-packages/airflow/example_dags/example_task_group_decorator.py for tasks to queue
[2024-11-18T14:33:21.267+0000] {logging_mixin.py:151} INFO - [2024-11-18T14:33:21.266+0000] {dagbag.py:536} INFO - Filling up the DagBag from /home/airflow/.local/lib/python3.8/site-packages/airflow/example_dags/example_task_group_decorator.py
[2024-11-18T14:33:21.302+0000] {processor.py:839} INFO - DAG(s) dict_keys(['example_task_group_decorator']) retrieved from /home/airflow/.local/lib/python3.8/site-packages/airflow/example_dags/example_task_group_decorator.py
[2024-11-18T14:33:21.345+0000] {logging_mixin.py:151} INFO - [2024-11-18T14:33:21.344+0000] {dag.py:2941} INFO - Sync 1 DAGs
[2024-11-18T14:33:21.387+0000] {logging_mixin.py:151} INFO - [2024-11-18T14:33:21.387+0000] {dag.py:3722} INFO - Setting next_dagrun for example_task_group_decorator to 2024-11-17T14:33:21.386540+00:00, run_after=2024-11-18T14:33:21.386540+00:00
[2024-11-18T14:33:21.417+0000] {processor.py:179} INFO - Processing /home/airflow/.local/lib/python3.8/site-packages/airflow/example_dags/example_task_group_decorator.py took 0.162 seconds
[2024-11-18T14:33:51.590+0000] {processor.py:157} INFO - Started process (PID=167) to work on /home/airflow/.local/lib/python3.8/site-packages/airflow/example_dags/example_task_group_decorator.py
[2024-11-18T14:33:51.591+0000] {processor.py:829} INFO - Processing file /home/airflow/.local/lib/python3.8/site-packages/airflow/example_dags/example_task_group_decorator.py for tasks to queue
[2024-11-18T14:33:51.595+0000] {logging_mixin.py:151} INFO - [2024-11-18T14:33:51.594+0000] {dagbag.py:536} INFO - Filling up the DagBag from /home/airflow/.local/lib/python3.8/site-packages/airflow/example_dags/example_task_group_decorator.py
[2024-11-18T14:33:51.619+0000] {processor.py:839} INFO - DAG(s) dict_keys(['example_task_group_decorator']) retrieved from /home/airflow/.local/lib/python3.8/site-packages/airflow/example_dags/example_task_group_decorator.py
[2024-11-18T14:33:51.669+0000] {logging_mixin.py:151} INFO - [2024-11-18T14:33:51.668+0000] {dag.py:2941} INFO - Sync 1 DAGs
[2024-11-18T14:33:51.714+0000] {logging_mixin.py:151} INFO - [2024-11-18T14:33:51.714+0000] {dag.py:3722} INFO - Setting next_dagrun for example_task_group_decorator to 2024-11-17T14:33:51.713655+00:00, run_after=2024-11-18T14:33:51.713655+00:00
[2024-11-18T14:33:51.748+0000] {processor.py:179} INFO - Processing /home/airflow/.local/lib/python3.8/site-packages/airflow/example_dags/example_task_group_decorator.py took 0.163 seconds
[2024-11-18T14:34:22.203+0000] {processor.py:157} INFO - Started process (PID=220) to work on /home/airflow/.local/lib/python3.8/site-packages/airflow/example_dags/example_task_group_decorator.py
[2024-11-18T14:34:22.204+0000] {processor.py:829} INFO - Processing file /home/airflow/.local/lib/python3.8/site-packages/airflow/example_dags/example_task_group_decorator.py for tasks to queue
[2024-11-18T14:34:22.208+0000] {logging_mixin.py:151} INFO - [2024-11-18T14:34:22.207+0000] {dagbag.py:536} INFO - Filling up the DagBag from /home/airflow/.local/lib/python3.8/site-packages/airflow/example_dags/example_task_group_decorator.py
[2024-11-18T14:34:22.236+0000] {processor.py:839} INFO - DAG(s) dict_keys(['example_task_group_decorator']) retrieved from /home/airflow/.local/lib/python3.8/site-packages/airflow/example_dags/example_task_group_decorator.py
[2024-11-18T14:34:22.277+0000] {logging_mixin.py:151} INFO - [2024-11-18T14:34:22.277+0000] {dag.py:2941} INFO - Sync 1 DAGs
[2024-11-18T14:34:22.318+0000] {logging_mixin.py:151} INFO - [2024-11-18T14:34:22.317+0000] {dag.py:3722} INFO - Setting next_dagrun for example_task_group_decorator to 2024-11-17T14:34:22.317475+00:00, run_after=2024-11-18T14:34:22.317475+00:00
[2024-11-18T14:34:22.350+0000] {processor.py:179} INFO - Processing /home/airflow/.local/lib/python3.8/site-packages/airflow/example_dags/example_task_group_decorator.py took 0.152 seconds
[2024-11-18T14:34:53.087+0000] {processor.py:157} INFO - Started process (PID=275) to work on /home/airflow/.local/lib/python3.8/site-packages/airflow/example_dags/example_task_group_decorator.py
[2024-11-18T14:34:53.089+0000] {processor.py:829} INFO - Processing file /home/airflow/.local/lib/python3.8/site-packages/airflow/example_dags/example_task_group_decorator.py for tasks to queue
[2024-11-18T14:34:53.092+0000] {logging_mixin.py:151} INFO - [2024-11-18T14:34:53.091+0000] {dagbag.py:536} INFO - Filling up the DagBag from /home/airflow/.local/lib/python3.8/site-packages/airflow/example_dags/example_task_group_decorator.py
[2024-11-18T14:34:53.118+0000] {processor.py:839} INFO - DAG(s) dict_keys(['example_task_group_decorator']) retrieved from /home/airflow/.local/lib/python3.8/site-packages/airflow/example_dags/example_task_group_decorator.py
[2024-11-18T14:34:53.158+0000] {logging_mixin.py:151} INFO - [2024-11-18T14:34:53.158+0000] {dag.py:2941} INFO - Sync 1 DAGs
[2024-11-18T14:34:53.199+0000] {logging_mixin.py:151} INFO - [2024-11-18T14:34:53.199+0000] {dag.py:3722} INFO - Setting next_dagrun for example_task_group_decorator to 2024-11-17T14:34:53.198718+00:00, run_after=2024-11-18T14:34:53.198718+00:00
[2024-11-18T14:34:53.233+0000] {processor.py:179} INFO - Processing /home/airflow/.local/lib/python3.8/site-packages/airflow/example_dags/example_task_group_decorator.py took 0.152 seconds
[2024-11-18T14:35:24.735+0000] {processor.py:157} INFO - Started process (PID=329) to work on /home/airflow/.local/lib/python3.8/site-packages/airflow/example_dags/example_task_group_decorator.py
[2024-11-18T14:35:24.737+0000] {processor.py:829} INFO - Processing file /home/airflow/.local/lib/python3.8/site-packages/airflow/example_dags/example_task_group_decorator.py for tasks to queue
[2024-11-18T14:35:24.740+0000] {logging_mixin.py:151} INFO - [2024-11-18T14:35:24.739+0000] {dagbag.py:536} INFO - Filling up the DagBag from /home/airflow/.local/lib/python3.8/site-packages/airflow/example_dags/example_task_group_decorator.py
[2024-11-18T14:35:24.762+0000] {processor.py:839} INFO - DAG(s) dict_keys(['example_task_group_decorator']) retrieved from /home/airflow/.local/lib/python3.8/site-packages/airflow/example_dags/example_task_group_decorator.py
[2024-11-18T14:35:24.800+0000] {logging_mixin.py:151} INFO - [2024-11-18T14:35:24.800+0000] {dag.py:2941} INFO - Sync 1 DAGs
[2024-11-18T14:35:24.832+0000] {logging_mixin.py:151} INFO - [2024-11-18T14:35:24.832+0000] {dag.py:3722} INFO - Setting next_dagrun for example_task_group_decorator to 2024-11-17T14:35:24.831898+00:00, run_after=2024-11-18T14:35:24.831898+00:00
[2024-11-18T14:35:24.859+0000] {processor.py:179} INFO - Processing /home/airflow/.local/lib/python3.8/site-packages/airflow/example_dags/example_task_group_decorator.py took 0.128 seconds
[2024-11-18T14:35:57.655+0000] {processor.py:157} INFO - Started process (PID=383) to work on /home/airflow/.local/lib/python3.8/site-packages/airflow/example_dags/example_task_group_decorator.py
[2024-11-18T14:35:57.657+0000] {processor.py:829} INFO - Processing file /home/airflow/.local/lib/python3.8/site-packages/airflow/example_dags/example_task_group_decorator.py for tasks to queue
[2024-11-18T14:35:57.661+0000] {logging_mixin.py:151} INFO - [2024-11-18T14:35:57.660+0000] {dagbag.py:536} INFO - Filling up the DagBag from /home/airflow/.local/lib/python3.8/site-packages/airflow/example_dags/example_task_group_decorator.py
[2024-11-18T14:35:57.690+0000] {processor.py:839} INFO - DAG(s) dict_keys(['example_task_group_decorator']) retrieved from /home/airflow/.local/lib/python3.8/site-packages/airflow/example_dags/example_task_group_decorator.py
[2024-11-18T14:35:57.735+0000] {logging_mixin.py:151} INFO - [2024-11-18T14:35:57.734+0000] {dag.py:2941} INFO - Sync 1 DAGs
[2024-11-18T14:35:57.770+0000] {logging_mixin.py:151} INFO - [2024-11-18T14:35:57.770+0000] {dag.py:3722} INFO - Setting next_dagrun for example_task_group_decorator to 2024-11-17T14:35:57.769823+00:00, run_after=2024-11-18T14:35:57.769823+00:00
[2024-11-18T14:35:57.798+0000] {processor.py:179} INFO - Processing /home/airflow/.local/lib/python3.8/site-packages/airflow/example_dags/example_task_group_decorator.py took 0.148 seconds
[2024-11-18T14:36:31.519+0000] {processor.py:157} INFO - Started process (PID=437) to work on /home/airflow/.local/lib/python3.8/site-packages/airflow/example_dags/example_task_group_decorator.py
[2024-11-18T14:36:31.521+0000] {processor.py:829} INFO - Processing file /home/airflow/.local/lib/python3.8/site-packages/airflow/example_dags/example_task_group_decorator.py for tasks to queue
[2024-11-18T14:36:31.524+0000] {logging_mixin.py:151} INFO - [2024-11-18T14:36:31.523+0000] {dagbag.py:536} INFO - Filling up the DagBag from /home/airflow/.local/lib/python3.8/site-packages/airflow/example_dags/example_task_group_decorator.py
[2024-11-18T14:36:31.545+0000] {processor.py:839} INFO - DAG(s) dict_keys(['example_task_group_decorator']) retrieved from /home/airflow/.local/lib/python3.8/site-packages/airflow/example_dags/example_task_group_decorator.py
[2024-11-18T14:36:31.584+0000] {logging_mixin.py:151} INFO - [2024-11-18T14:36:31.583+0000] {dag.py:2941} INFO - Sync 1 DAGs
[2024-11-18T14:36:31.619+0000] {logging_mixin.py:151} INFO - [2024-11-18T14:36:31.618+0000] {dag.py:3722} INFO - Setting next_dagrun for example_task_group_decorator to 2024-11-17T14:36:31.618394+00:00, run_after=2024-11-18T14:36:31.618394+00:00
[2024-11-18T14:36:31.645+0000] {processor.py:179} INFO - Processing /home/airflow/.local/lib/python3.8/site-packages/airflow/example_dags/example_task_group_decorator.py took 0.131 seconds
[2024-11-18T14:37:04.423+0000] {processor.py:157} INFO - Started process (PID=491) to work on /home/airflow/.local/lib/python3.8/site-packages/airflow/example_dags/example_task_group_decorator.py
[2024-11-18T14:37:04.425+0000] {processor.py:829} INFO - Processing file /home/airflow/.local/lib/python3.8/site-packages/airflow/example_dags/example_task_group_decorator.py for tasks to queue
[2024-11-18T14:37:04.428+0000] {logging_mixin.py:151} INFO - [2024-11-18T14:37:04.428+0000] {dagbag.py:536} INFO - Filling up the DagBag from /home/airflow/.local/lib/python3.8/site-packages/airflow/example_dags/example_task_group_decorator.py
[2024-11-18T14:37:04.451+0000] {processor.py:839} INFO - DAG(s) dict_keys(['example_task_group_decorator']) retrieved from /home/airflow/.local/lib/python3.8/site-packages/airflow/example_dags/example_task_group_decorator.py
[2024-11-18T14:37:04.489+0000] {logging_mixin.py:151} INFO - [2024-11-18T14:37:04.489+0000] {dag.py:2941} INFO - Sync 1 DAGs
[2024-11-18T14:37:04.526+0000] {logging_mixin.py:151} INFO - [2024-11-18T14:37:04.526+0000] {dag.py:3722} INFO - Setting next_dagrun for example_task_group_decorator to 2024-11-17T14:37:04.525687+00:00, run_after=2024-11-18T14:37:04.525687+00:00
[2024-11-18T14:37:04.553+0000] {processor.py:179} INFO - Processing /home/airflow/.local/lib/python3.8/site-packages/airflow/example_dags/example_task_group_decorator.py took 0.134 seconds
[2024-11-18T14:37:37.639+0000] {processor.py:157} INFO - Started process (PID=545) to work on /home/airflow/.local/lib/python3.8/site-packages/airflow/example_dags/example_task_group_decorator.py
[2024-11-18T14:37:37.641+0000] {processor.py:829} INFO - Processing file /home/airflow/.local/lib/python3.8/site-packages/airflow/example_dags/example_task_group_decorator.py for tasks to queue
[2024-11-18T14:37:37.644+0000] {logging_mixin.py:151} INFO - [2024-11-18T14:37:37.643+0000] {dagbag.py:536} INFO - Filling up the DagBag from /home/airflow/.local/lib/python3.8/site-packages/airflow/example_dags/example_task_group_decorator.py
[2024-11-18T14:37:37.666+0000] {processor.py:839} INFO - DAG(s) dict_keys(['example_task_group_decorator']) retrieved from /home/airflow/.local/lib/python3.8/site-packages/airflow/example_dags/example_task_group_decorator.py
[2024-11-18T14:37:37.711+0000] {logging_mixin.py:151} INFO - [2024-11-18T14:37:37.711+0000] {dag.py:2941} INFO - Sync 1 DAGs
[2024-11-18T14:37:37.749+0000] {logging_mixin.py:151} INFO - [2024-11-18T14:37:37.749+0000] {dag.py:3722} INFO - Setting next_dagrun for example_task_group_decorator to 2024-11-17T14:37:37.748915+00:00, run_after=2024-11-18T14:37:37.748915+00:00
[2024-11-18T14:37:37.778+0000] {processor.py:179} INFO - Processing /home/airflow/.local/lib/python3.8/site-packages/airflow/example_dags/example_task_group_decorator.py took 0.143 seconds
[2024-11-18T14:38:10.968+0000] {processor.py:157} INFO - Started process (PID=599) to work on /home/airflow/.local/lib/python3.8/site-packages/airflow/example_dags/example_task_group_decorator.py
[2024-11-18T14:38:10.969+0000] {processor.py:829} INFO - Processing file /home/airflow/.local/lib/python3.8/site-packages/airflow/example_dags/example_task_group_decorator.py for tasks to queue
[2024-11-18T14:38:10.972+0000] {logging_mixin.py:151} INFO - [2024-11-18T14:38:10.972+0000] {dagbag.py:536} INFO - Filling up the DagBag from /home/airflow/.local/lib/python3.8/site-packages/airflow/example_dags/example_task_group_decorator.py
[2024-11-18T14:38:10.995+0000] {processor.py:839} INFO - DAG(s) dict_keys(['example_task_group_decorator']) retrieved from /home/airflow/.local/lib/python3.8/site-packages/airflow/example_dags/example_task_group_decorator.py
[2024-11-18T14:38:11.032+0000] {logging_mixin.py:151} INFO - [2024-11-18T14:38:11.032+0000] {dag.py:2941} INFO - Sync 1 DAGs
[2024-11-18T14:38:11.065+0000] {logging_mixin.py:151} INFO - [2024-11-18T14:38:11.065+0000] {dag.py:3722} INFO - Setting next_dagrun for example_task_group_decorator to 2024-11-17T14:38:11.065301+00:00, run_after=2024-11-18T14:38:11.065301+00:00
[2024-11-18T14:38:11.093+0000] {processor.py:179} INFO - Processing /home/airflow/.local/lib/python3.8/site-packages/airflow/example_dags/example_task_group_decorator.py took 0.129 seconds
[2024-11-18T14:38:44.219+0000] {processor.py:157} INFO - Started process (PID=653) to work on /home/airflow/.local/lib/python3.8/site-packages/airflow/example_dags/example_task_group_decorator.py
[2024-11-18T14:38:44.220+0000] {processor.py:829} INFO - Processing file /home/airflow/.local/lib/python3.8/site-packages/airflow/example_dags/example_task_group_decorator.py for tasks to queue
[2024-11-18T14:38:44.223+0000] {logging_mixin.py:151} INFO - [2024-11-18T14:38:44.223+0000] {dagbag.py:536} INFO - Filling up the DagBag from /home/airflow/.local/lib/python3.8/site-packages/airflow/example_dags/example_task_group_decorator.py
[2024-11-18T14:38:44.247+0000] {processor.py:839} INFO - DAG(s) dict_keys(['example_task_group_decorator']) retrieved from /home/airflow/.local/lib/python3.8/site-packages/airflow/example_dags/example_task_group_decorator.py
[2024-11-18T14:38:44.284+0000] {logging_mixin.py:151} INFO - [2024-11-18T14:38:44.284+0000] {dag.py:2941} INFO - Sync 1 DAGs
[2024-11-18T14:38:44.318+0000] {logging_mixin.py:151} INFO - [2024-11-18T14:38:44.318+0000] {dag.py:3722} INFO - Setting next_dagrun for example_task_group_decorator to 2024-11-17T14:38:44.318117+00:00, run_after=2024-11-18T14:38:44.318117+00:00
[2024-11-18T14:38:44.348+0000] {processor.py:179} INFO - Processing /home/airflow/.local/lib/python3.8/site-packages/airflow/example_dags/example_task_group_decorator.py took 0.134 seconds
[2024-11-18T14:39:18.339+0000] {processor.py:157} INFO - Started process (PID=707) to work on /home/airflow/.local/lib/python3.8/site-packages/airflow/example_dags/example_task_group_decorator.py
[2024-11-18T14:39:18.340+0000] {processor.py:829} INFO - Processing file /home/airflow/.local/lib/python3.8/site-packages/airflow/example_dags/example_task_group_decorator.py for tasks to queue
[2024-11-18T14:39:18.343+0000] {logging_mixin.py:151} INFO - [2024-11-18T14:39:18.343+0000] {dagbag.py:536} INFO - Filling up the DagBag from /home/airflow/.local/lib/python3.8/site-packages/airflow/example_dags/example_task_group_decorator.py
[2024-11-18T14:39:18.365+0000] {processor.py:839} INFO - DAG(s) dict_keys(['example_task_group_decorator']) retrieved from /home/airflow/.local/lib/python3.8/site-packages/airflow/example_dags/example_task_group_decorator.py
[2024-11-18T14:39:18.408+0000] {logging_mixin.py:151} INFO - [2024-11-18T14:39:18.408+0000] {dag.py:2941} INFO - Sync 1 DAGs
[2024-11-18T14:39:18.443+0000] {logging_mixin.py:151} INFO - [2024-11-18T14:39:18.443+0000] {dag.py:3722} INFO - Setting next_dagrun for example_task_group_decorator to 2024-11-17T14:39:18.442999+00:00, run_after=2024-11-18T14:39:18.442999+00:00
[2024-11-18T14:39:18.471+0000] {processor.py:179} INFO - Processing /home/airflow/.local/lib/python3.8/site-packages/airflow/example_dags/example_task_group_decorator.py took 0.137 seconds
[2024-11-18T14:39:51.217+0000] {processor.py:157} INFO - Started process (PID=761) to work on /home/airflow/.local/lib/python3.8/site-packages/airflow/example_dags/example_task_group_decorator.py
[2024-11-18T14:39:51.219+0000] {processor.py:829} INFO - Processing file /home/airflow/.local/lib/python3.8/site-packages/airflow/example_dags/example_task_group_decorator.py for tasks to queue
[2024-11-18T14:39:51.223+0000] {logging_mixin.py:151} INFO - [2024-11-18T14:39:51.223+0000] {dagbag.py:536} INFO - Filling up the DagBag from /home/airflow/.local/lib/python3.8/site-packages/airflow/example_dags/example_task_group_decorator.py
[2024-11-18T14:39:51.248+0000] {processor.py:839} INFO - DAG(s) dict_keys(['example_task_group_decorator']) retrieved from /home/airflow/.local/lib/python3.8/site-packages/airflow/example_dags/example_task_group_decorator.py
[2024-11-18T14:39:51.286+0000] {logging_mixin.py:151} INFO - [2024-11-18T14:39:51.285+0000] {dag.py:2941} INFO - Sync 1 DAGs
[2024-11-18T14:39:51.318+0000] {logging_mixin.py:151} INFO - [2024-11-18T14:39:51.317+0000] {dag.py:3722} INFO - Setting next_dagrun for example_task_group_decorator to 2024-11-17T14:39:51.317478+00:00, run_after=2024-11-18T14:39:51.317478+00:00
[2024-11-18T14:39:51.345+0000] {processor.py:179} INFO - Processing /home/airflow/.local/lib/python3.8/site-packages/airflow/example_dags/example_task_group_decorator.py took 0.135 seconds
[2024-11-18T14:40:24.623+0000] {processor.py:157} INFO - Started process (PID=815) to work on /home/airflow/.local/lib/python3.8/site-packages/airflow/example_dags/example_task_group_decorator.py
[2024-11-18T14:40:24.624+0000] {processor.py:829} INFO - Processing file /home/airflow/.local/lib/python3.8/site-packages/airflow/example_dags/example_task_group_decorator.py for tasks to queue
[2024-11-18T14:40:24.627+0000] {logging_mixin.py:151} INFO - [2024-11-18T14:40:24.627+0000] {dagbag.py:536} INFO - Filling up the DagBag from /home/airflow/.local/lib/python3.8/site-packages/airflow/example_dags/example_task_group_decorator.py
[2024-11-18T14:40:24.651+0000] {processor.py:839} INFO - DAG(s) dict_keys(['example_task_group_decorator']) retrieved from /home/airflow/.local/lib/python3.8/site-packages/airflow/example_dags/example_task_group_decorator.py
[2024-11-18T14:40:24.690+0000] {logging_mixin.py:151} INFO - [2024-11-18T14:40:24.690+0000] {dag.py:2941} INFO - Sync 1 DAGs
[2024-11-18T14:40:24.723+0000] {logging_mixin.py:151} INFO - [2024-11-18T14:40:24.723+0000] {dag.py:3722} INFO - Setting next_dagrun for example_task_group_decorator to 2024-11-17T14:40:24.722934+00:00, run_after=2024-11-18T14:40:24.722934+00:00
[2024-11-18T14:40:24.752+0000] {processor.py:179} INFO - Processing /home/airflow/.local/lib/python3.8/site-packages/airflow/example_dags/example_task_group_decorator.py took 0.134 seconds
[2024-11-18T14:40:58.242+0000] {processor.py:157} INFO - Started process (PID=869) to work on /home/airflow/.local/lib/python3.8/site-packages/airflow/example_dags/example_task_group_decorator.py
[2024-11-18T14:40:58.243+0000] {processor.py:829} INFO - Processing file /home/airflow/.local/lib/python3.8/site-packages/airflow/example_dags/example_task_group_decorator.py for tasks to queue
[2024-11-18T14:40:58.246+0000] {logging_mixin.py:151} INFO - [2024-11-18T14:40:58.246+0000] {dagbag.py:536} INFO - Filling up the DagBag from /home/airflow/.local/lib/python3.8/site-packages/airflow/example_dags/example_task_group_decorator.py
[2024-11-18T14:40:58.271+0000] {processor.py:839} INFO - DAG(s) dict_keys(['example_task_group_decorator']) retrieved from /home/airflow/.local/lib/python3.8/site-packages/airflow/example_dags/example_task_group_decorator.py
[2024-11-18T14:40:58.314+0000] {logging_mixin.py:151} INFO - [2024-11-18T14:40:58.313+0000] {dag.py:2941} INFO - Sync 1 DAGs
[2024-11-18T14:40:58.352+0000] {logging_mixin.py:151} INFO - [2024-11-18T14:40:58.352+0000] {dag.py:3722} INFO - Setting next_dagrun for example_task_group_decorator to 2024-11-17T14:40:58.351908+00:00, run_after=2024-11-18T14:40:58.351908+00:00
[2024-11-18T14:40:58.384+0000] {processor.py:179} INFO - Processing /home/airflow/.local/lib/python3.8/site-packages/airflow/example_dags/example_task_group_decorator.py took 0.147 seconds
[2024-11-18T14:41:31.103+0000] {processor.py:157} INFO - Started process (PID=923) to work on /home/airflow/.local/lib/python3.8/site-packages/airflow/example_dags/example_task_group_decorator.py
[2024-11-18T14:41:31.105+0000] {processor.py:829} INFO - Processing file /home/airflow/.local/lib/python3.8/site-packages/airflow/example_dags/example_task_group_decorator.py for tasks to queue
[2024-11-18T14:41:31.107+0000] {logging_mixin.py:151} INFO - [2024-11-18T14:41:31.107+0000] {dagbag.py:536} INFO - Filling up the DagBag from /home/airflow/.local/lib/python3.8/site-packages/airflow/example_dags/example_task_group_decorator.py
[2024-11-18T14:41:31.130+0000] {processor.py:839} INFO - DAG(s) dict_keys(['example_task_group_decorator']) retrieved from /home/airflow/.local/lib/python3.8/site-packages/airflow/example_dags/example_task_group_decorator.py
[2024-11-18T14:41:31.174+0000] {logging_mixin.py:151} INFO - [2024-11-18T14:41:31.173+0000] {dag.py:2941} INFO - Sync 1 DAGs
[2024-11-18T14:41:31.208+0000] {logging_mixin.py:151} INFO - [2024-11-18T14:41:31.208+0000] {dag.py:3722} INFO - Setting next_dagrun for example_task_group_decorator to 2024-11-17T14:41:31.207904+00:00, run_after=2024-11-18T14:41:31.207904+00:00
[2024-11-18T14:41:31.235+0000] {processor.py:179} INFO - Processing /home/airflow/.local/lib/python3.8/site-packages/airflow/example_dags/example_task_group_decorator.py took 0.137 seconds
[2024-11-18T14:42:04.430+0000] {processor.py:157} INFO - Started process (PID=977) to work on /home/airflow/.local/lib/python3.8/site-packages/airflow/example_dags/example_task_group_decorator.py
[2024-11-18T14:42:04.431+0000] {processor.py:829} INFO - Processing file /home/airflow/.local/lib/python3.8/site-packages/airflow/example_dags/example_task_group_decorator.py for tasks to queue
[2024-11-18T14:42:04.434+0000] {logging_mixin.py:151} INFO - [2024-11-18T14:42:04.434+0000] {dagbag.py:536} INFO - Filling up the DagBag from /home/airflow/.local/lib/python3.8/site-packages/airflow/example_dags/example_task_group_decorator.py
[2024-11-18T14:42:04.456+0000] {processor.py:839} INFO - DAG(s) dict_keys(['example_task_group_decorator']) retrieved from /home/airflow/.local/lib/python3.8/site-packages/airflow/example_dags/example_task_group_decorator.py
[2024-11-18T14:42:04.496+0000] {logging_mixin.py:151} INFO - [2024-11-18T14:42:04.496+0000] {dag.py:2941} INFO - Sync 1 DAGs
[2024-11-18T14:42:04.530+0000] {logging_mixin.py:151} INFO - [2024-11-18T14:42:04.529+0000] {dag.py:3722} INFO - Setting next_dagrun for example_task_group_decorator to 2024-11-17T14:42:04.529471+00:00, run_after=2024-11-18T14:42:04.529471+00:00
[2024-11-18T14:42:04.559+0000] {processor.py:179} INFO - Processing /home/airflow/.local/lib/python3.8/site-packages/airflow/example_dags/example_task_group_decorator.py took 0.134 seconds
[2024-11-18T14:42:38.172+0000] {processor.py:157} INFO - Started process (PID=1031) to work on /home/airflow/.local/lib/python3.8/site-packages/airflow/example_dags/example_task_group_decorator.py
[2024-11-18T14:42:38.174+0000] {processor.py:829} INFO - Processing file /home/airflow/.local/lib/python3.8/site-packages/airflow/example_dags/example_task_group_decorator.py for tasks to queue
[2024-11-18T14:42:38.177+0000] {logging_mixin.py:151} INFO - [2024-11-18T14:42:38.176+0000] {dagbag.py:536} INFO - Filling up the DagBag from /home/airflow/.local/lib/python3.8/site-packages/airflow/example_dags/example_task_group_decorator.py
[2024-11-18T14:42:38.199+0000] {processor.py:839} INFO - DAG(s) dict_keys(['example_task_group_decorator']) retrieved from /home/airflow/.local/lib/python3.8/site-packages/airflow/example_dags/example_task_group_decorator.py
[2024-11-18T14:42:38.237+0000] {logging_mixin.py:151} INFO - [2024-11-18T14:42:38.237+0000] {dag.py:2941} INFO - Sync 1 DAGs
[2024-11-18T14:42:38.271+0000] {logging_mixin.py:151} INFO - [2024-11-18T14:42:38.271+0000] {dag.py:3722} INFO - Setting next_dagrun for example_task_group_decorator to 2024-11-17T14:42:38.270940+00:00, run_after=2024-11-18T14:42:38.270940+00:00
[2024-11-18T14:42:38.299+0000] {processor.py:179} INFO - Processing /home/airflow/.local/lib/python3.8/site-packages/airflow/example_dags/example_task_group_decorator.py took 0.131 seconds
[2024-11-18T14:43:11.907+0000] {processor.py:157} INFO - Started process (PID=1085) to work on /home/airflow/.local/lib/python3.8/site-packages/airflow/example_dags/example_task_group_decorator.py
[2024-11-18T14:43:11.909+0000] {processor.py:829} INFO - Processing file /home/airflow/.local/lib/python3.8/site-packages/airflow/example_dags/example_task_group_decorator.py for tasks to queue
[2024-11-18T14:43:11.912+0000] {logging_mixin.py:151} INFO - [2024-11-18T14:43:11.911+0000] {dagbag.py:536} INFO - Filling up the DagBag from /home/airflow/.local/lib/python3.8/site-packages/airflow/example_dags/example_task_group_decorator.py
[2024-11-18T14:43:11.935+0000] {processor.py:839} INFO - DAG(s) dict_keys(['example_task_group_decorator']) retrieved from /home/airflow/.local/lib/python3.8/site-packages/airflow/example_dags/example_task_group_decorator.py
[2024-11-18T14:43:11.975+0000] {logging_mixin.py:151} INFO - [2024-11-18T14:43:11.974+0000] {dag.py:2941} INFO - Sync 1 DAGs
[2024-11-18T14:43:12.011+0000] {logging_mixin.py:151} INFO - [2024-11-18T14:43:12.010+0000] {dag.py:3722} INFO - Setting next_dagrun for example_task_group_decorator to 2024-11-17T14:43:12.010451+00:00, run_after=2024-11-18T14:43:12.010451+00:00
[2024-11-18T14:43:12.040+0000] {processor.py:179} INFO - Processing /home/airflow/.local/lib/python3.8/site-packages/airflow/example_dags/example_task_group_decorator.py took 0.138 seconds
[2024-11-18T14:43:45.454+0000] {processor.py:157} INFO - Started process (PID=1139) to work on /home/airflow/.local/lib/python3.8/site-packages/airflow/example_dags/example_task_group_decorator.py
[2024-11-18T14:43:45.456+0000] {processor.py:829} INFO - Processing file /home/airflow/.local/lib/python3.8/site-packages/airflow/example_dags/example_task_group_decorator.py for tasks to queue
[2024-11-18T14:43:45.459+0000] {logging_mixin.py:151} INFO - [2024-11-18T14:43:45.459+0000] {dagbag.py:536} INFO - Filling up the DagBag from /home/airflow/.local/lib/python3.8/site-packages/airflow/example_dags/example_task_group_decorator.py
[2024-11-18T14:43:45.485+0000] {processor.py:839} INFO - DAG(s) dict_keys(['example_task_group_decorator']) retrieved from /home/airflow/.local/lib/python3.8/site-packages/airflow/example_dags/example_task_group_decorator.py
[2024-11-18T14:43:45.532+0000] {logging_mixin.py:151} INFO - [2024-11-18T14:43:45.531+0000] {dag.py:2941} INFO - Sync 1 DAGs
[2024-11-18T14:43:45.573+0000] {logging_mixin.py:151} INFO - [2024-11-18T14:43:45.573+0000] {dag.py:3722} INFO - Setting next_dagrun for example_task_group_decorator to 2024-11-17T14:43:45.572962+00:00, run_after=2024-11-18T14:43:45.572962+00:00
[2024-11-18T14:43:45.822+0000] {processor.py:179} INFO - Processing /home/airflow/.local/lib/python3.8/site-packages/airflow/example_dags/example_task_group_decorator.py took 0.375 seconds
[2024-11-18T14:44:17.584+0000] {processor.py:157} INFO - Started process (PID=1193) to work on /home/airflow/.local/lib/python3.8/site-packages/airflow/example_dags/example_task_group_decorator.py
[2024-11-18T14:44:17.585+0000] {processor.py:829} INFO - Processing file /home/airflow/.local/lib/python3.8/site-packages/airflow/example_dags/example_task_group_decorator.py for tasks to queue
[2024-11-18T14:44:17.588+0000] {logging_mixin.py:151} INFO - [2024-11-18T14:44:17.588+0000] {dagbag.py:536} INFO - Filling up the DagBag from /home/airflow/.local/lib/python3.8/site-packages/airflow/example_dags/example_task_group_decorator.py
[2024-11-18T14:44:17.610+0000] {processor.py:839} INFO - DAG(s) dict_keys(['example_task_group_decorator']) retrieved from /home/airflow/.local/lib/python3.8/site-packages/airflow/example_dags/example_task_group_decorator.py
[2024-11-18T14:44:17.648+0000] {logging_mixin.py:151} INFO - [2024-11-18T14:44:17.647+0000] {dag.py:2941} INFO - Sync 1 DAGs
[2024-11-18T14:44:17.681+0000] {logging_mixin.py:151} INFO - [2024-11-18T14:44:17.681+0000] {dag.py:3722} INFO - Setting next_dagrun for example_task_group_decorator to 2024-11-17T14:44:17.680593+00:00, run_after=2024-11-18T14:44:17.680593+00:00
[2024-11-18T14:44:17.709+0000] {processor.py:179} INFO - Processing /home/airflow/.local/lib/python3.8/site-packages/airflow/example_dags/example_task_group_decorator.py took 0.130 seconds
[2024-11-18T14:44:52.710+0000] {processor.py:157} INFO - Started process (PID=1247) to work on /home/airflow/.local/lib/python3.8/site-packages/airflow/example_dags/example_task_group_decorator.py
[2024-11-18T14:44:52.712+0000] {processor.py:829} INFO - Processing file /home/airflow/.local/lib/python3.8/site-packages/airflow/example_dags/example_task_group_decorator.py for tasks to queue
[2024-11-18T14:44:52.715+0000] {logging_mixin.py:151} INFO - [2024-11-18T14:44:52.714+0000] {dagbag.py:536} INFO - Filling up the DagBag from /home/airflow/.local/lib/python3.8/site-packages/airflow/example_dags/example_task_group_decorator.py
[2024-11-18T14:44:52.737+0000] {processor.py:839} INFO - DAG(s) dict_keys(['example_task_group_decorator']) retrieved from /home/airflow/.local/lib/python3.8/site-packages/airflow/example_dags/example_task_group_decorator.py
[2024-11-18T14:44:52.775+0000] {logging_mixin.py:151} INFO - [2024-11-18T14:44:52.775+0000] {dag.py:2941} INFO - Sync 1 DAGs
[2024-11-18T14:44:52.810+0000] {logging_mixin.py:151} INFO - [2024-11-18T14:44:52.809+0000] {dag.py:3722} INFO - Setting next_dagrun for example_task_group_decorator to 2024-11-17T14:44:52.809399+00:00, run_after=2024-11-18T14:44:52.809399+00:00
[2024-11-18T14:44:52.837+0000] {processor.py:179} INFO - Processing /home/airflow/.local/lib/python3.8/site-packages/airflow/example_dags/example_task_group_decorator.py took 0.131 seconds
[2024-11-18T14:45:27.233+0000] {processor.py:157} INFO - Started process (PID=1301) to work on /home/airflow/.local/lib/python3.8/site-packages/airflow/example_dags/example_task_group_decorator.py
[2024-11-18T14:45:27.235+0000] {processor.py:829} INFO - Processing file /home/airflow/.local/lib/python3.8/site-packages/airflow/example_dags/example_task_group_decorator.py for tasks to queue
[2024-11-18T14:45:27.238+0000] {logging_mixin.py:151} INFO - [2024-11-18T14:45:27.237+0000] {dagbag.py:536} INFO - Filling up the DagBag from /home/airflow/.local/lib/python3.8/site-packages/airflow/example_dags/example_task_group_decorator.py
[2024-11-18T14:45:27.263+0000] {processor.py:839} INFO - DAG(s) dict_keys(['example_task_group_decorator']) retrieved from /home/airflow/.local/lib/python3.8/site-packages/airflow/example_dags/example_task_group_decorator.py
[2024-11-18T14:45:27.300+0000] {logging_mixin.py:151} INFO - [2024-11-18T14:45:27.300+0000] {dag.py:2941} INFO - Sync 1 DAGs
[2024-11-18T14:45:27.333+0000] {logging_mixin.py:151} INFO - [2024-11-18T14:45:27.332+0000] {dag.py:3722} INFO - Setting next_dagrun for example_task_group_decorator to 2024-11-17T14:45:27.332660+00:00, run_after=2024-11-18T14:45:27.332660+00:00
[2024-11-18T14:45:27.360+0000] {processor.py:179} INFO - Processing /home/airflow/.local/lib/python3.8/site-packages/airflow/example_dags/example_task_group_decorator.py took 0.131 seconds
[2024-11-18T14:45:58.106+0000] {processor.py:157} INFO - Started process (PID=1355) to work on /home/airflow/.local/lib/python3.8/site-packages/airflow/example_dags/example_task_group_decorator.py
[2024-11-18T14:45:58.108+0000] {processor.py:829} INFO - Processing file /home/airflow/.local/lib/python3.8/site-packages/airflow/example_dags/example_task_group_decorator.py for tasks to queue
[2024-11-18T14:45:58.111+0000] {logging_mixin.py:151} INFO - [2024-11-18T14:45:58.110+0000] {dagbag.py:536} INFO - Filling up the DagBag from /home/airflow/.local/lib/python3.8/site-packages/airflow/example_dags/example_task_group_decorator.py
[2024-11-18T14:45:58.135+0000] {processor.py:839} INFO - DAG(s) dict_keys(['example_task_group_decorator']) retrieved from /home/airflow/.local/lib/python3.8/site-packages/airflow/example_dags/example_task_group_decorator.py
[2024-11-18T14:45:58.176+0000] {logging_mixin.py:151} INFO - [2024-11-18T14:45:58.176+0000] {dag.py:2941} INFO - Sync 1 DAGs
[2024-11-18T14:45:58.213+0000] {logging_mixin.py:151} INFO - [2024-11-18T14:45:58.212+0000] {dag.py:3722} INFO - Setting next_dagrun for example_task_group_decorator to 2024-11-17T14:45:58.212653+00:00, run_after=2024-11-18T14:45:58.212653+00:00
[2024-11-18T14:45:58.431+0000] {processor.py:179} INFO - Processing /home/airflow/.local/lib/python3.8/site-packages/airflow/example_dags/example_task_group_decorator.py took 0.329 seconds
[2024-11-18T14:46:32.349+0000] {processor.py:157} INFO - Started process (PID=1409) to work on /home/airflow/.local/lib/python3.8/site-packages/airflow/example_dags/example_task_group_decorator.py
[2024-11-18T14:46:32.351+0000] {processor.py:829} INFO - Processing file /home/airflow/.local/lib/python3.8/site-packages/airflow/example_dags/example_task_group_decorator.py for tasks to queue
[2024-11-18T14:46:32.354+0000] {logging_mixin.py:151} INFO - [2024-11-18T14:46:32.353+0000] {dagbag.py:536} INFO - Filling up the DagBag from /home/airflow/.local/lib/python3.8/site-packages/airflow/example_dags/example_task_group_decorator.py
[2024-11-18T14:46:32.379+0000] {processor.py:839} INFO - DAG(s) dict_keys(['example_task_group_decorator']) retrieved from /home/airflow/.local/lib/python3.8/site-packages/airflow/example_dags/example_task_group_decorator.py
[2024-11-18T14:46:32.424+0000] {logging_mixin.py:151} INFO - [2024-11-18T14:46:32.423+0000] {dag.py:2941} INFO - Sync 1 DAGs
[2024-11-18T14:46:32.467+0000] {logging_mixin.py:151} INFO - [2024-11-18T14:46:32.466+0000] {dag.py:3722} INFO - Setting next_dagrun for example_task_group_decorator to 2024-11-17T14:46:32.466380+00:00, run_after=2024-11-18T14:46:32.466380+00:00
[2024-11-18T14:46:32.496+0000] {processor.py:179} INFO - Processing /home/airflow/.local/lib/python3.8/site-packages/airflow/example_dags/example_task_group_decorator.py took 0.154 seconds
[2024-11-18T14:47:08.367+0000] {processor.py:157} INFO - Started process (PID=1463) to work on /home/airflow/.local/lib/python3.8/site-packages/airflow/example_dags/example_task_group_decorator.py
[2024-11-18T14:47:08.368+0000] {processor.py:829} INFO - Processing file /home/airflow/.local/lib/python3.8/site-packages/airflow/example_dags/example_task_group_decorator.py for tasks to queue
[2024-11-18T14:47:08.371+0000] {logging_mixin.py:151} INFO - [2024-11-18T14:47:08.371+0000] {dagbag.py:536} INFO - Filling up the DagBag from /home/airflow/.local/lib/python3.8/site-packages/airflow/example_dags/example_task_group_decorator.py
[2024-11-18T14:47:08.396+0000] {processor.py:839} INFO - DAG(s) dict_keys(['example_task_group_decorator']) retrieved from /home/airflow/.local/lib/python3.8/site-packages/airflow/example_dags/example_task_group_decorator.py
[2024-11-18T14:47:08.434+0000] {logging_mixin.py:151} INFO - [2024-11-18T14:47:08.434+0000] {dag.py:2941} INFO - Sync 1 DAGs
[2024-11-18T14:47:08.662+0000] {logging_mixin.py:151} INFO - [2024-11-18T14:47:08.661+0000] {dag.py:3722} INFO - Setting next_dagrun for example_task_group_decorator to 2024-11-17T14:47:08.661494+00:00, run_after=2024-11-18T14:47:08.661494+00:00
[2024-11-18T14:47:08.688+0000] {processor.py:179} INFO - Processing /home/airflow/.local/lib/python3.8/site-packages/airflow/example_dags/example_task_group_decorator.py took 0.326 seconds
[2024-11-18T14:47:39.657+0000] {processor.py:157} INFO - Started process (PID=1517) to work on /home/airflow/.local/lib/python3.8/site-packages/airflow/example_dags/example_task_group_decorator.py
[2024-11-18T14:47:39.659+0000] {processor.py:829} INFO - Processing file /home/airflow/.local/lib/python3.8/site-packages/airflow/example_dags/example_task_group_decorator.py for tasks to queue
[2024-11-18T14:47:39.662+0000] {logging_mixin.py:151} INFO - [2024-11-18T14:47:39.662+0000] {dagbag.py:536} INFO - Filling up the DagBag from /home/airflow/.local/lib/python3.8/site-packages/airflow/example_dags/example_task_group_decorator.py
[2024-11-18T14:47:39.688+0000] {processor.py:839} INFO - DAG(s) dict_keys(['example_task_group_decorator']) retrieved from /home/airflow/.local/lib/python3.8/site-packages/airflow/example_dags/example_task_group_decorator.py
[2024-11-18T14:47:39.742+0000] {logging_mixin.py:151} INFO - [2024-11-18T14:47:39.741+0000] {dag.py:2941} INFO - Sync 1 DAGs
[2024-11-18T14:47:39.788+0000] {logging_mixin.py:151} INFO - [2024-11-18T14:47:39.788+0000] {dag.py:3722} INFO - Setting next_dagrun for example_task_group_decorator to 2024-11-17T14:47:39.787630+00:00, run_after=2024-11-18T14:47:39.787630+00:00
[2024-11-18T14:47:40.031+0000] {processor.py:179} INFO - Processing /home/airflow/.local/lib/python3.8/site-packages/airflow/example_dags/example_task_group_decorator.py took 0.379 seconds
[2024-11-18T14:48:13.533+0000] {processor.py:157} INFO - Started process (PID=1571) to work on /home/airflow/.local/lib/python3.8/site-packages/airflow/example_dags/example_task_group_decorator.py
[2024-11-18T14:48:13.534+0000] {processor.py:829} INFO - Processing file /home/airflow/.local/lib/python3.8/site-packages/airflow/example_dags/example_task_group_decorator.py for tasks to queue
[2024-11-18T14:48:13.537+0000] {logging_mixin.py:151} INFO - [2024-11-18T14:48:13.537+0000] {dagbag.py:536} INFO - Filling up the DagBag from /home/airflow/.local/lib/python3.8/site-packages/airflow/example_dags/example_task_group_decorator.py
[2024-11-18T14:48:13.561+0000] {processor.py:839} INFO - DAG(s) dict_keys(['example_task_group_decorator']) retrieved from /home/airflow/.local/lib/python3.8/site-packages/airflow/example_dags/example_task_group_decorator.py
[2024-11-18T14:48:13.602+0000] {logging_mixin.py:151} INFO - [2024-11-18T14:48:13.602+0000] {dag.py:2941} INFO - Sync 1 DAGs
[2024-11-18T14:48:13.643+0000] {logging_mixin.py:151} INFO - [2024-11-18T14:48:13.642+0000] {dag.py:3722} INFO - Setting next_dagrun for example_task_group_decorator to 2024-11-17T14:48:13.642295+00:00, run_after=2024-11-18T14:48:13.642295+00:00
[2024-11-18T14:48:13.671+0000] {processor.py:179} INFO - Processing /home/airflow/.local/lib/python3.8/site-packages/airflow/example_dags/example_task_group_decorator.py took 0.143 seconds
[2024-11-18T14:48:47.936+0000] {processor.py:157} INFO - Started process (PID=1627) to work on /home/airflow/.local/lib/python3.8/site-packages/airflow/example_dags/example_task_group_decorator.py
[2024-11-18T14:48:47.937+0000] {processor.py:829} INFO - Processing file /home/airflow/.local/lib/python3.8/site-packages/airflow/example_dags/example_task_group_decorator.py for tasks to queue
[2024-11-18T14:48:47.941+0000] {logging_mixin.py:151} INFO - [2024-11-18T14:48:47.940+0000] {dagbag.py:536} INFO - Filling up the DagBag from /home/airflow/.local/lib/python3.8/site-packages/airflow/example_dags/example_task_group_decorator.py
[2024-11-18T14:48:47.966+0000] {processor.py:839} INFO - DAG(s) dict_keys(['example_task_group_decorator']) retrieved from /home/airflow/.local/lib/python3.8/site-packages/airflow/example_dags/example_task_group_decorator.py
[2024-11-18T14:48:48.186+0000] {logging_mixin.py:151} INFO - [2024-11-18T14:48:48.186+0000] {dag.py:2941} INFO - Sync 1 DAGs
[2024-11-18T14:48:48.220+0000] {logging_mixin.py:151} INFO - [2024-11-18T14:48:48.219+0000] {dag.py:3722} INFO - Setting next_dagrun for example_task_group_decorator to 2024-11-17T14:48:48.219611+00:00, run_after=2024-11-18T14:48:48.219611+00:00
[2024-11-18T14:48:48.248+0000] {processor.py:179} INFO - Processing /home/airflow/.local/lib/python3.8/site-packages/airflow/example_dags/example_task_group_decorator.py took 0.317 seconds
[2024-11-18T14:49:19.347+0000] {processor.py:157} INFO - Started process (PID=1682) to work on /home/airflow/.local/lib/python3.8/site-packages/airflow/example_dags/example_task_group_decorator.py
[2024-11-18T14:49:19.349+0000] {processor.py:829} INFO - Processing file /home/airflow/.local/lib/python3.8/site-packages/airflow/example_dags/example_task_group_decorator.py for tasks to queue
[2024-11-18T14:49:19.352+0000] {logging_mixin.py:151} INFO - [2024-11-18T14:49:19.351+0000] {dagbag.py:536} INFO - Filling up the DagBag from /home/airflow/.local/lib/python3.8/site-packages/airflow/example_dags/example_task_group_decorator.py
[2024-11-18T14:49:19.373+0000] {processor.py:839} INFO - DAG(s) dict_keys(['example_task_group_decorator']) retrieved from /home/airflow/.local/lib/python3.8/site-packages/airflow/example_dags/example_task_group_decorator.py
[2024-11-18T14:49:19.411+0000] {logging_mixin.py:151} INFO - [2024-11-18T14:49:19.410+0000] {dag.py:2941} INFO - Sync 1 DAGs
[2024-11-18T14:49:19.625+0000] {logging_mixin.py:151} INFO - [2024-11-18T14:49:19.625+0000] {dag.py:3722} INFO - Setting next_dagrun for example_task_group_decorator to 2024-11-17T14:49:19.624826+00:00, run_after=2024-11-18T14:49:19.624826+00:00
[2024-11-18T14:49:19.656+0000] {processor.py:179} INFO - Processing /home/airflow/.local/lib/python3.8/site-packages/airflow/example_dags/example_task_group_decorator.py took 0.313 seconds
[2024-11-18T14:49:52.136+0000] {processor.py:157} INFO - Started process (PID=1738) to work on /home/airflow/.local/lib/python3.8/site-packages/airflow/example_dags/example_task_group_decorator.py
[2024-11-18T14:49:52.137+0000] {processor.py:829} INFO - Processing file /home/airflow/.local/lib/python3.8/site-packages/airflow/example_dags/example_task_group_decorator.py for tasks to queue
[2024-11-18T14:49:52.141+0000] {logging_mixin.py:151} INFO - [2024-11-18T14:49:52.140+0000] {dagbag.py:536} INFO - Filling up the DagBag from /home/airflow/.local/lib/python3.8/site-packages/airflow/example_dags/example_task_group_decorator.py
[2024-11-18T14:49:52.166+0000] {processor.py:839} INFO - DAG(s) dict_keys(['example_task_group_decorator']) retrieved from /home/airflow/.local/lib/python3.8/site-packages/airflow/example_dags/example_task_group_decorator.py
[2024-11-18T14:49:52.210+0000] {logging_mixin.py:151} INFO - [2024-11-18T14:49:52.210+0000] {dag.py:2941} INFO - Sync 1 DAGs
[2024-11-18T14:49:52.246+0000] {logging_mixin.py:151} INFO - [2024-11-18T14:49:52.246+0000] {dag.py:3722} INFO - Setting next_dagrun for example_task_group_decorator to 2024-11-17T14:49:52.245711+00:00, run_after=2024-11-18T14:49:52.245711+00:00
[2024-11-18T14:49:52.475+0000] {processor.py:179} INFO - Processing /home/airflow/.local/lib/python3.8/site-packages/airflow/example_dags/example_task_group_decorator.py took 0.344 seconds
[2024-11-18T14:50:29.148+0000] {processor.py:157} INFO - Started process (PID=1797) to work on /home/airflow/.local/lib/python3.8/site-packages/airflow/example_dags/example_task_group_decorator.py
[2024-11-18T14:50:29.149+0000] {processor.py:829} INFO - Processing file /home/airflow/.local/lib/python3.8/site-packages/airflow/example_dags/example_task_group_decorator.py for tasks to queue
[2024-11-18T14:50:29.152+0000] {logging_mixin.py:151} INFO - [2024-11-18T14:50:29.152+0000] {dagbag.py:536} INFO - Filling up the DagBag from /home/airflow/.local/lib/python3.8/site-packages/airflow/example_dags/example_task_group_decorator.py
[2024-11-18T14:50:29.346+0000] {processor.py:839} INFO - DAG(s) dict_keys(['example_task_group_decorator']) retrieved from /home/airflow/.local/lib/python3.8/site-packages/airflow/example_dags/example_task_group_decorator.py
[2024-11-18T14:50:29.381+0000] {logging_mixin.py:151} INFO - [2024-11-18T14:50:29.380+0000] {dag.py:2941} INFO - Sync 1 DAGs
[2024-11-18T14:50:29.410+0000] {logging_mixin.py:151} INFO - [2024-11-18T14:50:29.410+0000] {dag.py:3722} INFO - Setting next_dagrun for example_task_group_decorator to 2024-11-17T14:50:29.410068+00:00, run_after=2024-11-18T14:50:29.410068+00:00
[2024-11-18T14:50:29.438+0000] {processor.py:179} INFO - Processing /home/airflow/.local/lib/python3.8/site-packages/airflow/example_dags/example_task_group_decorator.py took 0.295 seconds
[2024-11-18T14:50:59.509+0000] {processor.py:157} INFO - Started process (PID=1853) to work on /home/airflow/.local/lib/python3.8/site-packages/airflow/example_dags/example_task_group_decorator.py
[2024-11-18T14:50:59.510+0000] {processor.py:829} INFO - Processing file /home/airflow/.local/lib/python3.8/site-packages/airflow/example_dags/example_task_group_decorator.py for tasks to queue
[2024-11-18T14:50:59.513+0000] {logging_mixin.py:151} INFO - [2024-11-18T14:50:59.513+0000] {dagbag.py:536} INFO - Filling up the DagBag from /home/airflow/.local/lib/python3.8/site-packages/airflow/example_dags/example_task_group_decorator.py
[2024-11-18T14:50:59.536+0000] {processor.py:839} INFO - DAG(s) dict_keys(['example_task_group_decorator']) retrieved from /home/airflow/.local/lib/python3.8/site-packages/airflow/example_dags/example_task_group_decorator.py
[2024-11-18T14:50:59.575+0000] {logging_mixin.py:151} INFO - [2024-11-18T14:50:59.574+0000] {dag.py:2941} INFO - Sync 1 DAGs
[2024-11-18T14:50:59.608+0000] {logging_mixin.py:151} INFO - [2024-11-18T14:50:59.608+0000] {dag.py:3722} INFO - Setting next_dagrun for example_task_group_decorator to 2024-11-17T14:50:59.607976+00:00, run_after=2024-11-18T14:50:59.607976+00:00
[2024-11-18T14:50:59.634+0000] {processor.py:179} INFO - Processing /home/airflow/.local/lib/python3.8/site-packages/airflow/example_dags/example_task_group_decorator.py took 0.130 seconds
[2024-11-18T14:51:32.149+0000] {processor.py:157} INFO - Started process (PID=1912) to work on /home/airflow/.local/lib/python3.8/site-packages/airflow/example_dags/example_task_group_decorator.py
[2024-11-18T14:51:32.151+0000] {processor.py:829} INFO - Processing file /home/airflow/.local/lib/python3.8/site-packages/airflow/example_dags/example_task_group_decorator.py for tasks to queue
[2024-11-18T14:51:32.155+0000] {logging_mixin.py:151} INFO - [2024-11-18T14:51:32.154+0000] {dagbag.py:536} INFO - Filling up the DagBag from /home/airflow/.local/lib/python3.8/site-packages/airflow/example_dags/example_task_group_decorator.py
[2024-11-18T14:51:32.179+0000] {processor.py:839} INFO - DAG(s) dict_keys(['example_task_group_decorator']) retrieved from /home/airflow/.local/lib/python3.8/site-packages/airflow/example_dags/example_task_group_decorator.py
[2024-11-18T14:51:32.218+0000] {logging_mixin.py:151} INFO - [2024-11-18T14:51:32.218+0000] {dag.py:2941} INFO - Sync 1 DAGs
[2024-11-18T14:51:32.258+0000] {logging_mixin.py:151} INFO - [2024-11-18T14:51:32.257+0000] {dag.py:3722} INFO - Setting next_dagrun for example_task_group_decorator to 2024-11-17T14:51:32.257366+00:00, run_after=2024-11-18T14:51:32.257366+00:00
[2024-11-18T14:51:32.289+0000] {processor.py:179} INFO - Processing /home/airflow/.local/lib/python3.8/site-packages/airflow/example_dags/example_task_group_decorator.py took 0.145 seconds
[2024-11-18T14:52:04.098+0000] {processor.py:157} INFO - Started process (PID=1970) to work on /home/airflow/.local/lib/python3.8/site-packages/airflow/example_dags/example_task_group_decorator.py
[2024-11-18T14:52:04.100+0000] {processor.py:829} INFO - Processing file /home/airflow/.local/lib/python3.8/site-packages/airflow/example_dags/example_task_group_decorator.py for tasks to queue
[2024-11-18T14:52:04.104+0000] {logging_mixin.py:151} INFO - [2024-11-18T14:52:04.103+0000] {dagbag.py:536} INFO - Filling up the DagBag from /home/airflow/.local/lib/python3.8/site-packages/airflow/example_dags/example_task_group_decorator.py
[2024-11-18T14:52:04.148+0000] {processor.py:839} INFO - DAG(s) dict_keys(['example_task_group_decorator']) retrieved from /home/airflow/.local/lib/python3.8/site-packages/airflow/example_dags/example_task_group_decorator.py
[2024-11-18T14:52:04.208+0000] {logging_mixin.py:151} INFO - [2024-11-18T14:52:04.208+0000] {dag.py:2941} INFO - Sync 1 DAGs
[2024-11-18T14:52:04.258+0000] {logging_mixin.py:151} INFO - [2024-11-18T14:52:04.257+0000] {dag.py:3722} INFO - Setting next_dagrun for example_task_group_decorator to 2024-11-17T14:52:04.257222+00:00, run_after=2024-11-18T14:52:04.257222+00:00
[2024-11-18T14:52:04.297+0000] {processor.py:179} INFO - Processing /home/airflow/.local/lib/python3.8/site-packages/airflow/example_dags/example_task_group_decorator.py took 0.204 seconds
[2024-11-18T14:52:38.214+0000] {processor.py:157} INFO - Started process (PID=2025) to work on /home/airflow/.local/lib/python3.8/site-packages/airflow/example_dags/example_task_group_decorator.py
[2024-11-18T14:52:38.216+0000] {processor.py:829} INFO - Processing file /home/airflow/.local/lib/python3.8/site-packages/airflow/example_dags/example_task_group_decorator.py for tasks to queue
[2024-11-18T14:52:38.220+0000] {logging_mixin.py:151} INFO - [2024-11-18T14:52:38.220+0000] {dagbag.py:536} INFO - Filling up the DagBag from /home/airflow/.local/lib/python3.8/site-packages/airflow/example_dags/example_task_group_decorator.py
[2024-11-18T14:52:38.251+0000] {processor.py:839} INFO - DAG(s) dict_keys(['example_task_group_decorator']) retrieved from /home/airflow/.local/lib/python3.8/site-packages/airflow/example_dags/example_task_group_decorator.py
[2024-11-18T14:52:38.295+0000] {logging_mixin.py:151} INFO - [2024-11-18T14:52:38.295+0000] {dag.py:2941} INFO - Sync 1 DAGs
[2024-11-18T14:52:38.331+0000] {logging_mixin.py:151} INFO - [2024-11-18T14:52:38.331+0000] {dag.py:3722} INFO - Setting next_dagrun for example_task_group_decorator to 2024-11-17T14:52:38.331066+00:00, run_after=2024-11-18T14:52:38.331066+00:00
[2024-11-18T14:52:38.361+0000] {processor.py:179} INFO - Processing /home/airflow/.local/lib/python3.8/site-packages/airflow/example_dags/example_task_group_decorator.py took 0.152 seconds
[2024-11-18T14:53:11.114+0000] {processor.py:157} INFO - Started process (PID=2081) to work on /home/airflow/.local/lib/python3.8/site-packages/airflow/example_dags/example_task_group_decorator.py
[2024-11-18T14:53:11.116+0000] {processor.py:829} INFO - Processing file /home/airflow/.local/lib/python3.8/site-packages/airflow/example_dags/example_task_group_decorator.py for tasks to queue
[2024-11-18T14:53:11.119+0000] {logging_mixin.py:151} INFO - [2024-11-18T14:53:11.119+0000] {dagbag.py:536} INFO - Filling up the DagBag from /home/airflow/.local/lib/python3.8/site-packages/airflow/example_dags/example_task_group_decorator.py
[2024-11-18T14:53:11.145+0000] {processor.py:839} INFO - DAG(s) dict_keys(['example_task_group_decorator']) retrieved from /home/airflow/.local/lib/python3.8/site-packages/airflow/example_dags/example_task_group_decorator.py
[2024-11-18T14:53:11.188+0000] {logging_mixin.py:151} INFO - [2024-11-18T14:53:11.187+0000] {dag.py:2941} INFO - Sync 1 DAGs
[2024-11-18T14:53:11.226+0000] {logging_mixin.py:151} INFO - [2024-11-18T14:53:11.225+0000] {dag.py:3722} INFO - Setting next_dagrun for example_task_group_decorator to 2024-11-17T14:53:11.225327+00:00, run_after=2024-11-18T14:53:11.225327+00:00
[2024-11-18T14:53:11.255+0000] {processor.py:179} INFO - Processing /home/airflow/.local/lib/python3.8/site-packages/airflow/example_dags/example_task_group_decorator.py took 0.147 seconds
[2024-11-18T14:53:44.978+0000] {processor.py:157} INFO - Started process (PID=2135) to work on /home/airflow/.local/lib/python3.8/site-packages/airflow/example_dags/example_task_group_decorator.py
[2024-11-18T14:53:44.979+0000] {processor.py:829} INFO - Processing file /home/airflow/.local/lib/python3.8/site-packages/airflow/example_dags/example_task_group_decorator.py for tasks to queue
[2024-11-18T14:53:44.982+0000] {logging_mixin.py:151} INFO - [2024-11-18T14:53:44.982+0000] {dagbag.py:536} INFO - Filling up the DagBag from /home/airflow/.local/lib/python3.8/site-packages/airflow/example_dags/example_task_group_decorator.py
[2024-11-18T14:53:45.005+0000] {processor.py:839} INFO - DAG(s) dict_keys(['example_task_group_decorator']) retrieved from /home/airflow/.local/lib/python3.8/site-packages/airflow/example_dags/example_task_group_decorator.py
[2024-11-18T14:53:45.043+0000] {logging_mixin.py:151} INFO - [2024-11-18T14:53:45.042+0000] {dag.py:2941} INFO - Sync 1 DAGs
[2024-11-18T14:53:45.088+0000] {logging_mixin.py:151} INFO - [2024-11-18T14:53:45.088+0000] {dag.py:3722} INFO - Setting next_dagrun for example_task_group_decorator to 2024-11-17T14:53:45.087886+00:00, run_after=2024-11-18T14:53:45.087886+00:00
[2024-11-18T14:53:45.122+0000] {processor.py:179} INFO - Processing /home/airflow/.local/lib/python3.8/site-packages/airflow/example_dags/example_task_group_decorator.py took 0.149 seconds
[2024-11-18T14:54:18.226+0000] {processor.py:157} INFO - Started process (PID=2191) to work on /home/airflow/.local/lib/python3.8/site-packages/airflow/example_dags/example_task_group_decorator.py
[2024-11-18T14:54:18.228+0000] {processor.py:829} INFO - Processing file /home/airflow/.local/lib/python3.8/site-packages/airflow/example_dags/example_task_group_decorator.py for tasks to queue
[2024-11-18T14:54:18.231+0000] {logging_mixin.py:151} INFO - [2024-11-18T14:54:18.230+0000] {dagbag.py:536} INFO - Filling up the DagBag from /home/airflow/.local/lib/python3.8/site-packages/airflow/example_dags/example_task_group_decorator.py
[2024-11-18T14:54:18.255+0000] {processor.py:839} INFO - DAG(s) dict_keys(['example_task_group_decorator']) retrieved from /home/airflow/.local/lib/python3.8/site-packages/airflow/example_dags/example_task_group_decorator.py
[2024-11-18T14:54:18.293+0000] {logging_mixin.py:151} INFO - [2024-11-18T14:54:18.292+0000] {dag.py:2941} INFO - Sync 1 DAGs
[2024-11-18T14:54:18.325+0000] {logging_mixin.py:151} INFO - [2024-11-18T14:54:18.325+0000] {dag.py:3722} INFO - Setting next_dagrun for example_task_group_decorator to 2024-11-17T14:54:18.324763+00:00, run_after=2024-11-18T14:54:18.324763+00:00
[2024-11-18T14:54:18.354+0000] {processor.py:179} INFO - Processing /home/airflow/.local/lib/python3.8/site-packages/airflow/example_dags/example_task_group_decorator.py took 0.132 seconds
[2024-11-18T14:54:51.597+0000] {processor.py:157} INFO - Started process (PID=2246) to work on /home/airflow/.local/lib/python3.8/site-packages/airflow/example_dags/example_task_group_decorator.py
[2024-11-18T14:54:51.599+0000] {processor.py:829} INFO - Processing file /home/airflow/.local/lib/python3.8/site-packages/airflow/example_dags/example_task_group_decorator.py for tasks to queue
[2024-11-18T14:54:51.602+0000] {logging_mixin.py:151} INFO - [2024-11-18T14:54:51.601+0000] {dagbag.py:536} INFO - Filling up the DagBag from /home/airflow/.local/lib/python3.8/site-packages/airflow/example_dags/example_task_group_decorator.py
[2024-11-18T14:54:51.625+0000] {processor.py:839} INFO - DAG(s) dict_keys(['example_task_group_decorator']) retrieved from /home/airflow/.local/lib/python3.8/site-packages/airflow/example_dags/example_task_group_decorator.py
[2024-11-18T14:54:51.663+0000] {logging_mixin.py:151} INFO - [2024-11-18T14:54:51.663+0000] {dag.py:2941} INFO - Sync 1 DAGs
[2024-11-18T14:54:51.696+0000] {logging_mixin.py:151} INFO - [2024-11-18T14:54:51.696+0000] {dag.py:3722} INFO - Setting next_dagrun for example_task_group_decorator to 2024-11-17T14:54:51.696335+00:00, run_after=2024-11-18T14:54:51.696335+00:00
[2024-11-18T14:54:51.723+0000] {processor.py:179} INFO - Processing /home/airflow/.local/lib/python3.8/site-packages/airflow/example_dags/example_task_group_decorator.py took 0.131 seconds
[2024-11-18T14:55:24.940+0000] {processor.py:157} INFO - Started process (PID=2301) to work on /home/airflow/.local/lib/python3.8/site-packages/airflow/example_dags/example_task_group_decorator.py
[2024-11-18T14:55:24.942+0000] {processor.py:829} INFO - Processing file /home/airflow/.local/lib/python3.8/site-packages/airflow/example_dags/example_task_group_decorator.py for tasks to queue
[2024-11-18T14:55:24.945+0000] {logging_mixin.py:151} INFO - [2024-11-18T14:55:24.945+0000] {dagbag.py:536} INFO - Filling up the DagBag from /home/airflow/.local/lib/python3.8/site-packages/airflow/example_dags/example_task_group_decorator.py
[2024-11-18T14:55:24.969+0000] {processor.py:839} INFO - DAG(s) dict_keys(['example_task_group_decorator']) retrieved from /home/airflow/.local/lib/python3.8/site-packages/airflow/example_dags/example_task_group_decorator.py
[2024-11-18T14:55:25.008+0000] {logging_mixin.py:151} INFO - [2024-11-18T14:55:25.007+0000] {dag.py:2941} INFO - Sync 1 DAGs
[2024-11-18T14:55:25.041+0000] {logging_mixin.py:151} INFO - [2024-11-18T14:55:25.041+0000] {dag.py:3722} INFO - Setting next_dagrun for example_task_group_decorator to 2024-11-17T14:55:25.041073+00:00, run_after=2024-11-18T14:55:25.041073+00:00
[2024-11-18T14:55:25.071+0000] {processor.py:179} INFO - Processing /home/airflow/.local/lib/python3.8/site-packages/airflow/example_dags/example_task_group_decorator.py took 0.136 seconds
[2024-11-18T14:55:58.784+0000] {processor.py:157} INFO - Started process (PID=2356) to work on /home/airflow/.local/lib/python3.8/site-packages/airflow/example_dags/example_task_group_decorator.py
[2024-11-18T14:55:58.786+0000] {processor.py:829} INFO - Processing file /home/airflow/.local/lib/python3.8/site-packages/airflow/example_dags/example_task_group_decorator.py for tasks to queue
[2024-11-18T14:55:58.791+0000] {logging_mixin.py:151} INFO - [2024-11-18T14:55:58.790+0000] {dagbag.py:536} INFO - Filling up the DagBag from /home/airflow/.local/lib/python3.8/site-packages/airflow/example_dags/example_task_group_decorator.py
[2024-11-18T14:55:58.818+0000] {processor.py:839} INFO - DAG(s) dict_keys(['example_task_group_decorator']) retrieved from /home/airflow/.local/lib/python3.8/site-packages/airflow/example_dags/example_task_group_decorator.py
[2024-11-18T14:55:58.862+0000] {logging_mixin.py:151} INFO - [2024-11-18T14:55:58.862+0000] {dag.py:2941} INFO - Sync 1 DAGs
[2024-11-18T14:55:58.900+0000] {logging_mixin.py:151} INFO - [2024-11-18T14:55:58.899+0000] {dag.py:3722} INFO - Setting next_dagrun for example_task_group_decorator to 2024-11-17T14:55:58.899402+00:00, run_after=2024-11-18T14:55:58.899402+00:00
[2024-11-18T14:55:58.932+0000] {processor.py:179} INFO - Processing /home/airflow/.local/lib/python3.8/site-packages/airflow/example_dags/example_task_group_decorator.py took 0.155 seconds
[2024-11-18T14:56:31.283+0000] {processor.py:157} INFO - Started process (PID=2411) to work on /home/airflow/.local/lib/python3.8/site-packages/airflow/example_dags/example_task_group_decorator.py
[2024-11-18T14:56:31.285+0000] {processor.py:829} INFO - Processing file /home/airflow/.local/lib/python3.8/site-packages/airflow/example_dags/example_task_group_decorator.py for tasks to queue
[2024-11-18T14:56:31.288+0000] {logging_mixin.py:151} INFO - [2024-11-18T14:56:31.288+0000] {dagbag.py:536} INFO - Filling up the DagBag from /home/airflow/.local/lib/python3.8/site-packages/airflow/example_dags/example_task_group_decorator.py
[2024-11-18T14:56:31.311+0000] {processor.py:839} INFO - DAG(s) dict_keys(['example_task_group_decorator']) retrieved from /home/airflow/.local/lib/python3.8/site-packages/airflow/example_dags/example_task_group_decorator.py
[2024-11-18T14:56:31.353+0000] {logging_mixin.py:151} INFO - [2024-11-18T14:56:31.352+0000] {dag.py:2941} INFO - Sync 1 DAGs
[2024-11-18T14:56:31.387+0000] {logging_mixin.py:151} INFO - [2024-11-18T14:56:31.387+0000] {dag.py:3722} INFO - Setting next_dagrun for example_task_group_decorator to 2024-11-17T14:56:31.387023+00:00, run_after=2024-11-18T14:56:31.387023+00:00
[2024-11-18T14:56:31.418+0000] {processor.py:179} INFO - Processing /home/airflow/.local/lib/python3.8/site-packages/airflow/example_dags/example_task_group_decorator.py took 0.140 seconds
[2024-11-18T14:57:04.991+0000] {processor.py:157} INFO - Started process (PID=2466) to work on /home/airflow/.local/lib/python3.8/site-packages/airflow/example_dags/example_task_group_decorator.py
[2024-11-18T14:57:04.993+0000] {processor.py:829} INFO - Processing file /home/airflow/.local/lib/python3.8/site-packages/airflow/example_dags/example_task_group_decorator.py for tasks to queue
[2024-11-18T14:57:04.996+0000] {logging_mixin.py:151} INFO - [2024-11-18T14:57:04.996+0000] {dagbag.py:536} INFO - Filling up the DagBag from /home/airflow/.local/lib/python3.8/site-packages/airflow/example_dags/example_task_group_decorator.py
[2024-11-18T14:57:05.019+0000] {processor.py:839} INFO - DAG(s) dict_keys(['example_task_group_decorator']) retrieved from /home/airflow/.local/lib/python3.8/site-packages/airflow/example_dags/example_task_group_decorator.py
[2024-11-18T14:57:05.058+0000] {logging_mixin.py:151} INFO - [2024-11-18T14:57:05.057+0000] {dag.py:2941} INFO - Sync 1 DAGs
[2024-11-18T14:57:05.091+0000] {logging_mixin.py:151} INFO - [2024-11-18T14:57:05.091+0000] {dag.py:3722} INFO - Setting next_dagrun for example_task_group_decorator to 2024-11-17T14:57:05.091049+00:00, run_after=2024-11-18T14:57:05.091049+00:00
[2024-11-18T14:57:05.118+0000] {processor.py:179} INFO - Processing /home/airflow/.local/lib/python3.8/site-packages/airflow/example_dags/example_task_group_decorator.py took 0.132 seconds
[2024-11-18T14:57:38.167+0000] {processor.py:157} INFO - Started process (PID=2521) to work on /home/airflow/.local/lib/python3.8/site-packages/airflow/example_dags/example_task_group_decorator.py
[2024-11-18T14:57:38.169+0000] {processor.py:829} INFO - Processing file /home/airflow/.local/lib/python3.8/site-packages/airflow/example_dags/example_task_group_decorator.py for tasks to queue
[2024-11-18T14:57:38.172+0000] {logging_mixin.py:151} INFO - [2024-11-18T14:57:38.172+0000] {dagbag.py:536} INFO - Filling up the DagBag from /home/airflow/.local/lib/python3.8/site-packages/airflow/example_dags/example_task_group_decorator.py
[2024-11-18T14:57:38.200+0000] {processor.py:839} INFO - DAG(s) dict_keys(['example_task_group_decorator']) retrieved from /home/airflow/.local/lib/python3.8/site-packages/airflow/example_dags/example_task_group_decorator.py
[2024-11-18T14:57:38.241+0000] {logging_mixin.py:151} INFO - [2024-11-18T14:57:38.241+0000] {dag.py:2941} INFO - Sync 1 DAGs
[2024-11-18T14:57:38.282+0000] {logging_mixin.py:151} INFO - [2024-11-18T14:57:38.281+0000] {dag.py:3722} INFO - Setting next_dagrun for example_task_group_decorator to 2024-11-17T14:57:38.281511+00:00, run_after=2024-11-18T14:57:38.281511+00:00
[2024-11-18T14:57:38.312+0000] {processor.py:179} INFO - Processing /home/airflow/.local/lib/python3.8/site-packages/airflow/example_dags/example_task_group_decorator.py took 0.150 seconds
[2024-11-18T14:58:11.709+0000] {processor.py:157} INFO - Started process (PID=2576) to work on /home/airflow/.local/lib/python3.8/site-packages/airflow/example_dags/example_task_group_decorator.py
[2024-11-18T14:58:11.711+0000] {processor.py:829} INFO - Processing file /home/airflow/.local/lib/python3.8/site-packages/airflow/example_dags/example_task_group_decorator.py for tasks to queue
[2024-11-18T14:58:11.715+0000] {logging_mixin.py:151} INFO - [2024-11-18T14:58:11.714+0000] {dagbag.py:536} INFO - Filling up the DagBag from /home/airflow/.local/lib/python3.8/site-packages/airflow/example_dags/example_task_group_decorator.py
[2024-11-18T14:58:11.738+0000] {processor.py:839} INFO - DAG(s) dict_keys(['example_task_group_decorator']) retrieved from /home/airflow/.local/lib/python3.8/site-packages/airflow/example_dags/example_task_group_decorator.py
[2024-11-18T14:58:11.777+0000] {logging_mixin.py:151} INFO - [2024-11-18T14:58:11.777+0000] {dag.py:2941} INFO - Sync 1 DAGs
[2024-11-18T14:58:11.813+0000] {logging_mixin.py:151} INFO - [2024-11-18T14:58:11.813+0000] {dag.py:3722} INFO - Setting next_dagrun for example_task_group_decorator to 2024-11-17T14:58:11.813069+00:00, run_after=2024-11-18T14:58:11.813069+00:00
[2024-11-18T14:58:11.843+0000] {processor.py:179} INFO - Processing /home/airflow/.local/lib/python3.8/site-packages/airflow/example_dags/example_task_group_decorator.py took 0.139 seconds
