[2024-11-18T14:20:14.164+0000] {processor.py:157} INFO - Started process (PID=82) to work on /home/airflow/.local/lib/python3.8/site-packages/airflow/example_dags/example_setup_teardown.py
[2024-11-18T14:20:14.167+0000] {processor.py:829} INFO - Processing file /home/airflow/.local/lib/python3.8/site-packages/airflow/example_dags/example_setup_teardown.py for tasks to queue
[2024-11-18T14:20:14.171+0000] {logging_mixin.py:151} INFO - [2024-11-18T14:20:14.171+0000] {dagbag.py:536} INFO - Filling up the DagBag from /home/airflow/.local/lib/python3.8/site-packages/airflow/example_dags/example_setup_teardown.py
[2024-11-18T14:20:14.193+0000] {processor.py:839} INFO - DAG(s) dict_keys(['example_setup_teardown']) retrieved from /home/airflow/.local/lib/python3.8/site-packages/airflow/example_dags/example_setup_teardown.py
[2024-11-18T14:20:14.396+0000] {logging_mixin.py:151} INFO - [2024-11-18T14:20:14.395+0000] {manager.py:499} INFO - Created Permission View: %s
[2024-11-18T14:20:14.418+0000] {logging_mixin.py:151} INFO - [2024-11-18T14:20:14.418+0000] {manager.py:499} INFO - Created Permission View: %s
[2024-11-18T14:20:14.434+0000] {logging_mixin.py:151} INFO - [2024-11-18T14:20:14.434+0000] {manager.py:499} INFO - Created Permission View: %s
[2024-11-18T14:20:14.435+0000] {logging_mixin.py:151} INFO - [2024-11-18T14:20:14.435+0000] {dag.py:2941} INFO - Sync 1 DAGs
[2024-11-18T14:20:14.459+0000] {logging_mixin.py:151} INFO - [2024-11-18T14:20:14.458+0000] {dag.py:2963} INFO - Creating ORM DAG for example_setup_teardown
[2024-11-18T14:20:14.478+0000] {logging_mixin.py:151} INFO - [2024-11-18T14:20:14.478+0000] {dag.py:3722} INFO - Setting next_dagrun for example_setup_teardown to 2024-11-17T14:20:14.477813+00:00, run_after=2024-11-18T14:20:14.477813+00:00
[2024-11-18T14:20:14.507+0000] {processor.py:179} INFO - Processing /home/airflow/.local/lib/python3.8/site-packages/airflow/example_dags/example_setup_teardown.py took 0.352 seconds
[2024-11-18T14:20:44.601+0000] {processor.py:157} INFO - Started process (PID=136) to work on /home/airflow/.local/lib/python3.8/site-packages/airflow/example_dags/example_setup_teardown.py
[2024-11-18T14:20:44.603+0000] {processor.py:829} INFO - Processing file /home/airflow/.local/lib/python3.8/site-packages/airflow/example_dags/example_setup_teardown.py for tasks to queue
[2024-11-18T14:20:44.606+0000] {logging_mixin.py:151} INFO - [2024-11-18T14:20:44.606+0000] {dagbag.py:536} INFO - Filling up the DagBag from /home/airflow/.local/lib/python3.8/site-packages/airflow/example_dags/example_setup_teardown.py
[2024-11-18T14:20:44.616+0000] {processor.py:839} INFO - DAG(s) dict_keys(['example_setup_teardown']) retrieved from /home/airflow/.local/lib/python3.8/site-packages/airflow/example_dags/example_setup_teardown.py
[2024-11-18T14:20:44.648+0000] {logging_mixin.py:151} INFO - [2024-11-18T14:20:44.648+0000] {dag.py:2941} INFO - Sync 1 DAGs
[2024-11-18T14:20:44.683+0000] {logging_mixin.py:151} INFO - [2024-11-18T14:20:44.683+0000] {dag.py:3722} INFO - Setting next_dagrun for example_setup_teardown to 2024-11-17T14:20:44.682877+00:00, run_after=2024-11-18T14:20:44.682877+00:00
[2024-11-18T14:20:44.709+0000] {processor.py:179} INFO - Processing /home/airflow/.local/lib/python3.8/site-packages/airflow/example_dags/example_setup_teardown.py took 0.112 seconds
[2024-11-18T14:21:15.059+0000] {processor.py:157} INFO - Started process (PID=190) to work on /home/airflow/.local/lib/python3.8/site-packages/airflow/example_dags/example_setup_teardown.py
[2024-11-18T14:21:15.060+0000] {processor.py:829} INFO - Processing file /home/airflow/.local/lib/python3.8/site-packages/airflow/example_dags/example_setup_teardown.py for tasks to queue
[2024-11-18T14:21:15.063+0000] {logging_mixin.py:151} INFO - [2024-11-18T14:21:15.063+0000] {dagbag.py:536} INFO - Filling up the DagBag from /home/airflow/.local/lib/python3.8/site-packages/airflow/example_dags/example_setup_teardown.py
[2024-11-18T14:21:15.073+0000] {processor.py:839} INFO - DAG(s) dict_keys(['example_setup_teardown']) retrieved from /home/airflow/.local/lib/python3.8/site-packages/airflow/example_dags/example_setup_teardown.py
[2024-11-18T14:21:15.105+0000] {logging_mixin.py:151} INFO - [2024-11-18T14:21:15.105+0000] {dag.py:2941} INFO - Sync 1 DAGs
[2024-11-18T14:21:15.141+0000] {logging_mixin.py:151} INFO - [2024-11-18T14:21:15.141+0000] {dag.py:3722} INFO - Setting next_dagrun for example_setup_teardown to 2024-11-17T14:21:15.140719+00:00, run_after=2024-11-18T14:21:15.140719+00:00
[2024-11-18T14:21:15.171+0000] {processor.py:179} INFO - Processing /home/airflow/.local/lib/python3.8/site-packages/airflow/example_dags/example_setup_teardown.py took 0.118 seconds
[2024-11-18T14:21:45.521+0000] {processor.py:157} INFO - Started process (PID=244) to work on /home/airflow/.local/lib/python3.8/site-packages/airflow/example_dags/example_setup_teardown.py
[2024-11-18T14:21:45.523+0000] {processor.py:829} INFO - Processing file /home/airflow/.local/lib/python3.8/site-packages/airflow/example_dags/example_setup_teardown.py for tasks to queue
[2024-11-18T14:21:45.527+0000] {logging_mixin.py:151} INFO - [2024-11-18T14:21:45.526+0000] {dagbag.py:536} INFO - Filling up the DagBag from /home/airflow/.local/lib/python3.8/site-packages/airflow/example_dags/example_setup_teardown.py
[2024-11-18T14:21:45.538+0000] {processor.py:839} INFO - DAG(s) dict_keys(['example_setup_teardown']) retrieved from /home/airflow/.local/lib/python3.8/site-packages/airflow/example_dags/example_setup_teardown.py
[2024-11-18T14:21:45.576+0000] {logging_mixin.py:151} INFO - [2024-11-18T14:21:45.576+0000] {dag.py:2941} INFO - Sync 1 DAGs
[2024-11-18T14:21:45.614+0000] {logging_mixin.py:151} INFO - [2024-11-18T14:21:45.614+0000] {dag.py:3722} INFO - Setting next_dagrun for example_setup_teardown to 2024-11-17T14:21:45.613944+00:00, run_after=2024-11-18T14:21:45.613944+00:00
[2024-11-18T14:21:45.644+0000] {processor.py:179} INFO - Processing /home/airflow/.local/lib/python3.8/site-packages/airflow/example_dags/example_setup_teardown.py took 0.128 seconds
[2024-11-18T14:22:15.786+0000] {processor.py:157} INFO - Started process (PID=298) to work on /home/airflow/.local/lib/python3.8/site-packages/airflow/example_dags/example_setup_teardown.py
[2024-11-18T14:22:15.788+0000] {processor.py:829} INFO - Processing file /home/airflow/.local/lib/python3.8/site-packages/airflow/example_dags/example_setup_teardown.py for tasks to queue
[2024-11-18T14:22:15.791+0000] {logging_mixin.py:151} INFO - [2024-11-18T14:22:15.790+0000] {dagbag.py:536} INFO - Filling up the DagBag from /home/airflow/.local/lib/python3.8/site-packages/airflow/example_dags/example_setup_teardown.py
[2024-11-18T14:22:15.801+0000] {processor.py:839} INFO - DAG(s) dict_keys(['example_setup_teardown']) retrieved from /home/airflow/.local/lib/python3.8/site-packages/airflow/example_dags/example_setup_teardown.py
[2024-11-18T14:22:15.837+0000] {logging_mixin.py:151} INFO - [2024-11-18T14:22:15.837+0000] {dag.py:2941} INFO - Sync 1 DAGs
[2024-11-18T14:22:15.874+0000] {logging_mixin.py:151} INFO - [2024-11-18T14:22:15.874+0000] {dag.py:3722} INFO - Setting next_dagrun for example_setup_teardown to 2024-11-17T14:22:15.873997+00:00, run_after=2024-11-18T14:22:15.873997+00:00
[2024-11-18T14:22:15.905+0000] {processor.py:179} INFO - Processing /home/airflow/.local/lib/python3.8/site-packages/airflow/example_dags/example_setup_teardown.py took 0.124 seconds
[2024-11-18T14:22:46.209+0000] {processor.py:157} INFO - Started process (PID=353) to work on /home/airflow/.local/lib/python3.8/site-packages/airflow/example_dags/example_setup_teardown.py
[2024-11-18T14:22:46.211+0000] {processor.py:829} INFO - Processing file /home/airflow/.local/lib/python3.8/site-packages/airflow/example_dags/example_setup_teardown.py for tasks to queue
[2024-11-18T14:22:46.214+0000] {logging_mixin.py:151} INFO - [2024-11-18T14:22:46.213+0000] {dagbag.py:536} INFO - Filling up the DagBag from /home/airflow/.local/lib/python3.8/site-packages/airflow/example_dags/example_setup_teardown.py
[2024-11-18T14:22:46.223+0000] {processor.py:839} INFO - DAG(s) dict_keys(['example_setup_teardown']) retrieved from /home/airflow/.local/lib/python3.8/site-packages/airflow/example_dags/example_setup_teardown.py
[2024-11-18T14:22:46.258+0000] {logging_mixin.py:151} INFO - [2024-11-18T14:22:46.257+0000] {dag.py:2941} INFO - Sync 1 DAGs
[2024-11-18T14:22:46.294+0000] {logging_mixin.py:151} INFO - [2024-11-18T14:22:46.294+0000] {dag.py:3722} INFO - Setting next_dagrun for example_setup_teardown to 2024-11-17T14:22:46.293683+00:00, run_after=2024-11-18T14:22:46.293683+00:00
[2024-11-18T14:22:46.325+0000] {processor.py:179} INFO - Processing /home/airflow/.local/lib/python3.8/site-packages/airflow/example_dags/example_setup_teardown.py took 0.121 seconds
[2024-11-18T14:23:16.711+0000] {processor.py:157} INFO - Started process (PID=407) to work on /home/airflow/.local/lib/python3.8/site-packages/airflow/example_dags/example_setup_teardown.py
[2024-11-18T14:23:16.712+0000] {processor.py:829} INFO - Processing file /home/airflow/.local/lib/python3.8/site-packages/airflow/example_dags/example_setup_teardown.py for tasks to queue
[2024-11-18T14:23:16.715+0000] {logging_mixin.py:151} INFO - [2024-11-18T14:23:16.715+0000] {dagbag.py:536} INFO - Filling up the DagBag from /home/airflow/.local/lib/python3.8/site-packages/airflow/example_dags/example_setup_teardown.py
[2024-11-18T14:23:16.724+0000] {processor.py:839} INFO - DAG(s) dict_keys(['example_setup_teardown']) retrieved from /home/airflow/.local/lib/python3.8/site-packages/airflow/example_dags/example_setup_teardown.py
[2024-11-18T14:23:16.756+0000] {logging_mixin.py:151} INFO - [2024-11-18T14:23:16.755+0000] {dag.py:2941} INFO - Sync 1 DAGs
[2024-11-18T14:23:16.791+0000] {logging_mixin.py:151} INFO - [2024-11-18T14:23:16.791+0000] {dag.py:3722} INFO - Setting next_dagrun for example_setup_teardown to 2024-11-17T14:23:16.790824+00:00, run_after=2024-11-18T14:23:16.790824+00:00
[2024-11-18T14:23:16.823+0000] {processor.py:179} INFO - Processing /home/airflow/.local/lib/python3.8/site-packages/airflow/example_dags/example_setup_teardown.py took 0.117 seconds
[2024-11-18T14:23:47.301+0000] {processor.py:157} INFO - Started process (PID=461) to work on /home/airflow/.local/lib/python3.8/site-packages/airflow/example_dags/example_setup_teardown.py
[2024-11-18T14:23:47.302+0000] {processor.py:829} INFO - Processing file /home/airflow/.local/lib/python3.8/site-packages/airflow/example_dags/example_setup_teardown.py for tasks to queue
[2024-11-18T14:23:47.305+0000] {logging_mixin.py:151} INFO - [2024-11-18T14:23:47.305+0000] {dagbag.py:536} INFO - Filling up the DagBag from /home/airflow/.local/lib/python3.8/site-packages/airflow/example_dags/example_setup_teardown.py
[2024-11-18T14:23:47.318+0000] {processor.py:839} INFO - DAG(s) dict_keys(['example_setup_teardown']) retrieved from /home/airflow/.local/lib/python3.8/site-packages/airflow/example_dags/example_setup_teardown.py
[2024-11-18T14:23:47.350+0000] {logging_mixin.py:151} INFO - [2024-11-18T14:23:47.350+0000] {dag.py:2941} INFO - Sync 1 DAGs
[2024-11-18T14:23:47.387+0000] {logging_mixin.py:151} INFO - [2024-11-18T14:23:47.386+0000] {dag.py:3722} INFO - Setting next_dagrun for example_setup_teardown to 2024-11-17T14:23:47.386405+00:00, run_after=2024-11-18T14:23:47.386405+00:00
[2024-11-18T14:23:47.414+0000] {processor.py:179} INFO - Processing /home/airflow/.local/lib/python3.8/site-packages/airflow/example_dags/example_setup_teardown.py took 0.118 seconds
[2024-11-18T14:24:19.137+0000] {processor.py:157} INFO - Started process (PID=515) to work on /home/airflow/.local/lib/python3.8/site-packages/airflow/example_dags/example_setup_teardown.py
[2024-11-18T14:24:19.138+0000] {processor.py:829} INFO - Processing file /home/airflow/.local/lib/python3.8/site-packages/airflow/example_dags/example_setup_teardown.py for tasks to queue
[2024-11-18T14:24:19.141+0000] {logging_mixin.py:151} INFO - [2024-11-18T14:24:19.141+0000] {dagbag.py:536} INFO - Filling up the DagBag from /home/airflow/.local/lib/python3.8/site-packages/airflow/example_dags/example_setup_teardown.py
[2024-11-18T14:24:19.154+0000] {processor.py:839} INFO - DAG(s) dict_keys(['example_setup_teardown']) retrieved from /home/airflow/.local/lib/python3.8/site-packages/airflow/example_dags/example_setup_teardown.py
[2024-11-18T14:24:19.186+0000] {logging_mixin.py:151} INFO - [2024-11-18T14:24:19.186+0000] {dag.py:2941} INFO - Sync 1 DAGs
[2024-11-18T14:24:19.222+0000] {logging_mixin.py:151} INFO - [2024-11-18T14:24:19.221+0000] {dag.py:3722} INFO - Setting next_dagrun for example_setup_teardown to 2024-11-17T14:24:19.221378+00:00, run_after=2024-11-18T14:24:19.221378+00:00
[2024-11-18T14:24:19.254+0000] {processor.py:179} INFO - Processing /home/airflow/.local/lib/python3.8/site-packages/airflow/example_dags/example_setup_teardown.py took 0.122 seconds
[2024-11-18T14:24:51.568+0000] {processor.py:157} INFO - Started process (PID=556) to work on /home/airflow/.local/lib/python3.8/site-packages/airflow/example_dags/example_setup_teardown.py
[2024-11-18T14:24:51.570+0000] {processor.py:829} INFO - Processing file /home/airflow/.local/lib/python3.8/site-packages/airflow/example_dags/example_setup_teardown.py for tasks to queue
[2024-11-18T14:24:51.573+0000] {logging_mixin.py:151} INFO - [2024-11-18T14:24:51.573+0000] {dagbag.py:536} INFO - Filling up the DagBag from /home/airflow/.local/lib/python3.8/site-packages/airflow/example_dags/example_setup_teardown.py
[2024-11-18T14:24:51.583+0000] {processor.py:839} INFO - DAG(s) dict_keys(['example_setup_teardown']) retrieved from /home/airflow/.local/lib/python3.8/site-packages/airflow/example_dags/example_setup_teardown.py
[2024-11-18T14:24:51.614+0000] {logging_mixin.py:151} INFO - [2024-11-18T14:24:51.613+0000] {dag.py:2941} INFO - Sync 1 DAGs
[2024-11-18T14:24:51.648+0000] {logging_mixin.py:151} INFO - [2024-11-18T14:24:51.647+0000] {dag.py:3722} INFO - Setting next_dagrun for example_setup_teardown to 2024-11-17T14:24:51.647260+00:00, run_after=2024-11-18T14:24:51.647260+00:00
[2024-11-18T14:24:51.679+0000] {processor.py:179} INFO - Processing /home/airflow/.local/lib/python3.8/site-packages/airflow/example_dags/example_setup_teardown.py took 0.115 seconds
[2024-11-18T14:25:24.737+0000] {processor.py:157} INFO - Started process (PID=610) to work on /home/airflow/.local/lib/python3.8/site-packages/airflow/example_dags/example_setup_teardown.py
[2024-11-18T14:25:24.738+0000] {processor.py:829} INFO - Processing file /home/airflow/.local/lib/python3.8/site-packages/airflow/example_dags/example_setup_teardown.py for tasks to queue
[2024-11-18T14:25:24.742+0000] {logging_mixin.py:151} INFO - [2024-11-18T14:25:24.742+0000] {dagbag.py:536} INFO - Filling up the DagBag from /home/airflow/.local/lib/python3.8/site-packages/airflow/example_dags/example_setup_teardown.py
[2024-11-18T14:25:24.753+0000] {processor.py:839} INFO - DAG(s) dict_keys(['example_setup_teardown']) retrieved from /home/airflow/.local/lib/python3.8/site-packages/airflow/example_dags/example_setup_teardown.py
[2024-11-18T14:25:24.770+0000] {logging_mixin.py:151} INFO - [2024-11-18T14:25:24.770+0000] {dag.py:2941} INFO - Sync 1 DAGs
[2024-11-18T14:25:24.806+0000] {logging_mixin.py:151} INFO - [2024-11-18T14:25:24.806+0000] {dag.py:3722} INFO - Setting next_dagrun for example_setup_teardown to 2024-11-17T14:25:24.805809+00:00, run_after=2024-11-18T14:25:24.805809+00:00
[2024-11-18T14:25:24.838+0000] {processor.py:179} INFO - Processing /home/airflow/.local/lib/python3.8/site-packages/airflow/example_dags/example_setup_teardown.py took 0.105 seconds
[2024-11-18T14:25:55.230+0000] {processor.py:157} INFO - Started process (PID=664) to work on /home/airflow/.local/lib/python3.8/site-packages/airflow/example_dags/example_setup_teardown.py
[2024-11-18T14:25:55.232+0000] {processor.py:829} INFO - Processing file /home/airflow/.local/lib/python3.8/site-packages/airflow/example_dags/example_setup_teardown.py for tasks to queue
[2024-11-18T14:25:55.237+0000] {logging_mixin.py:151} INFO - [2024-11-18T14:25:55.236+0000] {dagbag.py:536} INFO - Filling up the DagBag from /home/airflow/.local/lib/python3.8/site-packages/airflow/example_dags/example_setup_teardown.py
[2024-11-18T14:25:55.261+0000] {processor.py:839} INFO - DAG(s) dict_keys(['example_setup_teardown']) retrieved from /home/airflow/.local/lib/python3.8/site-packages/airflow/example_dags/example_setup_teardown.py
[2024-11-18T14:25:55.307+0000] {logging_mixin.py:151} INFO - [2024-11-18T14:25:55.307+0000] {dag.py:2941} INFO - Sync 1 DAGs
[2024-11-18T14:25:55.355+0000] {logging_mixin.py:151} INFO - [2024-11-18T14:25:55.355+0000] {dag.py:3722} INFO - Setting next_dagrun for example_setup_teardown to 2024-11-17T14:25:55.354655+00:00, run_after=2024-11-18T14:25:55.354655+00:00
[2024-11-18T14:25:55.391+0000] {processor.py:179} INFO - Processing /home/airflow/.local/lib/python3.8/site-packages/airflow/example_dags/example_setup_teardown.py took 0.166 seconds
[2024-11-18T14:26:25.690+0000] {processor.py:157} INFO - Started process (PID=718) to work on /home/airflow/.local/lib/python3.8/site-packages/airflow/example_dags/example_setup_teardown.py
[2024-11-18T14:26:25.692+0000] {processor.py:829} INFO - Processing file /home/airflow/.local/lib/python3.8/site-packages/airflow/example_dags/example_setup_teardown.py for tasks to queue
[2024-11-18T14:26:25.697+0000] {logging_mixin.py:151} INFO - [2024-11-18T14:26:25.696+0000] {dagbag.py:536} INFO - Filling up the DagBag from /home/airflow/.local/lib/python3.8/site-packages/airflow/example_dags/example_setup_teardown.py
[2024-11-18T14:26:25.716+0000] {processor.py:839} INFO - DAG(s) dict_keys(['example_setup_teardown']) retrieved from /home/airflow/.local/lib/python3.8/site-packages/airflow/example_dags/example_setup_teardown.py
[2024-11-18T14:26:25.769+0000] {logging_mixin.py:151} INFO - [2024-11-18T14:26:25.768+0000] {dag.py:2941} INFO - Sync 1 DAGs
[2024-11-18T14:26:25.828+0000] {logging_mixin.py:151} INFO - [2024-11-18T14:26:25.827+0000] {dag.py:3722} INFO - Setting next_dagrun for example_setup_teardown to 2024-11-17T14:26:25.827372+00:00, run_after=2024-11-18T14:26:25.827372+00:00
[2024-11-18T14:26:25.875+0000] {processor.py:179} INFO - Processing /home/airflow/.local/lib/python3.8/site-packages/airflow/example_dags/example_setup_teardown.py took 0.195 seconds
[2024-11-18T14:26:56.331+0000] {processor.py:157} INFO - Started process (PID=765) to work on /home/airflow/.local/lib/python3.8/site-packages/airflow/example_dags/example_setup_teardown.py
[2024-11-18T14:26:56.332+0000] {processor.py:829} INFO - Processing file /home/airflow/.local/lib/python3.8/site-packages/airflow/example_dags/example_setup_teardown.py for tasks to queue
[2024-11-18T14:26:56.336+0000] {logging_mixin.py:151} INFO - [2024-11-18T14:26:56.335+0000] {dagbag.py:536} INFO - Filling up the DagBag from /home/airflow/.local/lib/python3.8/site-packages/airflow/example_dags/example_setup_teardown.py
[2024-11-18T14:26:56.346+0000] {processor.py:839} INFO - DAG(s) dict_keys(['example_setup_teardown']) retrieved from /home/airflow/.local/lib/python3.8/site-packages/airflow/example_dags/example_setup_teardown.py
[2024-11-18T14:26:56.376+0000] {logging_mixin.py:151} INFO - [2024-11-18T14:26:56.376+0000] {dag.py:2941} INFO - Sync 1 DAGs
[2024-11-18T14:26:56.410+0000] {logging_mixin.py:151} INFO - [2024-11-18T14:26:56.410+0000] {dag.py:3722} INFO - Setting next_dagrun for example_setup_teardown to 2024-11-17T14:26:56.409897+00:00, run_after=2024-11-18T14:26:56.409897+00:00
[2024-11-18T14:26:56.438+0000] {processor.py:179} INFO - Processing /home/airflow/.local/lib/python3.8/site-packages/airflow/example_dags/example_setup_teardown.py took 0.111 seconds
[2024-11-18T14:27:27.116+0000] {processor.py:157} INFO - Started process (PID=819) to work on /home/airflow/.local/lib/python3.8/site-packages/airflow/example_dags/example_setup_teardown.py
[2024-11-18T14:27:27.118+0000] {processor.py:829} INFO - Processing file /home/airflow/.local/lib/python3.8/site-packages/airflow/example_dags/example_setup_teardown.py for tasks to queue
[2024-11-18T14:27:27.121+0000] {logging_mixin.py:151} INFO - [2024-11-18T14:27:27.120+0000] {dagbag.py:536} INFO - Filling up the DagBag from /home/airflow/.local/lib/python3.8/site-packages/airflow/example_dags/example_setup_teardown.py
[2024-11-18T14:27:27.131+0000] {processor.py:839} INFO - DAG(s) dict_keys(['example_setup_teardown']) retrieved from /home/airflow/.local/lib/python3.8/site-packages/airflow/example_dags/example_setup_teardown.py
[2024-11-18T14:27:27.162+0000] {logging_mixin.py:151} INFO - [2024-11-18T14:27:27.162+0000] {dag.py:2941} INFO - Sync 1 DAGs
[2024-11-18T14:27:27.196+0000] {logging_mixin.py:151} INFO - [2024-11-18T14:27:27.195+0000] {dag.py:3722} INFO - Setting next_dagrun for example_setup_teardown to 2024-11-17T14:27:27.195346+00:00, run_after=2024-11-18T14:27:27.195346+00:00
[2024-11-18T14:27:27.225+0000] {processor.py:179} INFO - Processing /home/airflow/.local/lib/python3.8/site-packages/airflow/example_dags/example_setup_teardown.py took 0.114 seconds
[2024-11-18T14:27:57.948+0000] {processor.py:157} INFO - Started process (PID=873) to work on /home/airflow/.local/lib/python3.8/site-packages/airflow/example_dags/example_setup_teardown.py
[2024-11-18T14:27:57.949+0000] {processor.py:829} INFO - Processing file /home/airflow/.local/lib/python3.8/site-packages/airflow/example_dags/example_setup_teardown.py for tasks to queue
[2024-11-18T14:27:57.952+0000] {logging_mixin.py:151} INFO - [2024-11-18T14:27:57.952+0000] {dagbag.py:536} INFO - Filling up the DagBag from /home/airflow/.local/lib/python3.8/site-packages/airflow/example_dags/example_setup_teardown.py
[2024-11-18T14:27:57.961+0000] {processor.py:839} INFO - DAG(s) dict_keys(['example_setup_teardown']) retrieved from /home/airflow/.local/lib/python3.8/site-packages/airflow/example_dags/example_setup_teardown.py
[2024-11-18T14:27:57.993+0000] {logging_mixin.py:151} INFO - [2024-11-18T14:27:57.992+0000] {dag.py:2941} INFO - Sync 1 DAGs
[2024-11-18T14:27:58.025+0000] {logging_mixin.py:151} INFO - [2024-11-18T14:27:58.025+0000] {dag.py:3722} INFO - Setting next_dagrun for example_setup_teardown to 2024-11-17T14:27:58.024703+00:00, run_after=2024-11-18T14:27:58.024703+00:00
[2024-11-18T14:27:58.053+0000] {processor.py:179} INFO - Processing /home/airflow/.local/lib/python3.8/site-packages/airflow/example_dags/example_setup_teardown.py took 0.109 seconds
[2024-11-18T14:28:28.993+0000] {processor.py:157} INFO - Started process (PID=928) to work on /home/airflow/.local/lib/python3.8/site-packages/airflow/example_dags/example_setup_teardown.py
[2024-11-18T14:28:28.994+0000] {processor.py:829} INFO - Processing file /home/airflow/.local/lib/python3.8/site-packages/airflow/example_dags/example_setup_teardown.py for tasks to queue
[2024-11-18T14:28:28.997+0000] {logging_mixin.py:151} INFO - [2024-11-18T14:28:28.997+0000] {dagbag.py:536} INFO - Filling up the DagBag from /home/airflow/.local/lib/python3.8/site-packages/airflow/example_dags/example_setup_teardown.py
[2024-11-18T14:28:29.007+0000] {processor.py:839} INFO - DAG(s) dict_keys(['example_setup_teardown']) retrieved from /home/airflow/.local/lib/python3.8/site-packages/airflow/example_dags/example_setup_teardown.py
[2024-11-18T14:28:29.041+0000] {logging_mixin.py:151} INFO - [2024-11-18T14:28:29.040+0000] {dag.py:2941} INFO - Sync 1 DAGs
[2024-11-18T14:28:29.083+0000] {logging_mixin.py:151} INFO - [2024-11-18T14:28:29.083+0000] {dag.py:3722} INFO - Setting next_dagrun for example_setup_teardown to 2024-11-17T14:28:29.082641+00:00, run_after=2024-11-18T14:28:29.082641+00:00
[2024-11-18T14:28:29.124+0000] {processor.py:179} INFO - Processing /home/airflow/.local/lib/python3.8/site-packages/airflow/example_dags/example_setup_teardown.py took 0.137 seconds
[2024-11-18T14:28:59.403+0000] {processor.py:157} INFO - Started process (PID=982) to work on /home/airflow/.local/lib/python3.8/site-packages/airflow/example_dags/example_setup_teardown.py
[2024-11-18T14:28:59.405+0000] {processor.py:829} INFO - Processing file /home/airflow/.local/lib/python3.8/site-packages/airflow/example_dags/example_setup_teardown.py for tasks to queue
[2024-11-18T14:28:59.408+0000] {logging_mixin.py:151} INFO - [2024-11-18T14:28:59.407+0000] {dagbag.py:536} INFO - Filling up the DagBag from /home/airflow/.local/lib/python3.8/site-packages/airflow/example_dags/example_setup_teardown.py
[2024-11-18T14:28:59.420+0000] {processor.py:839} INFO - DAG(s) dict_keys(['example_setup_teardown']) retrieved from /home/airflow/.local/lib/python3.8/site-packages/airflow/example_dags/example_setup_teardown.py
[2024-11-18T14:28:59.453+0000] {logging_mixin.py:151} INFO - [2024-11-18T14:28:59.453+0000] {dag.py:2941} INFO - Sync 1 DAGs
[2024-11-18T14:28:59.492+0000] {logging_mixin.py:151} INFO - [2024-11-18T14:28:59.492+0000] {dag.py:3722} INFO - Setting next_dagrun for example_setup_teardown to 2024-11-17T14:28:59.492007+00:00, run_after=2024-11-18T14:28:59.492007+00:00
[2024-11-18T14:28:59.520+0000] {processor.py:179} INFO - Processing /home/airflow/.local/lib/python3.8/site-packages/airflow/example_dags/example_setup_teardown.py took 0.121 seconds
[2024-11-18T14:29:29.760+0000] {processor.py:157} INFO - Started process (PID=1036) to work on /home/airflow/.local/lib/python3.8/site-packages/airflow/example_dags/example_setup_teardown.py
[2024-11-18T14:29:29.762+0000] {processor.py:829} INFO - Processing file /home/airflow/.local/lib/python3.8/site-packages/airflow/example_dags/example_setup_teardown.py for tasks to queue
[2024-11-18T14:29:29.766+0000] {logging_mixin.py:151} INFO - [2024-11-18T14:29:29.765+0000] {dagbag.py:536} INFO - Filling up the DagBag from /home/airflow/.local/lib/python3.8/site-packages/airflow/example_dags/example_setup_teardown.py
[2024-11-18T14:29:29.781+0000] {processor.py:839} INFO - DAG(s) dict_keys(['example_setup_teardown']) retrieved from /home/airflow/.local/lib/python3.8/site-packages/airflow/example_dags/example_setup_teardown.py
[2024-11-18T14:29:29.813+0000] {logging_mixin.py:151} INFO - [2024-11-18T14:29:29.813+0000] {dag.py:2941} INFO - Sync 1 DAGs
[2024-11-18T14:29:29.846+0000] {logging_mixin.py:151} INFO - [2024-11-18T14:29:29.846+0000] {dag.py:3722} INFO - Setting next_dagrun for example_setup_teardown to 2024-11-17T14:29:29.846089+00:00, run_after=2024-11-18T14:29:29.846089+00:00
[2024-11-18T14:29:29.875+0000] {processor.py:179} INFO - Processing /home/airflow/.local/lib/python3.8/site-packages/airflow/example_dags/example_setup_teardown.py took 0.120 seconds
[2024-11-18T14:30:00.200+0000] {processor.py:157} INFO - Started process (PID=1090) to work on /home/airflow/.local/lib/python3.8/site-packages/airflow/example_dags/example_setup_teardown.py
[2024-11-18T14:30:00.201+0000] {processor.py:829} INFO - Processing file /home/airflow/.local/lib/python3.8/site-packages/airflow/example_dags/example_setup_teardown.py for tasks to queue
[2024-11-18T14:30:00.204+0000] {logging_mixin.py:151} INFO - [2024-11-18T14:30:00.204+0000] {dagbag.py:536} INFO - Filling up the DagBag from /home/airflow/.local/lib/python3.8/site-packages/airflow/example_dags/example_setup_teardown.py
[2024-11-18T14:30:00.214+0000] {processor.py:839} INFO - DAG(s) dict_keys(['example_setup_teardown']) retrieved from /home/airflow/.local/lib/python3.8/site-packages/airflow/example_dags/example_setup_teardown.py
[2024-11-18T14:30:00.246+0000] {logging_mixin.py:151} INFO - [2024-11-18T14:30:00.246+0000] {dag.py:2941} INFO - Sync 1 DAGs
[2024-11-18T14:30:00.279+0000] {logging_mixin.py:151} INFO - [2024-11-18T14:30:00.279+0000] {dag.py:3722} INFO - Setting next_dagrun for example_setup_teardown to 2024-11-17T14:30:00.279204+00:00, run_after=2024-11-18T14:30:00.279204+00:00
[2024-11-18T14:30:00.308+0000] {processor.py:179} INFO - Processing /home/airflow/.local/lib/python3.8/site-packages/airflow/example_dags/example_setup_teardown.py took 0.113 seconds
[2024-11-18T14:33:17.260+0000] {processor.py:157} INFO - Started process (PID=81) to work on /home/airflow/.local/lib/python3.8/site-packages/airflow/example_dags/example_setup_teardown.py
[2024-11-18T14:33:17.262+0000] {processor.py:829} INFO - Processing file /home/airflow/.local/lib/python3.8/site-packages/airflow/example_dags/example_setup_teardown.py for tasks to queue
[2024-11-18T14:33:17.266+0000] {logging_mixin.py:151} INFO - [2024-11-18T14:33:17.266+0000] {dagbag.py:536} INFO - Filling up the DagBag from /home/airflow/.local/lib/python3.8/site-packages/airflow/example_dags/example_setup_teardown.py
[2024-11-18T14:33:17.287+0000] {processor.py:839} INFO - DAG(s) dict_keys(['example_setup_teardown']) retrieved from /home/airflow/.local/lib/python3.8/site-packages/airflow/example_dags/example_setup_teardown.py
[2024-11-18T14:33:17.339+0000] {logging_mixin.py:151} INFO - [2024-11-18T14:33:17.339+0000] {dag.py:2941} INFO - Sync 1 DAGs
[2024-11-18T14:33:17.390+0000] {logging_mixin.py:151} INFO - [2024-11-18T14:33:17.390+0000] {dag.py:3722} INFO - Setting next_dagrun for example_setup_teardown to 2024-11-17T14:33:17.389343+00:00, run_after=2024-11-18T14:33:17.389343+00:00
[2024-11-18T14:33:17.426+0000] {processor.py:179} INFO - Processing /home/airflow/.local/lib/python3.8/site-packages/airflow/example_dags/example_setup_teardown.py took 0.174 seconds
[2024-11-18T14:33:47.875+0000] {processor.py:157} INFO - Started process (PID=135) to work on /home/airflow/.local/lib/python3.8/site-packages/airflow/example_dags/example_setup_teardown.py
[2024-11-18T14:33:47.877+0000] {processor.py:829} INFO - Processing file /home/airflow/.local/lib/python3.8/site-packages/airflow/example_dags/example_setup_teardown.py for tasks to queue
[2024-11-18T14:33:47.880+0000] {logging_mixin.py:151} INFO - [2024-11-18T14:33:47.879+0000] {dagbag.py:536} INFO - Filling up the DagBag from /home/airflow/.local/lib/python3.8/site-packages/airflow/example_dags/example_setup_teardown.py
[2024-11-18T14:33:47.894+0000] {processor.py:839} INFO - DAG(s) dict_keys(['example_setup_teardown']) retrieved from /home/airflow/.local/lib/python3.8/site-packages/airflow/example_dags/example_setup_teardown.py
[2024-11-18T14:33:47.935+0000] {logging_mixin.py:151} INFO - [2024-11-18T14:33:47.934+0000] {dag.py:2941} INFO - Sync 1 DAGs
[2024-11-18T14:33:47.984+0000] {logging_mixin.py:151} INFO - [2024-11-18T14:33:47.983+0000] {dag.py:3722} INFO - Setting next_dagrun for example_setup_teardown to 2024-11-17T14:33:47.982812+00:00, run_after=2024-11-18T14:33:47.982812+00:00
[2024-11-18T14:33:48.021+0000] {processor.py:179} INFO - Processing /home/airflow/.local/lib/python3.8/site-packages/airflow/example_dags/example_setup_teardown.py took 0.152 seconds
[2024-11-18T14:34:18.477+0000] {processor.py:157} INFO - Started process (PID=189) to work on /home/airflow/.local/lib/python3.8/site-packages/airflow/example_dags/example_setup_teardown.py
[2024-11-18T14:34:18.478+0000] {processor.py:829} INFO - Processing file /home/airflow/.local/lib/python3.8/site-packages/airflow/example_dags/example_setup_teardown.py for tasks to queue
[2024-11-18T14:34:18.481+0000] {logging_mixin.py:151} INFO - [2024-11-18T14:34:18.481+0000] {dagbag.py:536} INFO - Filling up the DagBag from /home/airflow/.local/lib/python3.8/site-packages/airflow/example_dags/example_setup_teardown.py
[2024-11-18T14:34:18.491+0000] {processor.py:839} INFO - DAG(s) dict_keys(['example_setup_teardown']) retrieved from /home/airflow/.local/lib/python3.8/site-packages/airflow/example_dags/example_setup_teardown.py
[2024-11-18T14:34:18.521+0000] {logging_mixin.py:151} INFO - [2024-11-18T14:34:18.521+0000] {dag.py:2941} INFO - Sync 1 DAGs
[2024-11-18T14:34:18.556+0000] {logging_mixin.py:151} INFO - [2024-11-18T14:34:18.556+0000] {dag.py:3722} INFO - Setting next_dagrun for example_setup_teardown to 2024-11-17T14:34:18.555269+00:00, run_after=2024-11-18T14:34:18.555269+00:00
[2024-11-18T14:34:18.589+0000] {processor.py:179} INFO - Processing /home/airflow/.local/lib/python3.8/site-packages/airflow/example_dags/example_setup_teardown.py took 0.117 seconds
[2024-11-18T14:34:48.848+0000] {processor.py:157} INFO - Started process (PID=243) to work on /home/airflow/.local/lib/python3.8/site-packages/airflow/example_dags/example_setup_teardown.py
[2024-11-18T14:34:48.849+0000] {processor.py:829} INFO - Processing file /home/airflow/.local/lib/python3.8/site-packages/airflow/example_dags/example_setup_teardown.py for tasks to queue
[2024-11-18T14:34:48.852+0000] {logging_mixin.py:151} INFO - [2024-11-18T14:34:48.852+0000] {dagbag.py:536} INFO - Filling up the DagBag from /home/airflow/.local/lib/python3.8/site-packages/airflow/example_dags/example_setup_teardown.py
[2024-11-18T14:34:48.861+0000] {processor.py:839} INFO - DAG(s) dict_keys(['example_setup_teardown']) retrieved from /home/airflow/.local/lib/python3.8/site-packages/airflow/example_dags/example_setup_teardown.py
[2024-11-18T14:34:48.892+0000] {logging_mixin.py:151} INFO - [2024-11-18T14:34:48.891+0000] {dag.py:2941} INFO - Sync 1 DAGs
[2024-11-18T14:34:48.924+0000] {logging_mixin.py:151} INFO - [2024-11-18T14:34:48.924+0000] {dag.py:3722} INFO - Setting next_dagrun for example_setup_teardown to 2024-11-17T14:34:48.923698+00:00, run_after=2024-11-18T14:34:48.923698+00:00
[2024-11-18T14:34:48.953+0000] {processor.py:179} INFO - Processing /home/airflow/.local/lib/python3.8/site-packages/airflow/example_dags/example_setup_teardown.py took 0.110 seconds
[2024-11-18T14:35:21.504+0000] {processor.py:157} INFO - Started process (PID=297) to work on /home/airflow/.local/lib/python3.8/site-packages/airflow/example_dags/example_setup_teardown.py
[2024-11-18T14:35:21.505+0000] {processor.py:829} INFO - Processing file /home/airflow/.local/lib/python3.8/site-packages/airflow/example_dags/example_setup_teardown.py for tasks to queue
[2024-11-18T14:35:21.508+0000] {logging_mixin.py:151} INFO - [2024-11-18T14:35:21.508+0000] {dagbag.py:536} INFO - Filling up the DagBag from /home/airflow/.local/lib/python3.8/site-packages/airflow/example_dags/example_setup_teardown.py
[2024-11-18T14:35:21.518+0000] {processor.py:839} INFO - DAG(s) dict_keys(['example_setup_teardown']) retrieved from /home/airflow/.local/lib/python3.8/site-packages/airflow/example_dags/example_setup_teardown.py
[2024-11-18T14:35:21.548+0000] {logging_mixin.py:151} INFO - [2024-11-18T14:35:21.548+0000] {dag.py:2941} INFO - Sync 1 DAGs
[2024-11-18T14:35:21.585+0000] {logging_mixin.py:151} INFO - [2024-11-18T14:35:21.585+0000] {dag.py:3722} INFO - Setting next_dagrun for example_setup_teardown to 2024-11-17T14:35:21.584935+00:00, run_after=2024-11-18T14:35:21.584935+00:00
[2024-11-18T14:35:21.623+0000] {processor.py:179} INFO - Processing /home/airflow/.local/lib/python3.8/site-packages/airflow/example_dags/example_setup_teardown.py took 0.124 seconds
[2024-11-18T14:35:54.952+0000] {processor.py:157} INFO - Started process (PID=351) to work on /home/airflow/.local/lib/python3.8/site-packages/airflow/example_dags/example_setup_teardown.py
[2024-11-18T14:35:54.953+0000] {processor.py:829} INFO - Processing file /home/airflow/.local/lib/python3.8/site-packages/airflow/example_dags/example_setup_teardown.py for tasks to queue
[2024-11-18T14:35:54.956+0000] {logging_mixin.py:151} INFO - [2024-11-18T14:35:54.956+0000] {dagbag.py:536} INFO - Filling up the DagBag from /home/airflow/.local/lib/python3.8/site-packages/airflow/example_dags/example_setup_teardown.py
[2024-11-18T14:35:54.966+0000] {processor.py:839} INFO - DAG(s) dict_keys(['example_setup_teardown']) retrieved from /home/airflow/.local/lib/python3.8/site-packages/airflow/example_dags/example_setup_teardown.py
[2024-11-18T14:35:54.997+0000] {logging_mixin.py:151} INFO - [2024-11-18T14:35:54.997+0000] {dag.py:2941} INFO - Sync 1 DAGs
[2024-11-18T14:35:55.031+0000] {logging_mixin.py:151} INFO - [2024-11-18T14:35:55.031+0000] {dag.py:3722} INFO - Setting next_dagrun for example_setup_teardown to 2024-11-17T14:35:55.030878+00:00, run_after=2024-11-18T14:35:55.030878+00:00
[2024-11-18T14:35:55.059+0000] {processor.py:179} INFO - Processing /home/airflow/.local/lib/python3.8/site-packages/airflow/example_dags/example_setup_teardown.py took 0.112 seconds
[2024-11-18T14:36:28.841+0000] {processor.py:157} INFO - Started process (PID=405) to work on /home/airflow/.local/lib/python3.8/site-packages/airflow/example_dags/example_setup_teardown.py
[2024-11-18T14:36:28.842+0000] {processor.py:829} INFO - Processing file /home/airflow/.local/lib/python3.8/site-packages/airflow/example_dags/example_setup_teardown.py for tasks to queue
[2024-11-18T14:36:28.845+0000] {logging_mixin.py:151} INFO - [2024-11-18T14:36:28.845+0000] {dagbag.py:536} INFO - Filling up the DagBag from /home/airflow/.local/lib/python3.8/site-packages/airflow/example_dags/example_setup_teardown.py
[2024-11-18T14:36:28.855+0000] {processor.py:839} INFO - DAG(s) dict_keys(['example_setup_teardown']) retrieved from /home/airflow/.local/lib/python3.8/site-packages/airflow/example_dags/example_setup_teardown.py
[2024-11-18T14:36:28.886+0000] {logging_mixin.py:151} INFO - [2024-11-18T14:36:28.885+0000] {dag.py:2941} INFO - Sync 1 DAGs
[2024-11-18T14:36:28.919+0000] {logging_mixin.py:151} INFO - [2024-11-18T14:36:28.919+0000] {dag.py:3722} INFO - Setting next_dagrun for example_setup_teardown to 2024-11-17T14:36:28.918875+00:00, run_after=2024-11-18T14:36:28.918875+00:00
[2024-11-18T14:36:28.951+0000] {processor.py:179} INFO - Processing /home/airflow/.local/lib/python3.8/site-packages/airflow/example_dags/example_setup_teardown.py took 0.115 seconds
[2024-11-18T14:37:01.774+0000] {processor.py:157} INFO - Started process (PID=459) to work on /home/airflow/.local/lib/python3.8/site-packages/airflow/example_dags/example_setup_teardown.py
[2024-11-18T14:37:01.775+0000] {processor.py:829} INFO - Processing file /home/airflow/.local/lib/python3.8/site-packages/airflow/example_dags/example_setup_teardown.py for tasks to queue
[2024-11-18T14:37:01.778+0000] {logging_mixin.py:151} INFO - [2024-11-18T14:37:01.778+0000] {dagbag.py:536} INFO - Filling up the DagBag from /home/airflow/.local/lib/python3.8/site-packages/airflow/example_dags/example_setup_teardown.py
[2024-11-18T14:37:01.787+0000] {processor.py:839} INFO - DAG(s) dict_keys(['example_setup_teardown']) retrieved from /home/airflow/.local/lib/python3.8/site-packages/airflow/example_dags/example_setup_teardown.py
[2024-11-18T14:37:01.818+0000] {logging_mixin.py:151} INFO - [2024-11-18T14:37:01.818+0000] {dag.py:2941} INFO - Sync 1 DAGs
[2024-11-18T14:37:01.856+0000] {logging_mixin.py:151} INFO - [2024-11-18T14:37:01.856+0000] {dag.py:3722} INFO - Setting next_dagrun for example_setup_teardown to 2024-11-17T14:37:01.856066+00:00, run_after=2024-11-18T14:37:01.856066+00:00
[2024-11-18T14:37:01.887+0000] {processor.py:179} INFO - Processing /home/airflow/.local/lib/python3.8/site-packages/airflow/example_dags/example_setup_teardown.py took 0.118 seconds
[2024-11-18T14:37:34.978+0000] {processor.py:157} INFO - Started process (PID=513) to work on /home/airflow/.local/lib/python3.8/site-packages/airflow/example_dags/example_setup_teardown.py
[2024-11-18T14:37:34.979+0000] {processor.py:829} INFO - Processing file /home/airflow/.local/lib/python3.8/site-packages/airflow/example_dags/example_setup_teardown.py for tasks to queue
[2024-11-18T14:37:34.982+0000] {logging_mixin.py:151} INFO - [2024-11-18T14:37:34.982+0000] {dagbag.py:536} INFO - Filling up the DagBag from /home/airflow/.local/lib/python3.8/site-packages/airflow/example_dags/example_setup_teardown.py
[2024-11-18T14:37:34.991+0000] {processor.py:839} INFO - DAG(s) dict_keys(['example_setup_teardown']) retrieved from /home/airflow/.local/lib/python3.8/site-packages/airflow/example_dags/example_setup_teardown.py
[2024-11-18T14:37:35.023+0000] {logging_mixin.py:151} INFO - [2024-11-18T14:37:35.023+0000] {dag.py:2941} INFO - Sync 1 DAGs
[2024-11-18T14:37:35.058+0000] {logging_mixin.py:151} INFO - [2024-11-18T14:37:35.057+0000] {dag.py:3722} INFO - Setting next_dagrun for example_setup_teardown to 2024-11-17T14:37:35.057558+00:00, run_after=2024-11-18T14:37:35.057558+00:00
[2024-11-18T14:37:35.086+0000] {processor.py:179} INFO - Processing /home/airflow/.local/lib/python3.8/site-packages/airflow/example_dags/example_setup_teardown.py took 0.112 seconds
[2024-11-18T14:38:08.148+0000] {processor.py:157} INFO - Started process (PID=567) to work on /home/airflow/.local/lib/python3.8/site-packages/airflow/example_dags/example_setup_teardown.py
[2024-11-18T14:38:08.149+0000] {processor.py:829} INFO - Processing file /home/airflow/.local/lib/python3.8/site-packages/airflow/example_dags/example_setup_teardown.py for tasks to queue
[2024-11-18T14:38:08.152+0000] {logging_mixin.py:151} INFO - [2024-11-18T14:38:08.152+0000] {dagbag.py:536} INFO - Filling up the DagBag from /home/airflow/.local/lib/python3.8/site-packages/airflow/example_dags/example_setup_teardown.py
[2024-11-18T14:38:08.163+0000] {processor.py:839} INFO - DAG(s) dict_keys(['example_setup_teardown']) retrieved from /home/airflow/.local/lib/python3.8/site-packages/airflow/example_dags/example_setup_teardown.py
[2024-11-18T14:38:08.194+0000] {logging_mixin.py:151} INFO - [2024-11-18T14:38:08.193+0000] {dag.py:2941} INFO - Sync 1 DAGs
[2024-11-18T14:38:08.232+0000] {logging_mixin.py:151} INFO - [2024-11-18T14:38:08.232+0000] {dag.py:3722} INFO - Setting next_dagrun for example_setup_teardown to 2024-11-17T14:38:08.231867+00:00, run_after=2024-11-18T14:38:08.231867+00:00
[2024-11-18T14:38:08.263+0000] {processor.py:179} INFO - Processing /home/airflow/.local/lib/python3.8/site-packages/airflow/example_dags/example_setup_teardown.py took 0.120 seconds
[2024-11-18T14:38:41.548+0000] {processor.py:157} INFO - Started process (PID=621) to work on /home/airflow/.local/lib/python3.8/site-packages/airflow/example_dags/example_setup_teardown.py
[2024-11-18T14:38:41.550+0000] {processor.py:829} INFO - Processing file /home/airflow/.local/lib/python3.8/site-packages/airflow/example_dags/example_setup_teardown.py for tasks to queue
[2024-11-18T14:38:41.553+0000] {logging_mixin.py:151} INFO - [2024-11-18T14:38:41.552+0000] {dagbag.py:536} INFO - Filling up the DagBag from /home/airflow/.local/lib/python3.8/site-packages/airflow/example_dags/example_setup_teardown.py
[2024-11-18T14:38:41.563+0000] {processor.py:839} INFO - DAG(s) dict_keys(['example_setup_teardown']) retrieved from /home/airflow/.local/lib/python3.8/site-packages/airflow/example_dags/example_setup_teardown.py
[2024-11-18T14:38:41.595+0000] {logging_mixin.py:151} INFO - [2024-11-18T14:38:41.594+0000] {dag.py:2941} INFO - Sync 1 DAGs
[2024-11-18T14:38:41.628+0000] {logging_mixin.py:151} INFO - [2024-11-18T14:38:41.628+0000] {dag.py:3722} INFO - Setting next_dagrun for example_setup_teardown to 2024-11-17T14:38:41.628128+00:00, run_after=2024-11-18T14:38:41.628128+00:00
[2024-11-18T14:38:41.658+0000] {processor.py:179} INFO - Processing /home/airflow/.local/lib/python3.8/site-packages/airflow/example_dags/example_setup_teardown.py took 0.114 seconds
[2024-11-18T14:39:15.227+0000] {processor.py:157} INFO - Started process (PID=675) to work on /home/airflow/.local/lib/python3.8/site-packages/airflow/example_dags/example_setup_teardown.py
[2024-11-18T14:39:15.228+0000] {processor.py:829} INFO - Processing file /home/airflow/.local/lib/python3.8/site-packages/airflow/example_dags/example_setup_teardown.py for tasks to queue
[2024-11-18T14:39:15.231+0000] {logging_mixin.py:151} INFO - [2024-11-18T14:39:15.231+0000] {dagbag.py:536} INFO - Filling up the DagBag from /home/airflow/.local/lib/python3.8/site-packages/airflow/example_dags/example_setup_teardown.py
[2024-11-18T14:39:15.241+0000] {processor.py:839} INFO - DAG(s) dict_keys(['example_setup_teardown']) retrieved from /home/airflow/.local/lib/python3.8/site-packages/airflow/example_dags/example_setup_teardown.py
[2024-11-18T14:39:15.271+0000] {logging_mixin.py:151} INFO - [2024-11-18T14:39:15.271+0000] {dag.py:2941} INFO - Sync 1 DAGs
[2024-11-18T14:39:15.304+0000] {logging_mixin.py:151} INFO - [2024-11-18T14:39:15.304+0000] {dag.py:3722} INFO - Setting next_dagrun for example_setup_teardown to 2024-11-17T14:39:15.303823+00:00, run_after=2024-11-18T14:39:15.303823+00:00
[2024-11-18T14:39:15.332+0000] {processor.py:179} INFO - Processing /home/airflow/.local/lib/python3.8/site-packages/airflow/example_dags/example_setup_teardown.py took 0.110 seconds
[2024-11-18T14:39:48.532+0000] {processor.py:157} INFO - Started process (PID=729) to work on /home/airflow/.local/lib/python3.8/site-packages/airflow/example_dags/example_setup_teardown.py
[2024-11-18T14:39:48.534+0000] {processor.py:829} INFO - Processing file /home/airflow/.local/lib/python3.8/site-packages/airflow/example_dags/example_setup_teardown.py for tasks to queue
[2024-11-18T14:39:48.537+0000] {logging_mixin.py:151} INFO - [2024-11-18T14:39:48.537+0000] {dagbag.py:536} INFO - Filling up the DagBag from /home/airflow/.local/lib/python3.8/site-packages/airflow/example_dags/example_setup_teardown.py
[2024-11-18T14:39:48.547+0000] {processor.py:839} INFO - DAG(s) dict_keys(['example_setup_teardown']) retrieved from /home/airflow/.local/lib/python3.8/site-packages/airflow/example_dags/example_setup_teardown.py
[2024-11-18T14:39:48.580+0000] {logging_mixin.py:151} INFO - [2024-11-18T14:39:48.580+0000] {dag.py:2941} INFO - Sync 1 DAGs
[2024-11-18T14:39:48.613+0000] {logging_mixin.py:151} INFO - [2024-11-18T14:39:48.613+0000] {dag.py:3722} INFO - Setting next_dagrun for example_setup_teardown to 2024-11-17T14:39:48.613255+00:00, run_after=2024-11-18T14:39:48.613255+00:00
[2024-11-18T14:39:48.643+0000] {processor.py:179} INFO - Processing /home/airflow/.local/lib/python3.8/site-packages/airflow/example_dags/example_setup_teardown.py took 0.118 seconds
[2024-11-18T14:40:21.681+0000] {processor.py:157} INFO - Started process (PID=783) to work on /home/airflow/.local/lib/python3.8/site-packages/airflow/example_dags/example_setup_teardown.py
[2024-11-18T14:40:21.683+0000] {processor.py:829} INFO - Processing file /home/airflow/.local/lib/python3.8/site-packages/airflow/example_dags/example_setup_teardown.py for tasks to queue
[2024-11-18T14:40:21.686+0000] {logging_mixin.py:151} INFO - [2024-11-18T14:40:21.686+0000] {dagbag.py:536} INFO - Filling up the DagBag from /home/airflow/.local/lib/python3.8/site-packages/airflow/example_dags/example_setup_teardown.py
[2024-11-18T14:40:21.703+0000] {processor.py:839} INFO - DAG(s) dict_keys(['example_setup_teardown']) retrieved from /home/airflow/.local/lib/python3.8/site-packages/airflow/example_dags/example_setup_teardown.py
[2024-11-18T14:40:21.742+0000] {logging_mixin.py:151} INFO - [2024-11-18T14:40:21.742+0000] {dag.py:2941} INFO - Sync 1 DAGs
[2024-11-18T14:40:21.801+0000] {logging_mixin.py:151} INFO - [2024-11-18T14:40:21.800+0000] {dag.py:3722} INFO - Setting next_dagrun for example_setup_teardown to 2024-11-17T14:40:21.800513+00:00, run_after=2024-11-18T14:40:21.800513+00:00
[2024-11-18T14:40:21.838+0000] {processor.py:179} INFO - Processing /home/airflow/.local/lib/python3.8/site-packages/airflow/example_dags/example_setup_teardown.py took 0.161 seconds
[2024-11-18T14:40:55.065+0000] {processor.py:157} INFO - Started process (PID=837) to work on /home/airflow/.local/lib/python3.8/site-packages/airflow/example_dags/example_setup_teardown.py
[2024-11-18T14:40:55.067+0000] {processor.py:829} INFO - Processing file /home/airflow/.local/lib/python3.8/site-packages/airflow/example_dags/example_setup_teardown.py for tasks to queue
[2024-11-18T14:40:55.071+0000] {logging_mixin.py:151} INFO - [2024-11-18T14:40:55.070+0000] {dagbag.py:536} INFO - Filling up the DagBag from /home/airflow/.local/lib/python3.8/site-packages/airflow/example_dags/example_setup_teardown.py
[2024-11-18T14:40:55.080+0000] {processor.py:839} INFO - DAG(s) dict_keys(['example_setup_teardown']) retrieved from /home/airflow/.local/lib/python3.8/site-packages/airflow/example_dags/example_setup_teardown.py
[2024-11-18T14:40:55.113+0000] {logging_mixin.py:151} INFO - [2024-11-18T14:40:55.113+0000] {dag.py:2941} INFO - Sync 1 DAGs
[2024-11-18T14:40:55.147+0000] {logging_mixin.py:151} INFO - [2024-11-18T14:40:55.147+0000] {dag.py:3722} INFO - Setting next_dagrun for example_setup_teardown to 2024-11-17T14:40:55.146683+00:00, run_after=2024-11-18T14:40:55.146683+00:00
[2024-11-18T14:40:55.181+0000] {processor.py:179} INFO - Processing /home/airflow/.local/lib/python3.8/site-packages/airflow/example_dags/example_setup_teardown.py took 0.120 seconds
[2024-11-18T14:41:28.346+0000] {processor.py:157} INFO - Started process (PID=891) to work on /home/airflow/.local/lib/python3.8/site-packages/airflow/example_dags/example_setup_teardown.py
[2024-11-18T14:41:28.347+0000] {processor.py:829} INFO - Processing file /home/airflow/.local/lib/python3.8/site-packages/airflow/example_dags/example_setup_teardown.py for tasks to queue
[2024-11-18T14:41:28.350+0000] {logging_mixin.py:151} INFO - [2024-11-18T14:41:28.350+0000] {dagbag.py:536} INFO - Filling up the DagBag from /home/airflow/.local/lib/python3.8/site-packages/airflow/example_dags/example_setup_teardown.py
[2024-11-18T14:41:28.360+0000] {processor.py:839} INFO - DAG(s) dict_keys(['example_setup_teardown']) retrieved from /home/airflow/.local/lib/python3.8/site-packages/airflow/example_dags/example_setup_teardown.py
[2024-11-18T14:41:28.391+0000] {logging_mixin.py:151} INFO - [2024-11-18T14:41:28.390+0000] {dag.py:2941} INFO - Sync 1 DAGs
[2024-11-18T14:41:28.425+0000] {logging_mixin.py:151} INFO - [2024-11-18T14:41:28.424+0000] {dag.py:3722} INFO - Setting next_dagrun for example_setup_teardown to 2024-11-17T14:41:28.424375+00:00, run_after=2024-11-18T14:41:28.424375+00:00
[2024-11-18T14:41:28.454+0000] {processor.py:179} INFO - Processing /home/airflow/.local/lib/python3.8/site-packages/airflow/example_dags/example_setup_teardown.py took 0.113 seconds
[2024-11-18T14:42:01.648+0000] {processor.py:157} INFO - Started process (PID=945) to work on /home/airflow/.local/lib/python3.8/site-packages/airflow/example_dags/example_setup_teardown.py
[2024-11-18T14:42:01.650+0000] {processor.py:829} INFO - Processing file /home/airflow/.local/lib/python3.8/site-packages/airflow/example_dags/example_setup_teardown.py for tasks to queue
[2024-11-18T14:42:01.653+0000] {logging_mixin.py:151} INFO - [2024-11-18T14:42:01.653+0000] {dagbag.py:536} INFO - Filling up the DagBag from /home/airflow/.local/lib/python3.8/site-packages/airflow/example_dags/example_setup_teardown.py
[2024-11-18T14:42:01.663+0000] {processor.py:839} INFO - DAG(s) dict_keys(['example_setup_teardown']) retrieved from /home/airflow/.local/lib/python3.8/site-packages/airflow/example_dags/example_setup_teardown.py
[2024-11-18T14:42:01.695+0000] {logging_mixin.py:151} INFO - [2024-11-18T14:42:01.695+0000] {dag.py:2941} INFO - Sync 1 DAGs
[2024-11-18T14:42:01.728+0000] {logging_mixin.py:151} INFO - [2024-11-18T14:42:01.728+0000] {dag.py:3722} INFO - Setting next_dagrun for example_setup_teardown to 2024-11-17T14:42:01.727692+00:00, run_after=2024-11-18T14:42:01.727692+00:00
[2024-11-18T14:42:01.758+0000] {processor.py:179} INFO - Processing /home/airflow/.local/lib/python3.8/site-packages/airflow/example_dags/example_setup_teardown.py took 0.114 seconds
[2024-11-18T14:42:35.018+0000] {processor.py:157} INFO - Started process (PID=999) to work on /home/airflow/.local/lib/python3.8/site-packages/airflow/example_dags/example_setup_teardown.py
[2024-11-18T14:42:35.020+0000] {processor.py:829} INFO - Processing file /home/airflow/.local/lib/python3.8/site-packages/airflow/example_dags/example_setup_teardown.py for tasks to queue
[2024-11-18T14:42:35.023+0000] {logging_mixin.py:151} INFO - [2024-11-18T14:42:35.023+0000] {dagbag.py:536} INFO - Filling up the DagBag from /home/airflow/.local/lib/python3.8/site-packages/airflow/example_dags/example_setup_teardown.py
[2024-11-18T14:42:35.035+0000] {processor.py:839} INFO - DAG(s) dict_keys(['example_setup_teardown']) retrieved from /home/airflow/.local/lib/python3.8/site-packages/airflow/example_dags/example_setup_teardown.py
[2024-11-18T14:42:35.069+0000] {logging_mixin.py:151} INFO - [2024-11-18T14:42:35.069+0000] {dag.py:2941} INFO - Sync 1 DAGs
[2024-11-18T14:42:35.113+0000] {logging_mixin.py:151} INFO - [2024-11-18T14:42:35.113+0000] {dag.py:3722} INFO - Setting next_dagrun for example_setup_teardown to 2024-11-17T14:42:35.112628+00:00, run_after=2024-11-18T14:42:35.112628+00:00
[2024-11-18T14:42:35.149+0000] {processor.py:179} INFO - Processing /home/airflow/.local/lib/python3.8/site-packages/airflow/example_dags/example_setup_teardown.py took 0.136 seconds
[2024-11-18T14:43:08.289+0000] {processor.py:157} INFO - Started process (PID=1053) to work on /home/airflow/.local/lib/python3.8/site-packages/airflow/example_dags/example_setup_teardown.py
[2024-11-18T14:43:08.291+0000] {processor.py:829} INFO - Processing file /home/airflow/.local/lib/python3.8/site-packages/airflow/example_dags/example_setup_teardown.py for tasks to queue
[2024-11-18T14:43:08.295+0000] {logging_mixin.py:151} INFO - [2024-11-18T14:43:08.295+0000] {dagbag.py:536} INFO - Filling up the DagBag from /home/airflow/.local/lib/python3.8/site-packages/airflow/example_dags/example_setup_teardown.py
[2024-11-18T14:43:08.305+0000] {processor.py:839} INFO - DAG(s) dict_keys(['example_setup_teardown']) retrieved from /home/airflow/.local/lib/python3.8/site-packages/airflow/example_dags/example_setup_teardown.py
[2024-11-18T14:43:08.338+0000] {logging_mixin.py:151} INFO - [2024-11-18T14:43:08.338+0000] {dag.py:2941} INFO - Sync 1 DAGs
[2024-11-18T14:43:08.382+0000] {logging_mixin.py:151} INFO - [2024-11-18T14:43:08.382+0000] {dag.py:3722} INFO - Setting next_dagrun for example_setup_teardown to 2024-11-17T14:43:08.382111+00:00, run_after=2024-11-18T14:43:08.382111+00:00
[2024-11-18T14:43:08.416+0000] {processor.py:179} INFO - Processing /home/airflow/.local/lib/python3.8/site-packages/airflow/example_dags/example_setup_teardown.py took 0.131 seconds
[2024-11-18T14:43:42.076+0000] {processor.py:157} INFO - Started process (PID=1107) to work on /home/airflow/.local/lib/python3.8/site-packages/airflow/example_dags/example_setup_teardown.py
[2024-11-18T14:43:42.078+0000] {processor.py:829} INFO - Processing file /home/airflow/.local/lib/python3.8/site-packages/airflow/example_dags/example_setup_teardown.py for tasks to queue
[2024-11-18T14:43:42.081+0000] {logging_mixin.py:151} INFO - [2024-11-18T14:43:42.081+0000] {dagbag.py:536} INFO - Filling up the DagBag from /home/airflow/.local/lib/python3.8/site-packages/airflow/example_dags/example_setup_teardown.py
[2024-11-18T14:43:42.090+0000] {processor.py:839} INFO - DAG(s) dict_keys(['example_setup_teardown']) retrieved from /home/airflow/.local/lib/python3.8/site-packages/airflow/example_dags/example_setup_teardown.py
[2024-11-18T14:43:42.120+0000] {logging_mixin.py:151} INFO - [2024-11-18T14:43:42.120+0000] {dag.py:2941} INFO - Sync 1 DAGs
[2024-11-18T14:43:42.153+0000] {logging_mixin.py:151} INFO - [2024-11-18T14:43:42.153+0000] {dag.py:3722} INFO - Setting next_dagrun for example_setup_teardown to 2024-11-17T14:43:42.153061+00:00, run_after=2024-11-18T14:43:42.153061+00:00
[2024-11-18T14:43:42.180+0000] {processor.py:179} INFO - Processing /home/airflow/.local/lib/python3.8/site-packages/airflow/example_dags/example_setup_teardown.py took 0.108 seconds
[2024-11-18T14:44:14.865+0000] {processor.py:157} INFO - Started process (PID=1161) to work on /home/airflow/.local/lib/python3.8/site-packages/airflow/example_dags/example_setup_teardown.py
[2024-11-18T14:44:14.867+0000] {processor.py:829} INFO - Processing file /home/airflow/.local/lib/python3.8/site-packages/airflow/example_dags/example_setup_teardown.py for tasks to queue
[2024-11-18T14:44:14.870+0000] {logging_mixin.py:151} INFO - [2024-11-18T14:44:14.869+0000] {dagbag.py:536} INFO - Filling up the DagBag from /home/airflow/.local/lib/python3.8/site-packages/airflow/example_dags/example_setup_teardown.py
[2024-11-18T14:44:14.879+0000] {processor.py:839} INFO - DAG(s) dict_keys(['example_setup_teardown']) retrieved from /home/airflow/.local/lib/python3.8/site-packages/airflow/example_dags/example_setup_teardown.py
[2024-11-18T14:44:14.910+0000] {logging_mixin.py:151} INFO - [2024-11-18T14:44:14.910+0000] {dag.py:2941} INFO - Sync 1 DAGs
[2024-11-18T14:44:14.944+0000] {logging_mixin.py:151} INFO - [2024-11-18T14:44:14.944+0000] {dag.py:3722} INFO - Setting next_dagrun for example_setup_teardown to 2024-11-17T14:44:14.944021+00:00, run_after=2024-11-18T14:44:14.944021+00:00
[2024-11-18T14:44:14.973+0000] {processor.py:179} INFO - Processing /home/airflow/.local/lib/python3.8/site-packages/airflow/example_dags/example_setup_teardown.py took 0.113 seconds
[2024-11-18T14:44:49.258+0000] {processor.py:157} INFO - Started process (PID=1215) to work on /home/airflow/.local/lib/python3.8/site-packages/airflow/example_dags/example_setup_teardown.py
[2024-11-18T14:44:49.259+0000] {processor.py:829} INFO - Processing file /home/airflow/.local/lib/python3.8/site-packages/airflow/example_dags/example_setup_teardown.py for tasks to queue
[2024-11-18T14:44:49.262+0000] {logging_mixin.py:151} INFO - [2024-11-18T14:44:49.262+0000] {dagbag.py:536} INFO - Filling up the DagBag from /home/airflow/.local/lib/python3.8/site-packages/airflow/example_dags/example_setup_teardown.py
[2024-11-18T14:44:49.273+0000] {processor.py:839} INFO - DAG(s) dict_keys(['example_setup_teardown']) retrieved from /home/airflow/.local/lib/python3.8/site-packages/airflow/example_dags/example_setup_teardown.py
[2024-11-18T14:44:49.304+0000] {logging_mixin.py:151} INFO - [2024-11-18T14:44:49.304+0000] {dag.py:2941} INFO - Sync 1 DAGs
[2024-11-18T14:44:49.536+0000] {logging_mixin.py:151} INFO - [2024-11-18T14:44:49.536+0000] {dag.py:3722} INFO - Setting next_dagrun for example_setup_teardown to 2024-11-17T14:44:49.535852+00:00, run_after=2024-11-18T14:44:49.535852+00:00
[2024-11-18T14:44:49.565+0000] {processor.py:179} INFO - Processing /home/airflow/.local/lib/python3.8/site-packages/airflow/example_dags/example_setup_teardown.py took 0.312 seconds
[2024-11-18T14:45:21.822+0000] {processor.py:157} INFO - Started process (PID=1269) to work on /home/airflow/.local/lib/python3.8/site-packages/airflow/example_dags/example_setup_teardown.py
[2024-11-18T14:45:21.824+0000] {processor.py:829} INFO - Processing file /home/airflow/.local/lib/python3.8/site-packages/airflow/example_dags/example_setup_teardown.py for tasks to queue
[2024-11-18T14:45:21.828+0000] {logging_mixin.py:151} INFO - [2024-11-18T14:45:21.828+0000] {dagbag.py:536} INFO - Filling up the DagBag from /home/airflow/.local/lib/python3.8/site-packages/airflow/example_dags/example_setup_teardown.py
[2024-11-18T14:45:21.843+0000] {processor.py:839} INFO - DAG(s) dict_keys(['example_setup_teardown']) retrieved from /home/airflow/.local/lib/python3.8/site-packages/airflow/example_dags/example_setup_teardown.py
[2024-11-18T14:45:21.878+0000] {logging_mixin.py:151} INFO - [2024-11-18T14:45:21.878+0000] {dag.py:2941} INFO - Sync 1 DAGs
[2024-11-18T14:45:21.914+0000] {logging_mixin.py:151} INFO - [2024-11-18T14:45:21.914+0000] {dag.py:3722} INFO - Setting next_dagrun for example_setup_teardown to 2024-11-17T14:45:21.913955+00:00, run_after=2024-11-18T14:45:21.913955+00:00
[2024-11-18T14:45:21.946+0000] {processor.py:179} INFO - Processing /home/airflow/.local/lib/python3.8/site-packages/airflow/example_dags/example_setup_teardown.py took 0.130 seconds
[2024-11-18T14:45:55.269+0000] {processor.py:157} INFO - Started process (PID=1323) to work on /home/airflow/.local/lib/python3.8/site-packages/airflow/example_dags/example_setup_teardown.py
[2024-11-18T14:45:55.271+0000] {processor.py:829} INFO - Processing file /home/airflow/.local/lib/python3.8/site-packages/airflow/example_dags/example_setup_teardown.py for tasks to queue
[2024-11-18T14:45:55.274+0000] {logging_mixin.py:151} INFO - [2024-11-18T14:45:55.273+0000] {dagbag.py:536} INFO - Filling up the DagBag from /home/airflow/.local/lib/python3.8/site-packages/airflow/example_dags/example_setup_teardown.py
[2024-11-18T14:45:55.283+0000] {processor.py:839} INFO - DAG(s) dict_keys(['example_setup_teardown']) retrieved from /home/airflow/.local/lib/python3.8/site-packages/airflow/example_dags/example_setup_teardown.py
[2024-11-18T14:45:55.314+0000] {logging_mixin.py:151} INFO - [2024-11-18T14:45:55.314+0000] {dag.py:2941} INFO - Sync 1 DAGs
[2024-11-18T14:45:55.347+0000] {logging_mixin.py:151} INFO - [2024-11-18T14:45:55.347+0000] {dag.py:3722} INFO - Setting next_dagrun for example_setup_teardown to 2024-11-17T14:45:55.347181+00:00, run_after=2024-11-18T14:45:55.347181+00:00
[2024-11-18T14:45:55.376+0000] {processor.py:179} INFO - Processing /home/airflow/.local/lib/python3.8/site-packages/airflow/example_dags/example_setup_teardown.py took 0.112 seconds
[2024-11-18T14:46:29.312+0000] {processor.py:157} INFO - Started process (PID=1377) to work on /home/airflow/.local/lib/python3.8/site-packages/airflow/example_dags/example_setup_teardown.py
[2024-11-18T14:46:29.313+0000] {processor.py:829} INFO - Processing file /home/airflow/.local/lib/python3.8/site-packages/airflow/example_dags/example_setup_teardown.py for tasks to queue
[2024-11-18T14:46:29.316+0000] {logging_mixin.py:151} INFO - [2024-11-18T14:46:29.316+0000] {dagbag.py:536} INFO - Filling up the DagBag from /home/airflow/.local/lib/python3.8/site-packages/airflow/example_dags/example_setup_teardown.py
[2024-11-18T14:46:29.326+0000] {processor.py:839} INFO - DAG(s) dict_keys(['example_setup_teardown']) retrieved from /home/airflow/.local/lib/python3.8/site-packages/airflow/example_dags/example_setup_teardown.py
[2024-11-18T14:46:29.357+0000] {logging_mixin.py:151} INFO - [2024-11-18T14:46:29.357+0000] {dag.py:2941} INFO - Sync 1 DAGs
[2024-11-18T14:46:29.391+0000] {logging_mixin.py:151} INFO - [2024-11-18T14:46:29.390+0000] {dag.py:3722} INFO - Setting next_dagrun for example_setup_teardown to 2024-11-17T14:46:29.390514+00:00, run_after=2024-11-18T14:46:29.390514+00:00
[2024-11-18T14:46:29.418+0000] {processor.py:179} INFO - Processing /home/airflow/.local/lib/python3.8/site-packages/airflow/example_dags/example_setup_teardown.py took 0.111 seconds
[2024-11-18T14:47:01.917+0000] {processor.py:157} INFO - Started process (PID=1431) to work on /home/airflow/.local/lib/python3.8/site-packages/airflow/example_dags/example_setup_teardown.py
[2024-11-18T14:47:01.919+0000] {processor.py:829} INFO - Processing file /home/airflow/.local/lib/python3.8/site-packages/airflow/example_dags/example_setup_teardown.py for tasks to queue
[2024-11-18T14:47:01.923+0000] {logging_mixin.py:151} INFO - [2024-11-18T14:47:01.922+0000] {dagbag.py:536} INFO - Filling up the DagBag from /home/airflow/.local/lib/python3.8/site-packages/airflow/example_dags/example_setup_teardown.py
[2024-11-18T14:47:01.934+0000] {processor.py:839} INFO - DAG(s) dict_keys(['example_setup_teardown']) retrieved from /home/airflow/.local/lib/python3.8/site-packages/airflow/example_dags/example_setup_teardown.py
[2024-11-18T14:47:01.971+0000] {logging_mixin.py:151} INFO - [2024-11-18T14:47:01.971+0000] {dag.py:2941} INFO - Sync 1 DAGs
[2024-11-18T14:47:02.008+0000] {logging_mixin.py:151} INFO - [2024-11-18T14:47:02.008+0000] {dag.py:3722} INFO - Setting next_dagrun for example_setup_teardown to 2024-11-17T14:47:02.008040+00:00, run_after=2024-11-18T14:47:02.008040+00:00
[2024-11-18T14:47:02.221+0000] {processor.py:179} INFO - Processing /home/airflow/.local/lib/python3.8/site-packages/airflow/example_dags/example_setup_teardown.py took 0.310 seconds
[2024-11-18T14:47:35.358+0000] {processor.py:157} INFO - Started process (PID=1485) to work on /home/airflow/.local/lib/python3.8/site-packages/airflow/example_dags/example_setup_teardown.py
[2024-11-18T14:47:35.360+0000] {processor.py:829} INFO - Processing file /home/airflow/.local/lib/python3.8/site-packages/airflow/example_dags/example_setup_teardown.py for tasks to queue
[2024-11-18T14:47:35.363+0000] {logging_mixin.py:151} INFO - [2024-11-18T14:47:35.363+0000] {dagbag.py:536} INFO - Filling up the DagBag from /home/airflow/.local/lib/python3.8/site-packages/airflow/example_dags/example_setup_teardown.py
[2024-11-18T14:47:35.374+0000] {processor.py:839} INFO - DAG(s) dict_keys(['example_setup_teardown']) retrieved from /home/airflow/.local/lib/python3.8/site-packages/airflow/example_dags/example_setup_teardown.py
[2024-11-18T14:47:35.407+0000] {logging_mixin.py:151} INFO - [2024-11-18T14:47:35.407+0000] {dag.py:2941} INFO - Sync 1 DAGs
[2024-11-18T14:47:35.445+0000] {logging_mixin.py:151} INFO - [2024-11-18T14:47:35.445+0000] {dag.py:3722} INFO - Setting next_dagrun for example_setup_teardown to 2024-11-17T14:47:35.444683+00:00, run_after=2024-11-18T14:47:35.444683+00:00
[2024-11-18T14:47:35.481+0000] {processor.py:179} INFO - Processing /home/airflow/.local/lib/python3.8/site-packages/airflow/example_dags/example_setup_teardown.py took 0.128 seconds
[2024-11-18T14:48:09.242+0000] {processor.py:157} INFO - Started process (PID=1539) to work on /home/airflow/.local/lib/python3.8/site-packages/airflow/example_dags/example_setup_teardown.py
[2024-11-18T14:48:09.244+0000] {processor.py:829} INFO - Processing file /home/airflow/.local/lib/python3.8/site-packages/airflow/example_dags/example_setup_teardown.py for tasks to queue
[2024-11-18T14:48:09.247+0000] {logging_mixin.py:151} INFO - [2024-11-18T14:48:09.246+0000] {dagbag.py:536} INFO - Filling up the DagBag from /home/airflow/.local/lib/python3.8/site-packages/airflow/example_dags/example_setup_teardown.py
[2024-11-18T14:48:09.257+0000] {processor.py:839} INFO - DAG(s) dict_keys(['example_setup_teardown']) retrieved from /home/airflow/.local/lib/python3.8/site-packages/airflow/example_dags/example_setup_teardown.py
[2024-11-18T14:48:09.299+0000] {logging_mixin.py:151} INFO - [2024-11-18T14:48:09.299+0000] {dag.py:2941} INFO - Sync 1 DAGs
[2024-11-18T14:48:09.549+0000] {logging_mixin.py:151} INFO - [2024-11-18T14:48:09.548+0000] {dag.py:3722} INFO - Setting next_dagrun for example_setup_teardown to 2024-11-17T14:48:09.548654+00:00, run_after=2024-11-18T14:48:09.548654+00:00
[2024-11-18T14:48:09.576+0000] {processor.py:179} INFO - Processing /home/airflow/.local/lib/python3.8/site-packages/airflow/example_dags/example_setup_teardown.py took 0.340 seconds
[2024-11-18T14:48:42.074+0000] {processor.py:157} INFO - Started process (PID=1594) to work on /home/airflow/.local/lib/python3.8/site-packages/airflow/example_dags/example_setup_teardown.py
[2024-11-18T14:48:42.075+0000] {processor.py:829} INFO - Processing file /home/airflow/.local/lib/python3.8/site-packages/airflow/example_dags/example_setup_teardown.py for tasks to queue
[2024-11-18T14:48:42.078+0000] {logging_mixin.py:151} INFO - [2024-11-18T14:48:42.078+0000] {dagbag.py:536} INFO - Filling up the DagBag from /home/airflow/.local/lib/python3.8/site-packages/airflow/example_dags/example_setup_teardown.py
[2024-11-18T14:48:42.089+0000] {processor.py:839} INFO - DAG(s) dict_keys(['example_setup_teardown']) retrieved from /home/airflow/.local/lib/python3.8/site-packages/airflow/example_dags/example_setup_teardown.py
[2024-11-18T14:48:42.123+0000] {logging_mixin.py:151} INFO - [2024-11-18T14:48:42.122+0000] {dag.py:2941} INFO - Sync 1 DAGs
[2024-11-18T14:48:42.351+0000] {logging_mixin.py:151} INFO - [2024-11-18T14:48:42.351+0000] {dag.py:3722} INFO - Setting next_dagrun for example_setup_teardown to 2024-11-17T14:48:42.351338+00:00, run_after=2024-11-18T14:48:42.351338+00:00
[2024-11-18T14:48:42.393+0000] {processor.py:179} INFO - Processing /home/airflow/.local/lib/python3.8/site-packages/airflow/example_dags/example_setup_teardown.py took 0.324 seconds
[2024-11-18T14:49:14.862+0000] {processor.py:157} INFO - Started process (PID=1649) to work on /home/airflow/.local/lib/python3.8/site-packages/airflow/example_dags/example_setup_teardown.py
[2024-11-18T14:49:14.863+0000] {processor.py:829} INFO - Processing file /home/airflow/.local/lib/python3.8/site-packages/airflow/example_dags/example_setup_teardown.py for tasks to queue
[2024-11-18T14:49:14.867+0000] {logging_mixin.py:151} INFO - [2024-11-18T14:49:14.866+0000] {dagbag.py:536} INFO - Filling up the DagBag from /home/airflow/.local/lib/python3.8/site-packages/airflow/example_dags/example_setup_teardown.py
[2024-11-18T14:49:14.879+0000] {processor.py:839} INFO - DAG(s) dict_keys(['example_setup_teardown']) retrieved from /home/airflow/.local/lib/python3.8/site-packages/airflow/example_dags/example_setup_teardown.py
[2024-11-18T14:49:14.918+0000] {logging_mixin.py:151} INFO - [2024-11-18T14:49:14.918+0000] {dag.py:2941} INFO - Sync 1 DAGs
[2024-11-18T14:49:14.960+0000] {logging_mixin.py:151} INFO - [2024-11-18T14:49:14.959+0000] {dag.py:3722} INFO - Setting next_dagrun for example_setup_teardown to 2024-11-17T14:49:14.959493+00:00, run_after=2024-11-18T14:49:14.959493+00:00
[2024-11-18T14:49:14.995+0000] {processor.py:179} INFO - Processing /home/airflow/.local/lib/python3.8/site-packages/airflow/example_dags/example_setup_teardown.py took 0.138 seconds
[2024-11-18T14:49:49.001+0000] {processor.py:157} INFO - Started process (PID=1706) to work on /home/airflow/.local/lib/python3.8/site-packages/airflow/example_dags/example_setup_teardown.py
[2024-11-18T14:49:49.002+0000] {processor.py:829} INFO - Processing file /home/airflow/.local/lib/python3.8/site-packages/airflow/example_dags/example_setup_teardown.py for tasks to queue
[2024-11-18T14:49:49.005+0000] {logging_mixin.py:151} INFO - [2024-11-18T14:49:49.005+0000] {dagbag.py:536} INFO - Filling up the DagBag from /home/airflow/.local/lib/python3.8/site-packages/airflow/example_dags/example_setup_teardown.py
[2024-11-18T14:49:49.015+0000] {processor.py:839} INFO - DAG(s) dict_keys(['example_setup_teardown']) retrieved from /home/airflow/.local/lib/python3.8/site-packages/airflow/example_dags/example_setup_teardown.py
[2024-11-18T14:49:49.051+0000] {logging_mixin.py:151} INFO - [2024-11-18T14:49:49.051+0000] {dag.py:2941} INFO - Sync 1 DAGs
[2024-11-18T14:49:49.086+0000] {logging_mixin.py:151} INFO - [2024-11-18T14:49:49.086+0000] {dag.py:3722} INFO - Setting next_dagrun for example_setup_teardown to 2024-11-17T14:49:49.086055+00:00, run_after=2024-11-18T14:49:49.086055+00:00
[2024-11-18T14:49:49.113+0000] {processor.py:179} INFO - Processing /home/airflow/.local/lib/python3.8/site-packages/airflow/example_dags/example_setup_teardown.py took 0.118 seconds
[2024-11-18T14:50:22.971+0000] {processor.py:157} INFO - Started process (PID=1765) to work on /home/airflow/.local/lib/python3.8/site-packages/airflow/example_dags/example_setup_teardown.py
[2024-11-18T14:50:22.973+0000] {processor.py:829} INFO - Processing file /home/airflow/.local/lib/python3.8/site-packages/airflow/example_dags/example_setup_teardown.py for tasks to queue
[2024-11-18T14:50:22.976+0000] {logging_mixin.py:151} INFO - [2024-11-18T14:50:22.976+0000] {dagbag.py:536} INFO - Filling up the DagBag from /home/airflow/.local/lib/python3.8/site-packages/airflow/example_dags/example_setup_teardown.py
[2024-11-18T14:50:22.989+0000] {processor.py:839} INFO - DAG(s) dict_keys(['example_setup_teardown']) retrieved from /home/airflow/.local/lib/python3.8/site-packages/airflow/example_dags/example_setup_teardown.py
[2024-11-18T14:50:23.026+0000] {logging_mixin.py:151} INFO - [2024-11-18T14:50:23.025+0000] {dag.py:2941} INFO - Sync 1 DAGs
[2024-11-18T14:50:23.267+0000] {logging_mixin.py:151} INFO - [2024-11-18T14:50:23.266+0000] {dag.py:3722} INFO - Setting next_dagrun for example_setup_teardown to 2024-11-17T14:50:23.266583+00:00, run_after=2024-11-18T14:50:23.266583+00:00
[2024-11-18T14:50:23.305+0000] {processor.py:179} INFO - Processing /home/airflow/.local/lib/python3.8/site-packages/airflow/example_dags/example_setup_teardown.py took 0.340 seconds
[2024-11-18T14:50:55.788+0000] {processor.py:157} INFO - Started process (PID=1822) to work on /home/airflow/.local/lib/python3.8/site-packages/airflow/example_dags/example_setup_teardown.py
[2024-11-18T14:50:55.790+0000] {processor.py:829} INFO - Processing file /home/airflow/.local/lib/python3.8/site-packages/airflow/example_dags/example_setup_teardown.py for tasks to queue
[2024-11-18T14:50:55.793+0000] {logging_mixin.py:151} INFO - [2024-11-18T14:50:55.793+0000] {dagbag.py:536} INFO - Filling up the DagBag from /home/airflow/.local/lib/python3.8/site-packages/airflow/example_dags/example_setup_teardown.py
[2024-11-18T14:50:55.803+0000] {processor.py:839} INFO - DAG(s) dict_keys(['example_setup_teardown']) retrieved from /home/airflow/.local/lib/python3.8/site-packages/airflow/example_dags/example_setup_teardown.py
[2024-11-18T14:50:55.835+0000] {logging_mixin.py:151} INFO - [2024-11-18T14:50:55.835+0000] {dag.py:2941} INFO - Sync 1 DAGs
[2024-11-18T14:50:55.873+0000] {logging_mixin.py:151} INFO - [2024-11-18T14:50:55.872+0000] {dag.py:3722} INFO - Setting next_dagrun for example_setup_teardown to 2024-11-17T14:50:55.872440+00:00, run_after=2024-11-18T14:50:55.872440+00:00
[2024-11-18T14:50:55.903+0000] {processor.py:179} INFO - Processing /home/airflow/.local/lib/python3.8/site-packages/airflow/example_dags/example_setup_teardown.py took 0.120 seconds
[2024-11-18T14:51:28.920+0000] {processor.py:157} INFO - Started process (PID=1880) to work on /home/airflow/.local/lib/python3.8/site-packages/airflow/example_dags/example_setup_teardown.py
[2024-11-18T14:51:28.922+0000] {processor.py:829} INFO - Processing file /home/airflow/.local/lib/python3.8/site-packages/airflow/example_dags/example_setup_teardown.py for tasks to queue
[2024-11-18T14:51:28.925+0000] {logging_mixin.py:151} INFO - [2024-11-18T14:51:28.925+0000] {dagbag.py:536} INFO - Filling up the DagBag from /home/airflow/.local/lib/python3.8/site-packages/airflow/example_dags/example_setup_teardown.py
[2024-11-18T14:51:28.936+0000] {processor.py:839} INFO - DAG(s) dict_keys(['example_setup_teardown']) retrieved from /home/airflow/.local/lib/python3.8/site-packages/airflow/example_dags/example_setup_teardown.py
[2024-11-18T14:51:28.969+0000] {logging_mixin.py:151} INFO - [2024-11-18T14:51:28.969+0000] {dag.py:2941} INFO - Sync 1 DAGs
[2024-11-18T14:51:29.007+0000] {logging_mixin.py:151} INFO - [2024-11-18T14:51:29.006+0000] {dag.py:3722} INFO - Setting next_dagrun for example_setup_teardown to 2024-11-17T14:51:29.006437+00:00, run_after=2024-11-18T14:51:29.006437+00:00
[2024-11-18T14:51:29.036+0000] {processor.py:179} INFO - Processing /home/airflow/.local/lib/python3.8/site-packages/airflow/example_dags/example_setup_teardown.py took 0.121 seconds
[2024-11-18T14:52:01.499+0000] {processor.py:157} INFO - Started process (PID=1938) to work on /home/airflow/.local/lib/python3.8/site-packages/airflow/example_dags/example_setup_teardown.py
[2024-11-18T14:52:01.501+0000] {processor.py:829} INFO - Processing file /home/airflow/.local/lib/python3.8/site-packages/airflow/example_dags/example_setup_teardown.py for tasks to queue
[2024-11-18T14:52:01.504+0000] {logging_mixin.py:151} INFO - [2024-11-18T14:52:01.504+0000] {dagbag.py:536} INFO - Filling up the DagBag from /home/airflow/.local/lib/python3.8/site-packages/airflow/example_dags/example_setup_teardown.py
[2024-11-18T14:52:01.514+0000] {processor.py:839} INFO - DAG(s) dict_keys(['example_setup_teardown']) retrieved from /home/airflow/.local/lib/python3.8/site-packages/airflow/example_dags/example_setup_teardown.py
[2024-11-18T14:52:01.544+0000] {logging_mixin.py:151} INFO - [2024-11-18T14:52:01.543+0000] {dag.py:2941} INFO - Sync 1 DAGs
[2024-11-18T14:52:01.576+0000] {logging_mixin.py:151} INFO - [2024-11-18T14:52:01.576+0000] {dag.py:3722} INFO - Setting next_dagrun for example_setup_teardown to 2024-11-17T14:52:01.576305+00:00, run_after=2024-11-18T14:52:01.576305+00:00
[2024-11-18T14:52:01.605+0000] {processor.py:179} INFO - Processing /home/airflow/.local/lib/python3.8/site-packages/airflow/example_dags/example_setup_teardown.py took 0.110 seconds
[2024-11-18T14:52:35.113+0000] {processor.py:157} INFO - Started process (PID=1993) to work on /home/airflow/.local/lib/python3.8/site-packages/airflow/example_dags/example_setup_teardown.py
[2024-11-18T14:52:35.115+0000] {processor.py:829} INFO - Processing file /home/airflow/.local/lib/python3.8/site-packages/airflow/example_dags/example_setup_teardown.py for tasks to queue
[2024-11-18T14:52:35.119+0000] {logging_mixin.py:151} INFO - [2024-11-18T14:52:35.119+0000] {dagbag.py:536} INFO - Filling up the DagBag from /home/airflow/.local/lib/python3.8/site-packages/airflow/example_dags/example_setup_teardown.py
[2024-11-18T14:52:35.133+0000] {processor.py:839} INFO - DAG(s) dict_keys(['example_setup_teardown']) retrieved from /home/airflow/.local/lib/python3.8/site-packages/airflow/example_dags/example_setup_teardown.py
[2024-11-18T14:52:35.167+0000] {logging_mixin.py:151} INFO - [2024-11-18T14:52:35.167+0000] {dag.py:2941} INFO - Sync 1 DAGs
[2024-11-18T14:52:35.203+0000] {logging_mixin.py:151} INFO - [2024-11-18T14:52:35.202+0000] {dag.py:3722} INFO - Setting next_dagrun for example_setup_teardown to 2024-11-17T14:52:35.202554+00:00, run_after=2024-11-18T14:52:35.202554+00:00
[2024-11-18T14:52:35.229+0000] {processor.py:179} INFO - Processing /home/airflow/.local/lib/python3.8/site-packages/airflow/example_dags/example_setup_teardown.py took 0.122 seconds
[2024-11-18T14:53:08.242+0000] {processor.py:157} INFO - Started process (PID=2048) to work on /home/airflow/.local/lib/python3.8/site-packages/airflow/example_dags/example_setup_teardown.py
[2024-11-18T14:53:08.243+0000] {processor.py:829} INFO - Processing file /home/airflow/.local/lib/python3.8/site-packages/airflow/example_dags/example_setup_teardown.py for tasks to queue
[2024-11-18T14:53:08.247+0000] {logging_mixin.py:151} INFO - [2024-11-18T14:53:08.246+0000] {dagbag.py:536} INFO - Filling up the DagBag from /home/airflow/.local/lib/python3.8/site-packages/airflow/example_dags/example_setup_teardown.py
[2024-11-18T14:53:08.256+0000] {processor.py:839} INFO - DAG(s) dict_keys(['example_setup_teardown']) retrieved from /home/airflow/.local/lib/python3.8/site-packages/airflow/example_dags/example_setup_teardown.py
[2024-11-18T14:53:08.288+0000] {logging_mixin.py:151} INFO - [2024-11-18T14:53:08.288+0000] {dag.py:2941} INFO - Sync 1 DAGs
[2024-11-18T14:53:08.321+0000] {logging_mixin.py:151} INFO - [2024-11-18T14:53:08.321+0000] {dag.py:3722} INFO - Setting next_dagrun for example_setup_teardown to 2024-11-17T14:53:08.320969+00:00, run_after=2024-11-18T14:53:08.320969+00:00
[2024-11-18T14:53:08.353+0000] {processor.py:179} INFO - Processing /home/airflow/.local/lib/python3.8/site-packages/airflow/example_dags/example_setup_teardown.py took 0.116 seconds
[2024-11-18T14:53:42.225+0000] {processor.py:157} INFO - Started process (PID=2104) to work on /home/airflow/.local/lib/python3.8/site-packages/airflow/example_dags/example_setup_teardown.py
[2024-11-18T14:53:42.226+0000] {processor.py:829} INFO - Processing file /home/airflow/.local/lib/python3.8/site-packages/airflow/example_dags/example_setup_teardown.py for tasks to queue
[2024-11-18T14:53:42.230+0000] {logging_mixin.py:151} INFO - [2024-11-18T14:53:42.230+0000] {dagbag.py:536} INFO - Filling up the DagBag from /home/airflow/.local/lib/python3.8/site-packages/airflow/example_dags/example_setup_teardown.py
[2024-11-18T14:53:42.240+0000] {processor.py:839} INFO - DAG(s) dict_keys(['example_setup_teardown']) retrieved from /home/airflow/.local/lib/python3.8/site-packages/airflow/example_dags/example_setup_teardown.py
[2024-11-18T14:53:42.273+0000] {logging_mixin.py:151} INFO - [2024-11-18T14:53:42.273+0000] {dag.py:2941} INFO - Sync 1 DAGs
[2024-11-18T14:53:42.309+0000] {logging_mixin.py:151} INFO - [2024-11-18T14:53:42.309+0000] {dag.py:3722} INFO - Setting next_dagrun for example_setup_teardown to 2024-11-17T14:53:42.309039+00:00, run_after=2024-11-18T14:53:42.309039+00:00
[2024-11-18T14:53:42.344+0000] {processor.py:179} INFO - Processing /home/airflow/.local/lib/python3.8/site-packages/airflow/example_dags/example_setup_teardown.py took 0.124 seconds
[2024-11-18T14:54:15.531+0000] {processor.py:157} INFO - Started process (PID=2159) to work on /home/airflow/.local/lib/python3.8/site-packages/airflow/example_dags/example_setup_teardown.py
[2024-11-18T14:54:15.533+0000] {processor.py:829} INFO - Processing file /home/airflow/.local/lib/python3.8/site-packages/airflow/example_dags/example_setup_teardown.py for tasks to queue
[2024-11-18T14:54:15.537+0000] {logging_mixin.py:151} INFO - [2024-11-18T14:54:15.536+0000] {dagbag.py:536} INFO - Filling up the DagBag from /home/airflow/.local/lib/python3.8/site-packages/airflow/example_dags/example_setup_teardown.py
[2024-11-18T14:54:15.547+0000] {processor.py:839} INFO - DAG(s) dict_keys(['example_setup_teardown']) retrieved from /home/airflow/.local/lib/python3.8/site-packages/airflow/example_dags/example_setup_teardown.py
[2024-11-18T14:54:15.582+0000] {logging_mixin.py:151} INFO - [2024-11-18T14:54:15.582+0000] {dag.py:2941} INFO - Sync 1 DAGs
[2024-11-18T14:54:15.622+0000] {logging_mixin.py:151} INFO - [2024-11-18T14:54:15.622+0000] {dag.py:3722} INFO - Setting next_dagrun for example_setup_teardown to 2024-11-17T14:54:15.621889+00:00, run_after=2024-11-18T14:54:15.621889+00:00
[2024-11-18T14:54:15.654+0000] {processor.py:179} INFO - Processing /home/airflow/.local/lib/python3.8/site-packages/airflow/example_dags/example_setup_teardown.py took 0.128 seconds
[2024-11-18T14:54:48.997+0000] {processor.py:157} INFO - Started process (PID=2214) to work on /home/airflow/.local/lib/python3.8/site-packages/airflow/example_dags/example_setup_teardown.py
[2024-11-18T14:54:48.998+0000] {processor.py:829} INFO - Processing file /home/airflow/.local/lib/python3.8/site-packages/airflow/example_dags/example_setup_teardown.py for tasks to queue
[2024-11-18T14:54:49.001+0000] {logging_mixin.py:151} INFO - [2024-11-18T14:54:49.001+0000] {dagbag.py:536} INFO - Filling up the DagBag from /home/airflow/.local/lib/python3.8/site-packages/airflow/example_dags/example_setup_teardown.py
[2024-11-18T14:54:49.011+0000] {processor.py:839} INFO - DAG(s) dict_keys(['example_setup_teardown']) retrieved from /home/airflow/.local/lib/python3.8/site-packages/airflow/example_dags/example_setup_teardown.py
[2024-11-18T14:54:49.041+0000] {logging_mixin.py:151} INFO - [2024-11-18T14:54:49.041+0000] {dag.py:2941} INFO - Sync 1 DAGs
[2024-11-18T14:54:49.076+0000] {logging_mixin.py:151} INFO - [2024-11-18T14:54:49.076+0000] {dag.py:3722} INFO - Setting next_dagrun for example_setup_teardown to 2024-11-17T14:54:49.075945+00:00, run_after=2024-11-18T14:54:49.075945+00:00
[2024-11-18T14:54:49.104+0000] {processor.py:179} INFO - Processing /home/airflow/.local/lib/python3.8/site-packages/airflow/example_dags/example_setup_teardown.py took 0.112 seconds
[2024-11-18T14:55:22.286+0000] {processor.py:157} INFO - Started process (PID=2269) to work on /home/airflow/.local/lib/python3.8/site-packages/airflow/example_dags/example_setup_teardown.py
[2024-11-18T14:55:22.288+0000] {processor.py:829} INFO - Processing file /home/airflow/.local/lib/python3.8/site-packages/airflow/example_dags/example_setup_teardown.py for tasks to queue
[2024-11-18T14:55:22.291+0000] {logging_mixin.py:151} INFO - [2024-11-18T14:55:22.291+0000] {dagbag.py:536} INFO - Filling up the DagBag from /home/airflow/.local/lib/python3.8/site-packages/airflow/example_dags/example_setup_teardown.py
[2024-11-18T14:55:22.305+0000] {processor.py:839} INFO - DAG(s) dict_keys(['example_setup_teardown']) retrieved from /home/airflow/.local/lib/python3.8/site-packages/airflow/example_dags/example_setup_teardown.py
[2024-11-18T14:55:22.336+0000] {logging_mixin.py:151} INFO - [2024-11-18T14:55:22.335+0000] {dag.py:2941} INFO - Sync 1 DAGs
[2024-11-18T14:55:22.371+0000] {logging_mixin.py:151} INFO - [2024-11-18T14:55:22.370+0000] {dag.py:3722} INFO - Setting next_dagrun for example_setup_teardown to 2024-11-17T14:55:22.370024+00:00, run_after=2024-11-18T14:55:22.370024+00:00
[2024-11-18T14:55:22.403+0000] {processor.py:179} INFO - Processing /home/airflow/.local/lib/python3.8/site-packages/airflow/example_dags/example_setup_teardown.py took 0.121 seconds
[2024-11-18T14:55:55.651+0000] {processor.py:157} INFO - Started process (PID=2324) to work on /home/airflow/.local/lib/python3.8/site-packages/airflow/example_dags/example_setup_teardown.py
[2024-11-18T14:55:55.653+0000] {processor.py:829} INFO - Processing file /home/airflow/.local/lib/python3.8/site-packages/airflow/example_dags/example_setup_teardown.py for tasks to queue
[2024-11-18T14:55:55.656+0000] {logging_mixin.py:151} INFO - [2024-11-18T14:55:55.656+0000] {dagbag.py:536} INFO - Filling up the DagBag from /home/airflow/.local/lib/python3.8/site-packages/airflow/example_dags/example_setup_teardown.py
[2024-11-18T14:55:55.667+0000] {processor.py:839} INFO - DAG(s) dict_keys(['example_setup_teardown']) retrieved from /home/airflow/.local/lib/python3.8/site-packages/airflow/example_dags/example_setup_teardown.py
[2024-11-18T14:55:55.698+0000] {logging_mixin.py:151} INFO - [2024-11-18T14:55:55.698+0000] {dag.py:2941} INFO - Sync 1 DAGs
[2024-11-18T14:55:55.739+0000] {logging_mixin.py:151} INFO - [2024-11-18T14:55:55.738+0000] {dag.py:3722} INFO - Setting next_dagrun for example_setup_teardown to 2024-11-17T14:55:55.738506+00:00, run_after=2024-11-18T14:55:55.738506+00:00
[2024-11-18T14:55:55.771+0000] {processor.py:179} INFO - Processing /home/airflow/.local/lib/python3.8/site-packages/airflow/example_dags/example_setup_teardown.py took 0.127 seconds
[2024-11-18T14:56:28.522+0000] {processor.py:157} INFO - Started process (PID=2379) to work on /home/airflow/.local/lib/python3.8/site-packages/airflow/example_dags/example_setup_teardown.py
[2024-11-18T14:56:28.523+0000] {processor.py:829} INFO - Processing file /home/airflow/.local/lib/python3.8/site-packages/airflow/example_dags/example_setup_teardown.py for tasks to queue
[2024-11-18T14:56:28.527+0000] {logging_mixin.py:151} INFO - [2024-11-18T14:56:28.526+0000] {dagbag.py:536} INFO - Filling up the DagBag from /home/airflow/.local/lib/python3.8/site-packages/airflow/example_dags/example_setup_teardown.py
[2024-11-18T14:56:28.537+0000] {processor.py:839} INFO - DAG(s) dict_keys(['example_setup_teardown']) retrieved from /home/airflow/.local/lib/python3.8/site-packages/airflow/example_dags/example_setup_teardown.py
[2024-11-18T14:56:28.569+0000] {logging_mixin.py:151} INFO - [2024-11-18T14:56:28.569+0000] {dag.py:2941} INFO - Sync 1 DAGs
[2024-11-18T14:56:28.605+0000] {logging_mixin.py:151} INFO - [2024-11-18T14:56:28.605+0000] {dag.py:3722} INFO - Setting next_dagrun for example_setup_teardown to 2024-11-17T14:56:28.604989+00:00, run_after=2024-11-18T14:56:28.604989+00:00
[2024-11-18T14:56:28.636+0000] {processor.py:179} INFO - Processing /home/airflow/.local/lib/python3.8/site-packages/airflow/example_dags/example_setup_teardown.py took 0.119 seconds
[2024-11-18T14:57:02.087+0000] {processor.py:157} INFO - Started process (PID=2434) to work on /home/airflow/.local/lib/python3.8/site-packages/airflow/example_dags/example_setup_teardown.py
[2024-11-18T14:57:02.089+0000] {processor.py:829} INFO - Processing file /home/airflow/.local/lib/python3.8/site-packages/airflow/example_dags/example_setup_teardown.py for tasks to queue
[2024-11-18T14:57:02.094+0000] {logging_mixin.py:151} INFO - [2024-11-18T14:57:02.093+0000] {dagbag.py:536} INFO - Filling up the DagBag from /home/airflow/.local/lib/python3.8/site-packages/airflow/example_dags/example_setup_teardown.py
[2024-11-18T14:57:02.107+0000] {processor.py:839} INFO - DAG(s) dict_keys(['example_setup_teardown']) retrieved from /home/airflow/.local/lib/python3.8/site-packages/airflow/example_dags/example_setup_teardown.py
[2024-11-18T14:57:02.144+0000] {logging_mixin.py:151} INFO - [2024-11-18T14:57:02.144+0000] {dag.py:2941} INFO - Sync 1 DAGs
[2024-11-18T14:57:02.184+0000] {logging_mixin.py:151} INFO - [2024-11-18T14:57:02.183+0000] {dag.py:3722} INFO - Setting next_dagrun for example_setup_teardown to 2024-11-17T14:57:02.183371+00:00, run_after=2024-11-18T14:57:02.183371+00:00
[2024-11-18T14:57:02.220+0000] {processor.py:179} INFO - Processing /home/airflow/.local/lib/python3.8/site-packages/airflow/example_dags/example_setup_teardown.py took 0.140 seconds
[2024-11-18T14:57:35.182+0000] {processor.py:157} INFO - Started process (PID=2489) to work on /home/airflow/.local/lib/python3.8/site-packages/airflow/example_dags/example_setup_teardown.py
[2024-11-18T14:57:35.184+0000] {processor.py:829} INFO - Processing file /home/airflow/.local/lib/python3.8/site-packages/airflow/example_dags/example_setup_teardown.py for tasks to queue
[2024-11-18T14:57:35.187+0000] {logging_mixin.py:151} INFO - [2024-11-18T14:57:35.187+0000] {dagbag.py:536} INFO - Filling up the DagBag from /home/airflow/.local/lib/python3.8/site-packages/airflow/example_dags/example_setup_teardown.py
[2024-11-18T14:57:35.198+0000] {processor.py:839} INFO - DAG(s) dict_keys(['example_setup_teardown']) retrieved from /home/airflow/.local/lib/python3.8/site-packages/airflow/example_dags/example_setup_teardown.py
[2024-11-18T14:57:35.232+0000] {logging_mixin.py:151} INFO - [2024-11-18T14:57:35.232+0000] {dag.py:2941} INFO - Sync 1 DAGs
[2024-11-18T14:57:35.273+0000] {logging_mixin.py:151} INFO - [2024-11-18T14:57:35.272+0000] {dag.py:3722} INFO - Setting next_dagrun for example_setup_teardown to 2024-11-17T14:57:35.272396+00:00, run_after=2024-11-18T14:57:35.272396+00:00
[2024-11-18T14:57:35.309+0000] {processor.py:179} INFO - Processing /home/airflow/.local/lib/python3.8/site-packages/airflow/example_dags/example_setup_teardown.py took 0.132 seconds
[2024-11-18T14:58:08.961+0000] {processor.py:157} INFO - Started process (PID=2544) to work on /home/airflow/.local/lib/python3.8/site-packages/airflow/example_dags/example_setup_teardown.py
[2024-11-18T14:58:08.963+0000] {processor.py:829} INFO - Processing file /home/airflow/.local/lib/python3.8/site-packages/airflow/example_dags/example_setup_teardown.py for tasks to queue
[2024-11-18T14:58:08.966+0000] {logging_mixin.py:151} INFO - [2024-11-18T14:58:08.966+0000] {dagbag.py:536} INFO - Filling up the DagBag from /home/airflow/.local/lib/python3.8/site-packages/airflow/example_dags/example_setup_teardown.py
[2024-11-18T14:58:08.976+0000] {processor.py:839} INFO - DAG(s) dict_keys(['example_setup_teardown']) retrieved from /home/airflow/.local/lib/python3.8/site-packages/airflow/example_dags/example_setup_teardown.py
[2024-11-18T14:58:09.008+0000] {logging_mixin.py:151} INFO - [2024-11-18T14:58:09.008+0000] {dag.py:2941} INFO - Sync 1 DAGs
[2024-11-18T14:58:09.045+0000] {logging_mixin.py:151} INFO - [2024-11-18T14:58:09.044+0000] {dag.py:3722} INFO - Setting next_dagrun for example_setup_teardown to 2024-11-17T14:58:09.044356+00:00, run_after=2024-11-18T14:58:09.044356+00:00
[2024-11-18T14:58:09.072+0000] {processor.py:179} INFO - Processing /home/airflow/.local/lib/python3.8/site-packages/airflow/example_dags/example_setup_teardown.py took 0.116 seconds
[2024-11-18T14:58:42.190+0000] {processor.py:157} INFO - Started process (PID=2599) to work on /home/airflow/.local/lib/python3.8/site-packages/airflow/example_dags/example_setup_teardown.py
[2024-11-18T14:58:42.192+0000] {processor.py:829} INFO - Processing file /home/airflow/.local/lib/python3.8/site-packages/airflow/example_dags/example_setup_teardown.py for tasks to queue
[2024-11-18T14:58:42.196+0000] {logging_mixin.py:151} INFO - [2024-11-18T14:58:42.195+0000] {dagbag.py:536} INFO - Filling up the DagBag from /home/airflow/.local/lib/python3.8/site-packages/airflow/example_dags/example_setup_teardown.py
[2024-11-18T14:58:42.210+0000] {processor.py:839} INFO - DAG(s) dict_keys(['example_setup_teardown']) retrieved from /home/airflow/.local/lib/python3.8/site-packages/airflow/example_dags/example_setup_teardown.py
[2024-11-18T14:58:42.252+0000] {logging_mixin.py:151} INFO - [2024-11-18T14:58:42.252+0000] {dag.py:2941} INFO - Sync 1 DAGs
[2024-11-18T14:58:42.298+0000] {logging_mixin.py:151} INFO - [2024-11-18T14:58:42.297+0000] {dag.py:3722} INFO - Setting next_dagrun for example_setup_teardown to 2024-11-17T14:58:42.297222+00:00, run_after=2024-11-18T14:58:42.297222+00:00
[2024-11-18T14:58:42.339+0000] {processor.py:179} INFO - Processing /home/airflow/.local/lib/python3.8/site-packages/airflow/example_dags/example_setup_teardown.py took 0.157 seconds
