[2024-11-18T14:20:18.369+0000] {processor.py:157} INFO - Started process (PID=106) to work on /home/airflow/.local/lib/python3.8/site-packages/airflow/example_dags/example_sensors.py
[2024-11-18T14:20:18.371+0000] {processor.py:829} INFO - Processing file /home/airflow/.local/lib/python3.8/site-packages/airflow/example_dags/example_sensors.py for tasks to queue
[2024-11-18T14:20:18.375+0000] {logging_mixin.py:151} INFO - [2024-11-18T14:20:18.374+0000] {dagbag.py:536} INFO - Filling up the DagBag from /home/airflow/.local/lib/python3.8/site-packages/airflow/example_dags/example_sensors.py
[2024-11-18T14:20:18.398+0000] {processor.py:839} INFO - DAG(s) dict_keys(['example_sensors']) retrieved from /home/airflow/.local/lib/python3.8/site-packages/airflow/example_dags/example_sensors.py
[2024-11-18T14:20:18.603+0000] {logging_mixin.py:151} INFO - [2024-11-18T14:20:18.602+0000] {manager.py:499} INFO - Created Permission View: %s
[2024-11-18T14:20:18.619+0000] {logging_mixin.py:151} INFO - [2024-11-18T14:20:18.619+0000] {manager.py:499} INFO - Created Permission View: %s
[2024-11-18T14:20:18.630+0000] {logging_mixin.py:151} INFO - [2024-11-18T14:20:18.629+0000] {manager.py:499} INFO - Created Permission View: %s
[2024-11-18T14:20:18.631+0000] {logging_mixin.py:151} INFO - [2024-11-18T14:20:18.631+0000] {dag.py:2941} INFO - Sync 1 DAGs
[2024-11-18T14:20:18.652+0000] {logging_mixin.py:151} INFO - [2024-11-18T14:20:18.651+0000] {dag.py:2963} INFO - Creating ORM DAG for example_sensors
[2024-11-18T14:20:18.653+0000] {logging_mixin.py:151} INFO - [2024-11-18T14:20:18.653+0000] {dag.py:3722} INFO - Setting next_dagrun for example_sensors to None, run_after=None
[2024-11-18T14:20:18.682+0000] {processor.py:179} INFO - Processing /home/airflow/.local/lib/python3.8/site-packages/airflow/example_dags/example_sensors.py took 0.318 seconds
[2024-11-18T14:20:49.238+0000] {processor.py:157} INFO - Started process (PID=153) to work on /home/airflow/.local/lib/python3.8/site-packages/airflow/example_dags/example_sensors.py
[2024-11-18T14:20:49.239+0000] {processor.py:829} INFO - Processing file /home/airflow/.local/lib/python3.8/site-packages/airflow/example_dags/example_sensors.py for tasks to queue
[2024-11-18T14:20:49.242+0000] {logging_mixin.py:151} INFO - [2024-11-18T14:20:49.242+0000] {dagbag.py:536} INFO - Filling up the DagBag from /home/airflow/.local/lib/python3.8/site-packages/airflow/example_dags/example_sensors.py
[2024-11-18T14:20:49.257+0000] {processor.py:839} INFO - DAG(s) dict_keys(['example_sensors']) retrieved from /home/airflow/.local/lib/python3.8/site-packages/airflow/example_dags/example_sensors.py
[2024-11-18T14:20:49.296+0000] {logging_mixin.py:151} INFO - [2024-11-18T14:20:49.296+0000] {dag.py:2941} INFO - Sync 1 DAGs
[2024-11-18T14:20:49.319+0000] {logging_mixin.py:151} INFO - [2024-11-18T14:20:49.318+0000] {dag.py:3722} INFO - Setting next_dagrun for example_sensors to None, run_after=None
[2024-11-18T14:20:49.353+0000] {processor.py:179} INFO - Processing /home/airflow/.local/lib/python3.8/site-packages/airflow/example_dags/example_sensors.py took 0.119 seconds
[2024-11-18T14:21:19.915+0000] {processor.py:157} INFO - Started process (PID=207) to work on /home/airflow/.local/lib/python3.8/site-packages/airflow/example_dags/example_sensors.py
[2024-11-18T14:21:19.917+0000] {processor.py:829} INFO - Processing file /home/airflow/.local/lib/python3.8/site-packages/airflow/example_dags/example_sensors.py for tasks to queue
[2024-11-18T14:21:19.920+0000] {logging_mixin.py:151} INFO - [2024-11-18T14:21:19.920+0000] {dagbag.py:536} INFO - Filling up the DagBag from /home/airflow/.local/lib/python3.8/site-packages/airflow/example_dags/example_sensors.py
[2024-11-18T14:21:19.935+0000] {processor.py:839} INFO - DAG(s) dict_keys(['example_sensors']) retrieved from /home/airflow/.local/lib/python3.8/site-packages/airflow/example_dags/example_sensors.py
[2024-11-18T14:21:19.982+0000] {logging_mixin.py:151} INFO - [2024-11-18T14:21:19.981+0000] {dag.py:2941} INFO - Sync 1 DAGs
[2024-11-18T14:21:20.003+0000] {logging_mixin.py:151} INFO - [2024-11-18T14:21:20.003+0000] {dag.py:3722} INFO - Setting next_dagrun for example_sensors to None, run_after=None
[2024-11-18T14:21:20.037+0000] {processor.py:179} INFO - Processing /home/airflow/.local/lib/python3.8/site-packages/airflow/example_dags/example_sensors.py took 0.127 seconds
[2024-11-18T14:21:50.151+0000] {processor.py:157} INFO - Started process (PID=261) to work on /home/airflow/.local/lib/python3.8/site-packages/airflow/example_dags/example_sensors.py
[2024-11-18T14:21:50.153+0000] {processor.py:829} INFO - Processing file /home/airflow/.local/lib/python3.8/site-packages/airflow/example_dags/example_sensors.py for tasks to queue
[2024-11-18T14:21:50.157+0000] {logging_mixin.py:151} INFO - [2024-11-18T14:21:50.156+0000] {dagbag.py:536} INFO - Filling up the DagBag from /home/airflow/.local/lib/python3.8/site-packages/airflow/example_dags/example_sensors.py
[2024-11-18T14:21:50.175+0000] {processor.py:839} INFO - DAG(s) dict_keys(['example_sensors']) retrieved from /home/airflow/.local/lib/python3.8/site-packages/airflow/example_dags/example_sensors.py
[2024-11-18T14:21:50.216+0000] {logging_mixin.py:151} INFO - [2024-11-18T14:21:50.216+0000] {dag.py:2941} INFO - Sync 1 DAGs
[2024-11-18T14:21:50.237+0000] {logging_mixin.py:151} INFO - [2024-11-18T14:21:50.237+0000] {dag.py:3722} INFO - Setting next_dagrun for example_sensors to None, run_after=None
[2024-11-18T14:21:50.267+0000] {processor.py:179} INFO - Processing /home/airflow/.local/lib/python3.8/site-packages/airflow/example_dags/example_sensors.py took 0.120 seconds
[2024-11-18T14:22:20.539+0000] {processor.py:157} INFO - Started process (PID=315) to work on /home/airflow/.local/lib/python3.8/site-packages/airflow/example_dags/example_sensors.py
[2024-11-18T14:22:20.541+0000] {processor.py:829} INFO - Processing file /home/airflow/.local/lib/python3.8/site-packages/airflow/example_dags/example_sensors.py for tasks to queue
[2024-11-18T14:22:20.545+0000] {logging_mixin.py:151} INFO - [2024-11-18T14:22:20.544+0000] {dagbag.py:536} INFO - Filling up the DagBag from /home/airflow/.local/lib/python3.8/site-packages/airflow/example_dags/example_sensors.py
[2024-11-18T14:22:20.559+0000] {processor.py:839} INFO - DAG(s) dict_keys(['example_sensors']) retrieved from /home/airflow/.local/lib/python3.8/site-packages/airflow/example_dags/example_sensors.py
[2024-11-18T14:22:20.600+0000] {logging_mixin.py:151} INFO - [2024-11-18T14:22:20.600+0000] {dag.py:2941} INFO - Sync 1 DAGs
[2024-11-18T14:22:20.621+0000] {logging_mixin.py:151} INFO - [2024-11-18T14:22:20.621+0000] {dag.py:3722} INFO - Setting next_dagrun for example_sensors to None, run_after=None
[2024-11-18T14:22:20.651+0000] {processor.py:179} INFO - Processing /home/airflow/.local/lib/python3.8/site-packages/airflow/example_dags/example_sensors.py took 0.116 seconds
[2024-11-18T14:22:51.160+0000] {processor.py:157} INFO - Started process (PID=370) to work on /home/airflow/.local/lib/python3.8/site-packages/airflow/example_dags/example_sensors.py
[2024-11-18T14:22:51.161+0000] {processor.py:829} INFO - Processing file /home/airflow/.local/lib/python3.8/site-packages/airflow/example_dags/example_sensors.py for tasks to queue
[2024-11-18T14:22:51.165+0000] {logging_mixin.py:151} INFO - [2024-11-18T14:22:51.165+0000] {dagbag.py:536} INFO - Filling up the DagBag from /home/airflow/.local/lib/python3.8/site-packages/airflow/example_dags/example_sensors.py
[2024-11-18T14:22:51.182+0000] {processor.py:839} INFO - DAG(s) dict_keys(['example_sensors']) retrieved from /home/airflow/.local/lib/python3.8/site-packages/airflow/example_dags/example_sensors.py
[2024-11-18T14:22:51.222+0000] {logging_mixin.py:151} INFO - [2024-11-18T14:22:51.221+0000] {dag.py:2941} INFO - Sync 1 DAGs
[2024-11-18T14:22:51.243+0000] {logging_mixin.py:151} INFO - [2024-11-18T14:22:51.243+0000] {dag.py:3722} INFO - Setting next_dagrun for example_sensors to None, run_after=None
[2024-11-18T14:22:51.275+0000] {processor.py:179} INFO - Processing /home/airflow/.local/lib/python3.8/site-packages/airflow/example_dags/example_sensors.py took 0.121 seconds
[2024-11-18T14:23:21.634+0000] {processor.py:157} INFO - Started process (PID=424) to work on /home/airflow/.local/lib/python3.8/site-packages/airflow/example_dags/example_sensors.py
[2024-11-18T14:23:21.635+0000] {processor.py:829} INFO - Processing file /home/airflow/.local/lib/python3.8/site-packages/airflow/example_dags/example_sensors.py for tasks to queue
[2024-11-18T14:23:21.640+0000] {logging_mixin.py:151} INFO - [2024-11-18T14:23:21.639+0000] {dagbag.py:536} INFO - Filling up the DagBag from /home/airflow/.local/lib/python3.8/site-packages/airflow/example_dags/example_sensors.py
[2024-11-18T14:23:21.657+0000] {processor.py:839} INFO - DAG(s) dict_keys(['example_sensors']) retrieved from /home/airflow/.local/lib/python3.8/site-packages/airflow/example_dags/example_sensors.py
[2024-11-18T14:23:21.697+0000] {logging_mixin.py:151} INFO - [2024-11-18T14:23:21.697+0000] {dag.py:2941} INFO - Sync 1 DAGs
[2024-11-18T14:23:21.725+0000] {logging_mixin.py:151} INFO - [2024-11-18T14:23:21.724+0000] {dag.py:3722} INFO - Setting next_dagrun for example_sensors to None, run_after=None
[2024-11-18T14:23:21.758+0000] {processor.py:179} INFO - Processing /home/airflow/.local/lib/python3.8/site-packages/airflow/example_dags/example_sensors.py took 0.131 seconds
[2024-11-18T14:23:52.181+0000] {processor.py:157} INFO - Started process (PID=478) to work on /home/airflow/.local/lib/python3.8/site-packages/airflow/example_dags/example_sensors.py
[2024-11-18T14:23:52.183+0000] {processor.py:829} INFO - Processing file /home/airflow/.local/lib/python3.8/site-packages/airflow/example_dags/example_sensors.py for tasks to queue
[2024-11-18T14:23:52.186+0000] {logging_mixin.py:151} INFO - [2024-11-18T14:23:52.186+0000] {dagbag.py:536} INFO - Filling up the DagBag from /home/airflow/.local/lib/python3.8/site-packages/airflow/example_dags/example_sensors.py
[2024-11-18T14:23:52.202+0000] {processor.py:839} INFO - DAG(s) dict_keys(['example_sensors']) retrieved from /home/airflow/.local/lib/python3.8/site-packages/airflow/example_dags/example_sensors.py
[2024-11-18T14:23:52.253+0000] {logging_mixin.py:151} INFO - [2024-11-18T14:23:52.252+0000] {dag.py:2941} INFO - Sync 1 DAGs
[2024-11-18T14:23:52.277+0000] {logging_mixin.py:151} INFO - [2024-11-18T14:23:52.277+0000] {dag.py:3722} INFO - Setting next_dagrun for example_sensors to None, run_after=None
[2024-11-18T14:23:52.316+0000] {processor.py:179} INFO - Processing /home/airflow/.local/lib/python3.8/site-packages/airflow/example_dags/example_sensors.py took 0.141 seconds
[2024-11-18T14:24:22.886+0000] {processor.py:157} INFO - Started process (PID=532) to work on /home/airflow/.local/lib/python3.8/site-packages/airflow/example_dags/example_sensors.py
[2024-11-18T14:24:22.888+0000] {processor.py:829} INFO - Processing file /home/airflow/.local/lib/python3.8/site-packages/airflow/example_dags/example_sensors.py for tasks to queue
[2024-11-18T14:24:22.891+0000] {logging_mixin.py:151} INFO - [2024-11-18T14:24:22.891+0000] {dagbag.py:536} INFO - Filling up the DagBag from /home/airflow/.local/lib/python3.8/site-packages/airflow/example_dags/example_sensors.py
[2024-11-18T14:24:22.904+0000] {processor.py:839} INFO - DAG(s) dict_keys(['example_sensors']) retrieved from /home/airflow/.local/lib/python3.8/site-packages/airflow/example_dags/example_sensors.py
[2024-11-18T14:24:22.943+0000] {logging_mixin.py:151} INFO - [2024-11-18T14:24:22.943+0000] {dag.py:2941} INFO - Sync 1 DAGs
[2024-11-18T14:24:22.963+0000] {logging_mixin.py:151} INFO - [2024-11-18T14:24:22.963+0000] {dag.py:3722} INFO - Setting next_dagrun for example_sensors to None, run_after=None
[2024-11-18T14:24:22.990+0000] {processor.py:179} INFO - Processing /home/airflow/.local/lib/python3.8/site-packages/airflow/example_dags/example_sensors.py took 0.109 seconds
[2024-11-18T14:24:54.848+0000] {processor.py:157} INFO - Started process (PID=587) to work on /home/airflow/.local/lib/python3.8/site-packages/airflow/example_dags/example_sensors.py
[2024-11-18T14:24:54.849+0000] {processor.py:829} INFO - Processing file /home/airflow/.local/lib/python3.8/site-packages/airflow/example_dags/example_sensors.py for tasks to queue
[2024-11-18T14:24:54.853+0000] {logging_mixin.py:151} INFO - [2024-11-18T14:24:54.852+0000] {dagbag.py:536} INFO - Filling up the DagBag from /home/airflow/.local/lib/python3.8/site-packages/airflow/example_dags/example_sensors.py
[2024-11-18T14:24:54.867+0000] {processor.py:839} INFO - DAG(s) dict_keys(['example_sensors']) retrieved from /home/airflow/.local/lib/python3.8/site-packages/airflow/example_dags/example_sensors.py
[2024-11-18T14:24:54.909+0000] {logging_mixin.py:151} INFO - [2024-11-18T14:24:54.909+0000] {dag.py:2941} INFO - Sync 1 DAGs
[2024-11-18T14:24:54.935+0000] {logging_mixin.py:151} INFO - [2024-11-18T14:24:54.935+0000] {dag.py:3722} INFO - Setting next_dagrun for example_sensors to None, run_after=None
[2024-11-18T14:24:54.969+0000] {processor.py:179} INFO - Processing /home/airflow/.local/lib/python3.8/site-packages/airflow/example_dags/example_sensors.py took 0.127 seconds
[2024-11-18T14:25:27.391+0000] {processor.py:157} INFO - Started process (PID=641) to work on /home/airflow/.local/lib/python3.8/site-packages/airflow/example_dags/example_sensors.py
[2024-11-18T14:25:27.393+0000] {processor.py:829} INFO - Processing file /home/airflow/.local/lib/python3.8/site-packages/airflow/example_dags/example_sensors.py for tasks to queue
[2024-11-18T14:25:27.398+0000] {logging_mixin.py:151} INFO - [2024-11-18T14:25:27.397+0000] {dagbag.py:536} INFO - Filling up the DagBag from /home/airflow/.local/lib/python3.8/site-packages/airflow/example_dags/example_sensors.py
[2024-11-18T14:25:27.418+0000] {processor.py:839} INFO - DAG(s) dict_keys(['example_sensors']) retrieved from /home/airflow/.local/lib/python3.8/site-packages/airflow/example_dags/example_sensors.py
[2024-11-18T14:25:27.438+0000] {logging_mixin.py:151} INFO - [2024-11-18T14:25:27.437+0000] {dag.py:2941} INFO - Sync 1 DAGs
[2024-11-18T14:25:27.459+0000] {logging_mixin.py:151} INFO - [2024-11-18T14:25:27.459+0000] {dag.py:3722} INFO - Setting next_dagrun for example_sensors to None, run_after=None
[2024-11-18T14:25:27.489+0000] {processor.py:179} INFO - Processing /home/airflow/.local/lib/python3.8/site-packages/airflow/example_dags/example_sensors.py took 0.105 seconds
[2024-11-18T14:25:58.872+0000] {processor.py:157} INFO - Started process (PID=695) to work on /home/airflow/.local/lib/python3.8/site-packages/airflow/example_dags/example_sensors.py
[2024-11-18T14:25:58.873+0000] {processor.py:829} INFO - Processing file /home/airflow/.local/lib/python3.8/site-packages/airflow/example_dags/example_sensors.py for tasks to queue
[2024-11-18T14:25:58.876+0000] {logging_mixin.py:151} INFO - [2024-11-18T14:25:58.876+0000] {dagbag.py:536} INFO - Filling up the DagBag from /home/airflow/.local/lib/python3.8/site-packages/airflow/example_dags/example_sensors.py
[2024-11-18T14:25:58.893+0000] {processor.py:839} INFO - DAG(s) dict_keys(['example_sensors']) retrieved from /home/airflow/.local/lib/python3.8/site-packages/airflow/example_dags/example_sensors.py
[2024-11-18T14:25:58.940+0000] {logging_mixin.py:151} INFO - [2024-11-18T14:25:58.939+0000] {dag.py:2941} INFO - Sync 1 DAGs
[2024-11-18T14:25:58.965+0000] {logging_mixin.py:151} INFO - [2024-11-18T14:25:58.965+0000] {dag.py:3722} INFO - Setting next_dagrun for example_sensors to None, run_after=None
[2024-11-18T14:25:59.000+0000] {processor.py:179} INFO - Processing /home/airflow/.local/lib/python3.8/site-packages/airflow/example_dags/example_sensors.py took 0.134 seconds
[2024-11-18T14:26:31.805+0000] {processor.py:157} INFO - Started process (PID=749) to work on /home/airflow/.local/lib/python3.8/site-packages/airflow/example_dags/example_sensors.py
[2024-11-18T14:26:31.806+0000] {processor.py:829} INFO - Processing file /home/airflow/.local/lib/python3.8/site-packages/airflow/example_dags/example_sensors.py for tasks to queue
[2024-11-18T14:26:31.809+0000] {logging_mixin.py:151} INFO - [2024-11-18T14:26:31.809+0000] {dagbag.py:536} INFO - Filling up the DagBag from /home/airflow/.local/lib/python3.8/site-packages/airflow/example_dags/example_sensors.py
[2024-11-18T14:26:31.824+0000] {processor.py:839} INFO - DAG(s) dict_keys(['example_sensors']) retrieved from /home/airflow/.local/lib/python3.8/site-packages/airflow/example_dags/example_sensors.py
[2024-11-18T14:26:31.862+0000] {logging_mixin.py:151} INFO - [2024-11-18T14:26:31.861+0000] {dag.py:2941} INFO - Sync 1 DAGs
[2024-11-18T14:26:31.881+0000] {logging_mixin.py:151} INFO - [2024-11-18T14:26:31.881+0000] {dag.py:3722} INFO - Setting next_dagrun for example_sensors to None, run_after=None
[2024-11-18T14:26:31.908+0000] {processor.py:179} INFO - Processing /home/airflow/.local/lib/python3.8/site-packages/airflow/example_dags/example_sensors.py took 0.108 seconds
[2024-11-18T14:27:04.886+0000] {processor.py:157} INFO - Started process (PID=797) to work on /home/airflow/.local/lib/python3.8/site-packages/airflow/example_dags/example_sensors.py
[2024-11-18T14:27:04.887+0000] {processor.py:829} INFO - Processing file /home/airflow/.local/lib/python3.8/site-packages/airflow/example_dags/example_sensors.py for tasks to queue
[2024-11-18T14:27:04.890+0000] {logging_mixin.py:151} INFO - [2024-11-18T14:27:04.890+0000] {dagbag.py:536} INFO - Filling up the DagBag from /home/airflow/.local/lib/python3.8/site-packages/airflow/example_dags/example_sensors.py
[2024-11-18T14:27:04.903+0000] {processor.py:839} INFO - DAG(s) dict_keys(['example_sensors']) retrieved from /home/airflow/.local/lib/python3.8/site-packages/airflow/example_dags/example_sensors.py
[2024-11-18T14:27:04.946+0000] {logging_mixin.py:151} INFO - [2024-11-18T14:27:04.946+0000] {dag.py:2941} INFO - Sync 1 DAGs
[2024-11-18T14:27:04.966+0000] {logging_mixin.py:151} INFO - [2024-11-18T14:27:04.965+0000] {dag.py:3722} INFO - Setting next_dagrun for example_sensors to None, run_after=None
[2024-11-18T14:27:04.992+0000] {processor.py:179} INFO - Processing /home/airflow/.local/lib/python3.8/site-packages/airflow/example_dags/example_sensors.py took 0.111 seconds
[2024-11-18T14:27:38.477+0000] {processor.py:157} INFO - Started process (PID=851) to work on /home/airflow/.local/lib/python3.8/site-packages/airflow/example_dags/example_sensors.py
[2024-11-18T14:27:38.478+0000] {processor.py:829} INFO - Processing file /home/airflow/.local/lib/python3.8/site-packages/airflow/example_dags/example_sensors.py for tasks to queue
[2024-11-18T14:27:38.482+0000] {logging_mixin.py:151} INFO - [2024-11-18T14:27:38.481+0000] {dagbag.py:536} INFO - Filling up the DagBag from /home/airflow/.local/lib/python3.8/site-packages/airflow/example_dags/example_sensors.py
[2024-11-18T14:27:38.495+0000] {processor.py:839} INFO - DAG(s) dict_keys(['example_sensors']) retrieved from /home/airflow/.local/lib/python3.8/site-packages/airflow/example_dags/example_sensors.py
[2024-11-18T14:27:38.533+0000] {logging_mixin.py:151} INFO - [2024-11-18T14:27:38.533+0000] {dag.py:2941} INFO - Sync 1 DAGs
[2024-11-18T14:27:38.553+0000] {logging_mixin.py:151} INFO - [2024-11-18T14:27:38.552+0000] {dag.py:3722} INFO - Setting next_dagrun for example_sensors to None, run_after=None
[2024-11-18T14:27:38.580+0000] {processor.py:179} INFO - Processing /home/airflow/.local/lib/python3.8/site-packages/airflow/example_dags/example_sensors.py took 0.108 seconds
[2024-11-18T14:28:12.080+0000] {processor.py:157} INFO - Started process (PID=906) to work on /home/airflow/.local/lib/python3.8/site-packages/airflow/example_dags/example_sensors.py
[2024-11-18T14:28:12.082+0000] {processor.py:829} INFO - Processing file /home/airflow/.local/lib/python3.8/site-packages/airflow/example_dags/example_sensors.py for tasks to queue
[2024-11-18T14:28:12.085+0000] {logging_mixin.py:151} INFO - [2024-11-18T14:28:12.085+0000] {dagbag.py:536} INFO - Filling up the DagBag from /home/airflow/.local/lib/python3.8/site-packages/airflow/example_dags/example_sensors.py
[2024-11-18T14:28:12.100+0000] {processor.py:839} INFO - DAG(s) dict_keys(['example_sensors']) retrieved from /home/airflow/.local/lib/python3.8/site-packages/airflow/example_dags/example_sensors.py
[2024-11-18T14:28:12.140+0000] {logging_mixin.py:151} INFO - [2024-11-18T14:28:12.139+0000] {dag.py:2941} INFO - Sync 1 DAGs
[2024-11-18T14:28:12.160+0000] {logging_mixin.py:151} INFO - [2024-11-18T14:28:12.160+0000] {dag.py:3722} INFO - Setting next_dagrun for example_sensors to None, run_after=None
[2024-11-18T14:28:12.189+0000] {processor.py:179} INFO - Processing /home/airflow/.local/lib/python3.8/site-packages/airflow/example_dags/example_sensors.py took 0.114 seconds
[2024-11-18T14:28:44.773+0000] {processor.py:157} INFO - Started process (PID=960) to work on /home/airflow/.local/lib/python3.8/site-packages/airflow/example_dags/example_sensors.py
[2024-11-18T14:28:44.774+0000] {processor.py:829} INFO - Processing file /home/airflow/.local/lib/python3.8/site-packages/airflow/example_dags/example_sensors.py for tasks to queue
[2024-11-18T14:28:44.778+0000] {logging_mixin.py:151} INFO - [2024-11-18T14:28:44.777+0000] {dagbag.py:536} INFO - Filling up the DagBag from /home/airflow/.local/lib/python3.8/site-packages/airflow/example_dags/example_sensors.py
[2024-11-18T14:28:44.793+0000] {processor.py:839} INFO - DAG(s) dict_keys(['example_sensors']) retrieved from /home/airflow/.local/lib/python3.8/site-packages/airflow/example_dags/example_sensors.py
[2024-11-18T14:28:44.833+0000] {logging_mixin.py:151} INFO - [2024-11-18T14:28:44.832+0000] {dag.py:2941} INFO - Sync 1 DAGs
[2024-11-18T14:28:44.855+0000] {logging_mixin.py:151} INFO - [2024-11-18T14:28:44.854+0000] {dag.py:3722} INFO - Setting next_dagrun for example_sensors to None, run_after=None
[2024-11-18T14:28:44.891+0000] {processor.py:179} INFO - Processing /home/airflow/.local/lib/python3.8/site-packages/airflow/example_dags/example_sensors.py took 0.124 seconds
[2024-11-18T14:29:18.212+0000] {processor.py:157} INFO - Started process (PID=1014) to work on /home/airflow/.local/lib/python3.8/site-packages/airflow/example_dags/example_sensors.py
[2024-11-18T14:29:18.214+0000] {processor.py:829} INFO - Processing file /home/airflow/.local/lib/python3.8/site-packages/airflow/example_dags/example_sensors.py for tasks to queue
[2024-11-18T14:29:18.217+0000] {logging_mixin.py:151} INFO - [2024-11-18T14:29:18.217+0000] {dagbag.py:536} INFO - Filling up the DagBag from /home/airflow/.local/lib/python3.8/site-packages/airflow/example_dags/example_sensors.py
[2024-11-18T14:29:18.232+0000] {processor.py:839} INFO - DAG(s) dict_keys(['example_sensors']) retrieved from /home/airflow/.local/lib/python3.8/site-packages/airflow/example_dags/example_sensors.py
[2024-11-18T14:29:18.273+0000] {logging_mixin.py:151} INFO - [2024-11-18T14:29:18.273+0000] {dag.py:2941} INFO - Sync 1 DAGs
[2024-11-18T14:29:18.295+0000] {logging_mixin.py:151} INFO - [2024-11-18T14:29:18.295+0000] {dag.py:3722} INFO - Setting next_dagrun for example_sensors to None, run_after=None
[2024-11-18T14:29:18.328+0000] {processor.py:179} INFO - Processing /home/airflow/.local/lib/python3.8/site-packages/airflow/example_dags/example_sensors.py took 0.120 seconds
[2024-11-18T14:29:50.737+0000] {processor.py:157} INFO - Started process (PID=1068) to work on /home/airflow/.local/lib/python3.8/site-packages/airflow/example_dags/example_sensors.py
[2024-11-18T14:29:50.738+0000] {processor.py:829} INFO - Processing file /home/airflow/.local/lib/python3.8/site-packages/airflow/example_dags/example_sensors.py for tasks to queue
[2024-11-18T14:29:50.741+0000] {logging_mixin.py:151} INFO - [2024-11-18T14:29:50.741+0000] {dagbag.py:536} INFO - Filling up the DagBag from /home/airflow/.local/lib/python3.8/site-packages/airflow/example_dags/example_sensors.py
[2024-11-18T14:29:50.756+0000] {processor.py:839} INFO - DAG(s) dict_keys(['example_sensors']) retrieved from /home/airflow/.local/lib/python3.8/site-packages/airflow/example_dags/example_sensors.py
[2024-11-18T14:29:50.796+0000] {logging_mixin.py:151} INFO - [2024-11-18T14:29:50.796+0000] {dag.py:2941} INFO - Sync 1 DAGs
[2024-11-18T14:29:50.816+0000] {logging_mixin.py:151} INFO - [2024-11-18T14:29:50.816+0000] {dag.py:3722} INFO - Setting next_dagrun for example_sensors to None, run_after=None
[2024-11-18T14:29:50.844+0000] {processor.py:179} INFO - Processing /home/airflow/.local/lib/python3.8/site-packages/airflow/example_dags/example_sensors.py took 0.111 seconds
[2024-11-18T14:33:19.756+0000] {processor.py:157} INFO - Started process (PID=105) to work on /home/airflow/.local/lib/python3.8/site-packages/airflow/example_dags/example_sensors.py
[2024-11-18T14:33:19.758+0000] {processor.py:829} INFO - Processing file /home/airflow/.local/lib/python3.8/site-packages/airflow/example_dags/example_sensors.py for tasks to queue
[2024-11-18T14:33:19.761+0000] {logging_mixin.py:151} INFO - [2024-11-18T14:33:19.761+0000] {dagbag.py:536} INFO - Filling up the DagBag from /home/airflow/.local/lib/python3.8/site-packages/airflow/example_dags/example_sensors.py
[2024-11-18T14:33:19.787+0000] {processor.py:839} INFO - DAG(s) dict_keys(['example_sensors']) retrieved from /home/airflow/.local/lib/python3.8/site-packages/airflow/example_dags/example_sensors.py
[2024-11-18T14:33:19.849+0000] {logging_mixin.py:151} INFO - [2024-11-18T14:33:19.848+0000] {dag.py:2941} INFO - Sync 1 DAGs
[2024-11-18T14:33:19.875+0000] {logging_mixin.py:151} INFO - [2024-11-18T14:33:19.875+0000] {dag.py:3722} INFO - Setting next_dagrun for example_sensors to None, run_after=None
[2024-11-18T14:33:19.913+0000] {processor.py:179} INFO - Processing /home/airflow/.local/lib/python3.8/site-packages/airflow/example_dags/example_sensors.py took 0.162 seconds
[2024-11-18T14:33:50.282+0000] {processor.py:157} INFO - Started process (PID=152) to work on /home/airflow/.local/lib/python3.8/site-packages/airflow/example_dags/example_sensors.py
[2024-11-18T14:33:50.283+0000] {processor.py:829} INFO - Processing file /home/airflow/.local/lib/python3.8/site-packages/airflow/example_dags/example_sensors.py for tasks to queue
[2024-11-18T14:33:50.286+0000] {logging_mixin.py:151} INFO - [2024-11-18T14:33:50.286+0000] {dagbag.py:536} INFO - Filling up the DagBag from /home/airflow/.local/lib/python3.8/site-packages/airflow/example_dags/example_sensors.py
[2024-11-18T14:33:50.300+0000] {processor.py:839} INFO - DAG(s) dict_keys(['example_sensors']) retrieved from /home/airflow/.local/lib/python3.8/site-packages/airflow/example_dags/example_sensors.py
[2024-11-18T14:33:50.339+0000] {logging_mixin.py:151} INFO - [2024-11-18T14:33:50.339+0000] {dag.py:2941} INFO - Sync 1 DAGs
[2024-11-18T14:33:50.358+0000] {logging_mixin.py:151} INFO - [2024-11-18T14:33:50.358+0000] {dag.py:3722} INFO - Setting next_dagrun for example_sensors to None, run_after=None
[2024-11-18T14:33:50.385+0000] {processor.py:179} INFO - Processing /home/airflow/.local/lib/python3.8/site-packages/airflow/example_dags/example_sensors.py took 0.108 seconds
[2024-11-18T14:34:21.065+0000] {processor.py:157} INFO - Started process (PID=206) to work on /home/airflow/.local/lib/python3.8/site-packages/airflow/example_dags/example_sensors.py
[2024-11-18T14:34:21.067+0000] {processor.py:829} INFO - Processing file /home/airflow/.local/lib/python3.8/site-packages/airflow/example_dags/example_sensors.py for tasks to queue
[2024-11-18T14:34:21.070+0000] {logging_mixin.py:151} INFO - [2024-11-18T14:34:21.069+0000] {dagbag.py:536} INFO - Filling up the DagBag from /home/airflow/.local/lib/python3.8/site-packages/airflow/example_dags/example_sensors.py
[2024-11-18T14:34:21.084+0000] {processor.py:839} INFO - DAG(s) dict_keys(['example_sensors']) retrieved from /home/airflow/.local/lib/python3.8/site-packages/airflow/example_dags/example_sensors.py
[2024-11-18T14:34:21.123+0000] {logging_mixin.py:151} INFO - [2024-11-18T14:34:21.123+0000] {dag.py:2941} INFO - Sync 1 DAGs
[2024-11-18T14:34:21.143+0000] {logging_mixin.py:151} INFO - [2024-11-18T14:34:21.143+0000] {dag.py:3722} INFO - Setting next_dagrun for example_sensors to None, run_after=None
[2024-11-18T14:34:21.171+0000] {processor.py:179} INFO - Processing /home/airflow/.local/lib/python3.8/site-packages/airflow/example_dags/example_sensors.py took 0.110 seconds
[2024-11-18T14:34:51.641+0000] {processor.py:157} INFO - Started process (PID=260) to work on /home/airflow/.local/lib/python3.8/site-packages/airflow/example_dags/example_sensors.py
[2024-11-18T14:34:51.643+0000] {processor.py:829} INFO - Processing file /home/airflow/.local/lib/python3.8/site-packages/airflow/example_dags/example_sensors.py for tasks to queue
[2024-11-18T14:34:51.646+0000] {logging_mixin.py:151} INFO - [2024-11-18T14:34:51.646+0000] {dagbag.py:536} INFO - Filling up the DagBag from /home/airflow/.local/lib/python3.8/site-packages/airflow/example_dags/example_sensors.py
[2024-11-18T14:34:51.664+0000] {processor.py:839} INFO - DAG(s) dict_keys(['example_sensors']) retrieved from /home/airflow/.local/lib/python3.8/site-packages/airflow/example_dags/example_sensors.py
[2024-11-18T14:34:51.703+0000] {logging_mixin.py:151} INFO - [2024-11-18T14:34:51.702+0000] {dag.py:2941} INFO - Sync 1 DAGs
[2024-11-18T14:34:51.722+0000] {logging_mixin.py:151} INFO - [2024-11-18T14:34:51.722+0000] {dag.py:3722} INFO - Setting next_dagrun for example_sensors to None, run_after=None
[2024-11-18T14:34:51.751+0000] {processor.py:179} INFO - Processing /home/airflow/.local/lib/python3.8/site-packages/airflow/example_dags/example_sensors.py took 0.116 seconds
[2024-11-18T14:35:23.301+0000] {processor.py:157} INFO - Started process (PID=314) to work on /home/airflow/.local/lib/python3.8/site-packages/airflow/example_dags/example_sensors.py
[2024-11-18T14:35:23.303+0000] {processor.py:829} INFO - Processing file /home/airflow/.local/lib/python3.8/site-packages/airflow/example_dags/example_sensors.py for tasks to queue
[2024-11-18T14:35:23.306+0000] {logging_mixin.py:151} INFO - [2024-11-18T14:35:23.305+0000] {dagbag.py:536} INFO - Filling up the DagBag from /home/airflow/.local/lib/python3.8/site-packages/airflow/example_dags/example_sensors.py
[2024-11-18T14:35:23.320+0000] {processor.py:839} INFO - DAG(s) dict_keys(['example_sensors']) retrieved from /home/airflow/.local/lib/python3.8/site-packages/airflow/example_dags/example_sensors.py
[2024-11-18T14:35:23.357+0000] {logging_mixin.py:151} INFO - [2024-11-18T14:35:23.357+0000] {dag.py:2941} INFO - Sync 1 DAGs
[2024-11-18T14:35:23.375+0000] {logging_mixin.py:151} INFO - [2024-11-18T14:35:23.375+0000] {dag.py:3722} INFO - Setting next_dagrun for example_sensors to None, run_after=None
[2024-11-18T14:35:23.404+0000] {processor.py:179} INFO - Processing /home/airflow/.local/lib/python3.8/site-packages/airflow/example_dags/example_sensors.py took 0.108 seconds
[2024-11-18T14:35:56.509+0000] {processor.py:157} INFO - Started process (PID=368) to work on /home/airflow/.local/lib/python3.8/site-packages/airflow/example_dags/example_sensors.py
[2024-11-18T14:35:56.511+0000] {processor.py:829} INFO - Processing file /home/airflow/.local/lib/python3.8/site-packages/airflow/example_dags/example_sensors.py for tasks to queue
[2024-11-18T14:35:56.514+0000] {logging_mixin.py:151} INFO - [2024-11-18T14:35:56.513+0000] {dagbag.py:536} INFO - Filling up the DagBag from /home/airflow/.local/lib/python3.8/site-packages/airflow/example_dags/example_sensors.py
[2024-11-18T14:35:56.528+0000] {processor.py:839} INFO - DAG(s) dict_keys(['example_sensors']) retrieved from /home/airflow/.local/lib/python3.8/site-packages/airflow/example_dags/example_sensors.py
[2024-11-18T14:35:56.567+0000] {logging_mixin.py:151} INFO - [2024-11-18T14:35:56.566+0000] {dag.py:2941} INFO - Sync 1 DAGs
[2024-11-18T14:35:56.586+0000] {logging_mixin.py:151} INFO - [2024-11-18T14:35:56.586+0000] {dag.py:3722} INFO - Setting next_dagrun for example_sensors to None, run_after=None
[2024-11-18T14:35:56.614+0000] {processor.py:179} INFO - Processing /home/airflow/.local/lib/python3.8/site-packages/airflow/example_dags/example_sensors.py took 0.109 seconds
[2024-11-18T14:36:30.401+0000] {processor.py:157} INFO - Started process (PID=422) to work on /home/airflow/.local/lib/python3.8/site-packages/airflow/example_dags/example_sensors.py
[2024-11-18T14:36:30.402+0000] {processor.py:829} INFO - Processing file /home/airflow/.local/lib/python3.8/site-packages/airflow/example_dags/example_sensors.py for tasks to queue
[2024-11-18T14:36:30.405+0000] {logging_mixin.py:151} INFO - [2024-11-18T14:36:30.405+0000] {dagbag.py:536} INFO - Filling up the DagBag from /home/airflow/.local/lib/python3.8/site-packages/airflow/example_dags/example_sensors.py
[2024-11-18T14:36:30.420+0000] {processor.py:839} INFO - DAG(s) dict_keys(['example_sensors']) retrieved from /home/airflow/.local/lib/python3.8/site-packages/airflow/example_dags/example_sensors.py
[2024-11-18T14:36:30.458+0000] {logging_mixin.py:151} INFO - [2024-11-18T14:36:30.458+0000] {dag.py:2941} INFO - Sync 1 DAGs
[2024-11-18T14:36:30.478+0000] {logging_mixin.py:151} INFO - [2024-11-18T14:36:30.478+0000] {dag.py:3722} INFO - Setting next_dagrun for example_sensors to None, run_after=None
[2024-11-18T14:36:30.505+0000] {processor.py:179} INFO - Processing /home/airflow/.local/lib/python3.8/site-packages/airflow/example_dags/example_sensors.py took 0.109 seconds
[2024-11-18T14:37:03.295+0000] {processor.py:157} INFO - Started process (PID=476) to work on /home/airflow/.local/lib/python3.8/site-packages/airflow/example_dags/example_sensors.py
[2024-11-18T14:37:03.297+0000] {processor.py:829} INFO - Processing file /home/airflow/.local/lib/python3.8/site-packages/airflow/example_dags/example_sensors.py for tasks to queue
[2024-11-18T14:37:03.300+0000] {logging_mixin.py:151} INFO - [2024-11-18T14:37:03.299+0000] {dagbag.py:536} INFO - Filling up the DagBag from /home/airflow/.local/lib/python3.8/site-packages/airflow/example_dags/example_sensors.py
[2024-11-18T14:37:03.313+0000] {processor.py:839} INFO - DAG(s) dict_keys(['example_sensors']) retrieved from /home/airflow/.local/lib/python3.8/site-packages/airflow/example_dags/example_sensors.py
[2024-11-18T14:37:03.352+0000] {logging_mixin.py:151} INFO - [2024-11-18T14:37:03.351+0000] {dag.py:2941} INFO - Sync 1 DAGs
[2024-11-18T14:37:03.371+0000] {logging_mixin.py:151} INFO - [2024-11-18T14:37:03.370+0000] {dag.py:3722} INFO - Setting next_dagrun for example_sensors to None, run_after=None
[2024-11-18T14:37:03.397+0000] {processor.py:179} INFO - Processing /home/airflow/.local/lib/python3.8/site-packages/airflow/example_dags/example_sensors.py took 0.107 seconds
[2024-11-18T14:37:36.508+0000] {processor.py:157} INFO - Started process (PID=530) to work on /home/airflow/.local/lib/python3.8/site-packages/airflow/example_dags/example_sensors.py
[2024-11-18T14:37:36.510+0000] {processor.py:829} INFO - Processing file /home/airflow/.local/lib/python3.8/site-packages/airflow/example_dags/example_sensors.py for tasks to queue
[2024-11-18T14:37:36.513+0000] {logging_mixin.py:151} INFO - [2024-11-18T14:37:36.512+0000] {dagbag.py:536} INFO - Filling up the DagBag from /home/airflow/.local/lib/python3.8/site-packages/airflow/example_dags/example_sensors.py
[2024-11-18T14:37:36.526+0000] {processor.py:839} INFO - DAG(s) dict_keys(['example_sensors']) retrieved from /home/airflow/.local/lib/python3.8/site-packages/airflow/example_dags/example_sensors.py
[2024-11-18T14:37:36.564+0000] {logging_mixin.py:151} INFO - [2024-11-18T14:37:36.563+0000] {dag.py:2941} INFO - Sync 1 DAGs
[2024-11-18T14:37:36.587+0000] {logging_mixin.py:151} INFO - [2024-11-18T14:37:36.587+0000] {dag.py:3722} INFO - Setting next_dagrun for example_sensors to None, run_after=None
[2024-11-18T14:37:36.614+0000] {processor.py:179} INFO - Processing /home/airflow/.local/lib/python3.8/site-packages/airflow/example_dags/example_sensors.py took 0.110 seconds
[2024-11-18T14:38:09.793+0000] {processor.py:157} INFO - Started process (PID=584) to work on /home/airflow/.local/lib/python3.8/site-packages/airflow/example_dags/example_sensors.py
[2024-11-18T14:38:09.795+0000] {processor.py:829} INFO - Processing file /home/airflow/.local/lib/python3.8/site-packages/airflow/example_dags/example_sensors.py for tasks to queue
[2024-11-18T14:38:09.798+0000] {logging_mixin.py:151} INFO - [2024-11-18T14:38:09.798+0000] {dagbag.py:536} INFO - Filling up the DagBag from /home/airflow/.local/lib/python3.8/site-packages/airflow/example_dags/example_sensors.py
[2024-11-18T14:38:09.819+0000] {processor.py:839} INFO - DAG(s) dict_keys(['example_sensors']) retrieved from /home/airflow/.local/lib/python3.8/site-packages/airflow/example_dags/example_sensors.py
[2024-11-18T14:38:09.866+0000] {logging_mixin.py:151} INFO - [2024-11-18T14:38:09.866+0000] {dag.py:2941} INFO - Sync 1 DAGs
[2024-11-18T14:38:09.889+0000] {logging_mixin.py:151} INFO - [2024-11-18T14:38:09.888+0000] {dag.py:3722} INFO - Setting next_dagrun for example_sensors to None, run_after=None
[2024-11-18T14:38:09.918+0000] {processor.py:179} INFO - Processing /home/airflow/.local/lib/python3.8/site-packages/airflow/example_dags/example_sensors.py took 0.130 seconds
[2024-11-18T14:38:43.077+0000] {processor.py:157} INFO - Started process (PID=638) to work on /home/airflow/.local/lib/python3.8/site-packages/airflow/example_dags/example_sensors.py
[2024-11-18T14:38:43.078+0000] {processor.py:829} INFO - Processing file /home/airflow/.local/lib/python3.8/site-packages/airflow/example_dags/example_sensors.py for tasks to queue
[2024-11-18T14:38:43.081+0000] {logging_mixin.py:151} INFO - [2024-11-18T14:38:43.081+0000] {dagbag.py:536} INFO - Filling up the DagBag from /home/airflow/.local/lib/python3.8/site-packages/airflow/example_dags/example_sensors.py
[2024-11-18T14:38:43.095+0000] {processor.py:839} INFO - DAG(s) dict_keys(['example_sensors']) retrieved from /home/airflow/.local/lib/python3.8/site-packages/airflow/example_dags/example_sensors.py
[2024-11-18T14:38:43.138+0000] {logging_mixin.py:151} INFO - [2024-11-18T14:38:43.138+0000] {dag.py:2941} INFO - Sync 1 DAGs
[2024-11-18T14:38:43.158+0000] {logging_mixin.py:151} INFO - [2024-11-18T14:38:43.158+0000] {dag.py:3722} INFO - Setting next_dagrun for example_sensors to None, run_after=None
[2024-11-18T14:38:43.187+0000] {processor.py:179} INFO - Processing /home/airflow/.local/lib/python3.8/site-packages/airflow/example_dags/example_sensors.py took 0.115 seconds
[2024-11-18T14:39:16.922+0000] {processor.py:157} INFO - Started process (PID=692) to work on /home/airflow/.local/lib/python3.8/site-packages/airflow/example_dags/example_sensors.py
[2024-11-18T14:39:16.924+0000] {processor.py:829} INFO - Processing file /home/airflow/.local/lib/python3.8/site-packages/airflow/example_dags/example_sensors.py for tasks to queue
[2024-11-18T14:39:16.928+0000] {logging_mixin.py:151} INFO - [2024-11-18T14:39:16.928+0000] {dagbag.py:536} INFO - Filling up the DagBag from /home/airflow/.local/lib/python3.8/site-packages/airflow/example_dags/example_sensors.py
[2024-11-18T14:39:16.945+0000] {processor.py:839} INFO - DAG(s) dict_keys(['example_sensors']) retrieved from /home/airflow/.local/lib/python3.8/site-packages/airflow/example_dags/example_sensors.py
[2024-11-18T14:39:16.985+0000] {logging_mixin.py:151} INFO - [2024-11-18T14:39:16.985+0000] {dag.py:2941} INFO - Sync 1 DAGs
[2024-11-18T14:39:17.004+0000] {logging_mixin.py:151} INFO - [2024-11-18T14:39:17.003+0000] {dag.py:3722} INFO - Setting next_dagrun for example_sensors to None, run_after=None
[2024-11-18T14:39:17.030+0000] {processor.py:179} INFO - Processing /home/airflow/.local/lib/python3.8/site-packages/airflow/example_dags/example_sensors.py took 0.115 seconds
[2024-11-18T14:39:50.078+0000] {processor.py:157} INFO - Started process (PID=746) to work on /home/airflow/.local/lib/python3.8/site-packages/airflow/example_dags/example_sensors.py
[2024-11-18T14:39:50.079+0000] {processor.py:829} INFO - Processing file /home/airflow/.local/lib/python3.8/site-packages/airflow/example_dags/example_sensors.py for tasks to queue
[2024-11-18T14:39:50.083+0000] {logging_mixin.py:151} INFO - [2024-11-18T14:39:50.082+0000] {dagbag.py:536} INFO - Filling up the DagBag from /home/airflow/.local/lib/python3.8/site-packages/airflow/example_dags/example_sensors.py
[2024-11-18T14:39:50.098+0000] {processor.py:839} INFO - DAG(s) dict_keys(['example_sensors']) retrieved from /home/airflow/.local/lib/python3.8/site-packages/airflow/example_dags/example_sensors.py
[2024-11-18T14:39:50.136+0000] {logging_mixin.py:151} INFO - [2024-11-18T14:39:50.135+0000] {dag.py:2941} INFO - Sync 1 DAGs
[2024-11-18T14:39:50.155+0000] {logging_mixin.py:151} INFO - [2024-11-18T14:39:50.154+0000] {dag.py:3722} INFO - Setting next_dagrun for example_sensors to None, run_after=None
[2024-11-18T14:39:50.181+0000] {processor.py:179} INFO - Processing /home/airflow/.local/lib/python3.8/site-packages/airflow/example_dags/example_sensors.py took 0.108 seconds
[2024-11-18T14:40:23.376+0000] {processor.py:157} INFO - Started process (PID=800) to work on /home/airflow/.local/lib/python3.8/site-packages/airflow/example_dags/example_sensors.py
[2024-11-18T14:40:23.377+0000] {processor.py:829} INFO - Processing file /home/airflow/.local/lib/python3.8/site-packages/airflow/example_dags/example_sensors.py for tasks to queue
[2024-11-18T14:40:23.380+0000] {logging_mixin.py:151} INFO - [2024-11-18T14:40:23.380+0000] {dagbag.py:536} INFO - Filling up the DagBag from /home/airflow/.local/lib/python3.8/site-packages/airflow/example_dags/example_sensors.py
[2024-11-18T14:40:23.393+0000] {processor.py:839} INFO - DAG(s) dict_keys(['example_sensors']) retrieved from /home/airflow/.local/lib/python3.8/site-packages/airflow/example_dags/example_sensors.py
[2024-11-18T14:40:23.432+0000] {logging_mixin.py:151} INFO - [2024-11-18T14:40:23.431+0000] {dag.py:2941} INFO - Sync 1 DAGs
[2024-11-18T14:40:23.452+0000] {logging_mixin.py:151} INFO - [2024-11-18T14:40:23.451+0000] {dag.py:3722} INFO - Setting next_dagrun for example_sensors to None, run_after=None
[2024-11-18T14:40:23.478+0000] {processor.py:179} INFO - Processing /home/airflow/.local/lib/python3.8/site-packages/airflow/example_dags/example_sensors.py took 0.107 seconds
[2024-11-18T14:40:56.800+0000] {processor.py:157} INFO - Started process (PID=854) to work on /home/airflow/.local/lib/python3.8/site-packages/airflow/example_dags/example_sensors.py
[2024-11-18T14:40:56.802+0000] {processor.py:829} INFO - Processing file /home/airflow/.local/lib/python3.8/site-packages/airflow/example_dags/example_sensors.py for tasks to queue
[2024-11-18T14:40:56.805+0000] {logging_mixin.py:151} INFO - [2024-11-18T14:40:56.805+0000] {dagbag.py:536} INFO - Filling up the DagBag from /home/airflow/.local/lib/python3.8/site-packages/airflow/example_dags/example_sensors.py
[2024-11-18T14:40:56.822+0000] {processor.py:839} INFO - DAG(s) dict_keys(['example_sensors']) retrieved from /home/airflow/.local/lib/python3.8/site-packages/airflow/example_dags/example_sensors.py
[2024-11-18T14:40:56.862+0000] {logging_mixin.py:151} INFO - [2024-11-18T14:40:56.862+0000] {dag.py:2941} INFO - Sync 1 DAGs
[2024-11-18T14:40:56.882+0000] {logging_mixin.py:151} INFO - [2024-11-18T14:40:56.882+0000] {dag.py:3722} INFO - Setting next_dagrun for example_sensors to None, run_after=None
[2024-11-18T14:40:56.911+0000] {processor.py:179} INFO - Processing /home/airflow/.local/lib/python3.8/site-packages/airflow/example_dags/example_sensors.py took 0.116 seconds
[2024-11-18T14:41:29.926+0000] {processor.py:157} INFO - Started process (PID=908) to work on /home/airflow/.local/lib/python3.8/site-packages/airflow/example_dags/example_sensors.py
[2024-11-18T14:41:29.927+0000] {processor.py:829} INFO - Processing file /home/airflow/.local/lib/python3.8/site-packages/airflow/example_dags/example_sensors.py for tasks to queue
[2024-11-18T14:41:29.931+0000] {logging_mixin.py:151} INFO - [2024-11-18T14:41:29.930+0000] {dagbag.py:536} INFO - Filling up the DagBag from /home/airflow/.local/lib/python3.8/site-packages/airflow/example_dags/example_sensors.py
[2024-11-18T14:41:29.945+0000] {processor.py:839} INFO - DAG(s) dict_keys(['example_sensors']) retrieved from /home/airflow/.local/lib/python3.8/site-packages/airflow/example_dags/example_sensors.py
[2024-11-18T14:41:29.985+0000] {logging_mixin.py:151} INFO - [2024-11-18T14:41:29.985+0000] {dag.py:2941} INFO - Sync 1 DAGs
[2024-11-18T14:41:30.007+0000] {logging_mixin.py:151} INFO - [2024-11-18T14:41:30.007+0000] {dag.py:3722} INFO - Setting next_dagrun for example_sensors to None, run_after=None
[2024-11-18T14:41:30.037+0000] {processor.py:179} INFO - Processing /home/airflow/.local/lib/python3.8/site-packages/airflow/example_dags/example_sensors.py took 0.117 seconds
[2024-11-18T14:42:03.262+0000] {processor.py:157} INFO - Started process (PID=962) to work on /home/airflow/.local/lib/python3.8/site-packages/airflow/example_dags/example_sensors.py
[2024-11-18T14:42:03.264+0000] {processor.py:829} INFO - Processing file /home/airflow/.local/lib/python3.8/site-packages/airflow/example_dags/example_sensors.py for tasks to queue
[2024-11-18T14:42:03.267+0000] {logging_mixin.py:151} INFO - [2024-11-18T14:42:03.267+0000] {dagbag.py:536} INFO - Filling up the DagBag from /home/airflow/.local/lib/python3.8/site-packages/airflow/example_dags/example_sensors.py
[2024-11-18T14:42:03.282+0000] {processor.py:839} INFO - DAG(s) dict_keys(['example_sensors']) retrieved from /home/airflow/.local/lib/python3.8/site-packages/airflow/example_dags/example_sensors.py
[2024-11-18T14:42:03.323+0000] {logging_mixin.py:151} INFO - [2024-11-18T14:42:03.323+0000] {dag.py:2941} INFO - Sync 1 DAGs
[2024-11-18T14:42:03.342+0000] {logging_mixin.py:151} INFO - [2024-11-18T14:42:03.342+0000] {dag.py:3722} INFO - Setting next_dagrun for example_sensors to None, run_after=None
[2024-11-18T14:42:03.369+0000] {processor.py:179} INFO - Processing /home/airflow/.local/lib/python3.8/site-packages/airflow/example_dags/example_sensors.py took 0.112 seconds
[2024-11-18T14:42:36.764+0000] {processor.py:157} INFO - Started process (PID=1016) to work on /home/airflow/.local/lib/python3.8/site-packages/airflow/example_dags/example_sensors.py
[2024-11-18T14:42:36.765+0000] {processor.py:829} INFO - Processing file /home/airflow/.local/lib/python3.8/site-packages/airflow/example_dags/example_sensors.py for tasks to queue
[2024-11-18T14:42:36.768+0000] {logging_mixin.py:151} INFO - [2024-11-18T14:42:36.768+0000] {dagbag.py:536} INFO - Filling up the DagBag from /home/airflow/.local/lib/python3.8/site-packages/airflow/example_dags/example_sensors.py
[2024-11-18T14:42:36.782+0000] {processor.py:839} INFO - DAG(s) dict_keys(['example_sensors']) retrieved from /home/airflow/.local/lib/python3.8/site-packages/airflow/example_dags/example_sensors.py
[2024-11-18T14:42:36.823+0000] {logging_mixin.py:151} INFO - [2024-11-18T14:42:36.822+0000] {dag.py:2941} INFO - Sync 1 DAGs
[2024-11-18T14:42:36.846+0000] {logging_mixin.py:151} INFO - [2024-11-18T14:42:36.846+0000] {dag.py:3722} INFO - Setting next_dagrun for example_sensors to None, run_after=None
[2024-11-18T14:42:36.875+0000] {processor.py:179} INFO - Processing /home/airflow/.local/lib/python3.8/site-packages/airflow/example_dags/example_sensors.py took 0.116 seconds
[2024-11-18T14:43:10.721+0000] {processor.py:157} INFO - Started process (PID=1070) to work on /home/airflow/.local/lib/python3.8/site-packages/airflow/example_dags/example_sensors.py
[2024-11-18T14:43:10.723+0000] {processor.py:829} INFO - Processing file /home/airflow/.local/lib/python3.8/site-packages/airflow/example_dags/example_sensors.py for tasks to queue
[2024-11-18T14:43:10.726+0000] {logging_mixin.py:151} INFO - [2024-11-18T14:43:10.726+0000] {dagbag.py:536} INFO - Filling up the DagBag from /home/airflow/.local/lib/python3.8/site-packages/airflow/example_dags/example_sensors.py
[2024-11-18T14:43:10.740+0000] {processor.py:839} INFO - DAG(s) dict_keys(['example_sensors']) retrieved from /home/airflow/.local/lib/python3.8/site-packages/airflow/example_dags/example_sensors.py
[2024-11-18T14:43:10.780+0000] {logging_mixin.py:151} INFO - [2024-11-18T14:43:10.780+0000] {dag.py:2941} INFO - Sync 1 DAGs
[2024-11-18T14:43:10.801+0000] {logging_mixin.py:151} INFO - [2024-11-18T14:43:10.800+0000] {dag.py:3722} INFO - Setting next_dagrun for example_sensors to None, run_after=None
[2024-11-18T14:43:10.828+0000] {processor.py:179} INFO - Processing /home/airflow/.local/lib/python3.8/site-packages/airflow/example_dags/example_sensors.py took 0.111 seconds
[2024-11-18T14:43:43.839+0000] {processor.py:157} INFO - Started process (PID=1124) to work on /home/airflow/.local/lib/python3.8/site-packages/airflow/example_dags/example_sensors.py
[2024-11-18T14:43:43.841+0000] {processor.py:829} INFO - Processing file /home/airflow/.local/lib/python3.8/site-packages/airflow/example_dags/example_sensors.py for tasks to queue
[2024-11-18T14:43:43.844+0000] {logging_mixin.py:151} INFO - [2024-11-18T14:43:43.844+0000] {dagbag.py:536} INFO - Filling up the DagBag from /home/airflow/.local/lib/python3.8/site-packages/airflow/example_dags/example_sensors.py
[2024-11-18T14:43:43.859+0000] {processor.py:839} INFO - DAG(s) dict_keys(['example_sensors']) retrieved from /home/airflow/.local/lib/python3.8/site-packages/airflow/example_dags/example_sensors.py
[2024-11-18T14:43:43.912+0000] {logging_mixin.py:151} INFO - [2024-11-18T14:43:43.912+0000] {dag.py:2941} INFO - Sync 1 DAGs
[2024-11-18T14:43:43.943+0000] {logging_mixin.py:151} INFO - [2024-11-18T14:43:43.943+0000] {dag.py:3722} INFO - Setting next_dagrun for example_sensors to None, run_after=None
[2024-11-18T14:43:44.005+0000] {processor.py:179} INFO - Processing /home/airflow/.local/lib/python3.8/site-packages/airflow/example_dags/example_sensors.py took 0.170 seconds
[2024-11-18T14:44:16.442+0000] {processor.py:157} INFO - Started process (PID=1178) to work on /home/airflow/.local/lib/python3.8/site-packages/airflow/example_dags/example_sensors.py
[2024-11-18T14:44:16.444+0000] {processor.py:829} INFO - Processing file /home/airflow/.local/lib/python3.8/site-packages/airflow/example_dags/example_sensors.py for tasks to queue
[2024-11-18T14:44:16.448+0000] {logging_mixin.py:151} INFO - [2024-11-18T14:44:16.447+0000] {dagbag.py:536} INFO - Filling up the DagBag from /home/airflow/.local/lib/python3.8/site-packages/airflow/example_dags/example_sensors.py
[2024-11-18T14:44:16.466+0000] {processor.py:839} INFO - DAG(s) dict_keys(['example_sensors']) retrieved from /home/airflow/.local/lib/python3.8/site-packages/airflow/example_dags/example_sensors.py
[2024-11-18T14:44:16.513+0000] {logging_mixin.py:151} INFO - [2024-11-18T14:44:16.513+0000] {dag.py:2941} INFO - Sync 1 DAGs
[2024-11-18T14:44:16.534+0000] {logging_mixin.py:151} INFO - [2024-11-18T14:44:16.534+0000] {dag.py:3722} INFO - Setting next_dagrun for example_sensors to None, run_after=None
[2024-11-18T14:44:16.568+0000] {processor.py:179} INFO - Processing /home/airflow/.local/lib/python3.8/site-packages/airflow/example_dags/example_sensors.py took 0.132 seconds
[2024-11-18T14:44:51.306+0000] {processor.py:157} INFO - Started process (PID=1232) to work on /home/airflow/.local/lib/python3.8/site-packages/airflow/example_dags/example_sensors.py
[2024-11-18T14:44:51.308+0000] {processor.py:829} INFO - Processing file /home/airflow/.local/lib/python3.8/site-packages/airflow/example_dags/example_sensors.py for tasks to queue
[2024-11-18T14:44:51.311+0000] {logging_mixin.py:151} INFO - [2024-11-18T14:44:51.310+0000] {dagbag.py:536} INFO - Filling up the DagBag from /home/airflow/.local/lib/python3.8/site-packages/airflow/example_dags/example_sensors.py
[2024-11-18T14:44:51.325+0000] {processor.py:839} INFO - DAG(s) dict_keys(['example_sensors']) retrieved from /home/airflow/.local/lib/python3.8/site-packages/airflow/example_dags/example_sensors.py
[2024-11-18T14:44:51.363+0000] {logging_mixin.py:151} INFO - [2024-11-18T14:44:51.363+0000] {dag.py:2941} INFO - Sync 1 DAGs
[2024-11-18T14:44:51.381+0000] {logging_mixin.py:151} INFO - [2024-11-18T14:44:51.381+0000] {dag.py:3722} INFO - Setting next_dagrun for example_sensors to None, run_after=None
[2024-11-18T14:44:51.408+0000] {processor.py:179} INFO - Processing /home/airflow/.local/lib/python3.8/site-packages/airflow/example_dags/example_sensors.py took 0.106 seconds
[2024-11-18T14:45:24.301+0000] {processor.py:157} INFO - Started process (PID=1286) to work on /home/airflow/.local/lib/python3.8/site-packages/airflow/example_dags/example_sensors.py
[2024-11-18T14:45:24.303+0000] {processor.py:829} INFO - Processing file /home/airflow/.local/lib/python3.8/site-packages/airflow/example_dags/example_sensors.py for tasks to queue
[2024-11-18T14:45:24.306+0000] {logging_mixin.py:151} INFO - [2024-11-18T14:45:24.305+0000] {dagbag.py:536} INFO - Filling up the DagBag from /home/airflow/.local/lib/python3.8/site-packages/airflow/example_dags/example_sensors.py
[2024-11-18T14:45:24.319+0000] {processor.py:839} INFO - DAG(s) dict_keys(['example_sensors']) retrieved from /home/airflow/.local/lib/python3.8/site-packages/airflow/example_dags/example_sensors.py
[2024-11-18T14:45:24.360+0000] {logging_mixin.py:151} INFO - [2024-11-18T14:45:24.360+0000] {dag.py:2941} INFO - Sync 1 DAGs
[2024-11-18T14:45:24.380+0000] {logging_mixin.py:151} INFO - [2024-11-18T14:45:24.380+0000] {dag.py:3722} INFO - Setting next_dagrun for example_sensors to None, run_after=None
[2024-11-18T14:45:24.583+0000] {processor.py:179} INFO - Processing /home/airflow/.local/lib/python3.8/site-packages/airflow/example_dags/example_sensors.py took 0.286 seconds
[2024-11-18T14:45:56.874+0000] {processor.py:157} INFO - Started process (PID=1340) to work on /home/airflow/.local/lib/python3.8/site-packages/airflow/example_dags/example_sensors.py
[2024-11-18T14:45:56.876+0000] {processor.py:829} INFO - Processing file /home/airflow/.local/lib/python3.8/site-packages/airflow/example_dags/example_sensors.py for tasks to queue
[2024-11-18T14:45:56.879+0000] {logging_mixin.py:151} INFO - [2024-11-18T14:45:56.879+0000] {dagbag.py:536} INFO - Filling up the DagBag from /home/airflow/.local/lib/python3.8/site-packages/airflow/example_dags/example_sensors.py
[2024-11-18T14:45:56.894+0000] {processor.py:839} INFO - DAG(s) dict_keys(['example_sensors']) retrieved from /home/airflow/.local/lib/python3.8/site-packages/airflow/example_dags/example_sensors.py
[2024-11-18T14:45:56.937+0000] {logging_mixin.py:151} INFO - [2024-11-18T14:45:56.937+0000] {dag.py:2941} INFO - Sync 1 DAGs
[2024-11-18T14:45:56.960+0000] {logging_mixin.py:151} INFO - [2024-11-18T14:45:56.959+0000] {dag.py:3722} INFO - Setting next_dagrun for example_sensors to None, run_after=None
[2024-11-18T14:45:56.989+0000] {processor.py:179} INFO - Processing /home/airflow/.local/lib/python3.8/site-packages/airflow/example_dags/example_sensors.py took 0.120 seconds
[2024-11-18T14:46:30.736+0000] {processor.py:157} INFO - Started process (PID=1394) to work on /home/airflow/.local/lib/python3.8/site-packages/airflow/example_dags/example_sensors.py
[2024-11-18T14:46:30.737+0000] {processor.py:829} INFO - Processing file /home/airflow/.local/lib/python3.8/site-packages/airflow/example_dags/example_sensors.py for tasks to queue
[2024-11-18T14:46:30.740+0000] {logging_mixin.py:151} INFO - [2024-11-18T14:46:30.740+0000] {dagbag.py:536} INFO - Filling up the DagBag from /home/airflow/.local/lib/python3.8/site-packages/airflow/example_dags/example_sensors.py
[2024-11-18T14:46:30.754+0000] {processor.py:839} INFO - DAG(s) dict_keys(['example_sensors']) retrieved from /home/airflow/.local/lib/python3.8/site-packages/airflow/example_dags/example_sensors.py
[2024-11-18T14:46:30.793+0000] {logging_mixin.py:151} INFO - [2024-11-18T14:46:30.792+0000] {dag.py:2941} INFO - Sync 1 DAGs
[2024-11-18T14:46:30.813+0000] {logging_mixin.py:151} INFO - [2024-11-18T14:46:30.813+0000] {dag.py:3722} INFO - Setting next_dagrun for example_sensors to None, run_after=None
[2024-11-18T14:46:30.840+0000] {processor.py:179} INFO - Processing /home/airflow/.local/lib/python3.8/site-packages/airflow/example_dags/example_sensors.py took 0.109 seconds
[2024-11-18T14:47:05.483+0000] {processor.py:157} INFO - Started process (PID=1448) to work on /home/airflow/.local/lib/python3.8/site-packages/airflow/example_dags/example_sensors.py
[2024-11-18T14:47:05.485+0000] {processor.py:829} INFO - Processing file /home/airflow/.local/lib/python3.8/site-packages/airflow/example_dags/example_sensors.py for tasks to queue
[2024-11-18T14:47:05.488+0000] {logging_mixin.py:151} INFO - [2024-11-18T14:47:05.488+0000] {dagbag.py:536} INFO - Filling up the DagBag from /home/airflow/.local/lib/python3.8/site-packages/airflow/example_dags/example_sensors.py
[2024-11-18T14:47:05.505+0000] {processor.py:839} INFO - DAG(s) dict_keys(['example_sensors']) retrieved from /home/airflow/.local/lib/python3.8/site-packages/airflow/example_dags/example_sensors.py
[2024-11-18T14:47:05.551+0000] {logging_mixin.py:151} INFO - [2024-11-18T14:47:05.551+0000] {dag.py:2941} INFO - Sync 1 DAGs
[2024-11-18T14:47:05.757+0000] {logging_mixin.py:151} INFO - [2024-11-18T14:47:05.757+0000] {dag.py:3722} INFO - Setting next_dagrun for example_sensors to None, run_after=None
[2024-11-18T14:47:05.797+0000] {processor.py:179} INFO - Processing /home/airflow/.local/lib/python3.8/site-packages/airflow/example_dags/example_sensors.py took 0.318 seconds
[2024-11-18T14:47:37.100+0000] {processor.py:157} INFO - Started process (PID=1502) to work on /home/airflow/.local/lib/python3.8/site-packages/airflow/example_dags/example_sensors.py
[2024-11-18T14:47:37.102+0000] {processor.py:829} INFO - Processing file /home/airflow/.local/lib/python3.8/site-packages/airflow/example_dags/example_sensors.py for tasks to queue
[2024-11-18T14:47:37.105+0000] {logging_mixin.py:151} INFO - [2024-11-18T14:47:37.105+0000] {dagbag.py:536} INFO - Filling up the DagBag from /home/airflow/.local/lib/python3.8/site-packages/airflow/example_dags/example_sensors.py
[2024-11-18T14:47:37.119+0000] {processor.py:839} INFO - DAG(s) dict_keys(['example_sensors']) retrieved from /home/airflow/.local/lib/python3.8/site-packages/airflow/example_dags/example_sensors.py
[2024-11-18T14:47:37.165+0000] {logging_mixin.py:151} INFO - [2024-11-18T14:47:37.164+0000] {dag.py:2941} INFO - Sync 1 DAGs
[2024-11-18T14:47:37.187+0000] {logging_mixin.py:151} INFO - [2024-11-18T14:47:37.186+0000] {dag.py:3722} INFO - Setting next_dagrun for example_sensors to None, run_after=None
[2024-11-18T14:47:37.218+0000] {processor.py:179} INFO - Processing /home/airflow/.local/lib/python3.8/site-packages/airflow/example_dags/example_sensors.py took 0.123 seconds
[2024-11-18T14:48:12.006+0000] {processor.py:157} INFO - Started process (PID=1556) to work on /home/airflow/.local/lib/python3.8/site-packages/airflow/example_dags/example_sensors.py
[2024-11-18T14:48:12.007+0000] {processor.py:829} INFO - Processing file /home/airflow/.local/lib/python3.8/site-packages/airflow/example_dags/example_sensors.py for tasks to queue
[2024-11-18T14:48:12.011+0000] {logging_mixin.py:151} INFO - [2024-11-18T14:48:12.010+0000] {dagbag.py:536} INFO - Filling up the DagBag from /home/airflow/.local/lib/python3.8/site-packages/airflow/example_dags/example_sensors.py
[2024-11-18T14:48:12.025+0000] {processor.py:839} INFO - DAG(s) dict_keys(['example_sensors']) retrieved from /home/airflow/.local/lib/python3.8/site-packages/airflow/example_dags/example_sensors.py
[2024-11-18T14:48:12.071+0000] {logging_mixin.py:151} INFO - [2024-11-18T14:48:12.071+0000] {dag.py:2941} INFO - Sync 1 DAGs
[2024-11-18T14:48:12.094+0000] {logging_mixin.py:151} INFO - [2024-11-18T14:48:12.093+0000] {dag.py:3722} INFO - Setting next_dagrun for example_sensors to None, run_after=None
[2024-11-18T14:48:12.125+0000] {processor.py:179} INFO - Processing /home/airflow/.local/lib/python3.8/site-packages/airflow/example_dags/example_sensors.py took 0.125 seconds
[2024-11-18T14:48:45.297+0000] {processor.py:157} INFO - Started process (PID=1611) to work on /home/airflow/.local/lib/python3.8/site-packages/airflow/example_dags/example_sensors.py
[2024-11-18T14:48:45.299+0000] {processor.py:829} INFO - Processing file /home/airflow/.local/lib/python3.8/site-packages/airflow/example_dags/example_sensors.py for tasks to queue
[2024-11-18T14:48:45.302+0000] {logging_mixin.py:151} INFO - [2024-11-18T14:48:45.302+0000] {dagbag.py:536} INFO - Filling up the DagBag from /home/airflow/.local/lib/python3.8/site-packages/airflow/example_dags/example_sensors.py
[2024-11-18T14:48:45.316+0000] {processor.py:839} INFO - DAG(s) dict_keys(['example_sensors']) retrieved from /home/airflow/.local/lib/python3.8/site-packages/airflow/example_dags/example_sensors.py
[2024-11-18T14:48:45.356+0000] {logging_mixin.py:151} INFO - [2024-11-18T14:48:45.356+0000] {dag.py:2941} INFO - Sync 1 DAGs
[2024-11-18T14:48:45.584+0000] {logging_mixin.py:151} INFO - [2024-11-18T14:48:45.583+0000] {dag.py:3722} INFO - Setting next_dagrun for example_sensors to None, run_after=None
[2024-11-18T14:48:45.614+0000] {processor.py:179} INFO - Processing /home/airflow/.local/lib/python3.8/site-packages/airflow/example_dags/example_sensors.py took 0.322 seconds
[2024-11-18T14:49:17.136+0000] {processor.py:157} INFO - Started process (PID=1666) to work on /home/airflow/.local/lib/python3.8/site-packages/airflow/example_dags/example_sensors.py
[2024-11-18T14:49:17.137+0000] {processor.py:829} INFO - Processing file /home/airflow/.local/lib/python3.8/site-packages/airflow/example_dags/example_sensors.py for tasks to queue
[2024-11-18T14:49:17.141+0000] {logging_mixin.py:151} INFO - [2024-11-18T14:49:17.140+0000] {dagbag.py:536} INFO - Filling up the DagBag from /home/airflow/.local/lib/python3.8/site-packages/airflow/example_dags/example_sensors.py
[2024-11-18T14:49:17.156+0000] {processor.py:839} INFO - DAG(s) dict_keys(['example_sensors']) retrieved from /home/airflow/.local/lib/python3.8/site-packages/airflow/example_dags/example_sensors.py
[2024-11-18T14:49:17.201+0000] {logging_mixin.py:151} INFO - [2024-11-18T14:49:17.201+0000] {dag.py:2941} INFO - Sync 1 DAGs
[2024-11-18T14:49:17.223+0000] {logging_mixin.py:151} INFO - [2024-11-18T14:49:17.223+0000] {dag.py:3722} INFO - Setting next_dagrun for example_sensors to None, run_after=None
[2024-11-18T14:49:17.253+0000] {processor.py:179} INFO - Processing /home/airflow/.local/lib/python3.8/site-packages/airflow/example_dags/example_sensors.py took 0.122 seconds
[2024-11-18T14:49:50.783+0000] {processor.py:157} INFO - Started process (PID=1723) to work on /home/airflow/.local/lib/python3.8/site-packages/airflow/example_dags/example_sensors.py
[2024-11-18T14:49:50.785+0000] {processor.py:829} INFO - Processing file /home/airflow/.local/lib/python3.8/site-packages/airflow/example_dags/example_sensors.py for tasks to queue
[2024-11-18T14:49:50.788+0000] {logging_mixin.py:151} INFO - [2024-11-18T14:49:50.787+0000] {dagbag.py:536} INFO - Filling up the DagBag from /home/airflow/.local/lib/python3.8/site-packages/airflow/example_dags/example_sensors.py
[2024-11-18T14:49:50.802+0000] {processor.py:839} INFO - DAG(s) dict_keys(['example_sensors']) retrieved from /home/airflow/.local/lib/python3.8/site-packages/airflow/example_dags/example_sensors.py
[2024-11-18T14:49:50.839+0000] {logging_mixin.py:151} INFO - [2024-11-18T14:49:50.838+0000] {dag.py:2941} INFO - Sync 1 DAGs
[2024-11-18T14:49:50.858+0000] {logging_mixin.py:151} INFO - [2024-11-18T14:49:50.857+0000] {dag.py:3722} INFO - Setting next_dagrun for example_sensors to None, run_after=None
[2024-11-18T14:49:50.886+0000] {processor.py:179} INFO - Processing /home/airflow/.local/lib/python3.8/site-packages/airflow/example_dags/example_sensors.py took 0.107 seconds
[2024-11-18T14:50:26.421+0000] {processor.py:157} INFO - Started process (PID=1782) to work on /home/airflow/.local/lib/python3.8/site-packages/airflow/example_dags/example_sensors.py
[2024-11-18T14:50:26.422+0000] {processor.py:829} INFO - Processing file /home/airflow/.local/lib/python3.8/site-packages/airflow/example_dags/example_sensors.py for tasks to queue
[2024-11-18T14:50:26.425+0000] {logging_mixin.py:151} INFO - [2024-11-18T14:50:26.425+0000] {dagbag.py:536} INFO - Filling up the DagBag from /home/airflow/.local/lib/python3.8/site-packages/airflow/example_dags/example_sensors.py
[2024-11-18T14:50:26.441+0000] {processor.py:839} INFO - DAG(s) dict_keys(['example_sensors']) retrieved from /home/airflow/.local/lib/python3.8/site-packages/airflow/example_dags/example_sensors.py
[2024-11-18T14:50:26.643+0000] {logging_mixin.py:151} INFO - [2024-11-18T14:50:26.643+0000] {dag.py:2941} INFO - Sync 1 DAGs
[2024-11-18T14:50:26.662+0000] {logging_mixin.py:151} INFO - [2024-11-18T14:50:26.662+0000] {dag.py:3722} INFO - Setting next_dagrun for example_sensors to None, run_after=None
[2024-11-18T14:50:26.688+0000] {processor.py:179} INFO - Processing /home/airflow/.local/lib/python3.8/site-packages/airflow/example_dags/example_sensors.py took 0.272 seconds
[2024-11-18T14:50:57.327+0000] {processor.py:157} INFO - Started process (PID=1839) to work on /home/airflow/.local/lib/python3.8/site-packages/airflow/example_dags/example_sensors.py
[2024-11-18T14:50:57.329+0000] {processor.py:829} INFO - Processing file /home/airflow/.local/lib/python3.8/site-packages/airflow/example_dags/example_sensors.py for tasks to queue
[2024-11-18T14:50:57.332+0000] {logging_mixin.py:151} INFO - [2024-11-18T14:50:57.332+0000] {dagbag.py:536} INFO - Filling up the DagBag from /home/airflow/.local/lib/python3.8/site-packages/airflow/example_dags/example_sensors.py
[2024-11-18T14:50:57.346+0000] {processor.py:839} INFO - DAG(s) dict_keys(['example_sensors']) retrieved from /home/airflow/.local/lib/python3.8/site-packages/airflow/example_dags/example_sensors.py
[2024-11-18T14:50:57.387+0000] {logging_mixin.py:151} INFO - [2024-11-18T14:50:57.387+0000] {dag.py:2941} INFO - Sync 1 DAGs
[2024-11-18T14:50:57.408+0000] {logging_mixin.py:151} INFO - [2024-11-18T14:50:57.407+0000] {dag.py:3722} INFO - Setting next_dagrun for example_sensors to None, run_after=None
[2024-11-18T14:50:57.436+0000] {processor.py:179} INFO - Processing /home/airflow/.local/lib/python3.8/site-packages/airflow/example_dags/example_sensors.py took 0.113 seconds
[2024-11-18T14:51:30.557+0000] {processor.py:157} INFO - Started process (PID=1897) to work on /home/airflow/.local/lib/python3.8/site-packages/airflow/example_dags/example_sensors.py
[2024-11-18T14:51:30.559+0000] {processor.py:829} INFO - Processing file /home/airflow/.local/lib/python3.8/site-packages/airflow/example_dags/example_sensors.py for tasks to queue
[2024-11-18T14:51:30.563+0000] {logging_mixin.py:151} INFO - [2024-11-18T14:51:30.563+0000] {dagbag.py:536} INFO - Filling up the DagBag from /home/airflow/.local/lib/python3.8/site-packages/airflow/example_dags/example_sensors.py
[2024-11-18T14:51:30.590+0000] {processor.py:839} INFO - DAG(s) dict_keys(['example_sensors']) retrieved from /home/airflow/.local/lib/python3.8/site-packages/airflow/example_dags/example_sensors.py
[2024-11-18T14:51:30.637+0000] {logging_mixin.py:151} INFO - [2024-11-18T14:51:30.637+0000] {dag.py:2941} INFO - Sync 1 DAGs
[2024-11-18T14:51:30.657+0000] {logging_mixin.py:151} INFO - [2024-11-18T14:51:30.657+0000] {dag.py:3722} INFO - Setting next_dagrun for example_sensors to None, run_after=None
[2024-11-18T14:51:30.687+0000] {processor.py:179} INFO - Processing /home/airflow/.local/lib/python3.8/site-packages/airflow/example_dags/example_sensors.py took 0.135 seconds
[2024-11-18T14:52:02.880+0000] {processor.py:157} INFO - Started process (PID=1955) to work on /home/airflow/.local/lib/python3.8/site-packages/airflow/example_dags/example_sensors.py
[2024-11-18T14:52:02.881+0000] {processor.py:829} INFO - Processing file /home/airflow/.local/lib/python3.8/site-packages/airflow/example_dags/example_sensors.py for tasks to queue
[2024-11-18T14:52:02.884+0000] {logging_mixin.py:151} INFO - [2024-11-18T14:52:02.884+0000] {dagbag.py:536} INFO - Filling up the DagBag from /home/airflow/.local/lib/python3.8/site-packages/airflow/example_dags/example_sensors.py
[2024-11-18T14:52:02.898+0000] {processor.py:839} INFO - DAG(s) dict_keys(['example_sensors']) retrieved from /home/airflow/.local/lib/python3.8/site-packages/airflow/example_dags/example_sensors.py
[2024-11-18T14:52:02.938+0000] {logging_mixin.py:151} INFO - [2024-11-18T14:52:02.938+0000] {dag.py:2941} INFO - Sync 1 DAGs
[2024-11-18T14:52:02.958+0000] {logging_mixin.py:151} INFO - [2024-11-18T14:52:02.958+0000] {dag.py:3722} INFO - Setting next_dagrun for example_sensors to None, run_after=None
[2024-11-18T14:52:02.986+0000] {processor.py:179} INFO - Processing /home/airflow/.local/lib/python3.8/site-packages/airflow/example_dags/example_sensors.py took 0.111 seconds
[2024-11-18T14:52:36.887+0000] {processor.py:157} INFO - Started process (PID=2010) to work on /home/airflow/.local/lib/python3.8/site-packages/airflow/example_dags/example_sensors.py
[2024-11-18T14:52:36.888+0000] {processor.py:829} INFO - Processing file /home/airflow/.local/lib/python3.8/site-packages/airflow/example_dags/example_sensors.py for tasks to queue
[2024-11-18T14:52:36.892+0000] {logging_mixin.py:151} INFO - [2024-11-18T14:52:36.891+0000] {dagbag.py:536} INFO - Filling up the DagBag from /home/airflow/.local/lib/python3.8/site-packages/airflow/example_dags/example_sensors.py
[2024-11-18T14:52:36.906+0000] {processor.py:839} INFO - DAG(s) dict_keys(['example_sensors']) retrieved from /home/airflow/.local/lib/python3.8/site-packages/airflow/example_dags/example_sensors.py
[2024-11-18T14:52:36.949+0000] {logging_mixin.py:151} INFO - [2024-11-18T14:52:36.948+0000] {dag.py:2941} INFO - Sync 1 DAGs
[2024-11-18T14:52:36.973+0000] {logging_mixin.py:151} INFO - [2024-11-18T14:52:36.973+0000] {dag.py:3722} INFO - Setting next_dagrun for example_sensors to None, run_after=None
[2024-11-18T14:52:37.012+0000] {processor.py:179} INFO - Processing /home/airflow/.local/lib/python3.8/site-packages/airflow/example_dags/example_sensors.py took 0.130 seconds
[2024-11-18T14:53:09.733+0000] {processor.py:157} INFO - Started process (PID=2065) to work on /home/airflow/.local/lib/python3.8/site-packages/airflow/example_dags/example_sensors.py
[2024-11-18T14:53:09.734+0000] {processor.py:829} INFO - Processing file /home/airflow/.local/lib/python3.8/site-packages/airflow/example_dags/example_sensors.py for tasks to queue
[2024-11-18T14:53:09.737+0000] {logging_mixin.py:151} INFO - [2024-11-18T14:53:09.737+0000] {dagbag.py:536} INFO - Filling up the DagBag from /home/airflow/.local/lib/python3.8/site-packages/airflow/example_dags/example_sensors.py
[2024-11-18T14:53:09.752+0000] {processor.py:839} INFO - DAG(s) dict_keys(['example_sensors']) retrieved from /home/airflow/.local/lib/python3.8/site-packages/airflow/example_dags/example_sensors.py
[2024-11-18T14:53:09.791+0000] {logging_mixin.py:151} INFO - [2024-11-18T14:53:09.791+0000] {dag.py:2941} INFO - Sync 1 DAGs
[2024-11-18T14:53:09.811+0000] {logging_mixin.py:151} INFO - [2024-11-18T14:53:09.810+0000] {dag.py:3722} INFO - Setting next_dagrun for example_sensors to None, run_after=None
[2024-11-18T14:53:09.837+0000] {processor.py:179} INFO - Processing /home/airflow/.local/lib/python3.8/site-packages/airflow/example_dags/example_sensors.py took 0.109 seconds
[2024-11-18T14:53:43.807+0000] {processor.py:157} INFO - Started process (PID=2121) to work on /home/airflow/.local/lib/python3.8/site-packages/airflow/example_dags/example_sensors.py
[2024-11-18T14:53:43.809+0000] {processor.py:829} INFO - Processing file /home/airflow/.local/lib/python3.8/site-packages/airflow/example_dags/example_sensors.py for tasks to queue
[2024-11-18T14:53:43.813+0000] {logging_mixin.py:151} INFO - [2024-11-18T14:53:43.812+0000] {dagbag.py:536} INFO - Filling up the DagBag from /home/airflow/.local/lib/python3.8/site-packages/airflow/example_dags/example_sensors.py
[2024-11-18T14:53:43.831+0000] {processor.py:839} INFO - DAG(s) dict_keys(['example_sensors']) retrieved from /home/airflow/.local/lib/python3.8/site-packages/airflow/example_dags/example_sensors.py
[2024-11-18T14:53:43.879+0000] {logging_mixin.py:151} INFO - [2024-11-18T14:53:43.879+0000] {dag.py:2941} INFO - Sync 1 DAGs
[2024-11-18T14:53:43.905+0000] {logging_mixin.py:151} INFO - [2024-11-18T14:53:43.905+0000] {dag.py:3722} INFO - Setting next_dagrun for example_sensors to None, run_after=None
[2024-11-18T14:53:43.939+0000] {processor.py:179} INFO - Processing /home/airflow/.local/lib/python3.8/site-packages/airflow/example_dags/example_sensors.py took 0.137 seconds
[2024-11-18T14:54:17.034+0000] {processor.py:157} INFO - Started process (PID=2176) to work on /home/airflow/.local/lib/python3.8/site-packages/airflow/example_dags/example_sensors.py
[2024-11-18T14:54:17.035+0000] {processor.py:829} INFO - Processing file /home/airflow/.local/lib/python3.8/site-packages/airflow/example_dags/example_sensors.py for tasks to queue
[2024-11-18T14:54:17.038+0000] {logging_mixin.py:151} INFO - [2024-11-18T14:54:17.038+0000] {dagbag.py:536} INFO - Filling up the DagBag from /home/airflow/.local/lib/python3.8/site-packages/airflow/example_dags/example_sensors.py
[2024-11-18T14:54:17.052+0000] {processor.py:839} INFO - DAG(s) dict_keys(['example_sensors']) retrieved from /home/airflow/.local/lib/python3.8/site-packages/airflow/example_dags/example_sensors.py
[2024-11-18T14:54:17.090+0000] {logging_mixin.py:151} INFO - [2024-11-18T14:54:17.090+0000] {dag.py:2941} INFO - Sync 1 DAGs
[2024-11-18T14:54:17.111+0000] {logging_mixin.py:151} INFO - [2024-11-18T14:54:17.111+0000] {dag.py:3722} INFO - Setting next_dagrun for example_sensors to None, run_after=None
[2024-11-18T14:54:17.140+0000] {processor.py:179} INFO - Processing /home/airflow/.local/lib/python3.8/site-packages/airflow/example_dags/example_sensors.py took 0.111 seconds
[2024-11-18T14:54:50.438+0000] {processor.py:157} INFO - Started process (PID=2231) to work on /home/airflow/.local/lib/python3.8/site-packages/airflow/example_dags/example_sensors.py
[2024-11-18T14:54:50.439+0000] {processor.py:829} INFO - Processing file /home/airflow/.local/lib/python3.8/site-packages/airflow/example_dags/example_sensors.py for tasks to queue
[2024-11-18T14:54:50.442+0000] {logging_mixin.py:151} INFO - [2024-11-18T14:54:50.441+0000] {dagbag.py:536} INFO - Filling up the DagBag from /home/airflow/.local/lib/python3.8/site-packages/airflow/example_dags/example_sensors.py
[2024-11-18T14:54:50.456+0000] {processor.py:839} INFO - DAG(s) dict_keys(['example_sensors']) retrieved from /home/airflow/.local/lib/python3.8/site-packages/airflow/example_dags/example_sensors.py
[2024-11-18T14:54:50.495+0000] {logging_mixin.py:151} INFO - [2024-11-18T14:54:50.494+0000] {dag.py:2941} INFO - Sync 1 DAGs
[2024-11-18T14:54:50.514+0000] {logging_mixin.py:151} INFO - [2024-11-18T14:54:50.514+0000] {dag.py:3722} INFO - Setting next_dagrun for example_sensors to None, run_after=None
[2024-11-18T14:54:50.542+0000] {processor.py:179} INFO - Processing /home/airflow/.local/lib/python3.8/site-packages/airflow/example_dags/example_sensors.py took 0.109 seconds
[2024-11-18T14:55:23.759+0000] {processor.py:157} INFO - Started process (PID=2286) to work on /home/airflow/.local/lib/python3.8/site-packages/airflow/example_dags/example_sensors.py
[2024-11-18T14:55:23.761+0000] {processor.py:829} INFO - Processing file /home/airflow/.local/lib/python3.8/site-packages/airflow/example_dags/example_sensors.py for tasks to queue
[2024-11-18T14:55:23.764+0000] {logging_mixin.py:151} INFO - [2024-11-18T14:55:23.764+0000] {dagbag.py:536} INFO - Filling up the DagBag from /home/airflow/.local/lib/python3.8/site-packages/airflow/example_dags/example_sensors.py
[2024-11-18T14:55:23.778+0000] {processor.py:839} INFO - DAG(s) dict_keys(['example_sensors']) retrieved from /home/airflow/.local/lib/python3.8/site-packages/airflow/example_dags/example_sensors.py
[2024-11-18T14:55:23.816+0000] {logging_mixin.py:151} INFO - [2024-11-18T14:55:23.816+0000] {dag.py:2941} INFO - Sync 1 DAGs
[2024-11-18T14:55:23.837+0000] {logging_mixin.py:151} INFO - [2024-11-18T14:55:23.837+0000] {dag.py:3722} INFO - Setting next_dagrun for example_sensors to None, run_after=None
[2024-11-18T14:55:23.865+0000] {processor.py:179} INFO - Processing /home/airflow/.local/lib/python3.8/site-packages/airflow/example_dags/example_sensors.py took 0.110 seconds
[2024-11-18T14:55:57.183+0000] {processor.py:157} INFO - Started process (PID=2341) to work on /home/airflow/.local/lib/python3.8/site-packages/airflow/example_dags/example_sensors.py
[2024-11-18T14:55:57.185+0000] {processor.py:829} INFO - Processing file /home/airflow/.local/lib/python3.8/site-packages/airflow/example_dags/example_sensors.py for tasks to queue
[2024-11-18T14:55:57.189+0000] {logging_mixin.py:151} INFO - [2024-11-18T14:55:57.188+0000] {dagbag.py:536} INFO - Filling up the DagBag from /home/airflow/.local/lib/python3.8/site-packages/airflow/example_dags/example_sensors.py
[2024-11-18T14:55:57.210+0000] {processor.py:839} INFO - DAG(s) dict_keys(['example_sensors']) retrieved from /home/airflow/.local/lib/python3.8/site-packages/airflow/example_dags/example_sensors.py
[2024-11-18T14:55:57.257+0000] {logging_mixin.py:151} INFO - [2024-11-18T14:55:57.257+0000] {dag.py:2941} INFO - Sync 1 DAGs
[2024-11-18T14:55:57.280+0000] {logging_mixin.py:151} INFO - [2024-11-18T14:55:57.279+0000] {dag.py:3722} INFO - Setting next_dagrun for example_sensors to None, run_after=None
[2024-11-18T14:55:57.314+0000] {processor.py:179} INFO - Processing /home/airflow/.local/lib/python3.8/site-packages/airflow/example_dags/example_sensors.py took 0.137 seconds
[2024-11-18T14:56:30.073+0000] {processor.py:157} INFO - Started process (PID=2396) to work on /home/airflow/.local/lib/python3.8/site-packages/airflow/example_dags/example_sensors.py
[2024-11-18T14:56:30.075+0000] {processor.py:829} INFO - Processing file /home/airflow/.local/lib/python3.8/site-packages/airflow/example_dags/example_sensors.py for tasks to queue
[2024-11-18T14:56:30.078+0000] {logging_mixin.py:151} INFO - [2024-11-18T14:56:30.077+0000] {dagbag.py:536} INFO - Filling up the DagBag from /home/airflow/.local/lib/python3.8/site-packages/airflow/example_dags/example_sensors.py
[2024-11-18T14:56:30.094+0000] {processor.py:839} INFO - DAG(s) dict_keys(['example_sensors']) retrieved from /home/airflow/.local/lib/python3.8/site-packages/airflow/example_dags/example_sensors.py
[2024-11-18T14:56:30.138+0000] {logging_mixin.py:151} INFO - [2024-11-18T14:56:30.137+0000] {dag.py:2941} INFO - Sync 1 DAGs
[2024-11-18T14:56:30.161+0000] {logging_mixin.py:151} INFO - [2024-11-18T14:56:30.161+0000] {dag.py:3722} INFO - Setting next_dagrun for example_sensors to None, run_after=None
[2024-11-18T14:56:30.195+0000] {processor.py:179} INFO - Processing /home/airflow/.local/lib/python3.8/site-packages/airflow/example_dags/example_sensors.py took 0.127 seconds
[2024-11-18T14:57:03.829+0000] {processor.py:157} INFO - Started process (PID=2451) to work on /home/airflow/.local/lib/python3.8/site-packages/airflow/example_dags/example_sensors.py
[2024-11-18T14:57:03.831+0000] {processor.py:829} INFO - Processing file /home/airflow/.local/lib/python3.8/site-packages/airflow/example_dags/example_sensors.py for tasks to queue
[2024-11-18T14:57:03.834+0000] {logging_mixin.py:151} INFO - [2024-11-18T14:57:03.834+0000] {dagbag.py:536} INFO - Filling up the DagBag from /home/airflow/.local/lib/python3.8/site-packages/airflow/example_dags/example_sensors.py
[2024-11-18T14:57:03.848+0000] {processor.py:839} INFO - DAG(s) dict_keys(['example_sensors']) retrieved from /home/airflow/.local/lib/python3.8/site-packages/airflow/example_dags/example_sensors.py
[2024-11-18T14:57:03.890+0000] {logging_mixin.py:151} INFO - [2024-11-18T14:57:03.889+0000] {dag.py:2941} INFO - Sync 1 DAGs
[2024-11-18T14:57:03.910+0000] {logging_mixin.py:151} INFO - [2024-11-18T14:57:03.910+0000] {dag.py:3722} INFO - Setting next_dagrun for example_sensors to None, run_after=None
[2024-11-18T14:57:03.939+0000] {processor.py:179} INFO - Processing /home/airflow/.local/lib/python3.8/site-packages/airflow/example_dags/example_sensors.py took 0.114 seconds
[2024-11-18T14:57:36.840+0000] {processor.py:157} INFO - Started process (PID=2506) to work on /home/airflow/.local/lib/python3.8/site-packages/airflow/example_dags/example_sensors.py
[2024-11-18T14:57:36.842+0000] {processor.py:829} INFO - Processing file /home/airflow/.local/lib/python3.8/site-packages/airflow/example_dags/example_sensors.py for tasks to queue
[2024-11-18T14:57:36.846+0000] {logging_mixin.py:151} INFO - [2024-11-18T14:57:36.845+0000] {dagbag.py:536} INFO - Filling up the DagBag from /home/airflow/.local/lib/python3.8/site-packages/airflow/example_dags/example_sensors.py
[2024-11-18T14:57:36.862+0000] {processor.py:839} INFO - DAG(s) dict_keys(['example_sensors']) retrieved from /home/airflow/.local/lib/python3.8/site-packages/airflow/example_dags/example_sensors.py
[2024-11-18T14:57:36.910+0000] {logging_mixin.py:151} INFO - [2024-11-18T14:57:36.910+0000] {dag.py:2941} INFO - Sync 1 DAGs
[2024-11-18T14:57:36.931+0000] {logging_mixin.py:151} INFO - [2024-11-18T14:57:36.931+0000] {dag.py:3722} INFO - Setting next_dagrun for example_sensors to None, run_after=None
[2024-11-18T14:57:36.964+0000] {processor.py:179} INFO - Processing /home/airflow/.local/lib/python3.8/site-packages/airflow/example_dags/example_sensors.py took 0.128 seconds
[2024-11-18T14:58:10.489+0000] {processor.py:157} INFO - Started process (PID=2561) to work on /home/airflow/.local/lib/python3.8/site-packages/airflow/example_dags/example_sensors.py
[2024-11-18T14:58:10.491+0000] {processor.py:829} INFO - Processing file /home/airflow/.local/lib/python3.8/site-packages/airflow/example_dags/example_sensors.py for tasks to queue
[2024-11-18T14:58:10.494+0000] {logging_mixin.py:151} INFO - [2024-11-18T14:58:10.494+0000] {dagbag.py:536} INFO - Filling up the DagBag from /home/airflow/.local/lib/python3.8/site-packages/airflow/example_dags/example_sensors.py
[2024-11-18T14:58:10.508+0000] {processor.py:839} INFO - DAG(s) dict_keys(['example_sensors']) retrieved from /home/airflow/.local/lib/python3.8/site-packages/airflow/example_dags/example_sensors.py
[2024-11-18T14:58:10.552+0000] {logging_mixin.py:151} INFO - [2024-11-18T14:58:10.551+0000] {dag.py:2941} INFO - Sync 1 DAGs
[2024-11-18T14:58:10.572+0000] {logging_mixin.py:151} INFO - [2024-11-18T14:58:10.572+0000] {dag.py:3722} INFO - Setting next_dagrun for example_sensors to None, run_after=None
[2024-11-18T14:58:10.602+0000] {processor.py:179} INFO - Processing /home/airflow/.local/lib/python3.8/site-packages/airflow/example_dags/example_sensors.py took 0.118 seconds
[2024-11-18T14:58:44.188+0000] {processor.py:157} INFO - Started process (PID=2616) to work on /home/airflow/.local/lib/python3.8/site-packages/airflow/example_dags/example_sensors.py
[2024-11-18T14:58:44.190+0000] {processor.py:829} INFO - Processing file /home/airflow/.local/lib/python3.8/site-packages/airflow/example_dags/example_sensors.py for tasks to queue
[2024-11-18T14:58:44.194+0000] {logging_mixin.py:151} INFO - [2024-11-18T14:58:44.193+0000] {dagbag.py:536} INFO - Filling up the DagBag from /home/airflow/.local/lib/python3.8/site-packages/airflow/example_dags/example_sensors.py
[2024-11-18T14:58:44.211+0000] {processor.py:839} INFO - DAG(s) dict_keys(['example_sensors']) retrieved from /home/airflow/.local/lib/python3.8/site-packages/airflow/example_dags/example_sensors.py
[2024-11-18T14:58:44.259+0000] {logging_mixin.py:151} INFO - [2024-11-18T14:58:44.259+0000] {dag.py:2941} INFO - Sync 1 DAGs
[2024-11-18T14:58:44.287+0000] {logging_mixin.py:151} INFO - [2024-11-18T14:58:44.286+0000] {dag.py:3722} INFO - Setting next_dagrun for example_sensors to None, run_after=None
[2024-11-18T14:58:44.325+0000] {processor.py:179} INFO - Processing /home/airflow/.local/lib/python3.8/site-packages/airflow/example_dags/example_sensors.py took 0.142 seconds
