[2024-11-18T14:20:19.412+0000] {processor.py:157} INFO - Started process (PID=112) to work on /home/airflow/.local/lib/python3.8/site-packages/airflow/example_dags/example_setup_teardown_taskflow.py
[2024-11-18T14:20:19.414+0000] {processor.py:829} INFO - Processing file /home/airflow/.local/lib/python3.8/site-packages/airflow/example_dags/example_setup_teardown_taskflow.py for tasks to queue
[2024-11-18T14:20:19.418+0000] {logging_mixin.py:151} INFO - [2024-11-18T14:20:19.417+0000] {dagbag.py:536} INFO - Filling up the DagBag from /home/airflow/.local/lib/python3.8/site-packages/airflow/example_dags/example_setup_teardown_taskflow.py
[2024-11-18T14:20:19.435+0000] {processor.py:839} INFO - DAG(s) dict_keys(['example_setup_teardown_taskflow']) retrieved from /home/airflow/.local/lib/python3.8/site-packages/airflow/example_dags/example_setup_teardown_taskflow.py
[2024-11-18T14:20:19.627+0000] {logging_mixin.py:151} INFO - [2024-11-18T14:20:19.627+0000] {manager.py:499} INFO - Created Permission View: %s
[2024-11-18T14:20:19.642+0000] {logging_mixin.py:151} INFO - [2024-11-18T14:20:19.642+0000] {manager.py:499} INFO - Created Permission View: %s
[2024-11-18T14:20:19.652+0000] {logging_mixin.py:151} INFO - [2024-11-18T14:20:19.652+0000] {manager.py:499} INFO - Created Permission View: %s
[2024-11-18T14:20:19.653+0000] {logging_mixin.py:151} INFO - [2024-11-18T14:20:19.653+0000] {dag.py:2941} INFO - Sync 1 DAGs
[2024-11-18T14:20:19.670+0000] {logging_mixin.py:151} INFO - [2024-11-18T14:20:19.670+0000] {dag.py:2963} INFO - Creating ORM DAG for example_setup_teardown_taskflow
[2024-11-18T14:20:19.686+0000] {logging_mixin.py:151} INFO - [2024-11-18T14:20:19.685+0000] {dag.py:3722} INFO - Setting next_dagrun for example_setup_teardown_taskflow to 2024-11-17T14:20:19.685456+00:00, run_after=2024-11-18T14:20:19.685456+00:00
[2024-11-18T14:20:19.717+0000] {processor.py:179} INFO - Processing /home/airflow/.local/lib/python3.8/site-packages/airflow/example_dags/example_setup_teardown_taskflow.py took 0.310 seconds
[2024-11-18T14:20:49.841+0000] {processor.py:157} INFO - Started process (PID=159) to work on /home/airflow/.local/lib/python3.8/site-packages/airflow/example_dags/example_setup_teardown_taskflow.py
[2024-11-18T14:20:49.843+0000] {processor.py:829} INFO - Processing file /home/airflow/.local/lib/python3.8/site-packages/airflow/example_dags/example_setup_teardown_taskflow.py for tasks to queue
[2024-11-18T14:20:49.847+0000] {logging_mixin.py:151} INFO - [2024-11-18T14:20:49.847+0000] {dagbag.py:536} INFO - Filling up the DagBag from /home/airflow/.local/lib/python3.8/site-packages/airflow/example_dags/example_setup_teardown_taskflow.py
[2024-11-18T14:20:49.864+0000] {processor.py:839} INFO - DAG(s) dict_keys(['example_setup_teardown_taskflow']) retrieved from /home/airflow/.local/lib/python3.8/site-packages/airflow/example_dags/example_setup_teardown_taskflow.py
[2024-11-18T14:20:49.920+0000] {logging_mixin.py:151} INFO - [2024-11-18T14:20:49.919+0000] {dag.py:2941} INFO - Sync 1 DAGs
[2024-11-18T14:20:49.972+0000] {logging_mixin.py:151} INFO - [2024-11-18T14:20:49.971+0000] {dag.py:3722} INFO - Setting next_dagrun for example_setup_teardown_taskflow to 2024-11-17T14:20:49.971380+00:00, run_after=2024-11-18T14:20:49.971380+00:00
[2024-11-18T14:20:50.018+0000] {processor.py:179} INFO - Processing /home/airflow/.local/lib/python3.8/site-packages/airflow/example_dags/example_setup_teardown_taskflow.py took 0.182 seconds
[2024-11-18T14:21:20.435+0000] {processor.py:157} INFO - Started process (PID=213) to work on /home/airflow/.local/lib/python3.8/site-packages/airflow/example_dags/example_setup_teardown_taskflow.py
[2024-11-18T14:21:20.437+0000] {processor.py:829} INFO - Processing file /home/airflow/.local/lib/python3.8/site-packages/airflow/example_dags/example_setup_teardown_taskflow.py for tasks to queue
[2024-11-18T14:21:20.440+0000] {logging_mixin.py:151} INFO - [2024-11-18T14:21:20.440+0000] {dagbag.py:536} INFO - Filling up the DagBag from /home/airflow/.local/lib/python3.8/site-packages/airflow/example_dags/example_setup_teardown_taskflow.py
[2024-11-18T14:21:20.456+0000] {processor.py:839} INFO - DAG(s) dict_keys(['example_setup_teardown_taskflow']) retrieved from /home/airflow/.local/lib/python3.8/site-packages/airflow/example_dags/example_setup_teardown_taskflow.py
[2024-11-18T14:21:20.492+0000] {logging_mixin.py:151} INFO - [2024-11-18T14:21:20.492+0000] {dag.py:2941} INFO - Sync 1 DAGs
[2024-11-18T14:21:20.532+0000] {logging_mixin.py:151} INFO - [2024-11-18T14:21:20.532+0000] {dag.py:3722} INFO - Setting next_dagrun for example_setup_teardown_taskflow to 2024-11-17T14:21:20.532172+00:00, run_after=2024-11-18T14:21:20.532172+00:00
[2024-11-18T14:21:20.565+0000] {processor.py:179} INFO - Processing /home/airflow/.local/lib/python3.8/site-packages/airflow/example_dags/example_setup_teardown_taskflow.py took 0.135 seconds
[2024-11-18T14:21:50.657+0000] {processor.py:157} INFO - Started process (PID=267) to work on /home/airflow/.local/lib/python3.8/site-packages/airflow/example_dags/example_setup_teardown_taskflow.py
[2024-11-18T14:21:50.658+0000] {processor.py:829} INFO - Processing file /home/airflow/.local/lib/python3.8/site-packages/airflow/example_dags/example_setup_teardown_taskflow.py for tasks to queue
[2024-11-18T14:21:50.662+0000] {logging_mixin.py:151} INFO - [2024-11-18T14:21:50.661+0000] {dagbag.py:536} INFO - Filling up the DagBag from /home/airflow/.local/lib/python3.8/site-packages/airflow/example_dags/example_setup_teardown_taskflow.py
[2024-11-18T14:21:50.677+0000] {processor.py:839} INFO - DAG(s) dict_keys(['example_setup_teardown_taskflow']) retrieved from /home/airflow/.local/lib/python3.8/site-packages/airflow/example_dags/example_setup_teardown_taskflow.py
[2024-11-18T14:21:50.712+0000] {logging_mixin.py:151} INFO - [2024-11-18T14:21:50.712+0000] {dag.py:2941} INFO - Sync 1 DAGs
[2024-11-18T14:21:50.749+0000] {logging_mixin.py:151} INFO - [2024-11-18T14:21:50.749+0000] {dag.py:3722} INFO - Setting next_dagrun for example_setup_teardown_taskflow to 2024-11-17T14:21:50.749287+00:00, run_after=2024-11-18T14:21:50.749287+00:00
[2024-11-18T14:21:50.780+0000] {processor.py:179} INFO - Processing /home/airflow/.local/lib/python3.8/site-packages/airflow/example_dags/example_setup_teardown_taskflow.py took 0.128 seconds
[2024-11-18T14:22:21.041+0000] {processor.py:157} INFO - Started process (PID=321) to work on /home/airflow/.local/lib/python3.8/site-packages/airflow/example_dags/example_setup_teardown_taskflow.py
[2024-11-18T14:22:21.043+0000] {processor.py:829} INFO - Processing file /home/airflow/.local/lib/python3.8/site-packages/airflow/example_dags/example_setup_teardown_taskflow.py for tasks to queue
[2024-11-18T14:22:21.046+0000] {logging_mixin.py:151} INFO - [2024-11-18T14:22:21.046+0000] {dagbag.py:536} INFO - Filling up the DagBag from /home/airflow/.local/lib/python3.8/site-packages/airflow/example_dags/example_setup_teardown_taskflow.py
[2024-11-18T14:22:21.061+0000] {processor.py:839} INFO - DAG(s) dict_keys(['example_setup_teardown_taskflow']) retrieved from /home/airflow/.local/lib/python3.8/site-packages/airflow/example_dags/example_setup_teardown_taskflow.py
[2024-11-18T14:22:21.100+0000] {logging_mixin.py:151} INFO - [2024-11-18T14:22:21.100+0000] {dag.py:2941} INFO - Sync 1 DAGs
[2024-11-18T14:22:21.139+0000] {logging_mixin.py:151} INFO - [2024-11-18T14:22:21.138+0000] {dag.py:3722} INFO - Setting next_dagrun for example_setup_teardown_taskflow to 2024-11-17T14:22:21.138490+00:00, run_after=2024-11-18T14:22:21.138490+00:00
[2024-11-18T14:22:21.170+0000] {processor.py:179} INFO - Processing /home/airflow/.local/lib/python3.8/site-packages/airflow/example_dags/example_setup_teardown_taskflow.py took 0.134 seconds
[2024-11-18T14:22:51.702+0000] {processor.py:157} INFO - Started process (PID=376) to work on /home/airflow/.local/lib/python3.8/site-packages/airflow/example_dags/example_setup_teardown_taskflow.py
[2024-11-18T14:22:51.704+0000] {processor.py:829} INFO - Processing file /home/airflow/.local/lib/python3.8/site-packages/airflow/example_dags/example_setup_teardown_taskflow.py for tasks to queue
[2024-11-18T14:22:51.708+0000] {logging_mixin.py:151} INFO - [2024-11-18T14:22:51.707+0000] {dagbag.py:536} INFO - Filling up the DagBag from /home/airflow/.local/lib/python3.8/site-packages/airflow/example_dags/example_setup_teardown_taskflow.py
[2024-11-18T14:22:51.723+0000] {processor.py:839} INFO - DAG(s) dict_keys(['example_setup_teardown_taskflow']) retrieved from /home/airflow/.local/lib/python3.8/site-packages/airflow/example_dags/example_setup_teardown_taskflow.py
[2024-11-18T14:22:51.759+0000] {logging_mixin.py:151} INFO - [2024-11-18T14:22:51.759+0000] {dag.py:2941} INFO - Sync 1 DAGs
[2024-11-18T14:22:51.803+0000] {logging_mixin.py:151} INFO - [2024-11-18T14:22:51.802+0000] {dag.py:3722} INFO - Setting next_dagrun for example_setup_teardown_taskflow to 2024-11-17T14:22:51.802357+00:00, run_after=2024-11-18T14:22:51.802357+00:00
[2024-11-18T14:22:51.834+0000] {processor.py:179} INFO - Processing /home/airflow/.local/lib/python3.8/site-packages/airflow/example_dags/example_setup_teardown_taskflow.py took 0.136 seconds
[2024-11-18T14:23:22.157+0000] {processor.py:157} INFO - Started process (PID=430) to work on /home/airflow/.local/lib/python3.8/site-packages/airflow/example_dags/example_setup_teardown_taskflow.py
[2024-11-18T14:23:22.159+0000] {processor.py:829} INFO - Processing file /home/airflow/.local/lib/python3.8/site-packages/airflow/example_dags/example_setup_teardown_taskflow.py for tasks to queue
[2024-11-18T14:23:22.162+0000] {logging_mixin.py:151} INFO - [2024-11-18T14:23:22.162+0000] {dagbag.py:536} INFO - Filling up the DagBag from /home/airflow/.local/lib/python3.8/site-packages/airflow/example_dags/example_setup_teardown_taskflow.py
[2024-11-18T14:23:22.176+0000] {processor.py:839} INFO - DAG(s) dict_keys(['example_setup_teardown_taskflow']) retrieved from /home/airflow/.local/lib/python3.8/site-packages/airflow/example_dags/example_setup_teardown_taskflow.py
[2024-11-18T14:23:22.211+0000] {logging_mixin.py:151} INFO - [2024-11-18T14:23:22.211+0000] {dag.py:2941} INFO - Sync 1 DAGs
[2024-11-18T14:23:22.246+0000] {logging_mixin.py:151} INFO - [2024-11-18T14:23:22.246+0000] {dag.py:3722} INFO - Setting next_dagrun for example_setup_teardown_taskflow to 2024-11-17T14:23:22.245841+00:00, run_after=2024-11-18T14:23:22.245841+00:00
[2024-11-18T14:23:22.277+0000] {processor.py:179} INFO - Processing /home/airflow/.local/lib/python3.8/site-packages/airflow/example_dags/example_setup_teardown_taskflow.py took 0.125 seconds
[2024-11-18T14:23:52.733+0000] {processor.py:157} INFO - Started process (PID=484) to work on /home/airflow/.local/lib/python3.8/site-packages/airflow/example_dags/example_setup_teardown_taskflow.py
[2024-11-18T14:23:52.735+0000] {processor.py:829} INFO - Processing file /home/airflow/.local/lib/python3.8/site-packages/airflow/example_dags/example_setup_teardown_taskflow.py for tasks to queue
[2024-11-18T14:23:52.738+0000] {logging_mixin.py:151} INFO - [2024-11-18T14:23:52.737+0000] {dagbag.py:536} INFO - Filling up the DagBag from /home/airflow/.local/lib/python3.8/site-packages/airflow/example_dags/example_setup_teardown_taskflow.py
[2024-11-18T14:23:52.754+0000] {processor.py:839} INFO - DAG(s) dict_keys(['example_setup_teardown_taskflow']) retrieved from /home/airflow/.local/lib/python3.8/site-packages/airflow/example_dags/example_setup_teardown_taskflow.py
[2024-11-18T14:23:52.793+0000] {logging_mixin.py:151} INFO - [2024-11-18T14:23:52.792+0000] {dag.py:2941} INFO - Sync 1 DAGs
[2024-11-18T14:23:52.832+0000] {logging_mixin.py:151} INFO - [2024-11-18T14:23:52.832+0000] {dag.py:3722} INFO - Setting next_dagrun for example_setup_teardown_taskflow to 2024-11-17T14:23:52.832115+00:00, run_after=2024-11-18T14:23:52.832115+00:00
[2024-11-18T14:23:52.864+0000] {processor.py:179} INFO - Processing /home/airflow/.local/lib/python3.8/site-packages/airflow/example_dags/example_setup_teardown_taskflow.py took 0.136 seconds
[2024-11-18T14:24:23.342+0000] {processor.py:157} INFO - Started process (PID=538) to work on /home/airflow/.local/lib/python3.8/site-packages/airflow/example_dags/example_setup_teardown_taskflow.py
[2024-11-18T14:24:23.343+0000] {processor.py:829} INFO - Processing file /home/airflow/.local/lib/python3.8/site-packages/airflow/example_dags/example_setup_teardown_taskflow.py for tasks to queue
[2024-11-18T14:24:23.347+0000] {logging_mixin.py:151} INFO - [2024-11-18T14:24:23.346+0000] {dagbag.py:536} INFO - Filling up the DagBag from /home/airflow/.local/lib/python3.8/site-packages/airflow/example_dags/example_setup_teardown_taskflow.py
[2024-11-18T14:24:23.363+0000] {processor.py:839} INFO - DAG(s) dict_keys(['example_setup_teardown_taskflow']) retrieved from /home/airflow/.local/lib/python3.8/site-packages/airflow/example_dags/example_setup_teardown_taskflow.py
[2024-11-18T14:24:23.395+0000] {logging_mixin.py:151} INFO - [2024-11-18T14:24:23.395+0000] {dag.py:2941} INFO - Sync 1 DAGs
[2024-11-18T14:24:23.429+0000] {logging_mixin.py:151} INFO - [2024-11-18T14:24:23.428+0000] {dag.py:3722} INFO - Setting next_dagrun for example_setup_teardown_taskflow to 2024-11-17T14:24:23.428574+00:00, run_after=2024-11-18T14:24:23.428574+00:00
[2024-11-18T14:24:23.455+0000] {processor.py:179} INFO - Processing /home/airflow/.local/lib/python3.8/site-packages/airflow/example_dags/example_setup_teardown_taskflow.py took 0.118 seconds
[2024-11-18T14:24:55.385+0000] {processor.py:157} INFO - Started process (PID=593) to work on /home/airflow/.local/lib/python3.8/site-packages/airflow/example_dags/example_setup_teardown_taskflow.py
[2024-11-18T14:24:55.387+0000] {processor.py:829} INFO - Processing file /home/airflow/.local/lib/python3.8/site-packages/airflow/example_dags/example_setup_teardown_taskflow.py for tasks to queue
[2024-11-18T14:24:55.391+0000] {logging_mixin.py:151} INFO - [2024-11-18T14:24:55.390+0000] {dagbag.py:536} INFO - Filling up the DagBag from /home/airflow/.local/lib/python3.8/site-packages/airflow/example_dags/example_setup_teardown_taskflow.py
[2024-11-18T14:24:55.406+0000] {processor.py:839} INFO - DAG(s) dict_keys(['example_setup_teardown_taskflow']) retrieved from /home/airflow/.local/lib/python3.8/site-packages/airflow/example_dags/example_setup_teardown_taskflow.py
[2024-11-18T14:24:55.447+0000] {logging_mixin.py:151} INFO - [2024-11-18T14:24:55.446+0000] {dag.py:2941} INFO - Sync 1 DAGs
[2024-11-18T14:24:55.486+0000] {logging_mixin.py:151} INFO - [2024-11-18T14:24:55.486+0000] {dag.py:3722} INFO - Setting next_dagrun for example_setup_teardown_taskflow to 2024-11-17T14:24:55.485785+00:00, run_after=2024-11-18T14:24:55.485785+00:00
[2024-11-18T14:24:55.520+0000] {processor.py:179} INFO - Processing /home/airflow/.local/lib/python3.8/site-packages/airflow/example_dags/example_setup_teardown_taskflow.py took 0.140 seconds
[2024-11-18T14:25:27.943+0000] {processor.py:157} INFO - Started process (PID=647) to work on /home/airflow/.local/lib/python3.8/site-packages/airflow/example_dags/example_setup_teardown_taskflow.py
[2024-11-18T14:25:27.945+0000] {processor.py:829} INFO - Processing file /home/airflow/.local/lib/python3.8/site-packages/airflow/example_dags/example_setup_teardown_taskflow.py for tasks to queue
[2024-11-18T14:25:27.948+0000] {logging_mixin.py:151} INFO - [2024-11-18T14:25:27.947+0000] {dagbag.py:536} INFO - Filling up the DagBag from /home/airflow/.local/lib/python3.8/site-packages/airflow/example_dags/example_setup_teardown_taskflow.py
[2024-11-18T14:25:27.962+0000] {processor.py:839} INFO - DAG(s) dict_keys(['example_setup_teardown_taskflow']) retrieved from /home/airflow/.local/lib/python3.8/site-packages/airflow/example_dags/example_setup_teardown_taskflow.py
[2024-11-18T14:25:27.982+0000] {logging_mixin.py:151} INFO - [2024-11-18T14:25:27.982+0000] {dag.py:2941} INFO - Sync 1 DAGs
[2024-11-18T14:25:28.019+0000] {logging_mixin.py:151} INFO - [2024-11-18T14:25:28.018+0000] {dag.py:3722} INFO - Setting next_dagrun for example_setup_teardown_taskflow to 2024-11-17T14:25:28.018532+00:00, run_after=2024-11-18T14:25:28.018532+00:00
[2024-11-18T14:25:28.049+0000] {processor.py:179} INFO - Processing /home/airflow/.local/lib/python3.8/site-packages/airflow/example_dags/example_setup_teardown_taskflow.py took 0.110 seconds
[2024-11-18T14:25:59.451+0000] {processor.py:157} INFO - Started process (PID=701) to work on /home/airflow/.local/lib/python3.8/site-packages/airflow/example_dags/example_setup_teardown_taskflow.py
[2024-11-18T14:25:59.452+0000] {processor.py:829} INFO - Processing file /home/airflow/.local/lib/python3.8/site-packages/airflow/example_dags/example_setup_teardown_taskflow.py for tasks to queue
[2024-11-18T14:25:59.455+0000] {logging_mixin.py:151} INFO - [2024-11-18T14:25:59.455+0000] {dagbag.py:536} INFO - Filling up the DagBag from /home/airflow/.local/lib/python3.8/site-packages/airflow/example_dags/example_setup_teardown_taskflow.py
[2024-11-18T14:25:59.472+0000] {processor.py:839} INFO - DAG(s) dict_keys(['example_setup_teardown_taskflow']) retrieved from /home/airflow/.local/lib/python3.8/site-packages/airflow/example_dags/example_setup_teardown_taskflow.py
[2024-11-18T14:25:59.505+0000] {logging_mixin.py:151} INFO - [2024-11-18T14:25:59.505+0000] {dag.py:2941} INFO - Sync 1 DAGs
[2024-11-18T14:25:59.537+0000] {logging_mixin.py:151} INFO - [2024-11-18T14:25:59.537+0000] {dag.py:3722} INFO - Setting next_dagrun for example_setup_teardown_taskflow to 2024-11-17T14:25:59.537005+00:00, run_after=2024-11-18T14:25:59.537005+00:00
[2024-11-18T14:25:59.563+0000] {processor.py:179} INFO - Processing /home/airflow/.local/lib/python3.8/site-packages/airflow/example_dags/example_setup_teardown_taskflow.py took 0.118 seconds
[2024-11-18T14:26:32.270+0000] {processor.py:157} INFO - Started process (PID=755) to work on /home/airflow/.local/lib/python3.8/site-packages/airflow/example_dags/example_setup_teardown_taskflow.py
[2024-11-18T14:26:32.271+0000] {processor.py:829} INFO - Processing file /home/airflow/.local/lib/python3.8/site-packages/airflow/example_dags/example_setup_teardown_taskflow.py for tasks to queue
[2024-11-18T14:26:32.274+0000] {logging_mixin.py:151} INFO - [2024-11-18T14:26:32.274+0000] {dagbag.py:536} INFO - Filling up the DagBag from /home/airflow/.local/lib/python3.8/site-packages/airflow/example_dags/example_setup_teardown_taskflow.py
[2024-11-18T14:26:32.288+0000] {processor.py:839} INFO - DAG(s) dict_keys(['example_setup_teardown_taskflow']) retrieved from /home/airflow/.local/lib/python3.8/site-packages/airflow/example_dags/example_setup_teardown_taskflow.py
[2024-11-18T14:26:32.333+0000] {logging_mixin.py:151} INFO - [2024-11-18T14:26:32.333+0000] {dag.py:2941} INFO - Sync 1 DAGs
[2024-11-18T14:26:32.375+0000] {logging_mixin.py:151} INFO - [2024-11-18T14:26:32.374+0000] {dag.py:3722} INFO - Setting next_dagrun for example_setup_teardown_taskflow to 2024-11-17T14:26:32.374381+00:00, run_after=2024-11-18T14:26:32.374381+00:00
[2024-11-18T14:26:32.400+0000] {processor.py:179} INFO - Processing /home/airflow/.local/lib/python3.8/site-packages/airflow/example_dags/example_setup_teardown_taskflow.py took 0.135 seconds
[2024-11-18T14:27:05.394+0000] {processor.py:157} INFO - Started process (PID=803) to work on /home/airflow/.local/lib/python3.8/site-packages/airflow/example_dags/example_setup_teardown_taskflow.py
[2024-11-18T14:27:05.395+0000] {processor.py:829} INFO - Processing file /home/airflow/.local/lib/python3.8/site-packages/airflow/example_dags/example_setup_teardown_taskflow.py for tasks to queue
[2024-11-18T14:27:05.399+0000] {logging_mixin.py:151} INFO - [2024-11-18T14:27:05.399+0000] {dagbag.py:536} INFO - Filling up the DagBag from /home/airflow/.local/lib/python3.8/site-packages/airflow/example_dags/example_setup_teardown_taskflow.py
[2024-11-18T14:27:05.413+0000] {processor.py:839} INFO - DAG(s) dict_keys(['example_setup_teardown_taskflow']) retrieved from /home/airflow/.local/lib/python3.8/site-packages/airflow/example_dags/example_setup_teardown_taskflow.py
[2024-11-18T14:27:05.448+0000] {logging_mixin.py:151} INFO - [2024-11-18T14:27:05.448+0000] {dag.py:2941} INFO - Sync 1 DAGs
[2024-11-18T14:27:05.484+0000] {logging_mixin.py:151} INFO - [2024-11-18T14:27:05.484+0000] {dag.py:3722} INFO - Setting next_dagrun for example_setup_teardown_taskflow to 2024-11-17T14:27:05.484023+00:00, run_after=2024-11-18T14:27:05.484023+00:00
[2024-11-18T14:27:05.515+0000] {processor.py:179} INFO - Processing /home/airflow/.local/lib/python3.8/site-packages/airflow/example_dags/example_setup_teardown_taskflow.py took 0.126 seconds
[2024-11-18T14:27:38.968+0000] {processor.py:157} INFO - Started process (PID=857) to work on /home/airflow/.local/lib/python3.8/site-packages/airflow/example_dags/example_setup_teardown_taskflow.py
[2024-11-18T14:27:38.970+0000] {processor.py:829} INFO - Processing file /home/airflow/.local/lib/python3.8/site-packages/airflow/example_dags/example_setup_teardown_taskflow.py for tasks to queue
[2024-11-18T14:27:38.974+0000] {logging_mixin.py:151} INFO - [2024-11-18T14:27:38.973+0000] {dagbag.py:536} INFO - Filling up the DagBag from /home/airflow/.local/lib/python3.8/site-packages/airflow/example_dags/example_setup_teardown_taskflow.py
[2024-11-18T14:27:38.987+0000] {processor.py:839} INFO - DAG(s) dict_keys(['example_setup_teardown_taskflow']) retrieved from /home/airflow/.local/lib/python3.8/site-packages/airflow/example_dags/example_setup_teardown_taskflow.py
[2024-11-18T14:27:39.021+0000] {logging_mixin.py:151} INFO - [2024-11-18T14:27:39.021+0000] {dag.py:2941} INFO - Sync 1 DAGs
[2024-11-18T14:27:39.055+0000] {logging_mixin.py:151} INFO - [2024-11-18T14:27:39.055+0000] {dag.py:3722} INFO - Setting next_dagrun for example_setup_teardown_taskflow to 2024-11-17T14:27:39.055296+00:00, run_after=2024-11-18T14:27:39.055296+00:00
[2024-11-18T14:27:39.083+0000] {processor.py:179} INFO - Processing /home/airflow/.local/lib/python3.8/site-packages/airflow/example_dags/example_setup_teardown_taskflow.py took 0.119 seconds
[2024-11-18T14:28:12.924+0000] {processor.py:157} INFO - Started process (PID=912) to work on /home/airflow/.local/lib/python3.8/site-packages/airflow/example_dags/example_setup_teardown_taskflow.py
[2024-11-18T14:28:12.926+0000] {processor.py:829} INFO - Processing file /home/airflow/.local/lib/python3.8/site-packages/airflow/example_dags/example_setup_teardown_taskflow.py for tasks to queue
[2024-11-18T14:28:12.929+0000] {logging_mixin.py:151} INFO - [2024-11-18T14:28:12.929+0000] {dagbag.py:536} INFO - Filling up the DagBag from /home/airflow/.local/lib/python3.8/site-packages/airflow/example_dags/example_setup_teardown_taskflow.py
[2024-11-18T14:28:12.943+0000] {processor.py:839} INFO - DAG(s) dict_keys(['example_setup_teardown_taskflow']) retrieved from /home/airflow/.local/lib/python3.8/site-packages/airflow/example_dags/example_setup_teardown_taskflow.py
[2024-11-18T14:28:12.977+0000] {logging_mixin.py:151} INFO - [2024-11-18T14:28:12.977+0000] {dag.py:2941} INFO - Sync 1 DAGs
[2024-11-18T14:28:13.012+0000] {logging_mixin.py:151} INFO - [2024-11-18T14:28:13.011+0000] {dag.py:3722} INFO - Setting next_dagrun for example_setup_teardown_taskflow to 2024-11-17T14:28:13.011255+00:00, run_after=2024-11-18T14:28:13.011255+00:00
[2024-11-18T14:28:13.039+0000] {processor.py:179} INFO - Processing /home/airflow/.local/lib/python3.8/site-packages/airflow/example_dags/example_setup_teardown_taskflow.py took 0.119 seconds
[2024-11-18T14:28:45.280+0000] {processor.py:157} INFO - Started process (PID=966) to work on /home/airflow/.local/lib/python3.8/site-packages/airflow/example_dags/example_setup_teardown_taskflow.py
[2024-11-18T14:28:45.282+0000] {processor.py:829} INFO - Processing file /home/airflow/.local/lib/python3.8/site-packages/airflow/example_dags/example_setup_teardown_taskflow.py for tasks to queue
[2024-11-18T14:28:45.285+0000] {logging_mixin.py:151} INFO - [2024-11-18T14:28:45.285+0000] {dagbag.py:536} INFO - Filling up the DagBag from /home/airflow/.local/lib/python3.8/site-packages/airflow/example_dags/example_setup_teardown_taskflow.py
[2024-11-18T14:28:45.299+0000] {processor.py:839} INFO - DAG(s) dict_keys(['example_setup_teardown_taskflow']) retrieved from /home/airflow/.local/lib/python3.8/site-packages/airflow/example_dags/example_setup_teardown_taskflow.py
[2024-11-18T14:28:45.333+0000] {logging_mixin.py:151} INFO - [2024-11-18T14:28:45.333+0000] {dag.py:2941} INFO - Sync 1 DAGs
[2024-11-18T14:28:45.372+0000] {logging_mixin.py:151} INFO - [2024-11-18T14:28:45.372+0000] {dag.py:3722} INFO - Setting next_dagrun for example_setup_teardown_taskflow to 2024-11-17T14:28:45.371956+00:00, run_after=2024-11-18T14:28:45.371956+00:00
[2024-11-18T14:28:45.403+0000] {processor.py:179} INFO - Processing /home/airflow/.local/lib/python3.8/site-packages/airflow/example_dags/example_setup_teardown_taskflow.py took 0.127 seconds
[2024-11-18T14:29:18.702+0000] {processor.py:157} INFO - Started process (PID=1020) to work on /home/airflow/.local/lib/python3.8/site-packages/airflow/example_dags/example_setup_teardown_taskflow.py
[2024-11-18T14:29:18.703+0000] {processor.py:829} INFO - Processing file /home/airflow/.local/lib/python3.8/site-packages/airflow/example_dags/example_setup_teardown_taskflow.py for tasks to queue
[2024-11-18T14:29:18.707+0000] {logging_mixin.py:151} INFO - [2024-11-18T14:29:18.706+0000] {dagbag.py:536} INFO - Filling up the DagBag from /home/airflow/.local/lib/python3.8/site-packages/airflow/example_dags/example_setup_teardown_taskflow.py
[2024-11-18T14:29:18.722+0000] {processor.py:839} INFO - DAG(s) dict_keys(['example_setup_teardown_taskflow']) retrieved from /home/airflow/.local/lib/python3.8/site-packages/airflow/example_dags/example_setup_teardown_taskflow.py
[2024-11-18T14:29:18.758+0000] {logging_mixin.py:151} INFO - [2024-11-18T14:29:18.757+0000] {dag.py:2941} INFO - Sync 1 DAGs
[2024-11-18T14:29:18.793+0000] {logging_mixin.py:151} INFO - [2024-11-18T14:29:18.793+0000] {dag.py:3722} INFO - Setting next_dagrun for example_setup_teardown_taskflow to 2024-11-17T14:29:18.792684+00:00, run_after=2024-11-18T14:29:18.792684+00:00
[2024-11-18T14:29:18.823+0000] {processor.py:179} INFO - Processing /home/airflow/.local/lib/python3.8/site-packages/airflow/example_dags/example_setup_teardown_taskflow.py took 0.126 seconds
[2024-11-18T14:29:51.221+0000] {processor.py:157} INFO - Started process (PID=1074) to work on /home/airflow/.local/lib/python3.8/site-packages/airflow/example_dags/example_setup_teardown_taskflow.py
[2024-11-18T14:29:51.222+0000] {processor.py:829} INFO - Processing file /home/airflow/.local/lib/python3.8/site-packages/airflow/example_dags/example_setup_teardown_taskflow.py for tasks to queue
[2024-11-18T14:29:51.226+0000] {logging_mixin.py:151} INFO - [2024-11-18T14:29:51.225+0000] {dagbag.py:536} INFO - Filling up the DagBag from /home/airflow/.local/lib/python3.8/site-packages/airflow/example_dags/example_setup_teardown_taskflow.py
[2024-11-18T14:29:51.241+0000] {processor.py:839} INFO - DAG(s) dict_keys(['example_setup_teardown_taskflow']) retrieved from /home/airflow/.local/lib/python3.8/site-packages/airflow/example_dags/example_setup_teardown_taskflow.py
[2024-11-18T14:29:51.274+0000] {logging_mixin.py:151} INFO - [2024-11-18T14:29:51.274+0000] {dag.py:2941} INFO - Sync 1 DAGs
[2024-11-18T14:29:51.308+0000] {logging_mixin.py:151} INFO - [2024-11-18T14:29:51.308+0000] {dag.py:3722} INFO - Setting next_dagrun for example_setup_teardown_taskflow to 2024-11-17T14:29:51.307943+00:00, run_after=2024-11-18T14:29:51.307943+00:00
[2024-11-18T14:29:51.336+0000] {processor.py:179} INFO - Processing /home/airflow/.local/lib/python3.8/site-packages/airflow/example_dags/example_setup_teardown_taskflow.py took 0.120 seconds
[2024-11-18T14:33:20.359+0000] {processor.py:157} INFO - Started process (PID=111) to work on /home/airflow/.local/lib/python3.8/site-packages/airflow/example_dags/example_setup_teardown_taskflow.py
[2024-11-18T14:33:20.361+0000] {processor.py:829} INFO - Processing file /home/airflow/.local/lib/python3.8/site-packages/airflow/example_dags/example_setup_teardown_taskflow.py for tasks to queue
[2024-11-18T14:33:20.364+0000] {logging_mixin.py:151} INFO - [2024-11-18T14:33:20.364+0000] {dagbag.py:536} INFO - Filling up the DagBag from /home/airflow/.local/lib/python3.8/site-packages/airflow/example_dags/example_setup_teardown_taskflow.py
[2024-11-18T14:33:20.382+0000] {processor.py:839} INFO - DAG(s) dict_keys(['example_setup_teardown_taskflow']) retrieved from /home/airflow/.local/lib/python3.8/site-packages/airflow/example_dags/example_setup_teardown_taskflow.py
[2024-11-18T14:33:20.434+0000] {logging_mixin.py:151} INFO - [2024-11-18T14:33:20.434+0000] {dag.py:2941} INFO - Sync 1 DAGs
[2024-11-18T14:33:20.479+0000] {logging_mixin.py:151} INFO - [2024-11-18T14:33:20.479+0000] {dag.py:3722} INFO - Setting next_dagrun for example_setup_teardown_taskflow to 2024-11-17T14:33:20.478826+00:00, run_after=2024-11-18T14:33:20.478826+00:00
[2024-11-18T14:33:20.512+0000] {processor.py:179} INFO - Processing /home/airflow/.local/lib/python3.8/site-packages/airflow/example_dags/example_setup_teardown_taskflow.py took 0.157 seconds
[2024-11-18T14:33:50.764+0000] {processor.py:157} INFO - Started process (PID=158) to work on /home/airflow/.local/lib/python3.8/site-packages/airflow/example_dags/example_setup_teardown_taskflow.py
[2024-11-18T14:33:50.766+0000] {processor.py:829} INFO - Processing file /home/airflow/.local/lib/python3.8/site-packages/airflow/example_dags/example_setup_teardown_taskflow.py for tasks to queue
[2024-11-18T14:33:50.769+0000] {logging_mixin.py:151} INFO - [2024-11-18T14:33:50.769+0000] {dagbag.py:536} INFO - Filling up the DagBag from /home/airflow/.local/lib/python3.8/site-packages/airflow/example_dags/example_setup_teardown_taskflow.py
[2024-11-18T14:33:50.784+0000] {processor.py:839} INFO - DAG(s) dict_keys(['example_setup_teardown_taskflow']) retrieved from /home/airflow/.local/lib/python3.8/site-packages/airflow/example_dags/example_setup_teardown_taskflow.py
[2024-11-18T14:33:50.819+0000] {logging_mixin.py:151} INFO - [2024-11-18T14:33:50.819+0000] {dag.py:2941} INFO - Sync 1 DAGs
[2024-11-18T14:33:50.855+0000] {logging_mixin.py:151} INFO - [2024-11-18T14:33:50.855+0000] {dag.py:3722} INFO - Setting next_dagrun for example_setup_teardown_taskflow to 2024-11-17T14:33:50.855056+00:00, run_after=2024-11-18T14:33:50.855056+00:00
[2024-11-18T14:33:50.882+0000] {processor.py:179} INFO - Processing /home/airflow/.local/lib/python3.8/site-packages/airflow/example_dags/example_setup_teardown_taskflow.py took 0.123 seconds
[2024-11-18T14:34:21.563+0000] {processor.py:157} INFO - Started process (PID=212) to work on /home/airflow/.local/lib/python3.8/site-packages/airflow/example_dags/example_setup_teardown_taskflow.py
[2024-11-18T14:34:21.565+0000] {processor.py:829} INFO - Processing file /home/airflow/.local/lib/python3.8/site-packages/airflow/example_dags/example_setup_teardown_taskflow.py for tasks to queue
[2024-11-18T14:34:21.569+0000] {logging_mixin.py:151} INFO - [2024-11-18T14:34:21.569+0000] {dagbag.py:536} INFO - Filling up the DagBag from /home/airflow/.local/lib/python3.8/site-packages/airflow/example_dags/example_setup_teardown_taskflow.py
[2024-11-18T14:34:21.586+0000] {processor.py:839} INFO - DAG(s) dict_keys(['example_setup_teardown_taskflow']) retrieved from /home/airflow/.local/lib/python3.8/site-packages/airflow/example_dags/example_setup_teardown_taskflow.py
[2024-11-18T14:34:21.620+0000] {logging_mixin.py:151} INFO - [2024-11-18T14:34:21.620+0000] {dag.py:2941} INFO - Sync 1 DAGs
[2024-11-18T14:34:21.658+0000] {logging_mixin.py:151} INFO - [2024-11-18T14:34:21.658+0000] {dag.py:3722} INFO - Setting next_dagrun for example_setup_teardown_taskflow to 2024-11-17T14:34:21.658230+00:00, run_after=2024-11-18T14:34:21.658230+00:00
[2024-11-18T14:34:21.686+0000] {processor.py:179} INFO - Processing /home/airflow/.local/lib/python3.8/site-packages/airflow/example_dags/example_setup_teardown_taskflow.py took 0.128 seconds
[2024-11-18T14:34:52.133+0000] {processor.py:157} INFO - Started process (PID=266) to work on /home/airflow/.local/lib/python3.8/site-packages/airflow/example_dags/example_setup_teardown_taskflow.py
[2024-11-18T14:34:52.134+0000] {processor.py:829} INFO - Processing file /home/airflow/.local/lib/python3.8/site-packages/airflow/example_dags/example_setup_teardown_taskflow.py for tasks to queue
[2024-11-18T14:34:52.138+0000] {logging_mixin.py:151} INFO - [2024-11-18T14:34:52.137+0000] {dagbag.py:536} INFO - Filling up the DagBag from /home/airflow/.local/lib/python3.8/site-packages/airflow/example_dags/example_setup_teardown_taskflow.py
[2024-11-18T14:34:52.152+0000] {processor.py:839} INFO - DAG(s) dict_keys(['example_setup_teardown_taskflow']) retrieved from /home/airflow/.local/lib/python3.8/site-packages/airflow/example_dags/example_setup_teardown_taskflow.py
[2024-11-18T14:34:52.186+0000] {logging_mixin.py:151} INFO - [2024-11-18T14:34:52.186+0000] {dag.py:2941} INFO - Sync 1 DAGs
[2024-11-18T14:34:52.221+0000] {logging_mixin.py:151} INFO - [2024-11-18T14:34:52.221+0000] {dag.py:3722} INFO - Setting next_dagrun for example_setup_teardown_taskflow to 2024-11-17T14:34:52.221133+00:00, run_after=2024-11-18T14:34:52.221133+00:00
[2024-11-18T14:34:52.256+0000] {processor.py:179} INFO - Processing /home/airflow/.local/lib/python3.8/site-packages/airflow/example_dags/example_setup_teardown_taskflow.py took 0.128 seconds
[2024-11-18T14:35:23.793+0000] {processor.py:157} INFO - Started process (PID=320) to work on /home/airflow/.local/lib/python3.8/site-packages/airflow/example_dags/example_setup_teardown_taskflow.py
[2024-11-18T14:35:23.795+0000] {processor.py:829} INFO - Processing file /home/airflow/.local/lib/python3.8/site-packages/airflow/example_dags/example_setup_teardown_taskflow.py for tasks to queue
[2024-11-18T14:35:23.798+0000] {logging_mixin.py:151} INFO - [2024-11-18T14:35:23.797+0000] {dagbag.py:536} INFO - Filling up the DagBag from /home/airflow/.local/lib/python3.8/site-packages/airflow/example_dags/example_setup_teardown_taskflow.py
[2024-11-18T14:35:23.812+0000] {processor.py:839} INFO - DAG(s) dict_keys(['example_setup_teardown_taskflow']) retrieved from /home/airflow/.local/lib/python3.8/site-packages/airflow/example_dags/example_setup_teardown_taskflow.py
[2024-11-18T14:35:23.847+0000] {logging_mixin.py:151} INFO - [2024-11-18T14:35:23.847+0000] {dag.py:2941} INFO - Sync 1 DAGs
[2024-11-18T14:35:23.883+0000] {logging_mixin.py:151} INFO - [2024-11-18T14:35:23.883+0000] {dag.py:3722} INFO - Setting next_dagrun for example_setup_teardown_taskflow to 2024-11-17T14:35:23.883279+00:00, run_after=2024-11-18T14:35:23.883279+00:00
[2024-11-18T14:35:23.912+0000] {processor.py:179} INFO - Processing /home/airflow/.local/lib/python3.8/site-packages/airflow/example_dags/example_setup_teardown_taskflow.py took 0.124 seconds
[2024-11-18T14:35:56.957+0000] {processor.py:157} INFO - Started process (PID=374) to work on /home/airflow/.local/lib/python3.8/site-packages/airflow/example_dags/example_setup_teardown_taskflow.py
[2024-11-18T14:35:56.959+0000] {processor.py:829} INFO - Processing file /home/airflow/.local/lib/python3.8/site-packages/airflow/example_dags/example_setup_teardown_taskflow.py for tasks to queue
[2024-11-18T14:35:56.962+0000] {logging_mixin.py:151} INFO - [2024-11-18T14:35:56.962+0000] {dagbag.py:536} INFO - Filling up the DagBag from /home/airflow/.local/lib/python3.8/site-packages/airflow/example_dags/example_setup_teardown_taskflow.py
[2024-11-18T14:35:56.976+0000] {processor.py:839} INFO - DAG(s) dict_keys(['example_setup_teardown_taskflow']) retrieved from /home/airflow/.local/lib/python3.8/site-packages/airflow/example_dags/example_setup_teardown_taskflow.py
[2024-11-18T14:35:57.010+0000] {logging_mixin.py:151} INFO - [2024-11-18T14:35:57.009+0000] {dag.py:2941} INFO - Sync 1 DAGs
[2024-11-18T14:35:57.044+0000] {logging_mixin.py:151} INFO - [2024-11-18T14:35:57.044+0000] {dag.py:3722} INFO - Setting next_dagrun for example_setup_teardown_taskflow to 2024-11-17T14:35:57.043772+00:00, run_after=2024-11-18T14:35:57.043772+00:00
[2024-11-18T14:35:57.073+0000] {processor.py:179} INFO - Processing /home/airflow/.local/lib/python3.8/site-packages/airflow/example_dags/example_setup_teardown_taskflow.py took 0.120 seconds
[2024-11-18T14:36:30.851+0000] {processor.py:157} INFO - Started process (PID=428) to work on /home/airflow/.local/lib/python3.8/site-packages/airflow/example_dags/example_setup_teardown_taskflow.py
[2024-11-18T14:36:30.853+0000] {processor.py:829} INFO - Processing file /home/airflow/.local/lib/python3.8/site-packages/airflow/example_dags/example_setup_teardown_taskflow.py for tasks to queue
[2024-11-18T14:36:30.856+0000] {logging_mixin.py:151} INFO - [2024-11-18T14:36:30.856+0000] {dagbag.py:536} INFO - Filling up the DagBag from /home/airflow/.local/lib/python3.8/site-packages/airflow/example_dags/example_setup_teardown_taskflow.py
[2024-11-18T14:36:30.870+0000] {processor.py:839} INFO - DAG(s) dict_keys(['example_setup_teardown_taskflow']) retrieved from /home/airflow/.local/lib/python3.8/site-packages/airflow/example_dags/example_setup_teardown_taskflow.py
[2024-11-18T14:36:30.904+0000] {logging_mixin.py:151} INFO - [2024-11-18T14:36:30.903+0000] {dag.py:2941} INFO - Sync 1 DAGs
[2024-11-18T14:36:30.937+0000] {logging_mixin.py:151} INFO - [2024-11-18T14:36:30.937+0000] {dag.py:3722} INFO - Setting next_dagrun for example_setup_teardown_taskflow to 2024-11-17T14:36:30.937225+00:00, run_after=2024-11-18T14:36:30.937225+00:00
[2024-11-18T14:36:30.964+0000] {processor.py:179} INFO - Processing /home/airflow/.local/lib/python3.8/site-packages/airflow/example_dags/example_setup_teardown_taskflow.py took 0.118 seconds
[2024-11-18T14:37:03.755+0000] {processor.py:157} INFO - Started process (PID=482) to work on /home/airflow/.local/lib/python3.8/site-packages/airflow/example_dags/example_setup_teardown_taskflow.py
[2024-11-18T14:37:03.757+0000] {processor.py:829} INFO - Processing file /home/airflow/.local/lib/python3.8/site-packages/airflow/example_dags/example_setup_teardown_taskflow.py for tasks to queue
[2024-11-18T14:37:03.761+0000] {logging_mixin.py:151} INFO - [2024-11-18T14:37:03.760+0000] {dagbag.py:536} INFO - Filling up the DagBag from /home/airflow/.local/lib/python3.8/site-packages/airflow/example_dags/example_setup_teardown_taskflow.py
[2024-11-18T14:37:03.775+0000] {processor.py:839} INFO - DAG(s) dict_keys(['example_setup_teardown_taskflow']) retrieved from /home/airflow/.local/lib/python3.8/site-packages/airflow/example_dags/example_setup_teardown_taskflow.py
[2024-11-18T14:37:03.809+0000] {logging_mixin.py:151} INFO - [2024-11-18T14:37:03.808+0000] {dag.py:2941} INFO - Sync 1 DAGs
[2024-11-18T14:37:03.847+0000] {logging_mixin.py:151} INFO - [2024-11-18T14:37:03.847+0000] {dag.py:3722} INFO - Setting next_dagrun for example_setup_teardown_taskflow to 2024-11-17T14:37:03.846723+00:00, run_after=2024-11-18T14:37:03.846723+00:00
[2024-11-18T14:37:03.875+0000] {processor.py:179} INFO - Processing /home/airflow/.local/lib/python3.8/site-packages/airflow/example_dags/example_setup_teardown_taskflow.py took 0.124 seconds
[2024-11-18T14:37:36.967+0000] {processor.py:157} INFO - Started process (PID=536) to work on /home/airflow/.local/lib/python3.8/site-packages/airflow/example_dags/example_setup_teardown_taskflow.py
[2024-11-18T14:37:36.969+0000] {processor.py:829} INFO - Processing file /home/airflow/.local/lib/python3.8/site-packages/airflow/example_dags/example_setup_teardown_taskflow.py for tasks to queue
[2024-11-18T14:37:36.972+0000] {logging_mixin.py:151} INFO - [2024-11-18T14:37:36.972+0000] {dagbag.py:536} INFO - Filling up the DagBag from /home/airflow/.local/lib/python3.8/site-packages/airflow/example_dags/example_setup_teardown_taskflow.py
[2024-11-18T14:37:36.986+0000] {processor.py:839} INFO - DAG(s) dict_keys(['example_setup_teardown_taskflow']) retrieved from /home/airflow/.local/lib/python3.8/site-packages/airflow/example_dags/example_setup_teardown_taskflow.py
[2024-11-18T14:37:37.024+0000] {logging_mixin.py:151} INFO - [2024-11-18T14:37:37.023+0000] {dag.py:2941} INFO - Sync 1 DAGs
[2024-11-18T14:37:37.058+0000] {logging_mixin.py:151} INFO - [2024-11-18T14:37:37.057+0000] {dag.py:3722} INFO - Setting next_dagrun for example_setup_teardown_taskflow to 2024-11-17T14:37:37.057408+00:00, run_after=2024-11-18T14:37:37.057408+00:00
[2024-11-18T14:37:37.085+0000] {processor.py:179} INFO - Processing /home/airflow/.local/lib/python3.8/site-packages/airflow/example_dags/example_setup_teardown_taskflow.py took 0.122 seconds
[2024-11-18T14:38:10.296+0000] {processor.py:157} INFO - Started process (PID=590) to work on /home/airflow/.local/lib/python3.8/site-packages/airflow/example_dags/example_setup_teardown_taskflow.py
[2024-11-18T14:38:10.297+0000] {processor.py:829} INFO - Processing file /home/airflow/.local/lib/python3.8/site-packages/airflow/example_dags/example_setup_teardown_taskflow.py for tasks to queue
[2024-11-18T14:38:10.301+0000] {logging_mixin.py:151} INFO - [2024-11-18T14:38:10.300+0000] {dagbag.py:536} INFO - Filling up the DagBag from /home/airflow/.local/lib/python3.8/site-packages/airflow/example_dags/example_setup_teardown_taskflow.py
[2024-11-18T14:38:10.315+0000] {processor.py:839} INFO - DAG(s) dict_keys(['example_setup_teardown_taskflow']) retrieved from /home/airflow/.local/lib/python3.8/site-packages/airflow/example_dags/example_setup_teardown_taskflow.py
[2024-11-18T14:38:10.351+0000] {logging_mixin.py:151} INFO - [2024-11-18T14:38:10.351+0000] {dag.py:2941} INFO - Sync 1 DAGs
[2024-11-18T14:38:10.387+0000] {logging_mixin.py:151} INFO - [2024-11-18T14:38:10.386+0000] {dag.py:3722} INFO - Setting next_dagrun for example_setup_teardown_taskflow to 2024-11-17T14:38:10.386393+00:00, run_after=2024-11-18T14:38:10.386393+00:00
[2024-11-18T14:38:10.417+0000] {processor.py:179} INFO - Processing /home/airflow/.local/lib/python3.8/site-packages/airflow/example_dags/example_setup_teardown_taskflow.py took 0.126 seconds
[2024-11-18T14:38:43.565+0000] {processor.py:157} INFO - Started process (PID=644) to work on /home/airflow/.local/lib/python3.8/site-packages/airflow/example_dags/example_setup_teardown_taskflow.py
[2024-11-18T14:38:43.567+0000] {processor.py:829} INFO - Processing file /home/airflow/.local/lib/python3.8/site-packages/airflow/example_dags/example_setup_teardown_taskflow.py for tasks to queue
[2024-11-18T14:38:43.571+0000] {logging_mixin.py:151} INFO - [2024-11-18T14:38:43.571+0000] {dagbag.py:536} INFO - Filling up the DagBag from /home/airflow/.local/lib/python3.8/site-packages/airflow/example_dags/example_setup_teardown_taskflow.py
[2024-11-18T14:38:43.589+0000] {processor.py:839} INFO - DAG(s) dict_keys(['example_setup_teardown_taskflow']) retrieved from /home/airflow/.local/lib/python3.8/site-packages/airflow/example_dags/example_setup_teardown_taskflow.py
[2024-11-18T14:38:43.621+0000] {logging_mixin.py:151} INFO - [2024-11-18T14:38:43.620+0000] {dag.py:2941} INFO - Sync 1 DAGs
[2024-11-18T14:38:43.656+0000] {logging_mixin.py:151} INFO - [2024-11-18T14:38:43.656+0000] {dag.py:3722} INFO - Setting next_dagrun for example_setup_teardown_taskflow to 2024-11-17T14:38:43.655769+00:00, run_after=2024-11-18T14:38:43.655769+00:00
[2024-11-18T14:38:43.684+0000] {processor.py:179} INFO - Processing /home/airflow/.local/lib/python3.8/site-packages/airflow/example_dags/example_setup_teardown_taskflow.py took 0.128 seconds
[2024-11-18T14:39:17.407+0000] {processor.py:157} INFO - Started process (PID=698) to work on /home/airflow/.local/lib/python3.8/site-packages/airflow/example_dags/example_setup_teardown_taskflow.py
[2024-11-18T14:39:17.409+0000] {processor.py:829} INFO - Processing file /home/airflow/.local/lib/python3.8/site-packages/airflow/example_dags/example_setup_teardown_taskflow.py for tasks to queue
[2024-11-18T14:39:17.412+0000] {logging_mixin.py:151} INFO - [2024-11-18T14:39:17.411+0000] {dagbag.py:536} INFO - Filling up the DagBag from /home/airflow/.local/lib/python3.8/site-packages/airflow/example_dags/example_setup_teardown_taskflow.py
[2024-11-18T14:39:17.427+0000] {processor.py:839} INFO - DAG(s) dict_keys(['example_setup_teardown_taskflow']) retrieved from /home/airflow/.local/lib/python3.8/site-packages/airflow/example_dags/example_setup_teardown_taskflow.py
[2024-11-18T14:39:17.460+0000] {logging_mixin.py:151} INFO - [2024-11-18T14:39:17.459+0000] {dag.py:2941} INFO - Sync 1 DAGs
[2024-11-18T14:39:17.496+0000] {logging_mixin.py:151} INFO - [2024-11-18T14:39:17.495+0000] {dag.py:3722} INFO - Setting next_dagrun for example_setup_teardown_taskflow to 2024-11-17T14:39:17.495610+00:00, run_after=2024-11-18T14:39:17.495610+00:00
[2024-11-18T14:39:17.524+0000] {processor.py:179} INFO - Processing /home/airflow/.local/lib/python3.8/site-packages/airflow/example_dags/example_setup_teardown_taskflow.py took 0.122 seconds
[2024-11-18T14:39:50.530+0000] {processor.py:157} INFO - Started process (PID=752) to work on /home/airflow/.local/lib/python3.8/site-packages/airflow/example_dags/example_setup_teardown_taskflow.py
[2024-11-18T14:39:50.532+0000] {processor.py:829} INFO - Processing file /home/airflow/.local/lib/python3.8/site-packages/airflow/example_dags/example_setup_teardown_taskflow.py for tasks to queue
[2024-11-18T14:39:50.537+0000] {logging_mixin.py:151} INFO - [2024-11-18T14:39:50.536+0000] {dagbag.py:536} INFO - Filling up the DagBag from /home/airflow/.local/lib/python3.8/site-packages/airflow/example_dags/example_setup_teardown_taskflow.py
[2024-11-18T14:39:50.554+0000] {processor.py:839} INFO - DAG(s) dict_keys(['example_setup_teardown_taskflow']) retrieved from /home/airflow/.local/lib/python3.8/site-packages/airflow/example_dags/example_setup_teardown_taskflow.py
[2024-11-18T14:39:50.588+0000] {logging_mixin.py:151} INFO - [2024-11-18T14:39:50.588+0000] {dag.py:2941} INFO - Sync 1 DAGs
[2024-11-18T14:39:50.621+0000] {logging_mixin.py:151} INFO - [2024-11-18T14:39:50.621+0000] {dag.py:3722} INFO - Setting next_dagrun for example_setup_teardown_taskflow to 2024-11-17T14:39:50.620900+00:00, run_after=2024-11-18T14:39:50.620900+00:00
[2024-11-18T14:39:50.648+0000] {processor.py:179} INFO - Processing /home/airflow/.local/lib/python3.8/site-packages/airflow/example_dags/example_setup_teardown_taskflow.py took 0.124 seconds
[2024-11-18T14:40:23.854+0000] {processor.py:157} INFO - Started process (PID=806) to work on /home/airflow/.local/lib/python3.8/site-packages/airflow/example_dags/example_setup_teardown_taskflow.py
[2024-11-18T14:40:23.855+0000] {processor.py:829} INFO - Processing file /home/airflow/.local/lib/python3.8/site-packages/airflow/example_dags/example_setup_teardown_taskflow.py for tasks to queue
[2024-11-18T14:40:23.858+0000] {logging_mixin.py:151} INFO - [2024-11-18T14:40:23.858+0000] {dagbag.py:536} INFO - Filling up the DagBag from /home/airflow/.local/lib/python3.8/site-packages/airflow/example_dags/example_setup_teardown_taskflow.py
[2024-11-18T14:40:23.874+0000] {processor.py:839} INFO - DAG(s) dict_keys(['example_setup_teardown_taskflow']) retrieved from /home/airflow/.local/lib/python3.8/site-packages/airflow/example_dags/example_setup_teardown_taskflow.py
[2024-11-18T14:40:23.911+0000] {logging_mixin.py:151} INFO - [2024-11-18T14:40:23.911+0000] {dag.py:2941} INFO - Sync 1 DAGs
[2024-11-18T14:40:23.945+0000] {logging_mixin.py:151} INFO - [2024-11-18T14:40:23.945+0000] {dag.py:3722} INFO - Setting next_dagrun for example_setup_teardown_taskflow to 2024-11-17T14:40:23.944774+00:00, run_after=2024-11-18T14:40:23.944774+00:00
[2024-11-18T14:40:23.974+0000] {processor.py:179} INFO - Processing /home/airflow/.local/lib/python3.8/site-packages/airflow/example_dags/example_setup_teardown_taskflow.py took 0.125 seconds
[2024-11-18T14:40:57.294+0000] {processor.py:157} INFO - Started process (PID=860) to work on /home/airflow/.local/lib/python3.8/site-packages/airflow/example_dags/example_setup_teardown_taskflow.py
[2024-11-18T14:40:57.296+0000] {processor.py:829} INFO - Processing file /home/airflow/.local/lib/python3.8/site-packages/airflow/example_dags/example_setup_teardown_taskflow.py for tasks to queue
[2024-11-18T14:40:57.298+0000] {logging_mixin.py:151} INFO - [2024-11-18T14:40:57.298+0000] {dagbag.py:536} INFO - Filling up the DagBag from /home/airflow/.local/lib/python3.8/site-packages/airflow/example_dags/example_setup_teardown_taskflow.py
[2024-11-18T14:40:57.312+0000] {processor.py:839} INFO - DAG(s) dict_keys(['example_setup_teardown_taskflow']) retrieved from /home/airflow/.local/lib/python3.8/site-packages/airflow/example_dags/example_setup_teardown_taskflow.py
[2024-11-18T14:40:57.345+0000] {logging_mixin.py:151} INFO - [2024-11-18T14:40:57.345+0000] {dag.py:2941} INFO - Sync 1 DAGs
[2024-11-18T14:40:57.382+0000] {logging_mixin.py:151} INFO - [2024-11-18T14:40:57.381+0000] {dag.py:3722} INFO - Setting next_dagrun for example_setup_teardown_taskflow to 2024-11-17T14:40:57.381655+00:00, run_after=2024-11-18T14:40:57.381655+00:00
[2024-11-18T14:40:57.409+0000] {processor.py:179} INFO - Processing /home/airflow/.local/lib/python3.8/site-packages/airflow/example_dags/example_setup_teardown_taskflow.py took 0.119 seconds
[2024-11-18T14:41:30.414+0000] {processor.py:157} INFO - Started process (PID=914) to work on /home/airflow/.local/lib/python3.8/site-packages/airflow/example_dags/example_setup_teardown_taskflow.py
[2024-11-18T14:41:30.415+0000] {processor.py:829} INFO - Processing file /home/airflow/.local/lib/python3.8/site-packages/airflow/example_dags/example_setup_teardown_taskflow.py for tasks to queue
[2024-11-18T14:41:30.419+0000] {logging_mixin.py:151} INFO - [2024-11-18T14:41:30.419+0000] {dagbag.py:536} INFO - Filling up the DagBag from /home/airflow/.local/lib/python3.8/site-packages/airflow/example_dags/example_setup_teardown_taskflow.py
[2024-11-18T14:41:30.433+0000] {processor.py:839} INFO - DAG(s) dict_keys(['example_setup_teardown_taskflow']) retrieved from /home/airflow/.local/lib/python3.8/site-packages/airflow/example_dags/example_setup_teardown_taskflow.py
[2024-11-18T14:41:30.466+0000] {logging_mixin.py:151} INFO - [2024-11-18T14:41:30.466+0000] {dag.py:2941} INFO - Sync 1 DAGs
[2024-11-18T14:41:30.501+0000] {logging_mixin.py:151} INFO - [2024-11-18T14:41:30.501+0000] {dag.py:3722} INFO - Setting next_dagrun for example_setup_teardown_taskflow to 2024-11-17T14:41:30.500940+00:00, run_after=2024-11-18T14:41:30.500940+00:00
[2024-11-18T14:41:30.532+0000] {processor.py:179} INFO - Processing /home/airflow/.local/lib/python3.8/site-packages/airflow/example_dags/example_setup_teardown_taskflow.py took 0.123 seconds
[2024-11-18T14:42:03.715+0000] {processor.py:157} INFO - Started process (PID=968) to work on /home/airflow/.local/lib/python3.8/site-packages/airflow/example_dags/example_setup_teardown_taskflow.py
[2024-11-18T14:42:03.716+0000] {processor.py:829} INFO - Processing file /home/airflow/.local/lib/python3.8/site-packages/airflow/example_dags/example_setup_teardown_taskflow.py for tasks to queue
[2024-11-18T14:42:03.720+0000] {logging_mixin.py:151} INFO - [2024-11-18T14:42:03.720+0000] {dagbag.py:536} INFO - Filling up the DagBag from /home/airflow/.local/lib/python3.8/site-packages/airflow/example_dags/example_setup_teardown_taskflow.py
[2024-11-18T14:42:03.733+0000] {processor.py:839} INFO - DAG(s) dict_keys(['example_setup_teardown_taskflow']) retrieved from /home/airflow/.local/lib/python3.8/site-packages/airflow/example_dags/example_setup_teardown_taskflow.py
[2024-11-18T14:42:03.766+0000] {logging_mixin.py:151} INFO - [2024-11-18T14:42:03.766+0000] {dag.py:2941} INFO - Sync 1 DAGs
[2024-11-18T14:42:03.800+0000] {logging_mixin.py:151} INFO - [2024-11-18T14:42:03.799+0000] {dag.py:3722} INFO - Setting next_dagrun for example_setup_teardown_taskflow to 2024-11-17T14:42:03.799593+00:00, run_after=2024-11-18T14:42:03.799593+00:00
[2024-11-18T14:42:03.827+0000] {processor.py:179} INFO - Processing /home/airflow/.local/lib/python3.8/site-packages/airflow/example_dags/example_setup_teardown_taskflow.py took 0.117 seconds
[2024-11-18T14:42:37.244+0000] {processor.py:157} INFO - Started process (PID=1022) to work on /home/airflow/.local/lib/python3.8/site-packages/airflow/example_dags/example_setup_teardown_taskflow.py
[2024-11-18T14:42:37.246+0000] {processor.py:829} INFO - Processing file /home/airflow/.local/lib/python3.8/site-packages/airflow/example_dags/example_setup_teardown_taskflow.py for tasks to queue
[2024-11-18T14:42:37.248+0000] {logging_mixin.py:151} INFO - [2024-11-18T14:42:37.248+0000] {dagbag.py:536} INFO - Filling up the DagBag from /home/airflow/.local/lib/python3.8/site-packages/airflow/example_dags/example_setup_teardown_taskflow.py
[2024-11-18T14:42:37.264+0000] {processor.py:839} INFO - DAG(s) dict_keys(['example_setup_teardown_taskflow']) retrieved from /home/airflow/.local/lib/python3.8/site-packages/airflow/example_dags/example_setup_teardown_taskflow.py
[2024-11-18T14:42:37.297+0000] {logging_mixin.py:151} INFO - [2024-11-18T14:42:37.297+0000] {dag.py:2941} INFO - Sync 1 DAGs
[2024-11-18T14:42:37.331+0000] {logging_mixin.py:151} INFO - [2024-11-18T14:42:37.331+0000] {dag.py:3722} INFO - Setting next_dagrun for example_setup_teardown_taskflow to 2024-11-17T14:42:37.331171+00:00, run_after=2024-11-18T14:42:37.331171+00:00
[2024-11-18T14:42:37.360+0000] {processor.py:179} INFO - Processing /home/airflow/.local/lib/python3.8/site-packages/airflow/example_dags/example_setup_teardown_taskflow.py took 0.120 seconds
[2024-11-18T14:43:11.188+0000] {processor.py:157} INFO - Started process (PID=1076) to work on /home/airflow/.local/lib/python3.8/site-packages/airflow/example_dags/example_setup_teardown_taskflow.py
[2024-11-18T14:43:11.189+0000] {processor.py:829} INFO - Processing file /home/airflow/.local/lib/python3.8/site-packages/airflow/example_dags/example_setup_teardown_taskflow.py for tasks to queue
[2024-11-18T14:43:11.194+0000] {logging_mixin.py:151} INFO - [2024-11-18T14:43:11.193+0000] {dagbag.py:536} INFO - Filling up the DagBag from /home/airflow/.local/lib/python3.8/site-packages/airflow/example_dags/example_setup_teardown_taskflow.py
[2024-11-18T14:43:11.209+0000] {processor.py:839} INFO - DAG(s) dict_keys(['example_setup_teardown_taskflow']) retrieved from /home/airflow/.local/lib/python3.8/site-packages/airflow/example_dags/example_setup_teardown_taskflow.py
[2024-11-18T14:43:11.245+0000] {logging_mixin.py:151} INFO - [2024-11-18T14:43:11.245+0000] {dag.py:2941} INFO - Sync 1 DAGs
[2024-11-18T14:43:11.287+0000] {logging_mixin.py:151} INFO - [2024-11-18T14:43:11.286+0000] {dag.py:3722} INFO - Setting next_dagrun for example_setup_teardown_taskflow to 2024-11-17T14:43:11.286423+00:00, run_after=2024-11-18T14:43:11.286423+00:00
[2024-11-18T14:43:11.318+0000] {processor.py:179} INFO - Processing /home/airflow/.local/lib/python3.8/site-packages/airflow/example_dags/example_setup_teardown_taskflow.py took 0.135 seconds
[2024-11-18T14:43:44.687+0000] {processor.py:157} INFO - Started process (PID=1130) to work on /home/airflow/.local/lib/python3.8/site-packages/airflow/example_dags/example_setup_teardown_taskflow.py
[2024-11-18T14:43:44.689+0000] {processor.py:829} INFO - Processing file /home/airflow/.local/lib/python3.8/site-packages/airflow/example_dags/example_setup_teardown_taskflow.py for tasks to queue
[2024-11-18T14:43:44.693+0000] {logging_mixin.py:151} INFO - [2024-11-18T14:43:44.692+0000] {dagbag.py:536} INFO - Filling up the DagBag from /home/airflow/.local/lib/python3.8/site-packages/airflow/example_dags/example_setup_teardown_taskflow.py
[2024-11-18T14:43:44.711+0000] {processor.py:839} INFO - DAG(s) dict_keys(['example_setup_teardown_taskflow']) retrieved from /home/airflow/.local/lib/python3.8/site-packages/airflow/example_dags/example_setup_teardown_taskflow.py
[2024-11-18T14:43:44.751+0000] {logging_mixin.py:151} INFO - [2024-11-18T14:43:44.750+0000] {dag.py:2941} INFO - Sync 1 DAGs
[2024-11-18T14:43:44.791+0000] {logging_mixin.py:151} INFO - [2024-11-18T14:43:44.790+0000] {dag.py:3722} INFO - Setting next_dagrun for example_setup_teardown_taskflow to 2024-11-17T14:43:44.790488+00:00, run_after=2024-11-18T14:43:44.790488+00:00
[2024-11-18T14:43:44.823+0000] {processor.py:179} INFO - Processing /home/airflow/.local/lib/python3.8/site-packages/airflow/example_dags/example_setup_teardown_taskflow.py took 0.142 seconds
[2024-11-18T14:44:16.917+0000] {processor.py:157} INFO - Started process (PID=1184) to work on /home/airflow/.local/lib/python3.8/site-packages/airflow/example_dags/example_setup_teardown_taskflow.py
[2024-11-18T14:44:16.918+0000] {processor.py:829} INFO - Processing file /home/airflow/.local/lib/python3.8/site-packages/airflow/example_dags/example_setup_teardown_taskflow.py for tasks to queue
[2024-11-18T14:44:16.922+0000] {logging_mixin.py:151} INFO - [2024-11-18T14:44:16.921+0000] {dagbag.py:536} INFO - Filling up the DagBag from /home/airflow/.local/lib/python3.8/site-packages/airflow/example_dags/example_setup_teardown_taskflow.py
[2024-11-18T14:44:16.936+0000] {processor.py:839} INFO - DAG(s) dict_keys(['example_setup_teardown_taskflow']) retrieved from /home/airflow/.local/lib/python3.8/site-packages/airflow/example_dags/example_setup_teardown_taskflow.py
[2024-11-18T14:44:16.969+0000] {logging_mixin.py:151} INFO - [2024-11-18T14:44:16.969+0000] {dag.py:2941} INFO - Sync 1 DAGs
[2024-11-18T14:44:17.002+0000] {logging_mixin.py:151} INFO - [2024-11-18T14:44:17.002+0000] {dag.py:3722} INFO - Setting next_dagrun for example_setup_teardown_taskflow to 2024-11-17T14:44:17.002309+00:00, run_after=2024-11-18T14:44:17.002309+00:00
[2024-11-18T14:44:17.030+0000] {processor.py:179} INFO - Processing /home/airflow/.local/lib/python3.8/site-packages/airflow/example_dags/example_setup_teardown_taskflow.py took 0.118 seconds
[2024-11-18T14:44:51.782+0000] {processor.py:157} INFO - Started process (PID=1238) to work on /home/airflow/.local/lib/python3.8/site-packages/airflow/example_dags/example_setup_teardown_taskflow.py
[2024-11-18T14:44:51.783+0000] {processor.py:829} INFO - Processing file /home/airflow/.local/lib/python3.8/site-packages/airflow/example_dags/example_setup_teardown_taskflow.py for tasks to queue
[2024-11-18T14:44:51.786+0000] {logging_mixin.py:151} INFO - [2024-11-18T14:44:51.785+0000] {dagbag.py:536} INFO - Filling up the DagBag from /home/airflow/.local/lib/python3.8/site-packages/airflow/example_dags/example_setup_teardown_taskflow.py
[2024-11-18T14:44:51.801+0000] {processor.py:839} INFO - DAG(s) dict_keys(['example_setup_teardown_taskflow']) retrieved from /home/airflow/.local/lib/python3.8/site-packages/airflow/example_dags/example_setup_teardown_taskflow.py
[2024-11-18T14:44:51.833+0000] {logging_mixin.py:151} INFO - [2024-11-18T14:44:51.832+0000] {dag.py:2941} INFO - Sync 1 DAGs
[2024-11-18T14:44:51.867+0000] {logging_mixin.py:151} INFO - [2024-11-18T14:44:51.866+0000] {dag.py:3722} INFO - Setting next_dagrun for example_setup_teardown_taskflow to 2024-11-17T14:44:51.866286+00:00, run_after=2024-11-18T14:44:51.866286+00:00
[2024-11-18T14:44:51.897+0000] {processor.py:179} INFO - Processing /home/airflow/.local/lib/python3.8/site-packages/airflow/example_dags/example_setup_teardown_taskflow.py took 0.120 seconds
[2024-11-18T14:45:25.312+0000] {processor.py:157} INFO - Started process (PID=1292) to work on /home/airflow/.local/lib/python3.8/site-packages/airflow/example_dags/example_setup_teardown_taskflow.py
[2024-11-18T14:45:25.314+0000] {processor.py:829} INFO - Processing file /home/airflow/.local/lib/python3.8/site-packages/airflow/example_dags/example_setup_teardown_taskflow.py for tasks to queue
[2024-11-18T14:45:25.316+0000] {logging_mixin.py:151} INFO - [2024-11-18T14:45:25.316+0000] {dagbag.py:536} INFO - Filling up the DagBag from /home/airflow/.local/lib/python3.8/site-packages/airflow/example_dags/example_setup_teardown_taskflow.py
[2024-11-18T14:45:25.331+0000] {processor.py:839} INFO - DAG(s) dict_keys(['example_setup_teardown_taskflow']) retrieved from /home/airflow/.local/lib/python3.8/site-packages/airflow/example_dags/example_setup_teardown_taskflow.py
[2024-11-18T14:45:25.364+0000] {logging_mixin.py:151} INFO - [2024-11-18T14:45:25.363+0000] {dag.py:2941} INFO - Sync 1 DAGs
[2024-11-18T14:45:25.568+0000] {logging_mixin.py:151} INFO - [2024-11-18T14:45:25.568+0000] {dag.py:3722} INFO - Setting next_dagrun for example_setup_teardown_taskflow to 2024-11-17T14:45:25.568186+00:00, run_after=2024-11-18T14:45:25.568186+00:00
[2024-11-18T14:45:25.598+0000] {processor.py:179} INFO - Processing /home/airflow/.local/lib/python3.8/site-packages/airflow/example_dags/example_setup_teardown_taskflow.py took 0.290 seconds
[2024-11-18T14:45:57.364+0000] {processor.py:157} INFO - Started process (PID=1346) to work on /home/airflow/.local/lib/python3.8/site-packages/airflow/example_dags/example_setup_teardown_taskflow.py
[2024-11-18T14:45:57.365+0000] {processor.py:829} INFO - Processing file /home/airflow/.local/lib/python3.8/site-packages/airflow/example_dags/example_setup_teardown_taskflow.py for tasks to queue
[2024-11-18T14:45:57.369+0000] {logging_mixin.py:151} INFO - [2024-11-18T14:45:57.369+0000] {dagbag.py:536} INFO - Filling up the DagBag from /home/airflow/.local/lib/python3.8/site-packages/airflow/example_dags/example_setup_teardown_taskflow.py
[2024-11-18T14:45:57.384+0000] {processor.py:839} INFO - DAG(s) dict_keys(['example_setup_teardown_taskflow']) retrieved from /home/airflow/.local/lib/python3.8/site-packages/airflow/example_dags/example_setup_teardown_taskflow.py
[2024-11-18T14:45:57.419+0000] {logging_mixin.py:151} INFO - [2024-11-18T14:45:57.419+0000] {dag.py:2941} INFO - Sync 1 DAGs
[2024-11-18T14:45:57.454+0000] {logging_mixin.py:151} INFO - [2024-11-18T14:45:57.453+0000] {dag.py:3722} INFO - Setting next_dagrun for example_setup_teardown_taskflow to 2024-11-17T14:45:57.453354+00:00, run_after=2024-11-18T14:45:57.453354+00:00
[2024-11-18T14:45:57.483+0000] {processor.py:179} INFO - Processing /home/airflow/.local/lib/python3.8/site-packages/airflow/example_dags/example_setup_teardown_taskflow.py took 0.124 seconds
[2024-11-18T14:46:31.203+0000] {processor.py:157} INFO - Started process (PID=1400) to work on /home/airflow/.local/lib/python3.8/site-packages/airflow/example_dags/example_setup_teardown_taskflow.py
[2024-11-18T14:46:31.205+0000] {processor.py:829} INFO - Processing file /home/airflow/.local/lib/python3.8/site-packages/airflow/example_dags/example_setup_teardown_taskflow.py for tasks to queue
[2024-11-18T14:46:31.217+0000] {logging_mixin.py:151} INFO - [2024-11-18T14:46:31.217+0000] {dagbag.py:536} INFO - Filling up the DagBag from /home/airflow/.local/lib/python3.8/site-packages/airflow/example_dags/example_setup_teardown_taskflow.py
[2024-11-18T14:46:31.288+0000] {processor.py:839} INFO - DAG(s) dict_keys(['example_setup_teardown_taskflow']) retrieved from /home/airflow/.local/lib/python3.8/site-packages/airflow/example_dags/example_setup_teardown_taskflow.py
[2024-11-18T14:46:31.377+0000] {logging_mixin.py:151} INFO - [2024-11-18T14:46:31.377+0000] {dag.py:2941} INFO - Sync 1 DAGs
[2024-11-18T14:46:31.436+0000] {logging_mixin.py:151} INFO - [2024-11-18T14:46:31.435+0000] {dag.py:3722} INFO - Setting next_dagrun for example_setup_teardown_taskflow to 2024-11-17T14:46:31.434598+00:00, run_after=2024-11-18T14:46:31.434598+00:00
[2024-11-18T14:46:31.492+0000] {processor.py:179} INFO - Processing /home/airflow/.local/lib/python3.8/site-packages/airflow/example_dags/example_setup_teardown_taskflow.py took 0.296 seconds
[2024-11-18T14:47:06.979+0000] {processor.py:157} INFO - Started process (PID=1454) to work on /home/airflow/.local/lib/python3.8/site-packages/airflow/example_dags/example_setup_teardown_taskflow.py
[2024-11-18T14:47:06.981+0000] {processor.py:829} INFO - Processing file /home/airflow/.local/lib/python3.8/site-packages/airflow/example_dags/example_setup_teardown_taskflow.py for tasks to queue
[2024-11-18T14:47:06.985+0000] {logging_mixin.py:151} INFO - [2024-11-18T14:47:06.984+0000] {dagbag.py:536} INFO - Filling up the DagBag from /home/airflow/.local/lib/python3.8/site-packages/airflow/example_dags/example_setup_teardown_taskflow.py
[2024-11-18T14:47:06.999+0000] {processor.py:839} INFO - DAG(s) dict_keys(['example_setup_teardown_taskflow']) retrieved from /home/airflow/.local/lib/python3.8/site-packages/airflow/example_dags/example_setup_teardown_taskflow.py
[2024-11-18T14:47:07.037+0000] {logging_mixin.py:151} INFO - [2024-11-18T14:47:07.037+0000] {dag.py:2941} INFO - Sync 1 DAGs
[2024-11-18T14:47:07.256+0000] {logging_mixin.py:151} INFO - [2024-11-18T14:47:07.256+0000] {dag.py:3722} INFO - Setting next_dagrun for example_setup_teardown_taskflow to 2024-11-17T14:47:07.255725+00:00, run_after=2024-11-18T14:47:07.255725+00:00
[2024-11-18T14:47:07.285+0000] {processor.py:179} INFO - Processing /home/airflow/.local/lib/python3.8/site-packages/airflow/example_dags/example_setup_teardown_taskflow.py took 0.310 seconds
[2024-11-18T14:47:37.613+0000] {processor.py:157} INFO - Started process (PID=1508) to work on /home/airflow/.local/lib/python3.8/site-packages/airflow/example_dags/example_setup_teardown_taskflow.py
[2024-11-18T14:47:37.614+0000] {processor.py:829} INFO - Processing file /home/airflow/.local/lib/python3.8/site-packages/airflow/example_dags/example_setup_teardown_taskflow.py for tasks to queue
[2024-11-18T14:47:37.618+0000] {logging_mixin.py:151} INFO - [2024-11-18T14:47:37.617+0000] {dagbag.py:536} INFO - Filling up the DagBag from /home/airflow/.local/lib/python3.8/site-packages/airflow/example_dags/example_setup_teardown_taskflow.py
[2024-11-18T14:47:37.632+0000] {processor.py:839} INFO - DAG(s) dict_keys(['example_setup_teardown_taskflow']) retrieved from /home/airflow/.local/lib/python3.8/site-packages/airflow/example_dags/example_setup_teardown_taskflow.py
[2024-11-18T14:47:37.667+0000] {logging_mixin.py:151} INFO - [2024-11-18T14:47:37.667+0000] {dag.py:2941} INFO - Sync 1 DAGs
[2024-11-18T14:47:37.703+0000] {logging_mixin.py:151} INFO - [2024-11-18T14:47:37.702+0000] {dag.py:3722} INFO - Setting next_dagrun for example_setup_teardown_taskflow to 2024-11-17T14:47:37.702352+00:00, run_after=2024-11-18T14:47:37.702352+00:00
[2024-11-18T14:47:37.735+0000] {processor.py:179} INFO - Processing /home/airflow/.local/lib/python3.8/site-packages/airflow/example_dags/example_setup_teardown_taskflow.py took 0.127 seconds
[2024-11-18T14:48:12.515+0000] {processor.py:157} INFO - Started process (PID=1562) to work on /home/airflow/.local/lib/python3.8/site-packages/airflow/example_dags/example_setup_teardown_taskflow.py
[2024-11-18T14:48:12.517+0000] {processor.py:829} INFO - Processing file /home/airflow/.local/lib/python3.8/site-packages/airflow/example_dags/example_setup_teardown_taskflow.py for tasks to queue
[2024-11-18T14:48:12.521+0000] {logging_mixin.py:151} INFO - [2024-11-18T14:48:12.520+0000] {dagbag.py:536} INFO - Filling up the DagBag from /home/airflow/.local/lib/python3.8/site-packages/airflow/example_dags/example_setup_teardown_taskflow.py
[2024-11-18T14:48:12.537+0000] {processor.py:839} INFO - DAG(s) dict_keys(['example_setup_teardown_taskflow']) retrieved from /home/airflow/.local/lib/python3.8/site-packages/airflow/example_dags/example_setup_teardown_taskflow.py
[2024-11-18T14:48:12.574+0000] {logging_mixin.py:151} INFO - [2024-11-18T14:48:12.574+0000] {dag.py:2941} INFO - Sync 1 DAGs
[2024-11-18T14:48:12.613+0000] {logging_mixin.py:151} INFO - [2024-11-18T14:48:12.613+0000] {dag.py:3722} INFO - Setting next_dagrun for example_setup_teardown_taskflow to 2024-11-17T14:48:12.613226+00:00, run_after=2024-11-18T14:48:12.613226+00:00
[2024-11-18T14:48:12.643+0000] {processor.py:179} INFO - Processing /home/airflow/.local/lib/python3.8/site-packages/airflow/example_dags/example_setup_teardown_taskflow.py took 0.133 seconds
[2024-11-18T14:48:46.360+0000] {processor.py:157} INFO - Started process (PID=1617) to work on /home/airflow/.local/lib/python3.8/site-packages/airflow/example_dags/example_setup_teardown_taskflow.py
[2024-11-18T14:48:46.362+0000] {processor.py:829} INFO - Processing file /home/airflow/.local/lib/python3.8/site-packages/airflow/example_dags/example_setup_teardown_taskflow.py for tasks to queue
[2024-11-18T14:48:46.365+0000] {logging_mixin.py:151} INFO - [2024-11-18T14:48:46.365+0000] {dagbag.py:536} INFO - Filling up the DagBag from /home/airflow/.local/lib/python3.8/site-packages/airflow/example_dags/example_setup_teardown_taskflow.py
[2024-11-18T14:48:46.380+0000] {processor.py:839} INFO - DAG(s) dict_keys(['example_setup_teardown_taskflow']) retrieved from /home/airflow/.local/lib/python3.8/site-packages/airflow/example_dags/example_setup_teardown_taskflow.py
[2024-11-18T14:48:46.417+0000] {logging_mixin.py:151} INFO - [2024-11-18T14:48:46.416+0000] {dag.py:2941} INFO - Sync 1 DAGs
[2024-11-18T14:48:46.625+0000] {logging_mixin.py:151} INFO - [2024-11-18T14:48:46.625+0000] {dag.py:3722} INFO - Setting next_dagrun for example_setup_teardown_taskflow to 2024-11-17T14:48:46.624768+00:00, run_after=2024-11-18T14:48:46.624768+00:00
[2024-11-18T14:48:46.658+0000] {processor.py:179} INFO - Processing /home/airflow/.local/lib/python3.8/site-packages/airflow/example_dags/example_setup_teardown_taskflow.py took 0.302 seconds
[2024-11-18T14:49:18.041+0000] {processor.py:157} INFO - Started process (PID=1672) to work on /home/airflow/.local/lib/python3.8/site-packages/airflow/example_dags/example_setup_teardown_taskflow.py
[2024-11-18T14:49:18.042+0000] {processor.py:829} INFO - Processing file /home/airflow/.local/lib/python3.8/site-packages/airflow/example_dags/example_setup_teardown_taskflow.py for tasks to queue
[2024-11-18T14:49:18.046+0000] {logging_mixin.py:151} INFO - [2024-11-18T14:49:18.045+0000] {dagbag.py:536} INFO - Filling up the DagBag from /home/airflow/.local/lib/python3.8/site-packages/airflow/example_dags/example_setup_teardown_taskflow.py
[2024-11-18T14:49:18.059+0000] {processor.py:839} INFO - DAG(s) dict_keys(['example_setup_teardown_taskflow']) retrieved from /home/airflow/.local/lib/python3.8/site-packages/airflow/example_dags/example_setup_teardown_taskflow.py
[2024-11-18T14:49:18.093+0000] {logging_mixin.py:151} INFO - [2024-11-18T14:49:18.092+0000] {dag.py:2941} INFO - Sync 1 DAGs
[2024-11-18T14:49:18.126+0000] {logging_mixin.py:151} INFO - [2024-11-18T14:49:18.126+0000] {dag.py:3722} INFO - Setting next_dagrun for example_setup_teardown_taskflow to 2024-11-17T14:49:18.126360+00:00, run_after=2024-11-18T14:49:18.126360+00:00
[2024-11-18T14:49:18.350+0000] {processor.py:179} INFO - Processing /home/airflow/.local/lib/python3.8/site-packages/airflow/example_dags/example_setup_teardown_taskflow.py took 0.314 seconds
[2024-11-18T14:49:51.456+0000] {processor.py:157} INFO - Started process (PID=1729) to work on /home/airflow/.local/lib/python3.8/site-packages/airflow/example_dags/example_setup_teardown_taskflow.py
[2024-11-18T14:49:51.458+0000] {processor.py:829} INFO - Processing file /home/airflow/.local/lib/python3.8/site-packages/airflow/example_dags/example_setup_teardown_taskflow.py for tasks to queue
[2024-11-18T14:49:51.461+0000] {logging_mixin.py:151} INFO - [2024-11-18T14:49:51.461+0000] {dagbag.py:536} INFO - Filling up the DagBag from /home/airflow/.local/lib/python3.8/site-packages/airflow/example_dags/example_setup_teardown_taskflow.py
[2024-11-18T14:49:51.476+0000] {processor.py:839} INFO - DAG(s) dict_keys(['example_setup_teardown_taskflow']) retrieved from /home/airflow/.local/lib/python3.8/site-packages/airflow/example_dags/example_setup_teardown_taskflow.py
[2024-11-18T14:49:51.509+0000] {logging_mixin.py:151} INFO - [2024-11-18T14:49:51.509+0000] {dag.py:2941} INFO - Sync 1 DAGs
[2024-11-18T14:49:51.545+0000] {logging_mixin.py:151} INFO - [2024-11-18T14:49:51.544+0000] {dag.py:3722} INFO - Setting next_dagrun for example_setup_teardown_taskflow to 2024-11-17T14:49:51.544440+00:00, run_after=2024-11-18T14:49:51.544440+00:00
[2024-11-18T14:49:51.579+0000] {processor.py:179} INFO - Processing /home/airflow/.local/lib/python3.8/site-packages/airflow/example_dags/example_setup_teardown_taskflow.py took 0.127 seconds
[2024-11-18T14:50:27.454+0000] {processor.py:157} INFO - Started process (PID=1788) to work on /home/airflow/.local/lib/python3.8/site-packages/airflow/example_dags/example_setup_teardown_taskflow.py
[2024-11-18T14:50:27.455+0000] {processor.py:829} INFO - Processing file /home/airflow/.local/lib/python3.8/site-packages/airflow/example_dags/example_setup_teardown_taskflow.py for tasks to queue
[2024-11-18T14:50:27.459+0000] {logging_mixin.py:151} INFO - [2024-11-18T14:50:27.458+0000] {dagbag.py:536} INFO - Filling up the DagBag from /home/airflow/.local/lib/python3.8/site-packages/airflow/example_dags/example_setup_teardown_taskflow.py
[2024-11-18T14:50:27.473+0000] {processor.py:839} INFO - DAG(s) dict_keys(['example_setup_teardown_taskflow']) retrieved from /home/airflow/.local/lib/python3.8/site-packages/airflow/example_dags/example_setup_teardown_taskflow.py
[2024-11-18T14:50:27.680+0000] {logging_mixin.py:151} INFO - [2024-11-18T14:50:27.680+0000] {dag.py:2941} INFO - Sync 1 DAGs
[2024-11-18T14:50:27.711+0000] {logging_mixin.py:151} INFO - [2024-11-18T14:50:27.710+0000] {dag.py:3722} INFO - Setting next_dagrun for example_setup_teardown_taskflow to 2024-11-17T14:50:27.710557+00:00, run_after=2024-11-18T14:50:27.710557+00:00
[2024-11-18T14:50:27.738+0000] {processor.py:179} INFO - Processing /home/airflow/.local/lib/python3.8/site-packages/airflow/example_dags/example_setup_teardown_taskflow.py took 0.289 seconds
[2024-11-18T14:50:57.795+0000] {processor.py:157} INFO - Started process (PID=1845) to work on /home/airflow/.local/lib/python3.8/site-packages/airflow/example_dags/example_setup_teardown_taskflow.py
[2024-11-18T14:50:57.796+0000] {processor.py:829} INFO - Processing file /home/airflow/.local/lib/python3.8/site-packages/airflow/example_dags/example_setup_teardown_taskflow.py for tasks to queue
[2024-11-18T14:50:57.801+0000] {logging_mixin.py:151} INFO - [2024-11-18T14:50:57.800+0000] {dagbag.py:536} INFO - Filling up the DagBag from /home/airflow/.local/lib/python3.8/site-packages/airflow/example_dags/example_setup_teardown_taskflow.py
[2024-11-18T14:50:57.815+0000] {processor.py:839} INFO - DAG(s) dict_keys(['example_setup_teardown_taskflow']) retrieved from /home/airflow/.local/lib/python3.8/site-packages/airflow/example_dags/example_setup_teardown_taskflow.py
[2024-11-18T14:50:57.848+0000] {logging_mixin.py:151} INFO - [2024-11-18T14:50:57.848+0000] {dag.py:2941} INFO - Sync 1 DAGs
[2024-11-18T14:50:57.883+0000] {logging_mixin.py:151} INFO - [2024-11-18T14:50:57.882+0000] {dag.py:3722} INFO - Setting next_dagrun for example_setup_teardown_taskflow to 2024-11-17T14:50:57.882424+00:00, run_after=2024-11-18T14:50:57.882424+00:00
[2024-11-18T14:50:57.909+0000] {processor.py:179} INFO - Processing /home/airflow/.local/lib/python3.8/site-packages/airflow/example_dags/example_setup_teardown_taskflow.py took 0.119 seconds
[2024-11-18T14:51:31.089+0000] {processor.py:157} INFO - Started process (PID=1903) to work on /home/airflow/.local/lib/python3.8/site-packages/airflow/example_dags/example_setup_teardown_taskflow.py
[2024-11-18T14:51:31.091+0000] {processor.py:829} INFO - Processing file /home/airflow/.local/lib/python3.8/site-packages/airflow/example_dags/example_setup_teardown_taskflow.py for tasks to queue
[2024-11-18T14:51:31.094+0000] {logging_mixin.py:151} INFO - [2024-11-18T14:51:31.094+0000] {dagbag.py:536} INFO - Filling up the DagBag from /home/airflow/.local/lib/python3.8/site-packages/airflow/example_dags/example_setup_teardown_taskflow.py
[2024-11-18T14:51:31.111+0000] {processor.py:839} INFO - DAG(s) dict_keys(['example_setup_teardown_taskflow']) retrieved from /home/airflow/.local/lib/python3.8/site-packages/airflow/example_dags/example_setup_teardown_taskflow.py
[2024-11-18T14:51:31.153+0000] {logging_mixin.py:151} INFO - [2024-11-18T14:51:31.152+0000] {dag.py:2941} INFO - Sync 1 DAGs
[2024-11-18T14:51:31.196+0000] {logging_mixin.py:151} INFO - [2024-11-18T14:51:31.196+0000] {dag.py:3722} INFO - Setting next_dagrun for example_setup_teardown_taskflow to 2024-11-17T14:51:31.195791+00:00, run_after=2024-11-18T14:51:31.195791+00:00
[2024-11-18T14:51:31.231+0000] {processor.py:179} INFO - Processing /home/airflow/.local/lib/python3.8/site-packages/airflow/example_dags/example_setup_teardown_taskflow.py took 0.147 seconds
[2024-11-18T14:52:03.347+0000] {processor.py:157} INFO - Started process (PID=1961) to work on /home/airflow/.local/lib/python3.8/site-packages/airflow/example_dags/example_setup_teardown_taskflow.py
[2024-11-18T14:52:03.349+0000] {processor.py:829} INFO - Processing file /home/airflow/.local/lib/python3.8/site-packages/airflow/example_dags/example_setup_teardown_taskflow.py for tasks to queue
[2024-11-18T14:52:03.353+0000] {logging_mixin.py:151} INFO - [2024-11-18T14:52:03.353+0000] {dagbag.py:536} INFO - Filling up the DagBag from /home/airflow/.local/lib/python3.8/site-packages/airflow/example_dags/example_setup_teardown_taskflow.py
[2024-11-18T14:52:03.369+0000] {processor.py:839} INFO - DAG(s) dict_keys(['example_setup_teardown_taskflow']) retrieved from /home/airflow/.local/lib/python3.8/site-packages/airflow/example_dags/example_setup_teardown_taskflow.py
[2024-11-18T14:52:03.404+0000] {logging_mixin.py:151} INFO - [2024-11-18T14:52:03.403+0000] {dag.py:2941} INFO - Sync 1 DAGs
[2024-11-18T14:52:03.438+0000] {logging_mixin.py:151} INFO - [2024-11-18T14:52:03.437+0000] {dag.py:3722} INFO - Setting next_dagrun for example_setup_teardown_taskflow to 2024-11-17T14:52:03.437570+00:00, run_after=2024-11-18T14:52:03.437570+00:00
[2024-11-18T14:52:03.468+0000] {processor.py:179} INFO - Processing /home/airflow/.local/lib/python3.8/site-packages/airflow/example_dags/example_setup_teardown_taskflow.py took 0.125 seconds
[2024-11-18T14:52:37.398+0000] {processor.py:157} INFO - Started process (PID=2016) to work on /home/airflow/.local/lib/python3.8/site-packages/airflow/example_dags/example_setup_teardown_taskflow.py
[2024-11-18T14:52:37.400+0000] {processor.py:829} INFO - Processing file /home/airflow/.local/lib/python3.8/site-packages/airflow/example_dags/example_setup_teardown_taskflow.py for tasks to queue
[2024-11-18T14:52:37.405+0000] {logging_mixin.py:151} INFO - [2024-11-18T14:52:37.404+0000] {dagbag.py:536} INFO - Filling up the DagBag from /home/airflow/.local/lib/python3.8/site-packages/airflow/example_dags/example_setup_teardown_taskflow.py
[2024-11-18T14:52:37.425+0000] {processor.py:839} INFO - DAG(s) dict_keys(['example_setup_teardown_taskflow']) retrieved from /home/airflow/.local/lib/python3.8/site-packages/airflow/example_dags/example_setup_teardown_taskflow.py
[2024-11-18T14:52:37.470+0000] {logging_mixin.py:151} INFO - [2024-11-18T14:52:37.469+0000] {dag.py:2941} INFO - Sync 1 DAGs
[2024-11-18T14:52:37.516+0000] {logging_mixin.py:151} INFO - [2024-11-18T14:52:37.515+0000] {dag.py:3722} INFO - Setting next_dagrun for example_setup_teardown_taskflow to 2024-11-17T14:52:37.515533+00:00, run_after=2024-11-18T14:52:37.515533+00:00
[2024-11-18T14:52:37.548+0000] {processor.py:179} INFO - Processing /home/airflow/.local/lib/python3.8/site-packages/airflow/example_dags/example_setup_teardown_taskflow.py took 0.156 seconds
[2024-11-18T14:53:10.216+0000] {processor.py:157} INFO - Started process (PID=2071) to work on /home/airflow/.local/lib/python3.8/site-packages/airflow/example_dags/example_setup_teardown_taskflow.py
[2024-11-18T14:53:10.217+0000] {processor.py:829} INFO - Processing file /home/airflow/.local/lib/python3.8/site-packages/airflow/example_dags/example_setup_teardown_taskflow.py for tasks to queue
[2024-11-18T14:53:10.220+0000] {logging_mixin.py:151} INFO - [2024-11-18T14:53:10.220+0000] {dagbag.py:536} INFO - Filling up the DagBag from /home/airflow/.local/lib/python3.8/site-packages/airflow/example_dags/example_setup_teardown_taskflow.py
[2024-11-18T14:53:10.235+0000] {processor.py:839} INFO - DAG(s) dict_keys(['example_setup_teardown_taskflow']) retrieved from /home/airflow/.local/lib/python3.8/site-packages/airflow/example_dags/example_setup_teardown_taskflow.py
[2024-11-18T14:53:10.267+0000] {logging_mixin.py:151} INFO - [2024-11-18T14:53:10.266+0000] {dag.py:2941} INFO - Sync 1 DAGs
[2024-11-18T14:53:10.302+0000] {logging_mixin.py:151} INFO - [2024-11-18T14:53:10.302+0000] {dag.py:3722} INFO - Setting next_dagrun for example_setup_teardown_taskflow to 2024-11-17T14:53:10.302028+00:00, run_after=2024-11-18T14:53:10.302028+00:00
[2024-11-18T14:53:10.335+0000] {processor.py:179} INFO - Processing /home/airflow/.local/lib/python3.8/site-packages/airflow/example_dags/example_setup_teardown_taskflow.py took 0.124 seconds
[2024-11-18T14:53:44.368+0000] {processor.py:157} INFO - Started process (PID=2127) to work on /home/airflow/.local/lib/python3.8/site-packages/airflow/example_dags/example_setup_teardown_taskflow.py
[2024-11-18T14:53:44.369+0000] {processor.py:829} INFO - Processing file /home/airflow/.local/lib/python3.8/site-packages/airflow/example_dags/example_setup_teardown_taskflow.py for tasks to queue
[2024-11-18T14:53:44.373+0000] {logging_mixin.py:151} INFO - [2024-11-18T14:53:44.373+0000] {dagbag.py:536} INFO - Filling up the DagBag from /home/airflow/.local/lib/python3.8/site-packages/airflow/example_dags/example_setup_teardown_taskflow.py
[2024-11-18T14:53:44.387+0000] {processor.py:839} INFO - DAG(s) dict_keys(['example_setup_teardown_taskflow']) retrieved from /home/airflow/.local/lib/python3.8/site-packages/airflow/example_dags/example_setup_teardown_taskflow.py
[2024-11-18T14:53:44.422+0000] {logging_mixin.py:151} INFO - [2024-11-18T14:53:44.422+0000] {dag.py:2941} INFO - Sync 1 DAGs
[2024-11-18T14:53:44.462+0000] {logging_mixin.py:151} INFO - [2024-11-18T14:53:44.462+0000] {dag.py:3722} INFO - Setting next_dagrun for example_setup_teardown_taskflow to 2024-11-17T14:53:44.461809+00:00, run_after=2024-11-18T14:53:44.461809+00:00
[2024-11-18T14:53:44.492+0000] {processor.py:179} INFO - Processing /home/airflow/.local/lib/python3.8/site-packages/airflow/example_dags/example_setup_teardown_taskflow.py took 0.129 seconds
[2024-11-18T14:54:17.500+0000] {processor.py:157} INFO - Started process (PID=2182) to work on /home/airflow/.local/lib/python3.8/site-packages/airflow/example_dags/example_setup_teardown_taskflow.py
[2024-11-18T14:54:17.501+0000] {processor.py:829} INFO - Processing file /home/airflow/.local/lib/python3.8/site-packages/airflow/example_dags/example_setup_teardown_taskflow.py for tasks to queue
[2024-11-18T14:54:17.505+0000] {logging_mixin.py:151} INFO - [2024-11-18T14:54:17.505+0000] {dagbag.py:536} INFO - Filling up the DagBag from /home/airflow/.local/lib/python3.8/site-packages/airflow/example_dags/example_setup_teardown_taskflow.py
[2024-11-18T14:54:17.519+0000] {processor.py:839} INFO - DAG(s) dict_keys(['example_setup_teardown_taskflow']) retrieved from /home/airflow/.local/lib/python3.8/site-packages/airflow/example_dags/example_setup_teardown_taskflow.py
[2024-11-18T14:54:17.552+0000] {logging_mixin.py:151} INFO - [2024-11-18T14:54:17.551+0000] {dag.py:2941} INFO - Sync 1 DAGs
[2024-11-18T14:54:17.587+0000] {logging_mixin.py:151} INFO - [2024-11-18T14:54:17.587+0000] {dag.py:3722} INFO - Setting next_dagrun for example_setup_teardown_taskflow to 2024-11-17T14:54:17.586704+00:00, run_after=2024-11-18T14:54:17.586704+00:00
[2024-11-18T14:54:17.617+0000] {processor.py:179} INFO - Processing /home/airflow/.local/lib/python3.8/site-packages/airflow/example_dags/example_setup_teardown_taskflow.py took 0.123 seconds
[2024-11-18T14:54:50.909+0000] {processor.py:157} INFO - Started process (PID=2237) to work on /home/airflow/.local/lib/python3.8/site-packages/airflow/example_dags/example_setup_teardown_taskflow.py
[2024-11-18T14:54:50.910+0000] {processor.py:829} INFO - Processing file /home/airflow/.local/lib/python3.8/site-packages/airflow/example_dags/example_setup_teardown_taskflow.py for tasks to queue
[2024-11-18T14:54:50.914+0000] {logging_mixin.py:151} INFO - [2024-11-18T14:54:50.914+0000] {dagbag.py:536} INFO - Filling up the DagBag from /home/airflow/.local/lib/python3.8/site-packages/airflow/example_dags/example_setup_teardown_taskflow.py
[2024-11-18T14:54:50.929+0000] {processor.py:839} INFO - DAG(s) dict_keys(['example_setup_teardown_taskflow']) retrieved from /home/airflow/.local/lib/python3.8/site-packages/airflow/example_dags/example_setup_teardown_taskflow.py
[2024-11-18T14:54:50.961+0000] {logging_mixin.py:151} INFO - [2024-11-18T14:54:50.961+0000] {dag.py:2941} INFO - Sync 1 DAGs
[2024-11-18T14:54:50.995+0000] {logging_mixin.py:151} INFO - [2024-11-18T14:54:50.995+0000] {dag.py:3722} INFO - Setting next_dagrun for example_setup_teardown_taskflow to 2024-11-17T14:54:50.994732+00:00, run_after=2024-11-18T14:54:50.994732+00:00
[2024-11-18T14:54:51.022+0000] {processor.py:179} INFO - Processing /home/airflow/.local/lib/python3.8/site-packages/airflow/example_dags/example_setup_teardown_taskflow.py took 0.118 seconds
[2024-11-18T14:55:24.230+0000] {processor.py:157} INFO - Started process (PID=2292) to work on /home/airflow/.local/lib/python3.8/site-packages/airflow/example_dags/example_setup_teardown_taskflow.py
[2024-11-18T14:55:24.231+0000] {processor.py:829} INFO - Processing file /home/airflow/.local/lib/python3.8/site-packages/airflow/example_dags/example_setup_teardown_taskflow.py for tasks to queue
[2024-11-18T14:55:24.235+0000] {logging_mixin.py:151} INFO - [2024-11-18T14:55:24.235+0000] {dagbag.py:536} INFO - Filling up the DagBag from /home/airflow/.local/lib/python3.8/site-packages/airflow/example_dags/example_setup_teardown_taskflow.py
[2024-11-18T14:55:24.249+0000] {processor.py:839} INFO - DAG(s) dict_keys(['example_setup_teardown_taskflow']) retrieved from /home/airflow/.local/lib/python3.8/site-packages/airflow/example_dags/example_setup_teardown_taskflow.py
[2024-11-18T14:55:24.281+0000] {logging_mixin.py:151} INFO - [2024-11-18T14:55:24.281+0000] {dag.py:2941} INFO - Sync 1 DAGs
[2024-11-18T14:55:24.315+0000] {logging_mixin.py:151} INFO - [2024-11-18T14:55:24.315+0000] {dag.py:3722} INFO - Setting next_dagrun for example_setup_teardown_taskflow to 2024-11-17T14:55:24.315238+00:00, run_after=2024-11-18T14:55:24.315238+00:00
[2024-11-18T14:55:24.344+0000] {processor.py:179} INFO - Processing /home/airflow/.local/lib/python3.8/site-packages/airflow/example_dags/example_setup_teardown_taskflow.py took 0.119 seconds
[2024-11-18T14:55:57.748+0000] {processor.py:157} INFO - Started process (PID=2347) to work on /home/airflow/.local/lib/python3.8/site-packages/airflow/example_dags/example_setup_teardown_taskflow.py
[2024-11-18T14:55:57.750+0000] {processor.py:829} INFO - Processing file /home/airflow/.local/lib/python3.8/site-packages/airflow/example_dags/example_setup_teardown_taskflow.py for tasks to queue
[2024-11-18T14:55:57.755+0000] {logging_mixin.py:151} INFO - [2024-11-18T14:55:57.754+0000] {dagbag.py:536} INFO - Filling up the DagBag from /home/airflow/.local/lib/python3.8/site-packages/airflow/example_dags/example_setup_teardown_taskflow.py
[2024-11-18T14:55:57.771+0000] {processor.py:839} INFO - DAG(s) dict_keys(['example_setup_teardown_taskflow']) retrieved from /home/airflow/.local/lib/python3.8/site-packages/airflow/example_dags/example_setup_teardown_taskflow.py
[2024-11-18T14:55:57.812+0000] {logging_mixin.py:151} INFO - [2024-11-18T14:55:57.812+0000] {dag.py:2941} INFO - Sync 1 DAGs
[2024-11-18T14:55:57.855+0000] {logging_mixin.py:151} INFO - [2024-11-18T14:55:57.855+0000] {dag.py:3722} INFO - Setting next_dagrun for example_setup_teardown_taskflow to 2024-11-17T14:55:57.855001+00:00, run_after=2024-11-18T14:55:57.855001+00:00
[2024-11-18T14:55:57.893+0000] {processor.py:179} INFO - Processing /home/airflow/.local/lib/python3.8/site-packages/airflow/example_dags/example_setup_teardown_taskflow.py took 0.151 seconds
[2024-11-18T14:56:30.566+0000] {processor.py:157} INFO - Started process (PID=2402) to work on /home/airflow/.local/lib/python3.8/site-packages/airflow/example_dags/example_setup_teardown_taskflow.py
[2024-11-18T14:56:30.568+0000] {processor.py:829} INFO - Processing file /home/airflow/.local/lib/python3.8/site-packages/airflow/example_dags/example_setup_teardown_taskflow.py for tasks to queue
[2024-11-18T14:56:30.572+0000] {logging_mixin.py:151} INFO - [2024-11-18T14:56:30.572+0000] {dagbag.py:536} INFO - Filling up the DagBag from /home/airflow/.local/lib/python3.8/site-packages/airflow/example_dags/example_setup_teardown_taskflow.py
[2024-11-18T14:56:30.587+0000] {processor.py:839} INFO - DAG(s) dict_keys(['example_setup_teardown_taskflow']) retrieved from /home/airflow/.local/lib/python3.8/site-packages/airflow/example_dags/example_setup_teardown_taskflow.py
[2024-11-18T14:56:30.624+0000] {logging_mixin.py:151} INFO - [2024-11-18T14:56:30.624+0000] {dag.py:2941} INFO - Sync 1 DAGs
[2024-11-18T14:56:30.660+0000] {logging_mixin.py:151} INFO - [2024-11-18T14:56:30.660+0000] {dag.py:3722} INFO - Setting next_dagrun for example_setup_teardown_taskflow to 2024-11-17T14:56:30.659731+00:00, run_after=2024-11-18T14:56:30.659731+00:00
[2024-11-18T14:56:30.687+0000] {processor.py:179} INFO - Processing /home/airflow/.local/lib/python3.8/site-packages/airflow/example_dags/example_setup_teardown_taskflow.py took 0.126 seconds
[2024-11-18T14:57:04.305+0000] {processor.py:157} INFO - Started process (PID=2457) to work on /home/airflow/.local/lib/python3.8/site-packages/airflow/example_dags/example_setup_teardown_taskflow.py
[2024-11-18T14:57:04.306+0000] {processor.py:829} INFO - Processing file /home/airflow/.local/lib/python3.8/site-packages/airflow/example_dags/example_setup_teardown_taskflow.py for tasks to queue
[2024-11-18T14:57:04.310+0000] {logging_mixin.py:151} INFO - [2024-11-18T14:57:04.310+0000] {dagbag.py:536} INFO - Filling up the DagBag from /home/airflow/.local/lib/python3.8/site-packages/airflow/example_dags/example_setup_teardown_taskflow.py
[2024-11-18T14:57:04.324+0000] {processor.py:839} INFO - DAG(s) dict_keys(['example_setup_teardown_taskflow']) retrieved from /home/airflow/.local/lib/python3.8/site-packages/airflow/example_dags/example_setup_teardown_taskflow.py
[2024-11-18T14:57:04.358+0000] {logging_mixin.py:151} INFO - [2024-11-18T14:57:04.357+0000] {dag.py:2941} INFO - Sync 1 DAGs
[2024-11-18T14:57:04.391+0000] {logging_mixin.py:151} INFO - [2024-11-18T14:57:04.391+0000] {dag.py:3722} INFO - Setting next_dagrun for example_setup_teardown_taskflow to 2024-11-17T14:57:04.391363+00:00, run_after=2024-11-18T14:57:04.391363+00:00
[2024-11-18T14:57:04.419+0000] {processor.py:179} INFO - Processing /home/airflow/.local/lib/python3.8/site-packages/airflow/example_dags/example_setup_teardown_taskflow.py took 0.120 seconds
[2024-11-18T14:57:37.374+0000] {processor.py:157} INFO - Started process (PID=2512) to work on /home/airflow/.local/lib/python3.8/site-packages/airflow/example_dags/example_setup_teardown_taskflow.py
[2024-11-18T14:57:37.375+0000] {processor.py:829} INFO - Processing file /home/airflow/.local/lib/python3.8/site-packages/airflow/example_dags/example_setup_teardown_taskflow.py for tasks to queue
[2024-11-18T14:57:37.379+0000] {logging_mixin.py:151} INFO - [2024-11-18T14:57:37.379+0000] {dagbag.py:536} INFO - Filling up the DagBag from /home/airflow/.local/lib/python3.8/site-packages/airflow/example_dags/example_setup_teardown_taskflow.py
[2024-11-18T14:57:37.394+0000] {processor.py:839} INFO - DAG(s) dict_keys(['example_setup_teardown_taskflow']) retrieved from /home/airflow/.local/lib/python3.8/site-packages/airflow/example_dags/example_setup_teardown_taskflow.py
[2024-11-18T14:57:37.428+0000] {logging_mixin.py:151} INFO - [2024-11-18T14:57:37.428+0000] {dag.py:2941} INFO - Sync 1 DAGs
[2024-11-18T14:57:37.465+0000] {logging_mixin.py:151} INFO - [2024-11-18T14:57:37.465+0000] {dag.py:3722} INFO - Setting next_dagrun for example_setup_teardown_taskflow to 2024-11-17T14:57:37.465182+00:00, run_after=2024-11-18T14:57:37.465182+00:00
[2024-11-18T14:57:37.494+0000] {processor.py:179} INFO - Processing /home/airflow/.local/lib/python3.8/site-packages/airflow/example_dags/example_setup_teardown_taskflow.py took 0.125 seconds
[2024-11-18T14:58:10.987+0000] {processor.py:157} INFO - Started process (PID=2567) to work on /home/airflow/.local/lib/python3.8/site-packages/airflow/example_dags/example_setup_teardown_taskflow.py
[2024-11-18T14:58:10.989+0000] {processor.py:829} INFO - Processing file /home/airflow/.local/lib/python3.8/site-packages/airflow/example_dags/example_setup_teardown_taskflow.py for tasks to queue
[2024-11-18T14:58:10.993+0000] {logging_mixin.py:151} INFO - [2024-11-18T14:58:10.993+0000] {dagbag.py:536} INFO - Filling up the DagBag from /home/airflow/.local/lib/python3.8/site-packages/airflow/example_dags/example_setup_teardown_taskflow.py
[2024-11-18T14:58:11.007+0000] {processor.py:839} INFO - DAG(s) dict_keys(['example_setup_teardown_taskflow']) retrieved from /home/airflow/.local/lib/python3.8/site-packages/airflow/example_dags/example_setup_teardown_taskflow.py
[2024-11-18T14:58:11.041+0000] {logging_mixin.py:151} INFO - [2024-11-18T14:58:11.041+0000] {dag.py:2941} INFO - Sync 1 DAGs
[2024-11-18T14:58:11.075+0000] {logging_mixin.py:151} INFO - [2024-11-18T14:58:11.075+0000] {dag.py:3722} INFO - Setting next_dagrun for example_setup_teardown_taskflow to 2024-11-17T14:58:11.075261+00:00, run_after=2024-11-18T14:58:11.075261+00:00
[2024-11-18T14:58:11.106+0000] {processor.py:179} INFO - Processing /home/airflow/.local/lib/python3.8/site-packages/airflow/example_dags/example_setup_teardown_taskflow.py took 0.123 seconds
