[2024-11-18T14:20:15.219+0000] {processor.py:157} INFO - Started process (PID=86) to work on /home/airflow/.local/lib/python3.8/site-packages/airflow/example_dags/example_skip_dag.py
[2024-11-18T14:20:15.225+0000] {processor.py:829} INFO - Processing file /home/airflow/.local/lib/python3.8/site-packages/airflow/example_dags/example_skip_dag.py for tasks to queue
[2024-11-18T14:20:15.229+0000] {logging_mixin.py:151} INFO - [2024-11-18T14:20:15.229+0000] {dagbag.py:536} INFO - Filling up the DagBag from /home/airflow/.local/lib/python3.8/site-packages/airflow/example_dags/example_skip_dag.py
[2024-11-18T14:20:15.260+0000] {processor.py:839} INFO - DAG(s) dict_keys(['example_skip_dag']) retrieved from /home/airflow/.local/lib/python3.8/site-packages/airflow/example_dags/example_skip_dag.py
[2024-11-18T14:20:15.516+0000] {logging_mixin.py:151} INFO - [2024-11-18T14:20:15.515+0000] {manager.py:499} INFO - Created Permission View: %s
[2024-11-18T14:20:15.543+0000] {logging_mixin.py:151} INFO - [2024-11-18T14:20:15.543+0000] {manager.py:499} INFO - Created Permission View: %s
[2024-11-18T14:20:15.557+0000] {logging_mixin.py:151} INFO - [2024-11-18T14:20:15.557+0000] {manager.py:499} INFO - Created Permission View: %s
[2024-11-18T14:20:15.558+0000] {logging_mixin.py:151} INFO - [2024-11-18T14:20:15.558+0000] {dag.py:2941} INFO - Sync 1 DAGs
[2024-11-18T14:20:15.584+0000] {logging_mixin.py:151} INFO - [2024-11-18T14:20:15.584+0000] {dag.py:2963} INFO - Creating ORM DAG for example_skip_dag
[2024-11-18T14:20:15.603+0000] {logging_mixin.py:151} INFO - [2024-11-18T14:20:15.603+0000] {dag.py:3722} INFO - Setting next_dagrun for example_skip_dag to 2024-11-17T14:20:15.602793+00:00, run_after=2024-11-18T14:20:15.602793+00:00
[2024-11-18T14:20:15.638+0000] {processor.py:179} INFO - Processing /home/airflow/.local/lib/python3.8/site-packages/airflow/example_dags/example_skip_dag.py took 0.426 seconds
[2024-11-18T14:20:45.924+0000] {processor.py:157} INFO - Started process (PID=140) to work on /home/airflow/.local/lib/python3.8/site-packages/airflow/example_dags/example_skip_dag.py
[2024-11-18T14:20:45.925+0000] {processor.py:829} INFO - Processing file /home/airflow/.local/lib/python3.8/site-packages/airflow/example_dags/example_skip_dag.py for tasks to queue
[2024-11-18T14:20:45.929+0000] {logging_mixin.py:151} INFO - [2024-11-18T14:20:45.928+0000] {dagbag.py:536} INFO - Filling up the DagBag from /home/airflow/.local/lib/python3.8/site-packages/airflow/example_dags/example_skip_dag.py
[2024-11-18T14:20:45.940+0000] {processor.py:839} INFO - DAG(s) dict_keys(['example_skip_dag']) retrieved from /home/airflow/.local/lib/python3.8/site-packages/airflow/example_dags/example_skip_dag.py
[2024-11-18T14:20:45.973+0000] {logging_mixin.py:151} INFO - [2024-11-18T14:20:45.973+0000] {dag.py:2941} INFO - Sync 1 DAGs
[2024-11-18T14:20:46.011+0000] {logging_mixin.py:151} INFO - [2024-11-18T14:20:46.011+0000] {dag.py:3722} INFO - Setting next_dagrun for example_skip_dag to 2024-11-17T14:20:46.010952+00:00, run_after=2024-11-18T14:20:46.010952+00:00
[2024-11-18T14:20:46.043+0000] {processor.py:179} INFO - Processing /home/airflow/.local/lib/python3.8/site-packages/airflow/example_dags/example_skip_dag.py took 0.125 seconds
[2024-11-18T14:21:16.372+0000] {processor.py:157} INFO - Started process (PID=193) to work on /home/airflow/.local/lib/python3.8/site-packages/airflow/example_dags/example_skip_dag.py
[2024-11-18T14:21:16.373+0000] {processor.py:829} INFO - Processing file /home/airflow/.local/lib/python3.8/site-packages/airflow/example_dags/example_skip_dag.py for tasks to queue
[2024-11-18T14:21:16.377+0000] {logging_mixin.py:151} INFO - [2024-11-18T14:21:16.376+0000] {dagbag.py:536} INFO - Filling up the DagBag from /home/airflow/.local/lib/python3.8/site-packages/airflow/example_dags/example_skip_dag.py
[2024-11-18T14:21:16.387+0000] {processor.py:839} INFO - DAG(s) dict_keys(['example_skip_dag']) retrieved from /home/airflow/.local/lib/python3.8/site-packages/airflow/example_dags/example_skip_dag.py
[2024-11-18T14:21:16.425+0000] {logging_mixin.py:151} INFO - [2024-11-18T14:21:16.424+0000] {dag.py:2941} INFO - Sync 1 DAGs
[2024-11-18T14:21:16.464+0000] {logging_mixin.py:151} INFO - [2024-11-18T14:21:16.464+0000] {dag.py:3722} INFO - Setting next_dagrun for example_skip_dag to 2024-11-17T14:21:16.463672+00:00, run_after=2024-11-18T14:21:16.463672+00:00
[2024-11-18T14:21:16.496+0000] {processor.py:179} INFO - Processing /home/airflow/.local/lib/python3.8/site-packages/airflow/example_dags/example_skip_dag.py took 0.129 seconds
[2024-11-18T14:21:46.793+0000] {processor.py:157} INFO - Started process (PID=247) to work on /home/airflow/.local/lib/python3.8/site-packages/airflow/example_dags/example_skip_dag.py
[2024-11-18T14:21:46.795+0000] {processor.py:829} INFO - Processing file /home/airflow/.local/lib/python3.8/site-packages/airflow/example_dags/example_skip_dag.py for tasks to queue
[2024-11-18T14:21:46.798+0000] {logging_mixin.py:151} INFO - [2024-11-18T14:21:46.798+0000] {dagbag.py:536} INFO - Filling up the DagBag from /home/airflow/.local/lib/python3.8/site-packages/airflow/example_dags/example_skip_dag.py
[2024-11-18T14:21:46.810+0000] {processor.py:839} INFO - DAG(s) dict_keys(['example_skip_dag']) retrieved from /home/airflow/.local/lib/python3.8/site-packages/airflow/example_dags/example_skip_dag.py
[2024-11-18T14:21:46.845+0000] {logging_mixin.py:151} INFO - [2024-11-18T14:21:46.844+0000] {dag.py:2941} INFO - Sync 1 DAGs
[2024-11-18T14:21:46.883+0000] {logging_mixin.py:151} INFO - [2024-11-18T14:21:46.883+0000] {dag.py:3722} INFO - Setting next_dagrun for example_skip_dag to 2024-11-17T14:21:46.882932+00:00, run_after=2024-11-18T14:21:46.882932+00:00
[2024-11-18T14:21:46.912+0000] {processor.py:179} INFO - Processing /home/airflow/.local/lib/python3.8/site-packages/airflow/example_dags/example_skip_dag.py took 0.125 seconds
[2024-11-18T14:22:17.017+0000] {processor.py:157} INFO - Started process (PID=301) to work on /home/airflow/.local/lib/python3.8/site-packages/airflow/example_dags/example_skip_dag.py
[2024-11-18T14:22:17.018+0000] {processor.py:829} INFO - Processing file /home/airflow/.local/lib/python3.8/site-packages/airflow/example_dags/example_skip_dag.py for tasks to queue
[2024-11-18T14:22:17.022+0000] {logging_mixin.py:151} INFO - [2024-11-18T14:22:17.021+0000] {dagbag.py:536} INFO - Filling up the DagBag from /home/airflow/.local/lib/python3.8/site-packages/airflow/example_dags/example_skip_dag.py
[2024-11-18T14:22:17.033+0000] {processor.py:839} INFO - DAG(s) dict_keys(['example_skip_dag']) retrieved from /home/airflow/.local/lib/python3.8/site-packages/airflow/example_dags/example_skip_dag.py
[2024-11-18T14:22:17.069+0000] {logging_mixin.py:151} INFO - [2024-11-18T14:22:17.069+0000] {dag.py:2941} INFO - Sync 1 DAGs
[2024-11-18T14:22:17.113+0000] {logging_mixin.py:151} INFO - [2024-11-18T14:22:17.113+0000] {dag.py:3722} INFO - Setting next_dagrun for example_skip_dag to 2024-11-17T14:22:17.112999+00:00, run_after=2024-11-18T14:22:17.112999+00:00
[2024-11-18T14:22:17.148+0000] {processor.py:179} INFO - Processing /home/airflow/.local/lib/python3.8/site-packages/airflow/example_dags/example_skip_dag.py took 0.137 seconds
[2024-11-18T14:22:47.451+0000] {processor.py:157} INFO - Started process (PID=356) to work on /home/airflow/.local/lib/python3.8/site-packages/airflow/example_dags/example_skip_dag.py
[2024-11-18T14:22:47.453+0000] {processor.py:829} INFO - Processing file /home/airflow/.local/lib/python3.8/site-packages/airflow/example_dags/example_skip_dag.py for tasks to queue
[2024-11-18T14:22:47.456+0000] {logging_mixin.py:151} INFO - [2024-11-18T14:22:47.456+0000] {dagbag.py:536} INFO - Filling up the DagBag from /home/airflow/.local/lib/python3.8/site-packages/airflow/example_dags/example_skip_dag.py
[2024-11-18T14:22:47.466+0000] {processor.py:839} INFO - DAG(s) dict_keys(['example_skip_dag']) retrieved from /home/airflow/.local/lib/python3.8/site-packages/airflow/example_dags/example_skip_dag.py
[2024-11-18T14:22:47.502+0000] {logging_mixin.py:151} INFO - [2024-11-18T14:22:47.502+0000] {dag.py:2941} INFO - Sync 1 DAGs
[2024-11-18T14:22:47.542+0000] {logging_mixin.py:151} INFO - [2024-11-18T14:22:47.541+0000] {dag.py:3722} INFO - Setting next_dagrun for example_skip_dag to 2024-11-17T14:22:47.541518+00:00, run_after=2024-11-18T14:22:47.541518+00:00
[2024-11-18T14:22:47.574+0000] {processor.py:179} INFO - Processing /home/airflow/.local/lib/python3.8/site-packages/airflow/example_dags/example_skip_dag.py took 0.128 seconds
[2024-11-18T14:23:18.006+0000] {processor.py:157} INFO - Started process (PID=410) to work on /home/airflow/.local/lib/python3.8/site-packages/airflow/example_dags/example_skip_dag.py
[2024-11-18T14:23:18.008+0000] {processor.py:829} INFO - Processing file /home/airflow/.local/lib/python3.8/site-packages/airflow/example_dags/example_skip_dag.py for tasks to queue
[2024-11-18T14:23:18.011+0000] {logging_mixin.py:151} INFO - [2024-11-18T14:23:18.010+0000] {dagbag.py:536} INFO - Filling up the DagBag from /home/airflow/.local/lib/python3.8/site-packages/airflow/example_dags/example_skip_dag.py
[2024-11-18T14:23:18.020+0000] {processor.py:839} INFO - DAG(s) dict_keys(['example_skip_dag']) retrieved from /home/airflow/.local/lib/python3.8/site-packages/airflow/example_dags/example_skip_dag.py
[2024-11-18T14:23:18.052+0000] {logging_mixin.py:151} INFO - [2024-11-18T14:23:18.051+0000] {dag.py:2941} INFO - Sync 1 DAGs
[2024-11-18T14:23:18.085+0000] {logging_mixin.py:151} INFO - [2024-11-18T14:23:18.085+0000] {dag.py:3722} INFO - Setting next_dagrun for example_skip_dag to 2024-11-17T14:23:18.085123+00:00, run_after=2024-11-18T14:23:18.085123+00:00
[2024-11-18T14:23:18.114+0000] {processor.py:179} INFO - Processing /home/airflow/.local/lib/python3.8/site-packages/airflow/example_dags/example_skip_dag.py took 0.112 seconds
[2024-11-18T14:23:48.589+0000] {processor.py:157} INFO - Started process (PID=464) to work on /home/airflow/.local/lib/python3.8/site-packages/airflow/example_dags/example_skip_dag.py
[2024-11-18T14:23:48.590+0000] {processor.py:829} INFO - Processing file /home/airflow/.local/lib/python3.8/site-packages/airflow/example_dags/example_skip_dag.py for tasks to queue
[2024-11-18T14:23:48.593+0000] {logging_mixin.py:151} INFO - [2024-11-18T14:23:48.593+0000] {dagbag.py:536} INFO - Filling up the DagBag from /home/airflow/.local/lib/python3.8/site-packages/airflow/example_dags/example_skip_dag.py
[2024-11-18T14:23:48.602+0000] {processor.py:839} INFO - DAG(s) dict_keys(['example_skip_dag']) retrieved from /home/airflow/.local/lib/python3.8/site-packages/airflow/example_dags/example_skip_dag.py
[2024-11-18T14:23:48.634+0000] {logging_mixin.py:151} INFO - [2024-11-18T14:23:48.633+0000] {dag.py:2941} INFO - Sync 1 DAGs
[2024-11-18T14:23:48.668+0000] {logging_mixin.py:151} INFO - [2024-11-18T14:23:48.667+0000] {dag.py:3722} INFO - Setting next_dagrun for example_skip_dag to 2024-11-17T14:23:48.667393+00:00, run_after=2024-11-18T14:23:48.667393+00:00
[2024-11-18T14:23:48.696+0000] {processor.py:179} INFO - Processing /home/airflow/.local/lib/python3.8/site-packages/airflow/example_dags/example_skip_dag.py took 0.112 seconds
[2024-11-18T14:24:19.595+0000] {processor.py:157} INFO - Started process (PID=518) to work on /home/airflow/.local/lib/python3.8/site-packages/airflow/example_dags/example_skip_dag.py
[2024-11-18T14:24:19.597+0000] {processor.py:829} INFO - Processing file /home/airflow/.local/lib/python3.8/site-packages/airflow/example_dags/example_skip_dag.py for tasks to queue
[2024-11-18T14:24:19.599+0000] {logging_mixin.py:151} INFO - [2024-11-18T14:24:19.599+0000] {dagbag.py:536} INFO - Filling up the DagBag from /home/airflow/.local/lib/python3.8/site-packages/airflow/example_dags/example_skip_dag.py
[2024-11-18T14:24:19.609+0000] {processor.py:839} INFO - DAG(s) dict_keys(['example_skip_dag']) retrieved from /home/airflow/.local/lib/python3.8/site-packages/airflow/example_dags/example_skip_dag.py
[2024-11-18T14:24:19.640+0000] {logging_mixin.py:151} INFO - [2024-11-18T14:24:19.640+0000] {dag.py:2941} INFO - Sync 1 DAGs
[2024-11-18T14:24:19.680+0000] {logging_mixin.py:151} INFO - [2024-11-18T14:24:19.680+0000] {dag.py:3722} INFO - Setting next_dagrun for example_skip_dag to 2024-11-17T14:24:19.680214+00:00, run_after=2024-11-18T14:24:19.680214+00:00
[2024-11-18T14:24:19.715+0000] {processor.py:179} INFO - Processing /home/airflow/.local/lib/python3.8/site-packages/airflow/example_dags/example_skip_dag.py took 0.125 seconds
[2024-11-18T14:24:51.847+0000] {processor.py:157} INFO - Started process (PID=559) to work on /home/airflow/.local/lib/python3.8/site-packages/airflow/example_dags/example_skip_dag.py
[2024-11-18T14:24:51.848+0000] {processor.py:829} INFO - Processing file /home/airflow/.local/lib/python3.8/site-packages/airflow/example_dags/example_skip_dag.py for tasks to queue
[2024-11-18T14:24:51.853+0000] {logging_mixin.py:151} INFO - [2024-11-18T14:24:51.853+0000] {dagbag.py:536} INFO - Filling up the DagBag from /home/airflow/.local/lib/python3.8/site-packages/airflow/example_dags/example_skip_dag.py
[2024-11-18T14:24:51.863+0000] {processor.py:839} INFO - DAG(s) dict_keys(['example_skip_dag']) retrieved from /home/airflow/.local/lib/python3.8/site-packages/airflow/example_dags/example_skip_dag.py
[2024-11-18T14:24:51.895+0000] {logging_mixin.py:151} INFO - [2024-11-18T14:24:51.895+0000] {dag.py:2941} INFO - Sync 1 DAGs
[2024-11-18T14:24:51.930+0000] {logging_mixin.py:151} INFO - [2024-11-18T14:24:51.930+0000] {dag.py:3722} INFO - Setting next_dagrun for example_skip_dag to 2024-11-17T14:24:51.929775+00:00, run_after=2024-11-18T14:24:51.929775+00:00
[2024-11-18T14:24:51.959+0000] {processor.py:179} INFO - Processing /home/airflow/.local/lib/python3.8/site-packages/airflow/example_dags/example_skip_dag.py took 0.117 seconds
[2024-11-18T14:25:25.070+0000] {processor.py:157} INFO - Started process (PID=614) to work on /home/airflow/.local/lib/python3.8/site-packages/airflow/example_dags/example_skip_dag.py
[2024-11-18T14:25:25.072+0000] {processor.py:829} INFO - Processing file /home/airflow/.local/lib/python3.8/site-packages/airflow/example_dags/example_skip_dag.py for tasks to queue
[2024-11-18T14:25:25.075+0000] {logging_mixin.py:151} INFO - [2024-11-18T14:25:25.075+0000] {dagbag.py:536} INFO - Filling up the DagBag from /home/airflow/.local/lib/python3.8/site-packages/airflow/example_dags/example_skip_dag.py
[2024-11-18T14:25:25.088+0000] {processor.py:839} INFO - DAG(s) dict_keys(['example_skip_dag']) retrieved from /home/airflow/.local/lib/python3.8/site-packages/airflow/example_dags/example_skip_dag.py
[2024-11-18T14:25:25.108+0000] {logging_mixin.py:151} INFO - [2024-11-18T14:25:25.108+0000] {dag.py:2941} INFO - Sync 1 DAGs
[2024-11-18T14:25:25.148+0000] {logging_mixin.py:151} INFO - [2024-11-18T14:25:25.148+0000] {dag.py:3722} INFO - Setting next_dagrun for example_skip_dag to 2024-11-17T14:25:25.147857+00:00, run_after=2024-11-18T14:25:25.147857+00:00
[2024-11-18T14:25:25.183+0000] {processor.py:179} INFO - Processing /home/airflow/.local/lib/python3.8/site-packages/airflow/example_dags/example_skip_dag.py took 0.118 seconds
[2024-11-18T14:25:55.767+0000] {processor.py:157} INFO - Started process (PID=668) to work on /home/airflow/.local/lib/python3.8/site-packages/airflow/example_dags/example_skip_dag.py
[2024-11-18T14:25:55.769+0000] {processor.py:829} INFO - Processing file /home/airflow/.local/lib/python3.8/site-packages/airflow/example_dags/example_skip_dag.py for tasks to queue
[2024-11-18T14:25:55.773+0000] {logging_mixin.py:151} INFO - [2024-11-18T14:25:55.772+0000] {dagbag.py:536} INFO - Filling up the DagBag from /home/airflow/.local/lib/python3.8/site-packages/airflow/example_dags/example_skip_dag.py
[2024-11-18T14:25:55.786+0000] {processor.py:839} INFO - DAG(s) dict_keys(['example_skip_dag']) retrieved from /home/airflow/.local/lib/python3.8/site-packages/airflow/example_dags/example_skip_dag.py
[2024-11-18T14:25:55.835+0000] {logging_mixin.py:151} INFO - [2024-11-18T14:25:55.834+0000] {dag.py:2941} INFO - Sync 1 DAGs
[2024-11-18T14:25:55.885+0000] {logging_mixin.py:151} INFO - [2024-11-18T14:25:55.884+0000] {dag.py:3722} INFO - Setting next_dagrun for example_skip_dag to 2024-11-17T14:25:55.884542+00:00, run_after=2024-11-18T14:25:55.884542+00:00
[2024-11-18T14:25:55.919+0000] {processor.py:179} INFO - Processing /home/airflow/.local/lib/python3.8/site-packages/airflow/example_dags/example_skip_dag.py took 0.157 seconds
[2024-11-18T14:26:26.923+0000] {processor.py:157} INFO - Started process (PID=722) to work on /home/airflow/.local/lib/python3.8/site-packages/airflow/example_dags/example_skip_dag.py
[2024-11-18T14:26:26.924+0000] {processor.py:829} INFO - Processing file /home/airflow/.local/lib/python3.8/site-packages/airflow/example_dags/example_skip_dag.py for tasks to queue
[2024-11-18T14:26:26.928+0000] {logging_mixin.py:151} INFO - [2024-11-18T14:26:26.927+0000] {dagbag.py:536} INFO - Filling up the DagBag from /home/airflow/.local/lib/python3.8/site-packages/airflow/example_dags/example_skip_dag.py
[2024-11-18T14:26:26.939+0000] {processor.py:839} INFO - DAG(s) dict_keys(['example_skip_dag']) retrieved from /home/airflow/.local/lib/python3.8/site-packages/airflow/example_dags/example_skip_dag.py
[2024-11-18T14:26:26.974+0000] {logging_mixin.py:151} INFO - [2024-11-18T14:26:26.974+0000] {dag.py:2941} INFO - Sync 1 DAGs
[2024-11-18T14:26:27.049+0000] {logging_mixin.py:151} INFO - [2024-11-18T14:26:27.048+0000] {dag.py:3722} INFO - Setting next_dagrun for example_skip_dag to 2024-11-17T14:26:27.045271+00:00, run_after=2024-11-18T14:26:27.045271+00:00
[2024-11-18T14:26:27.109+0000] {processor.py:179} INFO - Processing /home/airflow/.local/lib/python3.8/site-packages/airflow/example_dags/example_skip_dag.py took 0.191 seconds
[2024-11-18T14:26:57.569+0000] {processor.py:157} INFO - Started process (PID=776) to work on /home/airflow/.local/lib/python3.8/site-packages/airflow/example_dags/example_skip_dag.py
[2024-11-18T14:26:57.571+0000] {processor.py:829} INFO - Processing file /home/airflow/.local/lib/python3.8/site-packages/airflow/example_dags/example_skip_dag.py for tasks to queue
[2024-11-18T14:26:57.574+0000] {logging_mixin.py:151} INFO - [2024-11-18T14:26:57.574+0000] {dagbag.py:536} INFO - Filling up the DagBag from /home/airflow/.local/lib/python3.8/site-packages/airflow/example_dags/example_skip_dag.py
[2024-11-18T14:26:57.584+0000] {processor.py:839} INFO - DAG(s) dict_keys(['example_skip_dag']) retrieved from /home/airflow/.local/lib/python3.8/site-packages/airflow/example_dags/example_skip_dag.py
[2024-11-18T14:26:57.615+0000] {logging_mixin.py:151} INFO - [2024-11-18T14:26:57.615+0000] {dag.py:2941} INFO - Sync 1 DAGs
[2024-11-18T14:26:57.648+0000] {logging_mixin.py:151} INFO - [2024-11-18T14:26:57.647+0000] {dag.py:3722} INFO - Setting next_dagrun for example_skip_dag to 2024-11-17T14:26:57.647576+00:00, run_after=2024-11-18T14:26:57.647576+00:00
[2024-11-18T14:26:57.677+0000] {processor.py:179} INFO - Processing /home/airflow/.local/lib/python3.8/site-packages/airflow/example_dags/example_skip_dag.py took 0.112 seconds
[2024-11-18T14:27:28.289+0000] {processor.py:157} INFO - Started process (PID=823) to work on /home/airflow/.local/lib/python3.8/site-packages/airflow/example_dags/example_skip_dag.py
[2024-11-18T14:27:28.291+0000] {processor.py:829} INFO - Processing file /home/airflow/.local/lib/python3.8/site-packages/airflow/example_dags/example_skip_dag.py for tasks to queue
[2024-11-18T14:27:28.293+0000] {logging_mixin.py:151} INFO - [2024-11-18T14:27:28.293+0000] {dagbag.py:536} INFO - Filling up the DagBag from /home/airflow/.local/lib/python3.8/site-packages/airflow/example_dags/example_skip_dag.py
[2024-11-18T14:27:28.303+0000] {processor.py:839} INFO - DAG(s) dict_keys(['example_skip_dag']) retrieved from /home/airflow/.local/lib/python3.8/site-packages/airflow/example_dags/example_skip_dag.py
[2024-11-18T14:27:28.335+0000] {logging_mixin.py:151} INFO - [2024-11-18T14:27:28.334+0000] {dag.py:2941} INFO - Sync 1 DAGs
[2024-11-18T14:27:28.368+0000] {logging_mixin.py:151} INFO - [2024-11-18T14:27:28.368+0000] {dag.py:3722} INFO - Setting next_dagrun for example_skip_dag to 2024-11-17T14:27:28.368089+00:00, run_after=2024-11-18T14:27:28.368089+00:00
[2024-11-18T14:27:28.398+0000] {processor.py:179} INFO - Processing /home/airflow/.local/lib/python3.8/site-packages/airflow/example_dags/example_skip_dag.py took 0.113 seconds
[2024-11-18T14:27:59.258+0000] {processor.py:157} INFO - Started process (PID=877) to work on /home/airflow/.local/lib/python3.8/site-packages/airflow/example_dags/example_skip_dag.py
[2024-11-18T14:27:59.259+0000] {processor.py:829} INFO - Processing file /home/airflow/.local/lib/python3.8/site-packages/airflow/example_dags/example_skip_dag.py for tasks to queue
[2024-11-18T14:27:59.262+0000] {logging_mixin.py:151} INFO - [2024-11-18T14:27:59.262+0000] {dagbag.py:536} INFO - Filling up the DagBag from /home/airflow/.local/lib/python3.8/site-packages/airflow/example_dags/example_skip_dag.py
[2024-11-18T14:27:59.272+0000] {processor.py:839} INFO - DAG(s) dict_keys(['example_skip_dag']) retrieved from /home/airflow/.local/lib/python3.8/site-packages/airflow/example_dags/example_skip_dag.py
[2024-11-18T14:27:59.310+0000] {logging_mixin.py:151} INFO - [2024-11-18T14:27:59.310+0000] {dag.py:2941} INFO - Sync 1 DAGs
[2024-11-18T14:27:59.361+0000] {logging_mixin.py:151} INFO - [2024-11-18T14:27:59.360+0000] {dag.py:3722} INFO - Setting next_dagrun for example_skip_dag to 2024-11-17T14:27:59.360277+00:00, run_after=2024-11-18T14:27:59.360277+00:00
[2024-11-18T14:27:59.426+0000] {processor.py:179} INFO - Processing /home/airflow/.local/lib/python3.8/site-packages/airflow/example_dags/example_skip_dag.py took 0.173 seconds
[2024-11-18T14:28:30.351+0000] {processor.py:157} INFO - Started process (PID=932) to work on /home/airflow/.local/lib/python3.8/site-packages/airflow/example_dags/example_skip_dag.py
[2024-11-18T14:28:30.352+0000] {processor.py:829} INFO - Processing file /home/airflow/.local/lib/python3.8/site-packages/airflow/example_dags/example_skip_dag.py for tasks to queue
[2024-11-18T14:28:30.355+0000] {logging_mixin.py:151} INFO - [2024-11-18T14:28:30.355+0000] {dagbag.py:536} INFO - Filling up the DagBag from /home/airflow/.local/lib/python3.8/site-packages/airflow/example_dags/example_skip_dag.py
[2024-11-18T14:28:30.365+0000] {processor.py:839} INFO - DAG(s) dict_keys(['example_skip_dag']) retrieved from /home/airflow/.local/lib/python3.8/site-packages/airflow/example_dags/example_skip_dag.py
[2024-11-18T14:28:30.398+0000] {logging_mixin.py:151} INFO - [2024-11-18T14:28:30.397+0000] {dag.py:2941} INFO - Sync 1 DAGs
[2024-11-18T14:28:30.430+0000] {logging_mixin.py:151} INFO - [2024-11-18T14:28:30.430+0000] {dag.py:3722} INFO - Setting next_dagrun for example_skip_dag to 2024-11-17T14:28:30.430215+00:00, run_after=2024-11-18T14:28:30.430215+00:00
[2024-11-18T14:28:30.457+0000] {processor.py:179} INFO - Processing /home/airflow/.local/lib/python3.8/site-packages/airflow/example_dags/example_skip_dag.py took 0.111 seconds
[2024-11-18T14:29:00.728+0000] {processor.py:157} INFO - Started process (PID=985) to work on /home/airflow/.local/lib/python3.8/site-packages/airflow/example_dags/example_skip_dag.py
[2024-11-18T14:29:00.730+0000] {processor.py:829} INFO - Processing file /home/airflow/.local/lib/python3.8/site-packages/airflow/example_dags/example_skip_dag.py for tasks to queue
[2024-11-18T14:29:00.733+0000] {logging_mixin.py:151} INFO - [2024-11-18T14:29:00.733+0000] {dagbag.py:536} INFO - Filling up the DagBag from /home/airflow/.local/lib/python3.8/site-packages/airflow/example_dags/example_skip_dag.py
[2024-11-18T14:29:00.743+0000] {processor.py:839} INFO - DAG(s) dict_keys(['example_skip_dag']) retrieved from /home/airflow/.local/lib/python3.8/site-packages/airflow/example_dags/example_skip_dag.py
[2024-11-18T14:29:00.775+0000] {logging_mixin.py:151} INFO - [2024-11-18T14:29:00.775+0000] {dag.py:2941} INFO - Sync 1 DAGs
[2024-11-18T14:29:00.809+0000] {logging_mixin.py:151} INFO - [2024-11-18T14:29:00.808+0000] {dag.py:3722} INFO - Setting next_dagrun for example_skip_dag to 2024-11-17T14:29:00.808520+00:00, run_after=2024-11-18T14:29:00.808520+00:00
[2024-11-18T14:29:00.837+0000] {processor.py:179} INFO - Processing /home/airflow/.local/lib/python3.8/site-packages/airflow/example_dags/example_skip_dag.py took 0.114 seconds
[2024-11-18T14:29:31.087+0000] {processor.py:157} INFO - Started process (PID=1039) to work on /home/airflow/.local/lib/python3.8/site-packages/airflow/example_dags/example_skip_dag.py
[2024-11-18T14:29:31.088+0000] {processor.py:829} INFO - Processing file /home/airflow/.local/lib/python3.8/site-packages/airflow/example_dags/example_skip_dag.py for tasks to queue
[2024-11-18T14:29:31.091+0000] {logging_mixin.py:151} INFO - [2024-11-18T14:29:31.091+0000] {dagbag.py:536} INFO - Filling up the DagBag from /home/airflow/.local/lib/python3.8/site-packages/airflow/example_dags/example_skip_dag.py
[2024-11-18T14:29:31.101+0000] {processor.py:839} INFO - DAG(s) dict_keys(['example_skip_dag']) retrieved from /home/airflow/.local/lib/python3.8/site-packages/airflow/example_dags/example_skip_dag.py
[2024-11-18T14:29:31.149+0000] {logging_mixin.py:151} INFO - [2024-11-18T14:29:31.149+0000] {dag.py:2941} INFO - Sync 1 DAGs
[2024-11-18T14:29:31.192+0000] {logging_mixin.py:151} INFO - [2024-11-18T14:29:31.191+0000] {dag.py:3722} INFO - Setting next_dagrun for example_skip_dag to 2024-11-17T14:29:31.191164+00:00, run_after=2024-11-18T14:29:31.191164+00:00
[2024-11-18T14:29:31.227+0000] {processor.py:179} INFO - Processing /home/airflow/.local/lib/python3.8/site-packages/airflow/example_dags/example_skip_dag.py took 0.145 seconds
[2024-11-18T14:30:01.509+0000] {processor.py:157} INFO - Started process (PID=1093) to work on /home/airflow/.local/lib/python3.8/site-packages/airflow/example_dags/example_skip_dag.py
[2024-11-18T14:30:01.510+0000] {processor.py:829} INFO - Processing file /home/airflow/.local/lib/python3.8/site-packages/airflow/example_dags/example_skip_dag.py for tasks to queue
[2024-11-18T14:30:01.513+0000] {logging_mixin.py:151} INFO - [2024-11-18T14:30:01.513+0000] {dagbag.py:536} INFO - Filling up the DagBag from /home/airflow/.local/lib/python3.8/site-packages/airflow/example_dags/example_skip_dag.py
[2024-11-18T14:30:01.523+0000] {processor.py:839} INFO - DAG(s) dict_keys(['example_skip_dag']) retrieved from /home/airflow/.local/lib/python3.8/site-packages/airflow/example_dags/example_skip_dag.py
[2024-11-18T14:30:01.555+0000] {logging_mixin.py:151} INFO - [2024-11-18T14:30:01.554+0000] {dag.py:2941} INFO - Sync 1 DAGs
[2024-11-18T14:30:01.587+0000] {logging_mixin.py:151} INFO - [2024-11-18T14:30:01.586+0000] {dag.py:3722} INFO - Setting next_dagrun for example_skip_dag to 2024-11-17T14:30:01.586421+00:00, run_after=2024-11-18T14:30:01.586421+00:00
[2024-11-18T14:30:01.617+0000] {processor.py:179} INFO - Processing /home/airflow/.local/lib/python3.8/site-packages/airflow/example_dags/example_skip_dag.py took 0.113 seconds
[2024-11-18T14:33:17.925+0000] {processor.py:157} INFO - Started process (PID=85) to work on /home/airflow/.local/lib/python3.8/site-packages/airflow/example_dags/example_skip_dag.py
[2024-11-18T14:33:17.928+0000] {processor.py:829} INFO - Processing file /home/airflow/.local/lib/python3.8/site-packages/airflow/example_dags/example_skip_dag.py for tasks to queue
[2024-11-18T14:33:17.936+0000] {logging_mixin.py:151} INFO - [2024-11-18T14:33:17.936+0000] {dagbag.py:536} INFO - Filling up the DagBag from /home/airflow/.local/lib/python3.8/site-packages/airflow/example_dags/example_skip_dag.py
[2024-11-18T14:33:17.964+0000] {processor.py:839} INFO - DAG(s) dict_keys(['example_skip_dag']) retrieved from /home/airflow/.local/lib/python3.8/site-packages/airflow/example_dags/example_skip_dag.py
[2024-11-18T14:33:18.029+0000] {logging_mixin.py:151} INFO - [2024-11-18T14:33:18.029+0000] {dag.py:2941} INFO - Sync 1 DAGs
[2024-11-18T14:33:18.086+0000] {logging_mixin.py:151} INFO - [2024-11-18T14:33:18.086+0000] {dag.py:3722} INFO - Setting next_dagrun for example_skip_dag to 2024-11-17T14:33:18.085601+00:00, run_after=2024-11-18T14:33:18.085601+00:00
[2024-11-18T14:33:18.122+0000] {processor.py:179} INFO - Processing /home/airflow/.local/lib/python3.8/site-packages/airflow/example_dags/example_skip_dag.py took 0.207 seconds
[2024-11-18T14:33:48.200+0000] {processor.py:157} INFO - Started process (PID=138) to work on /home/airflow/.local/lib/python3.8/site-packages/airflow/example_dags/example_skip_dag.py
[2024-11-18T14:33:48.202+0000] {processor.py:829} INFO - Processing file /home/airflow/.local/lib/python3.8/site-packages/airflow/example_dags/example_skip_dag.py for tasks to queue
[2024-11-18T14:33:48.205+0000] {logging_mixin.py:151} INFO - [2024-11-18T14:33:48.205+0000] {dagbag.py:536} INFO - Filling up the DagBag from /home/airflow/.local/lib/python3.8/site-packages/airflow/example_dags/example_skip_dag.py
[2024-11-18T14:33:48.216+0000] {processor.py:839} INFO - DAG(s) dict_keys(['example_skip_dag']) retrieved from /home/airflow/.local/lib/python3.8/site-packages/airflow/example_dags/example_skip_dag.py
[2024-11-18T14:33:48.249+0000] {logging_mixin.py:151} INFO - [2024-11-18T14:33:48.249+0000] {dag.py:2941} INFO - Sync 1 DAGs
[2024-11-18T14:33:48.290+0000] {logging_mixin.py:151} INFO - [2024-11-18T14:33:48.290+0000] {dag.py:3722} INFO - Setting next_dagrun for example_skip_dag to 2024-11-17T14:33:48.289617+00:00, run_after=2024-11-18T14:33:48.289617+00:00
[2024-11-18T14:33:48.324+0000] {processor.py:179} INFO - Processing /home/airflow/.local/lib/python3.8/site-packages/airflow/example_dags/example_skip_dag.py took 0.128 seconds
[2024-11-18T14:34:18.764+0000] {processor.py:157} INFO - Started process (PID=192) to work on /home/airflow/.local/lib/python3.8/site-packages/airflow/example_dags/example_skip_dag.py
[2024-11-18T14:34:18.766+0000] {processor.py:829} INFO - Processing file /home/airflow/.local/lib/python3.8/site-packages/airflow/example_dags/example_skip_dag.py for tasks to queue
[2024-11-18T14:34:18.769+0000] {logging_mixin.py:151} INFO - [2024-11-18T14:34:18.769+0000] {dagbag.py:536} INFO - Filling up the DagBag from /home/airflow/.local/lib/python3.8/site-packages/airflow/example_dags/example_skip_dag.py
[2024-11-18T14:34:18.780+0000] {processor.py:839} INFO - DAG(s) dict_keys(['example_skip_dag']) retrieved from /home/airflow/.local/lib/python3.8/site-packages/airflow/example_dags/example_skip_dag.py
[2024-11-18T14:34:18.813+0000] {logging_mixin.py:151} INFO - [2024-11-18T14:34:18.813+0000] {dag.py:2941} INFO - Sync 1 DAGs
[2024-11-18T14:34:18.847+0000] {logging_mixin.py:151} INFO - [2024-11-18T14:34:18.846+0000] {dag.py:3722} INFO - Setting next_dagrun for example_skip_dag to 2024-11-17T14:34:18.846478+00:00, run_after=2024-11-18T14:34:18.846478+00:00
[2024-11-18T14:34:18.875+0000] {processor.py:179} INFO - Processing /home/airflow/.local/lib/python3.8/site-packages/airflow/example_dags/example_skip_dag.py took 0.115 seconds
[2024-11-18T14:34:49.085+0000] {processor.py:157} INFO - Started process (PID=246) to work on /home/airflow/.local/lib/python3.8/site-packages/airflow/example_dags/example_skip_dag.py
[2024-11-18T14:34:49.086+0000] {processor.py:829} INFO - Processing file /home/airflow/.local/lib/python3.8/site-packages/airflow/example_dags/example_skip_dag.py for tasks to queue
[2024-11-18T14:34:49.089+0000] {logging_mixin.py:151} INFO - [2024-11-18T14:34:49.089+0000] {dagbag.py:536} INFO - Filling up the DagBag from /home/airflow/.local/lib/python3.8/site-packages/airflow/example_dags/example_skip_dag.py
[2024-11-18T14:34:49.099+0000] {processor.py:839} INFO - DAG(s) dict_keys(['example_skip_dag']) retrieved from /home/airflow/.local/lib/python3.8/site-packages/airflow/example_dags/example_skip_dag.py
[2024-11-18T14:34:49.132+0000] {logging_mixin.py:151} INFO - [2024-11-18T14:34:49.132+0000] {dag.py:2941} INFO - Sync 1 DAGs
[2024-11-18T14:34:49.166+0000] {logging_mixin.py:151} INFO - [2024-11-18T14:34:49.166+0000] {dag.py:3722} INFO - Setting next_dagrun for example_skip_dag to 2024-11-17T14:34:49.166130+00:00, run_after=2024-11-18T14:34:49.166130+00:00
[2024-11-18T14:34:49.196+0000] {processor.py:179} INFO - Processing /home/airflow/.local/lib/python3.8/site-packages/airflow/example_dags/example_skip_dag.py took 0.115 seconds
[2024-11-18T14:35:21.796+0000] {processor.py:157} INFO - Started process (PID=300) to work on /home/airflow/.local/lib/python3.8/site-packages/airflow/example_dags/example_skip_dag.py
[2024-11-18T14:35:21.797+0000] {processor.py:829} INFO - Processing file /home/airflow/.local/lib/python3.8/site-packages/airflow/example_dags/example_skip_dag.py for tasks to queue
[2024-11-18T14:35:21.801+0000] {logging_mixin.py:151} INFO - [2024-11-18T14:35:21.801+0000] {dagbag.py:536} INFO - Filling up the DagBag from /home/airflow/.local/lib/python3.8/site-packages/airflow/example_dags/example_skip_dag.py
[2024-11-18T14:35:21.811+0000] {processor.py:839} INFO - DAG(s) dict_keys(['example_skip_dag']) retrieved from /home/airflow/.local/lib/python3.8/site-packages/airflow/example_dags/example_skip_dag.py
[2024-11-18T14:35:21.848+0000] {logging_mixin.py:151} INFO - [2024-11-18T14:35:21.847+0000] {dag.py:2941} INFO - Sync 1 DAGs
[2024-11-18T14:35:21.884+0000] {logging_mixin.py:151} INFO - [2024-11-18T14:35:21.883+0000] {dag.py:3722} INFO - Setting next_dagrun for example_skip_dag to 2024-11-17T14:35:21.883577+00:00, run_after=2024-11-18T14:35:21.883577+00:00
[2024-11-18T14:35:21.912+0000] {processor.py:179} INFO - Processing /home/airflow/.local/lib/python3.8/site-packages/airflow/example_dags/example_skip_dag.py took 0.121 seconds
[2024-11-18T14:35:55.395+0000] {processor.py:157} INFO - Started process (PID=355) to work on /home/airflow/.local/lib/python3.8/site-packages/airflow/example_dags/example_skip_dag.py
[2024-11-18T14:35:55.396+0000] {processor.py:829} INFO - Processing file /home/airflow/.local/lib/python3.8/site-packages/airflow/example_dags/example_skip_dag.py for tasks to queue
[2024-11-18T14:35:55.399+0000] {logging_mixin.py:151} INFO - [2024-11-18T14:35:55.399+0000] {dagbag.py:536} INFO - Filling up the DagBag from /home/airflow/.local/lib/python3.8/site-packages/airflow/example_dags/example_skip_dag.py
[2024-11-18T14:35:55.409+0000] {processor.py:839} INFO - DAG(s) dict_keys(['example_skip_dag']) retrieved from /home/airflow/.local/lib/python3.8/site-packages/airflow/example_dags/example_skip_dag.py
[2024-11-18T14:35:55.445+0000] {logging_mixin.py:151} INFO - [2024-11-18T14:35:55.445+0000] {dag.py:2941} INFO - Sync 1 DAGs
[2024-11-18T14:35:55.485+0000] {logging_mixin.py:151} INFO - [2024-11-18T14:35:55.485+0000] {dag.py:3722} INFO - Setting next_dagrun for example_skip_dag to 2024-11-17T14:35:55.484620+00:00, run_after=2024-11-18T14:35:55.484620+00:00
[2024-11-18T14:35:55.518+0000] {processor.py:179} INFO - Processing /home/airflow/.local/lib/python3.8/site-packages/airflow/example_dags/example_skip_dag.py took 0.129 seconds
[2024-11-18T14:36:29.282+0000] {processor.py:157} INFO - Started process (PID=409) to work on /home/airflow/.local/lib/python3.8/site-packages/airflow/example_dags/example_skip_dag.py
[2024-11-18T14:36:29.284+0000] {processor.py:829} INFO - Processing file /home/airflow/.local/lib/python3.8/site-packages/airflow/example_dags/example_skip_dag.py for tasks to queue
[2024-11-18T14:36:29.289+0000] {logging_mixin.py:151} INFO - [2024-11-18T14:36:29.288+0000] {dagbag.py:536} INFO - Filling up the DagBag from /home/airflow/.local/lib/python3.8/site-packages/airflow/example_dags/example_skip_dag.py
[2024-11-18T14:36:29.302+0000] {processor.py:839} INFO - DAG(s) dict_keys(['example_skip_dag']) retrieved from /home/airflow/.local/lib/python3.8/site-packages/airflow/example_dags/example_skip_dag.py
[2024-11-18T14:36:29.340+0000] {logging_mixin.py:151} INFO - [2024-11-18T14:36:29.340+0000] {dag.py:2941} INFO - Sync 1 DAGs
[2024-11-18T14:36:29.381+0000] {logging_mixin.py:151} INFO - [2024-11-18T14:36:29.381+0000] {dag.py:3722} INFO - Setting next_dagrun for example_skip_dag to 2024-11-17T14:36:29.381032+00:00, run_after=2024-11-18T14:36:29.381032+00:00
[2024-11-18T14:36:29.414+0000] {processor.py:179} INFO - Processing /home/airflow/.local/lib/python3.8/site-packages/airflow/example_dags/example_skip_dag.py took 0.139 seconds
[2024-11-18T14:37:02.212+0000] {processor.py:157} INFO - Started process (PID=463) to work on /home/airflow/.local/lib/python3.8/site-packages/airflow/example_dags/example_skip_dag.py
[2024-11-18T14:37:02.214+0000] {processor.py:829} INFO - Processing file /home/airflow/.local/lib/python3.8/site-packages/airflow/example_dags/example_skip_dag.py for tasks to queue
[2024-11-18T14:37:02.217+0000] {logging_mixin.py:151} INFO - [2024-11-18T14:37:02.216+0000] {dagbag.py:536} INFO - Filling up the DagBag from /home/airflow/.local/lib/python3.8/site-packages/airflow/example_dags/example_skip_dag.py
[2024-11-18T14:37:02.227+0000] {processor.py:839} INFO - DAG(s) dict_keys(['example_skip_dag']) retrieved from /home/airflow/.local/lib/python3.8/site-packages/airflow/example_dags/example_skip_dag.py
[2024-11-18T14:37:02.259+0000] {logging_mixin.py:151} INFO - [2024-11-18T14:37:02.258+0000] {dag.py:2941} INFO - Sync 1 DAGs
[2024-11-18T14:37:02.293+0000] {logging_mixin.py:151} INFO - [2024-11-18T14:37:02.292+0000] {dag.py:3722} INFO - Setting next_dagrun for example_skip_dag to 2024-11-17T14:37:02.292351+00:00, run_after=2024-11-18T14:37:02.292351+00:00
[2024-11-18T14:37:02.321+0000] {processor.py:179} INFO - Processing /home/airflow/.local/lib/python3.8/site-packages/airflow/example_dags/example_skip_dag.py took 0.113 seconds
[2024-11-18T14:37:35.399+0000] {processor.py:157} INFO - Started process (PID=517) to work on /home/airflow/.local/lib/python3.8/site-packages/airflow/example_dags/example_skip_dag.py
[2024-11-18T14:37:35.400+0000] {processor.py:829} INFO - Processing file /home/airflow/.local/lib/python3.8/site-packages/airflow/example_dags/example_skip_dag.py for tasks to queue
[2024-11-18T14:37:35.403+0000] {logging_mixin.py:151} INFO - [2024-11-18T14:37:35.403+0000] {dagbag.py:536} INFO - Filling up the DagBag from /home/airflow/.local/lib/python3.8/site-packages/airflow/example_dags/example_skip_dag.py
[2024-11-18T14:37:35.413+0000] {processor.py:839} INFO - DAG(s) dict_keys(['example_skip_dag']) retrieved from /home/airflow/.local/lib/python3.8/site-packages/airflow/example_dags/example_skip_dag.py
[2024-11-18T14:37:35.463+0000] {logging_mixin.py:151} INFO - [2024-11-18T14:37:35.462+0000] {dag.py:2941} INFO - Sync 1 DAGs
[2024-11-18T14:37:35.502+0000] {logging_mixin.py:151} INFO - [2024-11-18T14:37:35.502+0000] {dag.py:3722} INFO - Setting next_dagrun for example_skip_dag to 2024-11-17T14:37:35.501835+00:00, run_after=2024-11-18T14:37:35.501835+00:00
[2024-11-18T14:37:35.535+0000] {processor.py:179} INFO - Processing /home/airflow/.local/lib/python3.8/site-packages/airflow/example_dags/example_skip_dag.py took 0.141 seconds
[2024-11-18T14:38:08.611+0000] {processor.py:157} INFO - Started process (PID=571) to work on /home/airflow/.local/lib/python3.8/site-packages/airflow/example_dags/example_skip_dag.py
[2024-11-18T14:38:08.613+0000] {processor.py:829} INFO - Processing file /home/airflow/.local/lib/python3.8/site-packages/airflow/example_dags/example_skip_dag.py for tasks to queue
[2024-11-18T14:38:08.615+0000] {logging_mixin.py:151} INFO - [2024-11-18T14:38:08.615+0000] {dagbag.py:536} INFO - Filling up the DagBag from /home/airflow/.local/lib/python3.8/site-packages/airflow/example_dags/example_skip_dag.py
[2024-11-18T14:38:08.625+0000] {processor.py:839} INFO - DAG(s) dict_keys(['example_skip_dag']) retrieved from /home/airflow/.local/lib/python3.8/site-packages/airflow/example_dags/example_skip_dag.py
[2024-11-18T14:38:08.663+0000] {logging_mixin.py:151} INFO - [2024-11-18T14:38:08.663+0000] {dag.py:2941} INFO - Sync 1 DAGs
[2024-11-18T14:38:08.704+0000] {logging_mixin.py:151} INFO - [2024-11-18T14:38:08.704+0000] {dag.py:3722} INFO - Setting next_dagrun for example_skip_dag to 2024-11-17T14:38:08.703793+00:00, run_after=2024-11-18T14:38:08.703793+00:00
[2024-11-18T14:38:08.736+0000] {processor.py:179} INFO - Processing /home/airflow/.local/lib/python3.8/site-packages/airflow/example_dags/example_skip_dag.py took 0.129 seconds
[2024-11-18T14:38:41.974+0000] {processor.py:157} INFO - Started process (PID=625) to work on /home/airflow/.local/lib/python3.8/site-packages/airflow/example_dags/example_skip_dag.py
[2024-11-18T14:38:41.976+0000] {processor.py:829} INFO - Processing file /home/airflow/.local/lib/python3.8/site-packages/airflow/example_dags/example_skip_dag.py for tasks to queue
[2024-11-18T14:38:41.980+0000] {logging_mixin.py:151} INFO - [2024-11-18T14:38:41.979+0000] {dagbag.py:536} INFO - Filling up the DagBag from /home/airflow/.local/lib/python3.8/site-packages/airflow/example_dags/example_skip_dag.py
[2024-11-18T14:38:41.991+0000] {processor.py:839} INFO - DAG(s) dict_keys(['example_skip_dag']) retrieved from /home/airflow/.local/lib/python3.8/site-packages/airflow/example_dags/example_skip_dag.py
[2024-11-18T14:38:42.026+0000] {logging_mixin.py:151} INFO - [2024-11-18T14:38:42.026+0000] {dag.py:2941} INFO - Sync 1 DAGs
[2024-11-18T14:38:42.061+0000] {logging_mixin.py:151} INFO - [2024-11-18T14:38:42.060+0000] {dag.py:3722} INFO - Setting next_dagrun for example_skip_dag to 2024-11-17T14:38:42.060635+00:00, run_after=2024-11-18T14:38:42.060635+00:00
[2024-11-18T14:38:42.090+0000] {processor.py:179} INFO - Processing /home/airflow/.local/lib/python3.8/site-packages/airflow/example_dags/example_skip_dag.py took 0.122 seconds
[2024-11-18T14:39:15.643+0000] {processor.py:157} INFO - Started process (PID=679) to work on /home/airflow/.local/lib/python3.8/site-packages/airflow/example_dags/example_skip_dag.py
[2024-11-18T14:39:15.645+0000] {processor.py:829} INFO - Processing file /home/airflow/.local/lib/python3.8/site-packages/airflow/example_dags/example_skip_dag.py for tasks to queue
[2024-11-18T14:39:15.648+0000] {logging_mixin.py:151} INFO - [2024-11-18T14:39:15.648+0000] {dagbag.py:536} INFO - Filling up the DagBag from /home/airflow/.local/lib/python3.8/site-packages/airflow/example_dags/example_skip_dag.py
[2024-11-18T14:39:15.658+0000] {processor.py:839} INFO - DAG(s) dict_keys(['example_skip_dag']) retrieved from /home/airflow/.local/lib/python3.8/site-packages/airflow/example_dags/example_skip_dag.py
[2024-11-18T14:39:15.692+0000] {logging_mixin.py:151} INFO - [2024-11-18T14:39:15.692+0000] {dag.py:2941} INFO - Sync 1 DAGs
[2024-11-18T14:39:15.729+0000] {logging_mixin.py:151} INFO - [2024-11-18T14:39:15.728+0000] {dag.py:3722} INFO - Setting next_dagrun for example_skip_dag to 2024-11-17T14:39:15.728430+00:00, run_after=2024-11-18T14:39:15.728430+00:00
[2024-11-18T14:39:15.759+0000] {processor.py:179} INFO - Processing /home/airflow/.local/lib/python3.8/site-packages/airflow/example_dags/example_skip_dag.py took 0.120 seconds
[2024-11-18T14:39:48.963+0000] {processor.py:157} INFO - Started process (PID=733) to work on /home/airflow/.local/lib/python3.8/site-packages/airflow/example_dags/example_skip_dag.py
[2024-11-18T14:39:48.965+0000] {processor.py:829} INFO - Processing file /home/airflow/.local/lib/python3.8/site-packages/airflow/example_dags/example_skip_dag.py for tasks to queue
[2024-11-18T14:39:48.968+0000] {logging_mixin.py:151} INFO - [2024-11-18T14:39:48.967+0000] {dagbag.py:536} INFO - Filling up the DagBag from /home/airflow/.local/lib/python3.8/site-packages/airflow/example_dags/example_skip_dag.py
[2024-11-18T14:39:48.978+0000] {processor.py:839} INFO - DAG(s) dict_keys(['example_skip_dag']) retrieved from /home/airflow/.local/lib/python3.8/site-packages/airflow/example_dags/example_skip_dag.py
[2024-11-18T14:39:49.011+0000] {logging_mixin.py:151} INFO - [2024-11-18T14:39:49.011+0000] {dag.py:2941} INFO - Sync 1 DAGs
[2024-11-18T14:39:49.044+0000] {logging_mixin.py:151} INFO - [2024-11-18T14:39:49.044+0000] {dag.py:3722} INFO - Setting next_dagrun for example_skip_dag to 2024-11-17T14:39:49.044098+00:00, run_after=2024-11-18T14:39:49.044098+00:00
[2024-11-18T14:39:49.075+0000] {processor.py:179} INFO - Processing /home/airflow/.local/lib/python3.8/site-packages/airflow/example_dags/example_skip_dag.py took 0.116 seconds
[2024-11-18T14:40:22.171+0000] {processor.py:157} INFO - Started process (PID=787) to work on /home/airflow/.local/lib/python3.8/site-packages/airflow/example_dags/example_skip_dag.py
[2024-11-18T14:40:22.173+0000] {processor.py:829} INFO - Processing file /home/airflow/.local/lib/python3.8/site-packages/airflow/example_dags/example_skip_dag.py for tasks to queue
[2024-11-18T14:40:22.176+0000] {logging_mixin.py:151} INFO - [2024-11-18T14:40:22.176+0000] {dagbag.py:536} INFO - Filling up the DagBag from /home/airflow/.local/lib/python3.8/site-packages/airflow/example_dags/example_skip_dag.py
[2024-11-18T14:40:22.187+0000] {processor.py:839} INFO - DAG(s) dict_keys(['example_skip_dag']) retrieved from /home/airflow/.local/lib/python3.8/site-packages/airflow/example_dags/example_skip_dag.py
[2024-11-18T14:40:22.222+0000] {logging_mixin.py:151} INFO - [2024-11-18T14:40:22.222+0000] {dag.py:2941} INFO - Sync 1 DAGs
[2024-11-18T14:40:22.267+0000] {logging_mixin.py:151} INFO - [2024-11-18T14:40:22.266+0000] {dag.py:3722} INFO - Setting next_dagrun for example_skip_dag to 2024-11-17T14:40:22.266403+00:00, run_after=2024-11-18T14:40:22.266403+00:00
[2024-11-18T14:40:22.301+0000] {processor.py:179} INFO - Processing /home/airflow/.local/lib/python3.8/site-packages/airflow/example_dags/example_skip_dag.py took 0.134 seconds
[2024-11-18T14:40:55.556+0000] {processor.py:157} INFO - Started process (PID=841) to work on /home/airflow/.local/lib/python3.8/site-packages/airflow/example_dags/example_skip_dag.py
[2024-11-18T14:40:55.559+0000] {processor.py:829} INFO - Processing file /home/airflow/.local/lib/python3.8/site-packages/airflow/example_dags/example_skip_dag.py for tasks to queue
[2024-11-18T14:40:55.563+0000] {logging_mixin.py:151} INFO - [2024-11-18T14:40:55.562+0000] {dagbag.py:536} INFO - Filling up the DagBag from /home/airflow/.local/lib/python3.8/site-packages/airflow/example_dags/example_skip_dag.py
[2024-11-18T14:40:55.576+0000] {processor.py:839} INFO - DAG(s) dict_keys(['example_skip_dag']) retrieved from /home/airflow/.local/lib/python3.8/site-packages/airflow/example_dags/example_skip_dag.py
[2024-11-18T14:40:55.614+0000] {logging_mixin.py:151} INFO - [2024-11-18T14:40:55.614+0000] {dag.py:2941} INFO - Sync 1 DAGs
[2024-11-18T14:40:55.651+0000] {logging_mixin.py:151} INFO - [2024-11-18T14:40:55.651+0000] {dag.py:3722} INFO - Setting next_dagrun for example_skip_dag to 2024-11-17T14:40:55.650720+00:00, run_after=2024-11-18T14:40:55.650720+00:00
[2024-11-18T14:40:55.686+0000] {processor.py:179} INFO - Processing /home/airflow/.local/lib/python3.8/site-packages/airflow/example_dags/example_skip_dag.py took 0.134 seconds
[2024-11-18T14:41:28.800+0000] {processor.py:157} INFO - Started process (PID=895) to work on /home/airflow/.local/lib/python3.8/site-packages/airflow/example_dags/example_skip_dag.py
[2024-11-18T14:41:28.803+0000] {processor.py:829} INFO - Processing file /home/airflow/.local/lib/python3.8/site-packages/airflow/example_dags/example_skip_dag.py for tasks to queue
[2024-11-18T14:41:28.806+0000] {logging_mixin.py:151} INFO - [2024-11-18T14:41:28.805+0000] {dagbag.py:536} INFO - Filling up the DagBag from /home/airflow/.local/lib/python3.8/site-packages/airflow/example_dags/example_skip_dag.py
[2024-11-18T14:41:28.816+0000] {processor.py:839} INFO - DAG(s) dict_keys(['example_skip_dag']) retrieved from /home/airflow/.local/lib/python3.8/site-packages/airflow/example_dags/example_skip_dag.py
[2024-11-18T14:41:28.850+0000] {logging_mixin.py:151} INFO - [2024-11-18T14:41:28.849+0000] {dag.py:2941} INFO - Sync 1 DAGs
[2024-11-18T14:41:28.888+0000] {logging_mixin.py:151} INFO - [2024-11-18T14:41:28.888+0000] {dag.py:3722} INFO - Setting next_dagrun for example_skip_dag to 2024-11-17T14:41:28.887950+00:00, run_after=2024-11-18T14:41:28.887950+00:00
[2024-11-18T14:41:28.918+0000] {processor.py:179} INFO - Processing /home/airflow/.local/lib/python3.8/site-packages/airflow/example_dags/example_skip_dag.py took 0.125 seconds
[2024-11-18T14:42:02.115+0000] {processor.py:157} INFO - Started process (PID=949) to work on /home/airflow/.local/lib/python3.8/site-packages/airflow/example_dags/example_skip_dag.py
[2024-11-18T14:42:02.117+0000] {processor.py:829} INFO - Processing file /home/airflow/.local/lib/python3.8/site-packages/airflow/example_dags/example_skip_dag.py for tasks to queue
[2024-11-18T14:42:02.120+0000] {logging_mixin.py:151} INFO - [2024-11-18T14:42:02.119+0000] {dagbag.py:536} INFO - Filling up the DagBag from /home/airflow/.local/lib/python3.8/site-packages/airflow/example_dags/example_skip_dag.py
[2024-11-18T14:42:02.130+0000] {processor.py:839} INFO - DAG(s) dict_keys(['example_skip_dag']) retrieved from /home/airflow/.local/lib/python3.8/site-packages/airflow/example_dags/example_skip_dag.py
[2024-11-18T14:42:02.163+0000] {logging_mixin.py:151} INFO - [2024-11-18T14:42:02.163+0000] {dag.py:2941} INFO - Sync 1 DAGs
[2024-11-18T14:42:02.200+0000] {logging_mixin.py:151} INFO - [2024-11-18T14:42:02.200+0000] {dag.py:3722} INFO - Setting next_dagrun for example_skip_dag to 2024-11-17T14:42:02.199829+00:00, run_after=2024-11-18T14:42:02.199829+00:00
[2024-11-18T14:42:02.250+0000] {processor.py:179} INFO - Processing /home/airflow/.local/lib/python3.8/site-packages/airflow/example_dags/example_skip_dag.py took 0.139 seconds
[2024-11-18T14:42:35.528+0000] {processor.py:157} INFO - Started process (PID=1003) to work on /home/airflow/.local/lib/python3.8/site-packages/airflow/example_dags/example_skip_dag.py
[2024-11-18T14:42:35.529+0000] {processor.py:829} INFO - Processing file /home/airflow/.local/lib/python3.8/site-packages/airflow/example_dags/example_skip_dag.py for tasks to queue
[2024-11-18T14:42:35.532+0000] {logging_mixin.py:151} INFO - [2024-11-18T14:42:35.532+0000] {dagbag.py:536} INFO - Filling up the DagBag from /home/airflow/.local/lib/python3.8/site-packages/airflow/example_dags/example_skip_dag.py
[2024-11-18T14:42:35.542+0000] {processor.py:839} INFO - DAG(s) dict_keys(['example_skip_dag']) retrieved from /home/airflow/.local/lib/python3.8/site-packages/airflow/example_dags/example_skip_dag.py
[2024-11-18T14:42:35.576+0000] {logging_mixin.py:151} INFO - [2024-11-18T14:42:35.575+0000] {dag.py:2941} INFO - Sync 1 DAGs
[2024-11-18T14:42:35.611+0000] {logging_mixin.py:151} INFO - [2024-11-18T14:42:35.611+0000] {dag.py:3722} INFO - Setting next_dagrun for example_skip_dag to 2024-11-17T14:42:35.611219+00:00, run_after=2024-11-18T14:42:35.611219+00:00
[2024-11-18T14:42:35.645+0000] {processor.py:179} INFO - Processing /home/airflow/.local/lib/python3.8/site-packages/airflow/example_dags/example_skip_dag.py took 0.122 seconds
[2024-11-18T14:43:08.843+0000] {processor.py:157} INFO - Started process (PID=1057) to work on /home/airflow/.local/lib/python3.8/site-packages/airflow/example_dags/example_skip_dag.py
[2024-11-18T14:43:08.844+0000] {processor.py:829} INFO - Processing file /home/airflow/.local/lib/python3.8/site-packages/airflow/example_dags/example_skip_dag.py for tasks to queue
[2024-11-18T14:43:08.847+0000] {logging_mixin.py:151} INFO - [2024-11-18T14:43:08.847+0000] {dagbag.py:536} INFO - Filling up the DagBag from /home/airflow/.local/lib/python3.8/site-packages/airflow/example_dags/example_skip_dag.py
[2024-11-18T14:43:08.885+0000] {processor.py:839} INFO - DAG(s) dict_keys(['example_skip_dag']) retrieved from /home/airflow/.local/lib/python3.8/site-packages/airflow/example_dags/example_skip_dag.py
[2024-11-18T14:43:08.964+0000] {logging_mixin.py:151} INFO - [2024-11-18T14:43:08.964+0000] {dag.py:2941} INFO - Sync 1 DAGs
[2024-11-18T14:43:09.015+0000] {logging_mixin.py:151} INFO - [2024-11-18T14:43:09.014+0000] {dag.py:3722} INFO - Setting next_dagrun for example_skip_dag to 2024-11-17T14:43:09.014326+00:00, run_after=2024-11-18T14:43:09.014326+00:00
[2024-11-18T14:43:09.072+0000] {processor.py:179} INFO - Processing /home/airflow/.local/lib/python3.8/site-packages/airflow/example_dags/example_skip_dag.py took 0.236 seconds
[2024-11-18T14:43:42.565+0000] {processor.py:157} INFO - Started process (PID=1111) to work on /home/airflow/.local/lib/python3.8/site-packages/airflow/example_dags/example_skip_dag.py
[2024-11-18T14:43:42.567+0000] {processor.py:829} INFO - Processing file /home/airflow/.local/lib/python3.8/site-packages/airflow/example_dags/example_skip_dag.py for tasks to queue
[2024-11-18T14:43:42.571+0000] {logging_mixin.py:151} INFO - [2024-11-18T14:43:42.570+0000] {dagbag.py:536} INFO - Filling up the DagBag from /home/airflow/.local/lib/python3.8/site-packages/airflow/example_dags/example_skip_dag.py
[2024-11-18T14:43:42.583+0000] {processor.py:839} INFO - DAG(s) dict_keys(['example_skip_dag']) retrieved from /home/airflow/.local/lib/python3.8/site-packages/airflow/example_dags/example_skip_dag.py
[2024-11-18T14:43:42.621+0000] {logging_mixin.py:151} INFO - [2024-11-18T14:43:42.621+0000] {dag.py:2941} INFO - Sync 1 DAGs
[2024-11-18T14:43:42.663+0000] {logging_mixin.py:151} INFO - [2024-11-18T14:43:42.663+0000] {dag.py:3722} INFO - Setting next_dagrun for example_skip_dag to 2024-11-17T14:43:42.662920+00:00, run_after=2024-11-18T14:43:42.662920+00:00
[2024-11-18T14:43:42.698+0000] {processor.py:179} INFO - Processing /home/airflow/.local/lib/python3.8/site-packages/airflow/example_dags/example_skip_dag.py took 0.139 seconds
[2024-11-18T14:44:15.300+0000] {processor.py:157} INFO - Started process (PID=1165) to work on /home/airflow/.local/lib/python3.8/site-packages/airflow/example_dags/example_skip_dag.py
[2024-11-18T14:44:15.301+0000] {processor.py:829} INFO - Processing file /home/airflow/.local/lib/python3.8/site-packages/airflow/example_dags/example_skip_dag.py for tasks to queue
[2024-11-18T14:44:15.304+0000] {logging_mixin.py:151} INFO - [2024-11-18T14:44:15.303+0000] {dagbag.py:536} INFO - Filling up the DagBag from /home/airflow/.local/lib/python3.8/site-packages/airflow/example_dags/example_skip_dag.py
[2024-11-18T14:44:15.313+0000] {processor.py:839} INFO - DAG(s) dict_keys(['example_skip_dag']) retrieved from /home/airflow/.local/lib/python3.8/site-packages/airflow/example_dags/example_skip_dag.py
[2024-11-18T14:44:15.346+0000] {logging_mixin.py:151} INFO - [2024-11-18T14:44:15.346+0000] {dag.py:2941} INFO - Sync 1 DAGs
[2024-11-18T14:44:15.379+0000] {logging_mixin.py:151} INFO - [2024-11-18T14:44:15.379+0000] {dag.py:3722} INFO - Setting next_dagrun for example_skip_dag to 2024-11-17T14:44:15.379074+00:00, run_after=2024-11-18T14:44:15.379074+00:00
[2024-11-18T14:44:15.407+0000] {processor.py:179} INFO - Processing /home/airflow/.local/lib/python3.8/site-packages/airflow/example_dags/example_skip_dag.py took 0.112 seconds
[2024-11-18T14:44:49.929+0000] {processor.py:157} INFO - Started process (PID=1219) to work on /home/airflow/.local/lib/python3.8/site-packages/airflow/example_dags/example_skip_dag.py
[2024-11-18T14:44:49.931+0000] {processor.py:829} INFO - Processing file /home/airflow/.local/lib/python3.8/site-packages/airflow/example_dags/example_skip_dag.py for tasks to queue
[2024-11-18T14:44:49.934+0000] {logging_mixin.py:151} INFO - [2024-11-18T14:44:49.933+0000] {dagbag.py:536} INFO - Filling up the DagBag from /home/airflow/.local/lib/python3.8/site-packages/airflow/example_dags/example_skip_dag.py
[2024-11-18T14:44:49.943+0000] {processor.py:839} INFO - DAG(s) dict_keys(['example_skip_dag']) retrieved from /home/airflow/.local/lib/python3.8/site-packages/airflow/example_dags/example_skip_dag.py
[2024-11-18T14:44:49.974+0000] {logging_mixin.py:151} INFO - [2024-11-18T14:44:49.974+0000] {dag.py:2941} INFO - Sync 1 DAGs
[2024-11-18T14:44:50.228+0000] {logging_mixin.py:151} INFO - [2024-11-18T14:44:50.228+0000] {dag.py:3722} INFO - Setting next_dagrun for example_skip_dag to 2024-11-17T14:44:50.228073+00:00, run_after=2024-11-18T14:44:50.228073+00:00
[2024-11-18T14:44:50.259+0000] {processor.py:179} INFO - Processing /home/airflow/.local/lib/python3.8/site-packages/airflow/example_dags/example_skip_dag.py took 0.334 seconds
[2024-11-18T14:45:22.262+0000] {processor.py:157} INFO - Started process (PID=1273) to work on /home/airflow/.local/lib/python3.8/site-packages/airflow/example_dags/example_skip_dag.py
[2024-11-18T14:45:22.264+0000] {processor.py:829} INFO - Processing file /home/airflow/.local/lib/python3.8/site-packages/airflow/example_dags/example_skip_dag.py for tasks to queue
[2024-11-18T14:45:22.267+0000] {logging_mixin.py:151} INFO - [2024-11-18T14:45:22.266+0000] {dagbag.py:536} INFO - Filling up the DagBag from /home/airflow/.local/lib/python3.8/site-packages/airflow/example_dags/example_skip_dag.py
[2024-11-18T14:45:22.276+0000] {processor.py:839} INFO - DAG(s) dict_keys(['example_skip_dag']) retrieved from /home/airflow/.local/lib/python3.8/site-packages/airflow/example_dags/example_skip_dag.py
[2024-11-18T14:45:22.309+0000] {logging_mixin.py:151} INFO - [2024-11-18T14:45:22.309+0000] {dag.py:2941} INFO - Sync 1 DAGs
[2024-11-18T14:45:22.344+0000] {logging_mixin.py:151} INFO - [2024-11-18T14:45:22.343+0000] {dag.py:3722} INFO - Setting next_dagrun for example_skip_dag to 2024-11-17T14:45:22.343486+00:00, run_after=2024-11-18T14:45:22.343486+00:00
[2024-11-18T14:45:22.373+0000] {processor.py:179} INFO - Processing /home/airflow/.local/lib/python3.8/site-packages/airflow/example_dags/example_skip_dag.py took 0.116 seconds
[2024-11-18T14:45:55.728+0000] {processor.py:157} INFO - Started process (PID=1327) to work on /home/airflow/.local/lib/python3.8/site-packages/airflow/example_dags/example_skip_dag.py
[2024-11-18T14:45:55.730+0000] {processor.py:829} INFO - Processing file /home/airflow/.local/lib/python3.8/site-packages/airflow/example_dags/example_skip_dag.py for tasks to queue
[2024-11-18T14:45:55.733+0000] {logging_mixin.py:151} INFO - [2024-11-18T14:45:55.732+0000] {dagbag.py:536} INFO - Filling up the DagBag from /home/airflow/.local/lib/python3.8/site-packages/airflow/example_dags/example_skip_dag.py
[2024-11-18T14:45:55.743+0000] {processor.py:839} INFO - DAG(s) dict_keys(['example_skip_dag']) retrieved from /home/airflow/.local/lib/python3.8/site-packages/airflow/example_dags/example_skip_dag.py
[2024-11-18T14:45:55.775+0000] {logging_mixin.py:151} INFO - [2024-11-18T14:45:55.774+0000] {dag.py:2941} INFO - Sync 1 DAGs
[2024-11-18T14:45:55.808+0000] {logging_mixin.py:151} INFO - [2024-11-18T14:45:55.807+0000] {dag.py:3722} INFO - Setting next_dagrun for example_skip_dag to 2024-11-17T14:45:55.807576+00:00, run_after=2024-11-18T14:45:55.807576+00:00
[2024-11-18T14:45:55.835+0000] {processor.py:179} INFO - Processing /home/airflow/.local/lib/python3.8/site-packages/airflow/example_dags/example_skip_dag.py took 0.112 seconds
[2024-11-18T14:46:29.651+0000] {processor.py:157} INFO - Started process (PID=1381) to work on /home/airflow/.local/lib/python3.8/site-packages/airflow/example_dags/example_skip_dag.py
[2024-11-18T14:46:29.653+0000] {processor.py:829} INFO - Processing file /home/airflow/.local/lib/python3.8/site-packages/airflow/example_dags/example_skip_dag.py for tasks to queue
[2024-11-18T14:46:29.656+0000] {logging_mixin.py:151} INFO - [2024-11-18T14:46:29.656+0000] {dagbag.py:536} INFO - Filling up the DagBag from /home/airflow/.local/lib/python3.8/site-packages/airflow/example_dags/example_skip_dag.py
[2024-11-18T14:46:29.665+0000] {processor.py:839} INFO - DAG(s) dict_keys(['example_skip_dag']) retrieved from /home/airflow/.local/lib/python3.8/site-packages/airflow/example_dags/example_skip_dag.py
[2024-11-18T14:46:29.698+0000] {logging_mixin.py:151} INFO - [2024-11-18T14:46:29.698+0000] {dag.py:2941} INFO - Sync 1 DAGs
[2024-11-18T14:46:29.733+0000] {logging_mixin.py:151} INFO - [2024-11-18T14:46:29.732+0000] {dag.py:3722} INFO - Setting next_dagrun for example_skip_dag to 2024-11-17T14:46:29.732574+00:00, run_after=2024-11-18T14:46:29.732574+00:00
[2024-11-18T14:46:29.760+0000] {processor.py:179} INFO - Processing /home/airflow/.local/lib/python3.8/site-packages/airflow/example_dags/example_skip_dag.py took 0.113 seconds
[2024-11-18T14:47:03.002+0000] {processor.py:157} INFO - Started process (PID=1435) to work on /home/airflow/.local/lib/python3.8/site-packages/airflow/example_dags/example_skip_dag.py
[2024-11-18T14:47:03.004+0000] {processor.py:829} INFO - Processing file /home/airflow/.local/lib/python3.8/site-packages/airflow/example_dags/example_skip_dag.py for tasks to queue
[2024-11-18T14:47:03.007+0000] {logging_mixin.py:151} INFO - [2024-11-18T14:47:03.007+0000] {dagbag.py:536} INFO - Filling up the DagBag from /home/airflow/.local/lib/python3.8/site-packages/airflow/example_dags/example_skip_dag.py
[2024-11-18T14:47:03.017+0000] {processor.py:839} INFO - DAG(s) dict_keys(['example_skip_dag']) retrieved from /home/airflow/.local/lib/python3.8/site-packages/airflow/example_dags/example_skip_dag.py
[2024-11-18T14:47:03.051+0000] {logging_mixin.py:151} INFO - [2024-11-18T14:47:03.050+0000] {dag.py:2941} INFO - Sync 1 DAGs
[2024-11-18T14:47:03.089+0000] {logging_mixin.py:151} INFO - [2024-11-18T14:47:03.088+0000] {dag.py:3722} INFO - Setting next_dagrun for example_skip_dag to 2024-11-17T14:47:03.088322+00:00, run_after=2024-11-18T14:47:03.088322+00:00
[2024-11-18T14:47:03.293+0000] {processor.py:179} INFO - Processing /home/airflow/.local/lib/python3.8/site-packages/airflow/example_dags/example_skip_dag.py took 0.296 seconds
[2024-11-18T14:47:35.848+0000] {processor.py:157} INFO - Started process (PID=1489) to work on /home/airflow/.local/lib/python3.8/site-packages/airflow/example_dags/example_skip_dag.py
[2024-11-18T14:47:35.850+0000] {processor.py:829} INFO - Processing file /home/airflow/.local/lib/python3.8/site-packages/airflow/example_dags/example_skip_dag.py for tasks to queue
[2024-11-18T14:47:35.853+0000] {logging_mixin.py:151} INFO - [2024-11-18T14:47:35.853+0000] {dagbag.py:536} INFO - Filling up the DagBag from /home/airflow/.local/lib/python3.8/site-packages/airflow/example_dags/example_skip_dag.py
[2024-11-18T14:47:35.863+0000] {processor.py:839} INFO - DAG(s) dict_keys(['example_skip_dag']) retrieved from /home/airflow/.local/lib/python3.8/site-packages/airflow/example_dags/example_skip_dag.py
[2024-11-18T14:47:35.905+0000] {logging_mixin.py:151} INFO - [2024-11-18T14:47:35.905+0000] {dag.py:2941} INFO - Sync 1 DAGs
[2024-11-18T14:47:35.942+0000] {logging_mixin.py:151} INFO - [2024-11-18T14:47:35.942+0000] {dag.py:3722} INFO - Setting next_dagrun for example_skip_dag to 2024-11-17T14:47:35.942140+00:00, run_after=2024-11-18T14:47:35.942140+00:00
[2024-11-18T14:47:35.972+0000] {processor.py:179} INFO - Processing /home/airflow/.local/lib/python3.8/site-packages/airflow/example_dags/example_skip_dag.py took 0.128 seconds
[2024-11-18T14:48:10.137+0000] {processor.py:157} INFO - Started process (PID=1543) to work on /home/airflow/.local/lib/python3.8/site-packages/airflow/example_dags/example_skip_dag.py
[2024-11-18T14:48:10.140+0000] {processor.py:829} INFO - Processing file /home/airflow/.local/lib/python3.8/site-packages/airflow/example_dags/example_skip_dag.py for tasks to queue
[2024-11-18T14:48:10.162+0000] {logging_mixin.py:151} INFO - [2024-11-18T14:48:10.161+0000] {dagbag.py:536} INFO - Filling up the DagBag from /home/airflow/.local/lib/python3.8/site-packages/airflow/example_dags/example_skip_dag.py
[2024-11-18T14:48:10.182+0000] {processor.py:839} INFO - DAG(s) dict_keys(['example_skip_dag']) retrieved from /home/airflow/.local/lib/python3.8/site-packages/airflow/example_dags/example_skip_dag.py
[2024-11-18T14:48:10.226+0000] {logging_mixin.py:151} INFO - [2024-11-18T14:48:10.226+0000] {dag.py:2941} INFO - Sync 1 DAGs
[2024-11-18T14:48:10.467+0000] {logging_mixin.py:151} INFO - [2024-11-18T14:48:10.467+0000] {dag.py:3722} INFO - Setting next_dagrun for example_skip_dag to 2024-11-17T14:48:10.467159+00:00, run_after=2024-11-18T14:48:10.467159+00:00
[2024-11-18T14:48:10.494+0000] {processor.py:179} INFO - Processing /home/airflow/.local/lib/python3.8/site-packages/airflow/example_dags/example_skip_dag.py took 0.366 seconds
[2024-11-18T14:48:43.035+0000] {processor.py:157} INFO - Started process (PID=1598) to work on /home/airflow/.local/lib/python3.8/site-packages/airflow/example_dags/example_skip_dag.py
[2024-11-18T14:48:43.036+0000] {processor.py:829} INFO - Processing file /home/airflow/.local/lib/python3.8/site-packages/airflow/example_dags/example_skip_dag.py for tasks to queue
[2024-11-18T14:48:43.040+0000] {logging_mixin.py:151} INFO - [2024-11-18T14:48:43.040+0000] {dagbag.py:536} INFO - Filling up the DagBag from /home/airflow/.local/lib/python3.8/site-packages/airflow/example_dags/example_skip_dag.py
[2024-11-18T14:48:43.052+0000] {processor.py:839} INFO - DAG(s) dict_keys(['example_skip_dag']) retrieved from /home/airflow/.local/lib/python3.8/site-packages/airflow/example_dags/example_skip_dag.py
[2024-11-18T14:48:43.086+0000] {logging_mixin.py:151} INFO - [2024-11-18T14:48:43.086+0000] {dag.py:2941} INFO - Sync 1 DAGs
[2024-11-18T14:48:43.294+0000] {logging_mixin.py:151} INFO - [2024-11-18T14:48:43.294+0000] {dag.py:3722} INFO - Setting next_dagrun for example_skip_dag to 2024-11-17T14:48:43.293979+00:00, run_after=2024-11-18T14:48:43.293979+00:00
[2024-11-18T14:48:43.321+0000] {processor.py:179} INFO - Processing /home/airflow/.local/lib/python3.8/site-packages/airflow/example_dags/example_skip_dag.py took 0.292 seconds
[2024-11-18T14:49:15.344+0000] {processor.py:157} INFO - Started process (PID=1653) to work on /home/airflow/.local/lib/python3.8/site-packages/airflow/example_dags/example_skip_dag.py
[2024-11-18T14:49:15.346+0000] {processor.py:829} INFO - Processing file /home/airflow/.local/lib/python3.8/site-packages/airflow/example_dags/example_skip_dag.py for tasks to queue
[2024-11-18T14:49:15.349+0000] {logging_mixin.py:151} INFO - [2024-11-18T14:49:15.349+0000] {dagbag.py:536} INFO - Filling up the DagBag from /home/airflow/.local/lib/python3.8/site-packages/airflow/example_dags/example_skip_dag.py
[2024-11-18T14:49:15.361+0000] {processor.py:839} INFO - DAG(s) dict_keys(['example_skip_dag']) retrieved from /home/airflow/.local/lib/python3.8/site-packages/airflow/example_dags/example_skip_dag.py
[2024-11-18T14:49:15.401+0000] {logging_mixin.py:151} INFO - [2024-11-18T14:49:15.401+0000] {dag.py:2941} INFO - Sync 1 DAGs
[2024-11-18T14:49:15.452+0000] {logging_mixin.py:151} INFO - [2024-11-18T14:49:15.451+0000] {dag.py:3722} INFO - Setting next_dagrun for example_skip_dag to 2024-11-17T14:49:15.451122+00:00, run_after=2024-11-18T14:49:15.451122+00:00
[2024-11-18T14:49:15.490+0000] {processor.py:179} INFO - Processing /home/airflow/.local/lib/python3.8/site-packages/airflow/example_dags/example_skip_dag.py took 0.151 seconds
[2024-11-18T14:49:49.452+0000] {processor.py:157} INFO - Started process (PID=1710) to work on /home/airflow/.local/lib/python3.8/site-packages/airflow/example_dags/example_skip_dag.py
[2024-11-18T14:49:49.453+0000] {processor.py:829} INFO - Processing file /home/airflow/.local/lib/python3.8/site-packages/airflow/example_dags/example_skip_dag.py for tasks to queue
[2024-11-18T14:49:49.456+0000] {logging_mixin.py:151} INFO - [2024-11-18T14:49:49.456+0000] {dagbag.py:536} INFO - Filling up the DagBag from /home/airflow/.local/lib/python3.8/site-packages/airflow/example_dags/example_skip_dag.py
[2024-11-18T14:49:49.466+0000] {processor.py:839} INFO - DAG(s) dict_keys(['example_skip_dag']) retrieved from /home/airflow/.local/lib/python3.8/site-packages/airflow/example_dags/example_skip_dag.py
[2024-11-18T14:49:49.499+0000] {logging_mixin.py:151} INFO - [2024-11-18T14:49:49.498+0000] {dag.py:2941} INFO - Sync 1 DAGs
[2024-11-18T14:49:49.532+0000] {logging_mixin.py:151} INFO - [2024-11-18T14:49:49.532+0000] {dag.py:3722} INFO - Setting next_dagrun for example_skip_dag to 2024-11-17T14:49:49.531633+00:00, run_after=2024-11-18T14:49:49.531633+00:00
[2024-11-18T14:49:49.579+0000] {processor.py:179} INFO - Processing /home/airflow/.local/lib/python3.8/site-packages/airflow/example_dags/example_skip_dag.py took 0.132 seconds
[2024-11-18T14:50:23.806+0000] {processor.py:157} INFO - Started process (PID=1769) to work on /home/airflow/.local/lib/python3.8/site-packages/airflow/example_dags/example_skip_dag.py
[2024-11-18T14:50:23.808+0000] {processor.py:829} INFO - Processing file /home/airflow/.local/lib/python3.8/site-packages/airflow/example_dags/example_skip_dag.py for tasks to queue
[2024-11-18T14:50:23.812+0000] {logging_mixin.py:151} INFO - [2024-11-18T14:50:23.811+0000] {dagbag.py:536} INFO - Filling up the DagBag from /home/airflow/.local/lib/python3.8/site-packages/airflow/example_dags/example_skip_dag.py
[2024-11-18T14:50:23.822+0000] {processor.py:839} INFO - DAG(s) dict_keys(['example_skip_dag']) retrieved from /home/airflow/.local/lib/python3.8/site-packages/airflow/example_dags/example_skip_dag.py
[2024-11-18T14:50:23.866+0000] {logging_mixin.py:151} INFO - [2024-11-18T14:50:23.866+0000] {dag.py:2941} INFO - Sync 1 DAGs
[2024-11-18T14:50:24.095+0000] {logging_mixin.py:151} INFO - [2024-11-18T14:50:24.094+0000] {dag.py:3722} INFO - Setting next_dagrun for example_skip_dag to 2024-11-17T14:50:24.094558+00:00, run_after=2024-11-18T14:50:24.094558+00:00
[2024-11-18T14:50:24.123+0000] {processor.py:179} INFO - Processing /home/airflow/.local/lib/python3.8/site-packages/airflow/example_dags/example_skip_dag.py took 0.323 seconds
[2024-11-18T14:50:56.239+0000] {processor.py:157} INFO - Started process (PID=1826) to work on /home/airflow/.local/lib/python3.8/site-packages/airflow/example_dags/example_skip_dag.py
[2024-11-18T14:50:56.241+0000] {processor.py:829} INFO - Processing file /home/airflow/.local/lib/python3.8/site-packages/airflow/example_dags/example_skip_dag.py for tasks to queue
[2024-11-18T14:50:56.244+0000] {logging_mixin.py:151} INFO - [2024-11-18T14:50:56.244+0000] {dagbag.py:536} INFO - Filling up the DagBag from /home/airflow/.local/lib/python3.8/site-packages/airflow/example_dags/example_skip_dag.py
[2024-11-18T14:50:56.254+0000] {processor.py:839} INFO - DAG(s) dict_keys(['example_skip_dag']) retrieved from /home/airflow/.local/lib/python3.8/site-packages/airflow/example_dags/example_skip_dag.py
[2024-11-18T14:50:56.286+0000] {logging_mixin.py:151} INFO - [2024-11-18T14:50:56.286+0000] {dag.py:2941} INFO - Sync 1 DAGs
[2024-11-18T14:50:56.321+0000] {logging_mixin.py:151} INFO - [2024-11-18T14:50:56.321+0000] {dag.py:3722} INFO - Setting next_dagrun for example_skip_dag to 2024-11-17T14:50:56.319835+00:00, run_after=2024-11-18T14:50:56.319835+00:00
[2024-11-18T14:50:56.349+0000] {processor.py:179} INFO - Processing /home/airflow/.local/lib/python3.8/site-packages/airflow/example_dags/example_skip_dag.py took 0.114 seconds
[2024-11-18T14:51:29.387+0000] {processor.py:157} INFO - Started process (PID=1884) to work on /home/airflow/.local/lib/python3.8/site-packages/airflow/example_dags/example_skip_dag.py
[2024-11-18T14:51:29.389+0000] {processor.py:829} INFO - Processing file /home/airflow/.local/lib/python3.8/site-packages/airflow/example_dags/example_skip_dag.py for tasks to queue
[2024-11-18T14:51:29.392+0000] {logging_mixin.py:151} INFO - [2024-11-18T14:51:29.392+0000] {dagbag.py:536} INFO - Filling up the DagBag from /home/airflow/.local/lib/python3.8/site-packages/airflow/example_dags/example_skip_dag.py
[2024-11-18T14:51:29.402+0000] {processor.py:839} INFO - DAG(s) dict_keys(['example_skip_dag']) retrieved from /home/airflow/.local/lib/python3.8/site-packages/airflow/example_dags/example_skip_dag.py
[2024-11-18T14:51:29.436+0000] {logging_mixin.py:151} INFO - [2024-11-18T14:51:29.436+0000] {dag.py:2941} INFO - Sync 1 DAGs
[2024-11-18T14:51:29.474+0000] {logging_mixin.py:151} INFO - [2024-11-18T14:51:29.473+0000] {dag.py:3722} INFO - Setting next_dagrun for example_skip_dag to 2024-11-17T14:51:29.473331+00:00, run_after=2024-11-18T14:51:29.473331+00:00
[2024-11-18T14:51:29.506+0000] {processor.py:179} INFO - Processing /home/airflow/.local/lib/python3.8/site-packages/airflow/example_dags/example_skip_dag.py took 0.124 seconds
[2024-11-18T14:52:01.847+0000] {processor.py:157} INFO - Started process (PID=1942) to work on /home/airflow/.local/lib/python3.8/site-packages/airflow/example_dags/example_skip_dag.py
[2024-11-18T14:52:01.849+0000] {processor.py:829} INFO - Processing file /home/airflow/.local/lib/python3.8/site-packages/airflow/example_dags/example_skip_dag.py for tasks to queue
[2024-11-18T14:52:01.852+0000] {logging_mixin.py:151} INFO - [2024-11-18T14:52:01.851+0000] {dagbag.py:536} INFO - Filling up the DagBag from /home/airflow/.local/lib/python3.8/site-packages/airflow/example_dags/example_skip_dag.py
[2024-11-18T14:52:01.861+0000] {processor.py:839} INFO - DAG(s) dict_keys(['example_skip_dag']) retrieved from /home/airflow/.local/lib/python3.8/site-packages/airflow/example_dags/example_skip_dag.py
[2024-11-18T14:52:01.895+0000] {logging_mixin.py:151} INFO - [2024-11-18T14:52:01.894+0000] {dag.py:2941} INFO - Sync 1 DAGs
[2024-11-18T14:52:01.931+0000] {logging_mixin.py:151} INFO - [2024-11-18T14:52:01.930+0000] {dag.py:3722} INFO - Setting next_dagrun for example_skip_dag to 2024-11-17T14:52:01.930585+00:00, run_after=2024-11-18T14:52:01.930585+00:00
[2024-11-18T14:52:01.958+0000] {processor.py:179} INFO - Processing /home/airflow/.local/lib/python3.8/site-packages/airflow/example_dags/example_skip_dag.py took 0.115 seconds
[2024-11-18T14:52:35.820+0000] {processor.py:157} INFO - Started process (PID=1997) to work on /home/airflow/.local/lib/python3.8/site-packages/airflow/example_dags/example_skip_dag.py
[2024-11-18T14:52:35.822+0000] {processor.py:829} INFO - Processing file /home/airflow/.local/lib/python3.8/site-packages/airflow/example_dags/example_skip_dag.py for tasks to queue
[2024-11-18T14:52:35.825+0000] {logging_mixin.py:151} INFO - [2024-11-18T14:52:35.824+0000] {dagbag.py:536} INFO - Filling up the DagBag from /home/airflow/.local/lib/python3.8/site-packages/airflow/example_dags/example_skip_dag.py
[2024-11-18T14:52:35.834+0000] {processor.py:839} INFO - DAG(s) dict_keys(['example_skip_dag']) retrieved from /home/airflow/.local/lib/python3.8/site-packages/airflow/example_dags/example_skip_dag.py
[2024-11-18T14:52:35.865+0000] {logging_mixin.py:151} INFO - [2024-11-18T14:52:35.865+0000] {dag.py:2941} INFO - Sync 1 DAGs
[2024-11-18T14:52:35.899+0000] {logging_mixin.py:151} INFO - [2024-11-18T14:52:35.899+0000] {dag.py:3722} INFO - Setting next_dagrun for example_skip_dag to 2024-11-17T14:52:35.899307+00:00, run_after=2024-11-18T14:52:35.899307+00:00
[2024-11-18T14:52:35.931+0000] {processor.py:179} INFO - Processing /home/airflow/.local/lib/python3.8/site-packages/airflow/example_dags/example_skip_dag.py took 0.115 seconds
[2024-11-18T14:53:08.674+0000] {processor.py:157} INFO - Started process (PID=2052) to work on /home/airflow/.local/lib/python3.8/site-packages/airflow/example_dags/example_skip_dag.py
[2024-11-18T14:53:08.676+0000] {processor.py:829} INFO - Processing file /home/airflow/.local/lib/python3.8/site-packages/airflow/example_dags/example_skip_dag.py for tasks to queue
[2024-11-18T14:53:08.680+0000] {logging_mixin.py:151} INFO - [2024-11-18T14:53:08.679+0000] {dagbag.py:536} INFO - Filling up the DagBag from /home/airflow/.local/lib/python3.8/site-packages/airflow/example_dags/example_skip_dag.py
[2024-11-18T14:53:08.690+0000] {processor.py:839} INFO - DAG(s) dict_keys(['example_skip_dag']) retrieved from /home/airflow/.local/lib/python3.8/site-packages/airflow/example_dags/example_skip_dag.py
[2024-11-18T14:53:08.723+0000] {logging_mixin.py:151} INFO - [2024-11-18T14:53:08.723+0000] {dag.py:2941} INFO - Sync 1 DAGs
[2024-11-18T14:53:08.758+0000] {logging_mixin.py:151} INFO - [2024-11-18T14:53:08.757+0000] {dag.py:3722} INFO - Setting next_dagrun for example_skip_dag to 2024-11-17T14:53:08.757579+00:00, run_after=2024-11-18T14:53:08.757579+00:00
[2024-11-18T14:53:08.788+0000] {processor.py:179} INFO - Processing /home/airflow/.local/lib/python3.8/site-packages/airflow/example_dags/example_skip_dag.py took 0.119 seconds
[2024-11-18T14:53:42.648+0000] {processor.py:157} INFO - Started process (PID=2108) to work on /home/airflow/.local/lib/python3.8/site-packages/airflow/example_dags/example_skip_dag.py
[2024-11-18T14:53:42.650+0000] {processor.py:829} INFO - Processing file /home/airflow/.local/lib/python3.8/site-packages/airflow/example_dags/example_skip_dag.py for tasks to queue
[2024-11-18T14:53:42.653+0000] {logging_mixin.py:151} INFO - [2024-11-18T14:53:42.653+0000] {dagbag.py:536} INFO - Filling up the DagBag from /home/airflow/.local/lib/python3.8/site-packages/airflow/example_dags/example_skip_dag.py
[2024-11-18T14:53:42.663+0000] {processor.py:839} INFO - DAG(s) dict_keys(['example_skip_dag']) retrieved from /home/airflow/.local/lib/python3.8/site-packages/airflow/example_dags/example_skip_dag.py
[2024-11-18T14:53:42.696+0000] {logging_mixin.py:151} INFO - [2024-11-18T14:53:42.696+0000] {dag.py:2941} INFO - Sync 1 DAGs
[2024-11-18T14:53:42.732+0000] {logging_mixin.py:151} INFO - [2024-11-18T14:53:42.732+0000] {dag.py:3722} INFO - Setting next_dagrun for example_skip_dag to 2024-11-17T14:53:42.731824+00:00, run_after=2024-11-18T14:53:42.731824+00:00
[2024-11-18T14:53:42.759+0000] {processor.py:179} INFO - Processing /home/airflow/.local/lib/python3.8/site-packages/airflow/example_dags/example_skip_dag.py took 0.116 seconds
[2024-11-18T14:54:15.983+0000] {processor.py:157} INFO - Started process (PID=2163) to work on /home/airflow/.local/lib/python3.8/site-packages/airflow/example_dags/example_skip_dag.py
[2024-11-18T14:54:15.985+0000] {processor.py:829} INFO - Processing file /home/airflow/.local/lib/python3.8/site-packages/airflow/example_dags/example_skip_dag.py for tasks to queue
[2024-11-18T14:54:15.988+0000] {logging_mixin.py:151} INFO - [2024-11-18T14:54:15.988+0000] {dagbag.py:536} INFO - Filling up the DagBag from /home/airflow/.local/lib/python3.8/site-packages/airflow/example_dags/example_skip_dag.py
[2024-11-18T14:54:15.998+0000] {processor.py:839} INFO - DAG(s) dict_keys(['example_skip_dag']) retrieved from /home/airflow/.local/lib/python3.8/site-packages/airflow/example_dags/example_skip_dag.py
[2024-11-18T14:54:16.032+0000] {logging_mixin.py:151} INFO - [2024-11-18T14:54:16.032+0000] {dag.py:2941} INFO - Sync 1 DAGs
[2024-11-18T14:54:16.068+0000] {logging_mixin.py:151} INFO - [2024-11-18T14:54:16.068+0000] {dag.py:3722} INFO - Setting next_dagrun for example_skip_dag to 2024-11-17T14:54:16.067826+00:00, run_after=2024-11-18T14:54:16.067826+00:00
[2024-11-18T14:54:16.098+0000] {processor.py:179} INFO - Processing /home/airflow/.local/lib/python3.8/site-packages/airflow/example_dags/example_skip_dag.py took 0.119 seconds
[2024-11-18T14:54:49.429+0000] {processor.py:157} INFO - Started process (PID=2218) to work on /home/airflow/.local/lib/python3.8/site-packages/airflow/example_dags/example_skip_dag.py
[2024-11-18T14:54:49.431+0000] {processor.py:829} INFO - Processing file /home/airflow/.local/lib/python3.8/site-packages/airflow/example_dags/example_skip_dag.py for tasks to queue
[2024-11-18T14:54:49.434+0000] {logging_mixin.py:151} INFO - [2024-11-18T14:54:49.433+0000] {dagbag.py:536} INFO - Filling up the DagBag from /home/airflow/.local/lib/python3.8/site-packages/airflow/example_dags/example_skip_dag.py
[2024-11-18T14:54:49.444+0000] {processor.py:839} INFO - DAG(s) dict_keys(['example_skip_dag']) retrieved from /home/airflow/.local/lib/python3.8/site-packages/airflow/example_dags/example_skip_dag.py
[2024-11-18T14:54:49.478+0000] {logging_mixin.py:151} INFO - [2024-11-18T14:54:49.477+0000] {dag.py:2941} INFO - Sync 1 DAGs
[2024-11-18T14:54:49.512+0000] {logging_mixin.py:151} INFO - [2024-11-18T14:54:49.512+0000] {dag.py:3722} INFO - Setting next_dagrun for example_skip_dag to 2024-11-17T14:54:49.511997+00:00, run_after=2024-11-18T14:54:49.511997+00:00
[2024-11-18T14:54:49.541+0000] {processor.py:179} INFO - Processing /home/airflow/.local/lib/python3.8/site-packages/airflow/example_dags/example_skip_dag.py took 0.117 seconds
[2024-11-18T14:55:22.724+0000] {processor.py:157} INFO - Started process (PID=2273) to work on /home/airflow/.local/lib/python3.8/site-packages/airflow/example_dags/example_skip_dag.py
[2024-11-18T14:55:22.726+0000] {processor.py:829} INFO - Processing file /home/airflow/.local/lib/python3.8/site-packages/airflow/example_dags/example_skip_dag.py for tasks to queue
[2024-11-18T14:55:22.729+0000] {logging_mixin.py:151} INFO - [2024-11-18T14:55:22.728+0000] {dagbag.py:536} INFO - Filling up the DagBag from /home/airflow/.local/lib/python3.8/site-packages/airflow/example_dags/example_skip_dag.py
[2024-11-18T14:55:22.739+0000] {processor.py:839} INFO - DAG(s) dict_keys(['example_skip_dag']) retrieved from /home/airflow/.local/lib/python3.8/site-packages/airflow/example_dags/example_skip_dag.py
[2024-11-18T14:55:22.771+0000] {logging_mixin.py:151} INFO - [2024-11-18T14:55:22.770+0000] {dag.py:2941} INFO - Sync 1 DAGs
[2024-11-18T14:55:22.804+0000] {logging_mixin.py:151} INFO - [2024-11-18T14:55:22.803+0000] {dag.py:3722} INFO - Setting next_dagrun for example_skip_dag to 2024-11-17T14:55:22.803492+00:00, run_after=2024-11-18T14:55:22.803492+00:00
[2024-11-18T14:55:22.833+0000] {processor.py:179} INFO - Processing /home/airflow/.local/lib/python3.8/site-packages/airflow/example_dags/example_skip_dag.py took 0.114 seconds
[2024-11-18T14:55:56.097+0000] {processor.py:157} INFO - Started process (PID=2328) to work on /home/airflow/.local/lib/python3.8/site-packages/airflow/example_dags/example_skip_dag.py
[2024-11-18T14:55:56.098+0000] {processor.py:829} INFO - Processing file /home/airflow/.local/lib/python3.8/site-packages/airflow/example_dags/example_skip_dag.py for tasks to queue
[2024-11-18T14:55:56.102+0000] {logging_mixin.py:151} INFO - [2024-11-18T14:55:56.101+0000] {dagbag.py:536} INFO - Filling up the DagBag from /home/airflow/.local/lib/python3.8/site-packages/airflow/example_dags/example_skip_dag.py
[2024-11-18T14:55:56.112+0000] {processor.py:839} INFO - DAG(s) dict_keys(['example_skip_dag']) retrieved from /home/airflow/.local/lib/python3.8/site-packages/airflow/example_dags/example_skip_dag.py
[2024-11-18T14:55:56.144+0000] {logging_mixin.py:151} INFO - [2024-11-18T14:55:56.143+0000] {dag.py:2941} INFO - Sync 1 DAGs
[2024-11-18T14:55:56.179+0000] {logging_mixin.py:151} INFO - [2024-11-18T14:55:56.179+0000] {dag.py:3722} INFO - Setting next_dagrun for example_skip_dag to 2024-11-17T14:55:56.179058+00:00, run_after=2024-11-18T14:55:56.179058+00:00
[2024-11-18T14:55:56.208+0000] {processor.py:179} INFO - Processing /home/airflow/.local/lib/python3.8/site-packages/airflow/example_dags/example_skip_dag.py took 0.116 seconds
[2024-11-18T14:56:28.965+0000] {processor.py:157} INFO - Started process (PID=2383) to work on /home/airflow/.local/lib/python3.8/site-packages/airflow/example_dags/example_skip_dag.py
[2024-11-18T14:56:28.966+0000] {processor.py:829} INFO - Processing file /home/airflow/.local/lib/python3.8/site-packages/airflow/example_dags/example_skip_dag.py for tasks to queue
[2024-11-18T14:56:28.969+0000] {logging_mixin.py:151} INFO - [2024-11-18T14:56:28.969+0000] {dagbag.py:536} INFO - Filling up the DagBag from /home/airflow/.local/lib/python3.8/site-packages/airflow/example_dags/example_skip_dag.py
[2024-11-18T14:56:28.979+0000] {processor.py:839} INFO - DAG(s) dict_keys(['example_skip_dag']) retrieved from /home/airflow/.local/lib/python3.8/site-packages/airflow/example_dags/example_skip_dag.py
[2024-11-18T14:56:29.011+0000] {logging_mixin.py:151} INFO - [2024-11-18T14:56:29.011+0000] {dag.py:2941} INFO - Sync 1 DAGs
[2024-11-18T14:56:29.045+0000] {logging_mixin.py:151} INFO - [2024-11-18T14:56:29.045+0000] {dag.py:3722} INFO - Setting next_dagrun for example_skip_dag to 2024-11-17T14:56:29.045326+00:00, run_after=2024-11-18T14:56:29.045326+00:00
[2024-11-18T14:56:29.076+0000] {processor.py:179} INFO - Processing /home/airflow/.local/lib/python3.8/site-packages/airflow/example_dags/example_skip_dag.py took 0.116 seconds
[2024-11-18T14:57:02.732+0000] {processor.py:157} INFO - Started process (PID=2438) to work on /home/airflow/.local/lib/python3.8/site-packages/airflow/example_dags/example_skip_dag.py
[2024-11-18T14:57:02.734+0000] {processor.py:829} INFO - Processing file /home/airflow/.local/lib/python3.8/site-packages/airflow/example_dags/example_skip_dag.py for tasks to queue
[2024-11-18T14:57:02.737+0000] {logging_mixin.py:151} INFO - [2024-11-18T14:57:02.737+0000] {dagbag.py:536} INFO - Filling up the DagBag from /home/airflow/.local/lib/python3.8/site-packages/airflow/example_dags/example_skip_dag.py
[2024-11-18T14:57:02.750+0000] {processor.py:839} INFO - DAG(s) dict_keys(['example_skip_dag']) retrieved from /home/airflow/.local/lib/python3.8/site-packages/airflow/example_dags/example_skip_dag.py
[2024-11-18T14:57:02.787+0000] {logging_mixin.py:151} INFO - [2024-11-18T14:57:02.787+0000] {dag.py:2941} INFO - Sync 1 DAGs
[2024-11-18T14:57:02.832+0000] {logging_mixin.py:151} INFO - [2024-11-18T14:57:02.831+0000] {dag.py:3722} INFO - Setting next_dagrun for example_skip_dag to 2024-11-17T14:57:02.831396+00:00, run_after=2024-11-18T14:57:02.831396+00:00
[2024-11-18T14:57:02.864+0000] {processor.py:179} INFO - Processing /home/airflow/.local/lib/python3.8/site-packages/airflow/example_dags/example_skip_dag.py took 0.137 seconds
[2024-11-18T14:57:35.670+0000] {processor.py:157} INFO - Started process (PID=2493) to work on /home/airflow/.local/lib/python3.8/site-packages/airflow/example_dags/example_skip_dag.py
[2024-11-18T14:57:35.671+0000] {processor.py:829} INFO - Processing file /home/airflow/.local/lib/python3.8/site-packages/airflow/example_dags/example_skip_dag.py for tasks to queue
[2024-11-18T14:57:35.675+0000] {logging_mixin.py:151} INFO - [2024-11-18T14:57:35.674+0000] {dagbag.py:536} INFO - Filling up the DagBag from /home/airflow/.local/lib/python3.8/site-packages/airflow/example_dags/example_skip_dag.py
[2024-11-18T14:57:35.685+0000] {processor.py:839} INFO - DAG(s) dict_keys(['example_skip_dag']) retrieved from /home/airflow/.local/lib/python3.8/site-packages/airflow/example_dags/example_skip_dag.py
[2024-11-18T14:57:35.724+0000] {logging_mixin.py:151} INFO - [2024-11-18T14:57:35.724+0000] {dag.py:2941} INFO - Sync 1 DAGs
[2024-11-18T14:57:35.763+0000] {logging_mixin.py:151} INFO - [2024-11-18T14:57:35.762+0000] {dag.py:3722} INFO - Setting next_dagrun for example_skip_dag to 2024-11-17T14:57:35.762562+00:00, run_after=2024-11-18T14:57:35.762562+00:00
[2024-11-18T14:57:35.796+0000] {processor.py:179} INFO - Processing /home/airflow/.local/lib/python3.8/site-packages/airflow/example_dags/example_skip_dag.py took 0.132 seconds
[2024-11-18T14:58:09.415+0000] {processor.py:157} INFO - Started process (PID=2548) to work on /home/airflow/.local/lib/python3.8/site-packages/airflow/example_dags/example_skip_dag.py
[2024-11-18T14:58:09.417+0000] {processor.py:829} INFO - Processing file /home/airflow/.local/lib/python3.8/site-packages/airflow/example_dags/example_skip_dag.py for tasks to queue
[2024-11-18T14:58:09.421+0000] {logging_mixin.py:151} INFO - [2024-11-18T14:58:09.421+0000] {dagbag.py:536} INFO - Filling up the DagBag from /home/airflow/.local/lib/python3.8/site-packages/airflow/example_dags/example_skip_dag.py
[2024-11-18T14:58:09.431+0000] {processor.py:839} INFO - DAG(s) dict_keys(['example_skip_dag']) retrieved from /home/airflow/.local/lib/python3.8/site-packages/airflow/example_dags/example_skip_dag.py
[2024-11-18T14:58:09.466+0000] {logging_mixin.py:151} INFO - [2024-11-18T14:58:09.466+0000] {dag.py:2941} INFO - Sync 1 DAGs
[2024-11-18T14:58:09.500+0000] {logging_mixin.py:151} INFO - [2024-11-18T14:58:09.500+0000] {dag.py:3722} INFO - Setting next_dagrun for example_skip_dag to 2024-11-17T14:58:09.500141+00:00, run_after=2024-11-18T14:58:09.500141+00:00
[2024-11-18T14:58:09.527+0000] {processor.py:179} INFO - Processing /home/airflow/.local/lib/python3.8/site-packages/airflow/example_dags/example_skip_dag.py took 0.116 seconds
[2024-11-18T14:58:42.794+0000] {processor.py:157} INFO - Started process (PID=2603) to work on /home/airflow/.local/lib/python3.8/site-packages/airflow/example_dags/example_skip_dag.py
[2024-11-18T14:58:42.796+0000] {processor.py:829} INFO - Processing file /home/airflow/.local/lib/python3.8/site-packages/airflow/example_dags/example_skip_dag.py for tasks to queue
[2024-11-18T14:58:42.800+0000] {logging_mixin.py:151} INFO - [2024-11-18T14:58:42.799+0000] {dagbag.py:536} INFO - Filling up the DagBag from /home/airflow/.local/lib/python3.8/site-packages/airflow/example_dags/example_skip_dag.py
[2024-11-18T14:58:42.812+0000] {processor.py:839} INFO - DAG(s) dict_keys(['example_skip_dag']) retrieved from /home/airflow/.local/lib/python3.8/site-packages/airflow/example_dags/example_skip_dag.py
[2024-11-18T14:58:42.855+0000] {logging_mixin.py:151} INFO - [2024-11-18T14:58:42.854+0000] {dag.py:2941} INFO - Sync 1 DAGs
[2024-11-18T14:58:42.907+0000] {logging_mixin.py:151} INFO - [2024-11-18T14:58:42.906+0000] {dag.py:3722} INFO - Setting next_dagrun for example_skip_dag to 2024-11-17T14:58:42.906516+00:00, run_after=2024-11-18T14:58:42.906516+00:00
[2024-11-18T14:58:42.946+0000] {processor.py:179} INFO - Processing /home/airflow/.local/lib/python3.8/site-packages/airflow/example_dags/example_skip_dag.py took 0.156 seconds
