[2024-11-18T14:20:23.977+0000] {processor.py:157} INFO - Started process (PID=116) to work on /home/airflow/.local/lib/python3.8/site-packages/airflow/example_dags/tutorial_dag.py
[2024-11-18T14:20:23.979+0000] {processor.py:829} INFO - Processing file /home/airflow/.local/lib/python3.8/site-packages/airflow/example_dags/tutorial_dag.py for tasks to queue
[2024-11-18T14:20:23.984+0000] {logging_mixin.py:151} INFO - [2024-11-18T14:20:23.983+0000] {dagbag.py:536} INFO - Filling up the DagBag from /home/airflow/.local/lib/python3.8/site-packages/airflow/example_dags/tutorial_dag.py
[2024-11-18T14:20:24.001+0000] {processor.py:839} INFO - DAG(s) dict_keys(['tutorial_dag']) retrieved from /home/airflow/.local/lib/python3.8/site-packages/airflow/example_dags/tutorial_dag.py
[2024-11-18T14:20:24.217+0000] {logging_mixin.py:151} INFO - [2024-11-18T14:20:24.216+0000] {manager.py:499} INFO - Created Permission View: %s
[2024-11-18T14:20:24.234+0000] {logging_mixin.py:151} INFO - [2024-11-18T14:20:24.233+0000] {manager.py:499} INFO - Created Permission View: %s
[2024-11-18T14:20:24.246+0000] {logging_mixin.py:151} INFO - [2024-11-18T14:20:24.246+0000] {manager.py:499} INFO - Created Permission View: %s
[2024-11-18T14:20:24.247+0000] {logging_mixin.py:151} INFO - [2024-11-18T14:20:24.247+0000] {dag.py:2941} INFO - Sync 1 DAGs
[2024-11-18T14:20:24.265+0000] {logging_mixin.py:151} INFO - [2024-11-18T14:20:24.265+0000] {dag.py:2963} INFO - Creating ORM DAG for tutorial_dag
[2024-11-18T14:20:24.267+0000] {logging_mixin.py:151} INFO - [2024-11-18T14:20:24.267+0000] {dag.py:3722} INFO - Setting next_dagrun for tutorial_dag to None, run_after=None
[2024-11-18T14:20:24.303+0000] {processor.py:179} INFO - Processing /home/airflow/.local/lib/python3.8/site-packages/airflow/example_dags/tutorial_dag.py took 0.337 seconds
[2024-11-18T14:20:57.649+0000] {processor.py:157} INFO - Started process (PID=170) to work on /home/airflow/.local/lib/python3.8/site-packages/airflow/example_dags/tutorial_dag.py
[2024-11-18T14:20:57.650+0000] {processor.py:829} INFO - Processing file /home/airflow/.local/lib/python3.8/site-packages/airflow/example_dags/tutorial_dag.py for tasks to queue
[2024-11-18T14:20:57.654+0000] {logging_mixin.py:151} INFO - [2024-11-18T14:20:57.653+0000] {dagbag.py:536} INFO - Filling up the DagBag from /home/airflow/.local/lib/python3.8/site-packages/airflow/example_dags/tutorial_dag.py
[2024-11-18T14:20:57.662+0000] {processor.py:839} INFO - DAG(s) dict_keys(['tutorial_dag']) retrieved from /home/airflow/.local/lib/python3.8/site-packages/airflow/example_dags/tutorial_dag.py
[2024-11-18T14:20:57.704+0000] {logging_mixin.py:151} INFO - [2024-11-18T14:20:57.703+0000] {dag.py:2941} INFO - Sync 1 DAGs
[2024-11-18T14:20:57.728+0000] {logging_mixin.py:151} INFO - [2024-11-18T14:20:57.728+0000] {dag.py:3722} INFO - Setting next_dagrun for tutorial_dag to None, run_after=None
[2024-11-18T14:20:57.765+0000] {processor.py:179} INFO - Processing /home/airflow/.local/lib/python3.8/site-packages/airflow/example_dags/tutorial_dag.py took 0.121 seconds
[2024-11-18T14:21:31.193+0000] {processor.py:157} INFO - Started process (PID=224) to work on /home/airflow/.local/lib/python3.8/site-packages/airflow/example_dags/tutorial_dag.py
[2024-11-18T14:21:31.194+0000] {processor.py:829} INFO - Processing file /home/airflow/.local/lib/python3.8/site-packages/airflow/example_dags/tutorial_dag.py for tasks to queue
[2024-11-18T14:21:31.198+0000] {logging_mixin.py:151} INFO - [2024-11-18T14:21:31.197+0000] {dagbag.py:536} INFO - Filling up the DagBag from /home/airflow/.local/lib/python3.8/site-packages/airflow/example_dags/tutorial_dag.py
[2024-11-18T14:21:31.206+0000] {processor.py:839} INFO - DAG(s) dict_keys(['tutorial_dag']) retrieved from /home/airflow/.local/lib/python3.8/site-packages/airflow/example_dags/tutorial_dag.py
[2024-11-18T14:21:31.237+0000] {logging_mixin.py:151} INFO - [2024-11-18T14:21:31.237+0000] {dag.py:2941} INFO - Sync 1 DAGs
[2024-11-18T14:21:31.259+0000] {logging_mixin.py:151} INFO - [2024-11-18T14:21:31.258+0000] {dag.py:3722} INFO - Setting next_dagrun for tutorial_dag to None, run_after=None
[2024-11-18T14:21:31.289+0000] {processor.py:179} INFO - Processing /home/airflow/.local/lib/python3.8/site-packages/airflow/example_dags/tutorial_dag.py took 0.101 seconds
[2024-11-18T14:22:04.427+0000] {processor.py:157} INFO - Started process (PID=278) to work on /home/airflow/.local/lib/python3.8/site-packages/airflow/example_dags/tutorial_dag.py
[2024-11-18T14:22:04.429+0000] {processor.py:829} INFO - Processing file /home/airflow/.local/lib/python3.8/site-packages/airflow/example_dags/tutorial_dag.py for tasks to queue
[2024-11-18T14:22:04.433+0000] {logging_mixin.py:151} INFO - [2024-11-18T14:22:04.432+0000] {dagbag.py:536} INFO - Filling up the DagBag from /home/airflow/.local/lib/python3.8/site-packages/airflow/example_dags/tutorial_dag.py
[2024-11-18T14:22:04.444+0000] {processor.py:839} INFO - DAG(s) dict_keys(['tutorial_dag']) retrieved from /home/airflow/.local/lib/python3.8/site-packages/airflow/example_dags/tutorial_dag.py
[2024-11-18T14:22:04.476+0000] {logging_mixin.py:151} INFO - [2024-11-18T14:22:04.475+0000] {dag.py:2941} INFO - Sync 1 DAGs
[2024-11-18T14:22:04.496+0000] {logging_mixin.py:151} INFO - [2024-11-18T14:22:04.496+0000] {dag.py:3722} INFO - Setting next_dagrun for tutorial_dag to None, run_after=None
[2024-11-18T14:22:04.526+0000] {processor.py:179} INFO - Processing /home/airflow/.local/lib/python3.8/site-packages/airflow/example_dags/tutorial_dag.py took 0.105 seconds
[2024-11-18T14:22:37.917+0000] {processor.py:157} INFO - Started process (PID=333) to work on /home/airflow/.local/lib/python3.8/site-packages/airflow/example_dags/tutorial_dag.py
[2024-11-18T14:22:37.920+0000] {processor.py:829} INFO - Processing file /home/airflow/.local/lib/python3.8/site-packages/airflow/example_dags/tutorial_dag.py for tasks to queue
[2024-11-18T14:22:37.925+0000] {logging_mixin.py:151} INFO - [2024-11-18T14:22:37.925+0000] {dagbag.py:536} INFO - Filling up the DagBag from /home/airflow/.local/lib/python3.8/site-packages/airflow/example_dags/tutorial_dag.py
[2024-11-18T14:22:37.935+0000] {processor.py:839} INFO - DAG(s) dict_keys(['tutorial_dag']) retrieved from /home/airflow/.local/lib/python3.8/site-packages/airflow/example_dags/tutorial_dag.py
[2024-11-18T14:22:37.971+0000] {logging_mixin.py:151} INFO - [2024-11-18T14:22:37.971+0000] {dag.py:2941} INFO - Sync 1 DAGs
[2024-11-18T14:22:37.995+0000] {logging_mixin.py:151} INFO - [2024-11-18T14:22:37.994+0000] {dag.py:3722} INFO - Setting next_dagrun for tutorial_dag to None, run_after=None
[2024-11-18T14:22:38.029+0000] {processor.py:179} INFO - Processing /home/airflow/.local/lib/python3.8/site-packages/airflow/example_dags/tutorial_dag.py took 0.119 seconds
[2024-11-18T14:23:11.533+0000] {processor.py:157} INFO - Started process (PID=387) to work on /home/airflow/.local/lib/python3.8/site-packages/airflow/example_dags/tutorial_dag.py
[2024-11-18T14:23:11.534+0000] {processor.py:829} INFO - Processing file /home/airflow/.local/lib/python3.8/site-packages/airflow/example_dags/tutorial_dag.py for tasks to queue
[2024-11-18T14:23:11.538+0000] {logging_mixin.py:151} INFO - [2024-11-18T14:23:11.537+0000] {dagbag.py:536} INFO - Filling up the DagBag from /home/airflow/.local/lib/python3.8/site-packages/airflow/example_dags/tutorial_dag.py
[2024-11-18T14:23:11.546+0000] {processor.py:839} INFO - DAG(s) dict_keys(['tutorial_dag']) retrieved from /home/airflow/.local/lib/python3.8/site-packages/airflow/example_dags/tutorial_dag.py
[2024-11-18T14:23:11.581+0000] {logging_mixin.py:151} INFO - [2024-11-18T14:23:11.581+0000] {dag.py:2941} INFO - Sync 1 DAGs
[2024-11-18T14:23:11.608+0000] {logging_mixin.py:151} INFO - [2024-11-18T14:23:11.607+0000] {dag.py:3722} INFO - Setting next_dagrun for tutorial_dag to None, run_after=None
[2024-11-18T14:23:11.643+0000] {processor.py:179} INFO - Processing /home/airflow/.local/lib/python3.8/site-packages/airflow/example_dags/tutorial_dag.py took 0.115 seconds
[2024-11-18T14:23:44.128+0000] {processor.py:157} INFO - Started process (PID=441) to work on /home/airflow/.local/lib/python3.8/site-packages/airflow/example_dags/tutorial_dag.py
[2024-11-18T14:23:44.130+0000] {processor.py:829} INFO - Processing file /home/airflow/.local/lib/python3.8/site-packages/airflow/example_dags/tutorial_dag.py for tasks to queue
[2024-11-18T14:23:44.133+0000] {logging_mixin.py:151} INFO - [2024-11-18T14:23:44.132+0000] {dagbag.py:536} INFO - Filling up the DagBag from /home/airflow/.local/lib/python3.8/site-packages/airflow/example_dags/tutorial_dag.py
[2024-11-18T14:23:44.140+0000] {processor.py:839} INFO - DAG(s) dict_keys(['tutorial_dag']) retrieved from /home/airflow/.local/lib/python3.8/site-packages/airflow/example_dags/tutorial_dag.py
[2024-11-18T14:23:44.171+0000] {logging_mixin.py:151} INFO - [2024-11-18T14:23:44.171+0000] {dag.py:2941} INFO - Sync 1 DAGs
[2024-11-18T14:23:44.191+0000] {logging_mixin.py:151} INFO - [2024-11-18T14:23:44.191+0000] {dag.py:3722} INFO - Setting next_dagrun for tutorial_dag to None, run_after=None
[2024-11-18T14:23:44.218+0000] {processor.py:179} INFO - Processing /home/airflow/.local/lib/python3.8/site-packages/airflow/example_dags/tutorial_dag.py took 0.094 seconds
[2024-11-18T14:24:18.046+0000] {processor.py:157} INFO - Started process (PID=502) to work on /home/airflow/.local/lib/python3.8/site-packages/airflow/example_dags/tutorial_dag.py
[2024-11-18T14:24:18.048+0000] {processor.py:829} INFO - Processing file /home/airflow/.local/lib/python3.8/site-packages/airflow/example_dags/tutorial_dag.py for tasks to queue
[2024-11-18T14:24:18.051+0000] {logging_mixin.py:151} INFO - [2024-11-18T14:24:18.050+0000] {dagbag.py:536} INFO - Filling up the DagBag from /home/airflow/.local/lib/python3.8/site-packages/airflow/example_dags/tutorial_dag.py
[2024-11-18T14:24:18.058+0000] {processor.py:839} INFO - DAG(s) dict_keys(['tutorial_dag']) retrieved from /home/airflow/.local/lib/python3.8/site-packages/airflow/example_dags/tutorial_dag.py
[2024-11-18T14:24:18.089+0000] {logging_mixin.py:151} INFO - [2024-11-18T14:24:18.088+0000] {dag.py:2941} INFO - Sync 1 DAGs
[2024-11-18T14:24:18.108+0000] {logging_mixin.py:151} INFO - [2024-11-18T14:24:18.107+0000] {dag.py:3722} INFO - Setting next_dagrun for tutorial_dag to None, run_after=None
[2024-11-18T14:24:18.138+0000] {processor.py:179} INFO - Processing /home/airflow/.local/lib/python3.8/site-packages/airflow/example_dags/tutorial_dag.py took 0.096 seconds
[2024-11-18T14:24:52.455+0000] {processor.py:157} INFO - Started process (PID=565) to work on /home/airflow/.local/lib/python3.8/site-packages/airflow/example_dags/tutorial_dag.py
[2024-11-18T14:24:52.456+0000] {processor.py:829} INFO - Processing file /home/airflow/.local/lib/python3.8/site-packages/airflow/example_dags/tutorial_dag.py for tasks to queue
[2024-11-18T14:24:52.459+0000] {logging_mixin.py:151} INFO - [2024-11-18T14:24:52.459+0000] {dagbag.py:536} INFO - Filling up the DagBag from /home/airflow/.local/lib/python3.8/site-packages/airflow/example_dags/tutorial_dag.py
[2024-11-18T14:24:52.467+0000] {processor.py:839} INFO - DAG(s) dict_keys(['tutorial_dag']) retrieved from /home/airflow/.local/lib/python3.8/site-packages/airflow/example_dags/tutorial_dag.py
[2024-11-18T14:24:52.500+0000] {logging_mixin.py:151} INFO - [2024-11-18T14:24:52.499+0000] {dag.py:2941} INFO - Sync 1 DAGs
[2024-11-18T14:24:52.518+0000] {logging_mixin.py:151} INFO - [2024-11-18T14:24:52.518+0000] {dag.py:3722} INFO - Setting next_dagrun for tutorial_dag to None, run_after=None
[2024-11-18T14:24:52.545+0000] {processor.py:179} INFO - Processing /home/airflow/.local/lib/python3.8/site-packages/airflow/example_dags/tutorial_dag.py took 0.095 seconds
[2024-11-18T14:25:25.535+0000] {processor.py:157} INFO - Started process (PID=620) to work on /home/airflow/.local/lib/python3.8/site-packages/airflow/example_dags/tutorial_dag.py
[2024-11-18T14:25:25.537+0000] {processor.py:829} INFO - Processing file /home/airflow/.local/lib/python3.8/site-packages/airflow/example_dags/tutorial_dag.py for tasks to queue
[2024-11-18T14:25:25.540+0000] {logging_mixin.py:151} INFO - [2024-11-18T14:25:25.540+0000] {dagbag.py:536} INFO - Filling up the DagBag from /home/airflow/.local/lib/python3.8/site-packages/airflow/example_dags/tutorial_dag.py
[2024-11-18T14:25:25.548+0000] {processor.py:839} INFO - DAG(s) dict_keys(['tutorial_dag']) retrieved from /home/airflow/.local/lib/python3.8/site-packages/airflow/example_dags/tutorial_dag.py
[2024-11-18T14:25:25.566+0000] {logging_mixin.py:151} INFO - [2024-11-18T14:25:25.565+0000] {dag.py:2941} INFO - Sync 1 DAGs
[2024-11-18T14:25:25.586+0000] {logging_mixin.py:151} INFO - [2024-11-18T14:25:25.586+0000] {dag.py:3722} INFO - Setting next_dagrun for tutorial_dag to None, run_after=None
[2024-11-18T14:25:25.615+0000] {processor.py:179} INFO - Processing /home/airflow/.local/lib/python3.8/site-packages/airflow/example_dags/tutorial_dag.py took 0.085 seconds
[2024-11-18T14:25:56.400+0000] {processor.py:157} INFO - Started process (PID=674) to work on /home/airflow/.local/lib/python3.8/site-packages/airflow/example_dags/tutorial_dag.py
[2024-11-18T14:25:56.402+0000] {processor.py:829} INFO - Processing file /home/airflow/.local/lib/python3.8/site-packages/airflow/example_dags/tutorial_dag.py for tasks to queue
[2024-11-18T14:25:56.406+0000] {logging_mixin.py:151} INFO - [2024-11-18T14:25:56.405+0000] {dagbag.py:536} INFO - Filling up the DagBag from /home/airflow/.local/lib/python3.8/site-packages/airflow/example_dags/tutorial_dag.py
[2024-11-18T14:25:56.416+0000] {processor.py:839} INFO - DAG(s) dict_keys(['tutorial_dag']) retrieved from /home/airflow/.local/lib/python3.8/site-packages/airflow/example_dags/tutorial_dag.py
[2024-11-18T14:25:56.456+0000] {logging_mixin.py:151} INFO - [2024-11-18T14:25:56.456+0000] {dag.py:2941} INFO - Sync 1 DAGs
[2024-11-18T14:25:56.481+0000] {logging_mixin.py:151} INFO - [2024-11-18T14:25:56.481+0000] {dag.py:3722} INFO - Setting next_dagrun for tutorial_dag to None, run_after=None
[2024-11-18T14:25:56.512+0000] {processor.py:179} INFO - Processing /home/airflow/.local/lib/python3.8/site-packages/airflow/example_dags/tutorial_dag.py took 0.118 seconds
[2024-11-18T14:26:27.624+0000] {processor.py:157} INFO - Started process (PID=728) to work on /home/airflow/.local/lib/python3.8/site-packages/airflow/example_dags/tutorial_dag.py
[2024-11-18T14:26:27.625+0000] {processor.py:829} INFO - Processing file /home/airflow/.local/lib/python3.8/site-packages/airflow/example_dags/tutorial_dag.py for tasks to queue
[2024-11-18T14:26:27.630+0000] {logging_mixin.py:151} INFO - [2024-11-18T14:26:27.629+0000] {dagbag.py:536} INFO - Filling up the DagBag from /home/airflow/.local/lib/python3.8/site-packages/airflow/example_dags/tutorial_dag.py
[2024-11-18T14:26:27.639+0000] {processor.py:839} INFO - DAG(s) dict_keys(['tutorial_dag']) retrieved from /home/airflow/.local/lib/python3.8/site-packages/airflow/example_dags/tutorial_dag.py
[2024-11-18T14:26:27.677+0000] {logging_mixin.py:151} INFO - [2024-11-18T14:26:27.676+0000] {dag.py:2941} INFO - Sync 1 DAGs
[2024-11-18T14:26:27.701+0000] {logging_mixin.py:151} INFO - [2024-11-18T14:26:27.701+0000] {dag.py:3722} INFO - Setting next_dagrun for tutorial_dag to None, run_after=None
[2024-11-18T14:26:27.742+0000] {processor.py:179} INFO - Processing /home/airflow/.local/lib/python3.8/site-packages/airflow/example_dags/tutorial_dag.py took 0.125 seconds
[2024-11-18T14:26:58.300+0000] {processor.py:157} INFO - Started process (PID=782) to work on /home/airflow/.local/lib/python3.8/site-packages/airflow/example_dags/tutorial_dag.py
[2024-11-18T14:26:58.308+0000] {processor.py:829} INFO - Processing file /home/airflow/.local/lib/python3.8/site-packages/airflow/example_dags/tutorial_dag.py for tasks to queue
[2024-11-18T14:26:58.313+0000] {logging_mixin.py:151} INFO - [2024-11-18T14:26:58.312+0000] {dagbag.py:536} INFO - Filling up the DagBag from /home/airflow/.local/lib/python3.8/site-packages/airflow/example_dags/tutorial_dag.py
[2024-11-18T14:26:58.328+0000] {processor.py:839} INFO - DAG(s) dict_keys(['tutorial_dag']) retrieved from /home/airflow/.local/lib/python3.8/site-packages/airflow/example_dags/tutorial_dag.py
[2024-11-18T14:26:58.362+0000] {logging_mixin.py:151} INFO - [2024-11-18T14:26:58.362+0000] {dag.py:2941} INFO - Sync 1 DAGs
[2024-11-18T14:26:58.381+0000] {logging_mixin.py:151} INFO - [2024-11-18T14:26:58.381+0000] {dag.py:3722} INFO - Setting next_dagrun for tutorial_dag to None, run_after=None
[2024-11-18T14:26:58.411+0000] {processor.py:179} INFO - Processing /home/airflow/.local/lib/python3.8/site-packages/airflow/example_dags/tutorial_dag.py took 0.115 seconds
[2024-11-18T14:27:28.969+0000] {processor.py:157} INFO - Started process (PID=829) to work on /home/airflow/.local/lib/python3.8/site-packages/airflow/example_dags/tutorial_dag.py
[2024-11-18T14:27:28.970+0000] {processor.py:829} INFO - Processing file /home/airflow/.local/lib/python3.8/site-packages/airflow/example_dags/tutorial_dag.py for tasks to queue
[2024-11-18T14:27:28.974+0000] {logging_mixin.py:151} INFO - [2024-11-18T14:27:28.973+0000] {dagbag.py:536} INFO - Filling up the DagBag from /home/airflow/.local/lib/python3.8/site-packages/airflow/example_dags/tutorial_dag.py
[2024-11-18T14:27:28.981+0000] {processor.py:839} INFO - DAG(s) dict_keys(['tutorial_dag']) retrieved from /home/airflow/.local/lib/python3.8/site-packages/airflow/example_dags/tutorial_dag.py
[2024-11-18T14:27:29.012+0000] {logging_mixin.py:151} INFO - [2024-11-18T14:27:29.011+0000] {dag.py:2941} INFO - Sync 1 DAGs
[2024-11-18T14:27:29.034+0000] {logging_mixin.py:151} INFO - [2024-11-18T14:27:29.034+0000] {dag.py:3722} INFO - Setting next_dagrun for tutorial_dag to None, run_after=None
[2024-11-18T14:27:29.062+0000] {processor.py:179} INFO - Processing /home/airflow/.local/lib/python3.8/site-packages/airflow/example_dags/tutorial_dag.py took 0.098 seconds
[2024-11-18T14:28:00.166+0000] {processor.py:157} INFO - Started process (PID=883) to work on /home/airflow/.local/lib/python3.8/site-packages/airflow/example_dags/tutorial_dag.py
[2024-11-18T14:28:00.167+0000] {processor.py:829} INFO - Processing file /home/airflow/.local/lib/python3.8/site-packages/airflow/example_dags/tutorial_dag.py for tasks to queue
[2024-11-18T14:28:00.171+0000] {logging_mixin.py:151} INFO - [2024-11-18T14:28:00.171+0000] {dagbag.py:536} INFO - Filling up the DagBag from /home/airflow/.local/lib/python3.8/site-packages/airflow/example_dags/tutorial_dag.py
[2024-11-18T14:28:00.179+0000] {processor.py:839} INFO - DAG(s) dict_keys(['tutorial_dag']) retrieved from /home/airflow/.local/lib/python3.8/site-packages/airflow/example_dags/tutorial_dag.py
[2024-11-18T14:28:00.216+0000] {logging_mixin.py:151} INFO - [2024-11-18T14:28:00.215+0000] {dag.py:2941} INFO - Sync 1 DAGs
[2024-11-18T14:28:00.238+0000] {logging_mixin.py:151} INFO - [2024-11-18T14:28:00.238+0000] {dag.py:3722} INFO - Setting next_dagrun for tutorial_dag to None, run_after=None
[2024-11-18T14:28:00.269+0000] {processor.py:179} INFO - Processing /home/airflow/.local/lib/python3.8/site-packages/airflow/example_dags/tutorial_dag.py took 0.108 seconds
[2024-11-18T14:28:31.057+0000] {processor.py:157} INFO - Started process (PID=938) to work on /home/airflow/.local/lib/python3.8/site-packages/airflow/example_dags/tutorial_dag.py
[2024-11-18T14:28:31.059+0000] {processor.py:829} INFO - Processing file /home/airflow/.local/lib/python3.8/site-packages/airflow/example_dags/tutorial_dag.py for tasks to queue
[2024-11-18T14:28:31.062+0000] {logging_mixin.py:151} INFO - [2024-11-18T14:28:31.062+0000] {dagbag.py:536} INFO - Filling up the DagBag from /home/airflow/.local/lib/python3.8/site-packages/airflow/example_dags/tutorial_dag.py
[2024-11-18T14:28:31.071+0000] {processor.py:839} INFO - DAG(s) dict_keys(['tutorial_dag']) retrieved from /home/airflow/.local/lib/python3.8/site-packages/airflow/example_dags/tutorial_dag.py
[2024-11-18T14:28:31.102+0000] {logging_mixin.py:151} INFO - [2024-11-18T14:28:31.101+0000] {dag.py:2941} INFO - Sync 1 DAGs
[2024-11-18T14:28:31.122+0000] {logging_mixin.py:151} INFO - [2024-11-18T14:28:31.121+0000] {dag.py:3722} INFO - Setting next_dagrun for tutorial_dag to None, run_after=None
[2024-11-18T14:28:31.148+0000] {processor.py:179} INFO - Processing /home/airflow/.local/lib/python3.8/site-packages/airflow/example_dags/tutorial_dag.py took 0.096 seconds
[2024-11-18T14:29:01.497+0000] {processor.py:157} INFO - Started process (PID=992) to work on /home/airflow/.local/lib/python3.8/site-packages/airflow/example_dags/tutorial_dag.py
[2024-11-18T14:29:01.498+0000] {processor.py:829} INFO - Processing file /home/airflow/.local/lib/python3.8/site-packages/airflow/example_dags/tutorial_dag.py for tasks to queue
[2024-11-18T14:29:01.503+0000] {logging_mixin.py:151} INFO - [2024-11-18T14:29:01.503+0000] {dagbag.py:536} INFO - Filling up the DagBag from /home/airflow/.local/lib/python3.8/site-packages/airflow/example_dags/tutorial_dag.py
[2024-11-18T14:29:01.512+0000] {processor.py:839} INFO - DAG(s) dict_keys(['tutorial_dag']) retrieved from /home/airflow/.local/lib/python3.8/site-packages/airflow/example_dags/tutorial_dag.py
[2024-11-18T14:29:01.549+0000] {logging_mixin.py:151} INFO - [2024-11-18T14:29:01.549+0000] {dag.py:2941} INFO - Sync 1 DAGs
[2024-11-18T14:29:01.569+0000] {logging_mixin.py:151} INFO - [2024-11-18T14:29:01.569+0000] {dag.py:3722} INFO - Setting next_dagrun for tutorial_dag to None, run_after=None
[2024-11-18T14:29:01.598+0000] {processor.py:179} INFO - Processing /home/airflow/.local/lib/python3.8/site-packages/airflow/example_dags/tutorial_dag.py took 0.108 seconds
[2024-11-18T14:29:32.486+0000] {processor.py:157} INFO - Started process (PID=1046) to work on /home/airflow/.local/lib/python3.8/site-packages/airflow/example_dags/tutorial_dag.py
[2024-11-18T14:29:32.487+0000] {processor.py:829} INFO - Processing file /home/airflow/.local/lib/python3.8/site-packages/airflow/example_dags/tutorial_dag.py for tasks to queue
[2024-11-18T14:29:32.491+0000] {logging_mixin.py:151} INFO - [2024-11-18T14:29:32.490+0000] {dagbag.py:536} INFO - Filling up the DagBag from /home/airflow/.local/lib/python3.8/site-packages/airflow/example_dags/tutorial_dag.py
[2024-11-18T14:29:32.506+0000] {processor.py:839} INFO - DAG(s) dict_keys(['tutorial_dag']) retrieved from /home/airflow/.local/lib/python3.8/site-packages/airflow/example_dags/tutorial_dag.py
[2024-11-18T14:29:32.551+0000] {logging_mixin.py:151} INFO - [2024-11-18T14:29:32.551+0000] {dag.py:2941} INFO - Sync 1 DAGs
[2024-11-18T14:29:32.582+0000] {logging_mixin.py:151} INFO - [2024-11-18T14:29:32.581+0000] {dag.py:3722} INFO - Setting next_dagrun for tutorial_dag to None, run_after=None
[2024-11-18T14:29:32.620+0000] {processor.py:179} INFO - Processing /home/airflow/.local/lib/python3.8/site-packages/airflow/example_dags/tutorial_dag.py took 0.139 seconds
[2024-11-18T14:30:03.131+0000] {processor.py:157} INFO - Started process (PID=1100) to work on /home/airflow/.local/lib/python3.8/site-packages/airflow/example_dags/tutorial_dag.py
[2024-11-18T14:30:03.132+0000] {processor.py:829} INFO - Processing file /home/airflow/.local/lib/python3.8/site-packages/airflow/example_dags/tutorial_dag.py for tasks to queue
[2024-11-18T14:30:03.136+0000] {logging_mixin.py:151} INFO - [2024-11-18T14:30:03.135+0000] {dagbag.py:536} INFO - Filling up the DagBag from /home/airflow/.local/lib/python3.8/site-packages/airflow/example_dags/tutorial_dag.py
[2024-11-18T14:30:03.143+0000] {processor.py:839} INFO - DAG(s) dict_keys(['tutorial_dag']) retrieved from /home/airflow/.local/lib/python3.8/site-packages/airflow/example_dags/tutorial_dag.py
[2024-11-18T14:30:03.174+0000] {logging_mixin.py:151} INFO - [2024-11-18T14:30:03.174+0000] {dag.py:2941} INFO - Sync 1 DAGs
[2024-11-18T14:30:03.198+0000] {logging_mixin.py:151} INFO - [2024-11-18T14:30:03.197+0000] {dag.py:3722} INFO - Setting next_dagrun for tutorial_dag to None, run_after=None
[2024-11-18T14:30:03.228+0000] {processor.py:179} INFO - Processing /home/airflow/.local/lib/python3.8/site-packages/airflow/example_dags/tutorial_dag.py took 0.103 seconds
[2024-11-18T14:33:20.768+0000] {processor.py:157} INFO - Started process (PID=115) to work on /home/airflow/.local/lib/python3.8/site-packages/airflow/example_dags/tutorial_dag.py
[2024-11-18T14:33:20.769+0000] {processor.py:829} INFO - Processing file /home/airflow/.local/lib/python3.8/site-packages/airflow/example_dags/tutorial_dag.py for tasks to queue
[2024-11-18T14:33:20.773+0000] {logging_mixin.py:151} INFO - [2024-11-18T14:33:20.773+0000] {dagbag.py:536} INFO - Filling up the DagBag from /home/airflow/.local/lib/python3.8/site-packages/airflow/example_dags/tutorial_dag.py
[2024-11-18T14:33:20.787+0000] {processor.py:839} INFO - DAG(s) dict_keys(['tutorial_dag']) retrieved from /home/airflow/.local/lib/python3.8/site-packages/airflow/example_dags/tutorial_dag.py
[2024-11-18T14:33:20.831+0000] {logging_mixin.py:151} INFO - [2024-11-18T14:33:20.831+0000] {dag.py:2941} INFO - Sync 1 DAGs
[2024-11-18T14:33:20.860+0000] {logging_mixin.py:151} INFO - [2024-11-18T14:33:20.859+0000] {dag.py:3722} INFO - Setting next_dagrun for tutorial_dag to None, run_after=None
[2024-11-18T14:33:20.896+0000] {processor.py:179} INFO - Processing /home/airflow/.local/lib/python3.8/site-packages/airflow/example_dags/tutorial_dag.py took 0.133 seconds
[2024-11-18T14:33:51.080+0000] {processor.py:157} INFO - Started process (PID=162) to work on /home/airflow/.local/lib/python3.8/site-packages/airflow/example_dags/tutorial_dag.py
[2024-11-18T14:33:51.081+0000] {processor.py:829} INFO - Processing file /home/airflow/.local/lib/python3.8/site-packages/airflow/example_dags/tutorial_dag.py for tasks to queue
[2024-11-18T14:33:51.084+0000] {logging_mixin.py:151} INFO - [2024-11-18T14:33:51.084+0000] {dagbag.py:536} INFO - Filling up the DagBag from /home/airflow/.local/lib/python3.8/site-packages/airflow/example_dags/tutorial_dag.py
[2024-11-18T14:33:51.093+0000] {processor.py:839} INFO - DAG(s) dict_keys(['tutorial_dag']) retrieved from /home/airflow/.local/lib/python3.8/site-packages/airflow/example_dags/tutorial_dag.py
[2024-11-18T14:33:51.124+0000] {logging_mixin.py:151} INFO - [2024-11-18T14:33:51.124+0000] {dag.py:2941} INFO - Sync 1 DAGs
[2024-11-18T14:33:51.143+0000] {logging_mixin.py:151} INFO - [2024-11-18T14:33:51.143+0000] {dag.py:3722} INFO - Setting next_dagrun for tutorial_dag to None, run_after=None
[2024-11-18T14:33:51.180+0000] {processor.py:179} INFO - Processing /home/airflow/.local/lib/python3.8/site-packages/airflow/example_dags/tutorial_dag.py took 0.106 seconds
[2024-11-18T14:34:21.882+0000] {processor.py:157} INFO - Started process (PID=216) to work on /home/airflow/.local/lib/python3.8/site-packages/airflow/example_dags/tutorial_dag.py
[2024-11-18T14:34:21.884+0000] {processor.py:829} INFO - Processing file /home/airflow/.local/lib/python3.8/site-packages/airflow/example_dags/tutorial_dag.py for tasks to queue
[2024-11-18T14:34:21.888+0000] {logging_mixin.py:151} INFO - [2024-11-18T14:34:21.887+0000] {dagbag.py:536} INFO - Filling up the DagBag from /home/airflow/.local/lib/python3.8/site-packages/airflow/example_dags/tutorial_dag.py
[2024-11-18T14:34:21.896+0000] {processor.py:839} INFO - DAG(s) dict_keys(['tutorial_dag']) retrieved from /home/airflow/.local/lib/python3.8/site-packages/airflow/example_dags/tutorial_dag.py
[2024-11-18T14:34:21.930+0000] {logging_mixin.py:151} INFO - [2024-11-18T14:34:21.929+0000] {dag.py:2941} INFO - Sync 1 DAGs
[2024-11-18T14:34:21.952+0000] {logging_mixin.py:151} INFO - [2024-11-18T14:34:21.952+0000] {dag.py:3722} INFO - Setting next_dagrun for tutorial_dag to None, run_after=None
[2024-11-18T14:34:21.984+0000] {processor.py:179} INFO - Processing /home/airflow/.local/lib/python3.8/site-packages/airflow/example_dags/tutorial_dag.py took 0.107 seconds
[2024-11-18T14:34:52.624+0000] {processor.py:157} INFO - Started process (PID=270) to work on /home/airflow/.local/lib/python3.8/site-packages/airflow/example_dags/tutorial_dag.py
[2024-11-18T14:34:52.626+0000] {processor.py:829} INFO - Processing file /home/airflow/.local/lib/python3.8/site-packages/airflow/example_dags/tutorial_dag.py for tasks to queue
[2024-11-18T14:34:52.629+0000] {logging_mixin.py:151} INFO - [2024-11-18T14:34:52.629+0000] {dagbag.py:536} INFO - Filling up the DagBag from /home/airflow/.local/lib/python3.8/site-packages/airflow/example_dags/tutorial_dag.py
[2024-11-18T14:34:52.637+0000] {processor.py:839} INFO - DAG(s) dict_keys(['tutorial_dag']) retrieved from /home/airflow/.local/lib/python3.8/site-packages/airflow/example_dags/tutorial_dag.py
[2024-11-18T14:34:52.670+0000] {logging_mixin.py:151} INFO - [2024-11-18T14:34:52.670+0000] {dag.py:2941} INFO - Sync 1 DAGs
[2024-11-18T14:34:52.691+0000] {logging_mixin.py:151} INFO - [2024-11-18T14:34:52.691+0000] {dag.py:3722} INFO - Setting next_dagrun for tutorial_dag to None, run_after=None
[2024-11-18T14:34:52.721+0000] {processor.py:179} INFO - Processing /home/airflow/.local/lib/python3.8/site-packages/airflow/example_dags/tutorial_dag.py took 0.102 seconds
[2024-11-18T14:35:24.300+0000] {processor.py:157} INFO - Started process (PID=324) to work on /home/airflow/.local/lib/python3.8/site-packages/airflow/example_dags/tutorial_dag.py
[2024-11-18T14:35:24.302+0000] {processor.py:829} INFO - Processing file /home/airflow/.local/lib/python3.8/site-packages/airflow/example_dags/tutorial_dag.py for tasks to queue
[2024-11-18T14:35:24.305+0000] {logging_mixin.py:151} INFO - [2024-11-18T14:35:24.304+0000] {dagbag.py:536} INFO - Filling up the DagBag from /home/airflow/.local/lib/python3.8/site-packages/airflow/example_dags/tutorial_dag.py
[2024-11-18T14:35:24.312+0000] {processor.py:839} INFO - DAG(s) dict_keys(['tutorial_dag']) retrieved from /home/airflow/.local/lib/python3.8/site-packages/airflow/example_dags/tutorial_dag.py
[2024-11-18T14:35:24.343+0000] {logging_mixin.py:151} INFO - [2024-11-18T14:35:24.342+0000] {dag.py:2941} INFO - Sync 1 DAGs
[2024-11-18T14:35:24.362+0000] {logging_mixin.py:151} INFO - [2024-11-18T14:35:24.362+0000] {dag.py:3722} INFO - Setting next_dagrun for tutorial_dag to None, run_after=None
[2024-11-18T14:35:24.389+0000] {processor.py:179} INFO - Processing /home/airflow/.local/lib/python3.8/site-packages/airflow/example_dags/tutorial_dag.py took 0.094 seconds
[2024-11-18T14:35:57.261+0000] {processor.py:157} INFO - Started process (PID=378) to work on /home/airflow/.local/lib/python3.8/site-packages/airflow/example_dags/tutorial_dag.py
[2024-11-18T14:35:57.263+0000] {processor.py:829} INFO - Processing file /home/airflow/.local/lib/python3.8/site-packages/airflow/example_dags/tutorial_dag.py for tasks to queue
[2024-11-18T14:35:57.266+0000] {logging_mixin.py:151} INFO - [2024-11-18T14:35:57.265+0000] {dagbag.py:536} INFO - Filling up the DagBag from /home/airflow/.local/lib/python3.8/site-packages/airflow/example_dags/tutorial_dag.py
[2024-11-18T14:35:57.273+0000] {processor.py:839} INFO - DAG(s) dict_keys(['tutorial_dag']) retrieved from /home/airflow/.local/lib/python3.8/site-packages/airflow/example_dags/tutorial_dag.py
[2024-11-18T14:35:57.304+0000] {logging_mixin.py:151} INFO - [2024-11-18T14:35:57.303+0000] {dag.py:2941} INFO - Sync 1 DAGs
[2024-11-18T14:35:57.323+0000] {logging_mixin.py:151} INFO - [2024-11-18T14:35:57.322+0000] {dag.py:3722} INFO - Setting next_dagrun for tutorial_dag to None, run_after=None
[2024-11-18T14:35:57.350+0000] {processor.py:179} INFO - Processing /home/airflow/.local/lib/python3.8/site-packages/airflow/example_dags/tutorial_dag.py took 0.094 seconds
[2024-11-18T14:36:31.150+0000] {processor.py:157} INFO - Started process (PID=432) to work on /home/airflow/.local/lib/python3.8/site-packages/airflow/example_dags/tutorial_dag.py
[2024-11-18T14:36:31.151+0000] {processor.py:829} INFO - Processing file /home/airflow/.local/lib/python3.8/site-packages/airflow/example_dags/tutorial_dag.py for tasks to queue
[2024-11-18T14:36:31.154+0000] {logging_mixin.py:151} INFO - [2024-11-18T14:36:31.154+0000] {dagbag.py:536} INFO - Filling up the DagBag from /home/airflow/.local/lib/python3.8/site-packages/airflow/example_dags/tutorial_dag.py
[2024-11-18T14:36:31.162+0000] {processor.py:839} INFO - DAG(s) dict_keys(['tutorial_dag']) retrieved from /home/airflow/.local/lib/python3.8/site-packages/airflow/example_dags/tutorial_dag.py
[2024-11-18T14:36:31.192+0000] {logging_mixin.py:151} INFO - [2024-11-18T14:36:31.192+0000] {dag.py:2941} INFO - Sync 1 DAGs
[2024-11-18T14:36:31.215+0000] {logging_mixin.py:151} INFO - [2024-11-18T14:36:31.215+0000] {dag.py:3722} INFO - Setting next_dagrun for tutorial_dag to None, run_after=None
[2024-11-18T14:36:31.243+0000] {processor.py:179} INFO - Processing /home/airflow/.local/lib/python3.8/site-packages/airflow/example_dags/tutorial_dag.py took 0.098 seconds
[2024-11-18T14:37:04.056+0000] {processor.py:157} INFO - Started process (PID=486) to work on /home/airflow/.local/lib/python3.8/site-packages/airflow/example_dags/tutorial_dag.py
[2024-11-18T14:37:04.058+0000] {processor.py:829} INFO - Processing file /home/airflow/.local/lib/python3.8/site-packages/airflow/example_dags/tutorial_dag.py for tasks to queue
[2024-11-18T14:37:04.061+0000] {logging_mixin.py:151} INFO - [2024-11-18T14:37:04.060+0000] {dagbag.py:536} INFO - Filling up the DagBag from /home/airflow/.local/lib/python3.8/site-packages/airflow/example_dags/tutorial_dag.py
[2024-11-18T14:37:04.068+0000] {processor.py:839} INFO - DAG(s) dict_keys(['tutorial_dag']) retrieved from /home/airflow/.local/lib/python3.8/site-packages/airflow/example_dags/tutorial_dag.py
[2024-11-18T14:37:04.099+0000] {logging_mixin.py:151} INFO - [2024-11-18T14:37:04.098+0000] {dag.py:2941} INFO - Sync 1 DAGs
[2024-11-18T14:37:04.118+0000] {logging_mixin.py:151} INFO - [2024-11-18T14:37:04.118+0000] {dag.py:3722} INFO - Setting next_dagrun for tutorial_dag to None, run_after=None
[2024-11-18T14:37:04.148+0000] {processor.py:179} INFO - Processing /home/airflow/.local/lib/python3.8/site-packages/airflow/example_dags/tutorial_dag.py took 0.096 seconds
[2024-11-18T14:37:37.262+0000] {processor.py:157} INFO - Started process (PID=540) to work on /home/airflow/.local/lib/python3.8/site-packages/airflow/example_dags/tutorial_dag.py
[2024-11-18T14:37:37.264+0000] {processor.py:829} INFO - Processing file /home/airflow/.local/lib/python3.8/site-packages/airflow/example_dags/tutorial_dag.py for tasks to queue
[2024-11-18T14:37:37.267+0000] {logging_mixin.py:151} INFO - [2024-11-18T14:37:37.266+0000] {dagbag.py:536} INFO - Filling up the DagBag from /home/airflow/.local/lib/python3.8/site-packages/airflow/example_dags/tutorial_dag.py
[2024-11-18T14:37:37.274+0000] {processor.py:839} INFO - DAG(s) dict_keys(['tutorial_dag']) retrieved from /home/airflow/.local/lib/python3.8/site-packages/airflow/example_dags/tutorial_dag.py
[2024-11-18T14:37:37.304+0000] {logging_mixin.py:151} INFO - [2024-11-18T14:37:37.303+0000] {dag.py:2941} INFO - Sync 1 DAGs
[2024-11-18T14:37:37.323+0000] {logging_mixin.py:151} INFO - [2024-11-18T14:37:37.322+0000] {dag.py:3722} INFO - Setting next_dagrun for tutorial_dag to None, run_after=None
[2024-11-18T14:37:37.350+0000] {processor.py:179} INFO - Processing /home/airflow/.local/lib/python3.8/site-packages/airflow/example_dags/tutorial_dag.py took 0.092 seconds
[2024-11-18T14:38:10.598+0000] {processor.py:157} INFO - Started process (PID=594) to work on /home/airflow/.local/lib/python3.8/site-packages/airflow/example_dags/tutorial_dag.py
[2024-11-18T14:38:10.600+0000] {processor.py:829} INFO - Processing file /home/airflow/.local/lib/python3.8/site-packages/airflow/example_dags/tutorial_dag.py for tasks to queue
[2024-11-18T14:38:10.603+0000] {logging_mixin.py:151} INFO - [2024-11-18T14:38:10.602+0000] {dagbag.py:536} INFO - Filling up the DagBag from /home/airflow/.local/lib/python3.8/site-packages/airflow/example_dags/tutorial_dag.py
[2024-11-18T14:38:10.610+0000] {processor.py:839} INFO - DAG(s) dict_keys(['tutorial_dag']) retrieved from /home/airflow/.local/lib/python3.8/site-packages/airflow/example_dags/tutorial_dag.py
[2024-11-18T14:38:10.641+0000] {logging_mixin.py:151} INFO - [2024-11-18T14:38:10.641+0000] {dag.py:2941} INFO - Sync 1 DAGs
[2024-11-18T14:38:10.661+0000] {logging_mixin.py:151} INFO - [2024-11-18T14:38:10.660+0000] {dag.py:3722} INFO - Setting next_dagrun for tutorial_dag to None, run_after=None
[2024-11-18T14:38:10.687+0000] {processor.py:179} INFO - Processing /home/airflow/.local/lib/python3.8/site-packages/airflow/example_dags/tutorial_dag.py took 0.093 seconds
[2024-11-18T14:38:43.865+0000] {processor.py:157} INFO - Started process (PID=648) to work on /home/airflow/.local/lib/python3.8/site-packages/airflow/example_dags/tutorial_dag.py
[2024-11-18T14:38:43.866+0000] {processor.py:829} INFO - Processing file /home/airflow/.local/lib/python3.8/site-packages/airflow/example_dags/tutorial_dag.py for tasks to queue
[2024-11-18T14:38:43.869+0000] {logging_mixin.py:151} INFO - [2024-11-18T14:38:43.869+0000] {dagbag.py:536} INFO - Filling up the DagBag from /home/airflow/.local/lib/python3.8/site-packages/airflow/example_dags/tutorial_dag.py
[2024-11-18T14:38:43.877+0000] {processor.py:839} INFO - DAG(s) dict_keys(['tutorial_dag']) retrieved from /home/airflow/.local/lib/python3.8/site-packages/airflow/example_dags/tutorial_dag.py
[2024-11-18T14:38:43.906+0000] {logging_mixin.py:151} INFO - [2024-11-18T14:38:43.905+0000] {dag.py:2941} INFO - Sync 1 DAGs
[2024-11-18T14:38:43.926+0000] {logging_mixin.py:151} INFO - [2024-11-18T14:38:43.926+0000] {dag.py:3722} INFO - Setting next_dagrun for tutorial_dag to None, run_after=None
[2024-11-18T14:38:43.953+0000] {processor.py:179} INFO - Processing /home/airflow/.local/lib/python3.8/site-packages/airflow/example_dags/tutorial_dag.py took 0.093 seconds
[2024-11-18T14:39:17.905+0000] {processor.py:157} INFO - Started process (PID=702) to work on /home/airflow/.local/lib/python3.8/site-packages/airflow/example_dags/tutorial_dag.py
[2024-11-18T14:39:17.906+0000] {processor.py:829} INFO - Processing file /home/airflow/.local/lib/python3.8/site-packages/airflow/example_dags/tutorial_dag.py for tasks to queue
[2024-11-18T14:39:17.909+0000] {logging_mixin.py:151} INFO - [2024-11-18T14:39:17.909+0000] {dagbag.py:536} INFO - Filling up the DagBag from /home/airflow/.local/lib/python3.8/site-packages/airflow/example_dags/tutorial_dag.py
[2024-11-18T14:39:17.917+0000] {processor.py:839} INFO - DAG(s) dict_keys(['tutorial_dag']) retrieved from /home/airflow/.local/lib/python3.8/site-packages/airflow/example_dags/tutorial_dag.py
[2024-11-18T14:39:17.946+0000] {logging_mixin.py:151} INFO - [2024-11-18T14:39:17.946+0000] {dag.py:2941} INFO - Sync 1 DAGs
[2024-11-18T14:39:17.965+0000] {logging_mixin.py:151} INFO - [2024-11-18T14:39:17.965+0000] {dag.py:3722} INFO - Setting next_dagrun for tutorial_dag to None, run_after=None
[2024-11-18T14:39:17.992+0000] {processor.py:179} INFO - Processing /home/airflow/.local/lib/python3.8/site-packages/airflow/example_dags/tutorial_dag.py took 0.091 seconds
[2024-11-18T14:39:50.828+0000] {processor.py:157} INFO - Started process (PID=756) to work on /home/airflow/.local/lib/python3.8/site-packages/airflow/example_dags/tutorial_dag.py
[2024-11-18T14:39:50.829+0000] {processor.py:829} INFO - Processing file /home/airflow/.local/lib/python3.8/site-packages/airflow/example_dags/tutorial_dag.py for tasks to queue
[2024-11-18T14:39:50.832+0000] {logging_mixin.py:151} INFO - [2024-11-18T14:39:50.832+0000] {dagbag.py:536} INFO - Filling up the DagBag from /home/airflow/.local/lib/python3.8/site-packages/airflow/example_dags/tutorial_dag.py
[2024-11-18T14:39:50.840+0000] {processor.py:839} INFO - DAG(s) dict_keys(['tutorial_dag']) retrieved from /home/airflow/.local/lib/python3.8/site-packages/airflow/example_dags/tutorial_dag.py
[2024-11-18T14:39:50.870+0000] {logging_mixin.py:151} INFO - [2024-11-18T14:39:50.870+0000] {dag.py:2941} INFO - Sync 1 DAGs
[2024-11-18T14:39:50.889+0000] {logging_mixin.py:151} INFO - [2024-11-18T14:39:50.889+0000] {dag.py:3722} INFO - Setting next_dagrun for tutorial_dag to None, run_after=None
[2024-11-18T14:39:50.917+0000] {processor.py:179} INFO - Processing /home/airflow/.local/lib/python3.8/site-packages/airflow/example_dags/tutorial_dag.py took 0.094 seconds
[2024-11-18T14:40:24.200+0000] {processor.py:157} INFO - Started process (PID=810) to work on /home/airflow/.local/lib/python3.8/site-packages/airflow/example_dags/tutorial_dag.py
[2024-11-18T14:40:24.202+0000] {processor.py:829} INFO - Processing file /home/airflow/.local/lib/python3.8/site-packages/airflow/example_dags/tutorial_dag.py for tasks to queue
[2024-11-18T14:40:24.205+0000] {logging_mixin.py:151} INFO - [2024-11-18T14:40:24.205+0000] {dagbag.py:536} INFO - Filling up the DagBag from /home/airflow/.local/lib/python3.8/site-packages/airflow/example_dags/tutorial_dag.py
[2024-11-18T14:40:24.213+0000] {processor.py:839} INFO - DAG(s) dict_keys(['tutorial_dag']) retrieved from /home/airflow/.local/lib/python3.8/site-packages/airflow/example_dags/tutorial_dag.py
[2024-11-18T14:40:24.244+0000] {logging_mixin.py:151} INFO - [2024-11-18T14:40:24.244+0000] {dag.py:2941} INFO - Sync 1 DAGs
[2024-11-18T14:40:24.264+0000] {logging_mixin.py:151} INFO - [2024-11-18T14:40:24.264+0000] {dag.py:3722} INFO - Setting next_dagrun for tutorial_dag to None, run_after=None
[2024-11-18T14:40:24.293+0000] {processor.py:179} INFO - Processing /home/airflow/.local/lib/python3.8/site-packages/airflow/example_dags/tutorial_dag.py took 0.097 seconds
[2024-11-18T14:40:57.775+0000] {processor.py:157} INFO - Started process (PID=864) to work on /home/airflow/.local/lib/python3.8/site-packages/airflow/example_dags/tutorial_dag.py
[2024-11-18T14:40:57.776+0000] {processor.py:829} INFO - Processing file /home/airflow/.local/lib/python3.8/site-packages/airflow/example_dags/tutorial_dag.py for tasks to queue
[2024-11-18T14:40:57.779+0000] {logging_mixin.py:151} INFO - [2024-11-18T14:40:57.779+0000] {dagbag.py:536} INFO - Filling up the DagBag from /home/airflow/.local/lib/python3.8/site-packages/airflow/example_dags/tutorial_dag.py
[2024-11-18T14:40:57.787+0000] {processor.py:839} INFO - DAG(s) dict_keys(['tutorial_dag']) retrieved from /home/airflow/.local/lib/python3.8/site-packages/airflow/example_dags/tutorial_dag.py
[2024-11-18T14:40:57.819+0000] {logging_mixin.py:151} INFO - [2024-11-18T14:40:57.819+0000] {dag.py:2941} INFO - Sync 1 DAGs
[2024-11-18T14:40:57.839+0000] {logging_mixin.py:151} INFO - [2024-11-18T14:40:57.839+0000] {dag.py:3722} INFO - Setting next_dagrun for tutorial_dag to None, run_after=None
[2024-11-18T14:40:57.868+0000] {processor.py:179} INFO - Processing /home/airflow/.local/lib/python3.8/site-packages/airflow/example_dags/tutorial_dag.py took 0.097 seconds
[2024-11-18T14:41:30.723+0000] {processor.py:157} INFO - Started process (PID=918) to work on /home/airflow/.local/lib/python3.8/site-packages/airflow/example_dags/tutorial_dag.py
[2024-11-18T14:41:30.725+0000] {processor.py:829} INFO - Processing file /home/airflow/.local/lib/python3.8/site-packages/airflow/example_dags/tutorial_dag.py for tasks to queue
[2024-11-18T14:41:30.728+0000] {logging_mixin.py:151} INFO - [2024-11-18T14:41:30.728+0000] {dagbag.py:536} INFO - Filling up the DagBag from /home/airflow/.local/lib/python3.8/site-packages/airflow/example_dags/tutorial_dag.py
[2024-11-18T14:41:30.736+0000] {processor.py:839} INFO - DAG(s) dict_keys(['tutorial_dag']) retrieved from /home/airflow/.local/lib/python3.8/site-packages/airflow/example_dags/tutorial_dag.py
[2024-11-18T14:41:30.767+0000] {logging_mixin.py:151} INFO - [2024-11-18T14:41:30.766+0000] {dag.py:2941} INFO - Sync 1 DAGs
[2024-11-18T14:41:30.789+0000] {logging_mixin.py:151} INFO - [2024-11-18T14:41:30.789+0000] {dag.py:3722} INFO - Setting next_dagrun for tutorial_dag to None, run_after=None
[2024-11-18T14:41:30.818+0000] {processor.py:179} INFO - Processing /home/airflow/.local/lib/python3.8/site-packages/airflow/example_dags/tutorial_dag.py took 0.100 seconds
[2024-11-18T14:42:04.021+0000] {processor.py:157} INFO - Started process (PID=972) to work on /home/airflow/.local/lib/python3.8/site-packages/airflow/example_dags/tutorial_dag.py
[2024-11-18T14:42:04.023+0000] {processor.py:829} INFO - Processing file /home/airflow/.local/lib/python3.8/site-packages/airflow/example_dags/tutorial_dag.py for tasks to queue
[2024-11-18T14:42:04.026+0000] {logging_mixin.py:151} INFO - [2024-11-18T14:42:04.026+0000] {dagbag.py:536} INFO - Filling up the DagBag from /home/airflow/.local/lib/python3.8/site-packages/airflow/example_dags/tutorial_dag.py
[2024-11-18T14:42:04.036+0000] {processor.py:839} INFO - DAG(s) dict_keys(['tutorial_dag']) retrieved from /home/airflow/.local/lib/python3.8/site-packages/airflow/example_dags/tutorial_dag.py
[2024-11-18T14:42:04.068+0000] {logging_mixin.py:151} INFO - [2024-11-18T14:42:04.068+0000] {dag.py:2941} INFO - Sync 1 DAGs
[2024-11-18T14:42:04.089+0000] {logging_mixin.py:151} INFO - [2024-11-18T14:42:04.089+0000] {dag.py:3722} INFO - Setting next_dagrun for tutorial_dag to None, run_after=None
[2024-11-18T14:42:04.120+0000] {processor.py:179} INFO - Processing /home/airflow/.local/lib/python3.8/site-packages/airflow/example_dags/tutorial_dag.py took 0.105 seconds
[2024-11-18T14:42:37.727+0000] {processor.py:157} INFO - Started process (PID=1026) to work on /home/airflow/.local/lib/python3.8/site-packages/airflow/example_dags/tutorial_dag.py
[2024-11-18T14:42:37.729+0000] {processor.py:829} INFO - Processing file /home/airflow/.local/lib/python3.8/site-packages/airflow/example_dags/tutorial_dag.py for tasks to queue
[2024-11-18T14:42:37.732+0000] {logging_mixin.py:151} INFO - [2024-11-18T14:42:37.732+0000] {dagbag.py:536} INFO - Filling up the DagBag from /home/airflow/.local/lib/python3.8/site-packages/airflow/example_dags/tutorial_dag.py
[2024-11-18T14:42:37.739+0000] {processor.py:839} INFO - DAG(s) dict_keys(['tutorial_dag']) retrieved from /home/airflow/.local/lib/python3.8/site-packages/airflow/example_dags/tutorial_dag.py
[2024-11-18T14:42:37.770+0000] {logging_mixin.py:151} INFO - [2024-11-18T14:42:37.769+0000] {dag.py:2941} INFO - Sync 1 DAGs
[2024-11-18T14:42:37.790+0000] {logging_mixin.py:151} INFO - [2024-11-18T14:42:37.789+0000] {dag.py:3722} INFO - Setting next_dagrun for tutorial_dag to None, run_after=None
[2024-11-18T14:42:37.818+0000] {processor.py:179} INFO - Processing /home/airflow/.local/lib/python3.8/site-packages/airflow/example_dags/tutorial_dag.py took 0.095 seconds
[2024-11-18T14:43:11.511+0000] {processor.py:157} INFO - Started process (PID=1080) to work on /home/airflow/.local/lib/python3.8/site-packages/airflow/example_dags/tutorial_dag.py
[2024-11-18T14:43:11.512+0000] {processor.py:829} INFO - Processing file /home/airflow/.local/lib/python3.8/site-packages/airflow/example_dags/tutorial_dag.py for tasks to queue
[2024-11-18T14:43:11.515+0000] {logging_mixin.py:151} INFO - [2024-11-18T14:43:11.515+0000] {dagbag.py:536} INFO - Filling up the DagBag from /home/airflow/.local/lib/python3.8/site-packages/airflow/example_dags/tutorial_dag.py
[2024-11-18T14:43:11.523+0000] {processor.py:839} INFO - DAG(s) dict_keys(['tutorial_dag']) retrieved from /home/airflow/.local/lib/python3.8/site-packages/airflow/example_dags/tutorial_dag.py
[2024-11-18T14:43:11.553+0000] {logging_mixin.py:151} INFO - [2024-11-18T14:43:11.553+0000] {dag.py:2941} INFO - Sync 1 DAGs
[2024-11-18T14:43:11.574+0000] {logging_mixin.py:151} INFO - [2024-11-18T14:43:11.574+0000] {dag.py:3722} INFO - Setting next_dagrun for tutorial_dag to None, run_after=None
[2024-11-18T14:43:11.603+0000] {processor.py:179} INFO - Processing /home/airflow/.local/lib/python3.8/site-packages/airflow/example_dags/tutorial_dag.py took 0.099 seconds
[2024-11-18T14:43:45.068+0000] {processor.py:157} INFO - Started process (PID=1134) to work on /home/airflow/.local/lib/python3.8/site-packages/airflow/example_dags/tutorial_dag.py
[2024-11-18T14:43:45.070+0000] {processor.py:829} INFO - Processing file /home/airflow/.local/lib/python3.8/site-packages/airflow/example_dags/tutorial_dag.py for tasks to queue
[2024-11-18T14:43:45.073+0000] {logging_mixin.py:151} INFO - [2024-11-18T14:43:45.073+0000] {dagbag.py:536} INFO - Filling up the DagBag from /home/airflow/.local/lib/python3.8/site-packages/airflow/example_dags/tutorial_dag.py
[2024-11-18T14:43:45.081+0000] {processor.py:839} INFO - DAG(s) dict_keys(['tutorial_dag']) retrieved from /home/airflow/.local/lib/python3.8/site-packages/airflow/example_dags/tutorial_dag.py
[2024-11-18T14:43:45.114+0000] {logging_mixin.py:151} INFO - [2024-11-18T14:43:45.114+0000] {dag.py:2941} INFO - Sync 1 DAGs
[2024-11-18T14:43:45.137+0000] {logging_mixin.py:151} INFO - [2024-11-18T14:43:45.136+0000] {dag.py:3722} INFO - Setting next_dagrun for tutorial_dag to None, run_after=None
[2024-11-18T14:43:45.169+0000] {processor.py:179} INFO - Processing /home/airflow/.local/lib/python3.8/site-packages/airflow/example_dags/tutorial_dag.py took 0.105 seconds
[2024-11-18T14:44:17.210+0000] {processor.py:157} INFO - Started process (PID=1188) to work on /home/airflow/.local/lib/python3.8/site-packages/airflow/example_dags/tutorial_dag.py
[2024-11-18T14:44:17.211+0000] {processor.py:829} INFO - Processing file /home/airflow/.local/lib/python3.8/site-packages/airflow/example_dags/tutorial_dag.py for tasks to queue
[2024-11-18T14:44:17.214+0000] {logging_mixin.py:151} INFO - [2024-11-18T14:44:17.214+0000] {dagbag.py:536} INFO - Filling up the DagBag from /home/airflow/.local/lib/python3.8/site-packages/airflow/example_dags/tutorial_dag.py
[2024-11-18T14:44:17.222+0000] {processor.py:839} INFO - DAG(s) dict_keys(['tutorial_dag']) retrieved from /home/airflow/.local/lib/python3.8/site-packages/airflow/example_dags/tutorial_dag.py
[2024-11-18T14:44:17.253+0000] {logging_mixin.py:151} INFO - [2024-11-18T14:44:17.253+0000] {dag.py:2941} INFO - Sync 1 DAGs
[2024-11-18T14:44:17.273+0000] {logging_mixin.py:151} INFO - [2024-11-18T14:44:17.273+0000] {dag.py:3722} INFO - Setting next_dagrun for tutorial_dag to None, run_after=None
[2024-11-18T14:44:17.302+0000] {processor.py:179} INFO - Processing /home/airflow/.local/lib/python3.8/site-packages/airflow/example_dags/tutorial_dag.py took 0.097 seconds
[2024-11-18T14:44:52.273+0000] {processor.py:157} INFO - Started process (PID=1242) to work on /home/airflow/.local/lib/python3.8/site-packages/airflow/example_dags/tutorial_dag.py
[2024-11-18T14:44:52.275+0000] {processor.py:829} INFO - Processing file /home/airflow/.local/lib/python3.8/site-packages/airflow/example_dags/tutorial_dag.py for tasks to queue
[2024-11-18T14:44:52.278+0000] {logging_mixin.py:151} INFO - [2024-11-18T14:44:52.277+0000] {dagbag.py:536} INFO - Filling up the DagBag from /home/airflow/.local/lib/python3.8/site-packages/airflow/example_dags/tutorial_dag.py
[2024-11-18T14:44:52.285+0000] {processor.py:839} INFO - DAG(s) dict_keys(['tutorial_dag']) retrieved from /home/airflow/.local/lib/python3.8/site-packages/airflow/example_dags/tutorial_dag.py
[2024-11-18T14:44:52.316+0000] {logging_mixin.py:151} INFO - [2024-11-18T14:44:52.315+0000] {dag.py:2941} INFO - Sync 1 DAGs
[2024-11-18T14:44:52.335+0000] {logging_mixin.py:151} INFO - [2024-11-18T14:44:52.334+0000] {dag.py:3722} INFO - Setting next_dagrun for tutorial_dag to None, run_after=None
[2024-11-18T14:44:52.362+0000] {processor.py:179} INFO - Processing /home/airflow/.local/lib/python3.8/site-packages/airflow/example_dags/tutorial_dag.py took 0.093 seconds
[2024-11-18T14:45:26.333+0000] {processor.py:157} INFO - Started process (PID=1296) to work on /home/airflow/.local/lib/python3.8/site-packages/airflow/example_dags/tutorial_dag.py
[2024-11-18T14:45:26.335+0000] {processor.py:829} INFO - Processing file /home/airflow/.local/lib/python3.8/site-packages/airflow/example_dags/tutorial_dag.py for tasks to queue
[2024-11-18T14:45:26.338+0000] {logging_mixin.py:151} INFO - [2024-11-18T14:45:26.338+0000] {dagbag.py:536} INFO - Filling up the DagBag from /home/airflow/.local/lib/python3.8/site-packages/airflow/example_dags/tutorial_dag.py
[2024-11-18T14:45:26.345+0000] {processor.py:839} INFO - DAG(s) dict_keys(['tutorial_dag']) retrieved from /home/airflow/.local/lib/python3.8/site-packages/airflow/example_dags/tutorial_dag.py
[2024-11-18T14:45:26.378+0000] {logging_mixin.py:151} INFO - [2024-11-18T14:45:26.378+0000] {dag.py:2941} INFO - Sync 1 DAGs
[2024-11-18T14:45:26.399+0000] {logging_mixin.py:151} INFO - [2024-11-18T14:45:26.399+0000] {dag.py:3722} INFO - Setting next_dagrun for tutorial_dag to None, run_after=None
[2024-11-18T14:45:26.599+0000] {processor.py:179} INFO - Processing /home/airflow/.local/lib/python3.8/site-packages/airflow/example_dags/tutorial_dag.py took 0.270 seconds
[2024-11-18T14:45:57.663+0000] {processor.py:157} INFO - Started process (PID=1350) to work on /home/airflow/.local/lib/python3.8/site-packages/airflow/example_dags/tutorial_dag.py
[2024-11-18T14:45:57.665+0000] {processor.py:829} INFO - Processing file /home/airflow/.local/lib/python3.8/site-packages/airflow/example_dags/tutorial_dag.py for tasks to queue
[2024-11-18T14:45:57.668+0000] {logging_mixin.py:151} INFO - [2024-11-18T14:45:57.667+0000] {dagbag.py:536} INFO - Filling up the DagBag from /home/airflow/.local/lib/python3.8/site-packages/airflow/example_dags/tutorial_dag.py
[2024-11-18T14:45:57.675+0000] {processor.py:839} INFO - DAG(s) dict_keys(['tutorial_dag']) retrieved from /home/airflow/.local/lib/python3.8/site-packages/airflow/example_dags/tutorial_dag.py
[2024-11-18T14:45:57.708+0000] {logging_mixin.py:151} INFO - [2024-11-18T14:45:57.707+0000] {dag.py:2941} INFO - Sync 1 DAGs
[2024-11-18T14:45:57.730+0000] {logging_mixin.py:151} INFO - [2024-11-18T14:45:57.730+0000] {dag.py:3722} INFO - Setting next_dagrun for tutorial_dag to None, run_after=None
[2024-11-18T14:45:57.768+0000] {processor.py:179} INFO - Processing /home/airflow/.local/lib/python3.8/site-packages/airflow/example_dags/tutorial_dag.py took 0.110 seconds
[2024-11-18T14:46:31.894+0000] {processor.py:157} INFO - Started process (PID=1404) to work on /home/airflow/.local/lib/python3.8/site-packages/airflow/example_dags/tutorial_dag.py
[2024-11-18T14:46:31.895+0000] {processor.py:829} INFO - Processing file /home/airflow/.local/lib/python3.8/site-packages/airflow/example_dags/tutorial_dag.py for tasks to queue
[2024-11-18T14:46:31.898+0000] {logging_mixin.py:151} INFO - [2024-11-18T14:46:31.898+0000] {dagbag.py:536} INFO - Filling up the DagBag from /home/airflow/.local/lib/python3.8/site-packages/airflow/example_dags/tutorial_dag.py
[2024-11-18T14:46:31.905+0000] {processor.py:839} INFO - DAG(s) dict_keys(['tutorial_dag']) retrieved from /home/airflow/.local/lib/python3.8/site-packages/airflow/example_dags/tutorial_dag.py
[2024-11-18T14:46:31.935+0000] {logging_mixin.py:151} INFO - [2024-11-18T14:46:31.935+0000] {dag.py:2941} INFO - Sync 1 DAGs
[2024-11-18T14:46:31.954+0000] {logging_mixin.py:151} INFO - [2024-11-18T14:46:31.954+0000] {dag.py:3722} INFO - Setting next_dagrun for tutorial_dag to None, run_after=None
[2024-11-18T14:46:31.983+0000] {processor.py:179} INFO - Processing /home/airflow/.local/lib/python3.8/site-packages/airflow/example_dags/tutorial_dag.py took 0.094 seconds
[2024-11-18T14:47:07.689+0000] {processor.py:157} INFO - Started process (PID=1458) to work on /home/airflow/.local/lib/python3.8/site-packages/airflow/example_dags/tutorial_dag.py
[2024-11-18T14:47:07.690+0000] {processor.py:829} INFO - Processing file /home/airflow/.local/lib/python3.8/site-packages/airflow/example_dags/tutorial_dag.py for tasks to queue
[2024-11-18T14:47:07.694+0000] {logging_mixin.py:151} INFO - [2024-11-18T14:47:07.694+0000] {dagbag.py:536} INFO - Filling up the DagBag from /home/airflow/.local/lib/python3.8/site-packages/airflow/example_dags/tutorial_dag.py
[2024-11-18T14:47:07.701+0000] {processor.py:839} INFO - DAG(s) dict_keys(['tutorial_dag']) retrieved from /home/airflow/.local/lib/python3.8/site-packages/airflow/example_dags/tutorial_dag.py
[2024-11-18T14:47:07.732+0000] {logging_mixin.py:151} INFO - [2024-11-18T14:47:07.731+0000] {dag.py:2941} INFO - Sync 1 DAGs
[2024-11-18T14:47:07.928+0000] {logging_mixin.py:151} INFO - [2024-11-18T14:47:07.928+0000] {dag.py:3722} INFO - Setting next_dagrun for tutorial_dag to None, run_after=None
[2024-11-18T14:47:07.955+0000] {processor.py:179} INFO - Processing /home/airflow/.local/lib/python3.8/site-packages/airflow/example_dags/tutorial_dag.py took 0.271 seconds
[2024-11-18T14:47:38.023+0000] {processor.py:157} INFO - Started process (PID=1512) to work on /home/airflow/.local/lib/python3.8/site-packages/airflow/example_dags/tutorial_dag.py
[2024-11-18T14:47:38.024+0000] {processor.py:829} INFO - Processing file /home/airflow/.local/lib/python3.8/site-packages/airflow/example_dags/tutorial_dag.py for tasks to queue
[2024-11-18T14:47:38.028+0000] {logging_mixin.py:151} INFO - [2024-11-18T14:47:38.027+0000] {dagbag.py:536} INFO - Filling up the DagBag from /home/airflow/.local/lib/python3.8/site-packages/airflow/example_dags/tutorial_dag.py
[2024-11-18T14:47:38.035+0000] {processor.py:839} INFO - DAG(s) dict_keys(['tutorial_dag']) retrieved from /home/airflow/.local/lib/python3.8/site-packages/airflow/example_dags/tutorial_dag.py
[2024-11-18T14:47:38.066+0000] {logging_mixin.py:151} INFO - [2024-11-18T14:47:38.066+0000] {dag.py:2941} INFO - Sync 1 DAGs
[2024-11-18T14:47:38.086+0000] {logging_mixin.py:151} INFO - [2024-11-18T14:47:38.086+0000] {dag.py:3722} INFO - Setting next_dagrun for tutorial_dag to None, run_after=None
[2024-11-18T14:47:38.115+0000] {processor.py:179} INFO - Processing /home/airflow/.local/lib/python3.8/site-packages/airflow/example_dags/tutorial_dag.py took 0.097 seconds
[2024-11-18T14:48:12.825+0000] {processor.py:157} INFO - Started process (PID=1566) to work on /home/airflow/.local/lib/python3.8/site-packages/airflow/example_dags/tutorial_dag.py
[2024-11-18T14:48:12.827+0000] {processor.py:829} INFO - Processing file /home/airflow/.local/lib/python3.8/site-packages/airflow/example_dags/tutorial_dag.py for tasks to queue
[2024-11-18T14:48:12.830+0000] {logging_mixin.py:151} INFO - [2024-11-18T14:48:12.829+0000] {dagbag.py:536} INFO - Filling up the DagBag from /home/airflow/.local/lib/python3.8/site-packages/airflow/example_dags/tutorial_dag.py
[2024-11-18T14:48:12.837+0000] {processor.py:839} INFO - DAG(s) dict_keys(['tutorial_dag']) retrieved from /home/airflow/.local/lib/python3.8/site-packages/airflow/example_dags/tutorial_dag.py
[2024-11-18T14:48:12.866+0000] {logging_mixin.py:151} INFO - [2024-11-18T14:48:12.866+0000] {dag.py:2941} INFO - Sync 1 DAGs
[2024-11-18T14:48:12.886+0000] {logging_mixin.py:151} INFO - [2024-11-18T14:48:12.885+0000] {dag.py:3722} INFO - Setting next_dagrun for tutorial_dag to None, run_after=None
[2024-11-18T14:48:12.915+0000] {processor.py:179} INFO - Processing /home/airflow/.local/lib/python3.8/site-packages/airflow/example_dags/tutorial_dag.py took 0.094 seconds
[2024-11-18T14:48:47.054+0000] {processor.py:157} INFO - Started process (PID=1621) to work on /home/airflow/.local/lib/python3.8/site-packages/airflow/example_dags/tutorial_dag.py
[2024-11-18T14:48:47.056+0000] {processor.py:829} INFO - Processing file /home/airflow/.local/lib/python3.8/site-packages/airflow/example_dags/tutorial_dag.py for tasks to queue
[2024-11-18T14:48:47.059+0000] {logging_mixin.py:151} INFO - [2024-11-18T14:48:47.058+0000] {dagbag.py:536} INFO - Filling up the DagBag from /home/airflow/.local/lib/python3.8/site-packages/airflow/example_dags/tutorial_dag.py
[2024-11-18T14:48:47.066+0000] {processor.py:839} INFO - DAG(s) dict_keys(['tutorial_dag']) retrieved from /home/airflow/.local/lib/python3.8/site-packages/airflow/example_dags/tutorial_dag.py
[2024-11-18T14:48:47.097+0000] {logging_mixin.py:151} INFO - [2024-11-18T14:48:47.097+0000] {dag.py:2941} INFO - Sync 1 DAGs
[2024-11-18T14:48:47.307+0000] {logging_mixin.py:151} INFO - [2024-11-18T14:48:47.307+0000] {dag.py:3722} INFO - Setting next_dagrun for tutorial_dag to None, run_after=None
[2024-11-18T14:48:47.337+0000] {processor.py:179} INFO - Processing /home/airflow/.local/lib/python3.8/site-packages/airflow/example_dags/tutorial_dag.py took 0.288 seconds
[2024-11-18T14:49:18.810+0000] {processor.py:157} INFO - Started process (PID=1677) to work on /home/airflow/.local/lib/python3.8/site-packages/airflow/example_dags/tutorial_dag.py
[2024-11-18T14:49:18.812+0000] {processor.py:829} INFO - Processing file /home/airflow/.local/lib/python3.8/site-packages/airflow/example_dags/tutorial_dag.py for tasks to queue
[2024-11-18T14:49:18.815+0000] {logging_mixin.py:151} INFO - [2024-11-18T14:49:18.814+0000] {dagbag.py:536} INFO - Filling up the DagBag from /home/airflow/.local/lib/python3.8/site-packages/airflow/example_dags/tutorial_dag.py
[2024-11-18T14:49:18.823+0000] {processor.py:839} INFO - DAG(s) dict_keys(['tutorial_dag']) retrieved from /home/airflow/.local/lib/python3.8/site-packages/airflow/example_dags/tutorial_dag.py
[2024-11-18T14:49:18.854+0000] {logging_mixin.py:151} INFO - [2024-11-18T14:49:18.854+0000] {dag.py:2941} INFO - Sync 1 DAGs
[2024-11-18T14:49:18.873+0000] {logging_mixin.py:151} INFO - [2024-11-18T14:49:18.873+0000] {dag.py:3722} INFO - Setting next_dagrun for tutorial_dag to None, run_after=None
[2024-11-18T14:49:18.903+0000] {processor.py:179} INFO - Processing /home/airflow/.local/lib/python3.8/site-packages/airflow/example_dags/tutorial_dag.py took 0.098 seconds
[2024-11-18T14:49:51.777+0000] {processor.py:157} INFO - Started process (PID=1733) to work on /home/airflow/.local/lib/python3.8/site-packages/airflow/example_dags/tutorial_dag.py
[2024-11-18T14:49:51.778+0000] {processor.py:829} INFO - Processing file /home/airflow/.local/lib/python3.8/site-packages/airflow/example_dags/tutorial_dag.py for tasks to queue
[2024-11-18T14:49:51.782+0000] {logging_mixin.py:151} INFO - [2024-11-18T14:49:51.781+0000] {dagbag.py:536} INFO - Filling up the DagBag from /home/airflow/.local/lib/python3.8/site-packages/airflow/example_dags/tutorial_dag.py
[2024-11-18T14:49:51.789+0000] {processor.py:839} INFO - DAG(s) dict_keys(['tutorial_dag']) retrieved from /home/airflow/.local/lib/python3.8/site-packages/airflow/example_dags/tutorial_dag.py
[2024-11-18T14:49:51.821+0000] {logging_mixin.py:151} INFO - [2024-11-18T14:49:51.820+0000] {dag.py:2941} INFO - Sync 1 DAGs
[2024-11-18T14:49:51.840+0000] {logging_mixin.py:151} INFO - [2024-11-18T14:49:51.840+0000] {dag.py:3722} INFO - Setting next_dagrun for tutorial_dag to None, run_after=None
[2024-11-18T14:49:51.870+0000] {processor.py:179} INFO - Processing /home/airflow/.local/lib/python3.8/site-packages/airflow/example_dags/tutorial_dag.py took 0.098 seconds
[2024-11-18T14:50:28.146+0000] {processor.py:157} INFO - Started process (PID=1792) to work on /home/airflow/.local/lib/python3.8/site-packages/airflow/example_dags/tutorial_dag.py
[2024-11-18T14:50:28.147+0000] {processor.py:829} INFO - Processing file /home/airflow/.local/lib/python3.8/site-packages/airflow/example_dags/tutorial_dag.py for tasks to queue
[2024-11-18T14:50:28.151+0000] {logging_mixin.py:151} INFO - [2024-11-18T14:50:28.150+0000] {dagbag.py:536} INFO - Filling up the DagBag from /home/airflow/.local/lib/python3.8/site-packages/airflow/example_dags/tutorial_dag.py
[2024-11-18T14:50:28.158+0000] {processor.py:839} INFO - DAG(s) dict_keys(['tutorial_dag']) retrieved from /home/airflow/.local/lib/python3.8/site-packages/airflow/example_dags/tutorial_dag.py
[2024-11-18T14:50:28.362+0000] {logging_mixin.py:151} INFO - [2024-11-18T14:50:28.361+0000] {dag.py:2941} INFO - Sync 1 DAGs
[2024-11-18T14:50:28.379+0000] {logging_mixin.py:151} INFO - [2024-11-18T14:50:28.379+0000] {dag.py:3722} INFO - Setting next_dagrun for tutorial_dag to None, run_after=None
[2024-11-18T14:50:28.405+0000] {processor.py:179} INFO - Processing /home/airflow/.local/lib/python3.8/site-packages/airflow/example_dags/tutorial_dag.py took 0.264 seconds
[2024-11-18T14:50:59.052+0000] {processor.py:157} INFO - Started process (PID=1849) to work on /home/airflow/.local/lib/python3.8/site-packages/airflow/example_dags/tutorial_dag.py
[2024-11-18T14:50:59.054+0000] {processor.py:829} INFO - Processing file /home/airflow/.local/lib/python3.8/site-packages/airflow/example_dags/tutorial_dag.py for tasks to queue
[2024-11-18T14:50:59.057+0000] {logging_mixin.py:151} INFO - [2024-11-18T14:50:59.057+0000] {dagbag.py:536} INFO - Filling up the DagBag from /home/airflow/.local/lib/python3.8/site-packages/airflow/example_dags/tutorial_dag.py
[2024-11-18T14:50:59.064+0000] {processor.py:839} INFO - DAG(s) dict_keys(['tutorial_dag']) retrieved from /home/airflow/.local/lib/python3.8/site-packages/airflow/example_dags/tutorial_dag.py
[2024-11-18T14:50:59.096+0000] {logging_mixin.py:151} INFO - [2024-11-18T14:50:59.096+0000] {dag.py:2941} INFO - Sync 1 DAGs
[2024-11-18T14:50:59.119+0000] {logging_mixin.py:151} INFO - [2024-11-18T14:50:59.118+0000] {dag.py:3722} INFO - Setting next_dagrun for tutorial_dag to None, run_after=None
[2024-11-18T14:50:59.146+0000] {processor.py:179} INFO - Processing /home/airflow/.local/lib/python3.8/site-packages/airflow/example_dags/tutorial_dag.py took 0.099 seconds
[2024-11-18T14:51:31.623+0000] {processor.py:157} INFO - Started process (PID=1907) to work on /home/airflow/.local/lib/python3.8/site-packages/airflow/example_dags/tutorial_dag.py
[2024-11-18T14:51:31.625+0000] {processor.py:829} INFO - Processing file /home/airflow/.local/lib/python3.8/site-packages/airflow/example_dags/tutorial_dag.py for tasks to queue
[2024-11-18T14:51:31.629+0000] {logging_mixin.py:151} INFO - [2024-11-18T14:51:31.629+0000] {dagbag.py:536} INFO - Filling up the DagBag from /home/airflow/.local/lib/python3.8/site-packages/airflow/example_dags/tutorial_dag.py
[2024-11-18T14:51:31.637+0000] {processor.py:839} INFO - DAG(s) dict_keys(['tutorial_dag']) retrieved from /home/airflow/.local/lib/python3.8/site-packages/airflow/example_dags/tutorial_dag.py
[2024-11-18T14:51:31.671+0000] {logging_mixin.py:151} INFO - [2024-11-18T14:51:31.670+0000] {dag.py:2941} INFO - Sync 1 DAGs
[2024-11-18T14:51:31.691+0000] {logging_mixin.py:151} INFO - [2024-11-18T14:51:31.690+0000] {dag.py:3722} INFO - Setting next_dagrun for tutorial_dag to None, run_after=None
[2024-11-18T14:51:31.719+0000] {processor.py:179} INFO - Processing /home/airflow/.local/lib/python3.8/site-packages/airflow/example_dags/tutorial_dag.py took 0.102 seconds
[2024-11-18T14:52:03.679+0000] {processor.py:157} INFO - Started process (PID=1965) to work on /home/airflow/.local/lib/python3.8/site-packages/airflow/example_dags/tutorial_dag.py
[2024-11-18T14:52:03.680+0000] {processor.py:829} INFO - Processing file /home/airflow/.local/lib/python3.8/site-packages/airflow/example_dags/tutorial_dag.py for tasks to queue
[2024-11-18T14:52:03.684+0000] {logging_mixin.py:151} INFO - [2024-11-18T14:52:03.683+0000] {dagbag.py:536} INFO - Filling up the DagBag from /home/airflow/.local/lib/python3.8/site-packages/airflow/example_dags/tutorial_dag.py
[2024-11-18T14:52:03.692+0000] {processor.py:839} INFO - DAG(s) dict_keys(['tutorial_dag']) retrieved from /home/airflow/.local/lib/python3.8/site-packages/airflow/example_dags/tutorial_dag.py
[2024-11-18T14:52:03.723+0000] {logging_mixin.py:151} INFO - [2024-11-18T14:52:03.723+0000] {dag.py:2941} INFO - Sync 1 DAGs
[2024-11-18T14:52:03.744+0000] {logging_mixin.py:151} INFO - [2024-11-18T14:52:03.744+0000] {dag.py:3722} INFO - Setting next_dagrun for tutorial_dag to None, run_after=None
[2024-11-18T14:52:03.773+0000] {processor.py:179} INFO - Processing /home/airflow/.local/lib/python3.8/site-packages/airflow/example_dags/tutorial_dag.py took 0.099 seconds
[2024-11-18T14:52:37.745+0000] {processor.py:157} INFO - Started process (PID=2020) to work on /home/airflow/.local/lib/python3.8/site-packages/airflow/example_dags/tutorial_dag.py
[2024-11-18T14:52:37.747+0000] {processor.py:829} INFO - Processing file /home/airflow/.local/lib/python3.8/site-packages/airflow/example_dags/tutorial_dag.py for tasks to queue
[2024-11-18T14:52:37.750+0000] {logging_mixin.py:151} INFO - [2024-11-18T14:52:37.750+0000] {dagbag.py:536} INFO - Filling up the DagBag from /home/airflow/.local/lib/python3.8/site-packages/airflow/example_dags/tutorial_dag.py
[2024-11-18T14:52:37.758+0000] {processor.py:839} INFO - DAG(s) dict_keys(['tutorial_dag']) retrieved from /home/airflow/.local/lib/python3.8/site-packages/airflow/example_dags/tutorial_dag.py
[2024-11-18T14:52:37.808+0000] {logging_mixin.py:151} INFO - [2024-11-18T14:52:37.807+0000] {dag.py:2941} INFO - Sync 1 DAGs
[2024-11-18T14:52:37.834+0000] {logging_mixin.py:151} INFO - [2024-11-18T14:52:37.834+0000] {dag.py:3722} INFO - Setting next_dagrun for tutorial_dag to None, run_after=None
[2024-11-18T14:52:37.868+0000] {processor.py:179} INFO - Processing /home/airflow/.local/lib/python3.8/site-packages/airflow/example_dags/tutorial_dag.py took 0.127 seconds
[2024-11-18T14:53:10.732+0000] {processor.py:157} INFO - Started process (PID=2076) to work on /home/airflow/.local/lib/python3.8/site-packages/airflow/example_dags/tutorial_dag.py
[2024-11-18T14:53:10.734+0000] {processor.py:829} INFO - Processing file /home/airflow/.local/lib/python3.8/site-packages/airflow/example_dags/tutorial_dag.py for tasks to queue
[2024-11-18T14:53:10.737+0000] {logging_mixin.py:151} INFO - [2024-11-18T14:53:10.737+0000] {dagbag.py:536} INFO - Filling up the DagBag from /home/airflow/.local/lib/python3.8/site-packages/airflow/example_dags/tutorial_dag.py
[2024-11-18T14:53:10.745+0000] {processor.py:839} INFO - DAG(s) dict_keys(['tutorial_dag']) retrieved from /home/airflow/.local/lib/python3.8/site-packages/airflow/example_dags/tutorial_dag.py
[2024-11-18T14:53:10.776+0000] {logging_mixin.py:151} INFO - [2024-11-18T14:53:10.775+0000] {dag.py:2941} INFO - Sync 1 DAGs
[2024-11-18T14:53:10.796+0000] {logging_mixin.py:151} INFO - [2024-11-18T14:53:10.795+0000] {dag.py:3722} INFO - Setting next_dagrun for tutorial_dag to None, run_after=None
[2024-11-18T14:53:10.823+0000] {processor.py:179} INFO - Processing /home/airflow/.local/lib/python3.8/site-packages/airflow/example_dags/tutorial_dag.py took 0.096 seconds
[2024-11-18T14:53:44.688+0000] {processor.py:157} INFO - Started process (PID=2131) to work on /home/airflow/.local/lib/python3.8/site-packages/airflow/example_dags/tutorial_dag.py
[2024-11-18T14:53:44.689+0000] {processor.py:829} INFO - Processing file /home/airflow/.local/lib/python3.8/site-packages/airflow/example_dags/tutorial_dag.py for tasks to queue
[2024-11-18T14:53:44.693+0000] {logging_mixin.py:151} INFO - [2024-11-18T14:53:44.692+0000] {dagbag.py:536} INFO - Filling up the DagBag from /home/airflow/.local/lib/python3.8/site-packages/airflow/example_dags/tutorial_dag.py
[2024-11-18T14:53:44.700+0000] {processor.py:839} INFO - DAG(s) dict_keys(['tutorial_dag']) retrieved from /home/airflow/.local/lib/python3.8/site-packages/airflow/example_dags/tutorial_dag.py
[2024-11-18T14:53:44.731+0000] {logging_mixin.py:151} INFO - [2024-11-18T14:53:44.730+0000] {dag.py:2941} INFO - Sync 1 DAGs
[2024-11-18T14:53:44.750+0000] {logging_mixin.py:151} INFO - [2024-11-18T14:53:44.750+0000] {dag.py:3722} INFO - Setting next_dagrun for tutorial_dag to None, run_after=None
[2024-11-18T14:53:44.779+0000] {processor.py:179} INFO - Processing /home/airflow/.local/lib/python3.8/site-packages/airflow/example_dags/tutorial_dag.py took 0.096 seconds
[2024-11-18T14:54:17.831+0000] {processor.py:157} INFO - Started process (PID=2186) to work on /home/airflow/.local/lib/python3.8/site-packages/airflow/example_dags/tutorial_dag.py
[2024-11-18T14:54:17.833+0000] {processor.py:829} INFO - Processing file /home/airflow/.local/lib/python3.8/site-packages/airflow/example_dags/tutorial_dag.py for tasks to queue
[2024-11-18T14:54:17.836+0000] {logging_mixin.py:151} INFO - [2024-11-18T14:54:17.835+0000] {dagbag.py:536} INFO - Filling up the DagBag from /home/airflow/.local/lib/python3.8/site-packages/airflow/example_dags/tutorial_dag.py
[2024-11-18T14:54:17.844+0000] {processor.py:839} INFO - DAG(s) dict_keys(['tutorial_dag']) retrieved from /home/airflow/.local/lib/python3.8/site-packages/airflow/example_dags/tutorial_dag.py
[2024-11-18T14:54:17.875+0000] {logging_mixin.py:151} INFO - [2024-11-18T14:54:17.874+0000] {dag.py:2941} INFO - Sync 1 DAGs
[2024-11-18T14:54:17.894+0000] {logging_mixin.py:151} INFO - [2024-11-18T14:54:17.894+0000] {dag.py:3722} INFO - Setting next_dagrun for tutorial_dag to None, run_after=None
[2024-11-18T14:54:17.922+0000] {processor.py:179} INFO - Processing /home/airflow/.local/lib/python3.8/site-packages/airflow/example_dags/tutorial_dag.py took 0.095 seconds
[2024-11-18T14:54:51.205+0000] {processor.py:157} INFO - Started process (PID=2241) to work on /home/airflow/.local/lib/python3.8/site-packages/airflow/example_dags/tutorial_dag.py
[2024-11-18T14:54:51.207+0000] {processor.py:829} INFO - Processing file /home/airflow/.local/lib/python3.8/site-packages/airflow/example_dags/tutorial_dag.py for tasks to queue
[2024-11-18T14:54:51.210+0000] {logging_mixin.py:151} INFO - [2024-11-18T14:54:51.210+0000] {dagbag.py:536} INFO - Filling up the DagBag from /home/airflow/.local/lib/python3.8/site-packages/airflow/example_dags/tutorial_dag.py
[2024-11-18T14:54:51.217+0000] {processor.py:839} INFO - DAG(s) dict_keys(['tutorial_dag']) retrieved from /home/airflow/.local/lib/python3.8/site-packages/airflow/example_dags/tutorial_dag.py
[2024-11-18T14:54:51.247+0000] {logging_mixin.py:151} INFO - [2024-11-18T14:54:51.247+0000] {dag.py:2941} INFO - Sync 1 DAGs
[2024-11-18T14:54:51.267+0000] {logging_mixin.py:151} INFO - [2024-11-18T14:54:51.267+0000] {dag.py:3722} INFO - Setting next_dagrun for tutorial_dag to None, run_after=None
[2024-11-18T14:54:51.294+0000] {processor.py:179} INFO - Processing /home/airflow/.local/lib/python3.8/site-packages/airflow/example_dags/tutorial_dag.py took 0.094 seconds
[2024-11-18T14:55:24.532+0000] {processor.py:157} INFO - Started process (PID=2296) to work on /home/airflow/.local/lib/python3.8/site-packages/airflow/example_dags/tutorial_dag.py
[2024-11-18T14:55:24.534+0000] {processor.py:829} INFO - Processing file /home/airflow/.local/lib/python3.8/site-packages/airflow/example_dags/tutorial_dag.py for tasks to queue
[2024-11-18T14:55:24.537+0000] {logging_mixin.py:151} INFO - [2024-11-18T14:55:24.536+0000] {dagbag.py:536} INFO - Filling up the DagBag from /home/airflow/.local/lib/python3.8/site-packages/airflow/example_dags/tutorial_dag.py
[2024-11-18T14:55:24.544+0000] {processor.py:839} INFO - DAG(s) dict_keys(['tutorial_dag']) retrieved from /home/airflow/.local/lib/python3.8/site-packages/airflow/example_dags/tutorial_dag.py
[2024-11-18T14:55:24.575+0000] {logging_mixin.py:151} INFO - [2024-11-18T14:55:24.575+0000] {dag.py:2941} INFO - Sync 1 DAGs
[2024-11-18T14:55:24.595+0000] {logging_mixin.py:151} INFO - [2024-11-18T14:55:24.595+0000] {dag.py:3722} INFO - Setting next_dagrun for tutorial_dag to None, run_after=None
[2024-11-18T14:55:24.623+0000] {processor.py:179} INFO - Processing /home/airflow/.local/lib/python3.8/site-packages/airflow/example_dags/tutorial_dag.py took 0.096 seconds
[2024-11-18T14:55:58.239+0000] {processor.py:157} INFO - Started process (PID=2351) to work on /home/airflow/.local/lib/python3.8/site-packages/airflow/example_dags/tutorial_dag.py
[2024-11-18T14:55:58.241+0000] {processor.py:829} INFO - Processing file /home/airflow/.local/lib/python3.8/site-packages/airflow/example_dags/tutorial_dag.py for tasks to queue
[2024-11-18T14:55:58.245+0000] {logging_mixin.py:151} INFO - [2024-11-18T14:55:58.245+0000] {dagbag.py:536} INFO - Filling up the DagBag from /home/airflow/.local/lib/python3.8/site-packages/airflow/example_dags/tutorial_dag.py
[2024-11-18T14:55:58.256+0000] {processor.py:839} INFO - DAG(s) dict_keys(['tutorial_dag']) retrieved from /home/airflow/.local/lib/python3.8/site-packages/airflow/example_dags/tutorial_dag.py
[2024-11-18T14:55:58.291+0000] {logging_mixin.py:151} INFO - [2024-11-18T14:55:58.291+0000] {dag.py:2941} INFO - Sync 1 DAGs
[2024-11-18T14:55:58.314+0000] {logging_mixin.py:151} INFO - [2024-11-18T14:55:58.314+0000] {dag.py:3722} INFO - Setting next_dagrun for tutorial_dag to None, run_after=None
[2024-11-18T14:55:58.350+0000] {processor.py:179} INFO - Processing /home/airflow/.local/lib/python3.8/site-packages/airflow/example_dags/tutorial_dag.py took 0.118 seconds
[2024-11-18T14:56:30.880+0000] {processor.py:157} INFO - Started process (PID=2406) to work on /home/airflow/.local/lib/python3.8/site-packages/airflow/example_dags/tutorial_dag.py
[2024-11-18T14:56:30.882+0000] {processor.py:829} INFO - Processing file /home/airflow/.local/lib/python3.8/site-packages/airflow/example_dags/tutorial_dag.py for tasks to queue
[2024-11-18T14:56:30.885+0000] {logging_mixin.py:151} INFO - [2024-11-18T14:56:30.884+0000] {dagbag.py:536} INFO - Filling up the DagBag from /home/airflow/.local/lib/python3.8/site-packages/airflow/example_dags/tutorial_dag.py
[2024-11-18T14:56:30.893+0000] {processor.py:839} INFO - DAG(s) dict_keys(['tutorial_dag']) retrieved from /home/airflow/.local/lib/python3.8/site-packages/airflow/example_dags/tutorial_dag.py
[2024-11-18T14:56:30.924+0000] {logging_mixin.py:151} INFO - [2024-11-18T14:56:30.923+0000] {dag.py:2941} INFO - Sync 1 DAGs
[2024-11-18T14:56:30.947+0000] {logging_mixin.py:151} INFO - [2024-11-18T14:56:30.946+0000] {dag.py:3722} INFO - Setting next_dagrun for tutorial_dag to None, run_after=None
[2024-11-18T14:56:30.977+0000] {processor.py:179} INFO - Processing /home/airflow/.local/lib/python3.8/site-packages/airflow/example_dags/tutorial_dag.py took 0.102 seconds
[2024-11-18T14:57:04.610+0000] {processor.py:157} INFO - Started process (PID=2461) to work on /home/airflow/.local/lib/python3.8/site-packages/airflow/example_dags/tutorial_dag.py
[2024-11-18T14:57:04.611+0000] {processor.py:829} INFO - Processing file /home/airflow/.local/lib/python3.8/site-packages/airflow/example_dags/tutorial_dag.py for tasks to queue
[2024-11-18T14:57:04.614+0000] {logging_mixin.py:151} INFO - [2024-11-18T14:57:04.614+0000] {dagbag.py:536} INFO - Filling up the DagBag from /home/airflow/.local/lib/python3.8/site-packages/airflow/example_dags/tutorial_dag.py
[2024-11-18T14:57:04.623+0000] {processor.py:839} INFO - DAG(s) dict_keys(['tutorial_dag']) retrieved from /home/airflow/.local/lib/python3.8/site-packages/airflow/example_dags/tutorial_dag.py
[2024-11-18T14:57:04.653+0000] {logging_mixin.py:151} INFO - [2024-11-18T14:57:04.652+0000] {dag.py:2941} INFO - Sync 1 DAGs
[2024-11-18T14:57:04.675+0000] {logging_mixin.py:151} INFO - [2024-11-18T14:57:04.675+0000] {dag.py:3722} INFO - Setting next_dagrun for tutorial_dag to None, run_after=None
[2024-11-18T14:57:04.703+0000] {processor.py:179} INFO - Processing /home/airflow/.local/lib/python3.8/site-packages/airflow/example_dags/tutorial_dag.py took 0.098 seconds
[2024-11-18T14:57:37.723+0000] {processor.py:157} INFO - Started process (PID=2516) to work on /home/airflow/.local/lib/python3.8/site-packages/airflow/example_dags/tutorial_dag.py
[2024-11-18T14:57:37.724+0000] {processor.py:829} INFO - Processing file /home/airflow/.local/lib/python3.8/site-packages/airflow/example_dags/tutorial_dag.py for tasks to queue
[2024-11-18T14:57:37.728+0000] {logging_mixin.py:151} INFO - [2024-11-18T14:57:37.727+0000] {dagbag.py:536} INFO - Filling up the DagBag from /home/airflow/.local/lib/python3.8/site-packages/airflow/example_dags/tutorial_dag.py
[2024-11-18T14:57:37.736+0000] {processor.py:839} INFO - DAG(s) dict_keys(['tutorial_dag']) retrieved from /home/airflow/.local/lib/python3.8/site-packages/airflow/example_dags/tutorial_dag.py
[2024-11-18T14:57:37.769+0000] {logging_mixin.py:151} INFO - [2024-11-18T14:57:37.769+0000] {dag.py:2941} INFO - Sync 1 DAGs
[2024-11-18T14:57:37.791+0000] {logging_mixin.py:151} INFO - [2024-11-18T14:57:37.791+0000] {dag.py:3722} INFO - Setting next_dagrun for tutorial_dag to None, run_after=None
[2024-11-18T14:57:37.821+0000] {processor.py:179} INFO - Processing /home/airflow/.local/lib/python3.8/site-packages/airflow/example_dags/tutorial_dag.py took 0.103 seconds
[2024-11-18T14:58:11.297+0000] {processor.py:157} INFO - Started process (PID=2571) to work on /home/airflow/.local/lib/python3.8/site-packages/airflow/example_dags/tutorial_dag.py
[2024-11-18T14:58:11.299+0000] {processor.py:829} INFO - Processing file /home/airflow/.local/lib/python3.8/site-packages/airflow/example_dags/tutorial_dag.py for tasks to queue
[2024-11-18T14:58:11.302+0000] {logging_mixin.py:151} INFO - [2024-11-18T14:58:11.302+0000] {dagbag.py:536} INFO - Filling up the DagBag from /home/airflow/.local/lib/python3.8/site-packages/airflow/example_dags/tutorial_dag.py
[2024-11-18T14:58:11.310+0000] {processor.py:839} INFO - DAG(s) dict_keys(['tutorial_dag']) retrieved from /home/airflow/.local/lib/python3.8/site-packages/airflow/example_dags/tutorial_dag.py
[2024-11-18T14:58:11.343+0000] {logging_mixin.py:151} INFO - [2024-11-18T14:58:11.343+0000] {dag.py:2941} INFO - Sync 1 DAGs
[2024-11-18T14:58:11.363+0000] {logging_mixin.py:151} INFO - [2024-11-18T14:58:11.363+0000] {dag.py:3722} INFO - Setting next_dagrun for tutorial_dag to None, run_after=None
[2024-11-18T14:58:11.392+0000] {processor.py:179} INFO - Processing /home/airflow/.local/lib/python3.8/site-packages/airflow/example_dags/tutorial_dag.py took 0.100 seconds
