[2024-11-18T14:20:18.690+0000] {processor.py:157} INFO - Started process (PID=107) to work on /home/airflow/.local/lib/python3.8/site-packages/airflow/example_dags/tutorial_taskflow_api.py
[2024-11-18T14:20:18.692+0000] {processor.py:829} INFO - Processing file /home/airflow/.local/lib/python3.8/site-packages/airflow/example_dags/tutorial_taskflow_api.py for tasks to queue
[2024-11-18T14:20:18.696+0000] {logging_mixin.py:151} INFO - [2024-11-18T14:20:18.695+0000] {dagbag.py:536} INFO - Filling up the DagBag from /home/airflow/.local/lib/python3.8/site-packages/airflow/example_dags/tutorial_taskflow_api.py
[2024-11-18T14:20:18.712+0000] {processor.py:839} INFO - DAG(s) dict_keys(['tutorial_taskflow_api']) retrieved from /home/airflow/.local/lib/python3.8/site-packages/airflow/example_dags/tutorial_taskflow_api.py
[2024-11-18T14:20:18.898+0000] {logging_mixin.py:151} INFO - [2024-11-18T14:20:18.897+0000] {manager.py:499} INFO - Created Permission View: %s
[2024-11-18T14:20:18.914+0000] {logging_mixin.py:151} INFO - [2024-11-18T14:20:18.913+0000] {manager.py:499} INFO - Created Permission View: %s
[2024-11-18T14:20:18.924+0000] {logging_mixin.py:151} INFO - [2024-11-18T14:20:18.924+0000] {manager.py:499} INFO - Created Permission View: %s
[2024-11-18T14:20:18.925+0000] {logging_mixin.py:151} INFO - [2024-11-18T14:20:18.925+0000] {dag.py:2941} INFO - Sync 1 DAGs
[2024-11-18T14:20:18.944+0000] {logging_mixin.py:151} INFO - [2024-11-18T14:20:18.943+0000] {dag.py:2963} INFO - Creating ORM DAG for tutorial_taskflow_api
[2024-11-18T14:20:18.945+0000] {logging_mixin.py:151} INFO - [2024-11-18T14:20:18.945+0000] {dag.py:3722} INFO - Setting next_dagrun for tutorial_taskflow_api to None, run_after=None
[2024-11-18T14:20:18.971+0000] {processor.py:179} INFO - Processing /home/airflow/.local/lib/python3.8/site-packages/airflow/example_dags/tutorial_taskflow_api.py took 0.285 seconds
[2024-11-18T14:20:49.396+0000] {processor.py:157} INFO - Started process (PID=154) to work on /home/airflow/.local/lib/python3.8/site-packages/airflow/example_dags/tutorial_taskflow_api.py
[2024-11-18T14:20:49.398+0000] {processor.py:829} INFO - Processing file /home/airflow/.local/lib/python3.8/site-packages/airflow/example_dags/tutorial_taskflow_api.py for tasks to queue
[2024-11-18T14:20:49.401+0000] {logging_mixin.py:151} INFO - [2024-11-18T14:20:49.401+0000] {dagbag.py:536} INFO - Filling up the DagBag from /home/airflow/.local/lib/python3.8/site-packages/airflow/example_dags/tutorial_taskflow_api.py
[2024-11-18T14:20:49.412+0000] {processor.py:839} INFO - DAG(s) dict_keys(['tutorial_taskflow_api']) retrieved from /home/airflow/.local/lib/python3.8/site-packages/airflow/example_dags/tutorial_taskflow_api.py
[2024-11-18T14:20:49.445+0000] {logging_mixin.py:151} INFO - [2024-11-18T14:20:49.445+0000] {dag.py:2941} INFO - Sync 1 DAGs
[2024-11-18T14:20:49.467+0000] {logging_mixin.py:151} INFO - [2024-11-18T14:20:49.467+0000] {dag.py:3722} INFO - Setting next_dagrun for tutorial_taskflow_api to None, run_after=None
[2024-11-18T14:20:49.497+0000] {processor.py:179} INFO - Processing /home/airflow/.local/lib/python3.8/site-packages/airflow/example_dags/tutorial_taskflow_api.py took 0.106 seconds
[2024-11-18T14:21:20.054+0000] {processor.py:157} INFO - Started process (PID=208) to work on /home/airflow/.local/lib/python3.8/site-packages/airflow/example_dags/tutorial_taskflow_api.py
[2024-11-18T14:21:20.056+0000] {processor.py:829} INFO - Processing file /home/airflow/.local/lib/python3.8/site-packages/airflow/example_dags/tutorial_taskflow_api.py for tasks to queue
[2024-11-18T14:21:20.060+0000] {logging_mixin.py:151} INFO - [2024-11-18T14:21:20.059+0000] {dagbag.py:536} INFO - Filling up the DagBag from /home/airflow/.local/lib/python3.8/site-packages/airflow/example_dags/tutorial_taskflow_api.py
[2024-11-18T14:21:20.071+0000] {processor.py:839} INFO - DAG(s) dict_keys(['tutorial_taskflow_api']) retrieved from /home/airflow/.local/lib/python3.8/site-packages/airflow/example_dags/tutorial_taskflow_api.py
[2024-11-18T14:21:20.106+0000] {logging_mixin.py:151} INFO - [2024-11-18T14:21:20.105+0000] {dag.py:2941} INFO - Sync 1 DAGs
[2024-11-18T14:21:20.131+0000] {logging_mixin.py:151} INFO - [2024-11-18T14:21:20.131+0000] {dag.py:3722} INFO - Setting next_dagrun for tutorial_taskflow_api to None, run_after=None
[2024-11-18T14:21:20.164+0000] {processor.py:179} INFO - Processing /home/airflow/.local/lib/python3.8/site-packages/airflow/example_dags/tutorial_taskflow_api.py took 0.114 seconds
[2024-11-18T14:21:50.287+0000] {processor.py:157} INFO - Started process (PID=262) to work on /home/airflow/.local/lib/python3.8/site-packages/airflow/example_dags/tutorial_taskflow_api.py
[2024-11-18T14:21:50.289+0000] {processor.py:829} INFO - Processing file /home/airflow/.local/lib/python3.8/site-packages/airflow/example_dags/tutorial_taskflow_api.py for tasks to queue
[2024-11-18T14:21:50.292+0000] {logging_mixin.py:151} INFO - [2024-11-18T14:21:50.292+0000] {dagbag.py:536} INFO - Filling up the DagBag from /home/airflow/.local/lib/python3.8/site-packages/airflow/example_dags/tutorial_taskflow_api.py
[2024-11-18T14:21:50.301+0000] {processor.py:839} INFO - DAG(s) dict_keys(['tutorial_taskflow_api']) retrieved from /home/airflow/.local/lib/python3.8/site-packages/airflow/example_dags/tutorial_taskflow_api.py
[2024-11-18T14:21:50.333+0000] {logging_mixin.py:151} INFO - [2024-11-18T14:21:50.333+0000] {dag.py:2941} INFO - Sync 1 DAGs
[2024-11-18T14:21:50.353+0000] {logging_mixin.py:151} INFO - [2024-11-18T14:21:50.352+0000] {dag.py:3722} INFO - Setting next_dagrun for tutorial_taskflow_api to None, run_after=None
[2024-11-18T14:21:50.382+0000] {processor.py:179} INFO - Processing /home/airflow/.local/lib/python3.8/site-packages/airflow/example_dags/tutorial_taskflow_api.py took 0.099 seconds
[2024-11-18T14:22:20.678+0000] {processor.py:157} INFO - Started process (PID=316) to work on /home/airflow/.local/lib/python3.8/site-packages/airflow/example_dags/tutorial_taskflow_api.py
[2024-11-18T14:22:20.680+0000] {processor.py:829} INFO - Processing file /home/airflow/.local/lib/python3.8/site-packages/airflow/example_dags/tutorial_taskflow_api.py for tasks to queue
[2024-11-18T14:22:20.683+0000] {logging_mixin.py:151} INFO - [2024-11-18T14:22:20.683+0000] {dagbag.py:536} INFO - Filling up the DagBag from /home/airflow/.local/lib/python3.8/site-packages/airflow/example_dags/tutorial_taskflow_api.py
[2024-11-18T14:22:20.692+0000] {processor.py:839} INFO - DAG(s) dict_keys(['tutorial_taskflow_api']) retrieved from /home/airflow/.local/lib/python3.8/site-packages/airflow/example_dags/tutorial_taskflow_api.py
[2024-11-18T14:22:20.724+0000] {logging_mixin.py:151} INFO - [2024-11-18T14:22:20.724+0000] {dag.py:2941} INFO - Sync 1 DAGs
[2024-11-18T14:22:20.744+0000] {logging_mixin.py:151} INFO - [2024-11-18T14:22:20.743+0000] {dag.py:3722} INFO - Setting next_dagrun for tutorial_taskflow_api to None, run_after=None
[2024-11-18T14:22:20.775+0000] {processor.py:179} INFO - Processing /home/airflow/.local/lib/python3.8/site-packages/airflow/example_dags/tutorial_taskflow_api.py took 0.103 seconds
[2024-11-18T14:22:51.288+0000] {processor.py:157} INFO - Started process (PID=371) to work on /home/airflow/.local/lib/python3.8/site-packages/airflow/example_dags/tutorial_taskflow_api.py
[2024-11-18T14:22:51.290+0000] {processor.py:829} INFO - Processing file /home/airflow/.local/lib/python3.8/site-packages/airflow/example_dags/tutorial_taskflow_api.py for tasks to queue
[2024-11-18T14:22:51.293+0000] {logging_mixin.py:151} INFO - [2024-11-18T14:22:51.292+0000] {dagbag.py:536} INFO - Filling up the DagBag from /home/airflow/.local/lib/python3.8/site-packages/airflow/example_dags/tutorial_taskflow_api.py
[2024-11-18T14:22:51.302+0000] {processor.py:839} INFO - DAG(s) dict_keys(['tutorial_taskflow_api']) retrieved from /home/airflow/.local/lib/python3.8/site-packages/airflow/example_dags/tutorial_taskflow_api.py
[2024-11-18T14:22:51.336+0000] {logging_mixin.py:151} INFO - [2024-11-18T14:22:51.335+0000] {dag.py:2941} INFO - Sync 1 DAGs
[2024-11-18T14:22:51.358+0000] {logging_mixin.py:151} INFO - [2024-11-18T14:22:51.358+0000] {dag.py:3722} INFO - Setting next_dagrun for tutorial_taskflow_api to None, run_after=None
[2024-11-18T14:22:51.393+0000] {processor.py:179} INFO - Processing /home/airflow/.local/lib/python3.8/site-packages/airflow/example_dags/tutorial_taskflow_api.py took 0.110 seconds
[2024-11-18T14:23:21.780+0000] {processor.py:157} INFO - Started process (PID=425) to work on /home/airflow/.local/lib/python3.8/site-packages/airflow/example_dags/tutorial_taskflow_api.py
[2024-11-18T14:23:21.782+0000] {processor.py:829} INFO - Processing file /home/airflow/.local/lib/python3.8/site-packages/airflow/example_dags/tutorial_taskflow_api.py for tasks to queue
[2024-11-18T14:23:21.785+0000] {logging_mixin.py:151} INFO - [2024-11-18T14:23:21.785+0000] {dagbag.py:536} INFO - Filling up the DagBag from /home/airflow/.local/lib/python3.8/site-packages/airflow/example_dags/tutorial_taskflow_api.py
[2024-11-18T14:23:21.795+0000] {processor.py:839} INFO - DAG(s) dict_keys(['tutorial_taskflow_api']) retrieved from /home/airflow/.local/lib/python3.8/site-packages/airflow/example_dags/tutorial_taskflow_api.py
[2024-11-18T14:23:21.826+0000] {logging_mixin.py:151} INFO - [2024-11-18T14:23:21.826+0000] {dag.py:2941} INFO - Sync 1 DAGs
[2024-11-18T14:23:21.850+0000] {logging_mixin.py:151} INFO - [2024-11-18T14:23:21.850+0000] {dag.py:3722} INFO - Setting next_dagrun for tutorial_taskflow_api to None, run_after=None
[2024-11-18T14:23:21.886+0000] {processor.py:179} INFO - Processing /home/airflow/.local/lib/python3.8/site-packages/airflow/example_dags/tutorial_taskflow_api.py took 0.111 seconds
[2024-11-18T14:23:52.234+0000] {processor.py:157} INFO - Started process (PID=479) to work on /home/airflow/.local/lib/python3.8/site-packages/airflow/example_dags/tutorial_taskflow_api.py
[2024-11-18T14:23:52.236+0000] {processor.py:829} INFO - Processing file /home/airflow/.local/lib/python3.8/site-packages/airflow/example_dags/tutorial_taskflow_api.py for tasks to queue
[2024-11-18T14:23:52.240+0000] {logging_mixin.py:151} INFO - [2024-11-18T14:23:52.239+0000] {dagbag.py:536} INFO - Filling up the DagBag from /home/airflow/.local/lib/python3.8/site-packages/airflow/example_dags/tutorial_taskflow_api.py
[2024-11-18T14:23:52.250+0000] {processor.py:839} INFO - DAG(s) dict_keys(['tutorial_taskflow_api']) retrieved from /home/airflow/.local/lib/python3.8/site-packages/airflow/example_dags/tutorial_taskflow_api.py
[2024-11-18T14:23:52.288+0000] {logging_mixin.py:151} INFO - [2024-11-18T14:23:52.288+0000] {dag.py:2941} INFO - Sync 1 DAGs
[2024-11-18T14:23:52.314+0000] {logging_mixin.py:151} INFO - [2024-11-18T14:23:52.313+0000] {dag.py:3722} INFO - Setting next_dagrun for tutorial_taskflow_api to None, run_after=None
[2024-11-18T14:23:52.355+0000] {processor.py:179} INFO - Processing /home/airflow/.local/lib/python3.8/site-packages/airflow/example_dags/tutorial_taskflow_api.py took 0.127 seconds
[2024-11-18T14:24:22.988+0000] {processor.py:157} INFO - Started process (PID=533) to work on /home/airflow/.local/lib/python3.8/site-packages/airflow/example_dags/tutorial_taskflow_api.py
[2024-11-18T14:24:22.989+0000] {processor.py:829} INFO - Processing file /home/airflow/.local/lib/python3.8/site-packages/airflow/example_dags/tutorial_taskflow_api.py for tasks to queue
[2024-11-18T14:24:22.992+0000] {logging_mixin.py:151} INFO - [2024-11-18T14:24:22.992+0000] {dagbag.py:536} INFO - Filling up the DagBag from /home/airflow/.local/lib/python3.8/site-packages/airflow/example_dags/tutorial_taskflow_api.py
[2024-11-18T14:24:23.001+0000] {processor.py:839} INFO - DAG(s) dict_keys(['tutorial_taskflow_api']) retrieved from /home/airflow/.local/lib/python3.8/site-packages/airflow/example_dags/tutorial_taskflow_api.py
[2024-11-18T14:24:23.030+0000] {logging_mixin.py:151} INFO - [2024-11-18T14:24:23.030+0000] {dag.py:2941} INFO - Sync 1 DAGs
[2024-11-18T14:24:23.050+0000] {logging_mixin.py:151} INFO - [2024-11-18T14:24:23.049+0000] {dag.py:3722} INFO - Setting next_dagrun for tutorial_taskflow_api to None, run_after=None
[2024-11-18T14:24:23.077+0000] {processor.py:179} INFO - Processing /home/airflow/.local/lib/python3.8/site-packages/airflow/example_dags/tutorial_taskflow_api.py took 0.094 seconds
[2024-11-18T14:24:54.918+0000] {processor.py:157} INFO - Started process (PID=588) to work on /home/airflow/.local/lib/python3.8/site-packages/airflow/example_dags/tutorial_taskflow_api.py
[2024-11-18T14:24:54.920+0000] {processor.py:829} INFO - Processing file /home/airflow/.local/lib/python3.8/site-packages/airflow/example_dags/tutorial_taskflow_api.py for tasks to queue
[2024-11-18T14:24:54.923+0000] {logging_mixin.py:151} INFO - [2024-11-18T14:24:54.923+0000] {dagbag.py:536} INFO - Filling up the DagBag from /home/airflow/.local/lib/python3.8/site-packages/airflow/example_dags/tutorial_taskflow_api.py
[2024-11-18T14:24:54.932+0000] {processor.py:839} INFO - DAG(s) dict_keys(['tutorial_taskflow_api']) retrieved from /home/airflow/.local/lib/python3.8/site-packages/airflow/example_dags/tutorial_taskflow_api.py
[2024-11-18T14:24:54.967+0000] {logging_mixin.py:151} INFO - [2024-11-18T14:24:54.966+0000] {dag.py:2941} INFO - Sync 1 DAGs
[2024-11-18T14:24:54.989+0000] {logging_mixin.py:151} INFO - [2024-11-18T14:24:54.989+0000] {dag.py:3722} INFO - Setting next_dagrun for tutorial_taskflow_api to None, run_after=None
[2024-11-18T14:24:55.022+0000] {processor.py:179} INFO - Processing /home/airflow/.local/lib/python3.8/site-packages/airflow/example_dags/tutorial_taskflow_api.py took 0.108 seconds
[2024-11-18T14:25:27.522+0000] {processor.py:157} INFO - Started process (PID=642) to work on /home/airflow/.local/lib/python3.8/site-packages/airflow/example_dags/tutorial_taskflow_api.py
[2024-11-18T14:25:27.524+0000] {processor.py:829} INFO - Processing file /home/airflow/.local/lib/python3.8/site-packages/airflow/example_dags/tutorial_taskflow_api.py for tasks to queue
[2024-11-18T14:25:27.527+0000] {logging_mixin.py:151} INFO - [2024-11-18T14:25:27.526+0000] {dagbag.py:536} INFO - Filling up the DagBag from /home/airflow/.local/lib/python3.8/site-packages/airflow/example_dags/tutorial_taskflow_api.py
[2024-11-18T14:25:27.536+0000] {processor.py:839} INFO - DAG(s) dict_keys(['tutorial_taskflow_api']) retrieved from /home/airflow/.local/lib/python3.8/site-packages/airflow/example_dags/tutorial_taskflow_api.py
[2024-11-18T14:25:27.553+0000] {logging_mixin.py:151} INFO - [2024-11-18T14:25:27.553+0000] {dag.py:2941} INFO - Sync 1 DAGs
[2024-11-18T14:25:27.574+0000] {logging_mixin.py:151} INFO - [2024-11-18T14:25:27.573+0000] {dag.py:3722} INFO - Setting next_dagrun for tutorial_taskflow_api to None, run_after=None
[2024-11-18T14:25:27.601+0000] {processor.py:179} INFO - Processing /home/airflow/.local/lib/python3.8/site-packages/airflow/example_dags/tutorial_taskflow_api.py took 0.084 seconds
[2024-11-18T14:25:58.915+0000] {processor.py:157} INFO - Started process (PID=696) to work on /home/airflow/.local/lib/python3.8/site-packages/airflow/example_dags/tutorial_taskflow_api.py
[2024-11-18T14:25:58.916+0000] {processor.py:829} INFO - Processing file /home/airflow/.local/lib/python3.8/site-packages/airflow/example_dags/tutorial_taskflow_api.py for tasks to queue
[2024-11-18T14:25:58.920+0000] {logging_mixin.py:151} INFO - [2024-11-18T14:25:58.919+0000] {dagbag.py:536} INFO - Filling up the DagBag from /home/airflow/.local/lib/python3.8/site-packages/airflow/example_dags/tutorial_taskflow_api.py
[2024-11-18T14:25:58.932+0000] {processor.py:839} INFO - DAG(s) dict_keys(['tutorial_taskflow_api']) retrieved from /home/airflow/.local/lib/python3.8/site-packages/airflow/example_dags/tutorial_taskflow_api.py
[2024-11-18T14:25:58.969+0000] {logging_mixin.py:151} INFO - [2024-11-18T14:25:58.969+0000] {dag.py:2941} INFO - Sync 1 DAGs
[2024-11-18T14:25:58.995+0000] {logging_mixin.py:151} INFO - [2024-11-18T14:25:58.995+0000] {dag.py:3722} INFO - Setting next_dagrun for tutorial_taskflow_api to None, run_after=None
[2024-11-18T14:25:59.031+0000] {processor.py:179} INFO - Processing /home/airflow/.local/lib/python3.8/site-packages/airflow/example_dags/tutorial_taskflow_api.py took 0.122 seconds
[2024-11-18T14:26:31.873+0000] {processor.py:157} INFO - Started process (PID=750) to work on /home/airflow/.local/lib/python3.8/site-packages/airflow/example_dags/tutorial_taskflow_api.py
[2024-11-18T14:26:31.874+0000] {processor.py:829} INFO - Processing file /home/airflow/.local/lib/python3.8/site-packages/airflow/example_dags/tutorial_taskflow_api.py for tasks to queue
[2024-11-18T14:26:31.877+0000] {logging_mixin.py:151} INFO - [2024-11-18T14:26:31.877+0000] {dagbag.py:536} INFO - Filling up the DagBag from /home/airflow/.local/lib/python3.8/site-packages/airflow/example_dags/tutorial_taskflow_api.py
[2024-11-18T14:26:31.887+0000] {processor.py:839} INFO - DAG(s) dict_keys(['tutorial_taskflow_api']) retrieved from /home/airflow/.local/lib/python3.8/site-packages/airflow/example_dags/tutorial_taskflow_api.py
[2024-11-18T14:26:31.916+0000] {logging_mixin.py:151} INFO - [2024-11-18T14:26:31.915+0000] {dag.py:2941} INFO - Sync 1 DAGs
[2024-11-18T14:26:31.934+0000] {logging_mixin.py:151} INFO - [2024-11-18T14:26:31.934+0000] {dag.py:3722} INFO - Setting next_dagrun for tutorial_taskflow_api to None, run_after=None
[2024-11-18T14:26:31.963+0000] {processor.py:179} INFO - Processing /home/airflow/.local/lib/python3.8/site-packages/airflow/example_dags/tutorial_taskflow_api.py took 0.095 seconds
[2024-11-18T14:27:04.961+0000] {processor.py:157} INFO - Started process (PID=798) to work on /home/airflow/.local/lib/python3.8/site-packages/airflow/example_dags/tutorial_taskflow_api.py
[2024-11-18T14:27:04.962+0000] {processor.py:829} INFO - Processing file /home/airflow/.local/lib/python3.8/site-packages/airflow/example_dags/tutorial_taskflow_api.py for tasks to queue
[2024-11-18T14:27:04.965+0000] {logging_mixin.py:151} INFO - [2024-11-18T14:27:04.965+0000] {dagbag.py:536} INFO - Filling up the DagBag from /home/airflow/.local/lib/python3.8/site-packages/airflow/example_dags/tutorial_taskflow_api.py
[2024-11-18T14:27:04.974+0000] {processor.py:839} INFO - DAG(s) dict_keys(['tutorial_taskflow_api']) retrieved from /home/airflow/.local/lib/python3.8/site-packages/airflow/example_dags/tutorial_taskflow_api.py
[2024-11-18T14:27:05.003+0000] {logging_mixin.py:151} INFO - [2024-11-18T14:27:05.003+0000] {dag.py:2941} INFO - Sync 1 DAGs
[2024-11-18T14:27:05.025+0000] {logging_mixin.py:151} INFO - [2024-11-18T14:27:05.025+0000] {dag.py:3722} INFO - Setting next_dagrun for tutorial_taskflow_api to None, run_after=None
[2024-11-18T14:27:05.059+0000] {processor.py:179} INFO - Processing /home/airflow/.local/lib/python3.8/site-packages/airflow/example_dags/tutorial_taskflow_api.py took 0.103 seconds
[2024-11-18T14:27:38.563+0000] {processor.py:157} INFO - Started process (PID=852) to work on /home/airflow/.local/lib/python3.8/site-packages/airflow/example_dags/tutorial_taskflow_api.py
[2024-11-18T14:27:38.565+0000] {processor.py:829} INFO - Processing file /home/airflow/.local/lib/python3.8/site-packages/airflow/example_dags/tutorial_taskflow_api.py for tasks to queue
[2024-11-18T14:27:38.568+0000] {logging_mixin.py:151} INFO - [2024-11-18T14:27:38.568+0000] {dagbag.py:536} INFO - Filling up the DagBag from /home/airflow/.local/lib/python3.8/site-packages/airflow/example_dags/tutorial_taskflow_api.py
[2024-11-18T14:27:38.578+0000] {processor.py:839} INFO - DAG(s) dict_keys(['tutorial_taskflow_api']) retrieved from /home/airflow/.local/lib/python3.8/site-packages/airflow/example_dags/tutorial_taskflow_api.py
[2024-11-18T14:27:38.608+0000] {logging_mixin.py:151} INFO - [2024-11-18T14:27:38.608+0000] {dag.py:2941} INFO - Sync 1 DAGs
[2024-11-18T14:27:38.627+0000] {logging_mixin.py:151} INFO - [2024-11-18T14:27:38.627+0000] {dag.py:3722} INFO - Setting next_dagrun for tutorial_taskflow_api to None, run_after=None
[2024-11-18T14:27:38.653+0000] {processor.py:179} INFO - Processing /home/airflow/.local/lib/python3.8/site-packages/airflow/example_dags/tutorial_taskflow_api.py took 0.094 seconds
[2024-11-18T14:28:12.180+0000] {processor.py:157} INFO - Started process (PID=907) to work on /home/airflow/.local/lib/python3.8/site-packages/airflow/example_dags/tutorial_taskflow_api.py
[2024-11-18T14:28:12.181+0000] {processor.py:829} INFO - Processing file /home/airflow/.local/lib/python3.8/site-packages/airflow/example_dags/tutorial_taskflow_api.py for tasks to queue
[2024-11-18T14:28:12.184+0000] {logging_mixin.py:151} INFO - [2024-11-18T14:28:12.184+0000] {dagbag.py:536} INFO - Filling up the DagBag from /home/airflow/.local/lib/python3.8/site-packages/airflow/example_dags/tutorial_taskflow_api.py
[2024-11-18T14:28:12.194+0000] {processor.py:839} INFO - DAG(s) dict_keys(['tutorial_taskflow_api']) retrieved from /home/airflow/.local/lib/python3.8/site-packages/airflow/example_dags/tutorial_taskflow_api.py
[2024-11-18T14:28:12.224+0000] {logging_mixin.py:151} INFO - [2024-11-18T14:28:12.224+0000] {dag.py:2941} INFO - Sync 1 DAGs
[2024-11-18T14:28:12.243+0000] {logging_mixin.py:151} INFO - [2024-11-18T14:28:12.243+0000] {dag.py:3722} INFO - Setting next_dagrun for tutorial_taskflow_api to None, run_after=None
[2024-11-18T14:28:12.271+0000] {processor.py:179} INFO - Processing /home/airflow/.local/lib/python3.8/site-packages/airflow/example_dags/tutorial_taskflow_api.py took 0.097 seconds
[2024-11-18T14:28:44.852+0000] {processor.py:157} INFO - Started process (PID=961) to work on /home/airflow/.local/lib/python3.8/site-packages/airflow/example_dags/tutorial_taskflow_api.py
[2024-11-18T14:28:44.854+0000] {processor.py:829} INFO - Processing file /home/airflow/.local/lib/python3.8/site-packages/airflow/example_dags/tutorial_taskflow_api.py for tasks to queue
[2024-11-18T14:28:44.857+0000] {logging_mixin.py:151} INFO - [2024-11-18T14:28:44.857+0000] {dagbag.py:536} INFO - Filling up the DagBag from /home/airflow/.local/lib/python3.8/site-packages/airflow/example_dags/tutorial_taskflow_api.py
[2024-11-18T14:28:44.870+0000] {processor.py:839} INFO - DAG(s) dict_keys(['tutorial_taskflow_api']) retrieved from /home/airflow/.local/lib/python3.8/site-packages/airflow/example_dags/tutorial_taskflow_api.py
[2024-11-18T14:28:44.910+0000] {logging_mixin.py:151} INFO - [2024-11-18T14:28:44.909+0000] {dag.py:2941} INFO - Sync 1 DAGs
[2024-11-18T14:28:44.933+0000] {logging_mixin.py:151} INFO - [2024-11-18T14:28:44.932+0000] {dag.py:3722} INFO - Setting next_dagrun for tutorial_taskflow_api to None, run_after=None
[2024-11-18T14:28:44.966+0000] {processor.py:179} INFO - Processing /home/airflow/.local/lib/python3.8/site-packages/airflow/example_dags/tutorial_taskflow_api.py took 0.119 seconds
[2024-11-18T14:29:18.308+0000] {processor.py:157} INFO - Started process (PID=1015) to work on /home/airflow/.local/lib/python3.8/site-packages/airflow/example_dags/tutorial_taskflow_api.py
[2024-11-18T14:29:18.310+0000] {processor.py:829} INFO - Processing file /home/airflow/.local/lib/python3.8/site-packages/airflow/example_dags/tutorial_taskflow_api.py for tasks to queue
[2024-11-18T14:29:18.313+0000] {logging_mixin.py:151} INFO - [2024-11-18T14:29:18.313+0000] {dagbag.py:536} INFO - Filling up the DagBag from /home/airflow/.local/lib/python3.8/site-packages/airflow/example_dags/tutorial_taskflow_api.py
[2024-11-18T14:29:18.323+0000] {processor.py:839} INFO - DAG(s) dict_keys(['tutorial_taskflow_api']) retrieved from /home/airflow/.local/lib/python3.8/site-packages/airflow/example_dags/tutorial_taskflow_api.py
[2024-11-18T14:29:18.355+0000] {logging_mixin.py:151} INFO - [2024-11-18T14:29:18.355+0000] {dag.py:2941} INFO - Sync 1 DAGs
[2024-11-18T14:29:18.376+0000] {logging_mixin.py:151} INFO - [2024-11-18T14:29:18.376+0000] {dag.py:3722} INFO - Setting next_dagrun for tutorial_taskflow_api to None, run_after=None
[2024-11-18T14:29:18.407+0000] {processor.py:179} INFO - Processing /home/airflow/.local/lib/python3.8/site-packages/airflow/example_dags/tutorial_taskflow_api.py took 0.104 seconds
[2024-11-18T14:29:50.798+0000] {processor.py:157} INFO - Started process (PID=1069) to work on /home/airflow/.local/lib/python3.8/site-packages/airflow/example_dags/tutorial_taskflow_api.py
[2024-11-18T14:29:50.799+0000] {processor.py:829} INFO - Processing file /home/airflow/.local/lib/python3.8/site-packages/airflow/example_dags/tutorial_taskflow_api.py for tasks to queue
[2024-11-18T14:29:50.802+0000] {logging_mixin.py:151} INFO - [2024-11-18T14:29:50.802+0000] {dagbag.py:536} INFO - Filling up the DagBag from /home/airflow/.local/lib/python3.8/site-packages/airflow/example_dags/tutorial_taskflow_api.py
[2024-11-18T14:29:50.812+0000] {processor.py:839} INFO - DAG(s) dict_keys(['tutorial_taskflow_api']) retrieved from /home/airflow/.local/lib/python3.8/site-packages/airflow/example_dags/tutorial_taskflow_api.py
[2024-11-18T14:29:50.841+0000] {logging_mixin.py:151} INFO - [2024-11-18T14:29:50.841+0000] {dag.py:2941} INFO - Sync 1 DAGs
[2024-11-18T14:29:50.862+0000] {logging_mixin.py:151} INFO - [2024-11-18T14:29:50.862+0000] {dag.py:3722} INFO - Setting next_dagrun for tutorial_taskflow_api to None, run_after=None
[2024-11-18T14:29:50.890+0000] {processor.py:179} INFO - Processing /home/airflow/.local/lib/python3.8/site-packages/airflow/example_dags/tutorial_taskflow_api.py took 0.098 seconds
[2024-11-18T14:33:19.849+0000] {processor.py:157} INFO - Started process (PID=106) to work on /home/airflow/.local/lib/python3.8/site-packages/airflow/example_dags/tutorial_taskflow_api.py
[2024-11-18T14:33:19.851+0000] {processor.py:829} INFO - Processing file /home/airflow/.local/lib/python3.8/site-packages/airflow/example_dags/tutorial_taskflow_api.py for tasks to queue
[2024-11-18T14:33:19.854+0000] {logging_mixin.py:151} INFO - [2024-11-18T14:33:19.854+0000] {dagbag.py:536} INFO - Filling up the DagBag from /home/airflow/.local/lib/python3.8/site-packages/airflow/example_dags/tutorial_taskflow_api.py
[2024-11-18T14:33:19.872+0000] {processor.py:839} INFO - DAG(s) dict_keys(['tutorial_taskflow_api']) retrieved from /home/airflow/.local/lib/python3.8/site-packages/airflow/example_dags/tutorial_taskflow_api.py
[2024-11-18T14:33:19.924+0000] {logging_mixin.py:151} INFO - [2024-11-18T14:33:19.924+0000] {dag.py:2941} INFO - Sync 1 DAGs
[2024-11-18T14:33:19.946+0000] {logging_mixin.py:151} INFO - [2024-11-18T14:33:19.946+0000] {dag.py:3722} INFO - Setting next_dagrun for tutorial_taskflow_api to None, run_after=None
[2024-11-18T14:33:19.978+0000] {processor.py:179} INFO - Processing /home/airflow/.local/lib/python3.8/site-packages/airflow/example_dags/tutorial_taskflow_api.py took 0.136 seconds
[2024-11-18T14:33:50.381+0000] {processor.py:157} INFO - Started process (PID=153) to work on /home/airflow/.local/lib/python3.8/site-packages/airflow/example_dags/tutorial_taskflow_api.py
[2024-11-18T14:33:50.383+0000] {processor.py:829} INFO - Processing file /home/airflow/.local/lib/python3.8/site-packages/airflow/example_dags/tutorial_taskflow_api.py for tasks to queue
[2024-11-18T14:33:50.386+0000] {logging_mixin.py:151} INFO - [2024-11-18T14:33:50.385+0000] {dagbag.py:536} INFO - Filling up the DagBag from /home/airflow/.local/lib/python3.8/site-packages/airflow/example_dags/tutorial_taskflow_api.py
[2024-11-18T14:33:50.395+0000] {processor.py:839} INFO - DAG(s) dict_keys(['tutorial_taskflow_api']) retrieved from /home/airflow/.local/lib/python3.8/site-packages/airflow/example_dags/tutorial_taskflow_api.py
[2024-11-18T14:33:50.423+0000] {logging_mixin.py:151} INFO - [2024-11-18T14:33:50.423+0000] {dag.py:2941} INFO - Sync 1 DAGs
[2024-11-18T14:33:50.445+0000] {logging_mixin.py:151} INFO - [2024-11-18T14:33:50.445+0000] {dag.py:3722} INFO - Setting next_dagrun for tutorial_taskflow_api to None, run_after=None
[2024-11-18T14:33:50.474+0000] {processor.py:179} INFO - Processing /home/airflow/.local/lib/python3.8/site-packages/airflow/example_dags/tutorial_taskflow_api.py took 0.097 seconds
[2024-11-18T14:34:21.113+0000] {processor.py:157} INFO - Started process (PID=207) to work on /home/airflow/.local/lib/python3.8/site-packages/airflow/example_dags/tutorial_taskflow_api.py
[2024-11-18T14:34:21.114+0000] {processor.py:829} INFO - Processing file /home/airflow/.local/lib/python3.8/site-packages/airflow/example_dags/tutorial_taskflow_api.py for tasks to queue
[2024-11-18T14:34:21.117+0000] {logging_mixin.py:151} INFO - [2024-11-18T14:34:21.117+0000] {dagbag.py:536} INFO - Filling up the DagBag from /home/airflow/.local/lib/python3.8/site-packages/airflow/example_dags/tutorial_taskflow_api.py
[2024-11-18T14:34:21.126+0000] {processor.py:839} INFO - DAG(s) dict_keys(['tutorial_taskflow_api']) retrieved from /home/airflow/.local/lib/python3.8/site-packages/airflow/example_dags/tutorial_taskflow_api.py
[2024-11-18T14:34:21.156+0000] {logging_mixin.py:151} INFO - [2024-11-18T14:34:21.156+0000] {dag.py:2941} INFO - Sync 1 DAGs
[2024-11-18T14:34:21.176+0000] {logging_mixin.py:151} INFO - [2024-11-18T14:34:21.176+0000] {dag.py:3722} INFO - Setting next_dagrun for tutorial_taskflow_api to None, run_after=None
[2024-11-18T14:34:21.206+0000] {processor.py:179} INFO - Processing /home/airflow/.local/lib/python3.8/site-packages/airflow/example_dags/tutorial_taskflow_api.py took 0.098 seconds
[2024-11-18T14:34:51.784+0000] {processor.py:157} INFO - Started process (PID=261) to work on /home/airflow/.local/lib/python3.8/site-packages/airflow/example_dags/tutorial_taskflow_api.py
[2024-11-18T14:34:51.785+0000] {processor.py:829} INFO - Processing file /home/airflow/.local/lib/python3.8/site-packages/airflow/example_dags/tutorial_taskflow_api.py for tasks to queue
[2024-11-18T14:34:51.788+0000] {logging_mixin.py:151} INFO - [2024-11-18T14:34:51.788+0000] {dagbag.py:536} INFO - Filling up the DagBag from /home/airflow/.local/lib/python3.8/site-packages/airflow/example_dags/tutorial_taskflow_api.py
[2024-11-18T14:34:51.797+0000] {processor.py:839} INFO - DAG(s) dict_keys(['tutorial_taskflow_api']) retrieved from /home/airflow/.local/lib/python3.8/site-packages/airflow/example_dags/tutorial_taskflow_api.py
[2024-11-18T14:34:51.827+0000] {logging_mixin.py:151} INFO - [2024-11-18T14:34:51.827+0000] {dag.py:2941} INFO - Sync 1 DAGs
[2024-11-18T14:34:51.849+0000] {logging_mixin.py:151} INFO - [2024-11-18T14:34:51.849+0000] {dag.py:3722} INFO - Setting next_dagrun for tutorial_taskflow_api to None, run_after=None
[2024-11-18T14:34:51.878+0000] {processor.py:179} INFO - Processing /home/airflow/.local/lib/python3.8/site-packages/airflow/example_dags/tutorial_taskflow_api.py took 0.099 seconds
[2024-11-18T14:35:23.327+0000] {processor.py:157} INFO - Started process (PID=315) to work on /home/airflow/.local/lib/python3.8/site-packages/airflow/example_dags/tutorial_taskflow_api.py
[2024-11-18T14:35:23.328+0000] {processor.py:829} INFO - Processing file /home/airflow/.local/lib/python3.8/site-packages/airflow/example_dags/tutorial_taskflow_api.py for tasks to queue
[2024-11-18T14:35:23.331+0000] {logging_mixin.py:151} INFO - [2024-11-18T14:35:23.331+0000] {dagbag.py:536} INFO - Filling up the DagBag from /home/airflow/.local/lib/python3.8/site-packages/airflow/example_dags/tutorial_taskflow_api.py
[2024-11-18T14:35:23.341+0000] {processor.py:839} INFO - DAG(s) dict_keys(['tutorial_taskflow_api']) retrieved from /home/airflow/.local/lib/python3.8/site-packages/airflow/example_dags/tutorial_taskflow_api.py
[2024-11-18T14:35:23.370+0000] {logging_mixin.py:151} INFO - [2024-11-18T14:35:23.369+0000] {dag.py:2941} INFO - Sync 1 DAGs
[2024-11-18T14:35:23.388+0000] {logging_mixin.py:151} INFO - [2024-11-18T14:35:23.388+0000] {dag.py:3722} INFO - Setting next_dagrun for tutorial_taskflow_api to None, run_after=None
[2024-11-18T14:35:23.416+0000] {processor.py:179} INFO - Processing /home/airflow/.local/lib/python3.8/site-packages/airflow/example_dags/tutorial_taskflow_api.py took 0.093 seconds
[2024-11-18T14:35:56.586+0000] {processor.py:157} INFO - Started process (PID=369) to work on /home/airflow/.local/lib/python3.8/site-packages/airflow/example_dags/tutorial_taskflow_api.py
[2024-11-18T14:35:56.587+0000] {processor.py:829} INFO - Processing file /home/airflow/.local/lib/python3.8/site-packages/airflow/example_dags/tutorial_taskflow_api.py for tasks to queue
[2024-11-18T14:35:56.590+0000] {logging_mixin.py:151} INFO - [2024-11-18T14:35:56.590+0000] {dagbag.py:536} INFO - Filling up the DagBag from /home/airflow/.local/lib/python3.8/site-packages/airflow/example_dags/tutorial_taskflow_api.py
[2024-11-18T14:35:56.599+0000] {processor.py:839} INFO - DAG(s) dict_keys(['tutorial_taskflow_api']) retrieved from /home/airflow/.local/lib/python3.8/site-packages/airflow/example_dags/tutorial_taskflow_api.py
[2024-11-18T14:35:56.629+0000] {logging_mixin.py:151} INFO - [2024-11-18T14:35:56.629+0000] {dag.py:2941} INFO - Sync 1 DAGs
[2024-11-18T14:35:56.649+0000] {logging_mixin.py:151} INFO - [2024-11-18T14:35:56.649+0000] {dag.py:3722} INFO - Setting next_dagrun for tutorial_taskflow_api to None, run_after=None
[2024-11-18T14:35:56.676+0000] {processor.py:179} INFO - Processing /home/airflow/.local/lib/python3.8/site-packages/airflow/example_dags/tutorial_taskflow_api.py took 0.094 seconds
[2024-11-18T14:36:30.460+0000] {processor.py:157} INFO - Started process (PID=423) to work on /home/airflow/.local/lib/python3.8/site-packages/airflow/example_dags/tutorial_taskflow_api.py
[2024-11-18T14:36:30.461+0000] {processor.py:829} INFO - Processing file /home/airflow/.local/lib/python3.8/site-packages/airflow/example_dags/tutorial_taskflow_api.py for tasks to queue
[2024-11-18T14:36:30.464+0000] {logging_mixin.py:151} INFO - [2024-11-18T14:36:30.464+0000] {dagbag.py:536} INFO - Filling up the DagBag from /home/airflow/.local/lib/python3.8/site-packages/airflow/example_dags/tutorial_taskflow_api.py
[2024-11-18T14:36:30.474+0000] {processor.py:839} INFO - DAG(s) dict_keys(['tutorial_taskflow_api']) retrieved from /home/airflow/.local/lib/python3.8/site-packages/airflow/example_dags/tutorial_taskflow_api.py
[2024-11-18T14:36:30.503+0000] {logging_mixin.py:151} INFO - [2024-11-18T14:36:30.503+0000] {dag.py:2941} INFO - Sync 1 DAGs
[2024-11-18T14:36:30.523+0000] {logging_mixin.py:151} INFO - [2024-11-18T14:36:30.522+0000] {dag.py:3722} INFO - Setting next_dagrun for tutorial_taskflow_api to None, run_after=None
[2024-11-18T14:36:30.552+0000] {processor.py:179} INFO - Processing /home/airflow/.local/lib/python3.8/site-packages/airflow/example_dags/tutorial_taskflow_api.py took 0.097 seconds
[2024-11-18T14:37:03.342+0000] {processor.py:157} INFO - Started process (PID=477) to work on /home/airflow/.local/lib/python3.8/site-packages/airflow/example_dags/tutorial_taskflow_api.py
[2024-11-18T14:37:03.343+0000] {processor.py:829} INFO - Processing file /home/airflow/.local/lib/python3.8/site-packages/airflow/example_dags/tutorial_taskflow_api.py for tasks to queue
[2024-11-18T14:37:03.346+0000] {logging_mixin.py:151} INFO - [2024-11-18T14:37:03.346+0000] {dagbag.py:536} INFO - Filling up the DagBag from /home/airflow/.local/lib/python3.8/site-packages/airflow/example_dags/tutorial_taskflow_api.py
[2024-11-18T14:37:03.355+0000] {processor.py:839} INFO - DAG(s) dict_keys(['tutorial_taskflow_api']) retrieved from /home/airflow/.local/lib/python3.8/site-packages/airflow/example_dags/tutorial_taskflow_api.py
[2024-11-18T14:37:03.384+0000] {logging_mixin.py:151} INFO - [2024-11-18T14:37:03.384+0000] {dag.py:2941} INFO - Sync 1 DAGs
[2024-11-18T14:37:03.404+0000] {logging_mixin.py:151} INFO - [2024-11-18T14:37:03.403+0000] {dag.py:3722} INFO - Setting next_dagrun for tutorial_taskflow_api to None, run_after=None
[2024-11-18T14:37:03.432+0000] {processor.py:179} INFO - Processing /home/airflow/.local/lib/python3.8/site-packages/airflow/example_dags/tutorial_taskflow_api.py took 0.095 seconds
[2024-11-18T14:37:36.594+0000] {processor.py:157} INFO - Started process (PID=531) to work on /home/airflow/.local/lib/python3.8/site-packages/airflow/example_dags/tutorial_taskflow_api.py
[2024-11-18T14:37:36.595+0000] {processor.py:829} INFO - Processing file /home/airflow/.local/lib/python3.8/site-packages/airflow/example_dags/tutorial_taskflow_api.py for tasks to queue
[2024-11-18T14:37:36.598+0000] {logging_mixin.py:151} INFO - [2024-11-18T14:37:36.598+0000] {dagbag.py:536} INFO - Filling up the DagBag from /home/airflow/.local/lib/python3.8/site-packages/airflow/example_dags/tutorial_taskflow_api.py
[2024-11-18T14:37:36.608+0000] {processor.py:839} INFO - DAG(s) dict_keys(['tutorial_taskflow_api']) retrieved from /home/airflow/.local/lib/python3.8/site-packages/airflow/example_dags/tutorial_taskflow_api.py
[2024-11-18T14:37:36.641+0000] {logging_mixin.py:151} INFO - [2024-11-18T14:37:36.641+0000] {dag.py:2941} INFO - Sync 1 DAGs
[2024-11-18T14:37:36.662+0000] {logging_mixin.py:151} INFO - [2024-11-18T14:37:36.661+0000] {dag.py:3722} INFO - Setting next_dagrun for tutorial_taskflow_api to None, run_after=None
[2024-11-18T14:37:36.690+0000] {processor.py:179} INFO - Processing /home/airflow/.local/lib/python3.8/site-packages/airflow/example_dags/tutorial_taskflow_api.py took 0.101 seconds
[2024-11-18T14:38:09.860+0000] {processor.py:157} INFO - Started process (PID=585) to work on /home/airflow/.local/lib/python3.8/site-packages/airflow/example_dags/tutorial_taskflow_api.py
[2024-11-18T14:38:09.862+0000] {processor.py:829} INFO - Processing file /home/airflow/.local/lib/python3.8/site-packages/airflow/example_dags/tutorial_taskflow_api.py for tasks to queue
[2024-11-18T14:38:09.864+0000] {logging_mixin.py:151} INFO - [2024-11-18T14:38:09.864+0000] {dagbag.py:536} INFO - Filling up the DagBag from /home/airflow/.local/lib/python3.8/site-packages/airflow/example_dags/tutorial_taskflow_api.py
[2024-11-18T14:38:09.875+0000] {processor.py:839} INFO - DAG(s) dict_keys(['tutorial_taskflow_api']) retrieved from /home/airflow/.local/lib/python3.8/site-packages/airflow/example_dags/tutorial_taskflow_api.py
[2024-11-18T14:38:09.908+0000] {logging_mixin.py:151} INFO - [2024-11-18T14:38:09.907+0000] {dag.py:2941} INFO - Sync 1 DAGs
[2024-11-18T14:38:09.929+0000] {logging_mixin.py:151} INFO - [2024-11-18T14:38:09.929+0000] {dag.py:3722} INFO - Setting next_dagrun for tutorial_taskflow_api to None, run_after=None
[2024-11-18T14:38:09.958+0000] {processor.py:179} INFO - Processing /home/airflow/.local/lib/python3.8/site-packages/airflow/example_dags/tutorial_taskflow_api.py took 0.103 seconds
[2024-11-18T14:38:43.132+0000] {processor.py:157} INFO - Started process (PID=639) to work on /home/airflow/.local/lib/python3.8/site-packages/airflow/example_dags/tutorial_taskflow_api.py
[2024-11-18T14:38:43.133+0000] {processor.py:829} INFO - Processing file /home/airflow/.local/lib/python3.8/site-packages/airflow/example_dags/tutorial_taskflow_api.py for tasks to queue
[2024-11-18T14:38:43.136+0000] {logging_mixin.py:151} INFO - [2024-11-18T14:38:43.136+0000] {dagbag.py:536} INFO - Filling up the DagBag from /home/airflow/.local/lib/python3.8/site-packages/airflow/example_dags/tutorial_taskflow_api.py
[2024-11-18T14:38:43.145+0000] {processor.py:839} INFO - DAG(s) dict_keys(['tutorial_taskflow_api']) retrieved from /home/airflow/.local/lib/python3.8/site-packages/airflow/example_dags/tutorial_taskflow_api.py
[2024-11-18T14:38:43.174+0000] {logging_mixin.py:151} INFO - [2024-11-18T14:38:43.174+0000] {dag.py:2941} INFO - Sync 1 DAGs
[2024-11-18T14:38:43.195+0000] {logging_mixin.py:151} INFO - [2024-11-18T14:38:43.195+0000] {dag.py:3722} INFO - Setting next_dagrun for tutorial_taskflow_api to None, run_after=None
[2024-11-18T14:38:43.224+0000] {processor.py:179} INFO - Processing /home/airflow/.local/lib/python3.8/site-packages/airflow/example_dags/tutorial_taskflow_api.py took 0.097 seconds
[2024-11-18T14:39:16.949+0000] {processor.py:157} INFO - Started process (PID=693) to work on /home/airflow/.local/lib/python3.8/site-packages/airflow/example_dags/tutorial_taskflow_api.py
[2024-11-18T14:39:16.950+0000] {processor.py:829} INFO - Processing file /home/airflow/.local/lib/python3.8/site-packages/airflow/example_dags/tutorial_taskflow_api.py for tasks to queue
[2024-11-18T14:39:16.953+0000] {logging_mixin.py:151} INFO - [2024-11-18T14:39:16.953+0000] {dagbag.py:536} INFO - Filling up the DagBag from /home/airflow/.local/lib/python3.8/site-packages/airflow/example_dags/tutorial_taskflow_api.py
[2024-11-18T14:39:16.963+0000] {processor.py:839} INFO - DAG(s) dict_keys(['tutorial_taskflow_api']) retrieved from /home/airflow/.local/lib/python3.8/site-packages/airflow/example_dags/tutorial_taskflow_api.py
[2024-11-18T14:39:16.993+0000] {logging_mixin.py:151} INFO - [2024-11-18T14:39:16.993+0000] {dag.py:2941} INFO - Sync 1 DAGs
[2024-11-18T14:39:17.012+0000] {logging_mixin.py:151} INFO - [2024-11-18T14:39:17.012+0000] {dag.py:3722} INFO - Setting next_dagrun for tutorial_taskflow_api to None, run_after=None
[2024-11-18T14:39:17.041+0000] {processor.py:179} INFO - Processing /home/airflow/.local/lib/python3.8/site-packages/airflow/example_dags/tutorial_taskflow_api.py took 0.097 seconds
[2024-11-18T14:39:50.134+0000] {processor.py:157} INFO - Started process (PID=747) to work on /home/airflow/.local/lib/python3.8/site-packages/airflow/example_dags/tutorial_taskflow_api.py
[2024-11-18T14:39:50.136+0000] {processor.py:829} INFO - Processing file /home/airflow/.local/lib/python3.8/site-packages/airflow/example_dags/tutorial_taskflow_api.py for tasks to queue
[2024-11-18T14:39:50.139+0000] {logging_mixin.py:151} INFO - [2024-11-18T14:39:50.138+0000] {dagbag.py:536} INFO - Filling up the DagBag from /home/airflow/.local/lib/python3.8/site-packages/airflow/example_dags/tutorial_taskflow_api.py
[2024-11-18T14:39:50.148+0000] {processor.py:839} INFO - DAG(s) dict_keys(['tutorial_taskflow_api']) retrieved from /home/airflow/.local/lib/python3.8/site-packages/airflow/example_dags/tutorial_taskflow_api.py
[2024-11-18T14:39:50.177+0000] {logging_mixin.py:151} INFO - [2024-11-18T14:39:50.177+0000] {dag.py:2941} INFO - Sync 1 DAGs
[2024-11-18T14:39:50.197+0000] {logging_mixin.py:151} INFO - [2024-11-18T14:39:50.197+0000] {dag.py:3722} INFO - Setting next_dagrun for tutorial_taskflow_api to None, run_after=None
[2024-11-18T14:39:50.225+0000] {processor.py:179} INFO - Processing /home/airflow/.local/lib/python3.8/site-packages/airflow/example_dags/tutorial_taskflow_api.py took 0.096 seconds
[2024-11-18T14:40:23.417+0000] {processor.py:157} INFO - Started process (PID=801) to work on /home/airflow/.local/lib/python3.8/site-packages/airflow/example_dags/tutorial_taskflow_api.py
[2024-11-18T14:40:23.418+0000] {processor.py:829} INFO - Processing file /home/airflow/.local/lib/python3.8/site-packages/airflow/example_dags/tutorial_taskflow_api.py for tasks to queue
[2024-11-18T14:40:23.421+0000] {logging_mixin.py:151} INFO - [2024-11-18T14:40:23.420+0000] {dagbag.py:536} INFO - Filling up the DagBag from /home/airflow/.local/lib/python3.8/site-packages/airflow/example_dags/tutorial_taskflow_api.py
[2024-11-18T14:40:23.429+0000] {processor.py:839} INFO - DAG(s) dict_keys(['tutorial_taskflow_api']) retrieved from /home/airflow/.local/lib/python3.8/site-packages/airflow/example_dags/tutorial_taskflow_api.py
[2024-11-18T14:40:23.459+0000] {logging_mixin.py:151} INFO - [2024-11-18T14:40:23.459+0000] {dag.py:2941} INFO - Sync 1 DAGs
[2024-11-18T14:40:23.479+0000] {logging_mixin.py:151} INFO - [2024-11-18T14:40:23.479+0000] {dag.py:3722} INFO - Setting next_dagrun for tutorial_taskflow_api to None, run_after=None
[2024-11-18T14:40:23.507+0000] {processor.py:179} INFO - Processing /home/airflow/.local/lib/python3.8/site-packages/airflow/example_dags/tutorial_taskflow_api.py took 0.095 seconds
[2024-11-18T14:40:56.830+0000] {processor.py:157} INFO - Started process (PID=855) to work on /home/airflow/.local/lib/python3.8/site-packages/airflow/example_dags/tutorial_taskflow_api.py
[2024-11-18T14:40:56.831+0000] {processor.py:829} INFO - Processing file /home/airflow/.local/lib/python3.8/site-packages/airflow/example_dags/tutorial_taskflow_api.py for tasks to queue
[2024-11-18T14:40:56.834+0000] {logging_mixin.py:151} INFO - [2024-11-18T14:40:56.834+0000] {dagbag.py:536} INFO - Filling up the DagBag from /home/airflow/.local/lib/python3.8/site-packages/airflow/example_dags/tutorial_taskflow_api.py
[2024-11-18T14:40:56.845+0000] {processor.py:839} INFO - DAG(s) dict_keys(['tutorial_taskflow_api']) retrieved from /home/airflow/.local/lib/python3.8/site-packages/airflow/example_dags/tutorial_taskflow_api.py
[2024-11-18T14:40:56.877+0000] {logging_mixin.py:151} INFO - [2024-11-18T14:40:56.877+0000] {dag.py:2941} INFO - Sync 1 DAGs
[2024-11-18T14:40:56.896+0000] {logging_mixin.py:151} INFO - [2024-11-18T14:40:56.896+0000] {dag.py:3722} INFO - Setting next_dagrun for tutorial_taskflow_api to None, run_after=None
[2024-11-18T14:40:56.927+0000] {processor.py:179} INFO - Processing /home/airflow/.local/lib/python3.8/site-packages/airflow/example_dags/tutorial_taskflow_api.py took 0.103 seconds
[2024-11-18T14:41:29.986+0000] {processor.py:157} INFO - Started process (PID=909) to work on /home/airflow/.local/lib/python3.8/site-packages/airflow/example_dags/tutorial_taskflow_api.py
[2024-11-18T14:41:29.987+0000] {processor.py:829} INFO - Processing file /home/airflow/.local/lib/python3.8/site-packages/airflow/example_dags/tutorial_taskflow_api.py for tasks to queue
[2024-11-18T14:41:29.990+0000] {logging_mixin.py:151} INFO - [2024-11-18T14:41:29.990+0000] {dagbag.py:536} INFO - Filling up the DagBag from /home/airflow/.local/lib/python3.8/site-packages/airflow/example_dags/tutorial_taskflow_api.py
[2024-11-18T14:41:29.999+0000] {processor.py:839} INFO - DAG(s) dict_keys(['tutorial_taskflow_api']) retrieved from /home/airflow/.local/lib/python3.8/site-packages/airflow/example_dags/tutorial_taskflow_api.py
[2024-11-18T14:41:30.031+0000] {logging_mixin.py:151} INFO - [2024-11-18T14:41:30.031+0000] {dag.py:2941} INFO - Sync 1 DAGs
[2024-11-18T14:41:30.051+0000] {logging_mixin.py:151} INFO - [2024-11-18T14:41:30.051+0000] {dag.py:3722} INFO - Setting next_dagrun for tutorial_taskflow_api to None, run_after=None
[2024-11-18T14:41:30.082+0000] {processor.py:179} INFO - Processing /home/airflow/.local/lib/python3.8/site-packages/airflow/example_dags/tutorial_taskflow_api.py took 0.101 seconds
[2024-11-18T14:42:03.343+0000] {processor.py:157} INFO - Started process (PID=963) to work on /home/airflow/.local/lib/python3.8/site-packages/airflow/example_dags/tutorial_taskflow_api.py
[2024-11-18T14:42:03.344+0000] {processor.py:829} INFO - Processing file /home/airflow/.local/lib/python3.8/site-packages/airflow/example_dags/tutorial_taskflow_api.py for tasks to queue
[2024-11-18T14:42:03.347+0000] {logging_mixin.py:151} INFO - [2024-11-18T14:42:03.347+0000] {dagbag.py:536} INFO - Filling up the DagBag from /home/airflow/.local/lib/python3.8/site-packages/airflow/example_dags/tutorial_taskflow_api.py
[2024-11-18T14:42:03.356+0000] {processor.py:839} INFO - DAG(s) dict_keys(['tutorial_taskflow_api']) retrieved from /home/airflow/.local/lib/python3.8/site-packages/airflow/example_dags/tutorial_taskflow_api.py
[2024-11-18T14:42:03.385+0000] {logging_mixin.py:151} INFO - [2024-11-18T14:42:03.385+0000] {dag.py:2941} INFO - Sync 1 DAGs
[2024-11-18T14:42:03.405+0000] {logging_mixin.py:151} INFO - [2024-11-18T14:42:03.405+0000] {dag.py:3722} INFO - Setting next_dagrun for tutorial_taskflow_api to None, run_after=None
[2024-11-18T14:42:03.433+0000] {processor.py:179} INFO - Processing /home/airflow/.local/lib/python3.8/site-packages/airflow/example_dags/tutorial_taskflow_api.py took 0.094 seconds
[2024-11-18T14:42:36.810+0000] {processor.py:157} INFO - Started process (PID=1017) to work on /home/airflow/.local/lib/python3.8/site-packages/airflow/example_dags/tutorial_taskflow_api.py
[2024-11-18T14:42:36.812+0000] {processor.py:829} INFO - Processing file /home/airflow/.local/lib/python3.8/site-packages/airflow/example_dags/tutorial_taskflow_api.py for tasks to queue
[2024-11-18T14:42:36.815+0000] {logging_mixin.py:151} INFO - [2024-11-18T14:42:36.815+0000] {dagbag.py:536} INFO - Filling up the DagBag from /home/airflow/.local/lib/python3.8/site-packages/airflow/example_dags/tutorial_taskflow_api.py
[2024-11-18T14:42:36.824+0000] {processor.py:839} INFO - DAG(s) dict_keys(['tutorial_taskflow_api']) retrieved from /home/airflow/.local/lib/python3.8/site-packages/airflow/example_dags/tutorial_taskflow_api.py
[2024-11-18T14:42:36.857+0000] {logging_mixin.py:151} INFO - [2024-11-18T14:42:36.856+0000] {dag.py:2941} INFO - Sync 1 DAGs
[2024-11-18T14:42:36.877+0000] {logging_mixin.py:151} INFO - [2024-11-18T14:42:36.877+0000] {dag.py:3722} INFO - Setting next_dagrun for tutorial_taskflow_api to None, run_after=None
[2024-11-18T14:42:36.906+0000] {processor.py:179} INFO - Processing /home/airflow/.local/lib/python3.8/site-packages/airflow/example_dags/tutorial_taskflow_api.py took 0.101 seconds
[2024-11-18T14:43:10.819+0000] {processor.py:157} INFO - Started process (PID=1071) to work on /home/airflow/.local/lib/python3.8/site-packages/airflow/example_dags/tutorial_taskflow_api.py
[2024-11-18T14:43:10.821+0000] {processor.py:829} INFO - Processing file /home/airflow/.local/lib/python3.8/site-packages/airflow/example_dags/tutorial_taskflow_api.py for tasks to queue
[2024-11-18T14:43:10.824+0000] {logging_mixin.py:151} INFO - [2024-11-18T14:43:10.823+0000] {dagbag.py:536} INFO - Filling up the DagBag from /home/airflow/.local/lib/python3.8/site-packages/airflow/example_dags/tutorial_taskflow_api.py
[2024-11-18T14:43:10.833+0000] {processor.py:839} INFO - DAG(s) dict_keys(['tutorial_taskflow_api']) retrieved from /home/airflow/.local/lib/python3.8/site-packages/airflow/example_dags/tutorial_taskflow_api.py
[2024-11-18T14:43:10.865+0000] {logging_mixin.py:151} INFO - [2024-11-18T14:43:10.865+0000] {dag.py:2941} INFO - Sync 1 DAGs
[2024-11-18T14:43:10.887+0000] {logging_mixin.py:151} INFO - [2024-11-18T14:43:10.886+0000] {dag.py:3722} INFO - Setting next_dagrun for tutorial_taskflow_api to None, run_after=None
[2024-11-18T14:43:10.914+0000] {processor.py:179} INFO - Processing /home/airflow/.local/lib/python3.8/site-packages/airflow/example_dags/tutorial_taskflow_api.py took 0.100 seconds
[2024-11-18T14:43:43.882+0000] {processor.py:157} INFO - Started process (PID=1125) to work on /home/airflow/.local/lib/python3.8/site-packages/airflow/example_dags/tutorial_taskflow_api.py
[2024-11-18T14:43:43.884+0000] {processor.py:829} INFO - Processing file /home/airflow/.local/lib/python3.8/site-packages/airflow/example_dags/tutorial_taskflow_api.py for tasks to queue
[2024-11-18T14:43:43.888+0000] {logging_mixin.py:151} INFO - [2024-11-18T14:43:43.888+0000] {dagbag.py:536} INFO - Filling up the DagBag from /home/airflow/.local/lib/python3.8/site-packages/airflow/example_dags/tutorial_taskflow_api.py
[2024-11-18T14:43:43.901+0000] {processor.py:839} INFO - DAG(s) dict_keys(['tutorial_taskflow_api']) retrieved from /home/airflow/.local/lib/python3.8/site-packages/airflow/example_dags/tutorial_taskflow_api.py
[2024-11-18T14:43:43.942+0000] {logging_mixin.py:151} INFO - [2024-11-18T14:43:43.941+0000] {dag.py:2941} INFO - Sync 1 DAGs
[2024-11-18T14:43:43.992+0000] {logging_mixin.py:151} INFO - [2024-11-18T14:43:43.991+0000] {dag.py:3722} INFO - Setting next_dagrun for tutorial_taskflow_api to None, run_after=None
[2024-11-18T14:43:44.033+0000] {processor.py:179} INFO - Processing /home/airflow/.local/lib/python3.8/site-packages/airflow/example_dags/tutorial_taskflow_api.py took 0.157 seconds
[2024-11-18T14:44:16.515+0000] {processor.py:157} INFO - Started process (PID=1179) to work on /home/airflow/.local/lib/python3.8/site-packages/airflow/example_dags/tutorial_taskflow_api.py
[2024-11-18T14:44:16.517+0000] {processor.py:829} INFO - Processing file /home/airflow/.local/lib/python3.8/site-packages/airflow/example_dags/tutorial_taskflow_api.py for tasks to queue
[2024-11-18T14:44:16.520+0000] {logging_mixin.py:151} INFO - [2024-11-18T14:44:16.520+0000] {dagbag.py:536} INFO - Filling up the DagBag from /home/airflow/.local/lib/python3.8/site-packages/airflow/example_dags/tutorial_taskflow_api.py
[2024-11-18T14:44:16.531+0000] {processor.py:839} INFO - DAG(s) dict_keys(['tutorial_taskflow_api']) retrieved from /home/airflow/.local/lib/python3.8/site-packages/airflow/example_dags/tutorial_taskflow_api.py
[2024-11-18T14:44:16.564+0000] {logging_mixin.py:151} INFO - [2024-11-18T14:44:16.564+0000] {dag.py:2941} INFO - Sync 1 DAGs
[2024-11-18T14:44:16.585+0000] {logging_mixin.py:151} INFO - [2024-11-18T14:44:16.585+0000] {dag.py:3722} INFO - Setting next_dagrun for tutorial_taskflow_api to None, run_after=None
[2024-11-18T14:44:16.613+0000] {processor.py:179} INFO - Processing /home/airflow/.local/lib/python3.8/site-packages/airflow/example_dags/tutorial_taskflow_api.py took 0.103 seconds
[2024-11-18T14:44:51.349+0000] {processor.py:157} INFO - Started process (PID=1233) to work on /home/airflow/.local/lib/python3.8/site-packages/airflow/example_dags/tutorial_taskflow_api.py
[2024-11-18T14:44:51.351+0000] {processor.py:829} INFO - Processing file /home/airflow/.local/lib/python3.8/site-packages/airflow/example_dags/tutorial_taskflow_api.py for tasks to queue
[2024-11-18T14:44:51.354+0000] {logging_mixin.py:151} INFO - [2024-11-18T14:44:51.353+0000] {dagbag.py:536} INFO - Filling up the DagBag from /home/airflow/.local/lib/python3.8/site-packages/airflow/example_dags/tutorial_taskflow_api.py
[2024-11-18T14:44:51.363+0000] {processor.py:839} INFO - DAG(s) dict_keys(['tutorial_taskflow_api']) retrieved from /home/airflow/.local/lib/python3.8/site-packages/airflow/example_dags/tutorial_taskflow_api.py
[2024-11-18T14:44:51.392+0000] {logging_mixin.py:151} INFO - [2024-11-18T14:44:51.392+0000] {dag.py:2941} INFO - Sync 1 DAGs
[2024-11-18T14:44:51.412+0000] {logging_mixin.py:151} INFO - [2024-11-18T14:44:51.412+0000] {dag.py:3722} INFO - Setting next_dagrun for tutorial_taskflow_api to None, run_after=None
[2024-11-18T14:44:51.440+0000] {processor.py:179} INFO - Processing /home/airflow/.local/lib/python3.8/site-packages/airflow/example_dags/tutorial_taskflow_api.py took 0.096 seconds
[2024-11-18T14:45:24.484+0000] {processor.py:157} INFO - Started process (PID=1287) to work on /home/airflow/.local/lib/python3.8/site-packages/airflow/example_dags/tutorial_taskflow_api.py
[2024-11-18T14:45:24.485+0000] {processor.py:829} INFO - Processing file /home/airflow/.local/lib/python3.8/site-packages/airflow/example_dags/tutorial_taskflow_api.py for tasks to queue
[2024-11-18T14:45:24.489+0000] {logging_mixin.py:151} INFO - [2024-11-18T14:45:24.488+0000] {dagbag.py:536} INFO - Filling up the DagBag from /home/airflow/.local/lib/python3.8/site-packages/airflow/example_dags/tutorial_taskflow_api.py
[2024-11-18T14:45:24.499+0000] {processor.py:839} INFO - DAG(s) dict_keys(['tutorial_taskflow_api']) retrieved from /home/airflow/.local/lib/python3.8/site-packages/airflow/example_dags/tutorial_taskflow_api.py
[2024-11-18T14:45:24.530+0000] {logging_mixin.py:151} INFO - [2024-11-18T14:45:24.530+0000] {dag.py:2941} INFO - Sync 1 DAGs
[2024-11-18T14:45:24.555+0000] {logging_mixin.py:151} INFO - [2024-11-18T14:45:24.554+0000] {dag.py:3722} INFO - Setting next_dagrun for tutorial_taskflow_api to None, run_after=None
[2024-11-18T14:45:24.584+0000] {processor.py:179} INFO - Processing /home/airflow/.local/lib/python3.8/site-packages/airflow/example_dags/tutorial_taskflow_api.py took 0.105 seconds
[2024-11-18T14:45:56.937+0000] {processor.py:157} INFO - Started process (PID=1341) to work on /home/airflow/.local/lib/python3.8/site-packages/airflow/example_dags/tutorial_taskflow_api.py
[2024-11-18T14:45:56.938+0000] {processor.py:829} INFO - Processing file /home/airflow/.local/lib/python3.8/site-packages/airflow/example_dags/tutorial_taskflow_api.py for tasks to queue
[2024-11-18T14:45:56.941+0000] {logging_mixin.py:151} INFO - [2024-11-18T14:45:56.941+0000] {dagbag.py:536} INFO - Filling up the DagBag from /home/airflow/.local/lib/python3.8/site-packages/airflow/example_dags/tutorial_taskflow_api.py
[2024-11-18T14:45:56.951+0000] {processor.py:839} INFO - DAG(s) dict_keys(['tutorial_taskflow_api']) retrieved from /home/airflow/.local/lib/python3.8/site-packages/airflow/example_dags/tutorial_taskflow_api.py
[2024-11-18T14:45:56.984+0000] {logging_mixin.py:151} INFO - [2024-11-18T14:45:56.984+0000] {dag.py:2941} INFO - Sync 1 DAGs
[2024-11-18T14:45:57.006+0000] {logging_mixin.py:151} INFO - [2024-11-18T14:45:57.006+0000] {dag.py:3722} INFO - Setting next_dagrun for tutorial_taskflow_api to None, run_after=None
[2024-11-18T14:45:57.042+0000] {processor.py:179} INFO - Processing /home/airflow/.local/lib/python3.8/site-packages/airflow/example_dags/tutorial_taskflow_api.py took 0.111 seconds
[2024-11-18T14:46:30.777+0000] {processor.py:157} INFO - Started process (PID=1395) to work on /home/airflow/.local/lib/python3.8/site-packages/airflow/example_dags/tutorial_taskflow_api.py
[2024-11-18T14:46:30.779+0000] {processor.py:829} INFO - Processing file /home/airflow/.local/lib/python3.8/site-packages/airflow/example_dags/tutorial_taskflow_api.py for tasks to queue
[2024-11-18T14:46:30.782+0000] {logging_mixin.py:151} INFO - [2024-11-18T14:46:30.781+0000] {dagbag.py:536} INFO - Filling up the DagBag from /home/airflow/.local/lib/python3.8/site-packages/airflow/example_dags/tutorial_taskflow_api.py
[2024-11-18T14:46:30.791+0000] {processor.py:839} INFO - DAG(s) dict_keys(['tutorial_taskflow_api']) retrieved from /home/airflow/.local/lib/python3.8/site-packages/airflow/example_dags/tutorial_taskflow_api.py
[2024-11-18T14:46:30.821+0000] {logging_mixin.py:151} INFO - [2024-11-18T14:46:30.821+0000] {dag.py:2941} INFO - Sync 1 DAGs
[2024-11-18T14:46:30.841+0000] {logging_mixin.py:151} INFO - [2024-11-18T14:46:30.841+0000] {dag.py:3722} INFO - Setting next_dagrun for tutorial_taskflow_api to None, run_after=None
[2024-11-18T14:46:30.869+0000] {processor.py:179} INFO - Processing /home/airflow/.local/lib/python3.8/site-packages/airflow/example_dags/tutorial_taskflow_api.py took 0.097 seconds
[2024-11-18T14:47:05.516+0000] {processor.py:157} INFO - Started process (PID=1449) to work on /home/airflow/.local/lib/python3.8/site-packages/airflow/example_dags/tutorial_taskflow_api.py
[2024-11-18T14:47:05.517+0000] {processor.py:829} INFO - Processing file /home/airflow/.local/lib/python3.8/site-packages/airflow/example_dags/tutorial_taskflow_api.py for tasks to queue
[2024-11-18T14:47:05.521+0000] {logging_mixin.py:151} INFO - [2024-11-18T14:47:05.520+0000] {dagbag.py:536} INFO - Filling up the DagBag from /home/airflow/.local/lib/python3.8/site-packages/airflow/example_dags/tutorial_taskflow_api.py
[2024-11-18T14:47:05.531+0000] {processor.py:839} INFO - DAG(s) dict_keys(['tutorial_taskflow_api']) retrieved from /home/airflow/.local/lib/python3.8/site-packages/airflow/example_dags/tutorial_taskflow_api.py
[2024-11-18T14:47:05.569+0000] {logging_mixin.py:151} INFO - [2024-11-18T14:47:05.569+0000] {dag.py:2941} INFO - Sync 1 DAGs
[2024-11-18T14:47:05.768+0000] {logging_mixin.py:151} INFO - [2024-11-18T14:47:05.767+0000] {dag.py:3722} INFO - Setting next_dagrun for tutorial_taskflow_api to None, run_after=None
[2024-11-18T14:47:05.806+0000] {processor.py:179} INFO - Processing /home/airflow/.local/lib/python3.8/site-packages/airflow/example_dags/tutorial_taskflow_api.py took 0.295 seconds
[2024-11-18T14:47:37.167+0000] {processor.py:157} INFO - Started process (PID=1503) to work on /home/airflow/.local/lib/python3.8/site-packages/airflow/example_dags/tutorial_taskflow_api.py
[2024-11-18T14:47:37.168+0000] {processor.py:829} INFO - Processing file /home/airflow/.local/lib/python3.8/site-packages/airflow/example_dags/tutorial_taskflow_api.py for tasks to queue
[2024-11-18T14:47:37.172+0000] {logging_mixin.py:151} INFO - [2024-11-18T14:47:37.171+0000] {dagbag.py:536} INFO - Filling up the DagBag from /home/airflow/.local/lib/python3.8/site-packages/airflow/example_dags/tutorial_taskflow_api.py
[2024-11-18T14:47:37.181+0000] {processor.py:839} INFO - DAG(s) dict_keys(['tutorial_taskflow_api']) retrieved from /home/airflow/.local/lib/python3.8/site-packages/airflow/example_dags/tutorial_taskflow_api.py
[2024-11-18T14:47:37.212+0000] {logging_mixin.py:151} INFO - [2024-11-18T14:47:37.212+0000] {dag.py:2941} INFO - Sync 1 DAGs
[2024-11-18T14:47:37.233+0000] {logging_mixin.py:151} INFO - [2024-11-18T14:47:37.233+0000] {dag.py:3722} INFO - Setting next_dagrun for tutorial_taskflow_api to None, run_after=None
[2024-11-18T14:47:37.263+0000] {processor.py:179} INFO - Processing /home/airflow/.local/lib/python3.8/site-packages/airflow/example_dags/tutorial_taskflow_api.py took 0.101 seconds
[2024-11-18T14:48:12.117+0000] {processor.py:157} INFO - Started process (PID=1557) to work on /home/airflow/.local/lib/python3.8/site-packages/airflow/example_dags/tutorial_taskflow_api.py
[2024-11-18T14:48:12.118+0000] {processor.py:829} INFO - Processing file /home/airflow/.local/lib/python3.8/site-packages/airflow/example_dags/tutorial_taskflow_api.py for tasks to queue
[2024-11-18T14:48:12.121+0000] {logging_mixin.py:151} INFO - [2024-11-18T14:48:12.121+0000] {dagbag.py:536} INFO - Filling up the DagBag from /home/airflow/.local/lib/python3.8/site-packages/airflow/example_dags/tutorial_taskflow_api.py
[2024-11-18T14:48:12.132+0000] {processor.py:839} INFO - DAG(s) dict_keys(['tutorial_taskflow_api']) retrieved from /home/airflow/.local/lib/python3.8/site-packages/airflow/example_dags/tutorial_taskflow_api.py
[2024-11-18T14:48:12.162+0000] {logging_mixin.py:151} INFO - [2024-11-18T14:48:12.161+0000] {dag.py:2941} INFO - Sync 1 DAGs
[2024-11-18T14:48:12.182+0000] {logging_mixin.py:151} INFO - [2024-11-18T14:48:12.181+0000] {dag.py:3722} INFO - Setting next_dagrun for tutorial_taskflow_api to None, run_after=None
[2024-11-18T14:48:12.211+0000] {processor.py:179} INFO - Processing /home/airflow/.local/lib/python3.8/site-packages/airflow/example_dags/tutorial_taskflow_api.py took 0.100 seconds
[2024-11-18T14:48:45.432+0000] {processor.py:157} INFO - Started process (PID=1612) to work on /home/airflow/.local/lib/python3.8/site-packages/airflow/example_dags/tutorial_taskflow_api.py
[2024-11-18T14:48:45.433+0000] {processor.py:829} INFO - Processing file /home/airflow/.local/lib/python3.8/site-packages/airflow/example_dags/tutorial_taskflow_api.py for tasks to queue
[2024-11-18T14:48:45.436+0000] {logging_mixin.py:151} INFO - [2024-11-18T14:48:45.435+0000] {dagbag.py:536} INFO - Filling up the DagBag from /home/airflow/.local/lib/python3.8/site-packages/airflow/example_dags/tutorial_taskflow_api.py
[2024-11-18T14:48:45.445+0000] {processor.py:839} INFO - DAG(s) dict_keys(['tutorial_taskflow_api']) retrieved from /home/airflow/.local/lib/python3.8/site-packages/airflow/example_dags/tutorial_taskflow_api.py
[2024-11-18T14:48:45.476+0000] {logging_mixin.py:151} INFO - [2024-11-18T14:48:45.476+0000] {dag.py:2941} INFO - Sync 1 DAGs
[2024-11-18T14:48:45.675+0000] {logging_mixin.py:151} INFO - [2024-11-18T14:48:45.675+0000] {dag.py:3722} INFO - Setting next_dagrun for tutorial_taskflow_api to None, run_after=None
[2024-11-18T14:48:45.700+0000] {processor.py:179} INFO - Processing /home/airflow/.local/lib/python3.8/site-packages/airflow/example_dags/tutorial_taskflow_api.py took 0.273 seconds
[2024-11-18T14:49:17.212+0000] {processor.py:157} INFO - Started process (PID=1667) to work on /home/airflow/.local/lib/python3.8/site-packages/airflow/example_dags/tutorial_taskflow_api.py
[2024-11-18T14:49:17.214+0000] {processor.py:829} INFO - Processing file /home/airflow/.local/lib/python3.8/site-packages/airflow/example_dags/tutorial_taskflow_api.py for tasks to queue
[2024-11-18T14:49:17.217+0000] {logging_mixin.py:151} INFO - [2024-11-18T14:49:17.217+0000] {dagbag.py:536} INFO - Filling up the DagBag from /home/airflow/.local/lib/python3.8/site-packages/airflow/example_dags/tutorial_taskflow_api.py
[2024-11-18T14:49:17.226+0000] {processor.py:839} INFO - DAG(s) dict_keys(['tutorial_taskflow_api']) retrieved from /home/airflow/.local/lib/python3.8/site-packages/airflow/example_dags/tutorial_taskflow_api.py
[2024-11-18T14:49:17.258+0000] {logging_mixin.py:151} INFO - [2024-11-18T14:49:17.258+0000] {dag.py:2941} INFO - Sync 1 DAGs
[2024-11-18T14:49:17.280+0000] {logging_mixin.py:151} INFO - [2024-11-18T14:49:17.280+0000] {dag.py:3722} INFO - Setting next_dagrun for tutorial_taskflow_api to None, run_after=None
[2024-11-18T14:49:17.308+0000] {processor.py:179} INFO - Processing /home/airflow/.local/lib/python3.8/site-packages/airflow/example_dags/tutorial_taskflow_api.py took 0.101 seconds
[2024-11-18T14:49:50.807+0000] {processor.py:157} INFO - Started process (PID=1724) to work on /home/airflow/.local/lib/python3.8/site-packages/airflow/example_dags/tutorial_taskflow_api.py
[2024-11-18T14:49:50.808+0000] {processor.py:829} INFO - Processing file /home/airflow/.local/lib/python3.8/site-packages/airflow/example_dags/tutorial_taskflow_api.py for tasks to queue
[2024-11-18T14:49:50.811+0000] {logging_mixin.py:151} INFO - [2024-11-18T14:49:50.811+0000] {dagbag.py:536} INFO - Filling up the DagBag from /home/airflow/.local/lib/python3.8/site-packages/airflow/example_dags/tutorial_taskflow_api.py
[2024-11-18T14:49:50.820+0000] {processor.py:839} INFO - DAG(s) dict_keys(['tutorial_taskflow_api']) retrieved from /home/airflow/.local/lib/python3.8/site-packages/airflow/example_dags/tutorial_taskflow_api.py
[2024-11-18T14:49:50.850+0000] {logging_mixin.py:151} INFO - [2024-11-18T14:49:50.850+0000] {dag.py:2941} INFO - Sync 1 DAGs
[2024-11-18T14:49:50.871+0000] {logging_mixin.py:151} INFO - [2024-11-18T14:49:50.870+0000] {dag.py:3722} INFO - Setting next_dagrun for tutorial_taskflow_api to None, run_after=None
[2024-11-18T14:49:50.898+0000] {processor.py:179} INFO - Processing /home/airflow/.local/lib/python3.8/site-packages/airflow/example_dags/tutorial_taskflow_api.py took 0.096 seconds
[2024-11-18T14:50:26.478+0000] {processor.py:157} INFO - Started process (PID=1783) to work on /home/airflow/.local/lib/python3.8/site-packages/airflow/example_dags/tutorial_taskflow_api.py
[2024-11-18T14:50:26.479+0000] {processor.py:829} INFO - Processing file /home/airflow/.local/lib/python3.8/site-packages/airflow/example_dags/tutorial_taskflow_api.py for tasks to queue
[2024-11-18T14:50:26.482+0000] {logging_mixin.py:151} INFO - [2024-11-18T14:50:26.482+0000] {dagbag.py:536} INFO - Filling up the DagBag from /home/airflow/.local/lib/python3.8/site-packages/airflow/example_dags/tutorial_taskflow_api.py
[2024-11-18T14:50:26.491+0000] {processor.py:839} INFO - DAG(s) dict_keys(['tutorial_taskflow_api']) retrieved from /home/airflow/.local/lib/python3.8/site-packages/airflow/example_dags/tutorial_taskflow_api.py
[2024-11-18T14:50:26.684+0000] {logging_mixin.py:151} INFO - [2024-11-18T14:50:26.684+0000] {dag.py:2941} INFO - Sync 1 DAGs
[2024-11-18T14:50:26.704+0000] {logging_mixin.py:151} INFO - [2024-11-18T14:50:26.703+0000] {dag.py:3722} INFO - Setting next_dagrun for tutorial_taskflow_api to None, run_after=None
[2024-11-18T14:50:26.731+0000] {processor.py:179} INFO - Processing /home/airflow/.local/lib/python3.8/site-packages/airflow/example_dags/tutorial_taskflow_api.py took 0.258 seconds
[2024-11-18T14:50:57.382+0000] {processor.py:157} INFO - Started process (PID=1840) to work on /home/airflow/.local/lib/python3.8/site-packages/airflow/example_dags/tutorial_taskflow_api.py
[2024-11-18T14:50:57.384+0000] {processor.py:829} INFO - Processing file /home/airflow/.local/lib/python3.8/site-packages/airflow/example_dags/tutorial_taskflow_api.py for tasks to queue
[2024-11-18T14:50:57.388+0000] {logging_mixin.py:151} INFO - [2024-11-18T14:50:57.387+0000] {dagbag.py:536} INFO - Filling up the DagBag from /home/airflow/.local/lib/python3.8/site-packages/airflow/example_dags/tutorial_taskflow_api.py
[2024-11-18T14:50:57.398+0000] {processor.py:839} INFO - DAG(s) dict_keys(['tutorial_taskflow_api']) retrieved from /home/airflow/.local/lib/python3.8/site-packages/airflow/example_dags/tutorial_taskflow_api.py
[2024-11-18T14:50:57.429+0000] {logging_mixin.py:151} INFO - [2024-11-18T14:50:57.428+0000] {dag.py:2941} INFO - Sync 1 DAGs
[2024-11-18T14:50:57.450+0000] {logging_mixin.py:151} INFO - [2024-11-18T14:50:57.450+0000] {dag.py:3722} INFO - Setting next_dagrun for tutorial_taskflow_api to None, run_after=None
[2024-11-18T14:50:57.481+0000] {processor.py:179} INFO - Processing /home/airflow/.local/lib/python3.8/site-packages/airflow/example_dags/tutorial_taskflow_api.py took 0.104 seconds
[2024-11-18T14:51:30.625+0000] {processor.py:157} INFO - Started process (PID=1898) to work on /home/airflow/.local/lib/python3.8/site-packages/airflow/example_dags/tutorial_taskflow_api.py
[2024-11-18T14:51:30.627+0000] {processor.py:829} INFO - Processing file /home/airflow/.local/lib/python3.8/site-packages/airflow/example_dags/tutorial_taskflow_api.py for tasks to queue
[2024-11-18T14:51:30.630+0000] {logging_mixin.py:151} INFO - [2024-11-18T14:51:30.629+0000] {dagbag.py:536} INFO - Filling up the DagBag from /home/airflow/.local/lib/python3.8/site-packages/airflow/example_dags/tutorial_taskflow_api.py
[2024-11-18T14:51:30.640+0000] {processor.py:839} INFO - DAG(s) dict_keys(['tutorial_taskflow_api']) retrieved from /home/airflow/.local/lib/python3.8/site-packages/airflow/example_dags/tutorial_taskflow_api.py
[2024-11-18T14:51:30.671+0000] {logging_mixin.py:151} INFO - [2024-11-18T14:51:30.670+0000] {dag.py:2941} INFO - Sync 1 DAGs
[2024-11-18T14:51:30.691+0000] {logging_mixin.py:151} INFO - [2024-11-18T14:51:30.691+0000] {dag.py:3722} INFO - Setting next_dagrun for tutorial_taskflow_api to None, run_after=None
[2024-11-18T14:51:30.720+0000] {processor.py:179} INFO - Processing /home/airflow/.local/lib/python3.8/site-packages/airflow/example_dags/tutorial_taskflow_api.py took 0.101 seconds
[2024-11-18T14:52:02.939+0000] {processor.py:157} INFO - Started process (PID=1956) to work on /home/airflow/.local/lib/python3.8/site-packages/airflow/example_dags/tutorial_taskflow_api.py
[2024-11-18T14:52:02.940+0000] {processor.py:829} INFO - Processing file /home/airflow/.local/lib/python3.8/site-packages/airflow/example_dags/tutorial_taskflow_api.py for tasks to queue
[2024-11-18T14:52:02.943+0000] {logging_mixin.py:151} INFO - [2024-11-18T14:52:02.943+0000] {dagbag.py:536} INFO - Filling up the DagBag from /home/airflow/.local/lib/python3.8/site-packages/airflow/example_dags/tutorial_taskflow_api.py
[2024-11-18T14:52:02.952+0000] {processor.py:839} INFO - DAG(s) dict_keys(['tutorial_taskflow_api']) retrieved from /home/airflow/.local/lib/python3.8/site-packages/airflow/example_dags/tutorial_taskflow_api.py
[2024-11-18T14:52:02.981+0000] {logging_mixin.py:151} INFO - [2024-11-18T14:52:02.980+0000] {dag.py:2941} INFO - Sync 1 DAGs
[2024-11-18T14:52:03.001+0000] {logging_mixin.py:151} INFO - [2024-11-18T14:52:03.001+0000] {dag.py:3722} INFO - Setting next_dagrun for tutorial_taskflow_api to None, run_after=None
[2024-11-18T14:52:03.028+0000] {processor.py:179} INFO - Processing /home/airflow/.local/lib/python3.8/site-packages/airflow/example_dags/tutorial_taskflow_api.py took 0.094 seconds
[2024-11-18T14:52:36.968+0000] {processor.py:157} INFO - Started process (PID=2011) to work on /home/airflow/.local/lib/python3.8/site-packages/airflow/example_dags/tutorial_taskflow_api.py
[2024-11-18T14:52:36.970+0000] {processor.py:829} INFO - Processing file /home/airflow/.local/lib/python3.8/site-packages/airflow/example_dags/tutorial_taskflow_api.py for tasks to queue
[2024-11-18T14:52:36.975+0000] {logging_mixin.py:151} INFO - [2024-11-18T14:52:36.974+0000] {dagbag.py:536} INFO - Filling up the DagBag from /home/airflow/.local/lib/python3.8/site-packages/airflow/example_dags/tutorial_taskflow_api.py
[2024-11-18T14:52:36.987+0000] {processor.py:839} INFO - DAG(s) dict_keys(['tutorial_taskflow_api']) retrieved from /home/airflow/.local/lib/python3.8/site-packages/airflow/example_dags/tutorial_taskflow_api.py
[2024-11-18T14:52:37.028+0000] {logging_mixin.py:151} INFO - [2024-11-18T14:52:37.027+0000] {dag.py:2941} INFO - Sync 1 DAGs
[2024-11-18T14:52:37.054+0000] {logging_mixin.py:151} INFO - [2024-11-18T14:52:37.053+0000] {dag.py:3722} INFO - Setting next_dagrun for tutorial_taskflow_api to None, run_after=None
[2024-11-18T14:52:37.086+0000] {processor.py:179} INFO - Processing /home/airflow/.local/lib/python3.8/site-packages/airflow/example_dags/tutorial_taskflow_api.py took 0.123 seconds
[2024-11-18T14:53:09.780+0000] {processor.py:157} INFO - Started process (PID=2066) to work on /home/airflow/.local/lib/python3.8/site-packages/airflow/example_dags/tutorial_taskflow_api.py
[2024-11-18T14:53:09.782+0000] {processor.py:829} INFO - Processing file /home/airflow/.local/lib/python3.8/site-packages/airflow/example_dags/tutorial_taskflow_api.py for tasks to queue
[2024-11-18T14:53:09.785+0000] {logging_mixin.py:151} INFO - [2024-11-18T14:53:09.784+0000] {dagbag.py:536} INFO - Filling up the DagBag from /home/airflow/.local/lib/python3.8/site-packages/airflow/example_dags/tutorial_taskflow_api.py
[2024-11-18T14:53:09.794+0000] {processor.py:839} INFO - DAG(s) dict_keys(['tutorial_taskflow_api']) retrieved from /home/airflow/.local/lib/python3.8/site-packages/airflow/example_dags/tutorial_taskflow_api.py
[2024-11-18T14:53:09.823+0000] {logging_mixin.py:151} INFO - [2024-11-18T14:53:09.823+0000] {dag.py:2941} INFO - Sync 1 DAGs
[2024-11-18T14:53:09.843+0000] {logging_mixin.py:151} INFO - [2024-11-18T14:53:09.843+0000] {dag.py:3722} INFO - Setting next_dagrun for tutorial_taskflow_api to None, run_after=None
[2024-11-18T14:53:09.872+0000] {processor.py:179} INFO - Processing /home/airflow/.local/lib/python3.8/site-packages/airflow/example_dags/tutorial_taskflow_api.py took 0.097 seconds
[2024-11-18T14:53:43.898+0000] {processor.py:157} INFO - Started process (PID=2122) to work on /home/airflow/.local/lib/python3.8/site-packages/airflow/example_dags/tutorial_taskflow_api.py
[2024-11-18T14:53:43.899+0000] {processor.py:829} INFO - Processing file /home/airflow/.local/lib/python3.8/site-packages/airflow/example_dags/tutorial_taskflow_api.py for tasks to queue
[2024-11-18T14:53:43.903+0000] {logging_mixin.py:151} INFO - [2024-11-18T14:53:43.903+0000] {dagbag.py:536} INFO - Filling up the DagBag from /home/airflow/.local/lib/python3.8/site-packages/airflow/example_dags/tutorial_taskflow_api.py
[2024-11-18T14:53:43.916+0000] {processor.py:839} INFO - DAG(s) dict_keys(['tutorial_taskflow_api']) retrieved from /home/airflow/.local/lib/python3.8/site-packages/airflow/example_dags/tutorial_taskflow_api.py
[2024-11-18T14:53:43.957+0000] {logging_mixin.py:151} INFO - [2024-11-18T14:53:43.957+0000] {dag.py:2941} INFO - Sync 1 DAGs
[2024-11-18T14:53:43.983+0000] {logging_mixin.py:151} INFO - [2024-11-18T14:53:43.982+0000] {dag.py:3722} INFO - Setting next_dagrun for tutorial_taskflow_api to None, run_after=None
[2024-11-18T14:53:44.015+0000] {processor.py:179} INFO - Processing /home/airflow/.local/lib/python3.8/site-packages/airflow/example_dags/tutorial_taskflow_api.py took 0.124 seconds
[2024-11-18T14:54:17.092+0000] {processor.py:157} INFO - Started process (PID=2177) to work on /home/airflow/.local/lib/python3.8/site-packages/airflow/example_dags/tutorial_taskflow_api.py
[2024-11-18T14:54:17.093+0000] {processor.py:829} INFO - Processing file /home/airflow/.local/lib/python3.8/site-packages/airflow/example_dags/tutorial_taskflow_api.py for tasks to queue
[2024-11-18T14:54:17.097+0000] {logging_mixin.py:151} INFO - [2024-11-18T14:54:17.096+0000] {dagbag.py:536} INFO - Filling up the DagBag from /home/airflow/.local/lib/python3.8/site-packages/airflow/example_dags/tutorial_taskflow_api.py
[2024-11-18T14:54:17.108+0000] {processor.py:839} INFO - DAG(s) dict_keys(['tutorial_taskflow_api']) retrieved from /home/airflow/.local/lib/python3.8/site-packages/airflow/example_dags/tutorial_taskflow_api.py
[2024-11-18T14:54:17.139+0000] {logging_mixin.py:151} INFO - [2024-11-18T14:54:17.139+0000] {dag.py:2941} INFO - Sync 1 DAGs
[2024-11-18T14:54:17.159+0000] {logging_mixin.py:151} INFO - [2024-11-18T14:54:17.159+0000] {dag.py:3722} INFO - Setting next_dagrun for tutorial_taskflow_api to None, run_after=None
[2024-11-18T14:54:17.188+0000] {processor.py:179} INFO - Processing /home/airflow/.local/lib/python3.8/site-packages/airflow/example_dags/tutorial_taskflow_api.py took 0.101 seconds
[2024-11-18T14:54:50.512+0000] {processor.py:157} INFO - Started process (PID=2232) to work on /home/airflow/.local/lib/python3.8/site-packages/airflow/example_dags/tutorial_taskflow_api.py
[2024-11-18T14:54:50.514+0000] {processor.py:829} INFO - Processing file /home/airflow/.local/lib/python3.8/site-packages/airflow/example_dags/tutorial_taskflow_api.py for tasks to queue
[2024-11-18T14:54:50.517+0000] {logging_mixin.py:151} INFO - [2024-11-18T14:54:50.517+0000] {dagbag.py:536} INFO - Filling up the DagBag from /home/airflow/.local/lib/python3.8/site-packages/airflow/example_dags/tutorial_taskflow_api.py
[2024-11-18T14:54:50.526+0000] {processor.py:839} INFO - DAG(s) dict_keys(['tutorial_taskflow_api']) retrieved from /home/airflow/.local/lib/python3.8/site-packages/airflow/example_dags/tutorial_taskflow_api.py
[2024-11-18T14:54:50.556+0000] {logging_mixin.py:151} INFO - [2024-11-18T14:54:50.555+0000] {dag.py:2941} INFO - Sync 1 DAGs
[2024-11-18T14:54:50.575+0000] {logging_mixin.py:151} INFO - [2024-11-18T14:54:50.575+0000] {dag.py:3722} INFO - Setting next_dagrun for tutorial_taskflow_api to None, run_after=None
[2024-11-18T14:54:50.604+0000] {processor.py:179} INFO - Processing /home/airflow/.local/lib/python3.8/site-packages/airflow/example_dags/tutorial_taskflow_api.py took 0.096 seconds
[2024-11-18T14:55:23.836+0000] {processor.py:157} INFO - Started process (PID=2287) to work on /home/airflow/.local/lib/python3.8/site-packages/airflow/example_dags/tutorial_taskflow_api.py
[2024-11-18T14:55:23.838+0000] {processor.py:829} INFO - Processing file /home/airflow/.local/lib/python3.8/site-packages/airflow/example_dags/tutorial_taskflow_api.py for tasks to queue
[2024-11-18T14:55:23.841+0000] {logging_mixin.py:151} INFO - [2024-11-18T14:55:23.841+0000] {dagbag.py:536} INFO - Filling up the DagBag from /home/airflow/.local/lib/python3.8/site-packages/airflow/example_dags/tutorial_taskflow_api.py
[2024-11-18T14:55:23.850+0000] {processor.py:839} INFO - DAG(s) dict_keys(['tutorial_taskflow_api']) retrieved from /home/airflow/.local/lib/python3.8/site-packages/airflow/example_dags/tutorial_taskflow_api.py
[2024-11-18T14:55:23.880+0000] {logging_mixin.py:151} INFO - [2024-11-18T14:55:23.880+0000] {dag.py:2941} INFO - Sync 1 DAGs
[2024-11-18T14:55:23.901+0000] {logging_mixin.py:151} INFO - [2024-11-18T14:55:23.901+0000] {dag.py:3722} INFO - Setting next_dagrun for tutorial_taskflow_api to None, run_after=None
[2024-11-18T14:55:23.929+0000] {processor.py:179} INFO - Processing /home/airflow/.local/lib/python3.8/site-packages/airflow/example_dags/tutorial_taskflow_api.py took 0.097 seconds
[2024-11-18T14:55:57.260+0000] {processor.py:157} INFO - Started process (PID=2342) to work on /home/airflow/.local/lib/python3.8/site-packages/airflow/example_dags/tutorial_taskflow_api.py
[2024-11-18T14:55:57.261+0000] {processor.py:829} INFO - Processing file /home/airflow/.local/lib/python3.8/site-packages/airflow/example_dags/tutorial_taskflow_api.py for tasks to queue
[2024-11-18T14:55:57.265+0000] {logging_mixin.py:151} INFO - [2024-11-18T14:55:57.264+0000] {dagbag.py:536} INFO - Filling up the DagBag from /home/airflow/.local/lib/python3.8/site-packages/airflow/example_dags/tutorial_taskflow_api.py
[2024-11-18T14:55:57.276+0000] {processor.py:839} INFO - DAG(s) dict_keys(['tutorial_taskflow_api']) retrieved from /home/airflow/.local/lib/python3.8/site-packages/airflow/example_dags/tutorial_taskflow_api.py
[2024-11-18T14:55:57.311+0000] {logging_mixin.py:151} INFO - [2024-11-18T14:55:57.311+0000] {dag.py:2941} INFO - Sync 1 DAGs
[2024-11-18T14:55:57.334+0000] {logging_mixin.py:151} INFO - [2024-11-18T14:55:57.333+0000] {dag.py:3722} INFO - Setting next_dagrun for tutorial_taskflow_api to None, run_after=None
[2024-11-18T14:55:57.369+0000] {processor.py:179} INFO - Processing /home/airflow/.local/lib/python3.8/site-packages/airflow/example_dags/tutorial_taskflow_api.py took 0.114 seconds
[2024-11-18T14:56:30.152+0000] {processor.py:157} INFO - Started process (PID=2397) to work on /home/airflow/.local/lib/python3.8/site-packages/airflow/example_dags/tutorial_taskflow_api.py
[2024-11-18T14:56:30.153+0000] {processor.py:829} INFO - Processing file /home/airflow/.local/lib/python3.8/site-packages/airflow/example_dags/tutorial_taskflow_api.py for tasks to queue
[2024-11-18T14:56:30.157+0000] {logging_mixin.py:151} INFO - [2024-11-18T14:56:30.157+0000] {dagbag.py:536} INFO - Filling up the DagBag from /home/airflow/.local/lib/python3.8/site-packages/airflow/example_dags/tutorial_taskflow_api.py
[2024-11-18T14:56:30.167+0000] {processor.py:839} INFO - DAG(s) dict_keys(['tutorial_taskflow_api']) retrieved from /home/airflow/.local/lib/python3.8/site-packages/airflow/example_dags/tutorial_taskflow_api.py
[2024-11-18T14:56:30.204+0000] {logging_mixin.py:151} INFO - [2024-11-18T14:56:30.204+0000] {dag.py:2941} INFO - Sync 1 DAGs
[2024-11-18T14:56:30.226+0000] {logging_mixin.py:151} INFO - [2024-11-18T14:56:30.226+0000] {dag.py:3722} INFO - Setting next_dagrun for tutorial_taskflow_api to None, run_after=None
[2024-11-18T14:56:30.258+0000] {processor.py:179} INFO - Processing /home/airflow/.local/lib/python3.8/site-packages/airflow/example_dags/tutorial_taskflow_api.py took 0.111 seconds
[2024-11-18T14:57:03.878+0000] {processor.py:157} INFO - Started process (PID=2452) to work on /home/airflow/.local/lib/python3.8/site-packages/airflow/example_dags/tutorial_taskflow_api.py
[2024-11-18T14:57:03.880+0000] {processor.py:829} INFO - Processing file /home/airflow/.local/lib/python3.8/site-packages/airflow/example_dags/tutorial_taskflow_api.py for tasks to queue
[2024-11-18T14:57:03.883+0000] {logging_mixin.py:151} INFO - [2024-11-18T14:57:03.883+0000] {dagbag.py:536} INFO - Filling up the DagBag from /home/airflow/.local/lib/python3.8/site-packages/airflow/example_dags/tutorial_taskflow_api.py
[2024-11-18T14:57:03.892+0000] {processor.py:839} INFO - DAG(s) dict_keys(['tutorial_taskflow_api']) retrieved from /home/airflow/.local/lib/python3.8/site-packages/airflow/example_dags/tutorial_taskflow_api.py
[2024-11-18T14:57:03.925+0000] {logging_mixin.py:151} INFO - [2024-11-18T14:57:03.925+0000] {dag.py:2941} INFO - Sync 1 DAGs
[2024-11-18T14:57:03.947+0000] {logging_mixin.py:151} INFO - [2024-11-18T14:57:03.946+0000] {dag.py:3722} INFO - Setting next_dagrun for tutorial_taskflow_api to None, run_after=None
[2024-11-18T14:57:03.976+0000] {processor.py:179} INFO - Processing /home/airflow/.local/lib/python3.8/site-packages/airflow/example_dags/tutorial_taskflow_api.py took 0.103 seconds
[2024-11-18T14:57:36.921+0000] {processor.py:157} INFO - Started process (PID=2507) to work on /home/airflow/.local/lib/python3.8/site-packages/airflow/example_dags/tutorial_taskflow_api.py
[2024-11-18T14:57:36.923+0000] {processor.py:829} INFO - Processing file /home/airflow/.local/lib/python3.8/site-packages/airflow/example_dags/tutorial_taskflow_api.py for tasks to queue
[2024-11-18T14:57:36.926+0000] {logging_mixin.py:151} INFO - [2024-11-18T14:57:36.926+0000] {dagbag.py:536} INFO - Filling up the DagBag from /home/airflow/.local/lib/python3.8/site-packages/airflow/example_dags/tutorial_taskflow_api.py
[2024-11-18T14:57:36.937+0000] {processor.py:839} INFO - DAG(s) dict_keys(['tutorial_taskflow_api']) retrieved from /home/airflow/.local/lib/python3.8/site-packages/airflow/example_dags/tutorial_taskflow_api.py
[2024-11-18T14:57:36.972+0000] {logging_mixin.py:151} INFO - [2024-11-18T14:57:36.972+0000] {dag.py:2941} INFO - Sync 1 DAGs
[2024-11-18T14:57:37.001+0000] {logging_mixin.py:151} INFO - [2024-11-18T14:57:37.000+0000] {dag.py:3722} INFO - Setting next_dagrun for tutorial_taskflow_api to None, run_after=None
[2024-11-18T14:57:37.034+0000] {processor.py:179} INFO - Processing /home/airflow/.local/lib/python3.8/site-packages/airflow/example_dags/tutorial_taskflow_api.py took 0.119 seconds
[2024-11-18T14:58:10.560+0000] {processor.py:157} INFO - Started process (PID=2562) to work on /home/airflow/.local/lib/python3.8/site-packages/airflow/example_dags/tutorial_taskflow_api.py
[2024-11-18T14:58:10.562+0000] {processor.py:829} INFO - Processing file /home/airflow/.local/lib/python3.8/site-packages/airflow/example_dags/tutorial_taskflow_api.py for tasks to queue
[2024-11-18T14:58:10.566+0000] {logging_mixin.py:151} INFO - [2024-11-18T14:58:10.566+0000] {dagbag.py:536} INFO - Filling up the DagBag from /home/airflow/.local/lib/python3.8/site-packages/airflow/example_dags/tutorial_taskflow_api.py
[2024-11-18T14:58:10.576+0000] {processor.py:839} INFO - DAG(s) dict_keys(['tutorial_taskflow_api']) retrieved from /home/airflow/.local/lib/python3.8/site-packages/airflow/example_dags/tutorial_taskflow_api.py
[2024-11-18T14:58:10.608+0000] {logging_mixin.py:151} INFO - [2024-11-18T14:58:10.608+0000] {dag.py:2941} INFO - Sync 1 DAGs
[2024-11-18T14:58:10.629+0000] {logging_mixin.py:151} INFO - [2024-11-18T14:58:10.629+0000] {dag.py:3722} INFO - Setting next_dagrun for tutorial_taskflow_api to None, run_after=None
[2024-11-18T14:58:10.658+0000] {processor.py:179} INFO - Processing /home/airflow/.local/lib/python3.8/site-packages/airflow/example_dags/tutorial_taskflow_api.py took 0.102 seconds
