[2024-11-18T14:20:25.256+0000] {processor.py:157} INFO - Started process (PID=122) to work on /home/airflow/.local/lib/python3.8/site-packages/airflow/example_dags/tutorial.py
[2024-11-18T14:20:25.258+0000] {processor.py:829} INFO - Processing file /home/airflow/.local/lib/python3.8/site-packages/airflow/example_dags/tutorial.py for tasks to queue
[2024-11-18T14:20:25.261+0000] {logging_mixin.py:151} INFO - [2024-11-18T14:20:25.261+0000] {dagbag.py:536} INFO - Filling up the DagBag from /home/airflow/.local/lib/python3.8/site-packages/airflow/example_dags/tutorial.py
[2024-11-18T14:20:25.274+0000] {processor.py:839} INFO - DAG(s) dict_keys(['tutorial']) retrieved from /home/airflow/.local/lib/python3.8/site-packages/airflow/example_dags/tutorial.py
[2024-11-18T14:20:25.467+0000] {logging_mixin.py:151} INFO - [2024-11-18T14:20:25.467+0000] {manager.py:499} INFO - Created Permission View: %s
[2024-11-18T14:20:25.485+0000] {logging_mixin.py:151} INFO - [2024-11-18T14:20:25.485+0000] {manager.py:499} INFO - Created Permission View: %s
[2024-11-18T14:20:25.497+0000] {logging_mixin.py:151} INFO - [2024-11-18T14:20:25.497+0000] {manager.py:499} INFO - Created Permission View: %s
[2024-11-18T14:20:25.498+0000] {logging_mixin.py:151} INFO - [2024-11-18T14:20:25.498+0000] {dag.py:2941} INFO - Sync 1 DAGs
[2024-11-18T14:20:25.519+0000] {logging_mixin.py:151} INFO - [2024-11-18T14:20:25.518+0000] {dag.py:2963} INFO - Creating ORM DAG for tutorial
[2024-11-18T14:20:25.538+0000] {logging_mixin.py:151} INFO - [2024-11-18T14:20:25.538+0000] {dag.py:3722} INFO - Setting next_dagrun for tutorial to 2024-11-17T14:20:25.537807+00:00, run_after=2024-11-18T14:20:25.537807+00:00
[2024-11-18T14:20:25.756+0000] {processor.py:179} INFO - Processing /home/airflow/.local/lib/python3.8/site-packages/airflow/example_dags/tutorial.py took 0.505 seconds
[2024-11-18T14:20:58.278+0000] {processor.py:157} INFO - Started process (PID=176) to work on /home/airflow/.local/lib/python3.8/site-packages/airflow/example_dags/tutorial.py
[2024-11-18T14:20:58.280+0000] {processor.py:829} INFO - Processing file /home/airflow/.local/lib/python3.8/site-packages/airflow/example_dags/tutorial.py for tasks to queue
[2024-11-18T14:20:58.283+0000] {logging_mixin.py:151} INFO - [2024-11-18T14:20:58.283+0000] {dagbag.py:536} INFO - Filling up the DagBag from /home/airflow/.local/lib/python3.8/site-packages/airflow/example_dags/tutorial.py
[2024-11-18T14:20:58.293+0000] {processor.py:839} INFO - DAG(s) dict_keys(['tutorial']) retrieved from /home/airflow/.local/lib/python3.8/site-packages/airflow/example_dags/tutorial.py
[2024-11-18T14:20:58.328+0000] {logging_mixin.py:151} INFO - [2024-11-18T14:20:58.327+0000] {dag.py:2941} INFO - Sync 1 DAGs
[2024-11-18T14:20:58.378+0000] {logging_mixin.py:151} INFO - [2024-11-18T14:20:58.377+0000] {dag.py:3722} INFO - Setting next_dagrun for tutorial to 2024-11-17T14:20:58.377411+00:00, run_after=2024-11-18T14:20:58.377411+00:00
[2024-11-18T14:20:58.409+0000] {processor.py:179} INFO - Processing /home/airflow/.local/lib/python3.8/site-packages/airflow/example_dags/tutorial.py took 0.136 seconds
[2024-11-18T14:21:31.856+0000] {processor.py:157} INFO - Started process (PID=230) to work on /home/airflow/.local/lib/python3.8/site-packages/airflow/example_dags/tutorial.py
[2024-11-18T14:21:31.858+0000] {processor.py:829} INFO - Processing file /home/airflow/.local/lib/python3.8/site-packages/airflow/example_dags/tutorial.py for tasks to queue
[2024-11-18T14:21:31.862+0000] {logging_mixin.py:151} INFO - [2024-11-18T14:21:31.861+0000] {dagbag.py:536} INFO - Filling up the DagBag from /home/airflow/.local/lib/python3.8/site-packages/airflow/example_dags/tutorial.py
[2024-11-18T14:21:31.870+0000] {processor.py:839} INFO - DAG(s) dict_keys(['tutorial']) retrieved from /home/airflow/.local/lib/python3.8/site-packages/airflow/example_dags/tutorial.py
[2024-11-18T14:21:31.907+0000] {logging_mixin.py:151} INFO - [2024-11-18T14:21:31.906+0000] {dag.py:2941} INFO - Sync 1 DAGs
[2024-11-18T14:21:31.946+0000] {logging_mixin.py:151} INFO - [2024-11-18T14:21:31.946+0000] {dag.py:3722} INFO - Setting next_dagrun for tutorial to 2024-11-17T14:21:31.946012+00:00, run_after=2024-11-18T14:21:31.946012+00:00
[2024-11-18T14:21:31.979+0000] {processor.py:179} INFO - Processing /home/airflow/.local/lib/python3.8/site-packages/airflow/example_dags/tutorial.py took 0.128 seconds
[2024-11-18T14:22:05.109+0000] {processor.py:157} INFO - Started process (PID=284) to work on /home/airflow/.local/lib/python3.8/site-packages/airflow/example_dags/tutorial.py
[2024-11-18T14:22:05.111+0000] {processor.py:829} INFO - Processing file /home/airflow/.local/lib/python3.8/site-packages/airflow/example_dags/tutorial.py for tasks to queue
[2024-11-18T14:22:05.114+0000] {logging_mixin.py:151} INFO - [2024-11-18T14:22:05.114+0000] {dagbag.py:536} INFO - Filling up the DagBag from /home/airflow/.local/lib/python3.8/site-packages/airflow/example_dags/tutorial.py
[2024-11-18T14:22:05.123+0000] {processor.py:839} INFO - DAG(s) dict_keys(['tutorial']) retrieved from /home/airflow/.local/lib/python3.8/site-packages/airflow/example_dags/tutorial.py
[2024-11-18T14:22:05.154+0000] {logging_mixin.py:151} INFO - [2024-11-18T14:22:05.153+0000] {dag.py:2941} INFO - Sync 1 DAGs
[2024-11-18T14:22:05.188+0000] {logging_mixin.py:151} INFO - [2024-11-18T14:22:05.188+0000] {dag.py:3722} INFO - Setting next_dagrun for tutorial to 2024-11-17T14:22:05.187936+00:00, run_after=2024-11-18T14:22:05.187936+00:00
[2024-11-18T14:22:05.225+0000] {processor.py:179} INFO - Processing /home/airflow/.local/lib/python3.8/site-packages/airflow/example_dags/tutorial.py took 0.122 seconds
[2024-11-18T14:22:38.523+0000] {processor.py:157} INFO - Started process (PID=339) to work on /home/airflow/.local/lib/python3.8/site-packages/airflow/example_dags/tutorial.py
[2024-11-18T14:22:38.525+0000] {processor.py:829} INFO - Processing file /home/airflow/.local/lib/python3.8/site-packages/airflow/example_dags/tutorial.py for tasks to queue
[2024-11-18T14:22:38.528+0000] {logging_mixin.py:151} INFO - [2024-11-18T14:22:38.527+0000] {dagbag.py:536} INFO - Filling up the DagBag from /home/airflow/.local/lib/python3.8/site-packages/airflow/example_dags/tutorial.py
[2024-11-18T14:22:38.538+0000] {processor.py:839} INFO - DAG(s) dict_keys(['tutorial']) retrieved from /home/airflow/.local/lib/python3.8/site-packages/airflow/example_dags/tutorial.py
[2024-11-18T14:22:38.572+0000] {logging_mixin.py:151} INFO - [2024-11-18T14:22:38.572+0000] {dag.py:2941} INFO - Sync 1 DAGs
[2024-11-18T14:22:38.617+0000] {logging_mixin.py:151} INFO - [2024-11-18T14:22:38.616+0000] {dag.py:3722} INFO - Setting next_dagrun for tutorial to 2024-11-17T14:22:38.616191+00:00, run_after=2024-11-18T14:22:38.616191+00:00
[2024-11-18T14:22:38.649+0000] {processor.py:179} INFO - Processing /home/airflow/.local/lib/python3.8/site-packages/airflow/example_dags/tutorial.py took 0.130 seconds
[2024-11-18T14:23:12.102+0000] {processor.py:157} INFO - Started process (PID=393) to work on /home/airflow/.local/lib/python3.8/site-packages/airflow/example_dags/tutorial.py
[2024-11-18T14:23:12.104+0000] {processor.py:829} INFO - Processing file /home/airflow/.local/lib/python3.8/site-packages/airflow/example_dags/tutorial.py for tasks to queue
[2024-11-18T14:23:12.107+0000] {logging_mixin.py:151} INFO - [2024-11-18T14:23:12.106+0000] {dagbag.py:536} INFO - Filling up the DagBag from /home/airflow/.local/lib/python3.8/site-packages/airflow/example_dags/tutorial.py
[2024-11-18T14:23:12.115+0000] {processor.py:839} INFO - DAG(s) dict_keys(['tutorial']) retrieved from /home/airflow/.local/lib/python3.8/site-packages/airflow/example_dags/tutorial.py
[2024-11-18T14:23:12.145+0000] {logging_mixin.py:151} INFO - [2024-11-18T14:23:12.145+0000] {dag.py:2941} INFO - Sync 1 DAGs
[2024-11-18T14:23:12.179+0000] {logging_mixin.py:151} INFO - [2024-11-18T14:23:12.179+0000] {dag.py:3722} INFO - Setting next_dagrun for tutorial to 2024-11-17T14:23:12.179049+00:00, run_after=2024-11-18T14:23:12.179049+00:00
[2024-11-18T14:23:12.211+0000] {processor.py:179} INFO - Processing /home/airflow/.local/lib/python3.8/site-packages/airflow/example_dags/tutorial.py took 0.113 seconds
[2024-11-18T14:23:44.686+0000] {processor.py:157} INFO - Started process (PID=447) to work on /home/airflow/.local/lib/python3.8/site-packages/airflow/example_dags/tutorial.py
[2024-11-18T14:23:44.688+0000] {processor.py:829} INFO - Processing file /home/airflow/.local/lib/python3.8/site-packages/airflow/example_dags/tutorial.py for tasks to queue
[2024-11-18T14:23:44.691+0000] {logging_mixin.py:151} INFO - [2024-11-18T14:23:44.691+0000] {dagbag.py:536} INFO - Filling up the DagBag from /home/airflow/.local/lib/python3.8/site-packages/airflow/example_dags/tutorial.py
[2024-11-18T14:23:44.700+0000] {processor.py:839} INFO - DAG(s) dict_keys(['tutorial']) retrieved from /home/airflow/.local/lib/python3.8/site-packages/airflow/example_dags/tutorial.py
[2024-11-18T14:23:44.732+0000] {logging_mixin.py:151} INFO - [2024-11-18T14:23:44.732+0000] {dag.py:2941} INFO - Sync 1 DAGs
[2024-11-18T14:23:44.770+0000] {logging_mixin.py:151} INFO - [2024-11-18T14:23:44.769+0000] {dag.py:3722} INFO - Setting next_dagrun for tutorial to 2024-11-17T14:23:44.769563+00:00, run_after=2024-11-18T14:23:44.769563+00:00
[2024-11-18T14:23:44.796+0000] {processor.py:179} INFO - Processing /home/airflow/.local/lib/python3.8/site-packages/airflow/example_dags/tutorial.py took 0.114 seconds
[2024-11-18T14:24:18.622+0000] {processor.py:157} INFO - Started process (PID=508) to work on /home/airflow/.local/lib/python3.8/site-packages/airflow/example_dags/tutorial.py
[2024-11-18T14:24:18.624+0000] {processor.py:829} INFO - Processing file /home/airflow/.local/lib/python3.8/site-packages/airflow/example_dags/tutorial.py for tasks to queue
[2024-11-18T14:24:18.627+0000] {logging_mixin.py:151} INFO - [2024-11-18T14:24:18.627+0000] {dagbag.py:536} INFO - Filling up the DagBag from /home/airflow/.local/lib/python3.8/site-packages/airflow/example_dags/tutorial.py
[2024-11-18T14:24:18.639+0000] {processor.py:839} INFO - DAG(s) dict_keys(['tutorial']) retrieved from /home/airflow/.local/lib/python3.8/site-packages/airflow/example_dags/tutorial.py
[2024-11-18T14:24:18.678+0000] {logging_mixin.py:151} INFO - [2024-11-18T14:24:18.678+0000] {dag.py:2941} INFO - Sync 1 DAGs
[2024-11-18T14:24:18.715+0000] {logging_mixin.py:151} INFO - [2024-11-18T14:24:18.715+0000] {dag.py:3722} INFO - Setting next_dagrun for tutorial to 2024-11-17T14:24:18.715090+00:00, run_after=2024-11-18T14:24:18.715090+00:00
[2024-11-18T14:24:18.745+0000] {processor.py:179} INFO - Processing /home/airflow/.local/lib/python3.8/site-packages/airflow/example_dags/tutorial.py took 0.127 seconds
[2024-11-18T14:24:52.994+0000] {processor.py:157} INFO - Started process (PID=571) to work on /home/airflow/.local/lib/python3.8/site-packages/airflow/example_dags/tutorial.py
[2024-11-18T14:24:52.995+0000] {processor.py:829} INFO - Processing file /home/airflow/.local/lib/python3.8/site-packages/airflow/example_dags/tutorial.py for tasks to queue
[2024-11-18T14:24:52.998+0000] {logging_mixin.py:151} INFO - [2024-11-18T14:24:52.998+0000] {dagbag.py:536} INFO - Filling up the DagBag from /home/airflow/.local/lib/python3.8/site-packages/airflow/example_dags/tutorial.py
[2024-11-18T14:24:53.006+0000] {processor.py:839} INFO - DAG(s) dict_keys(['tutorial']) retrieved from /home/airflow/.local/lib/python3.8/site-packages/airflow/example_dags/tutorial.py
[2024-11-18T14:24:53.037+0000] {logging_mixin.py:151} INFO - [2024-11-18T14:24:53.036+0000] {dag.py:2941} INFO - Sync 1 DAGs
[2024-11-18T14:24:53.070+0000] {logging_mixin.py:151} INFO - [2024-11-18T14:24:53.070+0000] {dag.py:3722} INFO - Setting next_dagrun for tutorial to 2024-11-17T14:24:53.069943+00:00, run_after=2024-11-18T14:24:53.069943+00:00
[2024-11-18T14:24:53.100+0000] {processor.py:179} INFO - Processing /home/airflow/.local/lib/python3.8/site-packages/airflow/example_dags/tutorial.py took 0.110 seconds
[2024-11-18T14:25:25.969+0000] {processor.py:157} INFO - Started process (PID=626) to work on /home/airflow/.local/lib/python3.8/site-packages/airflow/example_dags/tutorial.py
[2024-11-18T14:25:25.971+0000] {processor.py:829} INFO - Processing file /home/airflow/.local/lib/python3.8/site-packages/airflow/example_dags/tutorial.py for tasks to queue
[2024-11-18T14:25:25.975+0000] {logging_mixin.py:151} INFO - [2024-11-18T14:25:25.975+0000] {dagbag.py:536} INFO - Filling up the DagBag from /home/airflow/.local/lib/python3.8/site-packages/airflow/example_dags/tutorial.py
[2024-11-18T14:25:25.984+0000] {processor.py:839} INFO - DAG(s) dict_keys(['tutorial']) retrieved from /home/airflow/.local/lib/python3.8/site-packages/airflow/example_dags/tutorial.py
[2024-11-18T14:25:26.001+0000] {logging_mixin.py:151} INFO - [2024-11-18T14:25:26.001+0000] {dag.py:2941} INFO - Sync 1 DAGs
[2024-11-18T14:25:26.037+0000] {logging_mixin.py:151} INFO - [2024-11-18T14:25:26.037+0000] {dag.py:3722} INFO - Setting next_dagrun for tutorial to 2024-11-17T14:25:26.036716+00:00, run_after=2024-11-18T14:25:26.036716+00:00
[2024-11-18T14:25:26.067+0000] {processor.py:179} INFO - Processing /home/airflow/.local/lib/python3.8/site-packages/airflow/example_dags/tutorial.py took 0.102 seconds
[2024-11-18T14:25:57.025+0000] {processor.py:157} INFO - Started process (PID=680) to work on /home/airflow/.local/lib/python3.8/site-packages/airflow/example_dags/tutorial.py
[2024-11-18T14:25:57.029+0000] {processor.py:829} INFO - Processing file /home/airflow/.local/lib/python3.8/site-packages/airflow/example_dags/tutorial.py for tasks to queue
[2024-11-18T14:25:57.036+0000] {logging_mixin.py:151} INFO - [2024-11-18T14:25:57.036+0000] {dagbag.py:536} INFO - Filling up the DagBag from /home/airflow/.local/lib/python3.8/site-packages/airflow/example_dags/tutorial.py
[2024-11-18T14:25:57.051+0000] {processor.py:839} INFO - DAG(s) dict_keys(['tutorial']) retrieved from /home/airflow/.local/lib/python3.8/site-packages/airflow/example_dags/tutorial.py
[2024-11-18T14:25:57.091+0000] {logging_mixin.py:151} INFO - [2024-11-18T14:25:57.090+0000] {dag.py:2941} INFO - Sync 1 DAGs
[2024-11-18T14:25:57.133+0000] {logging_mixin.py:151} INFO - [2024-11-18T14:25:57.133+0000] {dag.py:3722} INFO - Setting next_dagrun for tutorial to 2024-11-17T14:25:57.133025+00:00, run_after=2024-11-18T14:25:57.133025+00:00
[2024-11-18T14:25:57.165+0000] {processor.py:179} INFO - Processing /home/airflow/.local/lib/python3.8/site-packages/airflow/example_dags/tutorial.py took 0.148 seconds
[2024-11-18T14:26:30.954+0000] {processor.py:157} INFO - Started process (PID=740) to work on /home/airflow/.local/lib/python3.8/site-packages/airflow/example_dags/tutorial.py
[2024-11-18T14:26:30.955+0000] {processor.py:829} INFO - Processing file /home/airflow/.local/lib/python3.8/site-packages/airflow/example_dags/tutorial.py for tasks to queue
[2024-11-18T14:26:30.958+0000] {logging_mixin.py:151} INFO - [2024-11-18T14:26:30.958+0000] {dagbag.py:536} INFO - Filling up the DagBag from /home/airflow/.local/lib/python3.8/site-packages/airflow/example_dags/tutorial.py
[2024-11-18T14:26:30.971+0000] {processor.py:839} INFO - DAG(s) dict_keys(['tutorial']) retrieved from /home/airflow/.local/lib/python3.8/site-packages/airflow/example_dags/tutorial.py
[2024-11-18T14:26:31.020+0000] {logging_mixin.py:151} INFO - [2024-11-18T14:26:31.019+0000] {dag.py:2941} INFO - Sync 1 DAGs
[2024-11-18T14:26:31.071+0000] {logging_mixin.py:151} INFO - [2024-11-18T14:26:31.071+0000] {dag.py:3722} INFO - Setting next_dagrun for tutorial to 2024-11-17T14:26:31.071030+00:00, run_after=2024-11-18T14:26:31.071030+00:00
[2024-11-18T14:26:31.110+0000] {processor.py:179} INFO - Processing /home/airflow/.local/lib/python3.8/site-packages/airflow/example_dags/tutorial.py took 0.161 seconds
[2024-11-18T14:27:05.569+0000] {processor.py:157} INFO - Started process (PID=805) to work on /home/airflow/.local/lib/python3.8/site-packages/airflow/example_dags/tutorial.py
[2024-11-18T14:27:05.571+0000] {processor.py:829} INFO - Processing file /home/airflow/.local/lib/python3.8/site-packages/airflow/example_dags/tutorial.py for tasks to queue
[2024-11-18T14:27:05.575+0000] {logging_mixin.py:151} INFO - [2024-11-18T14:27:05.575+0000] {dagbag.py:536} INFO - Filling up the DagBag from /home/airflow/.local/lib/python3.8/site-packages/airflow/example_dags/tutorial.py
[2024-11-18T14:27:05.586+0000] {processor.py:839} INFO - DAG(s) dict_keys(['tutorial']) retrieved from /home/airflow/.local/lib/python3.8/site-packages/airflow/example_dags/tutorial.py
[2024-11-18T14:27:05.618+0000] {logging_mixin.py:151} INFO - [2024-11-18T14:27:05.617+0000] {dag.py:2941} INFO - Sync 1 DAGs
[2024-11-18T14:27:05.656+0000] {logging_mixin.py:151} INFO - [2024-11-18T14:27:05.656+0000] {dag.py:3722} INFO - Setting next_dagrun for tutorial to 2024-11-17T14:27:05.655739+00:00, run_after=2024-11-18T14:27:05.655739+00:00
[2024-11-18T14:27:05.685+0000] {processor.py:179} INFO - Processing /home/airflow/.local/lib/python3.8/site-packages/airflow/example_dags/tutorial.py took 0.126 seconds
[2024-11-18T14:27:39.125+0000] {processor.py:157} INFO - Started process (PID=859) to work on /home/airflow/.local/lib/python3.8/site-packages/airflow/example_dags/tutorial.py
[2024-11-18T14:27:39.126+0000] {processor.py:829} INFO - Processing file /home/airflow/.local/lib/python3.8/site-packages/airflow/example_dags/tutorial.py for tasks to queue
[2024-11-18T14:27:39.129+0000] {logging_mixin.py:151} INFO - [2024-11-18T14:27:39.129+0000] {dagbag.py:536} INFO - Filling up the DagBag from /home/airflow/.local/lib/python3.8/site-packages/airflow/example_dags/tutorial.py
[2024-11-18T14:27:39.141+0000] {processor.py:839} INFO - DAG(s) dict_keys(['tutorial']) retrieved from /home/airflow/.local/lib/python3.8/site-packages/airflow/example_dags/tutorial.py
[2024-11-18T14:27:39.173+0000] {logging_mixin.py:151} INFO - [2024-11-18T14:27:39.172+0000] {dag.py:2941} INFO - Sync 1 DAGs
[2024-11-18T14:27:39.214+0000] {logging_mixin.py:151} INFO - [2024-11-18T14:27:39.214+0000] {dag.py:3722} INFO - Setting next_dagrun for tutorial to 2024-11-17T14:27:39.213980+00:00, run_after=2024-11-18T14:27:39.213980+00:00
[2024-11-18T14:27:39.247+0000] {processor.py:179} INFO - Processing /home/airflow/.local/lib/python3.8/site-packages/airflow/example_dags/tutorial.py took 0.126 seconds
[2024-11-18T14:28:13.078+0000] {processor.py:157} INFO - Started process (PID=914) to work on /home/airflow/.local/lib/python3.8/site-packages/airflow/example_dags/tutorial.py
[2024-11-18T14:28:13.079+0000] {processor.py:829} INFO - Processing file /home/airflow/.local/lib/python3.8/site-packages/airflow/example_dags/tutorial.py for tasks to queue
[2024-11-18T14:28:13.082+0000] {logging_mixin.py:151} INFO - [2024-11-18T14:28:13.082+0000] {dagbag.py:536} INFO - Filling up the DagBag from /home/airflow/.local/lib/python3.8/site-packages/airflow/example_dags/tutorial.py
[2024-11-18T14:28:13.091+0000] {processor.py:839} INFO - DAG(s) dict_keys(['tutorial']) retrieved from /home/airflow/.local/lib/python3.8/site-packages/airflow/example_dags/tutorial.py
[2024-11-18T14:28:13.122+0000] {logging_mixin.py:151} INFO - [2024-11-18T14:28:13.122+0000] {dag.py:2941} INFO - Sync 1 DAGs
[2024-11-18T14:28:13.157+0000] {logging_mixin.py:151} INFO - [2024-11-18T14:28:13.157+0000] {dag.py:3722} INFO - Setting next_dagrun for tutorial to 2024-11-17T14:28:13.156902+00:00, run_after=2024-11-18T14:28:13.156902+00:00
[2024-11-18T14:28:13.186+0000] {processor.py:179} INFO - Processing /home/airflow/.local/lib/python3.8/site-packages/airflow/example_dags/tutorial.py took 0.113 seconds
[2024-11-18T14:28:45.444+0000] {processor.py:157} INFO - Started process (PID=968) to work on /home/airflow/.local/lib/python3.8/site-packages/airflow/example_dags/tutorial.py
[2024-11-18T14:28:45.445+0000] {processor.py:829} INFO - Processing file /home/airflow/.local/lib/python3.8/site-packages/airflow/example_dags/tutorial.py for tasks to queue
[2024-11-18T14:28:45.448+0000] {logging_mixin.py:151} INFO - [2024-11-18T14:28:45.448+0000] {dagbag.py:536} INFO - Filling up the DagBag from /home/airflow/.local/lib/python3.8/site-packages/airflow/example_dags/tutorial.py
[2024-11-18T14:28:45.457+0000] {processor.py:839} INFO - DAG(s) dict_keys(['tutorial']) retrieved from /home/airflow/.local/lib/python3.8/site-packages/airflow/example_dags/tutorial.py
[2024-11-18T14:28:45.489+0000] {logging_mixin.py:151} INFO - [2024-11-18T14:28:45.489+0000] {dag.py:2941} INFO - Sync 1 DAGs
[2024-11-18T14:28:45.522+0000] {logging_mixin.py:151} INFO - [2024-11-18T14:28:45.522+0000] {dag.py:3722} INFO - Setting next_dagrun for tutorial to 2024-11-17T14:28:45.521882+00:00, run_after=2024-11-18T14:28:45.521882+00:00
[2024-11-18T14:28:45.551+0000] {processor.py:179} INFO - Processing /home/airflow/.local/lib/python3.8/site-packages/airflow/example_dags/tutorial.py took 0.112 seconds
[2024-11-18T14:29:18.862+0000] {processor.py:157} INFO - Started process (PID=1022) to work on /home/airflow/.local/lib/python3.8/site-packages/airflow/example_dags/tutorial.py
[2024-11-18T14:29:18.864+0000] {processor.py:829} INFO - Processing file /home/airflow/.local/lib/python3.8/site-packages/airflow/example_dags/tutorial.py for tasks to queue
[2024-11-18T14:29:18.867+0000] {logging_mixin.py:151} INFO - [2024-11-18T14:29:18.867+0000] {dagbag.py:536} INFO - Filling up the DagBag from /home/airflow/.local/lib/python3.8/site-packages/airflow/example_dags/tutorial.py
[2024-11-18T14:29:18.876+0000] {processor.py:839} INFO - DAG(s) dict_keys(['tutorial']) retrieved from /home/airflow/.local/lib/python3.8/site-packages/airflow/example_dags/tutorial.py
[2024-11-18T14:29:18.909+0000] {logging_mixin.py:151} INFO - [2024-11-18T14:29:18.909+0000] {dag.py:2941} INFO - Sync 1 DAGs
[2024-11-18T14:29:18.946+0000] {logging_mixin.py:151} INFO - [2024-11-18T14:29:18.945+0000] {dag.py:3722} INFO - Setting next_dagrun for tutorial to 2024-11-17T14:29:18.945399+00:00, run_after=2024-11-18T14:29:18.945399+00:00
[2024-11-18T14:29:18.975+0000] {processor.py:179} INFO - Processing /home/airflow/.local/lib/python3.8/site-packages/airflow/example_dags/tutorial.py took 0.118 seconds
[2024-11-18T14:29:51.377+0000] {processor.py:157} INFO - Started process (PID=1076) to work on /home/airflow/.local/lib/python3.8/site-packages/airflow/example_dags/tutorial.py
[2024-11-18T14:29:51.379+0000] {processor.py:829} INFO - Processing file /home/airflow/.local/lib/python3.8/site-packages/airflow/example_dags/tutorial.py for tasks to queue
[2024-11-18T14:29:51.383+0000] {logging_mixin.py:151} INFO - [2024-11-18T14:29:51.382+0000] {dagbag.py:536} INFO - Filling up the DagBag from /home/airflow/.local/lib/python3.8/site-packages/airflow/example_dags/tutorial.py
[2024-11-18T14:29:51.392+0000] {processor.py:839} INFO - DAG(s) dict_keys(['tutorial']) retrieved from /home/airflow/.local/lib/python3.8/site-packages/airflow/example_dags/tutorial.py
[2024-11-18T14:29:51.426+0000] {logging_mixin.py:151} INFO - [2024-11-18T14:29:51.425+0000] {dag.py:2941} INFO - Sync 1 DAGs
[2024-11-18T14:29:51.470+0000] {logging_mixin.py:151} INFO - [2024-11-18T14:29:51.470+0000] {dag.py:3722} INFO - Setting next_dagrun for tutorial to 2024-11-17T14:29:51.470056+00:00, run_after=2024-11-18T14:29:51.470056+00:00
[2024-11-18T14:29:51.504+0000] {processor.py:179} INFO - Processing /home/airflow/.local/lib/python3.8/site-packages/airflow/example_dags/tutorial.py took 0.134 seconds
[2024-11-18T14:33:21.459+0000] {processor.py:157} INFO - Started process (PID=121) to work on /home/airflow/.local/lib/python3.8/site-packages/airflow/example_dags/tutorial.py
[2024-11-18T14:33:21.460+0000] {processor.py:829} INFO - Processing file /home/airflow/.local/lib/python3.8/site-packages/airflow/example_dags/tutorial.py for tasks to queue
[2024-11-18T14:33:21.464+0000] {logging_mixin.py:151} INFO - [2024-11-18T14:33:21.463+0000] {dagbag.py:536} INFO - Filling up the DagBag from /home/airflow/.local/lib/python3.8/site-packages/airflow/example_dags/tutorial.py
[2024-11-18T14:33:21.473+0000] {processor.py:839} INFO - DAG(s) dict_keys(['tutorial']) retrieved from /home/airflow/.local/lib/python3.8/site-packages/airflow/example_dags/tutorial.py
[2024-11-18T14:33:21.506+0000] {logging_mixin.py:151} INFO - [2024-11-18T14:33:21.506+0000] {dag.py:2941} INFO - Sync 1 DAGs
[2024-11-18T14:33:21.544+0000] {logging_mixin.py:151} INFO - [2024-11-18T14:33:21.544+0000] {dag.py:3722} INFO - Setting next_dagrun for tutorial to 2024-11-17T14:33:21.544016+00:00, run_after=2024-11-18T14:33:21.544016+00:00
[2024-11-18T14:33:21.577+0000] {processor.py:179} INFO - Processing /home/airflow/.local/lib/python3.8/site-packages/airflow/example_dags/tutorial.py took 0.124 seconds
[2024-11-18T14:33:51.796+0000] {processor.py:157} INFO - Started process (PID=168) to work on /home/airflow/.local/lib/python3.8/site-packages/airflow/example_dags/tutorial.py
[2024-11-18T14:33:51.798+0000] {processor.py:829} INFO - Processing file /home/airflow/.local/lib/python3.8/site-packages/airflow/example_dags/tutorial.py for tasks to queue
[2024-11-18T14:33:51.802+0000] {logging_mixin.py:151} INFO - [2024-11-18T14:33:51.802+0000] {dagbag.py:536} INFO - Filling up the DagBag from /home/airflow/.local/lib/python3.8/site-packages/airflow/example_dags/tutorial.py
[2024-11-18T14:33:51.812+0000] {processor.py:839} INFO - DAG(s) dict_keys(['tutorial']) retrieved from /home/airflow/.local/lib/python3.8/site-packages/airflow/example_dags/tutorial.py
[2024-11-18T14:33:51.867+0000] {logging_mixin.py:151} INFO - [2024-11-18T14:33:51.867+0000] {dag.py:2941} INFO - Sync 1 DAGs
[2024-11-18T14:33:51.947+0000] {logging_mixin.py:151} INFO - [2024-11-18T14:33:51.947+0000] {dag.py:3722} INFO - Setting next_dagrun for tutorial to 2024-11-17T14:33:51.946658+00:00, run_after=2024-11-18T14:33:51.946658+00:00
[2024-11-18T14:33:52.008+0000] {processor.py:179} INFO - Processing /home/airflow/.local/lib/python3.8/site-packages/airflow/example_dags/tutorial.py took 0.217 seconds
[2024-11-18T14:34:22.395+0000] {processor.py:157} INFO - Started process (PID=222) to work on /home/airflow/.local/lib/python3.8/site-packages/airflow/example_dags/tutorial.py
[2024-11-18T14:34:22.397+0000] {processor.py:829} INFO - Processing file /home/airflow/.local/lib/python3.8/site-packages/airflow/example_dags/tutorial.py for tasks to queue
[2024-11-18T14:34:22.401+0000] {logging_mixin.py:151} INFO - [2024-11-18T14:34:22.400+0000] {dagbag.py:536} INFO - Filling up the DagBag from /home/airflow/.local/lib/python3.8/site-packages/airflow/example_dags/tutorial.py
[2024-11-18T14:34:22.411+0000] {processor.py:839} INFO - DAG(s) dict_keys(['tutorial']) retrieved from /home/airflow/.local/lib/python3.8/site-packages/airflow/example_dags/tutorial.py
[2024-11-18T14:34:22.451+0000] {logging_mixin.py:151} INFO - [2024-11-18T14:34:22.451+0000] {dag.py:2941} INFO - Sync 1 DAGs
[2024-11-18T14:34:22.497+0000] {logging_mixin.py:151} INFO - [2024-11-18T14:34:22.497+0000] {dag.py:3722} INFO - Setting next_dagrun for tutorial to 2024-11-17T14:34:22.496742+00:00, run_after=2024-11-18T14:34:22.496742+00:00
[2024-11-18T14:34:22.531+0000] {processor.py:179} INFO - Processing /home/airflow/.local/lib/python3.8/site-packages/airflow/example_dags/tutorial.py took 0.141 seconds
[2024-11-18T14:34:53.206+0000] {processor.py:157} INFO - Started process (PID=276) to work on /home/airflow/.local/lib/python3.8/site-packages/airflow/example_dags/tutorial.py
[2024-11-18T14:34:53.208+0000] {processor.py:829} INFO - Processing file /home/airflow/.local/lib/python3.8/site-packages/airflow/example_dags/tutorial.py for tasks to queue
[2024-11-18T14:34:53.212+0000] {logging_mixin.py:151} INFO - [2024-11-18T14:34:53.211+0000] {dagbag.py:536} INFO - Filling up the DagBag from /home/airflow/.local/lib/python3.8/site-packages/airflow/example_dags/tutorial.py
[2024-11-18T14:34:53.222+0000] {processor.py:839} INFO - DAG(s) dict_keys(['tutorial']) retrieved from /home/airflow/.local/lib/python3.8/site-packages/airflow/example_dags/tutorial.py
[2024-11-18T14:34:53.259+0000] {logging_mixin.py:151} INFO - [2024-11-18T14:34:53.258+0000] {dag.py:2941} INFO - Sync 1 DAGs
[2024-11-18T14:34:53.302+0000] {logging_mixin.py:151} INFO - [2024-11-18T14:34:53.301+0000] {dag.py:3722} INFO - Setting next_dagrun for tutorial to 2024-11-17T14:34:53.301514+00:00, run_after=2024-11-18T14:34:53.301514+00:00
[2024-11-18T14:34:53.333+0000] {processor.py:179} INFO - Processing /home/airflow/.local/lib/python3.8/site-packages/airflow/example_dags/tutorial.py took 0.133 seconds
[2024-11-18T14:35:24.896+0000] {processor.py:157} INFO - Started process (PID=330) to work on /home/airflow/.local/lib/python3.8/site-packages/airflow/example_dags/tutorial.py
[2024-11-18T14:35:24.897+0000] {processor.py:829} INFO - Processing file /home/airflow/.local/lib/python3.8/site-packages/airflow/example_dags/tutorial.py for tasks to queue
[2024-11-18T14:35:24.900+0000] {logging_mixin.py:151} INFO - [2024-11-18T14:35:24.900+0000] {dagbag.py:536} INFO - Filling up the DagBag from /home/airflow/.local/lib/python3.8/site-packages/airflow/example_dags/tutorial.py
[2024-11-18T14:35:24.908+0000] {processor.py:839} INFO - DAG(s) dict_keys(['tutorial']) retrieved from /home/airflow/.local/lib/python3.8/site-packages/airflow/example_dags/tutorial.py
[2024-11-18T14:35:24.942+0000] {logging_mixin.py:151} INFO - [2024-11-18T14:35:24.942+0000] {dag.py:2941} INFO - Sync 1 DAGs
[2024-11-18T14:35:24.991+0000] {logging_mixin.py:151} INFO - [2024-11-18T14:35:24.990+0000] {dag.py:3722} INFO - Setting next_dagrun for tutorial to 2024-11-17T14:35:24.990442+00:00, run_after=2024-11-18T14:35:24.990442+00:00
[2024-11-18T14:35:25.019+0000] {processor.py:179} INFO - Processing /home/airflow/.local/lib/python3.8/site-packages/airflow/example_dags/tutorial.py took 0.128 seconds
[2024-11-18T14:35:57.793+0000] {processor.py:157} INFO - Started process (PID=384) to work on /home/airflow/.local/lib/python3.8/site-packages/airflow/example_dags/tutorial.py
[2024-11-18T14:35:57.795+0000] {processor.py:829} INFO - Processing file /home/airflow/.local/lib/python3.8/site-packages/airflow/example_dags/tutorial.py for tasks to queue
[2024-11-18T14:35:57.798+0000] {logging_mixin.py:151} INFO - [2024-11-18T14:35:57.798+0000] {dagbag.py:536} INFO - Filling up the DagBag from /home/airflow/.local/lib/python3.8/site-packages/airflow/example_dags/tutorial.py
[2024-11-18T14:35:57.806+0000] {processor.py:839} INFO - DAG(s) dict_keys(['tutorial']) retrieved from /home/airflow/.local/lib/python3.8/site-packages/airflow/example_dags/tutorial.py
[2024-11-18T14:35:57.836+0000] {logging_mixin.py:151} INFO - [2024-11-18T14:35:57.835+0000] {dag.py:2941} INFO - Sync 1 DAGs
[2024-11-18T14:35:57.868+0000] {logging_mixin.py:151} INFO - [2024-11-18T14:35:57.867+0000] {dag.py:3722} INFO - Setting next_dagrun for tutorial to 2024-11-17T14:35:57.867347+00:00, run_after=2024-11-18T14:35:57.867347+00:00
[2024-11-18T14:35:57.895+0000] {processor.py:179} INFO - Processing /home/airflow/.local/lib/python3.8/site-packages/airflow/example_dags/tutorial.py took 0.107 seconds
[2024-11-18T14:36:31.689+0000] {processor.py:157} INFO - Started process (PID=438) to work on /home/airflow/.local/lib/python3.8/site-packages/airflow/example_dags/tutorial.py
[2024-11-18T14:36:31.691+0000] {processor.py:829} INFO - Processing file /home/airflow/.local/lib/python3.8/site-packages/airflow/example_dags/tutorial.py for tasks to queue
[2024-11-18T14:36:31.694+0000] {logging_mixin.py:151} INFO - [2024-11-18T14:36:31.693+0000] {dagbag.py:536} INFO - Filling up the DagBag from /home/airflow/.local/lib/python3.8/site-packages/airflow/example_dags/tutorial.py
[2024-11-18T14:36:31.702+0000] {processor.py:839} INFO - DAG(s) dict_keys(['tutorial']) retrieved from /home/airflow/.local/lib/python3.8/site-packages/airflow/example_dags/tutorial.py
[2024-11-18T14:36:31.732+0000] {logging_mixin.py:151} INFO - [2024-11-18T14:36:31.731+0000] {dag.py:2941} INFO - Sync 1 DAGs
[2024-11-18T14:36:31.764+0000] {logging_mixin.py:151} INFO - [2024-11-18T14:36:31.764+0000] {dag.py:3722} INFO - Setting next_dagrun for tutorial to 2024-11-17T14:36:31.764323+00:00, run_after=2024-11-18T14:36:31.764323+00:00
[2024-11-18T14:36:31.791+0000] {processor.py:179} INFO - Processing /home/airflow/.local/lib/python3.8/site-packages/airflow/example_dags/tutorial.py took 0.106 seconds
[2024-11-18T14:37:04.595+0000] {processor.py:157} INFO - Started process (PID=492) to work on /home/airflow/.local/lib/python3.8/site-packages/airflow/example_dags/tutorial.py
[2024-11-18T14:37:04.596+0000] {processor.py:829} INFO - Processing file /home/airflow/.local/lib/python3.8/site-packages/airflow/example_dags/tutorial.py for tasks to queue
[2024-11-18T14:37:04.599+0000] {logging_mixin.py:151} INFO - [2024-11-18T14:37:04.598+0000] {dagbag.py:536} INFO - Filling up the DagBag from /home/airflow/.local/lib/python3.8/site-packages/airflow/example_dags/tutorial.py
[2024-11-18T14:37:04.607+0000] {processor.py:839} INFO - DAG(s) dict_keys(['tutorial']) retrieved from /home/airflow/.local/lib/python3.8/site-packages/airflow/example_dags/tutorial.py
[2024-11-18T14:37:04.637+0000] {logging_mixin.py:151} INFO - [2024-11-18T14:37:04.637+0000] {dag.py:2941} INFO - Sync 1 DAGs
[2024-11-18T14:37:04.671+0000] {logging_mixin.py:151} INFO - [2024-11-18T14:37:04.671+0000] {dag.py:3722} INFO - Setting next_dagrun for tutorial to 2024-11-17T14:37:04.671064+00:00, run_after=2024-11-18T14:37:04.671064+00:00
[2024-11-18T14:37:04.700+0000] {processor.py:179} INFO - Processing /home/airflow/.local/lib/python3.8/site-packages/airflow/example_dags/tutorial.py took 0.110 seconds
[2024-11-18T14:37:37.796+0000] {processor.py:157} INFO - Started process (PID=546) to work on /home/airflow/.local/lib/python3.8/site-packages/airflow/example_dags/tutorial.py
[2024-11-18T14:37:37.798+0000] {processor.py:829} INFO - Processing file /home/airflow/.local/lib/python3.8/site-packages/airflow/example_dags/tutorial.py for tasks to queue
[2024-11-18T14:37:37.801+0000] {logging_mixin.py:151} INFO - [2024-11-18T14:37:37.801+0000] {dagbag.py:536} INFO - Filling up the DagBag from /home/airflow/.local/lib/python3.8/site-packages/airflow/example_dags/tutorial.py
[2024-11-18T14:37:37.809+0000] {processor.py:839} INFO - DAG(s) dict_keys(['tutorial']) retrieved from /home/airflow/.local/lib/python3.8/site-packages/airflow/example_dags/tutorial.py
[2024-11-18T14:37:37.840+0000] {logging_mixin.py:151} INFO - [2024-11-18T14:37:37.839+0000] {dag.py:2941} INFO - Sync 1 DAGs
[2024-11-18T14:37:37.874+0000] {logging_mixin.py:151} INFO - [2024-11-18T14:37:37.874+0000] {dag.py:3722} INFO - Setting next_dagrun for tutorial to 2024-11-17T14:37:37.874215+00:00, run_after=2024-11-18T14:37:37.874215+00:00
[2024-11-18T14:37:37.902+0000] {processor.py:179} INFO - Processing /home/airflow/.local/lib/python3.8/site-packages/airflow/example_dags/tutorial.py took 0.110 seconds
[2024-11-18T14:38:11.137+0000] {processor.py:157} INFO - Started process (PID=600) to work on /home/airflow/.local/lib/python3.8/site-packages/airflow/example_dags/tutorial.py
[2024-11-18T14:38:11.138+0000] {processor.py:829} INFO - Processing file /home/airflow/.local/lib/python3.8/site-packages/airflow/example_dags/tutorial.py for tasks to queue
[2024-11-18T14:38:11.141+0000] {logging_mixin.py:151} INFO - [2024-11-18T14:38:11.141+0000] {dagbag.py:536} INFO - Filling up the DagBag from /home/airflow/.local/lib/python3.8/site-packages/airflow/example_dags/tutorial.py
[2024-11-18T14:38:11.150+0000] {processor.py:839} INFO - DAG(s) dict_keys(['tutorial']) retrieved from /home/airflow/.local/lib/python3.8/site-packages/airflow/example_dags/tutorial.py
[2024-11-18T14:38:11.180+0000] {logging_mixin.py:151} INFO - [2024-11-18T14:38:11.179+0000] {dag.py:2941} INFO - Sync 1 DAGs
[2024-11-18T14:38:11.213+0000] {logging_mixin.py:151} INFO - [2024-11-18T14:38:11.213+0000] {dag.py:3722} INFO - Setting next_dagrun for tutorial to 2024-11-17T14:38:11.212658+00:00, run_after=2024-11-18T14:38:11.212658+00:00
[2024-11-18T14:38:11.239+0000] {processor.py:179} INFO - Processing /home/airflow/.local/lib/python3.8/site-packages/airflow/example_dags/tutorial.py took 0.107 seconds
[2024-11-18T14:38:44.393+0000] {processor.py:157} INFO - Started process (PID=654) to work on /home/airflow/.local/lib/python3.8/site-packages/airflow/example_dags/tutorial.py
[2024-11-18T14:38:44.395+0000] {processor.py:829} INFO - Processing file /home/airflow/.local/lib/python3.8/site-packages/airflow/example_dags/tutorial.py for tasks to queue
[2024-11-18T14:38:44.398+0000] {logging_mixin.py:151} INFO - [2024-11-18T14:38:44.397+0000] {dagbag.py:536} INFO - Filling up the DagBag from /home/airflow/.local/lib/python3.8/site-packages/airflow/example_dags/tutorial.py
[2024-11-18T14:38:44.406+0000] {processor.py:839} INFO - DAG(s) dict_keys(['tutorial']) retrieved from /home/airflow/.local/lib/python3.8/site-packages/airflow/example_dags/tutorial.py
[2024-11-18T14:38:44.436+0000] {logging_mixin.py:151} INFO - [2024-11-18T14:38:44.436+0000] {dag.py:2941} INFO - Sync 1 DAGs
[2024-11-18T14:38:44.474+0000] {logging_mixin.py:151} INFO - [2024-11-18T14:38:44.473+0000] {dag.py:3722} INFO - Setting next_dagrun for tutorial to 2024-11-17T14:38:44.473580+00:00, run_after=2024-11-18T14:38:44.473580+00:00
[2024-11-18T14:38:44.502+0000] {processor.py:179} INFO - Processing /home/airflow/.local/lib/python3.8/site-packages/airflow/example_dags/tutorial.py took 0.114 seconds
[2024-11-18T14:39:18.512+0000] {processor.py:157} INFO - Started process (PID=708) to work on /home/airflow/.local/lib/python3.8/site-packages/airflow/example_dags/tutorial.py
[2024-11-18T14:39:18.514+0000] {processor.py:829} INFO - Processing file /home/airflow/.local/lib/python3.8/site-packages/airflow/example_dags/tutorial.py for tasks to queue
[2024-11-18T14:39:18.517+0000] {logging_mixin.py:151} INFO - [2024-11-18T14:39:18.517+0000] {dagbag.py:536} INFO - Filling up the DagBag from /home/airflow/.local/lib/python3.8/site-packages/airflow/example_dags/tutorial.py
[2024-11-18T14:39:18.525+0000] {processor.py:839} INFO - DAG(s) dict_keys(['tutorial']) retrieved from /home/airflow/.local/lib/python3.8/site-packages/airflow/example_dags/tutorial.py
[2024-11-18T14:39:18.556+0000] {logging_mixin.py:151} INFO - [2024-11-18T14:39:18.555+0000] {dag.py:2941} INFO - Sync 1 DAGs
[2024-11-18T14:39:18.592+0000] {logging_mixin.py:151} INFO - [2024-11-18T14:39:18.592+0000] {dag.py:3722} INFO - Setting next_dagrun for tutorial to 2024-11-17T14:39:18.592282+00:00, run_after=2024-11-18T14:39:18.592282+00:00
[2024-11-18T14:39:18.620+0000] {processor.py:179} INFO - Processing /home/airflow/.local/lib/python3.8/site-packages/airflow/example_dags/tutorial.py took 0.112 seconds
[2024-11-18T14:39:51.365+0000] {processor.py:157} INFO - Started process (PID=762) to work on /home/airflow/.local/lib/python3.8/site-packages/airflow/example_dags/tutorial.py
[2024-11-18T14:39:51.367+0000] {processor.py:829} INFO - Processing file /home/airflow/.local/lib/python3.8/site-packages/airflow/example_dags/tutorial.py for tasks to queue
[2024-11-18T14:39:51.370+0000] {logging_mixin.py:151} INFO - [2024-11-18T14:39:51.369+0000] {dagbag.py:536} INFO - Filling up the DagBag from /home/airflow/.local/lib/python3.8/site-packages/airflow/example_dags/tutorial.py
[2024-11-18T14:39:51.379+0000] {processor.py:839} INFO - DAG(s) dict_keys(['tutorial']) retrieved from /home/airflow/.local/lib/python3.8/site-packages/airflow/example_dags/tutorial.py
[2024-11-18T14:39:51.408+0000] {logging_mixin.py:151} INFO - [2024-11-18T14:39:51.407+0000] {dag.py:2941} INFO - Sync 1 DAGs
[2024-11-18T14:39:51.442+0000] {logging_mixin.py:151} INFO - [2024-11-18T14:39:51.442+0000] {dag.py:3722} INFO - Setting next_dagrun for tutorial to 2024-11-17T14:39:51.441784+00:00, run_after=2024-11-18T14:39:51.441784+00:00
[2024-11-18T14:39:51.470+0000] {processor.py:179} INFO - Processing /home/airflow/.local/lib/python3.8/site-packages/airflow/example_dags/tutorial.py took 0.108 seconds
[2024-11-18T14:40:24.756+0000] {processor.py:157} INFO - Started process (PID=816) to work on /home/airflow/.local/lib/python3.8/site-packages/airflow/example_dags/tutorial.py
[2024-11-18T14:40:24.758+0000] {processor.py:829} INFO - Processing file /home/airflow/.local/lib/python3.8/site-packages/airflow/example_dags/tutorial.py for tasks to queue
[2024-11-18T14:40:24.761+0000] {logging_mixin.py:151} INFO - [2024-11-18T14:40:24.761+0000] {dagbag.py:536} INFO - Filling up the DagBag from /home/airflow/.local/lib/python3.8/site-packages/airflow/example_dags/tutorial.py
[2024-11-18T14:40:24.770+0000] {processor.py:839} INFO - DAG(s) dict_keys(['tutorial']) retrieved from /home/airflow/.local/lib/python3.8/site-packages/airflow/example_dags/tutorial.py
[2024-11-18T14:40:24.800+0000] {logging_mixin.py:151} INFO - [2024-11-18T14:40:24.799+0000] {dag.py:2941} INFO - Sync 1 DAGs
[2024-11-18T14:40:24.833+0000] {logging_mixin.py:151} INFO - [2024-11-18T14:40:24.833+0000] {dag.py:3722} INFO - Setting next_dagrun for tutorial to 2024-11-17T14:40:24.833068+00:00, run_after=2024-11-18T14:40:24.833068+00:00
[2024-11-18T14:40:24.862+0000] {processor.py:179} INFO - Processing /home/airflow/.local/lib/python3.8/site-packages/airflow/example_dags/tutorial.py took 0.110 seconds
[2024-11-18T14:40:58.355+0000] {processor.py:157} INFO - Started process (PID=870) to work on /home/airflow/.local/lib/python3.8/site-packages/airflow/example_dags/tutorial.py
[2024-11-18T14:40:58.356+0000] {processor.py:829} INFO - Processing file /home/airflow/.local/lib/python3.8/site-packages/airflow/example_dags/tutorial.py for tasks to queue
[2024-11-18T14:40:58.360+0000] {logging_mixin.py:151} INFO - [2024-11-18T14:40:58.359+0000] {dagbag.py:536} INFO - Filling up the DagBag from /home/airflow/.local/lib/python3.8/site-packages/airflow/example_dags/tutorial.py
[2024-11-18T14:40:58.369+0000] {processor.py:839} INFO - DAG(s) dict_keys(['tutorial']) retrieved from /home/airflow/.local/lib/python3.8/site-packages/airflow/example_dags/tutorial.py
[2024-11-18T14:40:58.403+0000] {logging_mixin.py:151} INFO - [2024-11-18T14:40:58.403+0000] {dag.py:2941} INFO - Sync 1 DAGs
[2024-11-18T14:40:58.442+0000] {logging_mixin.py:151} INFO - [2024-11-18T14:40:58.442+0000] {dag.py:3722} INFO - Setting next_dagrun for tutorial to 2024-11-17T14:40:58.441708+00:00, run_after=2024-11-18T14:40:58.441708+00:00
[2024-11-18T14:40:58.474+0000] {processor.py:179} INFO - Processing /home/airflow/.local/lib/python3.8/site-packages/airflow/example_dags/tutorial.py took 0.124 seconds
[2024-11-18T14:41:31.269+0000] {processor.py:157} INFO - Started process (PID=924) to work on /home/airflow/.local/lib/python3.8/site-packages/airflow/example_dags/tutorial.py
[2024-11-18T14:41:31.270+0000] {processor.py:829} INFO - Processing file /home/airflow/.local/lib/python3.8/site-packages/airflow/example_dags/tutorial.py for tasks to queue
[2024-11-18T14:41:31.273+0000] {logging_mixin.py:151} INFO - [2024-11-18T14:41:31.273+0000] {dagbag.py:536} INFO - Filling up the DagBag from /home/airflow/.local/lib/python3.8/site-packages/airflow/example_dags/tutorial.py
[2024-11-18T14:41:31.282+0000] {processor.py:839} INFO - DAG(s) dict_keys(['tutorial']) retrieved from /home/airflow/.local/lib/python3.8/site-packages/airflow/example_dags/tutorial.py
[2024-11-18T14:41:31.312+0000] {logging_mixin.py:151} INFO - [2024-11-18T14:41:31.311+0000] {dag.py:2941} INFO - Sync 1 DAGs
[2024-11-18T14:41:31.345+0000] {logging_mixin.py:151} INFO - [2024-11-18T14:41:31.345+0000] {dag.py:3722} INFO - Setting next_dagrun for tutorial to 2024-11-17T14:41:31.345271+00:00, run_after=2024-11-18T14:41:31.345271+00:00
[2024-11-18T14:41:31.373+0000] {processor.py:179} INFO - Processing /home/airflow/.local/lib/python3.8/site-packages/airflow/example_dags/tutorial.py took 0.109 seconds
[2024-11-18T14:42:04.565+0000] {processor.py:157} INFO - Started process (PID=978) to work on /home/airflow/.local/lib/python3.8/site-packages/airflow/example_dags/tutorial.py
[2024-11-18T14:42:04.566+0000] {processor.py:829} INFO - Processing file /home/airflow/.local/lib/python3.8/site-packages/airflow/example_dags/tutorial.py for tasks to queue
[2024-11-18T14:42:04.569+0000] {logging_mixin.py:151} INFO - [2024-11-18T14:42:04.569+0000] {dagbag.py:536} INFO - Filling up the DagBag from /home/airflow/.local/lib/python3.8/site-packages/airflow/example_dags/tutorial.py
[2024-11-18T14:42:04.578+0000] {processor.py:839} INFO - DAG(s) dict_keys(['tutorial']) retrieved from /home/airflow/.local/lib/python3.8/site-packages/airflow/example_dags/tutorial.py
[2024-11-18T14:42:04.608+0000] {logging_mixin.py:151} INFO - [2024-11-18T14:42:04.607+0000] {dag.py:2941} INFO - Sync 1 DAGs
[2024-11-18T14:42:04.641+0000] {logging_mixin.py:151} INFO - [2024-11-18T14:42:04.640+0000] {dag.py:3722} INFO - Setting next_dagrun for tutorial to 2024-11-17T14:42:04.640584+00:00, run_after=2024-11-18T14:42:04.640584+00:00
[2024-11-18T14:42:04.668+0000] {processor.py:179} INFO - Processing /home/airflow/.local/lib/python3.8/site-packages/airflow/example_dags/tutorial.py took 0.107 seconds
[2024-11-18T14:42:38.265+0000] {processor.py:157} INFO - Started process (PID=1032) to work on /home/airflow/.local/lib/python3.8/site-packages/airflow/example_dags/tutorial.py
[2024-11-18T14:42:38.266+0000] {processor.py:829} INFO - Processing file /home/airflow/.local/lib/python3.8/site-packages/airflow/example_dags/tutorial.py for tasks to queue
[2024-11-18T14:42:38.269+0000] {logging_mixin.py:151} INFO - [2024-11-18T14:42:38.269+0000] {dagbag.py:536} INFO - Filling up the DagBag from /home/airflow/.local/lib/python3.8/site-packages/airflow/example_dags/tutorial.py
[2024-11-18T14:42:38.278+0000] {processor.py:839} INFO - DAG(s) dict_keys(['tutorial']) retrieved from /home/airflow/.local/lib/python3.8/site-packages/airflow/example_dags/tutorial.py
[2024-11-18T14:42:38.308+0000] {logging_mixin.py:151} INFO - [2024-11-18T14:42:38.308+0000] {dag.py:2941} INFO - Sync 1 DAGs
[2024-11-18T14:42:38.342+0000] {logging_mixin.py:151} INFO - [2024-11-18T14:42:38.342+0000] {dag.py:3722} INFO - Setting next_dagrun for tutorial to 2024-11-17T14:42:38.342088+00:00, run_after=2024-11-18T14:42:38.342088+00:00
[2024-11-18T14:42:38.374+0000] {processor.py:179} INFO - Processing /home/airflow/.local/lib/python3.8/site-packages/airflow/example_dags/tutorial.py took 0.114 seconds
[2024-11-18T14:43:12.044+0000] {processor.py:157} INFO - Started process (PID=1086) to work on /home/airflow/.local/lib/python3.8/site-packages/airflow/example_dags/tutorial.py
[2024-11-18T14:43:12.046+0000] {processor.py:829} INFO - Processing file /home/airflow/.local/lib/python3.8/site-packages/airflow/example_dags/tutorial.py for tasks to queue
[2024-11-18T14:43:12.049+0000] {logging_mixin.py:151} INFO - [2024-11-18T14:43:12.049+0000] {dagbag.py:536} INFO - Filling up the DagBag from /home/airflow/.local/lib/python3.8/site-packages/airflow/example_dags/tutorial.py
[2024-11-18T14:43:12.058+0000] {processor.py:839} INFO - DAG(s) dict_keys(['tutorial']) retrieved from /home/airflow/.local/lib/python3.8/site-packages/airflow/example_dags/tutorial.py
[2024-11-18T14:43:12.089+0000] {logging_mixin.py:151} INFO - [2024-11-18T14:43:12.089+0000] {dag.py:2941} INFO - Sync 1 DAGs
[2024-11-18T14:43:12.124+0000] {logging_mixin.py:151} INFO - [2024-11-18T14:43:12.124+0000] {dag.py:3722} INFO - Setting next_dagrun for tutorial to 2024-11-17T14:43:12.123995+00:00, run_after=2024-11-18T14:43:12.123995+00:00
[2024-11-18T14:43:12.152+0000] {processor.py:179} INFO - Processing /home/airflow/.local/lib/python3.8/site-packages/airflow/example_dags/tutorial.py took 0.113 seconds
[2024-11-18T14:43:45.720+0000] {processor.py:157} INFO - Started process (PID=1140) to work on /home/airflow/.local/lib/python3.8/site-packages/airflow/example_dags/tutorial.py
[2024-11-18T14:43:45.722+0000] {processor.py:829} INFO - Processing file /home/airflow/.local/lib/python3.8/site-packages/airflow/example_dags/tutorial.py for tasks to queue
[2024-11-18T14:43:45.725+0000] {logging_mixin.py:151} INFO - [2024-11-18T14:43:45.725+0000] {dagbag.py:536} INFO - Filling up the DagBag from /home/airflow/.local/lib/python3.8/site-packages/airflow/example_dags/tutorial.py
[2024-11-18T14:43:45.736+0000] {processor.py:839} INFO - DAG(s) dict_keys(['tutorial']) retrieved from /home/airflow/.local/lib/python3.8/site-packages/airflow/example_dags/tutorial.py
[2024-11-18T14:43:45.778+0000] {logging_mixin.py:151} INFO - [2024-11-18T14:43:45.777+0000] {dag.py:2941} INFO - Sync 1 DAGs
[2024-11-18T14:43:45.829+0000] {logging_mixin.py:151} INFO - [2024-11-18T14:43:45.829+0000] {dag.py:3722} INFO - Setting next_dagrun for tutorial to 2024-11-17T14:43:45.828782+00:00, run_after=2024-11-18T14:43:45.828782+00:00
[2024-11-18T14:43:46.059+0000] {processor.py:179} INFO - Processing /home/airflow/.local/lib/python3.8/site-packages/airflow/example_dags/tutorial.py took 0.345 seconds
[2024-11-18T14:44:17.742+0000] {processor.py:157} INFO - Started process (PID=1194) to work on /home/airflow/.local/lib/python3.8/site-packages/airflow/example_dags/tutorial.py
[2024-11-18T14:44:17.743+0000] {processor.py:829} INFO - Processing file /home/airflow/.local/lib/python3.8/site-packages/airflow/example_dags/tutorial.py for tasks to queue
[2024-11-18T14:44:17.746+0000] {logging_mixin.py:151} INFO - [2024-11-18T14:44:17.746+0000] {dagbag.py:536} INFO - Filling up the DagBag from /home/airflow/.local/lib/python3.8/site-packages/airflow/example_dags/tutorial.py
[2024-11-18T14:44:17.754+0000] {processor.py:839} INFO - DAG(s) dict_keys(['tutorial']) retrieved from /home/airflow/.local/lib/python3.8/site-packages/airflow/example_dags/tutorial.py
[2024-11-18T14:44:17.783+0000] {logging_mixin.py:151} INFO - [2024-11-18T14:44:17.783+0000] {dag.py:2941} INFO - Sync 1 DAGs
[2024-11-18T14:44:17.816+0000] {logging_mixin.py:151} INFO - [2024-11-18T14:44:17.816+0000] {dag.py:3722} INFO - Setting next_dagrun for tutorial to 2024-11-17T14:44:17.816008+00:00, run_after=2024-11-18T14:44:17.816008+00:00
[2024-11-18T14:44:17.843+0000] {processor.py:179} INFO - Processing /home/airflow/.local/lib/python3.8/site-packages/airflow/example_dags/tutorial.py took 0.105 seconds
[2024-11-18T14:44:52.811+0000] {processor.py:157} INFO - Started process (PID=1248) to work on /home/airflow/.local/lib/python3.8/site-packages/airflow/example_dags/tutorial.py
[2024-11-18T14:44:52.812+0000] {processor.py:829} INFO - Processing file /home/airflow/.local/lib/python3.8/site-packages/airflow/example_dags/tutorial.py for tasks to queue
[2024-11-18T14:44:52.815+0000] {logging_mixin.py:151} INFO - [2024-11-18T14:44:52.815+0000] {dagbag.py:536} INFO - Filling up the DagBag from /home/airflow/.local/lib/python3.8/site-packages/airflow/example_dags/tutorial.py
[2024-11-18T14:44:52.823+0000] {processor.py:839} INFO - DAG(s) dict_keys(['tutorial']) retrieved from /home/airflow/.local/lib/python3.8/site-packages/airflow/example_dags/tutorial.py
[2024-11-18T14:44:52.854+0000] {logging_mixin.py:151} INFO - [2024-11-18T14:44:52.854+0000] {dag.py:2941} INFO - Sync 1 DAGs
[2024-11-18T14:44:52.891+0000] {logging_mixin.py:151} INFO - [2024-11-18T14:44:52.890+0000] {dag.py:3722} INFO - Setting next_dagrun for tutorial to 2024-11-17T14:44:52.890363+00:00, run_after=2024-11-18T14:44:52.890363+00:00
[2024-11-18T14:44:52.918+0000] {processor.py:179} INFO - Processing /home/airflow/.local/lib/python3.8/site-packages/airflow/example_dags/tutorial.py took 0.112 seconds
[2024-11-18T14:45:27.319+0000] {processor.py:157} INFO - Started process (PID=1302) to work on /home/airflow/.local/lib/python3.8/site-packages/airflow/example_dags/tutorial.py
[2024-11-18T14:45:27.320+0000] {processor.py:829} INFO - Processing file /home/airflow/.local/lib/python3.8/site-packages/airflow/example_dags/tutorial.py for tasks to queue
[2024-11-18T14:45:27.323+0000] {logging_mixin.py:151} INFO - [2024-11-18T14:45:27.323+0000] {dagbag.py:536} INFO - Filling up the DagBag from /home/airflow/.local/lib/python3.8/site-packages/airflow/example_dags/tutorial.py
[2024-11-18T14:45:27.332+0000] {processor.py:839} INFO - DAG(s) dict_keys(['tutorial']) retrieved from /home/airflow/.local/lib/python3.8/site-packages/airflow/example_dags/tutorial.py
[2024-11-18T14:45:27.361+0000] {logging_mixin.py:151} INFO - [2024-11-18T14:45:27.361+0000] {dag.py:2941} INFO - Sync 1 DAGs
[2024-11-18T14:45:27.395+0000] {logging_mixin.py:151} INFO - [2024-11-18T14:45:27.395+0000] {dag.py:3722} INFO - Setting next_dagrun for tutorial to 2024-11-17T14:45:27.394732+00:00, run_after=2024-11-18T14:45:27.394732+00:00
[2024-11-18T14:45:27.422+0000] {processor.py:179} INFO - Processing /home/airflow/.local/lib/python3.8/site-packages/airflow/example_dags/tutorial.py took 0.108 seconds
[2024-11-18T14:45:58.253+0000] {processor.py:157} INFO - Started process (PID=1356) to work on /home/airflow/.local/lib/python3.8/site-packages/airflow/example_dags/tutorial.py
[2024-11-18T14:45:58.255+0000] {processor.py:829} INFO - Processing file /home/airflow/.local/lib/python3.8/site-packages/airflow/example_dags/tutorial.py for tasks to queue
[2024-11-18T14:45:58.258+0000] {logging_mixin.py:151} INFO - [2024-11-18T14:45:58.258+0000] {dagbag.py:536} INFO - Filling up the DagBag from /home/airflow/.local/lib/python3.8/site-packages/airflow/example_dags/tutorial.py
[2024-11-18T14:45:58.268+0000] {processor.py:839} INFO - DAG(s) dict_keys(['tutorial']) retrieved from /home/airflow/.local/lib/python3.8/site-packages/airflow/example_dags/tutorial.py
[2024-11-18T14:45:58.302+0000] {logging_mixin.py:151} INFO - [2024-11-18T14:45:58.302+0000] {dag.py:2941} INFO - Sync 1 DAGs
[2024-11-18T14:45:58.344+0000] {logging_mixin.py:151} INFO - [2024-11-18T14:45:58.343+0000] {dag.py:3722} INFO - Setting next_dagrun for tutorial to 2024-11-17T14:45:58.343036+00:00, run_after=2024-11-18T14:45:58.343036+00:00
[2024-11-18T14:45:58.377+0000] {processor.py:179} INFO - Processing /home/airflow/.local/lib/python3.8/site-packages/airflow/example_dags/tutorial.py took 0.128 seconds
[2024-11-18T14:46:32.462+0000] {processor.py:157} INFO - Started process (PID=1410) to work on /home/airflow/.local/lib/python3.8/site-packages/airflow/example_dags/tutorial.py
[2024-11-18T14:46:32.464+0000] {processor.py:829} INFO - Processing file /home/airflow/.local/lib/python3.8/site-packages/airflow/example_dags/tutorial.py for tasks to queue
[2024-11-18T14:46:32.467+0000] {logging_mixin.py:151} INFO - [2024-11-18T14:46:32.466+0000] {dagbag.py:536} INFO - Filling up the DagBag from /home/airflow/.local/lib/python3.8/site-packages/airflow/example_dags/tutorial.py
[2024-11-18T14:46:32.475+0000] {processor.py:839} INFO - DAG(s) dict_keys(['tutorial']) retrieved from /home/airflow/.local/lib/python3.8/site-packages/airflow/example_dags/tutorial.py
[2024-11-18T14:46:32.510+0000] {logging_mixin.py:151} INFO - [2024-11-18T14:46:32.510+0000] {dag.py:2941} INFO - Sync 1 DAGs
[2024-11-18T14:46:32.544+0000] {logging_mixin.py:151} INFO - [2024-11-18T14:46:32.544+0000] {dag.py:3722} INFO - Setting next_dagrun for tutorial to 2024-11-17T14:46:32.544169+00:00, run_after=2024-11-18T14:46:32.544169+00:00
[2024-11-18T14:46:32.572+0000] {processor.py:179} INFO - Processing /home/airflow/.local/lib/python3.8/site-packages/airflow/example_dags/tutorial.py took 0.115 seconds
[2024-11-18T14:47:08.736+0000] {processor.py:157} INFO - Started process (PID=1464) to work on /home/airflow/.local/lib/python3.8/site-packages/airflow/example_dags/tutorial.py
[2024-11-18T14:47:08.737+0000] {processor.py:829} INFO - Processing file /home/airflow/.local/lib/python3.8/site-packages/airflow/example_dags/tutorial.py for tasks to queue
[2024-11-18T14:47:08.740+0000] {logging_mixin.py:151} INFO - [2024-11-18T14:47:08.740+0000] {dagbag.py:536} INFO - Filling up the DagBag from /home/airflow/.local/lib/python3.8/site-packages/airflow/example_dags/tutorial.py
[2024-11-18T14:47:08.749+0000] {processor.py:839} INFO - DAG(s) dict_keys(['tutorial']) retrieved from /home/airflow/.local/lib/python3.8/site-packages/airflow/example_dags/tutorial.py
[2024-11-18T14:47:08.784+0000] {logging_mixin.py:151} INFO - [2024-11-18T14:47:08.784+0000] {dag.py:2941} INFO - Sync 1 DAGs
[2024-11-18T14:47:09.015+0000] {logging_mixin.py:151} INFO - [2024-11-18T14:47:09.015+0000] {dag.py:3722} INFO - Setting next_dagrun for tutorial to 2024-11-17T14:47:09.014943+00:00, run_after=2024-11-18T14:47:09.014943+00:00
[2024-11-18T14:47:09.044+0000] {processor.py:179} INFO - Processing /home/airflow/.local/lib/python3.8/site-packages/airflow/example_dags/tutorial.py took 0.313 seconds
[2024-11-18T14:47:39.658+0000] {processor.py:157} INFO - Started process (PID=1518) to work on /home/airflow/.local/lib/python3.8/site-packages/airflow/example_dags/tutorial.py
[2024-11-18T14:47:39.660+0000] {processor.py:829} INFO - Processing file /home/airflow/.local/lib/python3.8/site-packages/airflow/example_dags/tutorial.py for tasks to queue
[2024-11-18T14:47:39.663+0000] {logging_mixin.py:151} INFO - [2024-11-18T14:47:39.663+0000] {dagbag.py:536} INFO - Filling up the DagBag from /home/airflow/.local/lib/python3.8/site-packages/airflow/example_dags/tutorial.py
[2024-11-18T14:47:39.673+0000] {processor.py:839} INFO - DAG(s) dict_keys(['tutorial']) retrieved from /home/airflow/.local/lib/python3.8/site-packages/airflow/example_dags/tutorial.py
[2024-11-18T14:47:39.718+0000] {logging_mixin.py:151} INFO - [2024-11-18T14:47:39.718+0000] {dag.py:2941} INFO - Sync 1 DAGs
[2024-11-18T14:47:39.765+0000] {logging_mixin.py:151} INFO - [2024-11-18T14:47:39.765+0000] {dag.py:3722} INFO - Setting next_dagrun for tutorial to 2024-11-17T14:47:39.765169+00:00, run_after=2024-11-18T14:47:39.765169+00:00
[2024-11-18T14:47:40.004+0000] {processor.py:179} INFO - Processing /home/airflow/.local/lib/python3.8/site-packages/airflow/example_dags/tutorial.py took 0.351 seconds
[2024-11-18T14:48:13.535+0000] {processor.py:157} INFO - Started process (PID=1572) to work on /home/airflow/.local/lib/python3.8/site-packages/airflow/example_dags/tutorial.py
[2024-11-18T14:48:13.537+0000] {processor.py:829} INFO - Processing file /home/airflow/.local/lib/python3.8/site-packages/airflow/example_dags/tutorial.py for tasks to queue
[2024-11-18T14:48:13.541+0000] {logging_mixin.py:151} INFO - [2024-11-18T14:48:13.540+0000] {dagbag.py:536} INFO - Filling up the DagBag from /home/airflow/.local/lib/python3.8/site-packages/airflow/example_dags/tutorial.py
[2024-11-18T14:48:13.551+0000] {processor.py:839} INFO - DAG(s) dict_keys(['tutorial']) retrieved from /home/airflow/.local/lib/python3.8/site-packages/airflow/example_dags/tutorial.py
[2024-11-18T14:48:13.585+0000] {logging_mixin.py:151} INFO - [2024-11-18T14:48:13.584+0000] {dag.py:2941} INFO - Sync 1 DAGs
[2024-11-18T14:48:13.620+0000] {logging_mixin.py:151} INFO - [2024-11-18T14:48:13.620+0000] {dag.py:3722} INFO - Setting next_dagrun for tutorial to 2024-11-17T14:48:13.619679+00:00, run_after=2024-11-18T14:48:13.619679+00:00
[2024-11-18T14:48:13.650+0000] {processor.py:179} INFO - Processing /home/airflow/.local/lib/python3.8/site-packages/airflow/example_dags/tutorial.py took 0.121 seconds
[2024-11-18T14:48:48.295+0000] {processor.py:157} INFO - Started process (PID=1628) to work on /home/airflow/.local/lib/python3.8/site-packages/airflow/example_dags/tutorial.py
[2024-11-18T14:48:48.296+0000] {processor.py:829} INFO - Processing file /home/airflow/.local/lib/python3.8/site-packages/airflow/example_dags/tutorial.py for tasks to queue
[2024-11-18T14:48:48.300+0000] {logging_mixin.py:151} INFO - [2024-11-18T14:48:48.299+0000] {dagbag.py:536} INFO - Filling up the DagBag from /home/airflow/.local/lib/python3.8/site-packages/airflow/example_dags/tutorial.py
[2024-11-18T14:48:48.309+0000] {processor.py:839} INFO - DAG(s) dict_keys(['tutorial']) retrieved from /home/airflow/.local/lib/python3.8/site-packages/airflow/example_dags/tutorial.py
[2024-11-18T14:48:48.527+0000] {logging_mixin.py:151} INFO - [2024-11-18T14:48:48.526+0000] {dag.py:2941} INFO - Sync 1 DAGs
[2024-11-18T14:48:48.558+0000] {logging_mixin.py:151} INFO - [2024-11-18T14:48:48.557+0000] {dag.py:3722} INFO - Setting next_dagrun for tutorial to 2024-11-17T14:48:48.557428+00:00, run_after=2024-11-18T14:48:48.557428+00:00
[2024-11-18T14:48:48.587+0000] {processor.py:179} INFO - Processing /home/airflow/.local/lib/python3.8/site-packages/airflow/example_dags/tutorial.py took 0.297 seconds
[2024-11-18T14:49:19.705+0000] {processor.py:157} INFO - Started process (PID=1683) to work on /home/airflow/.local/lib/python3.8/site-packages/airflow/example_dags/tutorial.py
[2024-11-18T14:49:19.707+0000] {processor.py:829} INFO - Processing file /home/airflow/.local/lib/python3.8/site-packages/airflow/example_dags/tutorial.py for tasks to queue
[2024-11-18T14:49:19.711+0000] {logging_mixin.py:151} INFO - [2024-11-18T14:49:19.710+0000] {dagbag.py:536} INFO - Filling up the DagBag from /home/airflow/.local/lib/python3.8/site-packages/airflow/example_dags/tutorial.py
[2024-11-18T14:49:19.720+0000] {processor.py:839} INFO - DAG(s) dict_keys(['tutorial']) retrieved from /home/airflow/.local/lib/python3.8/site-packages/airflow/example_dags/tutorial.py
[2024-11-18T14:49:19.750+0000] {logging_mixin.py:151} INFO - [2024-11-18T14:49:19.750+0000] {dag.py:2941} INFO - Sync 1 DAGs
[2024-11-18T14:49:19.966+0000] {logging_mixin.py:151} INFO - [2024-11-18T14:49:19.966+0000] {dag.py:3722} INFO - Setting next_dagrun for tutorial to 2024-11-17T14:49:19.965745+00:00, run_after=2024-11-18T14:49:19.965745+00:00
[2024-11-18T14:49:19.993+0000] {processor.py:179} INFO - Processing /home/airflow/.local/lib/python3.8/site-packages/airflow/example_dags/tutorial.py took 0.293 seconds
[2024-11-18T14:49:52.333+0000] {processor.py:157} INFO - Started process (PID=1739) to work on /home/airflow/.local/lib/python3.8/site-packages/airflow/example_dags/tutorial.py
[2024-11-18T14:49:52.335+0000] {processor.py:829} INFO - Processing file /home/airflow/.local/lib/python3.8/site-packages/airflow/example_dags/tutorial.py for tasks to queue
[2024-11-18T14:49:52.339+0000] {logging_mixin.py:151} INFO - [2024-11-18T14:49:52.339+0000] {dagbag.py:536} INFO - Filling up the DagBag from /home/airflow/.local/lib/python3.8/site-packages/airflow/example_dags/tutorial.py
[2024-11-18T14:49:52.351+0000] {processor.py:839} INFO - DAG(s) dict_keys(['tutorial']) retrieved from /home/airflow/.local/lib/python3.8/site-packages/airflow/example_dags/tutorial.py
[2024-11-18T14:49:52.383+0000] {logging_mixin.py:151} INFO - [2024-11-18T14:49:52.382+0000] {dag.py:2941} INFO - Sync 1 DAGs
[2024-11-18T14:49:52.418+0000] {logging_mixin.py:151} INFO - [2024-11-18T14:49:52.418+0000] {dag.py:3722} INFO - Setting next_dagrun for tutorial to 2024-11-17T14:49:52.418176+00:00, run_after=2024-11-18T14:49:52.418176+00:00
[2024-11-18T14:49:52.449+0000] {processor.py:179} INFO - Processing /home/airflow/.local/lib/python3.8/site-packages/airflow/example_dags/tutorial.py took 0.124 seconds
[2024-11-18T14:50:29.483+0000] {processor.py:157} INFO - Started process (PID=1798) to work on /home/airflow/.local/lib/python3.8/site-packages/airflow/example_dags/tutorial.py
[2024-11-18T14:50:29.484+0000] {processor.py:829} INFO - Processing file /home/airflow/.local/lib/python3.8/site-packages/airflow/example_dags/tutorial.py for tasks to queue
[2024-11-18T14:50:29.487+0000] {logging_mixin.py:151} INFO - [2024-11-18T14:50:29.487+0000] {dagbag.py:536} INFO - Filling up the DagBag from /home/airflow/.local/lib/python3.8/site-packages/airflow/example_dags/tutorial.py
[2024-11-18T14:50:29.661+0000] {processor.py:839} INFO - DAG(s) dict_keys(['tutorial']) retrieved from /home/airflow/.local/lib/python3.8/site-packages/airflow/example_dags/tutorial.py
[2024-11-18T14:50:29.687+0000] {logging_mixin.py:151} INFO - [2024-11-18T14:50:29.687+0000] {dag.py:2941} INFO - Sync 1 DAGs
[2024-11-18T14:50:29.718+0000] {logging_mixin.py:151} INFO - [2024-11-18T14:50:29.717+0000] {dag.py:3722} INFO - Setting next_dagrun for tutorial to 2024-11-17T14:50:29.717423+00:00, run_after=2024-11-18T14:50:29.717423+00:00
[2024-11-18T14:50:29.746+0000] {processor.py:179} INFO - Processing /home/airflow/.local/lib/python3.8/site-packages/airflow/example_dags/tutorial.py took 0.269 seconds
[2024-11-18T14:50:59.936+0000] {processor.py:157} INFO - Started process (PID=1855) to work on /home/airflow/.local/lib/python3.8/site-packages/airflow/example_dags/tutorial.py
[2024-11-18T14:50:59.938+0000] {processor.py:829} INFO - Processing file /home/airflow/.local/lib/python3.8/site-packages/airflow/example_dags/tutorial.py for tasks to queue
[2024-11-18T14:50:59.941+0000] {logging_mixin.py:151} INFO - [2024-11-18T14:50:59.941+0000] {dagbag.py:536} INFO - Filling up the DagBag from /home/airflow/.local/lib/python3.8/site-packages/airflow/example_dags/tutorial.py
[2024-11-18T14:50:59.950+0000] {processor.py:839} INFO - DAG(s) dict_keys(['tutorial']) retrieved from /home/airflow/.local/lib/python3.8/site-packages/airflow/example_dags/tutorial.py
[2024-11-18T14:50:59.980+0000] {logging_mixin.py:151} INFO - [2024-11-18T14:50:59.980+0000] {dag.py:2941} INFO - Sync 1 DAGs
[2024-11-18T14:51:00.017+0000] {logging_mixin.py:151} INFO - [2024-11-18T14:51:00.016+0000] {dag.py:3722} INFO - Setting next_dagrun for tutorial to 2024-11-17T14:51:00.016278+00:00, run_after=2024-11-18T14:51:00.016278+00:00
[2024-11-18T14:51:00.045+0000] {processor.py:179} INFO - Processing /home/airflow/.local/lib/python3.8/site-packages/airflow/example_dags/tutorial.py took 0.113 seconds
[2024-11-18T14:51:32.258+0000] {processor.py:157} INFO - Started process (PID=1913) to work on /home/airflow/.local/lib/python3.8/site-packages/airflow/example_dags/tutorial.py
[2024-11-18T14:51:32.259+0000] {processor.py:829} INFO - Processing file /home/airflow/.local/lib/python3.8/site-packages/airflow/example_dags/tutorial.py for tasks to queue
[2024-11-18T14:51:32.262+0000] {logging_mixin.py:151} INFO - [2024-11-18T14:51:32.262+0000] {dagbag.py:536} INFO - Filling up the DagBag from /home/airflow/.local/lib/python3.8/site-packages/airflow/example_dags/tutorial.py
[2024-11-18T14:51:32.271+0000] {processor.py:839} INFO - DAG(s) dict_keys(['tutorial']) retrieved from /home/airflow/.local/lib/python3.8/site-packages/airflow/example_dags/tutorial.py
[2024-11-18T14:51:32.309+0000] {logging_mixin.py:151} INFO - [2024-11-18T14:51:32.308+0000] {dag.py:2941} INFO - Sync 1 DAGs
[2024-11-18T14:51:32.348+0000] {logging_mixin.py:151} INFO - [2024-11-18T14:51:32.348+0000] {dag.py:3722} INFO - Setting next_dagrun for tutorial to 2024-11-17T14:51:32.347604+00:00, run_after=2024-11-18T14:51:32.347604+00:00
[2024-11-18T14:51:32.402+0000] {processor.py:179} INFO - Processing /home/airflow/.local/lib/python3.8/site-packages/airflow/example_dags/tutorial.py took 0.149 seconds
[2024-11-18T14:52:04.337+0000] {processor.py:157} INFO - Started process (PID=1971) to work on /home/airflow/.local/lib/python3.8/site-packages/airflow/example_dags/tutorial.py
[2024-11-18T14:52:04.339+0000] {processor.py:829} INFO - Processing file /home/airflow/.local/lib/python3.8/site-packages/airflow/example_dags/tutorial.py for tasks to queue
[2024-11-18T14:52:04.342+0000] {logging_mixin.py:151} INFO - [2024-11-18T14:52:04.341+0000] {dagbag.py:536} INFO - Filling up the DagBag from /home/airflow/.local/lib/python3.8/site-packages/airflow/example_dags/tutorial.py
[2024-11-18T14:52:04.351+0000] {processor.py:839} INFO - DAG(s) dict_keys(['tutorial']) retrieved from /home/airflow/.local/lib/python3.8/site-packages/airflow/example_dags/tutorial.py
[2024-11-18T14:52:04.382+0000] {logging_mixin.py:151} INFO - [2024-11-18T14:52:04.382+0000] {dag.py:2941} INFO - Sync 1 DAGs
[2024-11-18T14:52:04.416+0000] {logging_mixin.py:151} INFO - [2024-11-18T14:52:04.416+0000] {dag.py:3722} INFO - Setting next_dagrun for tutorial to 2024-11-17T14:52:04.415831+00:00, run_after=2024-11-18T14:52:04.415831+00:00
[2024-11-18T14:52:04.445+0000] {processor.py:179} INFO - Processing /home/airflow/.local/lib/python3.8/site-packages/airflow/example_dags/tutorial.py took 0.112 seconds
[2024-11-18T14:52:38.370+0000] {processor.py:157} INFO - Started process (PID=2026) to work on /home/airflow/.local/lib/python3.8/site-packages/airflow/example_dags/tutorial.py
[2024-11-18T14:52:38.372+0000] {processor.py:829} INFO - Processing file /home/airflow/.local/lib/python3.8/site-packages/airflow/example_dags/tutorial.py for tasks to queue
[2024-11-18T14:52:38.375+0000] {logging_mixin.py:151} INFO - [2024-11-18T14:52:38.375+0000] {dagbag.py:536} INFO - Filling up the DagBag from /home/airflow/.local/lib/python3.8/site-packages/airflow/example_dags/tutorial.py
[2024-11-18T14:52:38.383+0000] {processor.py:839} INFO - DAG(s) dict_keys(['tutorial']) retrieved from /home/airflow/.local/lib/python3.8/site-packages/airflow/example_dags/tutorial.py
[2024-11-18T14:52:38.414+0000] {logging_mixin.py:151} INFO - [2024-11-18T14:52:38.414+0000] {dag.py:2941} INFO - Sync 1 DAGs
[2024-11-18T14:52:38.449+0000] {logging_mixin.py:151} INFO - [2024-11-18T14:52:38.448+0000] {dag.py:3722} INFO - Setting next_dagrun for tutorial to 2024-11-17T14:52:38.448428+00:00, run_after=2024-11-18T14:52:38.448428+00:00
[2024-11-18T14:52:38.476+0000] {processor.py:179} INFO - Processing /home/airflow/.local/lib/python3.8/site-packages/airflow/example_dags/tutorial.py took 0.110 seconds
[2024-11-18T14:53:11.303+0000] {processor.py:157} INFO - Started process (PID=2082) to work on /home/airflow/.local/lib/python3.8/site-packages/airflow/example_dags/tutorial.py
[2024-11-18T14:53:11.304+0000] {processor.py:829} INFO - Processing file /home/airflow/.local/lib/python3.8/site-packages/airflow/example_dags/tutorial.py for tasks to queue
[2024-11-18T14:53:11.308+0000] {logging_mixin.py:151} INFO - [2024-11-18T14:53:11.307+0000] {dagbag.py:536} INFO - Filling up the DagBag from /home/airflow/.local/lib/python3.8/site-packages/airflow/example_dags/tutorial.py
[2024-11-18T14:53:11.317+0000] {processor.py:839} INFO - DAG(s) dict_keys(['tutorial']) retrieved from /home/airflow/.local/lib/python3.8/site-packages/airflow/example_dags/tutorial.py
[2024-11-18T14:53:11.348+0000] {logging_mixin.py:151} INFO - [2024-11-18T14:53:11.348+0000] {dag.py:2941} INFO - Sync 1 DAGs
[2024-11-18T14:53:11.401+0000] {logging_mixin.py:151} INFO - [2024-11-18T14:53:11.400+0000] {dag.py:3722} INFO - Setting next_dagrun for tutorial to 2024-11-17T14:53:11.400485+00:00, run_after=2024-11-18T14:53:11.400485+00:00
[2024-11-18T14:53:11.428+0000] {processor.py:179} INFO - Processing /home/airflow/.local/lib/python3.8/site-packages/airflow/example_dags/tutorial.py took 0.130 seconds
[2024-11-18T14:53:45.162+0000] {processor.py:157} INFO - Started process (PID=2137) to work on /home/airflow/.local/lib/python3.8/site-packages/airflow/example_dags/tutorial.py
[2024-11-18T14:53:45.163+0000] {processor.py:829} INFO - Processing file /home/airflow/.local/lib/python3.8/site-packages/airflow/example_dags/tutorial.py for tasks to queue
[2024-11-18T14:53:45.167+0000] {logging_mixin.py:151} INFO - [2024-11-18T14:53:45.166+0000] {dagbag.py:536} INFO - Filling up the DagBag from /home/airflow/.local/lib/python3.8/site-packages/airflow/example_dags/tutorial.py
[2024-11-18T14:53:45.183+0000] {processor.py:839} INFO - DAG(s) dict_keys(['tutorial']) retrieved from /home/airflow/.local/lib/python3.8/site-packages/airflow/example_dags/tutorial.py
[2024-11-18T14:53:45.230+0000] {logging_mixin.py:151} INFO - [2024-11-18T14:53:45.230+0000] {dag.py:2941} INFO - Sync 1 DAGs
[2024-11-18T14:53:45.286+0000] {logging_mixin.py:151} INFO - [2024-11-18T14:53:45.285+0000] {dag.py:3722} INFO - Setting next_dagrun for tutorial to 2024-11-17T14:53:45.284903+00:00, run_after=2024-11-18T14:53:45.284903+00:00
[2024-11-18T14:53:45.331+0000] {processor.py:179} INFO - Processing /home/airflow/.local/lib/python3.8/site-packages/airflow/example_dags/tutorial.py took 0.174 seconds
[2024-11-18T14:54:18.386+0000] {processor.py:157} INFO - Started process (PID=2192) to work on /home/airflow/.local/lib/python3.8/site-packages/airflow/example_dags/tutorial.py
[2024-11-18T14:54:18.387+0000] {processor.py:829} INFO - Processing file /home/airflow/.local/lib/python3.8/site-packages/airflow/example_dags/tutorial.py for tasks to queue
[2024-11-18T14:54:18.391+0000] {logging_mixin.py:151} INFO - [2024-11-18T14:54:18.390+0000] {dagbag.py:536} INFO - Filling up the DagBag from /home/airflow/.local/lib/python3.8/site-packages/airflow/example_dags/tutorial.py
[2024-11-18T14:54:18.399+0000] {processor.py:839} INFO - DAG(s) dict_keys(['tutorial']) retrieved from /home/airflow/.local/lib/python3.8/site-packages/airflow/example_dags/tutorial.py
[2024-11-18T14:54:18.428+0000] {logging_mixin.py:151} INFO - [2024-11-18T14:54:18.428+0000] {dag.py:2941} INFO - Sync 1 DAGs
[2024-11-18T14:54:18.462+0000] {logging_mixin.py:151} INFO - [2024-11-18T14:54:18.461+0000] {dag.py:3722} INFO - Setting next_dagrun for tutorial to 2024-11-17T14:54:18.461640+00:00, run_after=2024-11-18T14:54:18.461640+00:00
[2024-11-18T14:54:18.490+0000] {processor.py:179} INFO - Processing /home/airflow/.local/lib/python3.8/site-packages/airflow/example_dags/tutorial.py took 0.109 seconds
[2024-11-18T14:54:51.734+0000] {processor.py:157} INFO - Started process (PID=2247) to work on /home/airflow/.local/lib/python3.8/site-packages/airflow/example_dags/tutorial.py
[2024-11-18T14:54:51.736+0000] {processor.py:829} INFO - Processing file /home/airflow/.local/lib/python3.8/site-packages/airflow/example_dags/tutorial.py for tasks to queue
[2024-11-18T14:54:51.739+0000] {logging_mixin.py:151} INFO - [2024-11-18T14:54:51.738+0000] {dagbag.py:536} INFO - Filling up the DagBag from /home/airflow/.local/lib/python3.8/site-packages/airflow/example_dags/tutorial.py
[2024-11-18T14:54:51.747+0000] {processor.py:839} INFO - DAG(s) dict_keys(['tutorial']) retrieved from /home/airflow/.local/lib/python3.8/site-packages/airflow/example_dags/tutorial.py
[2024-11-18T14:54:51.776+0000] {logging_mixin.py:151} INFO - [2024-11-18T14:54:51.776+0000] {dag.py:2941} INFO - Sync 1 DAGs
[2024-11-18T14:54:51.810+0000] {logging_mixin.py:151} INFO - [2024-11-18T14:54:51.809+0000] {dag.py:3722} INFO - Setting next_dagrun for tutorial to 2024-11-17T14:54:51.809652+00:00, run_after=2024-11-18T14:54:51.809652+00:00
[2024-11-18T14:54:51.837+0000] {processor.py:179} INFO - Processing /home/airflow/.local/lib/python3.8/site-packages/airflow/example_dags/tutorial.py took 0.108 seconds
[2024-11-18T14:55:25.075+0000] {processor.py:157} INFO - Started process (PID=2302) to work on /home/airflow/.local/lib/python3.8/site-packages/airflow/example_dags/tutorial.py
[2024-11-18T14:55:25.076+0000] {processor.py:829} INFO - Processing file /home/airflow/.local/lib/python3.8/site-packages/airflow/example_dags/tutorial.py for tasks to queue
[2024-11-18T14:55:25.080+0000] {logging_mixin.py:151} INFO - [2024-11-18T14:55:25.079+0000] {dagbag.py:536} INFO - Filling up the DagBag from /home/airflow/.local/lib/python3.8/site-packages/airflow/example_dags/tutorial.py
[2024-11-18T14:55:25.088+0000] {processor.py:839} INFO - DAG(s) dict_keys(['tutorial']) retrieved from /home/airflow/.local/lib/python3.8/site-packages/airflow/example_dags/tutorial.py
[2024-11-18T14:55:25.119+0000] {logging_mixin.py:151} INFO - [2024-11-18T14:55:25.118+0000] {dag.py:2941} INFO - Sync 1 DAGs
[2024-11-18T14:55:25.152+0000] {logging_mixin.py:151} INFO - [2024-11-18T14:55:25.152+0000] {dag.py:3722} INFO - Setting next_dagrun for tutorial to 2024-11-17T14:55:25.151917+00:00, run_after=2024-11-18T14:55:25.151917+00:00
[2024-11-18T14:55:25.180+0000] {processor.py:179} INFO - Processing /home/airflow/.local/lib/python3.8/site-packages/airflow/example_dags/tutorial.py took 0.111 seconds
[2024-11-18T14:55:58.951+0000] {processor.py:157} INFO - Started process (PID=2357) to work on /home/airflow/.local/lib/python3.8/site-packages/airflow/example_dags/tutorial.py
[2024-11-18T14:55:58.953+0000] {processor.py:829} INFO - Processing file /home/airflow/.local/lib/python3.8/site-packages/airflow/example_dags/tutorial.py for tasks to queue
[2024-11-18T14:55:58.957+0000] {logging_mixin.py:151} INFO - [2024-11-18T14:55:58.956+0000] {dagbag.py:536} INFO - Filling up the DagBag from /home/airflow/.local/lib/python3.8/site-packages/airflow/example_dags/tutorial.py
[2024-11-18T14:55:58.966+0000] {processor.py:839} INFO - DAG(s) dict_keys(['tutorial']) retrieved from /home/airflow/.local/lib/python3.8/site-packages/airflow/example_dags/tutorial.py
[2024-11-18T14:55:58.998+0000] {logging_mixin.py:151} INFO - [2024-11-18T14:55:58.998+0000] {dag.py:2941} INFO - Sync 1 DAGs
[2024-11-18T14:55:59.037+0000] {logging_mixin.py:151} INFO - [2024-11-18T14:55:59.036+0000] {dag.py:3722} INFO - Setting next_dagrun for tutorial to 2024-11-17T14:55:59.036397+00:00, run_after=2024-11-18T14:55:59.036397+00:00
[2024-11-18T14:55:59.065+0000] {processor.py:179} INFO - Processing /home/airflow/.local/lib/python3.8/site-packages/airflow/example_dags/tutorial.py took 0.119 seconds
[2024-11-18T14:56:31.438+0000] {processor.py:157} INFO - Started process (PID=2412) to work on /home/airflow/.local/lib/python3.8/site-packages/airflow/example_dags/tutorial.py
[2024-11-18T14:56:31.440+0000] {processor.py:829} INFO - Processing file /home/airflow/.local/lib/python3.8/site-packages/airflow/example_dags/tutorial.py for tasks to queue
[2024-11-18T14:56:31.444+0000] {logging_mixin.py:151} INFO - [2024-11-18T14:56:31.443+0000] {dagbag.py:536} INFO - Filling up the DagBag from /home/airflow/.local/lib/python3.8/site-packages/airflow/example_dags/tutorial.py
[2024-11-18T14:56:31.452+0000] {processor.py:839} INFO - DAG(s) dict_keys(['tutorial']) retrieved from /home/airflow/.local/lib/python3.8/site-packages/airflow/example_dags/tutorial.py
[2024-11-18T14:56:31.481+0000] {logging_mixin.py:151} INFO - [2024-11-18T14:56:31.481+0000] {dag.py:2941} INFO - Sync 1 DAGs
[2024-11-18T14:56:31.517+0000] {logging_mixin.py:151} INFO - [2024-11-18T14:56:31.517+0000] {dag.py:3722} INFO - Setting next_dagrun for tutorial to 2024-11-17T14:56:31.516765+00:00, run_after=2024-11-18T14:56:31.516765+00:00
[2024-11-18T14:56:31.545+0000] {processor.py:179} INFO - Processing /home/airflow/.local/lib/python3.8/site-packages/airflow/example_dags/tutorial.py took 0.112 seconds
[2024-11-18T14:57:05.164+0000] {processor.py:157} INFO - Started process (PID=2467) to work on /home/airflow/.local/lib/python3.8/site-packages/airflow/example_dags/tutorial.py
[2024-11-18T14:57:05.165+0000] {processor.py:829} INFO - Processing file /home/airflow/.local/lib/python3.8/site-packages/airflow/example_dags/tutorial.py for tasks to queue
[2024-11-18T14:57:05.168+0000] {logging_mixin.py:151} INFO - [2024-11-18T14:57:05.168+0000] {dagbag.py:536} INFO - Filling up the DagBag from /home/airflow/.local/lib/python3.8/site-packages/airflow/example_dags/tutorial.py
[2024-11-18T14:57:05.176+0000] {processor.py:839} INFO - DAG(s) dict_keys(['tutorial']) retrieved from /home/airflow/.local/lib/python3.8/site-packages/airflow/example_dags/tutorial.py
[2024-11-18T14:57:05.206+0000] {logging_mixin.py:151} INFO - [2024-11-18T14:57:05.205+0000] {dag.py:2941} INFO - Sync 1 DAGs
[2024-11-18T14:57:05.238+0000] {logging_mixin.py:151} INFO - [2024-11-18T14:57:05.237+0000] {dag.py:3722} INFO - Setting next_dagrun for tutorial to 2024-11-17T14:57:05.237577+00:00, run_after=2024-11-18T14:57:05.237577+00:00
[2024-11-18T14:57:05.265+0000] {processor.py:179} INFO - Processing /home/airflow/.local/lib/python3.8/site-packages/airflow/example_dags/tutorial.py took 0.106 seconds
[2024-11-18T14:57:38.325+0000] {processor.py:157} INFO - Started process (PID=2522) to work on /home/airflow/.local/lib/python3.8/site-packages/airflow/example_dags/tutorial.py
[2024-11-18T14:57:38.327+0000] {processor.py:829} INFO - Processing file /home/airflow/.local/lib/python3.8/site-packages/airflow/example_dags/tutorial.py for tasks to queue
[2024-11-18T14:57:38.331+0000] {logging_mixin.py:151} INFO - [2024-11-18T14:57:38.330+0000] {dagbag.py:536} INFO - Filling up the DagBag from /home/airflow/.local/lib/python3.8/site-packages/airflow/example_dags/tutorial.py
[2024-11-18T14:57:38.340+0000] {processor.py:839} INFO - DAG(s) dict_keys(['tutorial']) retrieved from /home/airflow/.local/lib/python3.8/site-packages/airflow/example_dags/tutorial.py
[2024-11-18T14:57:38.372+0000] {logging_mixin.py:151} INFO - [2024-11-18T14:57:38.372+0000] {dag.py:2941} INFO - Sync 1 DAGs
[2024-11-18T14:57:38.412+0000] {logging_mixin.py:151} INFO - [2024-11-18T14:57:38.412+0000] {dag.py:3722} INFO - Setting next_dagrun for tutorial to 2024-11-17T14:57:38.411480+00:00, run_after=2024-11-18T14:57:38.411480+00:00
[2024-11-18T14:57:38.443+0000] {processor.py:179} INFO - Processing /home/airflow/.local/lib/python3.8/site-packages/airflow/example_dags/tutorial.py took 0.123 seconds
[2024-11-18T14:58:11.859+0000] {processor.py:157} INFO - Started process (PID=2577) to work on /home/airflow/.local/lib/python3.8/site-packages/airflow/example_dags/tutorial.py
[2024-11-18T14:58:11.861+0000] {processor.py:829} INFO - Processing file /home/airflow/.local/lib/python3.8/site-packages/airflow/example_dags/tutorial.py for tasks to queue
[2024-11-18T14:58:11.865+0000] {logging_mixin.py:151} INFO - [2024-11-18T14:58:11.864+0000] {dagbag.py:536} INFO - Filling up the DagBag from /home/airflow/.local/lib/python3.8/site-packages/airflow/example_dags/tutorial.py
[2024-11-18T14:58:11.874+0000] {processor.py:839} INFO - DAG(s) dict_keys(['tutorial']) retrieved from /home/airflow/.local/lib/python3.8/site-packages/airflow/example_dags/tutorial.py
[2024-11-18T14:58:11.903+0000] {logging_mixin.py:151} INFO - [2024-11-18T14:58:11.903+0000] {dag.py:2941} INFO - Sync 1 DAGs
[2024-11-18T14:58:11.939+0000] {logging_mixin.py:151} INFO - [2024-11-18T14:58:11.938+0000] {dag.py:3722} INFO - Setting next_dagrun for tutorial to 2024-11-17T14:58:11.938415+00:00, run_after=2024-11-18T14:58:11.938415+00:00
[2024-11-18T14:58:11.974+0000] {processor.py:179} INFO - Processing /home/airflow/.local/lib/python3.8/site-packages/airflow/example_dags/tutorial.py took 0.120 seconds
